<?xml version="1.0" encoding="UTF-8"?>
<testsuite name="KarateRunnerTest" tests="1" skipped="0" failures="0" errors="0" timestamp="2021-02-05T10:33:38" hostname="DESKTOP-HH1902V" time="15.549">
  <properties/>
  <testcase name="testRunAll()" classname="KarateRunnerTest" time="15.549"/>
  <system-out><![CDATA[16:03:39.593 [Test worker] INFO com.intuit.karate.Runner - waiting for parallel features to complete ...
16:03:39.687 [ForkJoinPool-1-worker-0] INFO com.intuit.karate - From karate-config file 
16:03:39.687 [ForkJoinPool-1-worker-1] INFO com.intuit.karate - From karate-config file 
16:03:39.796 [ForkJoinPool-1-worker-0] DEBUG com.jayway.jsonpath.internal.path.CompiledPath - Evaluating path: $
16:03:39.796 [ForkJoinPool-1-worker-1] DEBUG com.jayway.jsonpath.internal.path.CompiledPath - Evaluating path: $
16:03:40.062 [ForkJoinPool-1-worker-1] DEBUG org.apache.http.client.protocol.RequestAddCookies - CookieSpec selected: karate
16:03:40.062 [ForkJoinPool-1-worker-0] DEBUG org.apache.http.client.protocol.RequestAddCookies - CookieSpec selected: karate
16:03:40.078 [ForkJoinPool-1-worker-1] DEBUG org.apache.http.client.protocol.RequestAuthCache - Auth cache not set in the context
16:03:40.078 [ForkJoinPool-1-worker-0] DEBUG org.apache.http.client.protocol.RequestAuthCache - Auth cache not set in the context
16:03:40.078 [ForkJoinPool-1-worker-0] DEBUG com.intuit.karate - request:
1 > POST https://www.w3schools.com/xml/tempconvert.asmx/CelsiusToFahrenheit
1 > Accept-Encoding: gzip,deflate
1 > Connection: Keep-Alive
1 > Content-Length: 10
1 > Content-Type: application/x-www-form-urlencoded; charset=UTF-8
1 > Host: www.w3schools.com
1 > User-Agent: Apache-HttpClient/4.5.12 (Java/1.8.0_251)
Celsius=40

16:03:40.078 [ForkJoinPool-1-worker-1] DEBUG com.intuit.karate - request:
1 > POST https://www.w3schools.com/xml/tempconvert.asmx/CelsiusToFahrenheit
1 > Accept-Encoding: gzip,deflate
1 > Connection: Keep-Alive
1 > Content-Length: 10
1 > Content-Type: application/x-www-form-urlencoded; charset=UTF-8
1 > Host: www.w3schools.com
1 > User-Agent: Apache-HttpClient/4.5.12 (Java/1.8.0_251)
Celsius=40

16:03:40.078 [ForkJoinPool-1-worker-0] DEBUG org.apache.http.impl.conn.PoolingHttpClientConnectionManager - Connection request: [route: {s}->https://www.w3schools.com:443][total available: 0; route allocated: 0 of 5; total allocated: 0 of 10]
16:03:40.078 [ForkJoinPool-1-worker-1] DEBUG org.apache.http.impl.conn.PoolingHttpClientConnectionManager - Connection request: [route: {s}->https://www.w3schools.com:443][total available: 0; route allocated: 0 of 5; total allocated: 0 of 10]
16:03:40.093 [ForkJoinPool-1-worker-1] DEBUG org.apache.http.impl.conn.PoolingHttpClientConnectionManager - Connection leased: [id: 0][route: {s}->https://www.w3schools.com:443][total available: 0; route allocated: 1 of 5; total allocated: 1 of 10]
16:03:40.093 [ForkJoinPool-1-worker-0] DEBUG org.apache.http.impl.conn.PoolingHttpClientConnectionManager - Connection leased: [id: 1][route: {s}->https://www.w3schools.com:443][total available: 0; route allocated: 1 of 5; total allocated: 1 of 10]
16:03:40.093 [ForkJoinPool-1-worker-0] DEBUG org.apache.http.impl.execchain.MainClientExec - Opening connection {s}->https://www.w3schools.com:443
16:03:40.093 [ForkJoinPool-1-worker-1] DEBUG org.apache.http.impl.execchain.MainClientExec - Opening connection {s}->https://www.w3schools.com:443
16:03:40.124 [ForkJoinPool-1-worker-0] DEBUG org.apache.http.impl.conn.DefaultHttpClientConnectionOperator - Connecting to www.w3schools.com/192.229.179.87:443
16:03:40.124 [ForkJoinPool-1-worker-1] DEBUG org.apache.http.impl.conn.DefaultHttpClientConnectionOperator - Connecting to www.w3schools.com/192.229.179.87:443
16:03:40.124 [ForkJoinPool-1-worker-1] DEBUG org.apache.http.conn.ssl.SSLConnectionSocketFactory - Connecting socket to www.w3schools.com/192.229.179.87:443 with timeout 5000
16:03:40.124 [ForkJoinPool-1-worker-0] DEBUG org.apache.http.conn.ssl.SSLConnectionSocketFactory - Connecting socket to www.w3schools.com/192.229.179.87:443 with timeout 5000
16:03:40.249 [ForkJoinPool-1-worker-1] DEBUG org.apache.http.conn.ssl.SSLConnectionSocketFactory - Enabled protocols: [TLSv1, TLSv1.1, TLSv1.2]
16:03:40.249 [ForkJoinPool-1-worker-1] DEBUG org.apache.http.conn.ssl.SSLConnectionSocketFactory - Enabled cipher suites:[TLS_ECDHE_ECDSA_WITH_AES_256_CBC_SHA384, TLS_ECDHE_RSA_WITH_AES_256_CBC_SHA384, TLS_RSA_WITH_AES_256_CBC_SHA256, TLS_ECDH_ECDSA_WITH_AES_256_CBC_SHA384, TLS_ECDH_RSA_WITH_AES_256_CBC_SHA384, TLS_DHE_RSA_WITH_AES_256_CBC_SHA256, TLS_DHE_DSS_WITH_AES_256_CBC_SHA256, TLS_ECDHE_ECDSA_WITH_AES_256_CBC_SHA, TLS_ECDHE_RSA_WITH_AES_256_CBC_SHA, TLS_RSA_WITH_AES_256_CBC_SHA, TLS_ECDH_ECDSA_WITH_AES_256_CBC_SHA, TLS_ECDH_RSA_WITH_AES_256_CBC_SHA, TLS_DHE_RSA_WITH_AES_256_CBC_SHA, TLS_DHE_DSS_WITH_AES_256_CBC_SHA, TLS_ECDHE_ECDSA_WITH_AES_128_CBC_SHA256, TLS_ECDHE_RSA_WITH_AES_128_CBC_SHA256, TLS_RSA_WITH_AES_128_CBC_SHA256, TLS_ECDH_ECDSA_WITH_AES_128_CBC_SHA256, TLS_ECDH_RSA_WITH_AES_128_CBC_SHA256, TLS_DHE_RSA_WITH_AES_128_CBC_SHA256, TLS_DHE_DSS_WITH_AES_128_CBC_SHA256, TLS_ECDHE_ECDSA_WITH_AES_128_CBC_SHA, TLS_ECDHE_RSA_WITH_AES_128_CBC_SHA, TLS_RSA_WITH_AES_128_CBC_SHA, TLS_ECDH_ECDSA_WITH_AES_128_CBC_SHA, TLS_ECDH_RSA_WITH_AES_128_CBC_SHA, TLS_DHE_RSA_WITH_AES_128_CBC_SHA, TLS_DHE_DSS_WITH_AES_128_CBC_SHA, TLS_ECDHE_ECDSA_WITH_AES_256_GCM_SHA384, TLS_ECDHE_ECDSA_WITH_AES_128_GCM_SHA256, TLS_ECDHE_RSA_WITH_AES_256_GCM_SHA384, TLS_RSA_WITH_AES_256_GCM_SHA384, TLS_ECDH_ECDSA_WITH_AES_256_GCM_SHA384, TLS_ECDH_RSA_WITH_AES_256_GCM_SHA384, TLS_DHE_RSA_WITH_AES_256_GCM_SHA384, TLS_DHE_DSS_WITH_AES_256_GCM_SHA384, TLS_ECDHE_RSA_WITH_AES_128_GCM_SHA256, TLS_RSA_WITH_AES_128_GCM_SHA256, TLS_ECDH_ECDSA_WITH_AES_128_GCM_SHA256, TLS_ECDH_RSA_WITH_AES_128_GCM_SHA256, TLS_DHE_RSA_WITH_AES_128_GCM_SHA256, TLS_DHE_DSS_WITH_AES_128_GCM_SHA256, TLS_EMPTY_RENEGOTIATION_INFO_SCSV]
16:03:40.249 [ForkJoinPool-1-worker-1] DEBUG org.apache.http.conn.ssl.SSLConnectionSocketFactory - Starting handshake
16:03:40.249 [ForkJoinPool-1-worker-0] DEBUG org.apache.http.conn.ssl.SSLConnectionSocketFactory - Enabled protocols: [TLSv1, TLSv1.1, TLSv1.2]
16:03:40.249 [ForkJoinPool-1-worker-0] DEBUG org.apache.http.conn.ssl.SSLConnectionSocketFactory - Enabled cipher suites:[TLS_ECDHE_ECDSA_WITH_AES_256_CBC_SHA384, TLS_ECDHE_RSA_WITH_AES_256_CBC_SHA384, TLS_RSA_WITH_AES_256_CBC_SHA256, TLS_ECDH_ECDSA_WITH_AES_256_CBC_SHA384, TLS_ECDH_RSA_WITH_AES_256_CBC_SHA384, TLS_DHE_RSA_WITH_AES_256_CBC_SHA256, TLS_DHE_DSS_WITH_AES_256_CBC_SHA256, TLS_ECDHE_ECDSA_WITH_AES_256_CBC_SHA, TLS_ECDHE_RSA_WITH_AES_256_CBC_SHA, TLS_RSA_WITH_AES_256_CBC_SHA, TLS_ECDH_ECDSA_WITH_AES_256_CBC_SHA, TLS_ECDH_RSA_WITH_AES_256_CBC_SHA, TLS_DHE_RSA_WITH_AES_256_CBC_SHA, TLS_DHE_DSS_WITH_AES_256_CBC_SHA, TLS_ECDHE_ECDSA_WITH_AES_128_CBC_SHA256, TLS_ECDHE_RSA_WITH_AES_128_CBC_SHA256, TLS_RSA_WITH_AES_128_CBC_SHA256, TLS_ECDH_ECDSA_WITH_AES_128_CBC_SHA256, TLS_ECDH_RSA_WITH_AES_128_CBC_SHA256, TLS_DHE_RSA_WITH_AES_128_CBC_SHA256, TLS_DHE_DSS_WITH_AES_128_CBC_SHA256, TLS_ECDHE_ECDSA_WITH_AES_128_CBC_SHA, TLS_ECDHE_RSA_WITH_AES_128_CBC_SHA, TLS_RSA_WITH_AES_128_CBC_SHA, TLS_ECDH_ECDSA_WITH_AES_128_CBC_SHA, TLS_ECDH_RSA_WITH_AES_128_CBC_SHA, TLS_DHE_RSA_WITH_AES_128_CBC_SHA, TLS_DHE_DSS_WITH_AES_128_CBC_SHA, TLS_ECDHE_ECDSA_WITH_AES_256_GCM_SHA384, TLS_ECDHE_ECDSA_WITH_AES_128_GCM_SHA256, TLS_ECDHE_RSA_WITH_AES_256_GCM_SHA384, TLS_RSA_WITH_AES_256_GCM_SHA384, TLS_ECDH_ECDSA_WITH_AES_256_GCM_SHA384, TLS_ECDH_RSA_WITH_AES_256_GCM_SHA384, TLS_DHE_RSA_WITH_AES_256_GCM_SHA384, TLS_DHE_DSS_WITH_AES_256_GCM_SHA384, TLS_ECDHE_RSA_WITH_AES_128_GCM_SHA256, TLS_RSA_WITH_AES_128_GCM_SHA256, TLS_ECDH_ECDSA_WITH_AES_128_GCM_SHA256, TLS_ECDH_RSA_WITH_AES_128_GCM_SHA256, TLS_DHE_RSA_WITH_AES_128_GCM_SHA256, TLS_DHE_DSS_WITH_AES_128_GCM_SHA256, TLS_EMPTY_RENEGOTIATION_INFO_SCSV]
16:03:40.249 [ForkJoinPool-1-worker-0] DEBUG org.apache.http.conn.ssl.SSLConnectionSocketFactory - Starting handshake
16:03:40.390 [ForkJoinPool-1-worker-1] DEBUG org.apache.http.conn.ssl.SSLConnectionSocketFactory - Secure session established
16:03:40.390 [ForkJoinPool-1-worker-1] DEBUG org.apache.http.conn.ssl.SSLConnectionSocketFactory -  negotiated protocol: TLSv1.2
16:03:40.390 [ForkJoinPool-1-worker-1] DEBUG org.apache.http.conn.ssl.SSLConnectionSocketFactory -  negotiated cipher suite: TLS_ECDHE_RSA_WITH_AES_128_GCM_SHA256
16:03:40.390 [ForkJoinPool-1-worker-1] DEBUG org.apache.http.conn.ssl.SSLConnectionSocketFactory -  peer principal: CN=*.w3schools.com, OU=IT, O="Verizon Digital Media Services, Inc.", L=Los Angeles, ST=California, C=US
16:03:40.390 [ForkJoinPool-1-worker-1] DEBUG org.apache.http.conn.ssl.SSLConnectionSocketFactory -  peer alternative names: [*.w3schools.com, w3schools.com]
16:03:40.390 [ForkJoinPool-1-worker-0] DEBUG org.apache.http.conn.ssl.SSLConnectionSocketFactory - Secure session established
16:03:40.390 [ForkJoinPool-1-worker-1] DEBUG org.apache.http.conn.ssl.SSLConnectionSocketFactory -  issuer principal: CN=DigiCert SHA2 Secure Server CA, O=DigiCert Inc, C=US
16:03:40.390 [ForkJoinPool-1-worker-0] DEBUG org.apache.http.conn.ssl.SSLConnectionSocketFactory -  negotiated protocol: TLSv1.2
16:03:40.390 [ForkJoinPool-1-worker-0] DEBUG org.apache.http.conn.ssl.SSLConnectionSocketFactory -  negotiated cipher suite: TLS_ECDHE_RSA_WITH_AES_128_GCM_SHA256
16:03:40.390 [ForkJoinPool-1-worker-0] DEBUG org.apache.http.conn.ssl.SSLConnectionSocketFactory -  peer principal: CN=*.w3schools.com, OU=IT, O="Verizon Digital Media Services, Inc.", L=Los Angeles, ST=California, C=US
16:03:40.390 [ForkJoinPool-1-worker-0] DEBUG org.apache.http.conn.ssl.SSLConnectionSocketFactory -  peer alternative names: [*.w3schools.com, w3schools.com]
16:03:40.390 [ForkJoinPool-1-worker-0] DEBUG org.apache.http.conn.ssl.SSLConnectionSocketFactory -  issuer principal: CN=DigiCert SHA2 Secure Server CA, O=DigiCert Inc, C=US
16:03:40.390 [ForkJoinPool-1-worker-0] DEBUG org.apache.http.impl.conn.DefaultHttpClientConnectionOperator - Connection established 192.168.1.53:62823<->192.229.179.87:443
16:03:40.390 [ForkJoinPool-1-worker-1] DEBUG org.apache.http.impl.conn.DefaultHttpClientConnectionOperator - Connection established 192.168.1.53:62822<->192.229.179.87:443
16:03:40.390 [ForkJoinPool-1-worker-0] DEBUG org.apache.http.impl.conn.DefaultManagedHttpClientConnection - http-outgoing-0: set socket timeout to 5000
16:03:40.390 [ForkJoinPool-1-worker-1] DEBUG org.apache.http.impl.conn.DefaultManagedHttpClientConnection - http-outgoing-1: set socket timeout to 5000
16:03:40.390 [ForkJoinPool-1-worker-0] DEBUG org.apache.http.impl.execchain.MainClientExec - Executing request POST /xml/tempconvert.asmx/CelsiusToFahrenheit HTTP/1.1
16:03:40.390 [ForkJoinPool-1-worker-0] DEBUG org.apache.http.impl.execchain.MainClientExec - Target auth state: UNCHALLENGED
16:03:40.390 [ForkJoinPool-1-worker-1] DEBUG org.apache.http.impl.execchain.MainClientExec - Executing request POST /xml/tempconvert.asmx/CelsiusToFahrenheit HTTP/1.1
16:03:40.390 [ForkJoinPool-1-worker-1] DEBUG org.apache.http.impl.execchain.MainClientExec - Target auth state: UNCHALLENGED
16:03:40.390 [ForkJoinPool-1-worker-0] DEBUG org.apache.http.impl.execchain.MainClientExec - Proxy auth state: UNCHALLENGED
16:03:40.390 [ForkJoinPool-1-worker-1] DEBUG org.apache.http.impl.execchain.MainClientExec - Proxy auth state: UNCHALLENGED
16:03:40.406 [ForkJoinPool-1-worker-1] DEBUG org.apache.http.headers - http-outgoing-1 >> POST /xml/tempconvert.asmx/CelsiusToFahrenheit HTTP/1.1
16:03:40.406 [ForkJoinPool-1-worker-0] DEBUG org.apache.http.headers - http-outgoing-0 >> POST /xml/tempconvert.asmx/CelsiusToFahrenheit HTTP/1.1
16:03:40.406 [ForkJoinPool-1-worker-1] DEBUG org.apache.http.headers - http-outgoing-1 >> Content-Type: application/x-www-form-urlencoded; charset=UTF-8
16:03:40.406 [ForkJoinPool-1-worker-0] DEBUG org.apache.http.headers - http-outgoing-0 >> Content-Type: application/x-www-form-urlencoded; charset=UTF-8
16:03:40.406 [ForkJoinPool-1-worker-0] DEBUG org.apache.http.headers - http-outgoing-0 >> Content-Length: 10
16:03:40.406 [ForkJoinPool-1-worker-0] DEBUG org.apache.http.headers - http-outgoing-0 >> Host: www.w3schools.com
16:03:40.406 [ForkJoinPool-1-worker-0] DEBUG org.apache.http.headers - http-outgoing-0 >> Connection: Keep-Alive
16:03:40.406 [ForkJoinPool-1-worker-0] DEBUG org.apache.http.headers - http-outgoing-0 >> User-Agent: Apache-HttpClient/4.5.12 (Java/1.8.0_251)
16:03:40.406 [ForkJoinPool-1-worker-1] DEBUG org.apache.http.headers - http-outgoing-1 >> Content-Length: 10
16:03:40.406 [ForkJoinPool-1-worker-0] DEBUG org.apache.http.headers - http-outgoing-0 >> Accept-Encoding: gzip,deflate
16:03:40.406 [ForkJoinPool-1-worker-1] DEBUG org.apache.http.headers - http-outgoing-1 >> Host: www.w3schools.com
16:03:40.406 [ForkJoinPool-1-worker-1] DEBUG org.apache.http.headers - http-outgoing-1 >> Connection: Keep-Alive
16:03:40.406 [ForkJoinPool-1-worker-1] DEBUG org.apache.http.headers - http-outgoing-1 >> User-Agent: Apache-HttpClient/4.5.12 (Java/1.8.0_251)
16:03:40.406 [ForkJoinPool-1-worker-1] DEBUG org.apache.http.headers - http-outgoing-1 >> Accept-Encoding: gzip,deflate
16:03:40.406 [ForkJoinPool-1-worker-0] DEBUG org.apache.http.wire - http-outgoing-0 >> "POST /xml/tempconvert.asmx/CelsiusToFahrenheit HTTP/1.1[\r][\n]"
16:03:40.406 [ForkJoinPool-1-worker-1] DEBUG org.apache.http.wire - http-outgoing-1 >> "POST /xml/tempconvert.asmx/CelsiusToFahrenheit HTTP/1.1[\r][\n]"
16:03:40.406 [ForkJoinPool-1-worker-0] DEBUG org.apache.http.wire - http-outgoing-0 >> "Content-Type: application/x-www-form-urlencoded; charset=UTF-8[\r][\n]"
16:03:40.406 [ForkJoinPool-1-worker-0] DEBUG org.apache.http.wire - http-outgoing-0 >> "Content-Length: 10[\r][\n]"
16:03:40.406 [ForkJoinPool-1-worker-0] DEBUG org.apache.http.wire - http-outgoing-0 >> "Host: www.w3schools.com[\r][\n]"
16:03:40.406 [ForkJoinPool-1-worker-0] DEBUG org.apache.http.wire - http-outgoing-0 >> "Connection: Keep-Alive[\r][\n]"
16:03:40.406 [ForkJoinPool-1-worker-0] DEBUG org.apache.http.wire - http-outgoing-0 >> "User-Agent: Apache-HttpClient/4.5.12 (Java/1.8.0_251)[\r][\n]"
16:03:40.406 [ForkJoinPool-1-worker-0] DEBUG org.apache.http.wire - http-outgoing-0 >> "Accept-Encoding: gzip,deflate[\r][\n]"
16:03:40.406 [ForkJoinPool-1-worker-0] DEBUG org.apache.http.wire - http-outgoing-0 >> "[\r][\n]"
16:03:40.406 [ForkJoinPool-1-worker-0] DEBUG org.apache.http.wire - http-outgoing-0 >> "Celsius=40"
16:03:40.406 [ForkJoinPool-1-worker-1] DEBUG org.apache.http.wire - http-outgoing-1 >> "Content-Type: application/x-www-form-urlencoded; charset=UTF-8[\r][\n]"
16:03:40.406 [ForkJoinPool-1-worker-1] DEBUG org.apache.http.wire - http-outgoing-1 >> "Content-Length: 10[\r][\n]"
16:03:40.406 [ForkJoinPool-1-worker-1] DEBUG org.apache.http.wire - http-outgoing-1 >> "Host: www.w3schools.com[\r][\n]"
16:03:40.406 [ForkJoinPool-1-worker-1] DEBUG org.apache.http.wire - http-outgoing-1 >> "Connection: Keep-Alive[\r][\n]"
16:03:40.406 [ForkJoinPool-1-worker-1] DEBUG org.apache.http.wire - http-outgoing-1 >> "User-Agent: Apache-HttpClient/4.5.12 (Java/1.8.0_251)[\r][\n]"
16:03:40.406 [ForkJoinPool-1-worker-1] DEBUG org.apache.http.wire - http-outgoing-1 >> "Accept-Encoding: gzip,deflate[\r][\n]"
16:03:40.406 [ForkJoinPool-1-worker-1] DEBUG org.apache.http.wire - http-outgoing-1 >> "[\r][\n]"
16:03:40.406 [ForkJoinPool-1-worker-1] DEBUG org.apache.http.wire - http-outgoing-1 >> "Celsius=40"
16:03:40.641 [ForkJoinPool-1-worker-1] DEBUG org.apache.http.wire - http-outgoing-1 << "HTTP/1.1 200 OK[\r][\n]"
16:03:40.641 [ForkJoinPool-1-worker-1] DEBUG org.apache.http.wire - http-outgoing-1 << "Content-Encoding: gzip[\r][\n]"
16:03:40.641 [ForkJoinPool-1-worker-1] DEBUG org.apache.http.wire - http-outgoing-1 << "Cache-Control: private, max-age=0,public[\r][\n]"
16:03:40.641 [ForkJoinPool-1-worker-1] DEBUG org.apache.http.wire - http-outgoing-1 << "Content-Type: text/xml; charset=utf-8[\r][\n]"
16:03:40.656 [ForkJoinPool-1-worker-0] DEBUG org.apache.http.wire - http-outgoing-0 << "HTTP/1.1 200 OK[\r][\n]"
16:03:40.656 [ForkJoinPool-1-worker-0] DEBUG org.apache.http.wire - http-outgoing-0 << "Content-Encoding: gzip[\r][\n]"
16:03:40.656 [ForkJoinPool-1-worker-0] DEBUG org.apache.http.wire - http-outgoing-0 << "Cache-Control: private, max-age=0,public[\r][\n]"
16:03:40.656 [ForkJoinPool-1-worker-0] DEBUG org.apache.http.wire - http-outgoing-0 << "Content-Type: text/xml; charset=utf-8[\r][\n]"
16:03:40.656 [ForkJoinPool-1-worker-0] DEBUG org.apache.http.wire - http-outgoing-0 << "Date: Fri, 05 Feb 2021 10:25:29 GMT[\r][\n]"
16:03:40.656 [ForkJoinPool-1-worker-0] DEBUG org.apache.http.wire - http-outgoing-0 << "Server: Microsoft-IIS/7.5[\r][\n]"
16:03:40.656 [ForkJoinPool-1-worker-0] DEBUG org.apache.http.wire - http-outgoing-0 << "Vary: Accept-Encoding[\r][\n]"
16:03:40.656 [ForkJoinPool-1-worker-0] DEBUG org.apache.http.wire - http-outgoing-0 << "X-AspNet-Version: 4.0.30319[\r][\n]"
16:03:40.656 [ForkJoinPool-1-worker-0] DEBUG org.apache.http.wire - http-outgoing-0 << "X-Frame-Options: SAMEORIGIN[\r][\n]"
16:03:40.656 [ForkJoinPool-1-worker-0] DEBUG org.apache.http.wire - http-outgoing-0 << "X-Powered-By: ASP.NET[\r][\n]"
16:03:40.656 [ForkJoinPool-1-worker-0] DEBUG org.apache.http.wire - http-outgoing-0 << "Content-Length: 207[\r][\n]"
16:03:40.656 [ForkJoinPool-1-worker-0] DEBUG org.apache.http.wire - http-outgoing-0 << "[\r][\n]"
16:03:40.656 [ForkJoinPool-1-worker-1] DEBUG org.apache.http.wire - http-outgoing-1 << "Date: Fri, 05 Feb 2021 10:25:29 GMT[\r][\n]"
16:03:40.656 [ForkJoinPool-1-worker-1] DEBUG org.apache.http.wire - http-outgoing-1 << "Server: Microsoft-IIS/7.5[\r][\n]"
16:03:40.656 [ForkJoinPool-1-worker-1] DEBUG org.apache.http.wire - http-outgoing-1 << "Vary: Accept-Encoding[\r][\n]"
16:03:40.656 [ForkJoinPool-1-worker-1] DEBUG org.apache.http.wire - http-outgoing-1 << "X-AspNet-Version: 4.0.30319[\r][\n]"
16:03:40.656 [ForkJoinPool-1-worker-1] DEBUG org.apache.http.wire - http-outgoing-1 << "X-Frame-Options: SAMEORIGIN[\r][\n]"
16:03:40.656 [ForkJoinPool-1-worker-1] DEBUG org.apache.http.wire - http-outgoing-1 << "X-Powered-By: ASP.NET[\r][\n]"
16:03:40.656 [ForkJoinPool-1-worker-1] DEBUG org.apache.http.wire - http-outgoing-1 << "Content-Length: 207[\r][\n]"
16:03:40.656 [ForkJoinPool-1-worker-1] DEBUG org.apache.http.wire - http-outgoing-1 << "[\r][\n]"
16:03:40.656 [ForkJoinPool-1-worker-1] DEBUG org.apache.http.headers - http-outgoing-1 << HTTP/1.1 200 OK
16:03:40.656 [ForkJoinPool-1-worker-0] DEBUG org.apache.http.headers - http-outgoing-0 << HTTP/1.1 200 OK
16:03:40.656 [ForkJoinPool-1-worker-1] DEBUG org.apache.http.headers - http-outgoing-1 << Content-Encoding: gzip
16:03:40.656 [ForkJoinPool-1-worker-0] DEBUG org.apache.http.headers - http-outgoing-0 << Content-Encoding: gzip
16:03:40.656 [ForkJoinPool-1-worker-1] DEBUG org.apache.http.headers - http-outgoing-1 << Cache-Control: private, max-age=0,public
16:03:40.656 [ForkJoinPool-1-worker-0] DEBUG org.apache.http.headers - http-outgoing-0 << Cache-Control: private, max-age=0,public
16:03:40.656 [ForkJoinPool-1-worker-1] DEBUG org.apache.http.headers - http-outgoing-1 << Content-Type: text/xml; charset=utf-8
16:03:40.656 [ForkJoinPool-1-worker-0] DEBUG org.apache.http.headers - http-outgoing-0 << Content-Type: text/xml; charset=utf-8
16:03:40.656 [ForkJoinPool-1-worker-1] DEBUG org.apache.http.headers - http-outgoing-1 << Date: Fri, 05 Feb 2021 10:25:29 GMT
16:03:40.656 [ForkJoinPool-1-worker-0] DEBUG org.apache.http.headers - http-outgoing-0 << Date: Fri, 05 Feb 2021 10:25:29 GMT
16:03:40.656 [ForkJoinPool-1-worker-1] DEBUG org.apache.http.headers - http-outgoing-1 << Server: Microsoft-IIS/7.5
16:03:40.656 [ForkJoinPool-1-worker-0] DEBUG org.apache.http.headers - http-outgoing-0 << Server: Microsoft-IIS/7.5
16:03:40.656 [ForkJoinPool-1-worker-0] DEBUG org.apache.http.headers - http-outgoing-0 << Vary: Accept-Encoding
16:03:40.656 [ForkJoinPool-1-worker-1] DEBUG org.apache.http.headers - http-outgoing-1 << Vary: Accept-Encoding
16:03:40.656 [ForkJoinPool-1-worker-1] DEBUG org.apache.http.headers - http-outgoing-1 << X-AspNet-Version: 4.0.30319
16:03:40.656 [ForkJoinPool-1-worker-1] DEBUG org.apache.http.headers - http-outgoing-1 << X-Frame-Options: SAMEORIGIN
16:03:40.656 [ForkJoinPool-1-worker-0] DEBUG org.apache.http.headers - http-outgoing-0 << X-AspNet-Version: 4.0.30319
16:03:40.656 [ForkJoinPool-1-worker-1] DEBUG org.apache.http.headers - http-outgoing-1 << X-Powered-By: ASP.NET
16:03:40.656 [ForkJoinPool-1-worker-0] DEBUG org.apache.http.headers - http-outgoing-0 << X-Frame-Options: SAMEORIGIN
16:03:40.656 [ForkJoinPool-1-worker-1] DEBUG org.apache.http.headers - http-outgoing-1 << Content-Length: 207
16:03:40.656 [ForkJoinPool-1-worker-0] DEBUG org.apache.http.headers - http-outgoing-0 << X-Powered-By: ASP.NET
16:03:40.656 [ForkJoinPool-1-worker-0] DEBUG org.apache.http.headers - http-outgoing-0 << Content-Length: 207
16:03:40.672 [ForkJoinPool-1-worker-0] DEBUG org.apache.http.impl.execchain.MainClientExec - Connection can be kept alive indefinitely
16:03:40.672 [ForkJoinPool-1-worker-1] DEBUG org.apache.http.impl.execchain.MainClientExec - Connection can be kept alive indefinitely
16:03:40.672 [ForkJoinPool-1-worker-0] DEBUG org.apache.http.wire - http-outgoing-0 << "[0x1f][0x8b][0x8][0x0][0x0][0x0][0x0][0x0][0x4][0x0][0xed][0xbd][0x7]`[0x1c]I[0x96]%&/m[0xca]{]]>&#x7f;<![CDATA[J[0xf5]J[0xd7][0xe0]t[0xa1][0x8][0x80]`[0x13]$[0xd8][0x90]@[0x10][0xec][0xc1][0x88][0xcd][0xe6][0x92][0xec][0x1d]iG#)[0xab]*[0x81][0xca]eVe]f[0x16]@[0xcc][0xed][0x9d][0xbc][0xf7][0xde]{[0xef][0xbd][0xf7][0xde]{[0xef][0xbd][0xf7][0xba];[0x9d]N'[0xf7][0xdf][0xff]?\fd[0x1]l[0xf6][0xce]J[0xda][0xc9][0x9e]![0x80][0xaa][0xc8][0x1f]?~|[0x1f]?"[0x1e][0xff][0x1e][0xef][0x16]ez[0x99][0xd7]MQ-?[0xfb]hw[0xbc][0xf3]Q[0x9a]/[0xa7][0xd5][0xac]X^|[0xf6][0xd1][0xba]=[0xdf]>[0xf8][0xe8][0xf7]8[0xfa][0x8d][0x93][0xc7]M[[0xd3]G)[0xb5]^6[0x9f]}4o[0xdb]U[0xf3][0xe8][0xee][0xdd][0xab][0xab][0xab][0xf1][0xd5][0xbd]f:[0xaf][0xaa][0xb2][0x19]O[0xab][0xc5]]jp[0xf7][0xa3][0xa3][0xdd][0x9d][0xfd][0xc7]w[0xe5][0x95][0xa3][0xff][0x7] [0xa2]\[0x8c]c[0x0][0x0][0x0]"
16:03:40.672 [ForkJoinPool-1-worker-1] DEBUG org.apache.http.wire - http-outgoing-1 << "[0x1f][0x8b][0x8][0x0][0x0][0x0][0x0][0x0][0x4][0x0][0xed][0xbd][0x7]`[0x1c]I[0x96]%&/m[0xca]{]]>&#x7f;<![CDATA[J[0xf5]J[0xd7][0xe0]t[0xa1][0x8][0x80]`[0x13]$[0xd8][0x90]@[0x10][0xec][0xc1][0x88][0xcd][0xe6][0x92][0xec][0x1d]iG#)[0xab]*[0x81][0xca]eVe]f[0x16]@[0xcc][0xed][0x9d][0xbc][0xf7][0xde]{[0xef][0xbd][0xf7][0xde]{[0xef][0xbd][0xf7][0xba];[0x9d]N'[0xf7][0xdf][0xff]?\fd[0x1]l[0xf6][0xce]J[0xda][0xc9][0x9e]![0x80][0xaa][0xc8][0x1f]?~|[0x1f]?"[0x1e][0xff][0x1e][0xef][0x16]ez[0x99][0xd7]MQ-?[0xfb]hw[0xbc][0xf3]Q[0x9a]/[0xa7][0xd5][0xac]X^|[0xf6][0xd1][0xba]=[0xdf]>[0xf8][0xe8][0xf7]8[0xfa][0x8d][0x93][0xc7]M[[0xd3]G)[0xb5]^6[0x9f]}4o[0xdb]U[0xf3][0xe8][0xee][0xdd][0xab][0xab][0xab][0xf1][0xd5][0xbd]f:[0xaf][0xaa][0xb2][0x19]O[0xab][0xc5]]jp[0xf7][0xa3][0xa3][0xdd][0x9d][0xfd][0xc7]w[0xe5][0x95][0xa3][0xff][0x7] [0xa2]\[0x8c]c[0x0][0x0][0x0]"
16:03:40.687 [ForkJoinPool-1-worker-0] DEBUG org.apache.http.impl.conn.PoolingHttpClientConnectionManager - Connection [id: 1][route: {s}->https://www.w3schools.com:443] can be kept alive indefinitely
16:03:40.687 [ForkJoinPool-1-worker-0] DEBUG org.apache.http.impl.conn.DefaultManagedHttpClientConnection - http-outgoing-0: set socket timeout to 0
16:03:40.687 [ForkJoinPool-1-worker-0] DEBUG org.apache.http.impl.conn.PoolingHttpClientConnectionManager - Connection released: [id: 1][route: {s}->https://www.w3schools.com:443][total available: 1; route allocated: 1 of 5; total allocated: 1 of 10]
16:03:40.687 [ForkJoinPool-1-worker-0] DEBUG com.intuit.karate - response time in milliseconds: 600.34
1 < 200
1 < Cache-Control: private, max-age=0,public
1 < Content-Type: text/xml; charset=utf-8
1 < Date: Fri, 05 Feb 2021 10:25:29 GMT
1 < Server: Microsoft-IIS/7.5
1 < Vary: Accept-Encoding
1 < X-AspNet-Version: 4.0.30319
1 < X-Frame-Options: SAMEORIGIN
1 < X-Powered-By: ASP.NET
<?xml version="1.0" encoding="utf-8"?>
<string xmlns="https://www.w3schools.com/xml/">104</string>

16:03:40.687 [ForkJoinPool-1-worker-1] DEBUG org.apache.http.impl.conn.PoolingHttpClientConnectionManager - Connection [id: 0][route: {s}->https://www.w3schools.com:443] can be kept alive indefinitely
16:03:40.687 [ForkJoinPool-1-worker-1] DEBUG org.apache.http.impl.conn.DefaultManagedHttpClientConnection - http-outgoing-1: set socket timeout to 0
16:03:40.687 [ForkJoinPool-1-worker-1] DEBUG org.apache.http.impl.conn.PoolingHttpClientConnectionManager - Connection released: [id: 0][route: {s}->https://www.w3schools.com:443][total available: 1; route allocated: 1 of 5; total allocated: 1 of 10]
16:03:40.687 [ForkJoinPool-1-worker-1] DEBUG com.intuit.karate - response time in milliseconds: 599.18
1 < 200
1 < Cache-Control: private, max-age=0,public
1 < Content-Type: text/xml; charset=utf-8
1 < Date: Fri, 05 Feb 2021 10:25:29 GMT
1 < Server: Microsoft-IIS/7.5
1 < Vary: Accept-Encoding
1 < X-AspNet-Version: 4.0.30319
1 < X-Frame-Options: SAMEORIGIN
1 < X-Powered-By: ASP.NET
<?xml version="1.0" encoding="utf-8"?>
<string xmlns="https://www.w3schools.com/xml/">104</string>

16:03:40.719 [ForkJoinPool-1-worker-1] DEBUG com.jayway.jsonpath.internal.path.CompiledPath - Evaluating path: $
16:03:40.719 [ForkJoinPool-1-worker-0] DEBUG com.jayway.jsonpath.internal.path.CompiledPath - Evaluating path: $
16:03:40.719 [ForkJoinPool-1-worker-1] INFO com.intuit.karate - [print] {
  "Cache-Control": [
    "private, max-age=0,public"
  ],
  "Content-Type": [
    "text/xml; charset=utf-8"
  ],
  "Date": [
    "Fri, 05 Feb 2021 10:25:29 GMT"
  ],
  "Server": [
    "Microsoft-IIS/7.5"
  ],
  "Vary": [
    "Accept-Encoding"
  ],
  "X-AspNet-Version": [
    "4.0.30319"
  ],
  "X-Frame-Options": [
    "SAMEORIGIN"
  ],
  "X-Powered-By": [
    "ASP.NET"
  ]
}

16:03:40.719 [ForkJoinPool-1-worker-0] INFO com.intuit.karate - [print] {
  "Cache-Control": [
    "private, max-age=0,public"
  ],
  "Content-Type": [
    "text/xml; charset=utf-8"
  ],
  "Date": [
    "Fri, 05 Feb 2021 10:25:29 GMT"
  ],
  "Server": [
    "Microsoft-IIS/7.5"
  ],
  "Vary": [
    "Accept-Encoding"
  ],
  "X-AspNet-Version": [
    "4.0.30319"
  ],
  "X-Frame-Options": [
    "SAMEORIGIN"
  ],
  "X-Powered-By": [
    "ASP.NET"
  ]
}

16:03:40.719 [ForkJoinPool-1-worker-1] INFO com.intuit.karate - [print] xml
16:03:40.719 [ForkJoinPool-1-worker-0] INFO com.intuit.karate - [print] xml
16:03:40.719 [ForkJoinPool-1-worker-1] INFO com.intuit.karate - [print] 599
16:03:40.719 [ForkJoinPool-1-worker-0] INFO com.intuit.karate - [print] 600
16:03:40.750 [ForkJoinPool-1-worker-1] INFO com.intuit.karate - [print] <string xmlns="https://www.w3schools.com/xml/">104</string>

16:03:40.750 [ForkJoinPool-1-worker-0] INFO com.intuit.karate - [print] <string xmlns="https://www.w3schools.com/xml/">104</string>

16:03:40.765 [ForkJoinPool-1-worker-0] DEBUG com.jayway.jsonpath.internal.path.CompiledPath - Evaluating path: $
16:03:40.765 [ForkJoinPool-1-worker-1] DEBUG com.jayway.jsonpath.internal.path.CompiledPath - Evaluating path: $
16:03:40.765 [ForkJoinPool-1-worker-0] DEBUG com.jayway.jsonpath.internal.path.CompiledPath - Evaluating path: $["X-Powered-By"]
16:03:40.765 [ForkJoinPool-1-worker-1] DEBUG com.jayway.jsonpath.internal.path.CompiledPath - Evaluating path: $["X-Powered-By"]
16:03:40.765 [ForkJoinPool-1-worker-0] DEBUG com.jayway.jsonpath.internal.path.CompiledPath - Evaluating path: $
16:03:40.765 [ForkJoinPool-1-worker-1] DEBUG com.jayway.jsonpath.internal.path.CompiledPath - Evaluating path: $
16:03:40.781 [ForkJoinPool-1-worker-0] DEBUG com.jayway.jsonpath.internal.path.CompiledPath - Evaluating path: $["X-AspNet-Version"][0]
16:03:40.781 [ForkJoinPool-1-worker-1] DEBUG com.jayway.jsonpath.internal.path.CompiledPath - Evaluating path: $["X-AspNet-Version"][0]
16:03:40.781 [ForkJoinPool-1-worker-0] DEBUG com.jayway.jsonpath.internal.path.CompiledPath - Evaluating path: $
16:03:40.781 [ForkJoinPool-1-worker-0] INFO com.intuit.karate - [print] {
  "__arg": null,
  "baseUrl": "https://reqres.in",
  "responseType": "xml",
  "responseHeaders": {
    "Cache-Control": [
      "private, max-age=0,public"
    ],
    "Content-Type": [
      "text/xml; charset=utf-8"
    ],
    "Date": [
      "Fri, 05 Feb 2021 10:25:29 GMT"
    ],
    "Server": [
      "Microsoft-IIS/7.5"
    ],
    "Vary": [
      "Accept-Encoding"
    ],
    "X-AspNet-Version": [
      "4.0.30319"
    ],
    "X-Frame-Options": [
      "SAMEORIGIN"
    ],
    "X-Powered-By": [
      "ASP.NET"
    ]
  },
  "listUsers": "/api/users?page=2",
  "responseTime": 600,
  "response": {
    "string": {
      "_": "104",
      "@": {
        "xmlns": "https://www.w3schools.com/xml/"
      }
    }
  },
  "requestTimeStamp": 1612521220078,
  "responseStatus": 200,
  "__loop": -1,
  "responseCookies": null
}

16:03:40.781 [ForkJoinPool-1-worker-1] INFO com.intuit.karate - after scenario inside config 
16:03:40.796 [ForkJoinPool-1-worker-0] INFO com.intuit.karate - after scenario inside config 
16:03:40.796 [pool-1-thread-2] INFO com.intuit.karate.Runner - <<pass>> feature 2 of 26: classpath:featurefiles/CallingFeature.feature
16:03:40.796 [pool-1-thread-1] INFO com.intuit.karate.Runner - <<pass>> feature 1 of 26: classpath:featurefiles/CalledFeature.feature
---------------------------------------------------------
feature: classpath:featurefiles/CallingFeature.feature
report: build\surefire-reports\featurefiles.CallingFeature.json
scenarios:  1 | passed:  1 | failed:  0 | time: 0.9968
---------------------------------------------------------
feature: classpath:featurefiles/CalledFeature.feature
report: build\surefire-reports\featurefiles.CalledFeature.json
---------------------------------------------------------
scenarios:  1 | passed:  1 | failed:  0 | time: 0.9786
---------------------------------------------------------
16:03:40.828 [ForkJoinPool-1-worker-0] INFO com.intuit.karate - From karate-config file 
16:03:40.828 [ForkJoinPool-1-worker-1] INFO com.intuit.karate - From karate-config file 
16:03:40.828 [ForkJoinPool-1-worker-1] DEBUG com.jayway.jsonpath.internal.path.CompiledPath - Evaluating path: $
16:03:40.828 [ForkJoinPool-1-worker-0] DEBUG com.jayway.jsonpath.internal.path.CompiledPath - Evaluating path: $
16:03:40.843 [ForkJoinPool-1-worker-1] INFO com.intuit.karate - [print] c =  30.0
16:03:40.843 [ForkJoinPool-1-worker-0] INFO com.intuit.karate - [print] c =  30.0
16:03:40.843 [ForkJoinPool-1-worker-1] INFO com.intuit.karate - END of the Test 2 
16:03:40.843 [ForkJoinPool-1-worker-1] INFO com.intuit.karate - after scenario inside config 
16:03:40.843 [ForkJoinPool-1-worker-0] INFO com.intuit.karate - END of the Test1 
16:03:40.843 [ForkJoinPool-1-worker-0] INFO com.intuit.karate - after scenario inside config 
16:03:40.859 [ForkJoinPool-1-worker-1] INFO com.intuit.karate - From karate-config file 
16:03:40.859 [ForkJoinPool-1-worker-1] DEBUG com.jayway.jsonpath.internal.path.CompiledPath - Evaluating path: $
16:03:40.859 [ForkJoinPool-1-worker-1] DEBUG com.jayway.jsonpath.internal.path.CompiledPath - Evaluating path: $
16:03:40.859 [ForkJoinPool-1-worker-1] DEBUG com.jayway.jsonpath.internal.path.CompiledPath - Evaluating path: $
16:03:40.859 [ForkJoinPool-1-worker-1] INFO com.intuit.karate - [print] {
  "id": "101",
  "tool": {
    "name": "Karate",
    "version": "0.9.6"
  }
}

16:03:40.859 [ForkJoinPool-1-worker-1] DEBUG com.jayway.jsonpath.internal.path.CompiledPath - Evaluating path: $
16:03:40.859 [ForkJoinPool-1-worker-1] INFO com.intuit.karate - [print] 101
16:03:40.874 [ForkJoinPool-1-worker-1] DEBUG com.jayway.jsonpath.internal.path.CompiledPath - Evaluating path: $
16:03:40.874 [ForkJoinPool-1-worker-1] INFO com.intuit.karate - [print] Karate
16:03:40.874 [ForkJoinPool-1-worker-1] INFO com.intuit.karate - after scenario inside config 
16:03:40.874 [ForkJoinPool-1-worker-0] INFO com.intuit.karate - From karate-config file 
16:03:40.890 [ForkJoinPool-1-worker-0] DEBUG com.jayway.jsonpath.internal.path.CompiledPath - Evaluating path: $
16:03:40.890 [ForkJoinPool-1-worker-0] DEBUG com.jayway.jsonpath.internal.path.CompiledPath - Evaluating path: $
16:03:40.890 [ForkJoinPool-1-worker-0] DEBUG com.jayway.jsonpath.internal.path.CompiledPath - Evaluating path: $
16:03:40.890 [ForkJoinPool-1-worker-0] INFO com.intuit.karate - [print] {
  "id": "101",
  "tool": {
    "name": "Karate",
    "version": "0.9.6"
  }
}

16:03:40.890 [ForkJoinPool-1-worker-0] DEBUG com.jayway.jsonpath.internal.path.CompiledPath - Evaluating path: $
16:03:40.890 [ForkJoinPool-1-worker-0] INFO com.intuit.karate - [print] 101
16:03:40.890 [ForkJoinPool-1-worker-0] DEBUG com.jayway.jsonpath.internal.path.CompiledPath - Evaluating path: $
16:03:40.890 [ForkJoinPool-1-worker-0] INFO com.intuit.karate - [print] Karate
16:03:40.890 [ForkJoinPool-1-worker-0] INFO com.intuit.karate - after scenario inside config 
16:03:40.906 [ForkJoinPool-1-worker-0] INFO com.intuit.karate - From karate-config file 
16:03:40.906 [ForkJoinPool-1-worker-0] DEBUG com.jayway.jsonpath.internal.path.CompiledPath - Evaluating path: $
16:03:40.906 [ForkJoinPool-1-worker-0] DEBUG com.jayway.jsonpath.internal.path.CompiledPath - Evaluating path: $
16:03:40.906 [ForkJoinPool-1-worker-0] DEBUG com.jayway.jsonpath.internal.path.CompiledPath - Evaluating path: $
16:03:40.906 [ForkJoinPool-1-worker-0] DEBUG com.jayway.jsonpath.internal.path.CompiledPath - Evaluating path: $['tool']
16:03:40.906 [ForkJoinPool-1-worker-0] DEBUG com.jayway.jsonpath.internal.path.CompiledPath - Evaluating path: $
16:03:40.906 [ForkJoinPool-1-worker-0] INFO com.intuit.karate - after scenario inside config 
16:03:40.906 [ForkJoinPool-1-worker-1] INFO com.intuit.karate - From karate-config file 
16:03:40.906 [ForkJoinPool-1-worker-1] DEBUG com.jayway.jsonpath.internal.path.CompiledPath - Evaluating path: $
16:03:40.906 [ForkJoinPool-1-worker-1] DEBUG com.jayway.jsonpath.internal.path.CompiledPath - Evaluating path: $
16:03:40.906 [ForkJoinPool-1-worker-0] INFO com.intuit.karate - From karate-config file 
16:03:40.906 [ForkJoinPool-1-worker-0] DEBUG com.jayway.jsonpath.internal.path.CompiledPath - Evaluating path: $
16:03:40.906 [ForkJoinPool-1-worker-0] DEBUG com.jayway.jsonpath.internal.path.CompiledPath - Evaluating path: $
16:03:40.906 [ForkJoinPool-1-worker-0] DEBUG com.jayway.jsonpath.internal.path.CompiledPath - Evaluating path: $
16:03:40.906 [ForkJoinPool-1-worker-0] DEBUG com.jayway.jsonpath.internal.path.CompiledPath - Evaluating path: $['tool']
16:03:40.906 [ForkJoinPool-1-worker-0] DEBUG com.jayway.jsonpath.internal.path.CompiledPath - Evaluating path: $
16:03:40.906 [ForkJoinPool-1-worker-0] INFO com.intuit.karate - after scenario inside config 
16:03:40.921 [ForkJoinPool-1-worker-0] INFO com.intuit.karate - From karate-config file 
16:03:40.921 [ForkJoinPool-1-worker-0] DEBUG com.jayway.jsonpath.internal.path.CompiledPath - Evaluating path: $
16:03:40.921 [ForkJoinPool-1-worker-1] DEBUG com.jayway.jsonpath.internal.path.CompiledPath - Evaluating path: $
16:03:40.921 [ForkJoinPool-1-worker-1] DEBUG com.jayway.jsonpath.internal.path.CompiledPath - Evaluating path: $
16:03:40.921 [ForkJoinPool-1-worker-1] INFO com.intuit.karate - after scenario inside config 
16:03:40.921 [ForkJoinPool-1-worker-0] INFO com.intuit.karate - [print] c =  30.0
16:03:40.937 [ForkJoinPool-1-worker-0] INFO com.intuit.karate - END of the Test 3 
16:03:40.937 [ForkJoinPool-1-worker-0] INFO com.intuit.karate - after scenario inside config 
16:03:40.937 [pool-1-thread-2] INFO com.intuit.karate.Runner - <<pass>> feature 3 of 26: classpath:featurefiles/KarateTestSuite-01.feature
---------------------------------------------------------
feature: classpath:featurefiles/KarateTestSuite-01.feature
report: build\surefire-reports\featurefiles.KarateTestSuite-01.json
scenarios:  3 | passed:  3 | failed:  0 | time: 0.0573
---------------------------------------------------------
16:03:40.952 [pool-1-thread-1] INFO com.intuit.karate.Runner - <<pass>> feature 4 of 26: classpath:featurefiles/KarateTestSuite-02.feature
---------------------------------------------------------
feature: classpath:featurefiles/KarateTestSuite-02.feature
report: build\surefire-reports\featurefiles.KarateTestSuite-02.json
scenarios:  5 | passed:  5 | failed:  0 | time: 0.0314
---------------------------------------------------------
16:03:40.968 [ForkJoinPool-1-worker-1] INFO com.intuit.karate - From karate-config file 
16:03:40.968 [ForkJoinPool-1-worker-0] INFO com.intuit.karate - From karate-config file 
16:03:40.968 [ForkJoinPool-1-worker-1] DEBUG com.jayway.jsonpath.internal.path.CompiledPath - Evaluating path: $
16:03:40.968 [ForkJoinPool-1-worker-0] DEBUG com.jayway.jsonpath.internal.path.CompiledPath - Evaluating path: $
16:03:40.968 [ForkJoinPool-1-worker-0] INFO com.intuit.karate - [print] <info>
  <id>101</id>
  <tool>
    <name>Karate</name>
    <version>0.9.6</version>
  </tool>
</info>

16:03:40.968 [ForkJoinPool-1-worker-1] INFO com.intuit.karate - [print] <info>
  <id>101</id>
  <tool>
    <name>Karate</name>
    <version>0.9.6</version>
  </tool>
</info>

16:03:40.984 [ForkJoinPool-1-worker-0] INFO com.intuit.karate - [print]
16:03:40.984 [ForkJoinPool-1-worker-1] INFO com.intuit.karate - [print]
16:03:40.984 [ForkJoinPool-1-worker-1] INFO com.intuit.karate - [print] 101
16:03:40.984 [ForkJoinPool-1-worker-0] INFO com.intuit.karate - [print] 101
16:03:40.984 [ForkJoinPool-1-worker-0] INFO com.intuit.karate - [print] Karate
16:03:40.984 [ForkJoinPool-1-worker-0] INFO com.intuit.karate - after scenario inside config 
16:03:40.999 [ForkJoinPool-1-worker-0] INFO com.intuit.karate - From karate-config file 
16:03:40.999 [ForkJoinPool-1-worker-0] DEBUG com.jayway.jsonpath.internal.path.CompiledPath - Evaluating path: $
16:03:40.999 [ForkJoinPool-1-worker-1] INFO com.intuit.karate - [print] Karate
16:03:40.999 [ForkJoinPool-1-worker-1] INFO com.intuit.karate - after scenario inside config 
16:03:40.999 [ForkJoinPool-1-worker-1] INFO com.intuit.karate - From karate-config file 
16:03:40.999 [ForkJoinPool-1-worker-1] DEBUG com.jayway.jsonpath.internal.path.CompiledPath - Evaluating path: $
16:03:41.015 [ForkJoinPool-1-worker-0] DEBUG org.apache.http.client.protocol.RequestAddCookies - CookieSpec selected: karate
16:03:41.015 [ForkJoinPool-1-worker-0] DEBUG org.apache.http.client.protocol.RequestAuthCache - Auth cache not set in the context
16:03:41.015 [ForkJoinPool-1-worker-0] DEBUG com.intuit.karate - request:
1 > POST https://www.w3schools.com/xml/tempconvert.asmx
1 > Accept-Encoding: gzip,deflate
1 > Connection: Keep-Alive
1 > Content-Length: 353
1 > Content-Type: text/xml; charset=UTF-8
1 > Host: www.w3schools.com
1 > SOAPAction: https://www.w3schools.com/xml/CelsiusToFahrenheit
1 > User-Agent: Apache-HttpClient/4.5.12 (Java/1.8.0_251)
<soap:Envelope xmlns:soap="http://schemas.xmlsoap.org/soap/envelope/" xmlns:xsd="http://www.w3.org/2001/XMLSchema" xmlns:xsi="http://www.w3.org/2001/XMLSchema-instance">
    <soap:Body>
      <CelsiusToFahrenheit xmlns="https://www.w3schools.com/xml/">
        <Celsius>37</Celsius>
      </CelsiusToFahrenheit>
    </soap:Body>
  </soap:Envelope>

16:03:41.015 [ForkJoinPool-1-worker-0] DEBUG org.apache.http.impl.conn.PoolingHttpClientConnectionManager - Connection request: [route: {s}->https://www.w3schools.com:443][total available: 0; route allocated: 0 of 5; total allocated: 0 of 10]
16:03:41.015 [ForkJoinPool-1-worker-0] DEBUG org.apache.http.impl.conn.PoolingHttpClientConnectionManager - Connection leased: [id: 2][route: {s}->https://www.w3schools.com:443][total available: 0; route allocated: 1 of 5; total allocated: 1 of 10]
16:03:41.015 [ForkJoinPool-1-worker-0] DEBUG org.apache.http.impl.execchain.MainClientExec - Opening connection {s}->https://www.w3schools.com:443
16:03:41.015 [ForkJoinPool-1-worker-0] DEBUG org.apache.http.impl.conn.DefaultHttpClientConnectionOperator - Connecting to www.w3schools.com/192.229.179.87:443
16:03:41.015 [ForkJoinPool-1-worker-0] DEBUG org.apache.http.conn.ssl.SSLConnectionSocketFactory - Connecting socket to www.w3schools.com/192.229.179.87:443 with timeout 5000
16:03:41.015 [ForkJoinPool-1-worker-1] INFO com.intuit.karate - after scenario inside config 
16:03:41.015 [ForkJoinPool-1-worker-1] INFO com.intuit.karate - From karate-config file 
16:03:41.015 [ForkJoinPool-1-worker-1] DEBUG com.jayway.jsonpath.internal.path.CompiledPath - Evaluating path: $
16:03:41.015 [ForkJoinPool-1-worker-1] INFO com.intuit.karate - after scenario inside config 
16:03:41.031 [ForkJoinPool-1-worker-1] INFO com.intuit.karate - From karate-config file 
16:03:41.031 [ForkJoinPool-1-worker-1] DEBUG com.jayway.jsonpath.internal.path.CompiledPath - Evaluating path: $
16:03:41.031 [ForkJoinPool-1-worker-0] DEBUG org.apache.http.conn.ssl.SSLConnectionSocketFactory - Enabled protocols: [TLSv1, TLSv1.1, TLSv1.2]
16:03:41.031 [ForkJoinPool-1-worker-0] DEBUG org.apache.http.conn.ssl.SSLConnectionSocketFactory - Enabled cipher suites:[TLS_ECDHE_ECDSA_WITH_AES_256_CBC_SHA384, TLS_ECDHE_RSA_WITH_AES_256_CBC_SHA384, TLS_RSA_WITH_AES_256_CBC_SHA256, TLS_ECDH_ECDSA_WITH_AES_256_CBC_SHA384, TLS_ECDH_RSA_WITH_AES_256_CBC_SHA384, TLS_DHE_RSA_WITH_AES_256_CBC_SHA256, TLS_DHE_DSS_WITH_AES_256_CBC_SHA256, TLS_ECDHE_ECDSA_WITH_AES_256_CBC_SHA, TLS_ECDHE_RSA_WITH_AES_256_CBC_SHA, TLS_RSA_WITH_AES_256_CBC_SHA, TLS_ECDH_ECDSA_WITH_AES_256_CBC_SHA, TLS_ECDH_RSA_WITH_AES_256_CBC_SHA, TLS_DHE_RSA_WITH_AES_256_CBC_SHA, TLS_DHE_DSS_WITH_AES_256_CBC_SHA, TLS_ECDHE_ECDSA_WITH_AES_128_CBC_SHA256, TLS_ECDHE_RSA_WITH_AES_128_CBC_SHA256, TLS_RSA_WITH_AES_128_CBC_SHA256, TLS_ECDH_ECDSA_WITH_AES_128_CBC_SHA256, TLS_ECDH_RSA_WITH_AES_128_CBC_SHA256, TLS_DHE_RSA_WITH_AES_128_CBC_SHA256, TLS_DHE_DSS_WITH_AES_128_CBC_SHA256, TLS_ECDHE_ECDSA_WITH_AES_128_CBC_SHA, TLS_ECDHE_RSA_WITH_AES_128_CBC_SHA, TLS_RSA_WITH_AES_128_CBC_SHA, TLS_ECDH_ECDSA_WITH_AES_128_CBC_SHA, TLS_ECDH_RSA_WITH_AES_128_CBC_SHA, TLS_DHE_RSA_WITH_AES_128_CBC_SHA, TLS_DHE_DSS_WITH_AES_128_CBC_SHA, TLS_ECDHE_ECDSA_WITH_AES_256_GCM_SHA384, TLS_ECDHE_ECDSA_WITH_AES_128_GCM_SHA256, TLS_ECDHE_RSA_WITH_AES_256_GCM_SHA384, TLS_RSA_WITH_AES_256_GCM_SHA384, TLS_ECDH_ECDSA_WITH_AES_256_GCM_SHA384, TLS_ECDH_RSA_WITH_AES_256_GCM_SHA384, TLS_DHE_RSA_WITH_AES_256_GCM_SHA384, TLS_DHE_DSS_WITH_AES_256_GCM_SHA384, TLS_ECDHE_RSA_WITH_AES_128_GCM_SHA256, TLS_RSA_WITH_AES_128_GCM_SHA256, TLS_ECDH_ECDSA_WITH_AES_128_GCM_SHA256, TLS_ECDH_RSA_WITH_AES_128_GCM_SHA256, TLS_DHE_RSA_WITH_AES_128_GCM_SHA256, TLS_DHE_DSS_WITH_AES_128_GCM_SHA256, TLS_EMPTY_RENEGOTIATION_INFO_SCSV]
16:03:41.031 [ForkJoinPool-1-worker-0] DEBUG org.apache.http.conn.ssl.SSLConnectionSocketFactory - Starting handshake
16:03:41.046 [ForkJoinPool-1-worker-1] DEBUG org.apache.http.client.protocol.RequestAddCookies - CookieSpec selected: karate
16:03:41.046 [ForkJoinPool-1-worker-1] DEBUG org.apache.http.client.protocol.RequestAuthCache - Auth cache not set in the context
16:03:41.046 [ForkJoinPool-1-worker-1] DEBUG com.intuit.karate - request:
1 > POST http://www.dneonline.com/calculator.asmx
1 > Accept-Encoding: gzip,deflate
1 > Connection: Keep-Alive
1 > Content-Length: 329
1 > Content-Type: text/xml; charset=UTF-8
1 > Host: www.dneonline.com
1 > SOAPAction: http://tempuri.org/Add
1 > User-Agent: Apache-HttpClient/4.5.12 (Java/1.8.0_251)
<soap:Envelope xmlns:soap="http://schemas.xmlsoap.org/soap/envelope/" xmlns:xsd="http://www.w3.org/2001/XMLSchema" xmlns:xsi="http://www.w3.org/2001/XMLSchema-instance">
    <soap:Body>
      <Add xmlns="http://tempuri.org/">
        <intA>26</intA>
        <intB>24</intB>
      </Add>
    </soap:Body>
  </soap:Envelope>

16:03:41.046 [ForkJoinPool-1-worker-1] DEBUG org.apache.http.impl.conn.PoolingHttpClientConnectionManager - Connection request: [route: {}->http://www.dneonline.com:80][total available: 0; route allocated: 0 of 5; total allocated: 0 of 10]
16:03:41.046 [ForkJoinPool-1-worker-1] DEBUG org.apache.http.impl.conn.PoolingHttpClientConnectionManager - Connection leased: [id: 3][route: {}->http://www.dneonline.com:80][total available: 0; route allocated: 1 of 5; total allocated: 1 of 10]
16:03:41.046 [ForkJoinPool-1-worker-1] DEBUG org.apache.http.impl.execchain.MainClientExec - Opening connection {}->http://www.dneonline.com:80
16:03:41.046 [ForkJoinPool-1-worker-1] DEBUG org.apache.http.impl.conn.DefaultHttpClientConnectionOperator - Connecting to www.dneonline.com/50.62.168.5:80
16:03:41.077 [ForkJoinPool-1-worker-0] DEBUG org.apache.http.conn.ssl.SSLConnectionSocketFactory - Secure session established
16:03:41.077 [ForkJoinPool-1-worker-0] DEBUG org.apache.http.conn.ssl.SSLConnectionSocketFactory -  negotiated protocol: TLSv1.2
16:03:41.077 [ForkJoinPool-1-worker-0] DEBUG org.apache.http.conn.ssl.SSLConnectionSocketFactory -  negotiated cipher suite: TLS_ECDHE_RSA_WITH_AES_128_GCM_SHA256
16:03:41.077 [ForkJoinPool-1-worker-0] DEBUG org.apache.http.conn.ssl.SSLConnectionSocketFactory -  peer principal: CN=*.w3schools.com, OU=IT, O="Verizon Digital Media Services, Inc.", L=Los Angeles, ST=California, C=US
16:03:41.077 [ForkJoinPool-1-worker-0] DEBUG org.apache.http.conn.ssl.SSLConnectionSocketFactory -  peer alternative names: [*.w3schools.com, w3schools.com]
16:03:41.077 [ForkJoinPool-1-worker-0] DEBUG org.apache.http.conn.ssl.SSLConnectionSocketFactory -  issuer principal: CN=DigiCert SHA2 Secure Server CA, O=DigiCert Inc, C=US
16:03:41.077 [ForkJoinPool-1-worker-0] DEBUG org.apache.http.impl.conn.DefaultHttpClientConnectionOperator - Connection established 192.168.1.53:62824<->192.229.179.87:443
16:03:41.077 [ForkJoinPool-1-worker-0] DEBUG org.apache.http.impl.conn.DefaultManagedHttpClientConnection - http-outgoing-2: set socket timeout to 5000
16:03:41.077 [ForkJoinPool-1-worker-0] DEBUG org.apache.http.impl.execchain.MainClientExec - Executing request POST /xml/tempconvert.asmx HTTP/1.1
16:03:41.077 [ForkJoinPool-1-worker-0] DEBUG org.apache.http.impl.execchain.MainClientExec - Target auth state: UNCHALLENGED
16:03:41.077 [ForkJoinPool-1-worker-0] DEBUG org.apache.http.impl.execchain.MainClientExec - Proxy auth state: UNCHALLENGED
16:03:41.077 [ForkJoinPool-1-worker-0] DEBUG org.apache.http.headers - http-outgoing-2 >> POST /xml/tempconvert.asmx HTTP/1.1
16:03:41.077 [ForkJoinPool-1-worker-0] DEBUG org.apache.http.headers - http-outgoing-2 >> Content-Type: text/xml; charset=UTF-8
16:03:41.077 [ForkJoinPool-1-worker-0] DEBUG org.apache.http.headers - http-outgoing-2 >> SOAPAction: https://www.w3schools.com/xml/CelsiusToFahrenheit
16:03:41.077 [ForkJoinPool-1-worker-0] DEBUG org.apache.http.headers - http-outgoing-2 >> Content-Length: 353
16:03:41.077 [ForkJoinPool-1-worker-0] DEBUG org.apache.http.headers - http-outgoing-2 >> Host: www.w3schools.com
16:03:41.077 [ForkJoinPool-1-worker-0] DEBUG org.apache.http.headers - http-outgoing-2 >> Connection: Keep-Alive
16:03:41.077 [ForkJoinPool-1-worker-0] DEBUG org.apache.http.headers - http-outgoing-2 >> User-Agent: Apache-HttpClient/4.5.12 (Java/1.8.0_251)
16:03:41.077 [ForkJoinPool-1-worker-0] DEBUG org.apache.http.headers - http-outgoing-2 >> Accept-Encoding: gzip,deflate
16:03:41.077 [ForkJoinPool-1-worker-0] DEBUG org.apache.http.wire - http-outgoing-2 >> "POST /xml/tempconvert.asmx HTTP/1.1[\r][\n]"
16:03:41.093 [ForkJoinPool-1-worker-0] DEBUG org.apache.http.wire - http-outgoing-2 >> "Content-Type: text/xml; charset=UTF-8[\r][\n]"
16:03:41.093 [ForkJoinPool-1-worker-0] DEBUG org.apache.http.wire - http-outgoing-2 >> "SOAPAction: https://www.w3schools.com/xml/CelsiusToFahrenheit[\r][\n]"
16:03:41.093 [ForkJoinPool-1-worker-0] DEBUG org.apache.http.wire - http-outgoing-2 >> "Content-Length: 353[\r][\n]"
16:03:41.093 [ForkJoinPool-1-worker-0] DEBUG org.apache.http.wire - http-outgoing-2 >> "Host: www.w3schools.com[\r][\n]"
16:03:41.093 [ForkJoinPool-1-worker-0] DEBUG org.apache.http.wire - http-outgoing-2 >> "Connection: Keep-Alive[\r][\n]"
16:03:41.093 [ForkJoinPool-1-worker-0] DEBUG org.apache.http.wire - http-outgoing-2 >> "User-Agent: Apache-HttpClient/4.5.12 (Java/1.8.0_251)[\r][\n]"
16:03:41.093 [ForkJoinPool-1-worker-0] DEBUG org.apache.http.wire - http-outgoing-2 >> "Accept-Encoding: gzip,deflate[\r][\n]"
16:03:41.093 [ForkJoinPool-1-worker-0] DEBUG org.apache.http.wire - http-outgoing-2 >> "[\r][\n]"
16:03:41.093 [ForkJoinPool-1-worker-0] DEBUG org.apache.http.wire - http-outgoing-2 >> "<soap:Envelope xmlns:soap="http://schemas.xmlsoap.org/soap/envelope/" xmlns:xsd="http://www.w3.org/2001/XMLSchema" xmlns:xsi="http://www.w3.org/2001/XMLSchema-instance">[\r][\n]"
16:03:41.093 [ForkJoinPool-1-worker-0] DEBUG org.apache.http.wire - http-outgoing-2 >> "    <soap:Body>[\r][\n]"
16:03:41.093 [ForkJoinPool-1-worker-0] DEBUG org.apache.http.wire - http-outgoing-2 >> "      <CelsiusToFahrenheit xmlns="https://www.w3schools.com/xml/">[\r][\n]"
16:03:41.093 [ForkJoinPool-1-worker-0] DEBUG org.apache.http.wire - http-outgoing-2 >> "        <Celsius>37</Celsius>[\r][\n]"
16:03:41.093 [ForkJoinPool-1-worker-0] DEBUG org.apache.http.wire - http-outgoing-2 >> "      </CelsiusToFahrenheit>[\r][\n]"
16:03:41.093 [ForkJoinPool-1-worker-0] DEBUG org.apache.http.wire - http-outgoing-2 >> "    </soap:Body>[\r][\n]"
16:03:41.093 [ForkJoinPool-1-worker-0] DEBUG org.apache.http.wire - http-outgoing-2 >> "  </soap:Envelope>"
16:03:41.328 [ForkJoinPool-1-worker-1] DEBUG org.apache.http.impl.conn.DefaultHttpClientConnectionOperator - Connection established 192.168.1.53:62825<->50.62.168.5:80
16:03:41.328 [ForkJoinPool-1-worker-1] DEBUG org.apache.http.impl.conn.DefaultManagedHttpClientConnection - http-outgoing-3: set socket timeout to 5000
16:03:41.328 [ForkJoinPool-1-worker-1] DEBUG org.apache.http.impl.execchain.MainClientExec - Executing request POST /calculator.asmx HTTP/1.1
16:03:41.328 [ForkJoinPool-1-worker-1] DEBUG org.apache.http.impl.execchain.MainClientExec - Target auth state: UNCHALLENGED
16:03:41.328 [ForkJoinPool-1-worker-1] DEBUG org.apache.http.impl.execchain.MainClientExec - Proxy auth state: UNCHALLENGED
16:03:41.328 [ForkJoinPool-1-worker-1] DEBUG org.apache.http.headers - http-outgoing-3 >> POST /calculator.asmx HTTP/1.1
16:03:41.328 [ForkJoinPool-1-worker-1] DEBUG org.apache.http.headers - http-outgoing-3 >> Content-Type: text/xml; charset=UTF-8
16:03:41.328 [ForkJoinPool-1-worker-1] DEBUG org.apache.http.headers - http-outgoing-3 >> SOAPAction: http://tempuri.org/Add
16:03:41.328 [ForkJoinPool-1-worker-1] DEBUG org.apache.http.headers - http-outgoing-3 >> Content-Length: 329
16:03:41.328 [ForkJoinPool-1-worker-1] DEBUG org.apache.http.headers - http-outgoing-3 >> Host: www.dneonline.com
16:03:41.328 [ForkJoinPool-1-worker-1] DEBUG org.apache.http.headers - http-outgoing-3 >> Connection: Keep-Alive
16:03:41.328 [ForkJoinPool-1-worker-1] DEBUG org.apache.http.headers - http-outgoing-3 >> User-Agent: Apache-HttpClient/4.5.12 (Java/1.8.0_251)
16:03:41.328 [ForkJoinPool-1-worker-1] DEBUG org.apache.http.headers - http-outgoing-3 >> Accept-Encoding: gzip,deflate
16:03:41.328 [ForkJoinPool-1-worker-1] DEBUG org.apache.http.wire - http-outgoing-3 >> "POST /calculator.asmx HTTP/1.1[\r][\n]"
16:03:41.328 [ForkJoinPool-1-worker-1] DEBUG org.apache.http.wire - http-outgoing-3 >> "Content-Type: text/xml; charset=UTF-8[\r][\n]"
16:03:41.328 [ForkJoinPool-1-worker-1] DEBUG org.apache.http.wire - http-outgoing-3 >> "SOAPAction: http://tempuri.org/Add[\r][\n]"
16:03:41.328 [ForkJoinPool-1-worker-1] DEBUG org.apache.http.wire - http-outgoing-3 >> "Content-Length: 329[\r][\n]"
16:03:41.328 [ForkJoinPool-1-worker-1] DEBUG org.apache.http.wire - http-outgoing-3 >> "Host: www.dneonline.com[\r][\n]"
16:03:41.328 [ForkJoinPool-1-worker-1] DEBUG org.apache.http.wire - http-outgoing-3 >> "Connection: Keep-Alive[\r][\n]"
16:03:41.328 [ForkJoinPool-1-worker-1] DEBUG org.apache.http.wire - http-outgoing-3 >> "User-Agent: Apache-HttpClient/4.5.12 (Java/1.8.0_251)[\r][\n]"
16:03:41.328 [ForkJoinPool-1-worker-1] DEBUG org.apache.http.wire - http-outgoing-3 >> "Accept-Encoding: gzip,deflate[\r][\n]"
16:03:41.328 [ForkJoinPool-1-worker-0] DEBUG org.apache.http.wire - http-outgoing-2 << "HTTP/1.1 200 OK[\r][\n]"
16:03:41.328 [ForkJoinPool-1-worker-0] DEBUG org.apache.http.wire - http-outgoing-2 << "Content-Encoding: gzip[\r][\n]"
16:03:41.328 [ForkJoinPool-1-worker-0] DEBUG org.apache.http.wire - http-outgoing-2 << "Cache-Control: private, max-age=0,public[\r][\n]"
16:03:41.328 [ForkJoinPool-1-worker-0] DEBUG org.apache.http.wire - http-outgoing-2 << "Content-Type: text/xml; charset=utf-8[\r][\n]"
16:03:41.328 [ForkJoinPool-1-worker-0] DEBUG org.apache.http.wire - http-outgoing-2 << "Date: Fri, 05 Feb 2021 10:25:30 GMT[\r][\n]"
16:03:41.328 [ForkJoinPool-1-worker-0] DEBUG org.apache.http.wire - http-outgoing-2 << "Server: Microsoft-IIS/7.5[\r][\n]"
16:03:41.328 [ForkJoinPool-1-worker-0] DEBUG org.apache.http.wire - http-outgoing-2 << "Vary: Accept-Encoding[\r][\n]"
16:03:41.328 [ForkJoinPool-1-worker-0] DEBUG org.apache.http.wire - http-outgoing-2 << "X-AspNet-Version: 4.0.30319[\r][\n]"
16:03:41.328 [ForkJoinPool-1-worker-0] DEBUG org.apache.http.wire - http-outgoing-2 << "X-Frame-Options: SAMEORIGIN[\r][\n]"
16:03:41.328 [ForkJoinPool-1-worker-0] DEBUG org.apache.http.wire - http-outgoing-2 << "X-Powered-By: ASP.NET[\r][\n]"
16:03:41.328 [ForkJoinPool-1-worker-0] DEBUG org.apache.http.wire - http-outgoing-2 << "Content-Length: 322[\r][\n]"
16:03:41.328 [ForkJoinPool-1-worker-0] DEBUG org.apache.http.wire - http-outgoing-2 << "[\r][\n]"
16:03:41.328 [ForkJoinPool-1-worker-0] DEBUG org.apache.http.headers - http-outgoing-2 << HTTP/1.1 200 OK
16:03:41.328 [ForkJoinPool-1-worker-0] DEBUG org.apache.http.headers - http-outgoing-2 << Content-Encoding: gzip
16:03:41.328 [ForkJoinPool-1-worker-0] DEBUG org.apache.http.headers - http-outgoing-2 << Cache-Control: private, max-age=0,public
16:03:41.328 [ForkJoinPool-1-worker-0] DEBUG org.apache.http.headers - http-outgoing-2 << Content-Type: text/xml; charset=utf-8
16:03:41.328 [ForkJoinPool-1-worker-0] DEBUG org.apache.http.headers - http-outgoing-2 << Date: Fri, 05 Feb 2021 10:25:30 GMT
16:03:41.328 [ForkJoinPool-1-worker-0] DEBUG org.apache.http.headers - http-outgoing-2 << Server: Microsoft-IIS/7.5
16:03:41.328 [ForkJoinPool-1-worker-0] DEBUG org.apache.http.headers - http-outgoing-2 << Vary: Accept-Encoding
16:03:41.328 [ForkJoinPool-1-worker-0] DEBUG org.apache.http.headers - http-outgoing-2 << X-AspNet-Version: 4.0.30319
16:03:41.328 [ForkJoinPool-1-worker-0] DEBUG org.apache.http.headers - http-outgoing-2 << X-Frame-Options: SAMEORIGIN
16:03:41.328 [ForkJoinPool-1-worker-0] DEBUG org.apache.http.headers - http-outgoing-2 << X-Powered-By: ASP.NET
16:03:41.328 [ForkJoinPool-1-worker-0] DEBUG org.apache.http.headers - http-outgoing-2 << Content-Length: 322
16:03:41.328 [ForkJoinPool-1-worker-0] DEBUG org.apache.http.impl.execchain.MainClientExec - Connection can be kept alive indefinitely
16:03:41.328 [ForkJoinPool-1-worker-1] DEBUG org.apache.http.wire - http-outgoing-3 >> "[\r][\n]"
16:03:41.328 [ForkJoinPool-1-worker-1] DEBUG org.apache.http.wire - http-outgoing-3 >> "<soap:Envelope xmlns:soap="http://schemas.xmlsoap.org/soap/envelope/" xmlns:xsd="http://www.w3.org/2001/XMLSchema" xmlns:xsi="http://www.w3.org/2001/XMLSchema-instance">[\r][\n]"
16:03:41.328 [ForkJoinPool-1-worker-1] DEBUG org.apache.http.wire - http-outgoing-3 >> "    <soap:Body>[\r][\n]"
16:03:41.328 [ForkJoinPool-1-worker-1] DEBUG org.apache.http.wire - http-outgoing-3 >> "      <Add xmlns="http://tempuri.org/">[\r][\n]"
16:03:41.328 [ForkJoinPool-1-worker-1] DEBUG org.apache.http.wire - http-outgoing-3 >> "        <intA>26</intA>[\r][\n]"
16:03:41.328 [ForkJoinPool-1-worker-1] DEBUG org.apache.http.wire - http-outgoing-3 >> "        <intB>24</intB>[\r][\n]"
16:03:41.328 [ForkJoinPool-1-worker-1] DEBUG org.apache.http.wire - http-outgoing-3 >> "      </Add>[\r][\n]"
16:03:41.328 [ForkJoinPool-1-worker-1] DEBUG org.apache.http.wire - http-outgoing-3 >> "    </soap:Body>[\r][\n]"
16:03:41.328 [ForkJoinPool-1-worker-1] DEBUG org.apache.http.wire - http-outgoing-3 >> "  </soap:Envelope>"
16:03:41.328 [ForkJoinPool-1-worker-0] DEBUG org.apache.http.wire - http-outgoing-2 << "[0x1f][0x8b][0x8][0x0][0x0][0x0][0x0][0x0][0x4][0x0][0xed][0xbd][0x7]`[0x1c]I[0x96]%&/m[0xca]{]]>&#x7f;<![CDATA[J[0xf5]J[0xd7][0xe0]t[0xa1][0x8][0x80]`[0x13]$[0xd8][0x90]@[0x10][0xec][0xc1][0x88][0xcd][0xe6][0x92][0xec][0x1d]iG#)[0xab]*[0x81][0xca]eVe]f[0x16]@[0xcc][0xed][0x9d][0xbc][0xf7][0xde]{[0xef][0xbd][0xf7][0xde]{[0xef][0xbd][0xf7][0xba];[0x9d]N'[0xf7][0xdf][0xff]?\fd[0x1]l[0xf6][0xce]J[0xda][0xc9][0x9e]![0x80][0xaa][0xc8][0x1f]?~|[0x1f]?"[0x1e][0xff][0x1e][0xef][0x16]ez[0x99][0xd7]MQ-?[0xfb]hw[0xbc][0xf3]Q[0x9a]/[0xa7][0xd5][0xac]X^|[0xf6][0xd1][0xba]=[0xdf]>[0xf8][0xe8][0xf7]8z[0xdc]T[0xd9][0xea][0xd1][0xe9][0xf2]2/[0xab]U[0x9e][0xd2]+[0xcb][0xe6][0x11]>[0xfb][0xec][0xa3]y[0xdb][0xae][0x1e][0xdd][0xbd][0xdb]L[0xe7][0xf9]"k[0xc6][0xf4][0x15]>[0x1f]W[0xf5][0xc5]][0xfc]r7[0xd7][0x97][0xee]~[0xa4][0xaf][0xbd]k[\n]"
16:03:41.328 [ForkJoinPool-1-worker-0] DEBUG org.apache.http.wire - http-outgoing-2 << "[0xfb][0xd6][0xd5][0xd5][0xd5][0xf8][0xea][0x1e]7[0xde][0xdb][0xd9][0xd9][0xbd][0xfb]{]]>&#x7f;<![CDATA[[0xf1][0xfc]5[0x3][0xda].[0x96]M[0x9b]-[0xa7][0xb9]{kv[0xf3][[0x1f])[0xa2]O[0xaa][0xd9][0xf5][0xd1][0xe3][0x93][0xbc]l[0x8a]u[0xf3][0xa6]z[0x96][0xcd][0xeb]|9[0xcf][0x8b][0xf6]U[0xde][0xac][0xaa]e[0xa3]#[0x10][0x80][0x8d][0x85]Hc[0xa8][0xaa][0xb2][0x19]O[0xab][0xc5]]jp[0x97][0xc0][0xc5]a[0xac][0xcb][0xf6][0xe8][0xe1][0xc1][0xf8][0xd3][0xc7]w[0x87][0xbf][0x1f][0xfa][0x8e][0xfb][0xa7]o=D[0xe5]wC[0xdd][0xa3][0xff][0x7][0x14]j[0xe5][0x2][0x93][0x1][0x0][0x0]"
16:03:41.328 [ForkJoinPool-1-worker-0] DEBUG org.apache.http.impl.conn.PoolingHttpClientConnectionManager - Connection [id: 2][route: {s}->https://www.w3schools.com:443] can be kept alive indefinitely
16:03:41.328 [ForkJoinPool-1-worker-0] DEBUG org.apache.http.impl.conn.DefaultManagedHttpClientConnection - http-outgoing-2: set socket timeout to 0
16:03:41.328 [ForkJoinPool-1-worker-0] DEBUG org.apache.http.impl.conn.PoolingHttpClientConnectionManager - Connection released: [id: 2][route: {s}->https://www.w3schools.com:443][total available: 1; route allocated: 1 of 5; total allocated: 1 of 10]
16:03:41.328 [ForkJoinPool-1-worker-0] DEBUG com.intuit.karate - response time in milliseconds: 323.63
1 < 200
1 < Cache-Control: private, max-age=0,public
1 < Content-Type: text/xml; charset=utf-8
1 < Date: Fri, 05 Feb 2021 10:25:30 GMT
1 < Server: Microsoft-IIS/7.5
1 < Vary: Accept-Encoding
1 < X-AspNet-Version: 4.0.30319
1 < X-Frame-Options: SAMEORIGIN
1 < X-Powered-By: ASP.NET
<?xml version="1.0" encoding="utf-8"?><soap:Envelope xmlns:soap="http://schemas.xmlsoap.org/soap/envelope/" xmlns:xsi="http://www.w3.org/2001/XMLSchema-instance" xmlns:xsd="http://www.w3.org/2001/XMLSchema"><soap:Body><CelsiusToFahrenheitResponse xmlns="https://www.w3schools.com/xml/"><CelsiusToFahrenheitResult>98.6</CelsiusToFahrenheitResult></CelsiusToFahrenheitResponse></soap:Body></soap:Envelope>

16:03:41.328 [Finalizer] DEBUG org.apache.http.impl.conn.PoolingHttpClientConnectionManager - Connection manager is shutting down
16:03:41.343 [Finalizer] DEBUG org.apache.http.impl.conn.DefaultManagedHttpClientConnection - http-outgoing-1: Close connection
16:03:41.343 [Finalizer] DEBUG org.apache.http.impl.conn.PoolingHttpClientConnectionManager - Connection manager shut down
16:03:41.343 [Finalizer] DEBUG org.apache.http.impl.conn.PoolingHttpClientConnectionManager - Connection manager is shutting down
16:03:41.343 [Finalizer] DEBUG org.apache.http.impl.conn.DefaultManagedHttpClientConnection - http-outgoing-0: Close connection
16:03:41.343 [Finalizer] DEBUG org.apache.http.impl.conn.PoolingHttpClientConnectionManager - Connection manager shut down
16:03:41.343 [ForkJoinPool-1-worker-0] DEBUG com.jayway.jsonpath.internal.path.CompiledPath - Evaluating path: $
16:03:41.343 [ForkJoinPool-1-worker-0] INFO com.intuit.karate - [print] {
  "Cache-Control": [
    "private, max-age=0,public"
  ],
  "Content-Type": [
    "text/xml; charset=utf-8"
  ],
  "Date": [
    "Fri, 05 Feb 2021 10:25:30 GMT"
  ],
  "Server": [
    "Microsoft-IIS/7.5"
  ],
  "Vary": [
    "Accept-Encoding"
  ],
  "X-AspNet-Version": [
    "4.0.30319"
  ],
  "X-Frame-Options": [
    "SAMEORIGIN"
  ],
  "X-Powered-By": [
    "ASP.NET"
  ]
}

16:03:41.343 [ForkJoinPool-1-worker-0] DEBUG com.jayway.jsonpath.internal.path.CompiledPath - Evaluating path: $
16:03:41.343 [ForkJoinPool-1-worker-0] INFO com.intuit.karate - [print] [
  "Microsoft-IIS/7.5"
]

16:03:41.343 [ForkJoinPool-1-worker-0] INFO com.intuit.karate - [print] Microsoft-IIS/7.5
16:03:41.343 [ForkJoinPool-1-worker-0] DEBUG com.jayway.jsonpath.internal.path.CompiledPath - Evaluating path: $
16:03:41.343 [ForkJoinPool-1-worker-0] DEBUG com.jayway.jsonpath.internal.path.CompiledPath - Evaluating path: $["Server"]
16:03:41.343 [ForkJoinPool-1-worker-0] DEBUG com.jayway.jsonpath.internal.path.CompiledPath - Evaluating path: $
16:03:41.359 [ForkJoinPool-1-worker-0] DEBUG com.jayway.jsonpath.internal.path.CompiledPath - Evaluating path: $["Server"][0]
16:03:41.359 [ForkJoinPool-1-worker-0] INFO com.intuit.karate - [print] xml
16:03:41.359 [ForkJoinPool-1-worker-0] INFO com.intuit.karate - [print] <soap:Envelope xmlns:soap="http://schemas.xmlsoap.org/soap/envelope/" xmlns:xsd="http://www.w3.org/2001/XMLSchema" xmlns:xsi="http://www.w3.org/2001/XMLSchema-instance">
  <soap:Body>
    <CelsiusToFahrenheitResponse xmlns="https://www.w3schools.com/xml/">
      <CelsiusToFahrenheitResult>98.6</CelsiusToFahrenheitResult>
    </CelsiusToFahrenheitResponse>
  </soap:Body>
</soap:Envelope>

16:03:41.359 [ForkJoinPool-1-worker-0] INFO com.intuit.karate - [print] 324
16:03:41.359 [ForkJoinPool-1-worker-0] INFO com.intuit.karate - [print] 200
16:03:41.359 [ForkJoinPool-1-worker-0] INFO com.intuit.karate - after scenario inside config 
16:03:41.359 [ForkJoinPool-1-worker-0] INFO com.intuit.karate - From karate-config file 
16:03:41.359 [ForkJoinPool-1-worker-0] DEBUG com.jayway.jsonpath.internal.path.CompiledPath - Evaluating path: $
16:03:41.374 [ForkJoinPool-1-worker-0] INFO com.intuit.karate - after scenario inside config 
16:03:41.374 [ForkJoinPool-1-worker-0] INFO com.intuit.karate - From karate-config file 
16:03:41.374 [ForkJoinPool-1-worker-0] DEBUG com.jayway.jsonpath.internal.path.CompiledPath - Evaluating path: $
16:03:41.374 [ForkJoinPool-1-worker-0] INFO com.intuit.karate - after scenario inside config 
16:03:41.390 [ForkJoinPool-1-worker-0] INFO com.intuit.karate - From karate-config file 
16:03:41.390 [ForkJoinPool-1-worker-0] DEBUG com.jayway.jsonpath.internal.path.CompiledPath - Evaluating path: $
16:03:41.390 [ForkJoinPool-1-worker-0] INFO com.intuit.karate - after scenario inside config 
16:03:41.390 [pool-1-thread-2] INFO com.intuit.karate.Runner - <<pass>> feature 5 of 26: classpath:featurefiles/KarateTestSuite-03.feature
---------------------------------------------------------
feature: classpath:featurefiles/KarateTestSuite-03.feature
report: build\surefire-reports\featurefiles.KarateTestSuite-03.json
scenarios:  7 | passed:  7 | failed:  0 | time: 0.0695
---------------------------------------------------------
16:03:41.406 [ForkJoinPool-1-worker-0] INFO com.intuit.karate - From karate-config file 
16:03:41.406 [ForkJoinPool-1-worker-0] DEBUG com.jayway.jsonpath.internal.path.CompiledPath - Evaluating path: $
16:03:41.406 [ForkJoinPool-1-worker-0] DEBUG org.apache.http.client.protocol.RequestAddCookies - CookieSpec selected: karate
16:03:41.406 [ForkJoinPool-1-worker-0] DEBUG org.apache.http.client.protocol.RequestAuthCache - Auth cache not set in the context
16:03:41.406 [ForkJoinPool-1-worker-0] DEBUG com.intuit.karate - request:
1 > POST https://www.w3schools.com/xml/tempconvert.asmx/CelsiusToFahrenheit
1 > Accept-Encoding: gzip,deflate
1 > Connection: Keep-Alive
1 > Content-Length: 10
1 > Content-Type: application/x-www-form-urlencoded; charset=UTF-8
1 > Host: www.w3schools.com
1 > User-Agent: Apache-HttpClient/4.5.12 (Java/1.8.0_251)
Celsius=40

16:03:41.406 [ForkJoinPool-1-worker-0] DEBUG org.apache.http.impl.conn.PoolingHttpClientConnectionManager - Connection request: [route: {s}->https://www.w3schools.com:443][total available: 0; route allocated: 0 of 5; total allocated: 0 of 10]
16:03:41.406 [ForkJoinPool-1-worker-0] DEBUG org.apache.http.impl.conn.PoolingHttpClientConnectionManager - Connection leased: [id: 4][route: {s}->https://www.w3schools.com:443][total available: 0; route allocated: 1 of 5; total allocated: 1 of 10]
16:03:41.406 [ForkJoinPool-1-worker-0] DEBUG org.apache.http.impl.execchain.MainClientExec - Opening connection {s}->https://www.w3schools.com:443
16:03:41.406 [ForkJoinPool-1-worker-0] DEBUG org.apache.http.impl.conn.DefaultHttpClientConnectionOperator - Connecting to www.w3schools.com/192.229.179.87:443
16:03:41.406 [ForkJoinPool-1-worker-0] DEBUG org.apache.http.conn.ssl.SSLConnectionSocketFactory - Connecting socket to www.w3schools.com/192.229.179.87:443 with timeout 5000
16:03:41.421 [ForkJoinPool-1-worker-0] DEBUG org.apache.http.conn.ssl.SSLConnectionSocketFactory - Enabled protocols: [TLSv1, TLSv1.1, TLSv1.2]
16:03:41.421 [ForkJoinPool-1-worker-0] DEBUG org.apache.http.conn.ssl.SSLConnectionSocketFactory - Enabled cipher suites:[TLS_ECDHE_ECDSA_WITH_AES_256_CBC_SHA384, TLS_ECDHE_RSA_WITH_AES_256_CBC_SHA384, TLS_RSA_WITH_AES_256_CBC_SHA256, TLS_ECDH_ECDSA_WITH_AES_256_CBC_SHA384, TLS_ECDH_RSA_WITH_AES_256_CBC_SHA384, TLS_DHE_RSA_WITH_AES_256_CBC_SHA256, TLS_DHE_DSS_WITH_AES_256_CBC_SHA256, TLS_ECDHE_ECDSA_WITH_AES_256_CBC_SHA, TLS_ECDHE_RSA_WITH_AES_256_CBC_SHA, TLS_RSA_WITH_AES_256_CBC_SHA, TLS_ECDH_ECDSA_WITH_AES_256_CBC_SHA, TLS_ECDH_RSA_WITH_AES_256_CBC_SHA, TLS_DHE_RSA_WITH_AES_256_CBC_SHA, TLS_DHE_DSS_WITH_AES_256_CBC_SHA, TLS_ECDHE_ECDSA_WITH_AES_128_CBC_SHA256, TLS_ECDHE_RSA_WITH_AES_128_CBC_SHA256, TLS_RSA_WITH_AES_128_CBC_SHA256, TLS_ECDH_ECDSA_WITH_AES_128_CBC_SHA256, TLS_ECDH_RSA_WITH_AES_128_CBC_SHA256, TLS_DHE_RSA_WITH_AES_128_CBC_SHA256, TLS_DHE_DSS_WITH_AES_128_CBC_SHA256, TLS_ECDHE_ECDSA_WITH_AES_128_CBC_SHA, TLS_ECDHE_RSA_WITH_AES_128_CBC_SHA, TLS_RSA_WITH_AES_128_CBC_SHA, TLS_ECDH_ECDSA_WITH_AES_128_CBC_SHA, TLS_ECDH_RSA_WITH_AES_128_CBC_SHA, TLS_DHE_RSA_WITH_AES_128_CBC_SHA, TLS_DHE_DSS_WITH_AES_128_CBC_SHA, TLS_ECDHE_ECDSA_WITH_AES_256_GCM_SHA384, TLS_ECDHE_ECDSA_WITH_AES_128_GCM_SHA256, TLS_ECDHE_RSA_WITH_AES_256_GCM_SHA384, TLS_RSA_WITH_AES_256_GCM_SHA384, TLS_ECDH_ECDSA_WITH_AES_256_GCM_SHA384, TLS_ECDH_RSA_WITH_AES_256_GCM_SHA384, TLS_DHE_RSA_WITH_AES_256_GCM_SHA384, TLS_DHE_DSS_WITH_AES_256_GCM_SHA384, TLS_ECDHE_RSA_WITH_AES_128_GCM_SHA256, TLS_RSA_WITH_AES_128_GCM_SHA256, TLS_ECDH_ECDSA_WITH_AES_128_GCM_SHA256, TLS_ECDH_RSA_WITH_AES_128_GCM_SHA256, TLS_DHE_RSA_WITH_AES_128_GCM_SHA256, TLS_DHE_DSS_WITH_AES_128_GCM_SHA256, TLS_EMPTY_RENEGOTIATION_INFO_SCSV]
16:03:41.421 [ForkJoinPool-1-worker-0] DEBUG org.apache.http.conn.ssl.SSLConnectionSocketFactory - Starting handshake
16:03:41.468 [ForkJoinPool-1-worker-0] DEBUG org.apache.http.conn.ssl.SSLConnectionSocketFactory - Secure session established
16:03:41.468 [ForkJoinPool-1-worker-0] DEBUG org.apache.http.conn.ssl.SSLConnectionSocketFactory -  negotiated protocol: TLSv1.2
16:03:41.468 [ForkJoinPool-1-worker-0] DEBUG org.apache.http.conn.ssl.SSLConnectionSocketFactory -  negotiated cipher suite: TLS_ECDHE_RSA_WITH_AES_128_GCM_SHA256
16:03:41.468 [ForkJoinPool-1-worker-0] DEBUG org.apache.http.conn.ssl.SSLConnectionSocketFactory -  peer principal: CN=*.w3schools.com, OU=IT, O="Verizon Digital Media Services, Inc.", L=Los Angeles, ST=California, C=US
16:03:41.468 [ForkJoinPool-1-worker-0] DEBUG org.apache.http.conn.ssl.SSLConnectionSocketFactory -  peer alternative names: [*.w3schools.com, w3schools.com]
16:03:41.468 [ForkJoinPool-1-worker-0] DEBUG org.apache.http.conn.ssl.SSLConnectionSocketFactory -  issuer principal: CN=DigiCert SHA2 Secure Server CA, O=DigiCert Inc, C=US
16:03:41.468 [ForkJoinPool-1-worker-0] DEBUG org.apache.http.impl.conn.DefaultHttpClientConnectionOperator - Connection established 192.168.1.53:62826<->192.229.179.87:443
16:03:41.468 [ForkJoinPool-1-worker-0] DEBUG org.apache.http.impl.conn.DefaultManagedHttpClientConnection - http-outgoing-4: set socket timeout to 5000
16:03:41.468 [ForkJoinPool-1-worker-0] DEBUG org.apache.http.impl.execchain.MainClientExec - Executing request POST /xml/tempconvert.asmx/CelsiusToFahrenheit HTTP/1.1
16:03:41.468 [ForkJoinPool-1-worker-0] DEBUG org.apache.http.impl.execchain.MainClientExec - Target auth state: UNCHALLENGED
16:03:41.468 [ForkJoinPool-1-worker-0] DEBUG org.apache.http.impl.execchain.MainClientExec - Proxy auth state: UNCHALLENGED
16:03:41.468 [ForkJoinPool-1-worker-0] DEBUG org.apache.http.headers - http-outgoing-4 >> POST /xml/tempconvert.asmx/CelsiusToFahrenheit HTTP/1.1
16:03:41.468 [ForkJoinPool-1-worker-0] DEBUG org.apache.http.headers - http-outgoing-4 >> Content-Type: application/x-www-form-urlencoded; charset=UTF-8
16:03:41.468 [ForkJoinPool-1-worker-0] DEBUG org.apache.http.headers - http-outgoing-4 >> Content-Length: 10
16:03:41.468 [ForkJoinPool-1-worker-0] DEBUG org.apache.http.headers - http-outgoing-4 >> Host: www.w3schools.com
16:03:41.468 [ForkJoinPool-1-worker-0] DEBUG org.apache.http.headers - http-outgoing-4 >> Connection: Keep-Alive
16:03:41.468 [ForkJoinPool-1-worker-0] DEBUG org.apache.http.headers - http-outgoing-4 >> User-Agent: Apache-HttpClient/4.5.12 (Java/1.8.0_251)
16:03:41.468 [ForkJoinPool-1-worker-0] DEBUG org.apache.http.headers - http-outgoing-4 >> Accept-Encoding: gzip,deflate
16:03:41.468 [ForkJoinPool-1-worker-0] DEBUG org.apache.http.wire - http-outgoing-4 >> "POST /xml/tempconvert.asmx/CelsiusToFahrenheit HTTP/1.1[\r][\n]"
16:03:41.468 [ForkJoinPool-1-worker-0] DEBUG org.apache.http.wire - http-outgoing-4 >> "Content-Type: application/x-www-form-urlencoded; charset=UTF-8[\r][\n]"
16:03:41.468 [ForkJoinPool-1-worker-0] DEBUG org.apache.http.wire - http-outgoing-4 >> "Content-Length: 10[\r][\n]"
16:03:41.468 [ForkJoinPool-1-worker-0] DEBUG org.apache.http.wire - http-outgoing-4 >> "Host: www.w3schools.com[\r][\n]"
16:03:41.468 [ForkJoinPool-1-worker-0] DEBUG org.apache.http.wire - http-outgoing-4 >> "Connection: Keep-Alive[\r][\n]"
16:03:41.468 [ForkJoinPool-1-worker-0] DEBUG org.apache.http.wire - http-outgoing-4 >> "User-Agent: Apache-HttpClient/4.5.12 (Java/1.8.0_251)[\r][\n]"
16:03:41.468 [ForkJoinPool-1-worker-0] DEBUG org.apache.http.wire - http-outgoing-4 >> "Accept-Encoding: gzip,deflate[\r][\n]"
16:03:41.468 [ForkJoinPool-1-worker-0] DEBUG org.apache.http.wire - http-outgoing-4 >> "[\r][\n]"
16:03:41.468 [ForkJoinPool-1-worker-0] DEBUG org.apache.http.wire - http-outgoing-4 >> "Celsius=40"
16:03:41.656 [ForkJoinPool-1-worker-1] DEBUG org.apache.http.wire - http-outgoing-3 << "HTTP/1.1 200 OK[\r][\n]"
16:03:41.656 [ForkJoinPool-1-worker-1] DEBUG org.apache.http.wire - http-outgoing-3 << "Cache-Control: private, max-age=0[\r][\n]"
16:03:41.656 [ForkJoinPool-1-worker-1] DEBUG org.apache.http.wire - http-outgoing-3 << "Content-Type: text/xml; charset=utf-8[\r][\n]"
16:03:41.656 [ForkJoinPool-1-worker-1] DEBUG org.apache.http.wire - http-outgoing-3 << "Content-Encoding: gzip[\r][\n]"
16:03:41.656 [ForkJoinPool-1-worker-1] DEBUG org.apache.http.wire - http-outgoing-3 << "Vary: Accept-Encoding[\r][\n]"
16:03:41.656 [ForkJoinPool-1-worker-1] DEBUG org.apache.http.wire - http-outgoing-3 << "Server: Microsoft-IIS/8.0[\r][\n]"
16:03:41.656 [ForkJoinPool-1-worker-1] DEBUG org.apache.http.wire - http-outgoing-3 << "X-AspNet-Version: 2.0.50727[\r][\n]"
16:03:41.656 [ForkJoinPool-1-worker-1] DEBUG org.apache.http.wire - http-outgoing-3 << "X-Powered-By: ASP.NET[\r][\n]"
16:03:41.656 [ForkJoinPool-1-worker-1] DEBUG org.apache.http.wire - http-outgoing-3 << "X-Powered-By-Plesk: PleskWin[\r][\n]"
16:03:41.656 [ForkJoinPool-1-worker-1] DEBUG org.apache.http.wire - http-outgoing-3 << "Date: Fri, 05 Feb 2021 10:33:40 GMT[\r][\n]"
16:03:41.656 [ForkJoinPool-1-worker-1] DEBUG org.apache.http.wire - http-outgoing-3 << "Content-Length: 298[\r][\n]"
16:03:41.656 [ForkJoinPool-1-worker-1] DEBUG org.apache.http.wire - http-outgoing-3 << "[\r][\n]"
16:03:41.656 [ForkJoinPool-1-worker-1] DEBUG org.apache.http.wire - http-outgoing-3 << "[0x1f][0x8b][0x8][0x0][0x0][0x0][0x0][0x0][0x4][0x0][0xed][0xbd][0x7]`[0x1c]I[0x96]%&/m[0xca]{]]>&#x7f;<![CDATA[J[0xf5]J[0xd7][0xe0]t[0xa1][0x8][0x80]`[0x13]$[0xd8][0x90]@[0x10][0xec][0xc1][0x88][0xcd][0xe6][0x92][0xec][0x1d]iG#)[0xab]*[0x81][0xca]eVe]f[0x16]@[0xcc][0xed][0x9d][0xbc][0xf7][0xde]{[0xef][0xbd][0xf7][0xde]{[0xef][0xbd][0xf7][0xba];[0x9d]N'[0xf7][0xdf][0xff]?\fd[0x1]l[0xf6][0xce]J[0xda][0xc9][0x9e]![0x80][0xaa][0xc8][0x1f]?~|[0x1f]?"[0x1e][0xff][0x1e][0xef][0x16]ez[0x99][0xd7]MQ-?[0xfb]hw[0xbc][0xf3]Q[0x9a]/[0xa7][0xd5][0xac]X^|[0xf6][0xd1][0xba]=[0xdf]>[0xf8][0xe8][0xf7]8z[0xdc]T[0xd9][0xea][0xd1][0xe9][0xf2]2/[0xab]U[0x9e][0xd2]+[0xcb][0xe6][0x11]>[0xfb][0xec][0xa3]y[0xdb][0xae][0x1e][0xdd][0xbd][0xdb]L[0xe7][0xf9]"k[0xc6][0xf4][0x15]>[0x1f]W[0xf5][0xc5]][0xfc]r7[0xd7][0x97][0xee]~[0xa4][0xaf][0xbd]k[\n]"
16:03:41.656 [ForkJoinPool-1-worker-1] DEBUG org.apache.http.wire - http-outgoing-3 << "[0xfb][0xd6][0xd5][0xd5][0xd5][0xf8][0xea][0x1e]7[0xde][0xdb][0xd9][0xd9][0xbd][0xfb]{]]>&#x7f;<![CDATA[[0xf1][0xfc]5[0x3][0xda].[0x96]M[0x9b]-[0xa7][0xb9]{kv[0xf3][[0x1f])[0xa2]O[0xaa][0xd9][0xf5][0xd1][0xe3][0xe3][0xd9][0xec]U[0xde][0xac][0xaa]e[0xa3][0x18][[0x0]m[0xbe]X[0xad][0xeb][0x82]![0xd0];[0xd2]p][0xb6]G[0xf7]w[0x1e][0xdf]u]]>&#x7f;<![CDATA[[0x99][0xdf][0x19][0x4][0xfd][0xe5][0xc1][0x96][0xdf][\r]A[0x8e][0xfe][0x1f]L[0x8d][0x0]5F[0x1][0x0][0x0]"
16:03:41.656 [ForkJoinPool-1-worker-1] DEBUG org.apache.http.headers - http-outgoing-3 << HTTP/1.1 200 OK
16:03:41.656 [ForkJoinPool-1-worker-1] DEBUG org.apache.http.headers - http-outgoing-3 << Cache-Control: private, max-age=0
16:03:41.656 [ForkJoinPool-1-worker-1] DEBUG org.apache.http.headers - http-outgoing-3 << Content-Type: text/xml; charset=utf-8
16:03:41.656 [ForkJoinPool-1-worker-1] DEBUG org.apache.http.headers - http-outgoing-3 << Content-Encoding: gzip
16:03:41.656 [ForkJoinPool-1-worker-1] DEBUG org.apache.http.headers - http-outgoing-3 << Vary: Accept-Encoding
16:03:41.656 [ForkJoinPool-1-worker-1] DEBUG org.apache.http.headers - http-outgoing-3 << Server: Microsoft-IIS/8.0
16:03:41.656 [ForkJoinPool-1-worker-1] DEBUG org.apache.http.headers - http-outgoing-3 << X-AspNet-Version: 2.0.50727
16:03:41.656 [ForkJoinPool-1-worker-1] DEBUG org.apache.http.headers - http-outgoing-3 << X-Powered-By: ASP.NET
16:03:41.656 [ForkJoinPool-1-worker-1] DEBUG org.apache.http.headers - http-outgoing-3 << X-Powered-By-Plesk: PleskWin
16:03:41.656 [ForkJoinPool-1-worker-1] DEBUG org.apache.http.headers - http-outgoing-3 << Date: Fri, 05 Feb 2021 10:33:40 GMT
16:03:41.656 [ForkJoinPool-1-worker-1] DEBUG org.apache.http.headers - http-outgoing-3 << Content-Length: 298
16:03:41.656 [ForkJoinPool-1-worker-1] DEBUG org.apache.http.impl.execchain.MainClientExec - Connection can be kept alive indefinitely
16:03:41.671 [ForkJoinPool-1-worker-1] DEBUG org.apache.http.impl.conn.PoolingHttpClientConnectionManager - Connection [id: 3][route: {}->http://www.dneonline.com:80] can be kept alive indefinitely
16:03:41.671 [ForkJoinPool-1-worker-1] DEBUG org.apache.http.impl.conn.DefaultManagedHttpClientConnection - http-outgoing-3: set socket timeout to 0
16:03:41.671 [ForkJoinPool-1-worker-1] DEBUG org.apache.http.impl.conn.PoolingHttpClientConnectionManager - Connection released: [id: 3][route: {}->http://www.dneonline.com:80][total available: 1; route allocated: 1 of 5; total allocated: 1 of 10]
16:03:41.671 [ForkJoinPool-1-worker-1] DEBUG com.intuit.karate - response time in milliseconds: 616.92
1 < 200
1 < Cache-Control: private, max-age=0
1 < Content-Type: text/xml; charset=utf-8
1 < Date: Fri, 05 Feb 2021 10:33:40 GMT
1 < Server: Microsoft-IIS/8.0
1 < Vary: Accept-Encoding
1 < X-AspNet-Version: 2.0.50727
1 < X-Powered-By: ASP.NET
1 < X-Powered-By-Plesk: PleskWin
<?xml version="1.0" encoding="utf-8"?><soap:Envelope xmlns:soap="http://schemas.xmlsoap.org/soap/envelope/" xmlns:xsi="http://www.w3.org/2001/XMLSchema-instance" xmlns:xsd="http://www.w3.org/2001/XMLSchema"><soap:Body><AddResponse xmlns="http://tempuri.org/"><AddResult>50</AddResult></AddResponse></soap:Body></soap:Envelope>

16:03:41.671 [ForkJoinPool-1-worker-1] DEBUG com.jayway.jsonpath.internal.path.CompiledPath - Evaluating path: $
16:03:41.671 [ForkJoinPool-1-worker-1] INFO com.intuit.karate - [print] {
  "Cache-Control": [
    "private, max-age=0"
  ],
  "Content-Type": [
    "text/xml; charset=utf-8"
  ],
  "Vary": [
    "Accept-Encoding"
  ],
  "Server": [
    "Microsoft-IIS/8.0"
  ],
  "X-AspNet-Version": [
    "2.0.50727"
  ],
  "X-Powered-By": [
    "ASP.NET"
  ],
  "X-Powered-By-Plesk": [
    "PleskWin"
  ],
  "Date": [
    "Fri, 05 Feb 2021 10:33:40 GMT"
  ]
}

16:03:41.687 [ForkJoinPool-1-worker-1] DEBUG com.jayway.jsonpath.internal.path.CompiledPath - Evaluating path: $
16:03:41.687 [ForkJoinPool-1-worker-1] INFO com.intuit.karate - [print] [
  "2.0.50727"
]

16:03:41.687 [ForkJoinPool-1-worker-1] INFO com.intuit.karate - [print] Microsoft-IIS/8.0
16:03:41.687 [ForkJoinPool-1-worker-1] DEBUG com.jayway.jsonpath.internal.path.CompiledPath - Evaluating path: $
16:03:41.687 [ForkJoinPool-1-worker-1] DEBUG com.jayway.jsonpath.internal.path.CompiledPath - Evaluating path: $["Server"]
16:03:41.687 [ForkJoinPool-1-worker-1] DEBUG com.jayway.jsonpath.internal.path.CompiledPath - Evaluating path: $
16:03:41.687 [ForkJoinPool-1-worker-1] DEBUG com.jayway.jsonpath.internal.path.CompiledPath - Evaluating path: $["X-AspNet-Version"][0]
16:03:41.687 [ForkJoinPool-1-worker-1] DEBUG com.jayway.jsonpath.internal.path.CompiledPath - Evaluating path: $["Server"][0]
16:03:41.687 [ForkJoinPool-1-worker-1] INFO com.intuit.karate - [print] xml
16:03:41.687 [ForkJoinPool-1-worker-1] INFO com.intuit.karate - [print] <soap:Envelope xmlns:soap="http://schemas.xmlsoap.org/soap/envelope/" xmlns:xsd="http://www.w3.org/2001/XMLSchema" xmlns:xsi="http://www.w3.org/2001/XMLSchema-instance">
  <soap:Body>
    <AddResponse xmlns="http://tempuri.org/">
      <AddResult>50</AddResult>
    </AddResponse>
  </soap:Body>
</soap:Envelope>

16:03:41.687 [ForkJoinPool-1-worker-1] INFO com.intuit.karate - [print] 617
16:03:41.687 [ForkJoinPool-1-worker-1] INFO com.intuit.karate - [print] 200
16:03:41.703 [ForkJoinPool-1-worker-1] INFO com.intuit.karate - after scenario inside config 
16:03:41.703 [pool-1-thread-1] INFO com.intuit.karate.Runner - <<pass>> feature 6 of 26: classpath:featurefiles/KarateTestSuite-04_SOAP_API.feature
---------------------------------------------------------
feature: classpath:featurefiles/KarateTestSuite-04_SOAP_API.feature
report: build\surefire-reports\featurefiles.KarateTestSuite-04_SOAP_API.json
scenarios:  2 | passed:  2 | failed:  0 | time: 1.0276
---------------------------------------------------------
16:03:41.718 [ForkJoinPool-1-worker-0] DEBUG org.apache.http.wire - http-outgoing-4 << "HTTP/1.1 200 OK[\r][\n]"
16:03:41.718 [ForkJoinPool-1-worker-0] DEBUG org.apache.http.wire - http-outgoing-4 << "Content-Encoding: gzip[\r][\n]"
16:03:41.718 [ForkJoinPool-1-worker-0] DEBUG org.apache.http.wire - http-outgoing-4 << "Cache-Control: private, max-age=0,public[\r][\n]"
16:03:41.718 [ForkJoinPool-1-worker-0] DEBUG org.apache.http.wire - http-outgoing-4 << "Content-Type: text/xml; charset=utf-8[\r][\n]"
16:03:41.718 [ForkJoinPool-1-worker-0] DEBUG org.apache.http.wire - http-outgoing-4 << "Date: Fri, 05 Feb 2021 10:25:30 GMT[\r][\n]"
16:03:41.718 [ForkJoinPool-1-worker-0] DEBUG org.apache.http.wire - http-outgoing-4 << "Server: Microsoft-IIS/7.5[\r][\n]"
16:03:41.718 [ForkJoinPool-1-worker-0] DEBUG org.apache.http.wire - http-outgoing-4 << "Vary: Accept-Encoding[\r][\n]"
16:03:41.718 [ForkJoinPool-1-worker-0] DEBUG org.apache.http.wire - http-outgoing-4 << "X-AspNet-Version: 4.0.30319[\r][\n]"
16:03:41.718 [ForkJoinPool-1-worker-0] DEBUG org.apache.http.wire - http-outgoing-4 << "X-Frame-Options: SAMEORIGIN[\r][\n]"
16:03:41.718 [ForkJoinPool-1-worker-0] DEBUG org.apache.http.wire - http-outgoing-4 << "X-Powered-By: ASP.NET[\r][\n]"
16:03:41.718 [ForkJoinPool-1-worker-0] DEBUG org.apache.http.wire - http-outgoing-4 << "Content-Length: 207[\r][\n]"
16:03:41.718 [ForkJoinPool-1-worker-0] DEBUG org.apache.http.wire - http-outgoing-4 << "[\r][\n]"
16:03:41.718 [ForkJoinPool-1-worker-0] DEBUG org.apache.http.headers - http-outgoing-4 << HTTP/1.1 200 OK
16:03:41.718 [ForkJoinPool-1-worker-0] DEBUG org.apache.http.headers - http-outgoing-4 << Content-Encoding: gzip
16:03:41.718 [ForkJoinPool-1-worker-0] DEBUG org.apache.http.headers - http-outgoing-4 << Cache-Control: private, max-age=0,public
16:03:41.718 [ForkJoinPool-1-worker-0] DEBUG org.apache.http.headers - http-outgoing-4 << Content-Type: text/xml; charset=utf-8
16:03:41.718 [ForkJoinPool-1-worker-0] DEBUG org.apache.http.headers - http-outgoing-4 << Date: Fri, 05 Feb 2021 10:25:30 GMT
16:03:41.718 [ForkJoinPool-1-worker-0] DEBUG org.apache.http.headers - http-outgoing-4 << Server: Microsoft-IIS/7.5
16:03:41.718 [ForkJoinPool-1-worker-0] DEBUG org.apache.http.headers - http-outgoing-4 << Vary: Accept-Encoding
16:03:41.718 [ForkJoinPool-1-worker-0] DEBUG org.apache.http.headers - http-outgoing-4 << X-AspNet-Version: 4.0.30319
16:03:41.718 [ForkJoinPool-1-worker-0] DEBUG org.apache.http.headers - http-outgoing-4 << X-Frame-Options: SAMEORIGIN
16:03:41.718 [ForkJoinPool-1-worker-0] DEBUG org.apache.http.headers - http-outgoing-4 << X-Powered-By: ASP.NET
16:03:41.718 [ForkJoinPool-1-worker-0] DEBUG org.apache.http.headers - http-outgoing-4 << Content-Length: 207
16:03:41.718 [ForkJoinPool-1-worker-0] DEBUG org.apache.http.impl.execchain.MainClientExec - Connection can be kept alive indefinitely
16:03:41.718 [ForkJoinPool-1-worker-0] DEBUG org.apache.http.wire - http-outgoing-4 << "[0x1f][0x8b][0x8][0x0][0x0][0x0][0x0][0x0][0x4][0x0][0xed][0xbd][0x7]`[0x1c]I[0x96]%&/m[0xca]{]]>&#x7f;<![CDATA[J[0xf5]J[0xd7][0xe0]t[0xa1][0x8][0x80]`[0x13]$[0xd8][0x90]@[0x10][0xec][0xc1][0x88][0xcd][0xe6][0x92][0xec][0x1d]iG#)[0xab]*[0x81][0xca]eVe]f[0x16]@[0xcc][0xed][0x9d][0xbc][0xf7][0xde]{[0xef][0xbd][0xf7][0xde]{[0xef][0xbd][0xf7][0xba];[0x9d]N'[0xf7][0xdf][0xff]?\fd[0x1]l[0xf6][0xce]J[0xda][0xc9][0x9e]![0x80][0xaa][0xc8][0x1f]?~|[0x1f]?"[0x1e][0xff][0x1e][0xef][0x16]ez[0x99][0xd7]MQ-?[0xfb]hw[0xbc][0xf3]Q[0x9a]/[0xa7][0xd5][0xac]X^|[0xf6][0xd1][0xba]=[0xdf]>[0xf8][0xe8][0xf7]8[0xfa][0x8d][0x93][0xc7]M[[0xd3]G)[0xb5]^6[0x9f]}4o[0xdb]U[0xf3][0xe8][0xee][0xdd][0xab][0xab][0xab][0xf1][0xd5][0xbd]f:[0xaf][0xaa][0xb2][0x19]O[0xab][0xc5]]jp[0xf7][0xa3][0xa3][0xdd][0x9d][0xfd][0xc7]w[0xe5][0x95][0xa3][0xff][0x7] [0xa2]\[0x8c]c[0x0][0x0][0x0]"
16:03:41.718 [ForkJoinPool-1-worker-0] DEBUG org.apache.http.impl.conn.PoolingHttpClientConnectionManager - Connection [id: 4][route: {s}->https://www.w3schools.com:443] can be kept alive indefinitely
16:03:41.718 [ForkJoinPool-1-worker-0] DEBUG org.apache.http.impl.conn.DefaultManagedHttpClientConnection - http-outgoing-4: set socket timeout to 0
16:03:41.718 [ForkJoinPool-1-worker-1] INFO com.intuit.karate - From karate-config file 
16:03:41.718 [ForkJoinPool-1-worker-0] DEBUG org.apache.http.impl.conn.PoolingHttpClientConnectionManager - Connection released: [id: 4][route: {s}->https://www.w3schools.com:443][total available: 1; route allocated: 1 of 5; total allocated: 1 of 10]
16:03:41.718 [ForkJoinPool-1-worker-0] DEBUG com.intuit.karate - response time in milliseconds: 308.08
1 < 200
1 < Cache-Control: private, max-age=0,public
1 < Content-Type: text/xml; charset=utf-8
1 < Date: Fri, 05 Feb 2021 10:25:30 GMT
1 < Server: Microsoft-IIS/7.5
1 < Vary: Accept-Encoding
1 < X-AspNet-Version: 4.0.30319
1 < X-Frame-Options: SAMEORIGIN
1 < X-Powered-By: ASP.NET
<?xml version="1.0" encoding="utf-8"?>
<string xmlns="https://www.w3schools.com/xml/">104</string>

16:03:41.718 [ForkJoinPool-1-worker-1] DEBUG com.jayway.jsonpath.internal.path.CompiledPath - Evaluating path: $
16:03:41.718 [ForkJoinPool-1-worker-0] DEBUG com.jayway.jsonpath.internal.path.CompiledPath - Evaluating path: $
16:03:41.718 [ForkJoinPool-1-worker-0] INFO com.intuit.karate - [print] {
  "Cache-Control": [
    "private, max-age=0,public"
  ],
  "Content-Type": [
    "text/xml; charset=utf-8"
  ],
  "Date": [
    "Fri, 05 Feb 2021 10:25:30 GMT"
  ],
  "Server": [
    "Microsoft-IIS/7.5"
  ],
  "Vary": [
    "Accept-Encoding"
  ],
  "X-AspNet-Version": [
    "4.0.30319"
  ],
  "X-Frame-Options": [
    "SAMEORIGIN"
  ],
  "X-Powered-By": [
    "ASP.NET"
  ]
}

16:03:41.718 [ForkJoinPool-1-worker-0] INFO com.intuit.karate - [print] xml
16:03:41.718 [ForkJoinPool-1-worker-0] INFO com.intuit.karate - [print] 308
16:03:41.718 [ForkJoinPool-1-worker-0] INFO com.intuit.karate - [print] <string xmlns="https://www.w3schools.com/xml/">104</string>

16:03:41.718 [ForkJoinPool-1-worker-0] DEBUG com.jayway.jsonpath.internal.path.CompiledPath - Evaluating path: $
16:03:41.718 [ForkJoinPool-1-worker-0] DEBUG com.jayway.jsonpath.internal.path.CompiledPath - Evaluating path: $["X-Powered-By"]
16:03:41.718 [ForkJoinPool-1-worker-0] DEBUG com.jayway.jsonpath.internal.path.CompiledPath - Evaluating path: $
16:03:41.718 [ForkJoinPool-1-worker-0] DEBUG com.jayway.jsonpath.internal.path.CompiledPath - Evaluating path: $["X-AspNet-Version"][0]
16:03:41.718 [ForkJoinPool-1-worker-0] INFO com.intuit.karate - after scenario inside config 
16:03:41.718 [ForkJoinPool-1-worker-1] INFO com.intuit.karate - [print] After assert
16:03:41.718 [ForkJoinPool-1-worker-1] INFO com.intuit.karate - after scenario inside config 
16:03:41.734 [pool-1-thread-1] INFO com.intuit.karate.Runner - <<pass>> feature 8 of 26: classpath:featurefiles/KarateTestSuite-06.feature
---------------------------------------------------------
feature: classpath:featurefiles/KarateTestSuite-06.feature
report: build\surefire-reports\featurefiles.KarateTestSuite-06.json
scenarios:  1 | passed:  1 | failed:  0 | time: 0.0095
---------------------------------------------------------
16:03:41.749 [pool-1-thread-2] INFO com.intuit.karate.Runner - <<pass>> feature 7 of 26: classpath:featurefiles/KarateTestSuite-05_REST_API.feature
16:03:41.749 [ForkJoinPool-1-worker-1] INFO com.intuit.karate - From karate-config file 
16:03:41.749 [ForkJoinPool-1-worker-1] DEBUG com.jayway.jsonpath.internal.path.CompiledPath - Evaluating path: $
---------------------------------------------------------
feature: classpath:featurefiles/KarateTestSuite-05_REST_API.feature
report: build\surefire-reports\featurefiles.KarateTestSuite-05_REST_API.json
scenarios:  1 | passed:  1 | failed:  0 | time: 0.3177
---------------------------------------------------------
16:03:41.749 [ForkJoinPool-1-worker-1] INFO com.intuit.karate - after scenario inside config 
16:03:41.749 [ForkJoinPool-1-worker-1] INFO com.intuit.karate - From karate-config file 
16:03:41.749 [ForkJoinPool-1-worker-1] DEBUG com.jayway.jsonpath.internal.path.CompiledPath - Evaluating path: $
16:03:41.749 [pool-1-thread-1] INFO com.intuit.karate.Runner - <<pass>> feature 9 of 26: classpath:featurefiles/KarateTestSuite-07.feature
---------------------------------------------------------
feature: classpath:featurefiles/KarateTestSuite-07.feature
report: build\surefire-reports\featurefiles.KarateTestSuite-07.json
scenarios:  1 | passed:  1 | failed:  0 | time: 0.0063
---------------------------------------------------------
16:03:41.765 [ForkJoinPool-1-worker-1] INFO com.intuit.karate - after scenario inside config 
16:03:41.765 [ForkJoinPool-1-worker-0] INFO com.intuit.karate - From karate-config file 
16:03:41.765 [ForkJoinPool-1-worker-0] DEBUG com.jayway.jsonpath.internal.path.CompiledPath - Evaluating path: $
16:03:41.781 [ForkJoinPool-1-worker-0] DEBUG org.apache.http.client.protocol.RequestAddCookies - CookieSpec selected: karate
16:03:41.781 [ForkJoinPool-1-worker-0] DEBUG org.apache.http.client.protocol.RequestAuthCache - Auth cache not set in the context
16:03:41.781 [ForkJoinPool-1-worker-0] DEBUG com.intuit.karate - request:
1 > POST https://www.w3schools.com/xml/tempconvert.asmx
1 > Accept-Encoding: gzip,deflate
1 > Connection: Keep-Alive
1 > Content-Length: 359
1 > Content-Type: text/xml; charset=UTF-8
1 > Host: www.w3schools.com
1 > SOAPAction: https://www.w3schools.com/xml/CelsiusToFahrenheit
1 > User-Agent: Apache-HttpClient/4.5.12 (Java/1.8.0_251)
<soap:Envelope xmlns:soap="http://schemas.xmlsoap.org/soap/envelope/" xmlns:xsd="http://www.w3.org/2001/XMLSchema" xmlns:xsi="http://www.w3.org/2001/XMLSchema-instance">
    <soap:Body>
        <CelsiusToFahrenheit xmlns="https://www.w3schools.com/xml/">
            <Celsius>37</Celsius>
        </CelsiusToFahrenheit>
    </soap:Body>
</soap:Envelope>

16:03:41.781 [ForkJoinPool-1-worker-0] DEBUG org.apache.http.impl.conn.PoolingHttpClientConnectionManager - Connection request: [route: {s}->https://www.w3schools.com:443][total available: 0; route allocated: 0 of 5; total allocated: 0 of 10]
16:03:41.781 [ForkJoinPool-1-worker-0] DEBUG org.apache.http.impl.conn.PoolingHttpClientConnectionManager - Connection leased: [id: 5][route: {s}->https://www.w3schools.com:443][total available: 0; route allocated: 1 of 5; total allocated: 1 of 10]
16:03:41.781 [ForkJoinPool-1-worker-0] DEBUG org.apache.http.impl.execchain.MainClientExec - Opening connection {s}->https://www.w3schools.com:443
16:03:41.781 [ForkJoinPool-1-worker-0] DEBUG org.apache.http.impl.conn.DefaultHttpClientConnectionOperator - Connecting to www.w3schools.com/192.229.179.87:443
16:03:41.781 [ForkJoinPool-1-worker-0] DEBUG org.apache.http.conn.ssl.SSLConnectionSocketFactory - Connecting socket to www.w3schools.com/192.229.179.87:443 with timeout 5000
16:03:41.781 [pool-1-thread-2] INFO com.intuit.karate.Runner - <<pass>> feature 10 of 26: classpath:featurefiles/KarateTestSuite-08.feature
---------------------------------------------------------
feature: classpath:featurefiles/KarateTestSuite-08.feature
report: build\surefire-reports\featurefiles.KarateTestSuite-08.json
scenarios:  1 | passed:  1 | failed:  0 | time: 0.0135
---------------------------------------------------------
16:03:41.781 [ForkJoinPool-1-worker-1] INFO com.intuit.karate - From karate-config file 
16:03:41.781 [ForkJoinPool-1-worker-1] DEBUG com.jayway.jsonpath.internal.path.CompiledPath - Evaluating path: $
16:03:41.781 [ForkJoinPool-1-worker-1] DEBUG org.apache.http.client.protocol.RequestAddCookies - CookieSpec selected: karate
16:03:41.781 [ForkJoinPool-1-worker-1] DEBUG org.apache.http.client.protocol.RequestAuthCache - Auth cache not set in the context
16:03:41.781 [ForkJoinPool-1-worker-1] DEBUG com.intuit.karate - request:
1 > GET http://dummy.restapiexample.com/api/v1/employees
1 > Accept-Encoding: gzip,deflate
1 > Connection: Keep-Alive
1 > Host: dummy.restapiexample.com
1 > User-Agent: Apache-HttpClient/4.5.12 (Java/1.8.0_251)

16:03:41.796 [ForkJoinPool-1-worker-1] DEBUG org.apache.http.impl.conn.PoolingHttpClientConnectionManager - Connection request: [route: {}->http://dummy.restapiexample.com:80][total available: 0; route allocated: 0 of 5; total allocated: 0 of 10]
16:03:41.796 [ForkJoinPool-1-worker-1] DEBUG org.apache.http.impl.conn.PoolingHttpClientConnectionManager - Connection leased: [id: 6][route: {}->http://dummy.restapiexample.com:80][total available: 0; route allocated: 1 of 5; total allocated: 1 of 10]
16:03:41.796 [ForkJoinPool-1-worker-1] DEBUG org.apache.http.impl.execchain.MainClientExec - Opening connection {}->http://dummy.restapiexample.com:80
16:03:41.796 [ForkJoinPool-1-worker-1] DEBUG org.apache.http.impl.conn.DefaultHttpClientConnectionOperator - Connecting to dummy.restapiexample.com/3.6.18.84:80
16:03:41.796 [ForkJoinPool-1-worker-0] DEBUG org.apache.http.conn.ssl.SSLConnectionSocketFactory - Enabled protocols: [TLSv1, TLSv1.1, TLSv1.2]
16:03:41.796 [ForkJoinPool-1-worker-0] DEBUG org.apache.http.conn.ssl.SSLConnectionSocketFactory - Enabled cipher suites:[TLS_ECDHE_ECDSA_WITH_AES_256_CBC_SHA384, TLS_ECDHE_RSA_WITH_AES_256_CBC_SHA384, TLS_RSA_WITH_AES_256_CBC_SHA256, TLS_ECDH_ECDSA_WITH_AES_256_CBC_SHA384, TLS_ECDH_RSA_WITH_AES_256_CBC_SHA384, TLS_DHE_RSA_WITH_AES_256_CBC_SHA256, TLS_DHE_DSS_WITH_AES_256_CBC_SHA256, TLS_ECDHE_ECDSA_WITH_AES_256_CBC_SHA, TLS_ECDHE_RSA_WITH_AES_256_CBC_SHA, TLS_RSA_WITH_AES_256_CBC_SHA, TLS_ECDH_ECDSA_WITH_AES_256_CBC_SHA, TLS_ECDH_RSA_WITH_AES_256_CBC_SHA, TLS_DHE_RSA_WITH_AES_256_CBC_SHA, TLS_DHE_DSS_WITH_AES_256_CBC_SHA, TLS_ECDHE_ECDSA_WITH_AES_128_CBC_SHA256, TLS_ECDHE_RSA_WITH_AES_128_CBC_SHA256, TLS_RSA_WITH_AES_128_CBC_SHA256, TLS_ECDH_ECDSA_WITH_AES_128_CBC_SHA256, TLS_ECDH_RSA_WITH_AES_128_CBC_SHA256, TLS_DHE_RSA_WITH_AES_128_CBC_SHA256, TLS_DHE_DSS_WITH_AES_128_CBC_SHA256, TLS_ECDHE_ECDSA_WITH_AES_128_CBC_SHA, TLS_ECDHE_RSA_WITH_AES_128_CBC_SHA, TLS_RSA_WITH_AES_128_CBC_SHA, TLS_ECDH_ECDSA_WITH_AES_128_CBC_SHA, TLS_ECDH_RSA_WITH_AES_128_CBC_SHA, TLS_DHE_RSA_WITH_AES_128_CBC_SHA, TLS_DHE_DSS_WITH_AES_128_CBC_SHA, TLS_ECDHE_ECDSA_WITH_AES_256_GCM_SHA384, TLS_ECDHE_ECDSA_WITH_AES_128_GCM_SHA256, TLS_ECDHE_RSA_WITH_AES_256_GCM_SHA384, TLS_RSA_WITH_AES_256_GCM_SHA384, TLS_ECDH_ECDSA_WITH_AES_256_GCM_SHA384, TLS_ECDH_RSA_WITH_AES_256_GCM_SHA384, TLS_DHE_RSA_WITH_AES_256_GCM_SHA384, TLS_DHE_DSS_WITH_AES_256_GCM_SHA384, TLS_ECDHE_RSA_WITH_AES_128_GCM_SHA256, TLS_RSA_WITH_AES_128_GCM_SHA256, TLS_ECDH_ECDSA_WITH_AES_128_GCM_SHA256, TLS_ECDH_RSA_WITH_AES_128_GCM_SHA256, TLS_DHE_RSA_WITH_AES_128_GCM_SHA256, TLS_DHE_DSS_WITH_AES_128_GCM_SHA256, TLS_EMPTY_RENEGOTIATION_INFO_SCSV]
16:03:41.796 [ForkJoinPool-1-worker-0] DEBUG org.apache.http.conn.ssl.SSLConnectionSocketFactory - Starting handshake
16:03:41.812 [ForkJoinPool-1-worker-1] DEBUG org.apache.http.impl.conn.DefaultHttpClientConnectionOperator - Connection established 192.168.1.53:62828<->3.6.18.84:80
16:03:41.812 [ForkJoinPool-1-worker-1] DEBUG org.apache.http.impl.conn.DefaultManagedHttpClientConnection - http-outgoing-6: set socket timeout to 5000
16:03:41.812 [ForkJoinPool-1-worker-1] DEBUG org.apache.http.impl.execchain.MainClientExec - Executing request GET /api/v1/employees HTTP/1.1
16:03:41.812 [ForkJoinPool-1-worker-1] DEBUG org.apache.http.impl.execchain.MainClientExec - Target auth state: UNCHALLENGED
16:03:41.812 [ForkJoinPool-1-worker-1] DEBUG org.apache.http.impl.execchain.MainClientExec - Proxy auth state: UNCHALLENGED
16:03:41.812 [ForkJoinPool-1-worker-1] DEBUG org.apache.http.headers - http-outgoing-6 >> GET /api/v1/employees HTTP/1.1
16:03:41.812 [ForkJoinPool-1-worker-1] DEBUG org.apache.http.headers - http-outgoing-6 >> Host: dummy.restapiexample.com
16:03:41.812 [ForkJoinPool-1-worker-1] DEBUG org.apache.http.headers - http-outgoing-6 >> Connection: Keep-Alive
16:03:41.812 [ForkJoinPool-1-worker-1] DEBUG org.apache.http.headers - http-outgoing-6 >> User-Agent: Apache-HttpClient/4.5.12 (Java/1.8.0_251)
16:03:41.812 [ForkJoinPool-1-worker-1] DEBUG org.apache.http.headers - http-outgoing-6 >> Accept-Encoding: gzip,deflate
16:03:41.812 [ForkJoinPool-1-worker-1] DEBUG org.apache.http.wire - http-outgoing-6 >> "GET /api/v1/employees HTTP/1.1[\r][\n]"
16:03:41.812 [ForkJoinPool-1-worker-1] DEBUG org.apache.http.wire - http-outgoing-6 >> "Host: dummy.restapiexample.com[\r][\n]"
16:03:41.812 [ForkJoinPool-1-worker-1] DEBUG org.apache.http.wire - http-outgoing-6 >> "Connection: Keep-Alive[\r][\n]"
16:03:41.812 [ForkJoinPool-1-worker-1] DEBUG org.apache.http.wire - http-outgoing-6 >> "User-Agent: Apache-HttpClient/4.5.12 (Java/1.8.0_251)[\r][\n]"
16:03:41.812 [ForkJoinPool-1-worker-1] DEBUG org.apache.http.wire - http-outgoing-6 >> "Accept-Encoding: gzip,deflate[\r][\n]"
16:03:41.812 [ForkJoinPool-1-worker-1] DEBUG org.apache.http.wire - http-outgoing-6 >> "[\r][\n]"
16:03:41.843 [ForkJoinPool-1-worker-0] DEBUG org.apache.http.conn.ssl.SSLConnectionSocketFactory - Secure session established
16:03:41.843 [ForkJoinPool-1-worker-0] DEBUG org.apache.http.conn.ssl.SSLConnectionSocketFactory -  negotiated protocol: TLSv1.2
16:03:41.843 [ForkJoinPool-1-worker-0] DEBUG org.apache.http.conn.ssl.SSLConnectionSocketFactory -  negotiated cipher suite: TLS_ECDHE_RSA_WITH_AES_128_GCM_SHA256
16:03:41.843 [ForkJoinPool-1-worker-0] DEBUG org.apache.http.conn.ssl.SSLConnectionSocketFactory -  peer principal: CN=*.w3schools.com, OU=IT, O="Verizon Digital Media Services, Inc.", L=Los Angeles, ST=California, C=US
16:03:41.843 [ForkJoinPool-1-worker-0] DEBUG org.apache.http.conn.ssl.SSLConnectionSocketFactory -  peer alternative names: [*.w3schools.com, w3schools.com]
16:03:41.843 [ForkJoinPool-1-worker-0] DEBUG org.apache.http.conn.ssl.SSLConnectionSocketFactory -  issuer principal: CN=DigiCert SHA2 Secure Server CA, O=DigiCert Inc, C=US
16:03:41.843 [ForkJoinPool-1-worker-0] DEBUG org.apache.http.impl.conn.DefaultHttpClientConnectionOperator - Connection established 192.168.1.53:62827<->192.229.179.87:443
16:03:41.843 [ForkJoinPool-1-worker-0] DEBUG org.apache.http.impl.conn.DefaultManagedHttpClientConnection - http-outgoing-5: set socket timeout to 5000
16:03:41.843 [ForkJoinPool-1-worker-0] DEBUG org.apache.http.impl.execchain.MainClientExec - Executing request POST /xml/tempconvert.asmx HTTP/1.1
16:03:41.843 [ForkJoinPool-1-worker-0] DEBUG org.apache.http.impl.execchain.MainClientExec - Target auth state: UNCHALLENGED
16:03:41.843 [ForkJoinPool-1-worker-0] DEBUG org.apache.http.impl.execchain.MainClientExec - Proxy auth state: UNCHALLENGED
16:03:41.843 [ForkJoinPool-1-worker-0] DEBUG org.apache.http.headers - http-outgoing-5 >> POST /xml/tempconvert.asmx HTTP/1.1
16:03:41.843 [ForkJoinPool-1-worker-0] DEBUG org.apache.http.headers - http-outgoing-5 >> Content-Type: text/xml; charset=UTF-8
16:03:41.843 [ForkJoinPool-1-worker-0] DEBUG org.apache.http.headers - http-outgoing-5 >> SOAPAction: https://www.w3schools.com/xml/CelsiusToFahrenheit
16:03:41.843 [ForkJoinPool-1-worker-0] DEBUG org.apache.http.headers - http-outgoing-5 >> Content-Length: 359
16:03:41.843 [ForkJoinPool-1-worker-0] DEBUG org.apache.http.headers - http-outgoing-5 >> Host: www.w3schools.com
16:03:41.843 [ForkJoinPool-1-worker-0] DEBUG org.apache.http.headers - http-outgoing-5 >> Connection: Keep-Alive
16:03:41.843 [ForkJoinPool-1-worker-0] DEBUG org.apache.http.headers - http-outgoing-5 >> User-Agent: Apache-HttpClient/4.5.12 (Java/1.8.0_251)
16:03:41.843 [ForkJoinPool-1-worker-0] DEBUG org.apache.http.headers - http-outgoing-5 >> Accept-Encoding: gzip,deflate
16:03:41.843 [ForkJoinPool-1-worker-0] DEBUG org.apache.http.wire - http-outgoing-5 >> "POST /xml/tempconvert.asmx HTTP/1.1[\r][\n]"
16:03:41.843 [ForkJoinPool-1-worker-0] DEBUG org.apache.http.wire - http-outgoing-5 >> "Content-Type: text/xml; charset=UTF-8[\r][\n]"
16:03:41.843 [ForkJoinPool-1-worker-0] DEBUG org.apache.http.wire - http-outgoing-5 >> "SOAPAction: https://www.w3schools.com/xml/CelsiusToFahrenheit[\r][\n]"
16:03:41.843 [ForkJoinPool-1-worker-0] DEBUG org.apache.http.wire - http-outgoing-5 >> "Content-Length: 359[\r][\n]"
16:03:41.843 [ForkJoinPool-1-worker-0] DEBUG org.apache.http.wire - http-outgoing-5 >> "Host: www.w3schools.com[\r][\n]"
16:03:41.843 [ForkJoinPool-1-worker-0] DEBUG org.apache.http.wire - http-outgoing-5 >> "Connection: Keep-Alive[\r][\n]"
16:03:41.843 [ForkJoinPool-1-worker-0] DEBUG org.apache.http.wire - http-outgoing-5 >> "User-Agent: Apache-HttpClient/4.5.12 (Java/1.8.0_251)[\r][\n]"
16:03:41.843 [ForkJoinPool-1-worker-0] DEBUG org.apache.http.wire - http-outgoing-5 >> "Accept-Encoding: gzip,deflate[\r][\n]"
16:03:41.843 [ForkJoinPool-1-worker-0] DEBUG org.apache.http.wire - http-outgoing-5 >> "[\r][\n]"
16:03:41.843 [ForkJoinPool-1-worker-0] DEBUG org.apache.http.wire - http-outgoing-5 >> "<soap:Envelope xmlns:soap="http://schemas.xmlsoap.org/soap/envelope/" xmlns:xsd="http://www.w3.org/2001/XMLSchema" xmlns:xsi="http://www.w3.org/2001/XMLSchema-instance">[\r][\n]"
16:03:41.843 [ForkJoinPool-1-worker-0] DEBUG org.apache.http.wire - http-outgoing-5 >> "    <soap:Body>[\r][\n]"
16:03:41.843 [ForkJoinPool-1-worker-0] DEBUG org.apache.http.wire - http-outgoing-5 >> "        <CelsiusToFahrenheit xmlns="https://www.w3schools.com/xml/">[\r][\n]"
16:03:41.843 [ForkJoinPool-1-worker-0] DEBUG org.apache.http.wire - http-outgoing-5 >> "            <Celsius>37</Celsius>[\r][\n]"
16:03:41.843 [ForkJoinPool-1-worker-0] DEBUG org.apache.http.wire - http-outgoing-5 >> "        </CelsiusToFahrenheit>[\r][\n]"
16:03:41.843 [ForkJoinPool-1-worker-0] DEBUG org.apache.http.wire - http-outgoing-5 >> "    </soap:Body>[\r][\n]"
16:03:41.843 [ForkJoinPool-1-worker-0] DEBUG org.apache.http.wire - http-outgoing-5 >> "</soap:Envelope>"
16:03:42.077 [ForkJoinPool-1-worker-0] DEBUG org.apache.http.wire - http-outgoing-5 << "HTTP/1.1 200 OK[\r][\n]"
16:03:42.077 [ForkJoinPool-1-worker-0] DEBUG org.apache.http.wire - http-outgoing-5 << "Content-Encoding: gzip[\r][\n]"
16:03:42.077 [ForkJoinPool-1-worker-0] DEBUG org.apache.http.wire - http-outgoing-5 << "Cache-Control: private, max-age=0,public[\r][\n]"
16:03:42.077 [ForkJoinPool-1-worker-0] DEBUG org.apache.http.wire - http-outgoing-5 << "Content-Type: text/xml; charset=utf-8[\r][\n]"
16:03:42.077 [ForkJoinPool-1-worker-0] DEBUG org.apache.http.wire - http-outgoing-5 << "Date: Fri, 05 Feb 2021 10:25:31 GMT[\r][\n]"
16:03:42.077 [ForkJoinPool-1-worker-0] DEBUG org.apache.http.wire - http-outgoing-5 << "Server: Microsoft-IIS/7.5[\r][\n]"
16:03:42.077 [ForkJoinPool-1-worker-0] DEBUG org.apache.http.wire - http-outgoing-5 << "Vary: Accept-Encoding[\r][\n]"
16:03:42.077 [ForkJoinPool-1-worker-0] DEBUG org.apache.http.wire - http-outgoing-5 << "X-AspNet-Version: 4.0.30319[\r][\n]"
16:03:42.077 [ForkJoinPool-1-worker-0] DEBUG org.apache.http.wire - http-outgoing-5 << "X-Frame-Options: SAMEORIGIN[\r][\n]"
16:03:42.077 [ForkJoinPool-1-worker-0] DEBUG org.apache.http.wire - http-outgoing-5 << "X-Powered-By: ASP.NET[\r][\n]"
16:03:42.077 [ForkJoinPool-1-worker-0] DEBUG org.apache.http.wire - http-outgoing-5 << "Content-Length: 322[\r][\n]"
16:03:42.077 [ForkJoinPool-1-worker-0] DEBUG org.apache.http.wire - http-outgoing-5 << "[\r][\n]"
16:03:42.077 [ForkJoinPool-1-worker-0] DEBUG org.apache.http.headers - http-outgoing-5 << HTTP/1.1 200 OK
16:03:42.077 [ForkJoinPool-1-worker-0] DEBUG org.apache.http.headers - http-outgoing-5 << Content-Encoding: gzip
16:03:42.077 [ForkJoinPool-1-worker-0] DEBUG org.apache.http.headers - http-outgoing-5 << Cache-Control: private, max-age=0,public
16:03:42.077 [ForkJoinPool-1-worker-0] DEBUG org.apache.http.headers - http-outgoing-5 << Content-Type: text/xml; charset=utf-8
16:03:42.077 [ForkJoinPool-1-worker-0] DEBUG org.apache.http.headers - http-outgoing-5 << Date: Fri, 05 Feb 2021 10:25:31 GMT
16:03:42.077 [ForkJoinPool-1-worker-0] DEBUG org.apache.http.headers - http-outgoing-5 << Server: Microsoft-IIS/7.5
16:03:42.077 [ForkJoinPool-1-worker-0] DEBUG org.apache.http.headers - http-outgoing-5 << Vary: Accept-Encoding
16:03:42.077 [ForkJoinPool-1-worker-0] DEBUG org.apache.http.headers - http-outgoing-5 << X-AspNet-Version: 4.0.30319
16:03:42.077 [ForkJoinPool-1-worker-0] DEBUG org.apache.http.headers - http-outgoing-5 << X-Frame-Options: SAMEORIGIN
16:03:42.077 [ForkJoinPool-1-worker-0] DEBUG org.apache.http.headers - http-outgoing-5 << X-Powered-By: ASP.NET
16:03:42.077 [ForkJoinPool-1-worker-0] DEBUG org.apache.http.headers - http-outgoing-5 << Content-Length: 322
16:03:42.077 [ForkJoinPool-1-worker-0] DEBUG org.apache.http.impl.execchain.MainClientExec - Connection can be kept alive indefinitely
16:03:42.077 [ForkJoinPool-1-worker-0] DEBUG org.apache.http.wire - http-outgoing-5 << "[0x1f][0x8b][0x8][0x0][0x0][0x0][0x0][0x0][0x4][0x0][0xed][0xbd][0x7]`[0x1c]I[0x96]%&/m[0xca]{]]>&#x7f;<![CDATA[J[0xf5]J[0xd7][0xe0]t[0xa1][0x8][0x80]`[0x13]$[0xd8][0x90]@[0x10][0xec][0xc1][0x88][0xcd][0xe6][0x92][0xec][0x1d]iG#)[0xab]*[0x81][0xca]eVe]f[0x16]@[0xcc][0xed][0x9d][0xbc][0xf7][0xde]{[0xef][0xbd][0xf7][0xde]{[0xef][0xbd][0xf7][0xba];[0x9d]N'[0xf7][0xdf][0xff]?\fd[0x1]l[0xf6][0xce]J[0xda][0xc9][0x9e]![0x80][0xaa][0xc8][0x1f]?~|[0x1f]?"[0x1e][0xff][0x1e][0xef][0x16]ez[0x99][0xd7]MQ-?[0xfb]hw[0xbc][0xf3]Q[0x9a]/[0xa7][0xd5][0xac]X^|[0xf6][0xd1][0xba]=[0xdf]>[0xf8][0xe8][0xf7]8z[0xdc]T[0xd9][0xea][0xd1][0xe9][0xf2]2/[0xab]U[0x9e][0xd2]+[0xcb][0xe6][0x11]>[0xfb][0xec][0xa3]y[0xdb][0xae][0x1e][0xdd][0xbd][0xdb]L[0xe7][0xf9]"k[0xc6][0xf4][0x15]>[0x1f]W[0xf5][0xc5]][0xfc]r7[0xd7][0x97][0xee]~[0xa4][0xaf][0xbd]k[\n]"
16:03:42.077 [ForkJoinPool-1-worker-0] DEBUG org.apache.http.wire - http-outgoing-5 << "[0xfb][0xd6][0xd5][0xd5][0xd5][0xf8][0xea][0x1e]7[0xde][0xdb][0xd9][0xd9][0xbd][0xfb]{]]>&#x7f;<![CDATA[[0xf1][0xfc]5[0x3][0xda].[0x96]M[0x9b]-[0xa7][0xb9]{kv[0xf3][[0x1f])[0xa2]O[0xaa][0xd9][0xf5][0xd1][0xe3][0x93][0xbc]l[0x8a]u[0xf3][0xa6]z[0x96][0xcd][0xeb]|9[0xcf][0x8b][0xf6]U[0xde][0xac][0xaa]e[0xa3]#[0x10][0x80][0x8d][0x85]Hc[0xa8][0xaa][0xb2][0x19]O[0xab][0xc5]]jp[0x97][0xc0][0xc5]a[0xac][0xcb][0xf6][0xe8][0xe1][0xc1][0xf8][0xd3][0xc7]w[0x87][0xbf][0x1f][0xfa][0x8e][0xfb][0xa7]o=D[0xe5]wC[0xdd][0xa3][0xff][0x7][0x14]j[0xe5][0x2][0x93][0x1][0x0][0x0]"
16:03:42.077 [ForkJoinPool-1-worker-0] DEBUG org.apache.http.impl.conn.PoolingHttpClientConnectionManager - Connection [id: 5][route: {s}->https://www.w3schools.com:443] can be kept alive indefinitely
16:03:42.077 [ForkJoinPool-1-worker-0] DEBUG org.apache.http.impl.conn.DefaultManagedHttpClientConnection - http-outgoing-5: set socket timeout to 0
16:03:42.077 [ForkJoinPool-1-worker-0] DEBUG org.apache.http.impl.conn.PoolingHttpClientConnectionManager - Connection released: [id: 5][route: {s}->https://www.w3schools.com:443][total available: 1; route allocated: 1 of 5; total allocated: 1 of 10]
16:03:42.077 [ForkJoinPool-1-worker-0] DEBUG com.intuit.karate - response time in milliseconds: 304.51
1 < 200
1 < Cache-Control: private, max-age=0,public
1 < Content-Type: text/xml; charset=utf-8
1 < Date: Fri, 05 Feb 2021 10:25:31 GMT
1 < Server: Microsoft-IIS/7.5
1 < Vary: Accept-Encoding
1 < X-AspNet-Version: 4.0.30319
1 < X-Frame-Options: SAMEORIGIN
1 < X-Powered-By: ASP.NET
<?xml version="1.0" encoding="utf-8"?><soap:Envelope xmlns:soap="http://schemas.xmlsoap.org/soap/envelope/" xmlns:xsi="http://www.w3.org/2001/XMLSchema-instance" xmlns:xsd="http://www.w3.org/2001/XMLSchema"><soap:Body><CelsiusToFahrenheitResponse xmlns="https://www.w3schools.com/xml/"><CelsiusToFahrenheitResult>98.6</CelsiusToFahrenheitResult></CelsiusToFahrenheitResponse></soap:Body></soap:Envelope>

16:03:42.077 [ForkJoinPool-1-worker-0] DEBUG com.jayway.jsonpath.internal.path.CompiledPath - Evaluating path: $
16:03:42.077 [ForkJoinPool-1-worker-0] INFO com.intuit.karate - [print] {
  "Cache-Control": [
    "private, max-age=0,public"
  ],
  "Content-Type": [
    "text/xml; charset=utf-8"
  ],
  "Date": [
    "Fri, 05 Feb 2021 10:25:31 GMT"
  ],
  "Server": [
    "Microsoft-IIS/7.5"
  ],
  "Vary": [
    "Accept-Encoding"
  ],
  "X-AspNet-Version": [
    "4.0.30319"
  ],
  "X-Frame-Options": [
    "SAMEORIGIN"
  ],
  "X-Powered-By": [
    "ASP.NET"
  ]
}

16:03:42.077 [ForkJoinPool-1-worker-0] DEBUG com.jayway.jsonpath.internal.path.CompiledPath - Evaluating path: $
16:03:42.077 [ForkJoinPool-1-worker-0] INFO com.intuit.karate - [print] [
  "Microsoft-IIS/7.5"
]

16:03:42.077 [ForkJoinPool-1-worker-0] INFO com.intuit.karate - [print] Microsoft-IIS/7.5
16:03:42.077 [ForkJoinPool-1-worker-0] DEBUG com.jayway.jsonpath.internal.path.CompiledPath - Evaluating path: $
16:03:42.077 [ForkJoinPool-1-worker-0] DEBUG com.jayway.jsonpath.internal.path.CompiledPath - Evaluating path: $["Server"]
16:03:42.077 [ForkJoinPool-1-worker-0] DEBUG com.jayway.jsonpath.internal.path.CompiledPath - Evaluating path: $
16:03:42.077 [ForkJoinPool-1-worker-0] DEBUG com.jayway.jsonpath.internal.path.CompiledPath - Evaluating path: $["Server"][0]
16:03:42.077 [ForkJoinPool-1-worker-0] INFO com.intuit.karate - [print] xml
16:03:42.077 [ForkJoinPool-1-worker-0] INFO com.intuit.karate - [print] <soap:Envelope xmlns:soap="http://schemas.xmlsoap.org/soap/envelope/" xmlns:xsd="http://www.w3.org/2001/XMLSchema" xmlns:xsi="http://www.w3.org/2001/XMLSchema-instance">
  <soap:Body>
    <CelsiusToFahrenheitResponse xmlns="https://www.w3schools.com/xml/">
      <CelsiusToFahrenheitResult>98.6</CelsiusToFahrenheitResult>
    </CelsiusToFahrenheitResponse>
  </soap:Body>
</soap:Envelope>

16:03:42.093 [ForkJoinPool-1-worker-0] INFO com.intuit.karate - [print] 305
16:03:42.093 [ForkJoinPool-1-worker-0] INFO com.intuit.karate - [print] 200
16:03:42.093 [ForkJoinPool-1-worker-0] INFO com.intuit.karate - after scenario inside config 
16:03:42.093 [ForkJoinPool-1-worker-0] INFO com.intuit.karate - From karate-config file 
16:03:42.093 [ForkJoinPool-1-worker-0] DEBUG com.jayway.jsonpath.internal.path.CompiledPath - Evaluating path: $
16:03:42.093 [pool-1-thread-1] INFO com.intuit.karate.Runner - <<pass>> feature 11 of 26: classpath:featurefiles/KarateTestSuite-09_SOAP_API.feature
16:03:42.093 [ForkJoinPool-1-worker-0] DEBUG org.apache.http.client.protocol.RequestAddCookies - CookieSpec selected: karate
16:03:42.093 [ForkJoinPool-1-worker-0] DEBUG org.apache.http.client.protocol.RequestAuthCache - Auth cache not set in the context
16:03:42.093 [ForkJoinPool-1-worker-0] DEBUG com.intuit.karate - request:
1 > GET http://dummy.restapiexample.com/api/v1/employees
1 > Accept-Encoding: gzip,deflate
1 > Connection: Keep-Alive
1 > Host: dummy.restapiexample.com
1 > User-Agent: Apache-HttpClient/4.5.12 (Java/1.8.0_251)

16:03:42.093 [ForkJoinPool-1-worker-0] DEBUG org.apache.http.impl.conn.PoolingHttpClientConnectionManager - Connection request: [route: {}->http://dummy.restapiexample.com:80][total available: 0; route allocated: 0 of 5; total allocated: 0 of 10]
16:03:42.093 [ForkJoinPool-1-worker-0] DEBUG org.apache.http.impl.conn.PoolingHttpClientConnectionManager - Connection leased: [id: 7][route: {}->http://dummy.restapiexample.com:80][total available: 0; route allocated: 1 of 5; total allocated: 1 of 10]
16:03:42.093 [ForkJoinPool-1-worker-0] DEBUG org.apache.http.impl.execchain.MainClientExec - Opening connection {}->http://dummy.restapiexample.com:80
16:03:42.093 [ForkJoinPool-1-worker-0] DEBUG org.apache.http.impl.conn.DefaultHttpClientConnectionOperator - Connecting to dummy.restapiexample.com/3.6.18.84:80
---------------------------------------------------------
feature: classpath:featurefiles/KarateTestSuite-09_SOAP_API.feature
report: build\surefire-reports\featurefiles.KarateTestSuite-09_SOAP_API.json
scenarios:  1 | passed:  1 | failed:  0 | time: 0.3170
---------------------------------------------------------
16:03:42.124 [ForkJoinPool-1-worker-0] DEBUG org.apache.http.impl.conn.DefaultHttpClientConnectionOperator - Connection established 192.168.1.53:62829<->3.6.18.84:80
16:03:42.124 [ForkJoinPool-1-worker-0] DEBUG org.apache.http.impl.conn.DefaultManagedHttpClientConnection - http-outgoing-7: set socket timeout to 5000
16:03:42.124 [ForkJoinPool-1-worker-0] DEBUG org.apache.http.impl.execchain.MainClientExec - Executing request GET /api/v1/employees HTTP/1.1
16:03:42.124 [ForkJoinPool-1-worker-0] DEBUG org.apache.http.impl.execchain.MainClientExec - Target auth state: UNCHALLENGED
16:03:42.124 [ForkJoinPool-1-worker-0] DEBUG org.apache.http.impl.execchain.MainClientExec - Proxy auth state: UNCHALLENGED
16:03:42.124 [ForkJoinPool-1-worker-0] DEBUG org.apache.http.headers - http-outgoing-7 >> GET /api/v1/employees HTTP/1.1
16:03:42.124 [ForkJoinPool-1-worker-0] DEBUG org.apache.http.headers - http-outgoing-7 >> Host: dummy.restapiexample.com
16:03:42.124 [ForkJoinPool-1-worker-0] DEBUG org.apache.http.headers - http-outgoing-7 >> Connection: Keep-Alive
16:03:42.124 [ForkJoinPool-1-worker-0] DEBUG org.apache.http.headers - http-outgoing-7 >> User-Agent: Apache-HttpClient/4.5.12 (Java/1.8.0_251)
16:03:42.124 [ForkJoinPool-1-worker-0] DEBUG org.apache.http.headers - http-outgoing-7 >> Accept-Encoding: gzip,deflate
16:03:42.124 [ForkJoinPool-1-worker-0] DEBUG org.apache.http.wire - http-outgoing-7 >> "GET /api/v1/employees HTTP/1.1[\r][\n]"
16:03:42.124 [ForkJoinPool-1-worker-0] DEBUG org.apache.http.wire - http-outgoing-7 >> "Host: dummy.restapiexample.com[\r][\n]"
16:03:42.124 [ForkJoinPool-1-worker-0] DEBUG org.apache.http.wire - http-outgoing-7 >> "Connection: Keep-Alive[\r][\n]"
16:03:42.124 [ForkJoinPool-1-worker-0] DEBUG org.apache.http.wire - http-outgoing-7 >> "User-Agent: Apache-HttpClient/4.5.12 (Java/1.8.0_251)[\r][\n]"
16:03:42.124 [ForkJoinPool-1-worker-0] DEBUG org.apache.http.wire - http-outgoing-7 >> "Accept-Encoding: gzip,deflate[\r][\n]"
16:03:42.124 [ForkJoinPool-1-worker-0] DEBUG org.apache.http.wire - http-outgoing-7 >> "[\r][\n]"
16:03:43.734 [ForkJoinPool-1-worker-1] DEBUG org.apache.http.wire - http-outgoing-6 << "HTTP/1.1 429 Too Many Requests[\r][\n]"
16:03:43.734 [ForkJoinPool-1-worker-1] DEBUG org.apache.http.wire - http-outgoing-6 << "Content-Encoding: gzip[\r][\n]"
16:03:43.734 [ForkJoinPool-1-worker-1] DEBUG org.apache.http.wire - http-outgoing-6 << "Content-Type: text/html; charset=UTF-8[\r][\n]"
16:03:43.734 [ForkJoinPool-1-worker-1] DEBUG org.apache.http.wire - http-outgoing-6 << "Date: Fri, 05 Feb 2021 10:33:43 GMT[\r][\n]"
16:03:43.734 [ForkJoinPool-1-worker-1] DEBUG org.apache.http.wire - http-outgoing-6 << "Display: staticcontent_sol[\r][\n]"
16:03:43.734 [ForkJoinPool-1-worker-1] DEBUG org.apache.http.wire - http-outgoing-6 << "Expires: Thu, 04 Feb 2021 10:33:43 GMT[\r][\n]"
16:03:43.734 [ForkJoinPool-1-worker-1] DEBUG org.apache.http.wire - http-outgoing-6 << "Host-Header: c2hhcmVkLmJsdWVob3N0LmNvbQ==[\r][\n]"
16:03:43.734 [ForkJoinPool-1-worker-1] DEBUG org.apache.http.wire - http-outgoing-6 << "Pagespeed: off[\r][\n]"
16:03:43.734 [ForkJoinPool-1-worker-1] DEBUG org.apache.http.wire - http-outgoing-6 << "Referrer-Policy: [\r][\n]"
16:03:43.734 [ForkJoinPool-1-worker-1] DEBUG org.apache.http.wire - http-outgoing-6 << "Response: 429[\r][\n]"
16:03:43.734 [ForkJoinPool-1-worker-1] DEBUG org.apache.http.wire - http-outgoing-6 << "Retry-After: 3[\r][\n]"
16:03:43.734 [ForkJoinPool-1-worker-1] DEBUG org.apache.http.wire - http-outgoing-6 << "Server: nginx/1.16.0[\r][\n]"
16:03:43.734 [ForkJoinPool-1-worker-1] DEBUG org.apache.http.wire - http-outgoing-6 << "Vary: Accept-Encoding[\r][\n]"
16:03:43.734 [ForkJoinPool-1-worker-1] DEBUG org.apache.http.wire - http-outgoing-6 << "Vary: Accept-Encoding,User-Agent,Origin[\r][\n]"
16:03:43.734 [ForkJoinPool-1-worker-1] DEBUG org.apache.http.wire - http-outgoing-6 << "X-Ezoic-Cdn: Miss[\r][\n]"
16:03:43.734 [ForkJoinPool-1-worker-1] DEBUG org.apache.http.wire - http-outgoing-6 << "X-Middleton-Display: staticcontent_sol[\r][\n]"
16:03:43.734 [ForkJoinPool-1-worker-1] DEBUG org.apache.http.wire - http-outgoing-6 << "X-Middleton-Response: 429[\r][\n]"
16:03:43.734 [ForkJoinPool-1-worker-1] DEBUG org.apache.http.wire - http-outgoing-6 << "X-Ratelimit-Limit: 60[\r][\n]"
16:03:43.734 [ForkJoinPool-1-worker-1] DEBUG org.apache.http.wire - http-outgoing-6 << "X-Ratelimit-Remaining: 53[\r][\n]"
16:03:43.734 [ForkJoinPool-1-worker-1] DEBUG org.apache.http.wire - http-outgoing-6 << "X-Ratelimit-Reset: 1612521226[\r][\n]"
16:03:43.734 [ForkJoinPool-1-worker-1] DEBUG org.apache.http.wire - http-outgoing-6 << "X-Sol: pub_site[\r][\n]"
16:03:43.734 [ForkJoinPool-1-worker-1] DEBUG org.apache.http.wire - http-outgoing-6 << "Transfer-Encoding: chunked[\r][\n]"
16:03:43.734 [ForkJoinPool-1-worker-1] DEBUG org.apache.http.wire - http-outgoing-6 << "[\r][\n]"
16:03:43.734 [ForkJoinPool-1-worker-1] DEBUG org.apache.http.wire - http-outgoing-6 << "800[\r][\n]"
16:03:43.734 [ForkJoinPool-1-worker-1] DEBUG org.apache.http.wire - http-outgoing-6 << "[0x1f][0x8b][0x8][0x0][0x0][0x0][0x0][0x0][0x0][0xff][0xc4]\{s[0xdb]8[0x92][0xff]{[0xfc])hl[0x95]I[0x8e](Z[0xb2][0x13][0xaf]C[0x85]v%[0xb1][0xb3][0xeb][0xdb]l&[0x95]8[0xb7][0xb5][0xe7][0xf2][0xb1] [0xb2])![0xa1][0x8][0xe][0x1][0xc9][0x96]m}[0xf7]+<[0xf8][0xa6]l';[0xb7][0xeb][0x99][0x92][0xc8][0x6][0xd0][0xdd]h[0xf4][0xe3][0x7][0x90][0xca][0xeb][0xdd][0xb3][0xdf][0xde]][0xfe][0xf3][0xd3][0xb9]1[0xe7][0x8b][0xe4]d[0xe7][0xb5][0xf8]2[0x12][0x9c][0xce]|[0x4]):[0xd9]1[0xc][0xc3]x=[0x7][0x1c][0x9d][0xbc]^[0x0][0xc7]F8[0xc7]9[0x3][0xee][0xa3]%[0x8f][0x87][0xc7][0xe8]d[0xe7]5[0xb]s[0x92]q#[0xc2][0x1c][0xf][0xe1][0x8e][0x85]9[0xdc][0xfa]f[0x8c][0x13][0x6][0xa6]"[0x86]1f[0xeb]4l[0x12]3<[0x3][0x96][0x1]D[0xc3][0x94][0xe]#[0x88]!?Y[0xe1][0xdc][0x8][0x2][0xb8][0xf3][0xc5][0xc7][0xc3][0xc3][0xfd]f".\[0xc6][0x17][0xcc]?[0xc3][0x1c][0xdc][0x94][0xde]X[0xb6]"[0xc2][0x8a][0xfb]e[0x7][0xa9]@y[0x1b]~[0xf7][0xf5]w[0xc5][0x83][0xc3]"K0[0x7][0xbf]Mp[0x9][0xfb]-'3_[0xaa][0xa6][0x9a]~_[0xc2][0x12]|+^[0xa6]!'4[0xb5][0xec]{[0xa1]XH[0x97])[0xf7]G[0xe]I[0xc3]\|qX0[0xff][0xea][0xda][0xe1]d[0x1]g[0x90][0xe0][0xf5]{[0x92]C[0xa4][0xf8]8[0xf3][0xec][0xa2]hO[0xaa]K[0x9c]$[0xf4][0xe6][0x3][0xc5][0x91][0xcf][0xf3]%L[0x4]W:[0xfd][0xe6][0xdf][0xb]I^).[0xc5][0xb]p[0xc4][0xdd]Gq[0x91][0xe1][0x1c]/[0x80]C[0xce][0x1c][0xc2][0xde]&4[0xfc][0xee]L[0xc5]'Do[0xd7]N[0x4][0x9]p[0xf8][0xc7][0x1c][0xd2]wt[0x91][0x89]k'[0xcb]i[0x8][0x10]][0xc4][0xe7]yNs[0xa5]:[0x83]$[0xf6][0xf9][0x9c][0xb0][0x89][0xf8]p[0x85][0x0]_|[0xa8][0xdb]B[0x94]_\(r%[0xd8][0xaf]][0xfa]~[0xba]L[0x92]S[0xf1][0xe1]Y[0x15][0xdd] )[0xe3]8[\r][0x81][0xc6][0xc6][0x9b]<[0xc7]k[0xfb][0xb4]j[0xf4][0xae][0xaa][0xeb]k[0xc5]\O[0xc5][0xd7][0xdf][0x8a]X[0xce][0xcb]/[0xaf]TCw[0x9a]~[0x97]T0[0x96][0xf3][0xd6][0xcb][0xa9]I[0xe5][0xa8][0x6][0xf5]"%[0x9c][0xe0][0x84][0xdc][0x15][0xab][0xa6][0xe7][0xdd]0[0xa0][0xdf][0xbc]-[0xc6]^[0x16][0x8b][0xde][0x19][0xc9][0x98]_s[0x9c][0x84][0xce],[0xe4][0xba][0xae]!h[0x86]o[0xa0][0x81][0xb0][0xbb]=[0x11]+[0xd2]RA[0xba][0x84][0xa6][0x97][\n]"
16:03:43.734 [ForkJoinPool-1-worker-1] DEBUG org.apache.http.wire - http-outgoing-6 << "Kb[0x83][0x89][0x8b][0xb3],Y{%'[0xb1][0xbe][0x82][0xce]|9[0xb6]XC[0x97]e[0x9][0xe1][0x96][0xe9][0x9a]U[0x17][0xb9]t[0x13][0x12]K[0xcf]fn[0x2][0xe9][0x8c][0xcf]O[0xe][0xed][0xfb][\r]$[0xc][0x8c]V[0x83][0xef][0xfb][0x87][0xb6]tM[0xff][0x86][0xa4][0x11][0xbd][0xb9][0x92][0xad]W[0xa3][0xeb]k}5.[0xaf][0xe][0xae][0xaf]'[0xdb][0x98][0x1c]<[0xc9]D[\r]m[0xf4]j[0xcc][0xe5]z[0xb2][0xd9]![0xb1][0xc5][0xd7][0x99]p/A[0xdd][0xf5]}s[0x99]F[0x10][0x93][0x14]"soO[0xd3][0xc4][0xfc][0x94]4e%K[0x10][0x9c][0x96]7[0xdb][0x8a][0x9b][0x94][0xd0][0xe3]X[0xbe][0xb4][0xb9][0xad]Z[0xc][0x19][0xe5]W[0xa9]T[0xa2][0x18]T[0xf8][0xae][0xee][0xa9][0xd6]x([0xfe][0x8c][0xf7][0xe6][0x99]X[0x19][0xd9]M-[0x8f][0xf6][0x89]7Ib[0xd9][0x93][0xcd]f[0xe3][0xc4]$[0x81]V[0xac]g[0x98][0xcf]{[0x82][[0xe6]LGf[0xc6][0x9f][0x88]j[0xc1][0xd4][0x17][0x1f][0xea]V%`[0xf9]Y[0xc4]T[0xc][0xb9]/?]]>&#x7f;<![CDATA[&$[0xb7][0x86][0xcf][0xb3][0x3][0xf0][0xf][0x8d][0xb3]m[0xf1]T[0x85][0xe]I[0xa0][0x16]]]>&#x7f;<![CDATA[[0xd2]~a[0xee]G4\. [0xe5]n[0x98][0x3][0xe6]p[0x9e][0x80][0xb8][0xb3]LUQL{[0xc2][0xc2][0xdc]ey[0xa8],IbK[0xd9]Q/[0xbd]hT[0x4])[0xac][0x8][0x0]e[0xda]Z[0x1f]EP[0x1][0x1e][0xe6].MA[0x99][0xa8][0x95]'[0x94][0xf][0x9d]]]>&#x7f;<![CDATA[[0xfe][0xdc][0xf1]"==e)[0xc9]g[0x9b]3[0xb6][0xfc]M[0xcb][0xcb][0x1]Gk[0xc6]1[0x87]p[0x8e][0xd3][0x19][0xf8][0x8a][0x9c][0x88]R[0xd4]*s[0xb2][0x97]l[0x97][0x83][0xbe][0x88][0xdb][0xc9][0xa3].Nb[0xcb][0xda][0x95][0xc3][0x1e][0x1e][0xf6][0x5]K[0x88][0x1e]B[0xbd][0xe0][0xfb].[0x7][0xc6]-[0xd9]j[0xdb][0xe5]:5[0xf3][0xdb]3[0xe7][0xb2][0x99][0x94][0xab]5[0x3][0xae][0x97][0x8a][0xbd]]_[0xe2][0x99][0xc8][0x12][0x96])@[0x8a]i_[0x8d][0xae]E[0xf4]C[0x1a][0xbd][0x9b][0x93]$[0xb2]X[0x98][0xab][0xd1][0xc5]D[\r][0x92][0x12]n[0xd9][0xf7]*[0xd5][0xb8]8[0x8a][0xce]W[0x90][0xf2][0xf][0x84]qH![0xb7][0x90][0x98][0x3]r[0x1a][0xde][0xc5][0x85]#[0xd2]%[0xaf][0x83][0x82]V[0xe1]/[0xfd][0xcd][0xbc]<;[0xff][0xf0][0xe6][0x9f][0x86][0xb4][0x97][0xd9]N[0x1][0xce][0xcb][0xd1]h$[0xbe][0xa5]C[0x8b]dT[0xea][0x85][0xa3][0xe8]=I[0xe0]'[0x93][0x82][0x93][0xe5][0x84][0xe6][0x84][0xaf][0xd5]:[0x8a][0xcc][0xe5][0xa7]p#[0x10][0x86][0x1b][0xff]<[[0xb9][0xbe][0x5][0xeb]ri4[0xbe]Q[0x99][0xd1][0x17][0xb2]T[0xe]O[0xba][0xf4][0x1d][0xd2][0xa2]L[0xc2]9[0x84][0xdf]/[0xe2][0xb7]J[0xba]%h[\r];0[0xe0]%R[0xb2][0x18]pN[0xa7][0x94]&[0xf6]}[0x5][0x9f]Jb[0xcb]z[0xcb]4[0xac][0xe0][0xd3][0xe3][0xd0][0x9]/9[0xbd][0x90]s~[0x2]B[0xd5][0xec]*[0xe2]_[\r]+[0xc]Q&[0xdd][0x1][\n]"
16:03:43.734 [ForkJoinPool-1-worker-1] DEBUG org.apache.http.wire - http-outgoing-6 << "[0xd0]@@[0xc3][0xc1]`[0xd2]5[0xff][0xf][0xe8][0xf5]4[0xa4][0xfb][0xf7]/[0x8][0x8e][0xa2][0xcb][0xca][0xd9][0xeb][0xae][0xf4][0xb4][0xaf])<|u[0xad]/[0xd4][0xa7][0xd4]y"[0x86]5r|[0x19]B[0xd2][0xa2][0xa6]![0x12][0xb7]90[0x8d][0xf7][0x17][0x1f][0xce]w[\r][0x15]V[0xa6]=[0xe9][0xce]i[0xf2][0xaf]Mi[0xdb][0xf2][0xf4][0xcd]n[0xeb]R[0x96][0x13][0x15][0xb3][0xf8][0xe1][0x19]~[0xfd][0xf8][0xee][0xf2][0xe2][0xb7][0x8f]]]>&#x7f;<![CDATA[[0xf0],[0xfb][0xda][0x85][0x17]k[0xb7]+H[0xda][0x8b][0x1e][0x1e][0xaa][0x8]S[0xf5][0xd6][0xce][0x81]/[0xf3]T[0xcd]C[0xe7]1[0xab]![0xa1][0xc5]I2oOZq[0xdf][0xdb]k%[0xcc]B[0x86],~r[0x90][\n]"
16:03:43.734 [ForkJoinPool-1-worker-1] DEBUG org.apache.http.wire - http-outgoing-6 << "$C[0x7][0x83][0xe1][0x1b][0x97][0x17]]]>&#x7f;<![CDATA[?7[0xa4]Av[0x91]=Q[0xca][0x18][0xd2][0x86][0x12][0xc3][0xc9]Ae[0xe8]t[0xf7] [0xf7]1[0xcd]-[0xb9][0x84][0xfe]hB^7[0xbb]k[0x84]:![0x83][0x81]Z[0xe7][0xa9][0x82]?[0x8d]NWD[0xe2]>ixw[0x8e][0xd9]o7[0xe9][0xa7][0x9c]f[0x90][0xf3][0xb5]%;[0xd9][0xcf][0x99][0x6][0x1a][0xa8][0xbe][0xcd][0x19][0x14]p[0xa1]2n[0x85][0x86][\n]"
16:03:43.734 [ForkJoinPool-1-worker-1] DEBUG org.apache.http.wire - http-outgoing-6 << "[0x93][0xa9][0x15][0x97][0xa3][0xaf]K[0x0]P[0xc4][0xbc][0xe6][0xa6][0x90]Q[0x83]]mH[\r][0xd8][0xfe][0xa4][0x9e][0x9b][0xcd]NSR[0xb5][0xfa][0x82][0xd5][0x82][0xcd][0x94][0xfd][0xe6]9[0xc4][0x1a][0xbf][0xbb][0x9][\r][0xb1][0xe8][0xe1][\n]"
16:03:43.734 [ForkJoinPool-1-worker-1] DEBUG org.apache.http.wire - http-outgoing-6 << "[0xa2]L[0x88]9[0xcc]d[0x10]}[0x86][0xd9][0xf9]mf[0x99]W[0xa7]{[0xd7]p[0xf7][0xbb]o][0xfd][0xef][0xde][0x9f][0xae]]]>&#x7f;<![CDATA[[0xb5]M[0xc7]$z[0xaf][0xc2]xN[0xd2][0x99][0x9f][0xc3][0xcc][0x85][[0x8]-[0xc1][0xc3][0xd6]L[0x98][0xaf]ZO[0xd5][0xd7][0xd5][0xf8][0xda]+v5[0xa2][0xd1][0xf7][0xd1][0x18][0xd9]!M[0x19]M[0xc0][0x8d]`[0xba]T[\n]"
16:03:43.734 [ForkJoinPool-1-worker-1] DEBUG org.apache.http.wire - http-outgoing-6 << "[0xd6][0x95][0xae][0xd7][0xe3]{[0xb9][0xab][0x1f][0xc][0xc4]xyyr0[0x1a][0x15]^/QO[0x2][0xdc]d[0xc6][0x8c][0xa2][0xb2][0x90][0xcb][0xb0][0xb4]t[0xc2]mQ[0x93][0x82][0xda][0x95][0xa7];[0x10][0xc6]k~i[0x90][0xd4]P$[0x12][0xcb][0xb6][0xb6][0x93][0x91][0xca][0xc1]B[0x9a]r[0x92][0xea]s[0x3][0x99][0x94][0xc4][0x80][0x9a][0x87]6W[Et+>[0x1f][0x1e]t[0xc7]:R.[0xfb][0xaa][0xa6][0xa6][0x93]U[0xbc][0x9b][0xf4][0xa6][0x17][0x99][0x9e]!1[0xad]i7[0xdd][0xba][0xa3]Q[0xcf][0xc0][0x2]+[0x1a]8[0x91][0x90][0xb3][0xcb][0xa3][0xab]l[0xf][0x1b]Ru[0xaa]qRU[0xb0][0x9d][0xbf]6[0x9b][0x1d][0x5][0x2][0xb5][0xa7][0xdf]k[0xe8][0xe5][0xe9]o[0x7]GQY[0xed][0xbc]v[0xf9]s4[0xd4][0xf0][0xf4]w[0xd5][[0x13][0x1b][0x95]E[0x9d][0x14]y[0xf2][0xd3][0xa9]|[0xcf][0xab].[0x9d]:[0xe0][0xf1][0xea]7[0x9b][0xc9][0xc6][0xae][0x1d]x[0x9][0xac]Z[0xe1]up[0xb8][0x93][0xda][0xf7][0xd0]A[0xb0][0xa7]][0x92][0xc5][0x9d][0xd4][0xd9][0x1d][0xdb][0x1e][0xb8][0x98]s[0x1c][0xce]e[0xeb]i[0xe3][0xce]B4E[0x3][0xc1][0xd3][0x83]+u}[0xed][0xa7][0x96][0xbd]qJ[0xf9]9,[0xe8][\n]"
16:03:43.734 [ForkJoinPool-1-worker-1] DEBUG org.apache.http.wire - http-outgoing-6 << "zTP[\r]m-z[0xa8]5E"[0xa8]+R[0xbb][0xab])[0xa2][0xb7][0xe1][0xa5]>[0x8d][0x3][0xbf][0x96]9T[0x16][0xe2][0xdb][0xf6]tH[\r]B[0xf6][0x84][0xcb][0x1d][0x1d]8\o[0xde]vG[0xe]w[0xf9]:[0x3][0x1f]q[0xb8][0xe5][0xfb][0xdf][0xf0][\n]"
16:03:43.734 [ForkJoinPool-1-worker-1] DEBUG org.apache.http.wire - http-outgoing-6 << "[0xeb][0xce][0xce][0xe3][[0xe]$[0xb6][0x1c][0xa8][0xb3][0xe5][0xe0][0xf6][0xa6]v[0x92][0xe8][0x16][0xb8][0xde][0xdc][0x8f][0x80][0xe7][0x94][0xf0]pNB<[0xa3][0xfb]SJ[0x18][0xb8][0xdf][0x98][0xe9][0x18][[0xdb]Ng[0xe1][0xd4][0x1f][0xbf]:[0x18][0x1e][0xed][0x89][0xb][0xd3]QY[0xd8]1[0xae][0xae][0x1d][0x99][0xa0]KB[0xed]F[0xbb]LD[0xab]C[0xd1]'TY[0xc0]"[0x13]{[0xeb]~e[0xaa][0xd6][0xa6]:[0x7]?[0xa4][0xce]S*[0x90]4[0x5][0x9c][0xd1]d[0xbb][0x1a][0x8d][0x1e][0xff][0x8a]eV[0x90]u[0xe]x3r[0xb][0x89]<[0xa7][0xcd]n[0xbf]~[0xfe][0xe0][0xa3][0xb6][0xf8]Y[0x8e]3[0x88][0xf3]%[0xe1][0xee][0x8c][0xc4][0xa8][0xda]P[0xbe][0x89][0xa2]Ob[0xb0][0xb5][0xba]8s$[0x9b]3[0xcc][0xb1][0xcc][0x9d][0xc5]:[0xb8][0x84][0x9d][0xa9][0xe3]*[0xd1][0xc9][0xde][0xdb][0xab]5[0xfc]7NHdU[0xe3][0xec]{[0xa5][0x8a][0x9b]-[0xd9][0xdc][0xba][0x17][0x9e][0xe9][0x99]+[0x12][0x1]5[0x1d][0xf9][0x15][0x90]E[0x96][0x3]c[0x84][0xa6][0x1][0x89]<!5[0xa2][0xb]L[0xe4]][0xc9]x[0x6][0xfc][0xec][0xe2][0xcc][0xb2][0x1d][0x1e]@F[0xc3]y[0xa3][0xe5]\P[0xac][0x91][0xed]D[0x98][0xe3][0xaa]E[0xdc]][0xd2]/<[0xaf][0xa9][0xb3][0x11][0x9][0xb3]*g[0x2][0xbc]Yrn[0xfa]@[0xae][0xc][0x91][0x15]adJ[0x12][0xc2][0xd5][0xa9]A[0xfb][0x90]n[?Q[0xb4][0xb3][0x1c]rH#[0xc8]Q[0x1]k[0x14][0xc2][0xeb][\r][\n]"
16:03:43.734 [ForkJoinPool-1-worker-1] DEBUG org.apache.http.wire - http-outgoing-6 << "800[\r][\n]"
16:03:43.734 [ForkJoinPool-1-worker-1] DEBUG org.apache.http.wire - http-outgoing-6 << "1[0x9f][0xb2][0x8d][0xbd][0xb7][0xa7][0x8d][0xa4][0x8f]1G[0xf6][0xfd][0xcd]\[0xf8]U[0x87],[0xd6][0xf6][0x9b][0xff]RT[0xc9]o'[0x8d]V[0xfb][0xfe][0x9b][0xdf] L6;[0xd2][0x13][0x96]l[0xfe]Iy[0x83]nfYBB[0xb0]F[0xce]7{b[0x9][0x18]s[0xb1][0xc0]3[0xb0]l[[0xa6][0x92][0xba]a[0xbf]~[0xfe]`I[0xff][0xb1][0x7][0xe8][0x94][0xe6]d[0xe6][0xa3][0x81][0xd5][0xfb][0xc4]AU[0xb2][0xd3][0xb1]7[0xb2][0x7]ho[0xe5][0xa3][0xc1][0x94]Sl[0xfd][0xd7][0x97][0xdf]>[0xba][\n]"
16:03:43.734 [ForkJoinPool-1-worker-1] DEBUG org.apache.http.wire - http-outgoing-6 << "[0xdd][0x90]xmU[0xba][0xd8]r[0x1d]J/[0x9d][0x14][0xb0][0xec][0xfe]M[0x14]y[0x85][0xb]:by<[0xf1][0xa1]k[0xc7][0xeb]}[0x95][0xca]N[0xfe][0xb8][0xc7]4r6[0x19]$[0xcf][0x88][0xa0][0x8c][0xe6][0x99]Hd8[0xe5][0xfb]8_[0xac][0xbb][0x81][0xf3]&[0x8d][0x84][0xb6]*~p[0xf4]%[0xa1][0xbc][0x1e]Beh[0xb5][0x9b][0x9c]Q[0xf1][0x9f]=Q.Y[0xc7]\[0x15]ca[0xea]]]>&#x7f;<![CDATA[[0x81][0xb9][0xde][0xc8]u%[0xfc][0x5][0xf8][0xbb]e[0x9e]C[0xca][0xd5][0xea]X%[0x1e]WVhi[0xb3]EN[0xe]+H[0x97][0xe0][0x0][0xe3]Aq=%Q[0x10]'[0x94][0xe6]AL[0x92][0x4][0xa2][0x1a]![0xcb]a[0xe5]0[0x8e]y[0xc0][0xe8]2[0xf]! [0x91][0xa3][0xbc]I[0x6][0xe4]nO[0xb8]([0x91][0xf6][0xc3]C[0xad][0xed]M[0xba]n6[0xb][0xc7][0x15][0xdf][0xba][0xc2]]D[0x8e][0xa6][0x97][0x4][0xbb][0xdc]>[0x94][0xe1])V[0x1c]GAF[0x19][0xe1]*[0x13][0xf9][0x19][0xce][0x19]\[0xa4][0xdc][0xaa]G[0xc4]%[0xce]g[0xc0]I:+[0xa6]o[0xe2][0xcc][0xb4][0x15][0xa0]'[0x8b][0xec]"j[0xc4][0x8f][0xe8]qqqV[0xe8][0xed][0xe0][0xe8]kJx[0xa3][0xcb][0x1b]I*[0xb8][0xe9][0xf9]O[0xd4]3:[0xc9][0xef]yj [0xd1][0x9b]DH[0xab][0x92][0x90][0x14][0x4]F[0xbf][0x88][0xfc][0x91]b&[0xe0][0x3]YAI[0x80];[0xb2][0x10][0xab][0xe6][0x8b][0xfc][0xa9][0xaf][0xb]='U>,[0xbb][0xf9]&[0x9d]~[0x83][0x90][0x9b]rq[\n]"
16:03:43.734 [ForkJoinPool-1-worker-1] DEBUG org.apache.http.wire - http-outgoing-6 << "[0xb2][[0xf0][\r]H[0xb4][0xeb][0xfb]e[0x86][0xb4][0xef]k[0x2][0xfb]:[0xab][0x8c]X[0xb6][0x8]}[0x3][0x81]*;|j3[0xe9][0xed]-[0xd2]H]]>&#x7f;<![CDATA[n[0x95][0xcb][0xa1]M[0xfe][0xe3]5[\n]"
16:03:43.734 [ForkJoinPool-1-worker-1] DEBUG org.apache.http.wire - http-outgoing-6 << "Ue[0x9]9[0xcd][0x12][0xa5][0x18]?V[0xa4][0x96])[0xe1][0x9e][0x92][0xfc]x[0xc1][0xd2]a[0xe2][0xf5][0x84][0x8e]W[0xf][0xa3][0x9a]kzM7[0x15]M[0x8c][0xdc][0x81][0x87]P'[0xd8][0xbc]'[0xa2][0xcf]{4[0x18][0xbd]Vl[0xca]-e[0xbe][0xe]B[0x1a]Ac6[0xef][0xde]Y[0xb6]#R[0xeb][0x8a][0xc0]M[0xdb] [0x9f]4[0xfd]"[0xb2]lG8[0xa9][0xe8][0xa0]\[0xdb][0xa9][0xaf][0xa3]W-[0xb4]S[0xf3][0x13][0xaf][0xf2][0xa3]gTw[0x87][0xb0]@[0x94])O[0xc5][0x91][0xce][0x13][0xad]Z[0xe5][0xb4]0@[0x91][0xd0][0xde][0xae]/[0xa4][0xd3][0xbc]_&[0xc9]ET[0xcb]kER[0x12]a[0xb3][0xc2][0x9][0xf3][0xcb]N[0xc5][0x83][0xc9]}S[0xc6]L[0xbf][0x13][0xaa][0xae][0xf6][0xde][0x9e][0x18][{[0x1e][0xf9][0x84]K[0xaa][0x8c]$[0xf3][0x85][0x18]x5[0xba]vT[0x82][0x91]w[0x7][0xd7][0x93][0xff][0x94][0xcf]>k[0xa5][0xff][0xa0][0xb5][0xfa]7[0xc3][0xb5][0xe2][0x84][0xf0][0x7][0xb1][0x9a]\[0xaa]$[0xd1]([0xeb]J[0xb7][0xc7]$[0xe1][0x90]W[0xb0]B[0x92][0x9b][0x85][0xd5][0xd5]6[0xd8][0xd8][0xce]s[0x6][0xed][0xb6][0x6]]OJ[0xa9]nL[0xf3]s[0x1c][0xce][#[0xd9][0xa3]@Rc7[0xd5]&[0xf6]}[0x9a][0xf3][0xc3][0x83]:[0x1c][0xfb][0xa3][0xc1]f[0x9][0xab][0x4][0x9e]z[0x12]g[0xf6]"K[0xc6][0xd9]s[0xb0]e[0xe5]![0xfa][0xc][0x8f][0xb0]7[0x8b][0xac][0xed][0x15][0x92][0xb8][0xb7][0xd7][0xec][0x19][0xc0][0x1d][0xfe][0xbd][0xdd]S[0x12][0xdb][0xc7]Y[0xa8][0xc]'T[0x94][0x90][0xaf][0x9f]?[0xc]|[0xb4]'[0xbc][0x8c][0x7][0xcb]%[0x89]|4[0x90]c[0xaf][0xcc][0x8a]f[\n]"
16:03:43.734 [ForkJoinPool-1-worker-1] DEBUG org.apache.http.wire - http-outgoing-6 << "[0xb8][0xdb][0x5][0xde][0x5][0x83][0xc9]fc7[0xa1]q[0xe9][0xff]=[0xb5][0xba][0x16][0xc][0x81]([0x90]A[0xe4][0xfb][0xa8]T[0x1d]5[0xf]V[0xb][0x9c]#[0x82]\[0xbe]%[0xd3]E"[0x9f]0[0x9f][0x17][0xbc]k[0xe9][0xcd][0xcd]hf[0xd5][0xed]Z[\n]"
16:03:43.734 [ForkJoinPool-1-worker-1] DEBUG org.apache.http.wire - http-outgoing-6 << "+[0x81][0x81][0xb4][0x92][0xa0][0xb5][0xed]T[0xc9][0xb3]Kut[0xd7][0xab][0xaa]MNT[0x1f]%[0x8a][0xc6][0xbf][0xc1][0xda] e[0xc7][0x12]u[0xfc][\r][0xd6][0x1d][0xb5]|[0xdf][0xaf][0xc9]h[0x8b][0xd0][0xa3][0xae]'[0xdd][0xb3][0xdf][0xbe]=G[0x85][0xb6][0xbd][0x16][0xa2]w[0x9a]@[0xdc][0xeb][0xc1][0xe5][0xa2][0x8b][0xa8]#^[0xbd][0xa8]T[0xdb][0x18][0xe7]/[0xa0][0x11][0xb6][0xd7][0x86][0xdc]N[0xfd]x[0xec][0x89][0xc3][0x85][0x1c]'@f[0xf3]-[0x7][0xb]U[0xeb][0xff][0xe3][0xf9][0x6][0xc7][0x8b][0xc]oQ[0xa0]h[0xfb][0xc9]3[0x8d]r[0x93][0xd7][0xff]2[0x1e][0x92][0xdd][0x90][0xd1]]]>&#x7f;<![CDATA[[0xc6][0xd5][0xdc][0xfc][0xe9][0xbe][0xea]]<[0x11][0x86][0x86]o[0xdc]#[0x1c][0x5]![0xe][0xe7][0x10]$[0xb0][0x82][0x4]y#G[0x92][0x4][0xbc][0x9]p[0xf4]m[0xc9][0xb8]([0x15][0x5]=[0xc1]w[0xeb][0x84][0xe2](XA.+kA[0xd7]O[0x5][0x2][0x12]1$[0xd0][0x97] [0xf2][0x1c][0xa7],[0xa6][0xf9][0xa2][0xc1][0xfb]6([0xf8]K[0xc2][0x94]D[0x11][0xe4][0xc1][0x2][0xf8][0x9c]F[0xc8][0x1b][0x97][0x94]R[0xc2][0xa1][0x83]B[0xc2][0xd7][0xc8]C[0x1f])[0x89]0[0x12][0xf0]^[0x82]/[0xe4][0xa1][0x8b][0x8f][0xc8]A[0x11]^[0xb3][0x80][0x91]4[0x84] [0xc1][0x8c][0x7]2[0xb9] o8vPDX[0x96][0xe0]uSd[0x95][0xa9][0xbc][0xf1][0xe1][0xe1][0xd1][0x9f]_8(b[0x1][0x8e][0x4]r[0xc]h[0xc6]e[0x8b][0x18][\r][0xe9][0xc][0xcf] [\n]"
16:03:43.734 [ForkJoinPool-1-worker-1] DEBUG org.apache.http.wire - http-outgoing-6 << "8Y@[0xc1]u[0xe4] [0xb8]kXl\Q[0xd8]w[0x92]IH([0xfb][0xc9][0xa9][0xc7]8[0xe4]4W[0xc2][0x1c][0x14][0xe7]x[0x1]74[0xff]^[0x10][0xe6][0x98][0x5]S[0x1c][0x5]D$?9[0xaa][0xa0][0xdc][0xd0]\[0xd8]r[0xe4] [0x82][0xa7]A[0x88]9[0xcc][0xa8][0x9c]3r[0x10]aA[0x9c][0xd3]E[0x90]CH[0x17][0xb]Q[0xaf][0xa3]@n[0xe7][0x91][0xa7][0x9c]H[0xf4]P[0xf1][0xac][0xf4][0xa6]y[0xbd][0x85][0x11][0xae]v[0xfe][0x92][0xbd][0xb4][0x99][0x18][0x1d][0xc8][0xd7]#[0xa4][0x80][0x92][0xa6][0xb1][0x8d][0xa6][0xf2][0x8e][0xaf],[0xb0]XO[0xa5][0xe7]Bx~5}[0x9a]q[0xb2] w[0xca]/[0xca][0xd5][0x1c];H[0xca][0xaa][0x1]w[0xed]1[0x92],[0xe5]UKU[0xd1][0xa4][0xe][0x7][0x87][0xaf][0xf0][0xab][0xf8][0xd5][0xab][0xe1][0xf4]p|<|q[0xf8][0x12][0x86]G/[0xc2][0xe9][0xf0]0[0x1e][0x1f][0x8f][0xc6][0xc7][0xc7]G[0xc7][0x7] 8[0x15];[0x2][0x6][0x9][0x84][0xda]/[0x15]?[0xca]8N[0xb4][0x8e]h<[0x1e][0x8d]^[0x8d][0xc5][0x80]U [0xf6][0x16][0xbc]&9[0x7][0x96][0xd1][0x94]A[0xa0][0xbc]"'[0xb3]&Y[0xfa][0x84]"[0x8f][0x8f]_[0x8d][0x1d][0xc4] _A.[0xd5][0x1c][0x1f][0xba][0x7][0x87]/[0xdd][0x97]#w||[0xe8][0x1d][0x1f][0x1e][0x1f]#[0x7][0xc9]7e[0x90][0x87][0xbe]~[0x12]7[0xcb]i[0xb0][0xc5][0xc][0x1a]n"o|4>xy0>8[0x18];[0xa8]@[0x82][0xc5]<[0x94][0xf4]T[0xae]d[0xcd]3[0x97]y[0x82]<4[0xe7]<[0xf3][0xf6][0xf7][0xa3][0xe5]b[0xb1]vs`[0x1c]g[0x4]n[0xf1]"K[0xc0][\r][0xe9]b[0x1f]gd]]>&#x7f;<![CDATA[5[0xde][0x17],[0xe9][0x1a][0x80]![0x7]-[0x19][0xe4][0x5]o[0xe1]x5C[0xdc][0xd0][0x9c][0xf1][0xd2]#[0xcb][0xa5][0xdf]Lt[0x1e][0x11]e[0xc5][0xf0][\r][0xf9][0xac][0xae]H-\[0xa6][0x96][0x9e]8{NH[0x94]n[0x17])[0x83][0x1d][0x8c][0xe][0xc6][0xc3][0xd1][0xc1]p[0xf4][0x12][0xd5][0x1a]]]>&#x7f;<![CDATA[[0xc4][0x1f][0xda][0xd6][0xfb]i3U[0xb0][0x5]y([0xfe]3[0x8c][0xe]q<[0x1e][0x8e][0x8f][0x8e]a[0xf8][0x2][0x1f]F[0xc3][0x17]q<[0x1d][0xe2][0x83][0xe3][0x97][0xf1][0xe8][0x18][0xe3][0xf0][0xf8][0x5][0xda][0xfc][0xc8]1][0xf7]D[0xae][0xff][0xf8][0xae]?[0xdb][0x9f][0xf4][0x95][0xaa])Ng[0x90][0x17][0xb5][0xa9]~hW[0xb6][0x9c][0x96][0x85]i[0xba][0xf2]_[0x1d][0xed][0xad][0xfc][0xc3]W{b[0xff][0xf2]E[0xa8][0xe2][0xd3]86[0x8b][0xa2][0xd4][0xa9]U[0xb5][0x92][0xf5][0xec]Z[0xd5][[0x94][0xea][0x7][0x8e]$[0xb6]Pq[0x8b][0x4][0xe4]m@[0xd2]wK[0xc6][0xe9]B>N[0xd2][[0x94][0xdd][0xf1][0xa4][0xdb]V=>[\n]"
16:03:43.734 [ForkJoinPool-1-worker-1] DEBUG org.apache.http.wire - http-outgoing-6 << "[0x1d]l[0xdf]c[0x1f]?<[0xdc]O[0x97][0xd3]i[0x2][0xcc][0xdb][0x1d];!NCH[0xf0]4[0x1]q[0x17][0x1][0xc7]$[0x91][0xf][0x9c][0x95]cO;[0xf][0x9b][0xd4][0xf3][0xab][0x9a][0x4]dO[0xa6].I[0x9][0xaf][0xd1][0x84]0WKq[0xb0][[0x9]q[0xb0][0xab]d[0x94][0x8f][0xe0][0xa7][0x9b]g[0x9c][0xe2]>j[0xb3]gA[0x93]e[0xc2][0xb6]B[0x13][0xdd][0xd6][0x84]&/]]>&#x7f;<![CDATA[[0x1c][0x9a][0x18][0xfa][0xaf][0xbc]P[0xbf]'[0x90][0xaf]P![0x11][0xad][0x19][0xcd]92B[0x9a]r[0xb1]2[0xe8][0x86]D|[0xee]G[0xb0]"![0xc][0xe5][0x8d]S<[0xe4][0x1d][0xb2][0x10]'[0xe0][0x8f][0xd1][0xc9]N[0xc5][0x8d][0x13][0x9e][0xc0][0xc9]%[0xa5][0xc6][0xdf]q[0xba]6>[0xc3][0xef]K`[0x9c][0xbd][0xde]W[\r][0xb5][0x9e][0xbb][0xc3][0xa1][0xf1][0x9e][0xa6][0x9c][0x19][0xc3]a[0xa5][0xd7][0xeb][0x84][0xa4][0xdf][0x8d][0x1c][0x12][0x1f]E)[0x1b]f9[0xc4][0xc0][0xc3]9R/6[0xa0][0xfd][0xfd]X[0xc]qg"E[0x93]P[0x4]?j[0xf]V=E[0xca]`^[0xd9][0x9f][0xd2]Y[0x2]8#L[0xe6][0x8b][0x90][0xb1][0xd3][0x18]/H[0xb2][0xf6]?.S[0xc2])R"[0x19]_'[0xc0][0xe6][0x0][0x1c][0xb5]U[0xfd]"[0x9b][0x9a][0xba][0xca][0xee][0xd5][0xbd][0xf8][0x9b][0xf3]E[0xe2][0x18]S[0x1a][0xad][0x8d][0xfb]F[0x83][0xf8][0x9b][0xe2][0xf0][0xfb],[0xa7][0xcb]4[0x1a][0x86]4[0xa1][0xb9]g[0xfc])[0x8e][0xe3]I[0xa7]_[0xd1]xtx4=[0xea]i[0x17]s[0x1a]*[0xfd]=[0xc3]T30[0x1d][0x83][0xe1][0x94][\r][0x19][0xe4]d[0xdb][0x90][0x1b][0x81][0xaf][0xb9]g[0x8c]G[0xa3]n[0x8f]y[0xd5][0xb8][0x9a]w[0x9b][0x17]8[0x9f][0x91][0xd4]3Z#7;[0x8d][7^&[0xc9]P[0xb1][0xea]1[0xc0]#2:[0x8c][\r][\n]"
16:03:43.734 [ForkJoinPool-1-worker-1] DEBUG org.apache.http.wire - http-outgoing-6 << "50b[\r][\n]"
16:03:43.734 [ForkJoinPool-1-worker-1] DEBUG org.apache.http.wire - http-outgoing-6 << "[0x12][0xb8][0x1d][0x86][0x90]r[0xc8]{[0x18][0xe1][0x84][0xcc][0xd2][0xa1]z[0xa8]o[0xa8]^][0x95]5[0xa2][0xf4][0xc][0xc1][0xab][0xdb],[0x0]3[0x89][0xd7]C[0xed][0xeb][0xfd]|[0xda]j[0x15][0x8]`[0x98]C[0xdc][0xa3]Wy[0xd8])[0xfc]I[0x9e][0xff]=[0xce]N[0xa0][0x9b]>G[0xa1]y[0x4][0xf9]0W[0xd6]:[0xc8]n[\r]F[0x13][0x12]mYVy[0x8c]j[0x1c][0x1c]e=[0x93][0xcc]p[0x14][0x91]t[0xe6][0x19]#c[0xfc]2[0xbb][0xd5]_[0xdd]~[0xa2]B[\r][0xa5]U[0x9f]g[0x87][0x5]0[0x86]g}[0xba][0xd7]T[0x1a][0x1f][0xff][0x9c][0xa8][0xe2][0xea][0xf5]~-[0xc2][0x8a][0xa4][0xbb][0xa5][0xa2][0xaa][0xed]7][0x12][0xf9][0xe][0xd5][0x18][0xd5][0xb2][0xf5][0x14]3[0xa8]e[0x85][0x1f][0x2][0x12]'[\r][0xb1]fK[0xac]y[0xb2][0xa3][0xe5]^j[0xdc]b[0xf8][0x86][0x99]-[0xa7][\n]"
16:03:43.734 [ForkJoinPool-1-worker-1] DEBUG org.apache.http.wire - http-outgoing-6 << "[0xed][0xa5][0x14]G[0xcc][0x9c][0xec][0xd4][0x1f]K([\r]}[0xa3]vLc[0xef](+6[0xa6]`[0xa6]4[0x5]s[0xb2][0xb3])$[0xbc][0xa7][0xf9]B[0xc1]1[0xd1]:6'EC[0x0][0xfa][0x95][0x88][0x80][0xd3]@[0xbe]lh[0xf8][0xea][0xdd];[0xcb][0x9e][0xec]Tf[0x90]Y[0xec][0xf2][0xcd][0xe7]K[0xe3][0xfc]]]>&#x7f;<![CDATA[[0xfe]z[0xfe][0xe6]L[0xe6][0xb2][0xa7][0xb7][0xaa][[0xe6][0xcc]h[0x18][0xe0],[0xb][0x94][0xb2]#[0xad]N$o[0x15][0x84],[0x14]T[0xd8]R[0xf4][0xea][0x1a][0xbc][0x9a][0x5][0x9][0xbf][0x0][0xce][0xc3][0xb9][0xa8][0xc0][0x82]EM[0xf3][0x1d][0xa1][0xfa][0xfd][0xb7][0xdf][0x97][0x90][0xaf]7Ri1[0x95][0xf3][0x8f]gON[0xe4][0xe7]![g[0xd6][0x86]tE[0xdf],[0x92][0x8a]\[0x9e][0x93][0x9d][0xbe][0xc2].hq[0x0]w[0x94]-[0xc9][0xc]R[0xc8][0x89][0xaa][0xe9][0xfb]3WN[0xd4]M[0x81][0xef]7[0x9a]U[0xd5]]]>&#x7f;<![CDATA[[0x1c][0xb8][0xe9]R[0xbe]S[0xfc]>[0xaf])[0xe0]|%[0x80]|[0x85][0xcc][0x8c]{[0xa3][0xf4]:[0xab][0xd1][0xd3]6v[0x9b][0xde]w/[0xe7]0%[0xdc][0xad][0xe][0x86],}[0xf8]W[0xdf][0xd4][0x99][0xd7][0x8e]q%[0x8f][0xff][0xc4][0x80]3[0xca][0xe5]q[0x9e][0xb9]L[0x89][0xd8]1[0xe2]$[0xd0];[0x13][0xd3]1[0x9a][0x2][0xed]k{bl6[0x93][0xb6][0xb1][0x96]i[0xa8][0x8c][0xd5][0x99][0x8a]0[0xd7][0xb6][0x6][0xf9]s[0xa2][0x12][0xf6][0xf4][0x1b][0xfb][0xc9][0xd7]Z[0x1e]{[0xf5][0xe6][0xba][0xd7][0xf2]],[0xf5][0x9f][0xf1][0xb8]g:\[0xf8][0x84][0xc7][0x85][0x2]L[0xa6]t[0x6][0xa9]<[0xe0][0xd2][0xae][0xd7]y[0xdb][0xa6]x[0x1][\n]"
16:03:43.734 [ForkJoinPool-1-worker-1] DEBUG org.apache.http.wire - http-outgoing-6 << "=[0xee][0x94]Ol'~[0xc6]('[0xb5][0x17][0xa8]%[0xaa][0x17][0xf3]K[0xb2][0xc4][0xca]V[0x17]g[0x8e][0x91][0xaf]l[0xa3][0xca][0x9a]rW[0xb]7[0xc6][0x19][0xe6] [0x92][0x9e][0xa0]G[0xae][0xfe][0xc5][0x88][0x15][0xc9]'[0xcf][0xe2][0xca]6[0x6][0x86]ux[0xf4][0xf2][0xd7][0x83][0x17][0xbf][0x1e][0x8d][0xc4][0xff][0xe3][0xd1]hd[0xeb][0x11]2[0x13][0xdd]f$[0x7]&j[0x88][0xbe][0xf4][0xd1] r9[0xfd]z[0xf9][0xee][0x8b]<[0xb3]/[0xf8][0xeb]_[0xb7][\n]"
16:03:43.734 [ForkJoinPool-1-worker-1] DEBUG org.apache.http.wire - http-outgoing-6 << ")o[0xd7][0xef]0[0xb7][0x10][0xdc]-o[0x83]$K[0x2][0x95][0xff]|d[0xc]jZ5[0x94]@[0xf][0xa2]QL[0xa5][0xbc][0xc9]W[0xe2]rb[0x88]k-[0xda]1[0xe]mQ[0x1][0xaa][0x17][0xe6][0xe5][0x8b][0x82][0xdb],Ab[0xc3]*[0xb7]B[0xd5][0xf][0x87][0xc][0xdf][0xf7][\r]T[0xbc][0xe0][0x89][0xec]Z[0xcd][0xde]bY5[0xc1][0x8d]fj[0x15][0xbf][0xd1][0xa9][0xde]R[0xac][0xf3][0xe8][0xb6]ZH[0xfd][0xaa][0x9]9M[0x1][0x8e][0xd1][0x96]`[0xc8]wL+^[0x95]0[0xc5][0xc1]n[0xe1][0xb][0xf9]F[0xc0]2[0xcf]U[0xab][0xe1][0x1b][0x8d][0xde][0x93]N[0xdf][0x14]n[0xca][0xae][0xd5];[0x8a]+[0xde][0xe6]+mQ[0xf2][0x95]=zP[0xf9]c[0xc6]*[0xc1]K[0xf3][0xb6][0xa1][0x9f]r[0xd2][0xb6][0xae][0x1d]#[0xf4][0x8d]k[0xc8]v[0xa7]$[0x8d][0xd4][0xcf]*[0xdb][0x16][0xad][0xd6]m[0xb3][0xb3][0xd9][0xe9]K[0xb8][0xa8][0xe1]C[0xc8]1:[0x84][0xab]g[0x9e][0xd5][0x18][0x1a]&\[0xd7][0xb2][0xf1][0xd6][0x97]+[0x9f](jUR[0xdd][0x97][0xbf]rW[0x88]Ol[0xa3]j[0xdb][0xad][0x88][0xac][0x8c]0[0xc1][0x8c][0xf9][0xa8][0xbe];h@[0xf2][0xda][0xfe][0x3]5wf[0xf5][0xe1][0xf2]P[0xf1][0xa4][0xb3][0xc2]/[0xe]^5F[0xec]Gdu[0xb2][0xb3][0x95][0x8b][0xc6][0xc0]H'jTb[0xed][0xf1]([0xbb][0x9d][0xf4][0xf0][0xef]l[0x8b]{[0xa4][0xf5][0xdc]>[0x8e]|[0xfb][0xca][0xc4][0xc4],]]>&#x7f;<![CDATA[[0xc6][0x1f]Dd![0xd2][0x99]U[0xc7][0x6];[0xbf][0xfc][0xa2]~[0xbc][0xca][0xdf]Q[0xfa][0x9d]@=<[0xe4]Y[0x80]S[0x9c][0x0]8*[0x17][0xad][\r]5[0xea][0x17]}"R[0x9d][0xb8][0x14][0xe3][0xd5][0x1b][0xe0][0xbe]9[0xd0][0x3][0x7][0x96][0xa5]F[0xda][0xa7][0xe6][0xa4]H[0xa5][0xe6][0xc0]*[0x13][0xe2][0xdf]1[0x9f][0xbb][0xf2]%[0xe][0xab]/I[0xe][0xd4]h[0x9d][0xa0][0x9b][0x9][0xd8][0xf6]L[0xd3][0x1e][0x98][0x13][0xf9][0xf3][0xda]}s[0xb2][0xf3][0xcb]/[0x9b][0x89][0x9e]S[0x1c]+[0x8]Z[0xdc][0xd3]y[0x95]&D5[0x82][0xd4]U[0xee]Qv[0xb8][0xe9]t[0x90][0xe7][0x1c]E[0xbb][0x18][0xaf][0x98][0xfa][0xbe]16N[0x5]G[0xcf][0xb0][0xe8][0xdc]81[0xe8][0x8d]][0x10][0xe8]M1[0xe0][0xa6]3[0xe0][0xa6]=@[0x10]h)aYSQ[0xe0][0x94][0xfc][0xaf]j[0xff][0xfc][0xf0]P[0xd9][0xb9][0xb8][0xd0][0xef][0x82][0xb9]aB [0xe5]=[0x1d][0xfb]]]>&#x7f;<![CDATA[[0x95])"I[0xfd]*[0xb3]>[0xb0]T[0xe0][0xa6][0xa5][0xc0]?[0x84][0x1][0x9e]![0xbf][0xdb][0xef]y[0xe2][0xff]Q[0x18][0xb8][0xf4]@[0xcb][0x84][0xbb]H[0x80]`HEp~[0xfd]|[0xf1][0x8e].2[0x9a][0xca][0x1f][0x2][0xb]k[0xfa][0xe6]@|[\r]L[0xe7][0xc6]7[0x7]7[0x3][0xd3][0x99][0xfb][0xe6]`n;[0x86]u8~yx[0x4][0x87][0xbf][0xfe]Y[0x14][0xf2][0x16]O:[0xbf][0xd9][0xc2]T[0xb0]Y[0x16]|[0x96]=[0x8c][0xfa][0xcf][0xfc][0x9e][0x8f][0xd5]&[0xa6]![0x11]M[0xff]&[0x1][0xa2][0x5]M9M[0xdd]l[0x9e][0xf5][0x9d][0xf8][0x95][0xed]70[0xcd]N[0xb1][0x8f][0xf7][0xca][0x93]?6[0xf][0xa7][0xfe][0xe1][0x8b][\n]"
16:03:43.734 [ForkJoinPool-1-worker-1] DEBUG org.apache.http.wire - http-outgoing-6 << "[0xb6]=[0x5]w[0x9f]H[0xbe]}[0xea]}[0x83]$Y[0xc7][0x84][0xcd]K[0xfd][0xea][0x7][0xd2]U[0xeb]c[0xda]m;[0x9a][0xdc][0x96][0xfb]wv[0x9e]0r/N[0xac][0x95][0xe]U/^[0xef][0xab]]]>&#x7f;<![CDATA[D[0xe5][0xff][0x2][0x0][0x0][0xff][0xff]!H[zUE[0x0][0x0][\r][\n]"
16:03:43.734 [ForkJoinPool-1-worker-1] DEBUG org.apache.http.wire - http-outgoing-6 << "0[\r][\n]"
16:03:43.734 [ForkJoinPool-1-worker-1] DEBUG org.apache.http.wire - http-outgoing-6 << "[\r][\n]"
16:03:43.734 [ForkJoinPool-1-worker-1] DEBUG org.apache.http.headers - http-outgoing-6 << HTTP/1.1 429 Too Many Requests
16:03:43.734 [ForkJoinPool-1-worker-1] DEBUG org.apache.http.headers - http-outgoing-6 << Content-Encoding: gzip
16:03:43.734 [ForkJoinPool-1-worker-1] DEBUG org.apache.http.headers - http-outgoing-6 << Content-Type: text/html; charset=UTF-8
16:03:43.734 [ForkJoinPool-1-worker-1] DEBUG org.apache.http.headers - http-outgoing-6 << Date: Fri, 05 Feb 2021 10:33:43 GMT
16:03:43.734 [ForkJoinPool-1-worker-1] DEBUG org.apache.http.headers - http-outgoing-6 << Display: staticcontent_sol
16:03:43.734 [ForkJoinPool-1-worker-1] DEBUG org.apache.http.headers - http-outgoing-6 << Expires: Thu, 04 Feb 2021 10:33:43 GMT
16:03:43.734 [ForkJoinPool-1-worker-1] DEBUG org.apache.http.headers - http-outgoing-6 << Host-Header: c2hhcmVkLmJsdWVob3N0LmNvbQ==
16:03:43.734 [ForkJoinPool-1-worker-1] DEBUG org.apache.http.headers - http-outgoing-6 << Pagespeed: off
16:03:43.734 [ForkJoinPool-1-worker-1] DEBUG org.apache.http.headers - http-outgoing-6 << Referrer-Policy: 
16:03:43.734 [ForkJoinPool-1-worker-1] DEBUG org.apache.http.headers - http-outgoing-6 << Response: 429
16:03:43.734 [ForkJoinPool-1-worker-1] DEBUG org.apache.http.headers - http-outgoing-6 << Retry-After: 3
16:03:43.734 [ForkJoinPool-1-worker-1] DEBUG org.apache.http.headers - http-outgoing-6 << Server: nginx/1.16.0
16:03:43.734 [ForkJoinPool-1-worker-1] DEBUG org.apache.http.headers - http-outgoing-6 << Vary: Accept-Encoding
16:03:43.734 [ForkJoinPool-1-worker-1] DEBUG org.apache.http.headers - http-outgoing-6 << Vary: Accept-Encoding,User-Agent,Origin
16:03:43.734 [ForkJoinPool-1-worker-1] DEBUG org.apache.http.headers - http-outgoing-6 << X-Ezoic-Cdn: Miss
16:03:43.734 [ForkJoinPool-1-worker-1] DEBUG org.apache.http.headers - http-outgoing-6 << X-Middleton-Display: staticcontent_sol
16:03:43.734 [ForkJoinPool-1-worker-1] DEBUG org.apache.http.headers - http-outgoing-6 << X-Middleton-Response: 429
16:03:43.734 [ForkJoinPool-1-worker-1] DEBUG org.apache.http.headers - http-outgoing-6 << X-Ratelimit-Limit: 60
16:03:43.734 [ForkJoinPool-1-worker-1] DEBUG org.apache.http.headers - http-outgoing-6 << X-Ratelimit-Remaining: 53
16:03:43.734 [ForkJoinPool-1-worker-1] DEBUG org.apache.http.headers - http-outgoing-6 << X-Ratelimit-Reset: 1612521226
16:03:43.734 [ForkJoinPool-1-worker-1] DEBUG org.apache.http.headers - http-outgoing-6 << X-Sol: pub_site
16:03:43.734 [ForkJoinPool-1-worker-1] DEBUG org.apache.http.headers - http-outgoing-6 << Transfer-Encoding: chunked
16:03:43.734 [ForkJoinPool-1-worker-1] DEBUG org.apache.http.impl.execchain.MainClientExec - Connection can be kept alive indefinitely
16:03:43.734 [ForkJoinPool-1-worker-1] DEBUG org.apache.http.impl.conn.PoolingHttpClientConnectionManager - Connection [id: 6][route: {}->http://dummy.restapiexample.com:80] can be kept alive indefinitely
16:03:43.734 [ForkJoinPool-1-worker-1] DEBUG org.apache.http.impl.conn.DefaultManagedHttpClientConnection - http-outgoing-6: set socket timeout to 0
16:03:43.734 [ForkJoinPool-1-worker-1] DEBUG org.apache.http.impl.conn.PoolingHttpClientConnectionManager - Connection released: [id: 6][route: {}->http://dummy.restapiexample.com:80][total available: 1; route allocated: 1 of 5; total allocated: 1 of 10]
16:03:43.734 [ForkJoinPool-1-worker-1] DEBUG com.intuit.karate - response time in milliseconds: 1945.85
1 < 429
1 < Content-Type: text/html; charset=UTF-8
1 < Date: Fri, 05 Feb 2021 10:33:43 GMT
1 < Display: staticcontent_sol
1 < Expires: Thu, 04 Feb 2021 10:33:43 GMT
1 < Host-Header: c2hhcmVkLmJsdWVob3N0LmNvbQ==
1 < Pagespeed: off
1 < Referrer-Policy: 
1 < Response: 429
1 < Retry-After: 3
1 < Server: nginx/1.16.0
1 < Transfer-Encoding: chunked
1 < Vary: [Accept-Encoding, Accept-Encoding,User-Agent,Origin]
1 < X-Ezoic-Cdn: Miss
1 < X-Middleton-Display: staticcontent_sol
1 < X-Middleton-Response: 429
1 < X-Ratelimit-Limit: 60
1 < X-Ratelimit-Remaining: 53
1 < X-Ratelimit-Reset: 1612521226
1 < X-Sol: pub_site
<!DOCTYPE html>
<html lang="en">
    <head><meta charset="utf-8">
<script data-ezscrex='false' data-cfasync='false' data-pagespeed-no-defer>var __ez=__ez||{};__ez.stms=Date.now();__ez.evt={};__ez.script={};__ez.ck=__ez.ck||{};__ez.template={};__ez.template.isOrig=false;__ez.queue=(function(){var count=0,incr=0,items=[],timeDelayFired=false,hpItems=[],lpItems=[],allowLoad=true;var obj={func:function(name,funcName,parameters,isBlock,blockedBy,deleteWhenComplete,proceedIfError){var self=this;this.name=name;this.funcName=funcName;this.parameters=parameters===null?null:(parameters instanceof Array)?parameters:[parameters];this.isBlock=isBlock;this.blockedBy=blockedBy;this.deleteWhenComplete=deleteWhenComplete;this.isError=false;this.isComplete=false;this.isInitialized=false;this.proceedIfError=proceedIfError;this.isTimeDelay=false;this.process=function(){log("... func = "+name);self.isInitialized=true;self.isComplete=true;log("... func.apply: "+name);var funcs=self.funcName.split('.');var func=null;if(funcs.length>3){}else if(funcs.length===3){func=window[funcs[0]][funcs[1]][funcs[2]];}else if(funcs.length===2){func=window[funcs[0]][funcs[1]];}else{func=window[self.funcName];}
if(typeof func!=='undefined'&&func!==null){func.apply(null,this.parameters);}
if(self.deleteWhenComplete===true)delete items[name];if(self.isBlock===true){log("----- F'D: "+self.name);processAll();}}},file:function(name,path,isBlock,blockedBy,async,defer,proceedIfError){var self=this;this.name=name;this.path=path;this.async=async;this.defer=defer;this.isBlock=isBlock;this.blockedBy=blockedBy;this.isInitialized=false;this.isError=false;this.isComplete=false;this.proceedIfError=proceedIfError;this.isTimeDelay=false;this.process=function(){self.isInitialized=true;log("... file = "+name);var scr=document.createElement('script');scr.src=path;if(async===true)scr.async=true;else if(defer===true)scr.defer=true;scr.onerror=function(){log("----- ERR'D: "+self.name);self.isError=true;if(self.isBlock===true){processAll();}};scr.onreadystatechange=scr.onload=function(){var state=scr.readyState;log("----- F'D: "+self.name);if((!state||/loaded|complete/.test(state))){self.isComplete=true;if(self.isBlock===true){processAll();}}};document.getElementsByTagName('head')[0].appendChild(scr);}}};function init(){window.addEventListener("load",function(){setTimeout(function(){timeDelayFired=true;log('TDELAY -----');processAll();},5000);},false);}
function addFile(name,path,isBlock,blockedBy,async,defer,proceedIfError,priority){var item=new obj.file(name,path,isBlock,blockedBy,async,defer,proceedIfError);if(priority===true){hpItems[name]=item}else{lpItems[name]=item}
items[name]=item;checkIfBlocked(item);}
function setallowLoad(settobool){allowLoad=settobool}
function addFunc(name,func,parameters,isBlock,blockedBy,autoInc,deleteWhenComplete,proceedIfError,priority){if(autoInc===true)name=name+"_"+incr++;var item=new obj.func(name,func,parameters,isBlock,blockedBy,deleteWhenComplete,proceedIfError);if(priority===true){hpItems[name]=item}else{lpItems[name]=item}
items[name]=item;checkIfBlocked(item);}
function addTimeDelayFile(name,path){var item=new obj.file(name,path,false,[],false,false,true);item.isTimeDelay=true;log(name+' ... '+' FILE! TDELAY');lpItems[name]=item;items[name]=item;checkIfBlocked(item);}
function addTimeDelayFunc(name,func,parameters){var item=new obj.func(name,func,parameters,false,[],true,true);item.isTimeDelay=true;log(name+' ... '+' FUNCTION! TDELAY');lpItems[name]=item;items[name]=item;checkIfBlocked(item);}
function checkIfBlocked(item){if(isBlocked(item)===true||allowLoad==false)return;item.process();}
function isBlocked(item){if(item.isTimeDelay===true&&timeDelayFired===false){log(item.name+" blocked = TIME DELAY!");return true;}
if(item.blockedBy instanceof Array){for(var i=0;i<item.blockedBy.length;i++){var block=item.blockedBy[i];if(items.hasOwnProperty(block)===false){log(item.name+" blocked = "+block);return true;}else if(item.proceedIfError===true&&items[block].isError===true){return false;}else if(items[block].isComplete===false){log(item.name+" blocked = "+block);return true;}}}
return false;}
function log(msg){var href=window.location.href;var reg=new RegExp('[?&]ezq=([^&#]*)','i');var string=reg.exec(href);var res=string?string[1]:null;if(res==="1")console.debug(msg);}
function processAll(){count++;if(count>200)return;log("let's go");processItems(hpItems);processItems(lpItems);}
function processItems(list){for(var i in list){if(list.hasOwnProperty(i)===false)continue;var item=list[i];if(item.isComplete===true||isBlocked(item)||item.isInitialized===true||item.isError===true){if(item.isError===true){log(item.name+': error')}else if(item.isComplete===true){log(item.name+': complete already')}else if(item.isInitialized===true){log(item.name+': initialized already')}}else{item.process();}}}
init();return{addFile:addFile,addDelayFile:addTimeDelayFile,addFunc:addFunc,addDelayFunc:addTimeDelayFunc,items:items,processAll:processAll,setallowLoad:setallowLoad};})();__ez.evt.add=function(e,t,n){e.addEventListener?e.addEventListener(t,n,!1):e.attachEvent?e.attachEvent("on"+t,n):e["on"+t]=n()},__ez.evt.remove=function(e,t,n){e.removeEventListener?e.removeEventListener(t,n,!1):e.detachEvent?e.detachEvent("on"+t,n):delete e["on"+t]};__ez.script.add=function(e){var t=document.createElement("script");t.src=e,t.async=!0,t.type="text/javascript",document.getElementsByTagName("head")[0].appendChild(t)};__ez.queue.addFile('/detroitchicago/boise.js', '/detroitchicago/boise.js?gcb=192-6&cb=1', false, [], true, false, true, false);__ez.dot={};__ez.queue.addFile('/detroitchicago/memphis.js', '/detroitchicago/memphis.js?gcb=192-6&cb=2', false, [], true, false, true, false);__ez.queue.addFile('/detroitchicago/minneapolis.js', '/detroitchicago/minneapolis.js?gcb=192-6&cb=1', false, [], true, false, true, false);__ez.vep=(function(){var pixels=[],pxURL="/detroitchicago/grapefruit.gif";function AddPixel(vID,pixelData){if(__ez.dot.isDefined(vID)&&__ez.dot.isValid(pixelData)){pixels.push({type:'video',video_impression_id:vID,domain_id:__ez.dot.getDID(),t_epoch:__ez.dot.getEpoch(0),data:__ez.dot.dataToStr(pixelData)});}}
function Fire(){if(typeof document.visibilityState!=='undefined'&&document.visibilityState==="prerender"){return;}
if(__ez.dot.isDefined(pixels)&&pixels.length>0){while(pixels.length>0){var j=5;if(j>pixels.length){j=pixels.length;}
var pushPixels=pixels.splice(0,j);(new Image()).src=__ez.dot.getURL(pxURL)+"?orig="+(__ez.template.isOrig===true?1:0)+"&v="+btoa(JSON.stringify(pushPixels));}}
pixels=[];}
return{Add:AddPixel,Fire:Fire};})();</script><script data-ezscrex='false' data-cfasync='false' data-pagespeed-no-defer>__ez.pel=(function(){var pixels=[],pxURL="/porpoiseant/army.gif";function AddAndFirePixel(adSlot,pixelData){AddPixel(adSlot,pixelData,0,0,0,0,0);Fire();}
function AddAndFireOrigPixel(adSlot,pixelData){AddPixel(adSlot,pixelData,0,0,0,0,0,true);Fire();}
function GetCurrentPixels(){return pixels;}
function AddPixel(adSlot,pixelData,revenue,est_revenue,bid_floor_filled,bid_floor_prev,stat_source_id,isOrig){if(!__ez.dot.isDefined(adSlot)||__ez.dot.isAnyDefined(adSlot.getSlotElementId,adSlot.ElementId)==false){return;}
var ad_position_id=parseInt(__ez.dot.getTargeting(adSlot,'ap'));var impId=__ez.dot.getSlotIID(adSlot),adUnit=__ez.dot.getAdUnit(adSlot,isOrig);var compId=parseInt(__ez.dot.getTargeting(adSlot,"compid"));var lineItemId=0;var creativeId=0;var ezimData=getEzimData(adSlot);if(typeof ezimData=='object'){if(ezimData.creative_id!==undefined){creativeId=ezimData.creative_id;}
if(ezimData.line_item_id!==undefined){lineItemId=ezimData.line_item_id;}}
if(__ez.dot.isDefined(impId,adUnit)&&__ez.dot.isValid(pixelData)){pixels.push({type:"impression",impression_id:impId,domain_id:__ez.dot.getDID(),unit:adUnit,t_epoch:__ez.dot.getEpoch(0),revenue:revenue,est_revenue:est_revenue,ad_position:ad_position_id,ad_size:"",bid_floor_filled:bid_floor_filled,bid_floor_prev:bid_floor_prev,stat_source_id:stat_source_id,country_code:__ez.dot.getCC(),pageview_id:__ez.dot.getPageviewId(),comp_id:compId,line_item_id:lineItemId,creative_id:creativeId,data:__ez.dot.dataToStr(pixelData),is_orig:isOrig||__ez.template.isOrig,});}}
function AddPixelById(impFullId,pixelData,isOrig){var vals=impFullId.split('/');if(__ez.dot.isDefined(impFullId)&&vals.length===3&&__ez.dot.isValid(pixelData)){var adUnit=vals[0],impId=vals[2];pixels.push({type:"impression",impression_id:impId,domain_id:__ez.dot.getDID(),unit:adUnit,t_epoch:__ez.dot.getEpoch(0),pageview_id:__ez.dot.getPageviewId(),data:__ez.dot.dataToStr(pixelData),is_orig:isOrig||__ez.template.isOrig});}}
function Fire(){if(typeof document.visibilityState!=='undefined'&&document.visibilityState==="prerender")return;if(__ez.dot.isDefined(pixels)&&pixels.length>0){var allPixels=[pixels.filter(function(pixel){return pixel.is_orig}),pixels.filter(function(pixel){return!pixel.is_orig})];allPixels.forEach(function(pixels){while(pixels.length>0){var isOrig=pixels[0].is_orig||false;var j=5;if(j>pixels.length){j=pixels.length;}
var pushPixels=pixels.splice(0,j);var pixelURL=__ez.dot.getURL(pxURL)+"?orig="+(isOrig===true?1:0)+"&sts="+btoa(JSON.stringify(pushPixels));if(typeof window.isAmp!=='undefined'&&isAmp&&typeof window._ezaq!=='undefined'&&_ezaq.hasOwnProperty("domain_id")){pixelURL+="&visit_uuid="+_ezaq['visit_uuid'];}
(new Image()).src=pixelURL;}})}
pixels=[];}
function getEzimData(adSlot){if(typeof _ezim_d=="undefined"){return false}
var adUnitName=__ez.dot.getAdUnitPath(adSlot).split('/').pop();if(typeof _ezim_d==='object'&&_ezim_d.hasOwnProperty(adUnitName)){return _ezim_d[adUnitName];}
for(var ezimKey in _ezim_d){if(ezimKey.split('/').pop()===adUnitName){return _ezim_d[ezimKey];}}
return false;}
return{Add:AddPixel,AddAndFire:AddAndFirePixel,AddAndFireOrig:AddAndFireOrigPixel,AddById:AddPixelById,Fire:Fire,GetPixels:GetCurrentPixels,};})();__ez.queue.addFile('/detroitchicago/raleigh.js', '/detroitchicago/raleigh.js?gcb=192-6&cb=2', false, [], true, false, true, false);__ez.queue.addFile('/detroitchicago/tampa.js', '/detroitchicago/tampa.js?gcb=192-6&cb=1', false, [], true, false, true, false);</script>
<script data-ezscrex="false" type="text/javascript" data-cfasync="false">var _ezaq = {"ad_cache_level":0,"ad_count_adjustment":0,"ad_lazyload_version":0,"ad_location_ids":"","ad_transform_level":0,"adx_ad_count":0,"bidder_method":1,"bidder_version":3,"city":"Noida","country":"IN","days_since_last_visit":-1,"display_ad_count":0,"domain_id":133674,"ds_adsize_opt_id":-1,"engaged_time_visit":0,"ezcache_level":1,"ezcache_skip_code":0,"form_factor_id":1,"framework_id":1,"has_bad_image":0,"has_bad_words":0,"iab_category":"","is_from_recommended_pages":false,"is_return_visitor":false,"is_sitespeed":0,"last_page_load":"","last_pageview_id":"","lt_cache_level":0,"max_ads":0,"metro_code":0,"optimization_version":1,"page_ad_positions":"","page_view_count":0,"page_view_id":"239a9f99-b318-435e-64cb-3f180188682e","position_selection_id":0,"postal_code":"110091","pv_event_count":0,"response_size_orig":0,"response_time_orig":1891,"serverid":"13.235.50.183:8388","state":"UP","sub_page_ad_positions":"","t_epoch":1612521221,"template_id":0,"time_on_site_visit":0,"url":"http://dummy.restapiexample.com/api/v1/employees","user_id":0,"word_count":0,"worst_bad_word_level":0};var _ezim_d = null;var _ezat = {"domain_id":133674,"form_factor_id":1,"framework_id":1,"pageview_date":"2021-02-05","pageview_id":"239a9f99-b318-435e-64cb-3f180188682e","template_id":0,"url":"http://dummy.restapiexample.com/api/v1/employees","visit_uuid":"f7e03af1-168e-4a3d-4ffb-a285f08aac84"};</script><script data-ezscrex='false' data-pagespeed-no-defer data-cfasync='false' type="text/javascript">__ez.queue.addFile('banger.js', '/porpoiseant/banger.js?cb=192-6&bv=96&v=39&PageSpeed=off', true, [], true, false, false, true);</script>
<script data-ezscrex="false" data-cfasync="false">(function(){if("function"===typeof window.CustomEvent)return!1;window.CustomEvent=function(c,a){a=a||{bubbles:!1,cancelable:!1,detail:null};var b=document.createEvent("CustomEvent");b.initCustomEvent(c,a.bubbles,a.cancelable,a.detail);return b}})();</script><script data-ezscrex="false" data-cfasync="false">__ez.queue.addFile('/detroitchicago/tulsa.js', '/detroitchicago/tulsa.js?gcb=192-6&cb=5', false, [], true, false, true, false);</script>
        
        <meta name="viewport" content="width=device-width, initial-scale=1">

        <title>Too Many Requests</title>

        <!-- Fonts -->
        <link rel="dns-prefetch" href="//fonts.gstatic.com">
        <link href="https://fonts.googleapis.com/css?family=Nunito" rel="stylesheet">

        <!-- Styles -->
        <style>
            html, body {
                background-color: #fff;
                color: #636b6f;
                font-family: 'Nunito', sans-serif;
                font-weight: 100;
                height: 100vh;
                margin: 0;
            }

            .full-height {
                height: 100vh;
            }

            .flex-center {
                align-items: center;
                display: flex;
                justify-content: center;
            }

            .position-ref {
                position: relative;
            }

            .code {
                border-right: 2px solid;
                font-size: 26px;
                padding: 0 15px 0 15px;
                text-align: center;
            }

            .message {
                font-size: 18px;
                text-align: center;
            }
        </style>
    <script type="text/javascript">var ezouid = "1";</script><base href="http://dummy.restapiexample.com/api/v1/employees"><script type='text/javascript'>
var ezoTemplate = 'pub_site_noads';
if(typeof ezouid == 'undefined')
{
    var ezouid = 'none';
}
var ezoFormfactor = '1';
var ezo_elements_to_check = Array();
</script><!-- START EZHEAD -->
<script data-ezscrex="false" type='text/javascript'>
var soc_app_id = '0';
var did = 133674;
var ezdomain = 'restapiexample.com';
var ezoicSearchable = 1;
</script>
<!--{jquery}-->
<!-- END EZHEAD -->
<script data-ezscrex='false' data-pagespeed-no-defer data-cfasync='false' type='text/javascript' style='display:none'>
__ez.queue.addFile('__ezf_ezosuigeneris', '//g.ezoic.net/ezosuigeneris.js', true, [], true, false, false, false);
var __ez_ezosuigenerisEvt = function() { if(typeof(ezosuigeneris) != 'undefined'){__ez.bit.AddAndFire(_ezaq['page_view_id'], [(new __ezDotData('universal_user_id', ezosuigeneris))]); }};
__ez.queue.addFunc('__ez_ezosuigenerisEvt', '__ez_ezosuigenerisEvt', null, false, ['__ezf_ezosuigeneris','/detroitchicago/minneapolis.js','/detroitchicago/memphis.js'], false, false, false, false);</script><script data-ezscrex='false' data-pagespeed-no-defer data-cfasync='false' type='text/javascript' style='display:none'>__ez.queue.addFile('__ezf_ezosuigenerisc', '//g.ezoic.net/ezosuigenerisc.js?nogen=1', true, ["/detroitchicago/boise.js"], true, false, false, false);</script>
<script data-ezscrex='false' data-pagespeed-no-defer data-cfasync='false'>
function create_ezolpl(pvID, rv) {
    var d = new Date();
    d.setTime(d.getTime() + (365*24*60*60*1000));
    var expires = "expires="+d.toUTCString();
    __ez.ck.setByCat("ezux_lpl_133674=" + new Date().getTime() + "|" + pvID + "|" + rv + "; " + expires, 3);
}
function attach_ezolpl(pvID, rv) {
    if (document.readyState === "complete") {
        create_ezolpl(pvID, rv);
    }
    if(window.attachEvent) {
        window.attachEvent("onload", create_ezolpl, pvID, rv);
    } else {
        if(window.onload) {
            var curronload = window.onload;
            var newonload = function(evt) {
                curronload(evt);
                create_ezolpl(pvID, rv);
            };
            window.onload = newonload;
        } else {
            window.onload = create_ezolpl.bind(null, pvID, rv);
        }
    }
}

__ez.queue.addFunc("attach_ezolpl", "attach_ezolpl", ["239a9f99-b318-435e-64cb-3f180188682e", "false"], false, ['/detroitchicago/boise.js'], true, false, false, false);
</script></head>
    <body>
        <div class="flex-center position-ref full-height">
            <div class="code">
                429            </div>

            <div class="message" style="padding: 10px;">
                Too Many Requests            </div>
        </div>
    <script type="text/javascript" style='display:none;'>var __ez_dims = (function() {
		var setCookie = function( name, content, expiry ) {
			return document.cookie = name+'='+content+((expiry)?';expires='+(new Date(Math.floor(new Date().getTime()+expiry*1000)).toUTCString()):'')+';path=/';
		};
		var ffid = 1;
		var oh = window.screen.height;
		var ow = window.screen.width;
		var h = ffid === 1 ? oh : (oh > ow) ? oh : ow;
		var w = ffid === 1 ? ow : (oh > ow) ? ow : oh;
		var uh = window.innerHeight || document.documentElement.clientHeight || document.getElementsByTagName('body')[0].clientHeight;
		var uw = window.innerWidth || document.documentElement.clientWidth || document.getElementsByTagName('body')[0].clientWidth;
		setCookie('ezds', encodeURIComponent('ffid='+ffid+',w='+w+',h='+h), (31536e3*7));
		setCookie('ezohw', encodeURIComponent('w='+uw+',h='+uh), (31536e3*7));
	})();</script><script type='text/javascript' style='display:none;' async>
__ez.queue.addFile('edmonton.php', '/detroitchicago/edmonton.webp?a=a&cb=192-6&shcb=34', true, ['/detroitchicago/minneapolis.js'], true, false, false, false);
__ez.queue.addFile('jellyfish.php', '/porpoiseant/jellyfish.webp?a=a&cb=192-6&shcb=34', false, [], true, false, false, false);
</script>

<script type='text/javascript' data-cfasync='false'></script></body>
</html>


16:03:43.734 [ForkJoinPool-1-worker-1] WARN com.intuit.karate - xml parsing failed, response data type set to string: org.xml.sax.SAXParseException; lineNumber: 4; columnNumber: 74; Attribute name "data-pagespeed-no-defer" associated with an element type "script" must be followed by the ' = ' character.
16:03:43.734 [ForkJoinPool-1-worker-1] ERROR com.intuit.karate - status code was: 429, expected: 200, response time: 1946, url: http://dummy.restapiexample.com/api/v1/employees, response: <!DOCTYPE html>
<html lang="en">
    <head><meta charset="utf-8">
<script data-ezscrex='false' data-cfasync='false' data-pagespeed-no-defer>var __ez=__ez||{};__ez.stms=Date.now();__ez.evt={};__ez.script={};__ez.ck=__ez.ck||{};__ez.template={};__ez.template.isOrig=false;__ez.queue=(function(){var count=0,incr=0,items=[],timeDelayFired=false,hpItems=[],lpItems=[],allowLoad=true;var obj={func:function(name,funcName,parameters,isBlock,blockedBy,deleteWhenComplete,proceedIfError){var self=this;this.name=name;this.funcName=funcName;this.parameters=parameters===null?null:(parameters instanceof Array)?parameters:[parameters];this.isBlock=isBlock;this.blockedBy=blockedBy;this.deleteWhenComplete=deleteWhenComplete;this.isError=false;this.isComplete=false;this.isInitialized=false;this.proceedIfError=proceedIfError;this.isTimeDelay=false;this.process=function(){log("... func = "+name);self.isInitialized=true;self.isComplete=true;log("... func.apply: "+name);var funcs=self.funcName.split('.');var func=null;if(funcs.length>3){}else if(funcs.length===3){func=window[funcs[0]][funcs[1]][funcs[2]];}else if(funcs.length===2){func=window[funcs[0]][funcs[1]];}else{func=window[self.funcName];}
if(typeof func!=='undefined'&&func!==null){func.apply(null,this.parameters);}
if(self.deleteWhenComplete===true)delete items[name];if(self.isBlock===true){log("----- F'D: "+self.name);processAll();}}},file:function(name,path,isBlock,blockedBy,async,defer,proceedIfError){var self=this;this.name=name;this.path=path;this.async=async;this.defer=defer;this.isBlock=isBlock;this.blockedBy=blockedBy;this.isInitialized=false;this.isError=false;this.isComplete=false;this.proceedIfError=proceedIfError;this.isTimeDelay=false;this.process=function(){self.isInitialized=true;log("... file = "+name);var scr=document.createElement('script');scr.src=path;if(async===true)scr.async=true;else if(defer===true)scr.defer=true;scr.onerror=function(){log("----- ERR'D: "+self.name);self.isError=true;if(self.isBlock===true){processAll();}};scr.onreadystatechange=scr.onload=function(){var state=scr.readyState;log("----- F'D: "+self.name);if((!state||/loaded|complete/.test(state))){self.isComplete=true;if(self.isBlock===true){processAll();}}};document.getElementsByTagName('head')[0].appendChild(scr);}}};function init(){window.addEventListener("load",function(){setTimeout(function(){timeDelayFired=true;log('TDELAY -----');processAll();},5000);},false);}
function addFile(name,path,isBlock,blockedBy,async,defer,proceedIfError,priority){var item=new obj.file(name,path,isBlock,blockedBy,async,defer,proceedIfError);if(priority===true){hpItems[name]=item}else{lpItems[name]=item}
items[name]=item;checkIfBlocked(item);}
function setallowLoad(settobool){allowLoad=settobool}
function addFunc(name,func,parameters,isBlock,blockedBy,autoInc,deleteWhenComplete,proceedIfError,priority){if(autoInc===true)name=name+"_"+incr++;var item=new obj.func(name,func,parameters,isBlock,blockedBy,deleteWhenComplete,proceedIfError);if(priority===true){hpItems[name]=item}else{lpItems[name]=item}
items[name]=item;checkIfBlocked(item);}
function addTimeDelayFile(name,path){var item=new obj.file(name,path,false,[],false,false,true);item.isTimeDelay=true;log(name+' ... '+' FILE! TDELAY');lpItems[name]=item;items[name]=item;checkIfBlocked(item);}
function addTimeDelayFunc(name,func,parameters){var item=new obj.func(name,func,parameters,false,[],true,true);item.isTimeDelay=true;log(name+' ... '+' FUNCTION! TDELAY');lpItems[name]=item;items[name]=item;checkIfBlocked(item);}
function checkIfBlocked(item){if(isBlocked(item)===true||allowLoad==false)return;item.process();}
function isBlocked(item){if(item.isTimeDelay===true&&timeDelayFired===false){log(item.name+" blocked = TIME DELAY!");return true;}
if(item.blockedBy instanceof Array){for(var i=0;i<item.blockedBy.length;i++){var block=item.blockedBy[i];if(items.hasOwnProperty(block)===false){log(item.name+" blocked = "+block);return true;}else if(item.proceedIfError===true&&items[block].isError===true){return false;}else if(items[block].isComplete===false){log(item.name+" blocked = "+block);return true;}}}
return false;}
function log(msg){var href=window.location.href;var reg=new RegExp('[?&]ezq=([^&#]*)','i');var string=reg.exec(href);var res=string?string[1]:null;if(res==="1")console.debug(msg);}
function processAll(){count++;if(count>200)return;log("let's go");processItems(hpItems);processItems(lpItems);}
function processItems(list){for(var i in list){if(list.hasOwnProperty(i)===false)continue;var item=list[i];if(item.isComplete===true||isBlocked(item)||item.isInitialized===true||item.isError===true){if(item.isError===true){log(item.name+': error')}else if(item.isComplete===true){log(item.name+': complete already')}else if(item.isInitialized===true){log(item.name+': initialized already')}}else{item.process();}}}
init();return{addFile:addFile,addDelayFile:addTimeDelayFile,addFunc:addFunc,addDelayFunc:addTimeDelayFunc,items:items,processAll:processAll,setallowLoad:setallowLoad};})();__ez.evt.add=function(e,t,n){e.addEventListener?e.addEventListener(t,n,!1):e.attachEvent?e.attachEvent("on"+t,n):e["on"+t]=n()},__ez.evt.remove=function(e,t,n){e.removeEventListener?e.removeEventListener(t,n,!1):e.detachEvent?e.detachEvent("on"+t,n):delete e["on"+t]};__ez.script.add=function(e){var t=document.createElement("script");t.src=e,t.async=!0,t.type="text/javascript",document.getElementsByTagName("head")[0].appendChild(t)};__ez.queue.addFile('/detroitchicago/boise.js', '/detroitchicago/boise.js?gcb=192-6&cb=1', false, [], true, false, true, false);__ez.dot={};__ez.queue.addFile('/detroitchicago/memphis.js', '/detroitchicago/memphis.js?gcb=192-6&cb=2', false, [], true, false, true, false);__ez.queue.addFile('/detroitchicago/minneapolis.js', '/detroitchicago/minneapolis.js?gcb=192-6&cb=1', false, [], true, false, true, false);__ez.vep=(function(){var pixels=[],pxURL="/detroitchicago/grapefruit.gif";function AddPixel(vID,pixelData){if(__ez.dot.isDefined(vID)&&__ez.dot.isValid(pixelData)){pixels.push({type:'video',video_impression_id:vID,domain_id:__ez.dot.getDID(),t_epoch:__ez.dot.getEpoch(0),data:__ez.dot.dataToStr(pixelData)});}}
function Fire(){if(typeof document.visibilityState!=='undefined'&&document.visibilityState==="prerender"){return;}
if(__ez.dot.isDefined(pixels)&&pixels.length>0){while(pixels.length>0){var j=5;if(j>pixels.length){j=pixels.length;}
var pushPixels=pixels.splice(0,j);(new Image()).src=__ez.dot.getURL(pxURL)+"?orig="+(__ez.template.isOrig===true?1:0)+"&v="+btoa(JSON.stringify(pushPixels));}}
pixels=[];}
return{Add:AddPixel,Fire:Fire};})();</script><script data-ezscrex='false' data-cfasync='false' data-pagespeed-no-defer>__ez.pel=(function(){var pixels=[],pxURL="/porpoiseant/army.gif";function AddAndFirePixel(adSlot,pixelData){AddPixel(adSlot,pixelData,0,0,0,0,0);Fire();}
function AddAndFireOrigPixel(adSlot,pixelData){AddPixel(adSlot,pixelData,0,0,0,0,0,true);Fire();}
function GetCurrentPixels(){return pixels;}
function AddPixel(adSlot,pixelData,revenue,est_revenue,bid_floor_filled,bid_floor_prev,stat_source_id,isOrig){if(!__ez.dot.isDefined(adSlot)||__ez.dot.isAnyDefined(adSlot.getSlotElementId,adSlot.ElementId)==false){return;}
var ad_position_id=parseInt(__ez.dot.getTargeting(adSlot,'ap'));var impId=__ez.dot.getSlotIID(adSlot),adUnit=__ez.dot.getAdUnit(adSlot,isOrig);var compId=parseInt(__ez.dot.getTargeting(adSlot,"compid"));var lineItemId=0;var creativeId=0;var ezimData=getEzimData(adSlot);if(typeof ezimData=='object'){if(ezimData.creative_id!==undefined){creativeId=ezimData.creative_id;}
if(ezimData.line_item_id!==undefined){lineItemId=ezimData.line_item_id;}}
if(__ez.dot.isDefined(impId,adUnit)&&__ez.dot.isValid(pixelData)){pixels.push({type:"impression",impression_id:impId,domain_id:__ez.dot.getDID(),unit:adUnit,t_epoch:__ez.dot.getEpoch(0),revenue:revenue,est_revenue:est_revenue,ad_position:ad_position_id,ad_size:"",bid_floor_filled:bid_floor_filled,bid_floor_prev:bid_floor_prev,stat_source_id:stat_source_id,country_code:__ez.dot.getCC(),pageview_id:__ez.dot.getPageviewId(),comp_id:compId,line_item_id:lineItemId,creative_id:creativeId,data:__ez.dot.dataToStr(pixelData),is_orig:isOrig||__ez.template.isOrig,});}}
function AddPixelById(impFullId,pixelData,isOrig){var vals=impFullId.split('/');if(__ez.dot.isDefined(impFullId)&&vals.length===3&&__ez.dot.isValid(pixelData)){var adUnit=vals[0],impId=vals[2];pixels.push({type:"impression",impression_id:impId,domain_id:__ez.dot.getDID(),unit:adUnit,t_epoch:__ez.dot.getEpoch(0),pageview_id:__ez.dot.getPageviewId(),data:__ez.dot.dataToStr(pixelData),is_orig:isOrig||__ez.template.isOrig});}}
function Fire(){if(typeof document.visibilityState!=='undefined'&&document.visibilityState==="prerender")return;if(__ez.dot.isDefined(pixels)&&pixels.length>0){var allPixels=[pixels.filter(function(pixel){return pixel.is_orig}),pixels.filter(function(pixel){return!pixel.is_orig})];allPixels.forEach(function(pixels){while(pixels.length>0){var isOrig=pixels[0].is_orig||false;var j=5;if(j>pixels.length){j=pixels.length;}
var pushPixels=pixels.splice(0,j);var pixelURL=__ez.dot.getURL(pxURL)+"?orig="+(isOrig===true?1:0)+"&sts="+btoa(JSON.stringify(pushPixels));if(typeof window.isAmp!=='undefined'&&isAmp&&typeof window._ezaq!=='undefined'&&_ezaq.hasOwnProperty("domain_id")){pixelURL+="&visit_uuid="+_ezaq['visit_uuid'];}
(new Image()).src=pixelURL;}})}
pixels=[];}
function getEzimData(adSlot){if(typeof _ezim_d=="undefined"){return false}
var adUnitName=__ez.dot.getAdUnitPath(adSlot).split('/').pop();if(typeof _ezim_d==='object'&&_ezim_d.hasOwnProperty(adUnitName)){return _ezim_d[adUnitName];}
for(var ezimKey in _ezim_d){if(ezimKey.split('/').pop()===adUnitName){return _ezim_d[ezimKey];}}
return false;}
return{Add:AddPixel,AddAndFire:AddAndFirePixel,AddAndFireOrig:AddAndFireOrigPixel,AddById:AddPixelById,Fire:Fire,GetPixels:GetCurrentPixels,};})();__ez.queue.addFile('/detroitchicago/raleigh.js', '/detroitchicago/raleigh.js?gcb=192-6&cb=2', false, [], true, false, true, false);__ez.queue.addFile('/detroitchicago/tampa.js', '/detroitchicago/tampa.js?gcb=192-6&cb=1', false, [], true, false, true, false);</script>
<script data-ezscrex="false" type="text/javascript" data-cfasync="false">var _ezaq = {"ad_cache_level":0,"ad_count_adjustment":0,"ad_lazyload_version":0,"ad_location_ids":"","ad_transform_level":0,"adx_ad_count":0,"bidder_method":1,"bidder_version":3,"city":"Noida","country":"IN","days_since_last_visit":-1,"display_ad_count":0,"domain_id":133674,"ds_adsize_opt_id":-1,"engaged_time_visit":0,"ezcache_level":1,"ezcache_skip_code":0,"form_factor_id":1,"framework_id":1,"has_bad_image":0,"has_bad_words":0,"iab_category":"","is_from_recommended_pages":false,"is_return_visitor":false,"is_sitespeed":0,"last_page_load":"","last_pageview_id":"","lt_cache_level":0,"max_ads":0,"metro_code":0,"optimization_version":1,"page_ad_positions":"","page_view_count":0,"page_view_id":"239a9f99-b318-435e-64cb-3f180188682e","position_selection_id":0,"postal_code":"110091","pv_event_count":0,"response_size_orig":0,"response_time_orig":1891,"serverid":"13.235.50.183:8388","state":"UP","sub_page_ad_positions":"","t_epoch":1612521221,"template_id":0,"time_on_site_visit":0,"url":"http://dummy.restapiexample.com/api/v1/employees","user_id":0,"word_count":0,"worst_bad_word_level":0};var _ezim_d = null;var _ezat = {"domain_id":133674,"form_factor_id":1,"framework_id":1,"pageview_date":"2021-02-05","pageview_id":"239a9f99-b318-435e-64cb-3f180188682e","template_id":0,"url":"http://dummy.restapiexample.com/api/v1/employees","visit_uuid":"f7e03af1-168e-4a3d-4ffb-a285f08aac84"};</script><script data-ezscrex='false' data-pagespeed-no-defer data-cfasync='false' type="text/javascript">__ez.queue.addFile('banger.js', '/porpoiseant/banger.js?cb=192-6&bv=96&v=39&PageSpeed=off', true, [], true, false, false, true);</script>
<script data-ezscrex="false" data-cfasync="false">(function(){if("function"===typeof window.CustomEvent)return!1;window.CustomEvent=function(c,a){a=a||{bubbles:!1,cancelable:!1,detail:null};var b=document.createEvent("CustomEvent");b.initCustomEvent(c,a.bubbles,a.cancelable,a.detail);return b}})();</script><script data-ezscrex="false" data-cfasync="false">__ez.queue.addFile('/detroitchicago/tulsa.js', '/detroitchicago/tulsa.js?gcb=192-6&cb=5', false, [], true, false, true, false);</script>
        
        <meta name="viewport" content="width=device-width, initial-scale=1">

        <title>Too Many Requests</title>

        <!-- Fonts -->
        <link rel="dns-prefetch" href="//fonts.gstatic.com">
        <link href="https://fonts.googleapis.com/css?family=Nunito" rel="stylesheet">

        <!-- Styles -->
        <style>
            html, body {
                background-color: #fff;
                color: #636b6f;
                font-family: 'Nunito', sans-serif;
                font-weight: 100;
                height: 100vh;
                margin: 0;
            }

            .full-height {
                height: 100vh;
            }

            .flex-center {
                align-items: center;
                display: flex;
                justify-content: center;
            }

            .position-ref {
                position: relative;
            }

            .code {
                border-right: 2px solid;
                font-size: 26px;
                padding: 0 15px 0 15px;
                text-align: center;
            }

            .message {
                font-size: 18px;
                text-align: center;
            }
        </style>
    <script type="text/javascript">var ezouid = "1";</script><base href="http://dummy.restapiexample.com/api/v1/employees"><script type='text/javascript'>
var ezoTemplate = 'pub_site_noads';
if(typeof ezouid == 'undefined')
{
    var ezouid = 'none';
}
var ezoFormfactor = '1';
var ezo_elements_to_check = Array();
</script><!-- START EZHEAD -->
<script data-ezscrex="false" type='text/javascript'>
var soc_app_id = '0';
var did = 133674;
var ezdomain = 'restapiexample.com';
var ezoicSearchable = 1;
</script>
<!--{jquery}-->
<!-- END EZHEAD -->
<script data-ezscrex='false' data-pagespeed-no-defer data-cfasync='false' type='text/javascript' style='display:none'>
__ez.queue.addFile('__ezf_ezosuigeneris', '//g.ezoic.net/ezosuigeneris.js', true, [], true, false, false, false);
var __ez_ezosuigenerisEvt = function() { if(typeof(ezosuigeneris) != 'undefined'){__ez.bit.AddAndFire(_ezaq['page_view_id'], [(new __ezDotData('universal_user_id', ezosuigeneris))]); }};
__ez.queue.addFunc('__ez_ezosuigenerisEvt', '__ez_ezosuigenerisEvt', null, false, ['__ezf_ezosuigeneris','/detroitchicago/minneapolis.js','/detroitchicago/memphis.js'], false, false, false, false);</script><script data-ezscrex='false' data-pagespeed-no-defer data-cfasync='false' type='text/javascript' style='display:none'>__ez.queue.addFile('__ezf_ezosuigenerisc', '//g.ezoic.net/ezosuigenerisc.js?nogen=1', true, ["/detroitchicago/boise.js"], true, false, false, false);</script>
<script data-ezscrex='false' data-pagespeed-no-defer data-cfasync='false'>
function create_ezolpl(pvID, rv) {
    var d = new Date();
    d.setTime(d.getTime() + (365*24*60*60*1000));
    var expires = "expires="+d.toUTCString();
    __ez.ck.setByCat("ezux_lpl_133674=" + new Date().getTime() + "|" + pvID + "|" + rv + "; " + expires, 3);
}
function attach_ezolpl(pvID, rv) {
    if (document.readyState === "complete") {
        create_ezolpl(pvID, rv);
    }
    if(window.attachEvent) {
        window.attachEvent("onload", create_ezolpl, pvID, rv);
    } else {
        if(window.onload) {
            var curronload = window.onload;
            var newonload = function(evt) {
                curronload(evt);
                create_ezolpl(pvID, rv);
            };
            window.onload = newonload;
        } else {
            window.onload = create_ezolpl.bind(null, pvID, rv);
        }
    }
}

__ez.queue.addFunc("attach_ezolpl", "attach_ezolpl", ["239a9f99-b318-435e-64cb-3f180188682e", "false"], false, ['/detroitchicago/boise.js'], true, false, false, false);
</script></head>
    <body>
        <div class="flex-center position-ref full-height">
            <div class="code">
                429            </div>

            <div class="message" style="padding: 10px;">
                Too Many Requests            </div>
        </div>
    <script type="text/javascript" style='display:none;'>var __ez_dims = (function() {
		var setCookie = function( name, content, expiry ) {
			return document.cookie = name+'='+content+((expiry)?';expires='+(new Date(Math.floor(new Date().getTime()+expiry*1000)).toUTCString()):'')+';path=/';
		};
		var ffid = 1;
		var oh = window.screen.height;
		var ow = window.screen.width;
		var h = ffid === 1 ? oh : (oh > ow) ? oh : ow;
		var w = ffid === 1 ? ow : (oh > ow) ? ow : oh;
		var uh = window.innerHeight || document.documentElement.clientHeight || document.getElementsByTagName('body')[0].clientHeight;
		var uw = window.innerWidth || document.documentElement.clientWidth || document.getElementsByTagName('body')[0].clientWidth;
		setCookie('ezds', encodeURIComponent('ffid='+ffid+',w='+w+',h='+h), (31536e3*7));
		setCookie('ezohw', encodeURIComponent('w='+uw+',h='+uh), (31536e3*7));
	})();</script><script type='text/javascript' style='display:none;' async>
__ez.queue.addFile('edmonton.php', '/detroitchicago/edmonton.webp?a=a&cb=192-6&shcb=34', true, ['/detroitchicago/minneapolis.js'], true, false, false, false);
__ez.queue.addFile('jellyfish.php', '/porpoiseant/jellyfish.webp?a=a&cb=192-6&shcb=34', false, [], true, false, false, false);
</script>

<script type='text/javascript' data-cfasync='false'></script></body>
</html>

16:03:43.734 [ForkJoinPool-1-worker-1] INFO com.intuit.karate - after scenario inside config 
16:03:43.749 [ForkJoinPool-1-worker-1] INFO com.intuit.karate - From karate-config file 
16:03:43.749 [ForkJoinPool-1-worker-1] DEBUG com.jayway.jsonpath.internal.path.CompiledPath - Evaluating path: $
16:03:43.749 [ForkJoinPool-1-worker-1] DEBUG com.jayway.jsonpath.internal.path.CompiledPath - Evaluating path: $
16:03:43.749 [ForkJoinPool-1-worker-1] DEBUG org.apache.http.client.protocol.RequestAddCookies - CookieSpec selected: karate
16:03:43.749 [ForkJoinPool-1-worker-1] DEBUG org.apache.http.client.protocol.RequestAuthCache - Auth cache not set in the context
16:03:43.749 [ForkJoinPool-1-worker-1] DEBUG com.intuit.karate - request:
1 > POST http://dummy.restapiexample.com/api/v1/create
1 > Accept-Encoding: gzip,deflate
1 > Connection: Keep-Alive
1 > Content-Length: 47
1 > Content-Type: application/json; charset=UTF-8
1 > Host: dummy.restapiexample.com
1 > User-Agent: Apache-HttpClient/4.5.12 (Java/1.8.0_251)
{"name":"Dhanaraju","salary":"1234","age":"25"}

16:03:43.749 [ForkJoinPool-1-worker-1] DEBUG org.apache.http.impl.conn.PoolingHttpClientConnectionManager - Connection request: [route: {}->http://dummy.restapiexample.com:80][total available: 0; route allocated: 0 of 5; total allocated: 0 of 10]
16:03:43.749 [ForkJoinPool-1-worker-1] DEBUG org.apache.http.impl.conn.PoolingHttpClientConnectionManager - Connection leased: [id: 8][route: {}->http://dummy.restapiexample.com:80][total available: 0; route allocated: 1 of 5; total allocated: 1 of 10]
16:03:43.749 [ForkJoinPool-1-worker-1] DEBUG org.apache.http.impl.execchain.MainClientExec - Opening connection {}->http://dummy.restapiexample.com:80
16:03:43.749 [ForkJoinPool-1-worker-1] DEBUG org.apache.http.impl.conn.DefaultHttpClientConnectionOperator - Connecting to dummy.restapiexample.com/3.6.18.84:80
16:03:43.765 [ForkJoinPool-1-worker-1] DEBUG org.apache.http.impl.conn.DefaultHttpClientConnectionOperator - Connection established 192.168.1.53:62830<->3.6.18.84:80
16:03:43.765 [ForkJoinPool-1-worker-1] DEBUG org.apache.http.impl.conn.DefaultManagedHttpClientConnection - http-outgoing-8: set socket timeout to 5000
16:03:43.765 [ForkJoinPool-1-worker-1] DEBUG org.apache.http.impl.execchain.MainClientExec - Executing request POST /api/v1/create HTTP/1.1
16:03:43.765 [ForkJoinPool-1-worker-1] DEBUG org.apache.http.impl.execchain.MainClientExec - Target auth state: UNCHALLENGED
16:03:43.765 [ForkJoinPool-1-worker-1] DEBUG org.apache.http.impl.execchain.MainClientExec - Proxy auth state: UNCHALLENGED
16:03:43.765 [ForkJoinPool-1-worker-1] DEBUG org.apache.http.headers - http-outgoing-8 >> POST /api/v1/create HTTP/1.1
16:03:43.765 [ForkJoinPool-1-worker-1] DEBUG org.apache.http.headers - http-outgoing-8 >> Content-Type: application/json; charset=UTF-8
16:03:43.765 [ForkJoinPool-1-worker-1] DEBUG org.apache.http.headers - http-outgoing-8 >> Content-Length: 47
16:03:43.765 [ForkJoinPool-1-worker-1] DEBUG org.apache.http.headers - http-outgoing-8 >> Host: dummy.restapiexample.com
16:03:43.765 [ForkJoinPool-1-worker-1] DEBUG org.apache.http.headers - http-outgoing-8 >> Connection: Keep-Alive
16:03:43.765 [ForkJoinPool-1-worker-1] DEBUG org.apache.http.headers - http-outgoing-8 >> User-Agent: Apache-HttpClient/4.5.12 (Java/1.8.0_251)
16:03:43.765 [ForkJoinPool-1-worker-1] DEBUG org.apache.http.headers - http-outgoing-8 >> Accept-Encoding: gzip,deflate
16:03:43.765 [ForkJoinPool-1-worker-1] DEBUG org.apache.http.wire - http-outgoing-8 >> "POST /api/v1/create HTTP/1.1[\r][\n]"
16:03:43.765 [ForkJoinPool-1-worker-1] DEBUG org.apache.http.wire - http-outgoing-8 >> "Content-Type: application/json; charset=UTF-8[\r][\n]"
16:03:43.765 [ForkJoinPool-1-worker-1] DEBUG org.apache.http.wire - http-outgoing-8 >> "Content-Length: 47[\r][\n]"
16:03:43.765 [ForkJoinPool-1-worker-1] DEBUG org.apache.http.wire - http-outgoing-8 >> "Host: dummy.restapiexample.com[\r][\n]"
16:03:43.765 [ForkJoinPool-1-worker-1] DEBUG org.apache.http.wire - http-outgoing-8 >> "Connection: Keep-Alive[\r][\n]"
16:03:43.765 [ForkJoinPool-1-worker-1] DEBUG org.apache.http.wire - http-outgoing-8 >> "User-Agent: Apache-HttpClient/4.5.12 (Java/1.8.0_251)[\r][\n]"
16:03:43.765 [ForkJoinPool-1-worker-1] DEBUG org.apache.http.wire - http-outgoing-8 >> "Accept-Encoding: gzip,deflate[\r][\n]"
16:03:43.765 [ForkJoinPool-1-worker-1] DEBUG org.apache.http.wire - http-outgoing-8 >> "[\r][\n]"
16:03:43.765 [ForkJoinPool-1-worker-1] DEBUG org.apache.http.wire - http-outgoing-8 >> "{"name":"Dhanaraju","salary":"1234","age":"25"}"
16:03:43.843 [ForkJoinPool-1-worker-0] DEBUG org.apache.http.wire - http-outgoing-7 << "HTTP/1.1 429 Too Many Requests[\r][\n]"
16:03:43.843 [ForkJoinPool-1-worker-0] DEBUG org.apache.http.wire - http-outgoing-7 << "Content-Encoding: gzip[\r][\n]"
16:03:43.843 [ForkJoinPool-1-worker-0] DEBUG org.apache.http.wire - http-outgoing-7 << "Content-Type: text/html; charset=UTF-8[\r][\n]"
16:03:43.843 [ForkJoinPool-1-worker-0] DEBUG org.apache.http.wire - http-outgoing-7 << "Date: Fri, 05 Feb 2021 10:33:43 GMT[\r][\n]"
16:03:43.843 [ForkJoinPool-1-worker-0] DEBUG org.apache.http.wire - http-outgoing-7 << "Display: staticcontent_sol[\r][\n]"
16:03:43.843 [ForkJoinPool-1-worker-0] DEBUG org.apache.http.wire - http-outgoing-7 << "Expires: Thu, 04 Feb 2021 10:33:43 GMT[\r][\n]"
16:03:43.843 [ForkJoinPool-1-worker-0] DEBUG org.apache.http.wire - http-outgoing-7 << "Host-Header: c2hhcmVkLmJsdWVob3N0LmNvbQ==[\r][\n]"
16:03:43.843 [ForkJoinPool-1-worker-0] DEBUG org.apache.http.wire - http-outgoing-7 << "Pagespeed: off[\r][\n]"
16:03:43.843 [ForkJoinPool-1-worker-0] DEBUG org.apache.http.wire - http-outgoing-7 << "Referrer-Policy: [\r][\n]"
16:03:43.843 [ForkJoinPool-1-worker-0] DEBUG org.apache.http.wire - http-outgoing-7 << "Response: 429[\r][\n]"
16:03:43.843 [ForkJoinPool-1-worker-0] DEBUG org.apache.http.wire - http-outgoing-7 << "Retry-After: 3[\r][\n]"
16:03:43.843 [ForkJoinPool-1-worker-0] DEBUG org.apache.http.wire - http-outgoing-7 << "Server: nginx/1.16.0[\r][\n]"
16:03:43.843 [ForkJoinPool-1-worker-0] DEBUG org.apache.http.wire - http-outgoing-7 << "Vary: Accept-Encoding[\r][\n]"
16:03:43.843 [ForkJoinPool-1-worker-0] DEBUG org.apache.http.wire - http-outgoing-7 << "Vary: Accept-Encoding,User-Agent,Origin[\r][\n]"
16:03:43.843 [ForkJoinPool-1-worker-0] DEBUG org.apache.http.wire - http-outgoing-7 << "X-Ezoic-Cdn: Miss[\r][\n]"
16:03:43.843 [ForkJoinPool-1-worker-0] DEBUG org.apache.http.wire - http-outgoing-7 << "X-Middleton-Display: staticcontent_sol[\r][\n]"
16:03:43.843 [ForkJoinPool-1-worker-0] DEBUG org.apache.http.wire - http-outgoing-7 << "X-Middleton-Response: 429[\r][\n]"
16:03:43.843 [ForkJoinPool-1-worker-0] DEBUG org.apache.http.wire - http-outgoing-7 << "X-Ratelimit-Limit: 60[\r][\n]"
16:03:43.843 [ForkJoinPool-1-worker-0] DEBUG org.apache.http.wire - http-outgoing-7 << "X-Ratelimit-Remaining: 52[\r][\n]"
16:03:43.843 [ForkJoinPool-1-worker-0] DEBUG org.apache.http.wire - http-outgoing-7 << "X-Ratelimit-Reset: 1612521226[\r][\n]"
16:03:43.843 [ForkJoinPool-1-worker-0] DEBUG org.apache.http.wire - http-outgoing-7 << "X-Sol: pub_site[\r][\n]"
16:03:43.843 [ForkJoinPool-1-worker-0] DEBUG org.apache.http.wire - http-outgoing-7 << "Transfer-Encoding: chunked[\r][\n]"
16:03:43.843 [ForkJoinPool-1-worker-0] DEBUG org.apache.http.wire - http-outgoing-7 << "[\r][\n]"
16:03:43.843 [ForkJoinPool-1-worker-0] DEBUG org.apache.http.wire - http-outgoing-7 << "800[\r][\n]"
16:03:43.843 [ForkJoinPool-1-worker-0] DEBUG org.apache.http.wire - http-outgoing-7 << "[0x1f][0x8b][0x8][0x0][0x0][0x0][0x0][0x0][0x0][0xff][0xc4]\{s[0xdb]8[0x92][0xff]{[0xfc])hl[0x95]I[0x8e](Z[0xb2][0x13]'[0xa1]B[0xbb][0x92][0xd8][0xd9][0xf5]m6[0x93]J[0x9c][0xdb][0xda]s[0xf9]X[0x10][0xd9][0x92][0x90]P[0x4][0x7][0x80]d[0xcb][0xb6][0xbe][0xfb][0x15][0x1e]|[0x8a][0xb2][0x9d][0xcc][0xdc][0xae]gJ"[0x1b]@w[0xa3][0xd1][0x8f][0x1f]@*[0xaf]wO]]>&#x7f;<![CDATA[{w[0xf1][0xaf]Og[0xd6]L[0xcc][0xd3][0xe3][0x9d][0xd7][0xf2][0xcb]Jq6[\r][0x11]d[0xe8]x[0xc7][0xb2],[0xeb][0xf5][0xc]pr[0xfc]z[0xe][0x2][[0xf1][0xc]3[0xe]"D[0xb]1[0xe9][0xbf]D[0xc7];[0xaf]y[0xcc]H.[0xac][0x4][0xb][0xdc][0x87][[0x1e]3[0xb8][0x9][0xed][0x9]N9[0xd8][0x9a][0x18]O0_eq[0x93][0x98][0xe3])[0xf0][0x1c] [0xe9]g[0xb4][0x9f][0xc0][0x4][0xd8][0xf1][0x12]3+[0x8a][0xe0]6[0x94][0x1f][0xf7][0xf7]w[0xeb][0x91][0xbc][0xf0][0xb9][0x98][0xf3][0xf0][0x14][0xb][0xf0]3z[0xed][0xb8][0x9a][0x8]K[0x11][0x96][0x1d][0x94][0x2][0xe5]m[0xfc]=4[0xdf][0x15][0xf][0x1][0xf3]<[0xc5][0x2][0xc2]6[0xc1]'[0xfc]7F[0xa6][0xa1]RM7[0xfd][0xbe][0x80][0x5][0x84][0xce]d[0x91][0xc5][0x82][0xd0][0xcc]q[0xef][0xa4]b1]d"[0x1c]x$[0x8b][0x99][0xfc][0x12]0[0xe7][0xe1][0xe5][0x95]'[0xc8][0x1c]N![0xc5][0xab][0xf7][0x84]A[0xa2][0xf9]x[0xb3][0xfc][0xbc]hO[0xab]K[0x9c][0xa6][0xf4][0xfa][0x3][0xc5]I([0xd8][0x2]F[0x92]+[0x1d]]]>&#x7f;<![CDATA[[0xb][0xef][0xa4][0xa4][0xa0][0x14][0x97][0xe1]9x[0xf2][0xee][0xa3][0xbc][0xc8]1[0xc3]s[0x10][0xc0][0xb8]G[0xf8][0xdb][0x94][0xc6][0xdf][0xbd][0xb1][0xfc][0x84][0xe4][0xed][0xca]K [0x5][0x1][0xff][0x9c]A[0xf6][0x8e][0xce]sy[0xed][0xe5][0x8c][0xc6][0x0][0xc9][0xf9][0xe4][0x8c]1[0xca][0xb4][0xea][0x1c][0xd2]I(f[0x84][0x8f][0xe4][0x87]/[0x5][0x84][0xf2]C[0xdf][0x16][0xa2][0xc2][0xe2]B[0x93]+[0xc1]a[0xed]2[0xc][0xb3]E[0x9a][0x9e][0xc8][0x8f][0xc0][0xa9][0xe8][0x16][0xc9][0xb8][0xc0]Y[0xc]tb[0xbd]a[0xc][0xaf][0xdc][0x93][0xaa]1[0xb8][0xac][0xae][0xaf]4s3[0x95][0xd0]|kb9[0xaf][0xb0][0xbc][0xd2][\r][0x9b][0xd3][0xc]7I[0x5]c5o[0xb3][0x9c][0x86]T[0x8e]jP[0xcf]3"[0x8]N[0xc9]m[0xb1]jf[0xde][\r][0x3][0x86][0xcd][0xdb]b[0xec]E[0xb1][0xe8][0x1b]#9[0xf]k[0x8e][0x93][0xd2][0xa9][0x83]|[0xdf][0xb7]$[0xcd][\n]"
16:03:43.843 [ForkJoinPool-1-worker-0] DEBUG org.apache.http.wire - http-outgoing-7 << "-[0xd4][0x93]vwGrEZ*([0x97]0[0xf4]RaEl0[0xf1]q[0x9e][0xa7][0xab][0xa0][0xe4]$[0xd7]W[0xd2]y[0xa8][0xc6][0x16]k[0xe8][0xf3]<%[0xc2][0xb1]}[0xbb][0xea][0xa2][0x96]nD&[0xca][0xb3][0xb9][0x9f]B6[0x15][0xb3][0xe3]C[0xf7]n[\r])[0x7][0xab][0xd5][0x10][0x86][0xe1][0xa1][0xab]\3[0xbc]&YB[0xaf]/U[0xeb][0xe5][0xe0][0xea][0xca]\[\r][0xcb][0xab][0x83][0xab][0xab][0xd1]6&[0x7][0x8f]2[0xd1]C[0x1b][0xbd][0x1a]s[0xb9][0x1a][0xad]w[0xc8][0xc4][0x11][0xab]\[0xba][0x97][0xa4][0xee][0x86][0xa1][0xbd][0xc8][0x12][0x98][0x90][0xc][0x12]{o[0xcf][0xd0][0xe4][0xfc][0xb4]4m%G[0x12][0xbc][0x96]7[0xbb][0x9a][0x9b][0x92][0xd0][0xe1]X[0xa1][0xb2][0xb9][0xab][,[0x15][0xe5][0x97][0x99]R[0xa2][0x18]T[0xf8][0xae][0xe9][0xa9][0xd7][0xb8]/[0xff][0xac][0xf7][0xf6][0xa9]\[0x19][0xd5]M/[0x8f][0xf1][0x89]7i[0xea][0xb8][0xa3][0xf5]z[0xed]MH[\n]"
16:03:43.843 [ForkJoinPool-1-worker-0] DEBUG org.apache.http.wire - http-outgoing-7 << "[0xad]X[0xcf][0xb1][0x98]u[0x4][0xb7][0xca][0x99][0x9e][0xca][0x8c]?[0x11][0xd5][0x92]i(?[0xf4][0xad]N[0xc0][0xea][0xb3][0x88][0xa9][0x9][0xb0]P}[0xfe]LHn[\r][0x9f]'[0x7][0xe0][0x9f][0x1a]g[0xdb][0xe2][0xa9][\n]"
16:03:43.843 [ForkJoinPool-1-worker-0] DEBUG org.apache.http.wire - http-outgoing-7 << "[0x1d][0x92]B-[0xfe][0x94][0xfd]b[0x16]&4^[0xcc]![0x13]~[0xcc][0x0][0xb]8KA[0xde]9[0xb6][0xae]([0xb6];[0xe2]1[0xf3]9[0x8b][0xb5]%[0xc9][0xc4][0xd1]v4K/[0x1b]5A[0x9]+[0x2]@[0x9b][0xb6][0xd6]G[0x13]t[0x80][0xc7][0xcc][0xa7][0x19]h[0x13][0xb5][0xf2][0x84][0xf6][0xa1][0xb3][0xcf][0x9f]7[0xbc][0xc8]LO[J[0xf1][0xd9][0xe6][0x8c]-]]>&#x7f;<![CDATA[3[0xf2][0x18][0xe0]d[0xc5][0x5][0x16][0x10][0xcf]p6[0x85]P[0x93]SY[0x8a]ZeN[0xf5]R[0xed]j[0xd0][0x17]y;z[0xd0][0xc5][0xc9][0xc4]qv[0xd5][0xb0][0xfb][0xfb]}[0xc9][0x12][0x92][0xfb][0xd8],[0xf8][0xbe]/[0x80][0xb]G[0xb5][0xba]n[0xb9]N[0xcd][0xfc][0xf6][0xc4][0xb9][0xac]G[0xe5]jMA[0x98][0xa5][0xe2]oW[0x17]x*[0xb3][0x84]cK[0x90]b[0xbb][0x97][0x83]+[0x19][0xfd][0x90]%[0xef]f$M[0x1c][0x1e]3=[0xba][0x98][0xa8]E2"[0x1c][0xf7]N[0xa7][0x1a][0x1f]'[0xc9][0xd9][0x12]2[0xf1][0x81]p[0x1][0x19]0[0x7][0xc9]9 [0xaf][0xe1]]B:"][0x88]:(h[0x15][0xfe][0xd2][0xdf][0xec][0x8b][0xd3][0xb3][0xf]o[0xfe]e){[0xd9][0xed][0x14][0xe0]=[0x1f][0xc][0x6][0xf2][9[0xb4]LF[0xa5]^8I[0xde][0x93][0x14]~2)x9#[0x94][0x11][0xb1][0xd2][0xeb](3W[0x98][0xc1][0xb5]D[0x18][0xfe][0xe4][0xe7][0xd9][0xaa][0xf5]-X[0x97]Kc[0xf0][0x8d][0xce][0x8c][0xa1][0x94][0xa5]sx[0xba]I[0xdf]!-[0xca]([0x9e]A[0xfc][0xfd]|[0xf2]VKw$[0xad]a[0x7][0xe][0xa2]DJ[0xe][0x7]![0xe8][0x98][0xd2][0xd4][0xbd][0xab][0xe0]SIlYo[0x91][0xc5][0x15]|z[0x18]:[0xe1][0x85][0xa0][0xe7]j[0xce][0x8f]@[0xa8][0x9a]]e[0xfc][0xeb]a[0x85]![0xca][0xa4][0xdb]C[0x11][0xea]Ih[0xd8][0xeb][0x8d]6[0xcd][0xff][0x3]z=[0xe][0xe9][0xfe][0xfd][0xb][0x82][0x93][0xe4][0xa2]r[0xf6][0xba]+=[0xee]k[0x1a][0xf]_^[0x99][0xb][0xfd][0xa9]t[0x1e][0xc9]a[0x8d][0x1c]_[0x86][0x90][0xb2][0xa8]m[0xc9][0xc4]m[0xf7]l[0xeb][0xfd][0xf9][0x87][0xb3]]K[0x87][0x95][0xed][0x8e]6[0xe7]4[0xfa]cS[0xda][0xb6]<][0xb3][0xdb][0xba][0x94][0xe5]D[0xe5],~x[0x86]_?[0xbe][0xbb]8[0xff][0xed][0xe3][0x9f]<[0xcb][0xae]v[0xe9][0xc5][0xc6][0xed][\n]"
16:03:43.843 [ForkJoinPool-1-worker-0] DEBUG org.apache.http.wire - http-outgoing-7 << "[0x92][0xf1][0xa2][0xfb][0xfb]*[0xc2]t[0xbd]u[0x19][0x88][0x5][0xcb][0xf4]<L[0x1e]s[0x1a][0x12]Z[0x9c][0x14][0xf3][0xf6][0xa4]5[0xf7][0xbd][0xbd]V[0xc2],d[0xa8][0xe2][0xa7][0x6][0xe9]@[0xb2]L0X[0xa1]uq[0xfe][0x8f]3K[0x19]d[0x17][0xb9]#[0xad][0x8c][0xa5]l[0xa8]0[0x9c][0x1a]T[0x86][0xce][0xe6][0x1e][0xe4]nB[0x99][0xa3][0x96]0[0x1c][0x8c][0xc8][0xeb]fw[0x83]PG[0xa4][0xd7][0xd3][0xeb]<[0xd6][0xf0][0xa7][0xd1][0xe9][0x92]([0xdc][0xa7][0xc][0xef][0xcf]0[0xff][0xed]:[0xfb][0xc4]h[0xe]L[0xac][0x1c][0xd5][0xc9]}[0xca]4PO[0xf7]m[0xce][0xa0][0x80][0xb][0x95]q+4T[0x98]L[0xaf][0xb8][0x1a]}U[0x2][0x80]"[0xe6][\r]7[0x8d][0x8c][0x1a][0xec]jCj[0xc0][0xf6]'[0xf5]\[0xaf]w[0x9a][0x92][0xaa][0xd5][0x97][0xac][0xe6]|[0xaa][0xed]7c01[0xf8][0xdd]Oi[0x8c]e[0xf]_[0x12]UBd0UA[0xf4][0x19][0xa6]g7[0xb9]c_[0x9e][0xec]][0xc1][0xed][0xef][0xa1]s[0xf9][0xbf]{]]>&#x7f;<![CDATA[[0xb9][0xfa][0xd5][0xb5]=[0x9b][0x98][0xbd][\n]"
16:03:43.843 [ForkJoinPool-1-worker-0] DEBUG org.apache.http.wire - http-outgoing-7 << "[0x17][0x8c]d[0xd3][0x90][0xc1][0xd4][0x87][0x1b][0x88][0x1d][0xc9][0xc3]5Lx[0xa8][O[0xf4][0xd7][0xe5][0xf0]*(v5[0xb2]1[0xc][0xd1][0x10][0xb9]1[0xcd]8M[0xc1]O`[0xbc][0xd0][\n]"
16:03:43.843 [ForkJoinPool-1-worker-0] DEBUG org.apache.http.wire - http-outgoing-7 << "[0xd6][0x95][0xae][0xd7][0xe3];[0xb5][0xab][0xef][0xf5][0xe4]xuy|0[0x18][0x14]^[0xaf]PO[\n]"
16:03:43.843 [ForkJoinPool-1-worker-0] DEBUG org.apache.http.wire - http-outgoing-7 << "[0xc2][0xe6][0xd6][0x94][0xa2][0xb2][0x90][0xab][0xb0]tL[0xc2]mQ[0xd3][0x82][0xba])[0xcf]t \[0xd4][0xfc][0xd2]"[0x99][0xa5]Id[0xa2][0xda][0xda]NF*[0x7][0x8b]i&Hf[0xce][\r]TR[0x92][0x3]j[0x1e][0xda]\m[0x1d][0xd1][0xad][0xf8][0xbc][0xbf]7[0x1d][0xeb]H[0xb9][0xec][0xab][0x9b][0x9a]NV[0xf1]n[0xd2][0x9b]^d[0x7][0x96][0xc2][0xb4][0xb6][0xdb]t[0xeb][\r][0x8d]:[0x6][0x16]X[0xd1][0xc2][0xa9][0x82][0x9c][0x9b]<6[0x95][0xed]`C[0xaa]N5N[0xba][\n]"
16:03:43.843 [ForkJoinPool-1-worker-0] DEBUG org.apache.http.wire - http-outgoing-7 << "[0xb6][0xf3][0xd7]z[0xbd][0xa3]A[0xa0][0xf1][0xf4];[0x3][0xbd][0x2][0xf3][0xed][0xe1]$)[0xab]][0xd0].]]>&#x7f;<![CDATA[[0x9e][0x81][0x1a][0x81][0xf9][0xae]z[0x1b]b[0xa3][0xb2][0xe8][0x93][0xa2]@}z[0x95][0xef][0x5][0xd5][0xa5]W[0x7]<A[0xfd]f=Z[0xbb][0xb5][0x3]/[0x89]U+[0xbc][0xe][0x9e][0xf0]2[0xf7][0xe]6[0x10][0xec][0xc9]&[0xc9][0x11]^[0xe6][0xed][0xe][0xdd][0x0]|,[0x4][0x8e]g[0xaa][0xf5][0xa4]q[0xe7] [0x9a][0xa1][0x9e][0xe4][0x19][0xc0][0xa5][0xbe][0xbe][\n]"
16:03:43.843 [ForkJoinPool-1-worker-0] DEBUG org.apache.http.wire - http-outgoing-7 << "3[0xc7]]{[0xa5]|[0x6]s[0xba][0x84][0xe][0x15]tC[[0x8b][0xe]jM[0x91][0x4][0xea][0x8a][0xd4][0xee]j[0x8a][0x98]mx[0xa9]O[0xe3][0xc0][0xaf]e[0xe][0x9d][0x85][0xc4][0xb6]=[0x1d][0xd2][0x83][0x90];[0x12]jG[0x7][0x9e]0[0x9b][0xb7][0xdd][0x81]'|[0xb1][0xca]!D[0x2]n[0xc4][0xfe]7[0xbc][0xc4][0xa6][0xb3][0xf7][0xf0][0x96][0x3][0xc9]-[0x7][0xda][0xd8]r[0x8]w];I[0xf4][0xb]\o[0xef]' [0x18]%"[0x9e][0x91][0x18]O[0xe9][0xfe][0x98][0x12][0xe][0xfe]7n{[0xd6][0xd6][0xb6][0x93]i<[0xe][0x87][0xaf][0xe][0xfa]G{[0xf2][0xc2][0xf6]t[0x16][0xf6][0xac][0xcb]+O%[0xe8][0x92]P[0xbb]1.[0x93][0xd0][0xea]P[0xf4][0x11]U[0xe6]0[0xcf][0xe5][0xde][0xba][[0x99][0xaa][0xb5][0xa9][0xce][0xc1][0xf][0xa9][0xf3][0x98][\n]"
16:03:43.843 [ForkJoinPool-1-worker-0] DEBUG org.apache.http.wire - http-outgoing-7 << "$[0xcb][0x0][0xe7]4[0xdd][0xae]F[0xa3][0xc7][0x1f][0xb1][0xcc][0x12][0xf2][0x8d][0x3][0xde][0x9c][0xdc]@[0xaa][0xce]i[0xf3][0x9b][0xaf][0x9f]?[0x84][0xa8]-~[0xca]p[0xe][0x13][0xb6] [0xc2][0x9f][0x92][0x9][0xaa]6[0x94]o[0x92][0xe4][0x93][0x1c][0xec],[0xcf]O=[0xc5][0xe6][0x14][0xb][0xac]rg[0xb1][0xe]>[0xe1][0xa7][0xfa][0xb8]Jvr[0xf7][0xf6]j[\r][0xff][0x8d]S[0x92]8[0xd5]8[0xf7]N[0xab][0xe2][0xe7][0xb]>s[0xee][0xa4]g[0x6][0xf6][0x92]$@mO}Ed[0x9e]3[0xe0][0x9c][0xd0],"I [0xa5]&t[0x8e][0x89][0xba]+[0x19]OA[0x9c][0x9e][0x9f]:[0xae]'"[0xc8]i<k[0xb4][0x9c]I[0x8a]3p[0xbd][0x4][0xb]\[0xb5][0xc8][0xbb][0xb][0xfa]E[0xb0][0x9a]:k[0x99]0[0xab]r&[0xc1][0x9b][0xa3][0xe6]f[0xe][0xe4][0xca][0x10]Y[0x12]N[0xc6]$%B[0x9f][0x1a][0xb4][0xf][0xe9][0xb6][0xf5][0x93]E;g[0xc0] K[0x80][0xa1][0x2][0xd6]h[0x84][0xd7]a[\r][\n]"
16:03:43.843 [ForkJoinPool-1-worker-0] DEBUG org.apache.http.wire - http-outgoing-7 << "800[\r][\n]"
16:03:43.843 [ForkJoinPool-1-worker-0] DEBUG org.apache.http.wire - http-outgoing-7 << ">m[0x1b]wo[0xcf][0x18][0xc9][0x1c]c[0xe][0xdc][0xbb][0xeb][0x99][0xf4][0xab][\r][0xb2]\[0xdb]o[0xe1]sY%[0xbf][0x1d]7Z[0xdd][0xbb]oa[0x83]0Z[0xef](OX[0xf0][0xd9]'[0xed][\r][0xa6][0x99][0xe7])[0x89][0xc1][0x19]x[0xdf][0xdc][0x91]#a[0xcc][0xf9][0x1c]O[0xc1]q][0x95]J[0xea][0x86][0xfd][0xfa][0xf9][0x83][0xa3][0xfc][0xc7][0xed][0xa1][0x13][0xca][0xc8]4D=[0xa7][0xf3][0x89][0x83][0xae]d'[0xc3]`[0xe0][0xf6][0xd0][0xde]2D[0xbd][0xb1][0xa0][0xd8][0xf9][0xaf]/[0xbf]}[0xf4]5[0xba]![0x93][0x95]S[0xe9][0xe2][0xaa]u([0xbd]tT[0xc0][0xb2][0xbb]7I[0x12][0x14].[0xe8][0xc9][0xe5][0x9][0xe4][0x87][0xa9][0x1d][0xaf][0xf7]u*;[0xfe][0xf3][0x1e][0xd3][0xa8][0xd9][0xe4][0x90]>![0x82]r[0xca]r[0x99][0xc8]p&[0xf6]1[0x9b][0xaf]6[0x3][0xe7]M[0x96]Hmu[0xfc][0xe0][0xe4]KJE=[0x84][0xca][0xd0]j7y[0x83][0xe2]?w[0xa4]][0xb2][0x8e][0xb9]*[0xc6][0xd2][0xd4]]]>&#x7f;<![CDATA[[0x80][0xb9][0xd9][0xc8]mJ[0xf8]+[0x88]w[0xb][0xc6] [0x13]zu[0x9c][0x12][0x8f]k+[0xb4][0xb4][0xd9]"[0x87][0xc1][0x12][0xb2][0x5]x[0xc0]ET\[0x8f]I[0x12]MRJY4!i[\n]"
16:03:43.843 [ForkJoinPool-1-worker-0] DEBUG org.apache.http.wire - http-outgoing-7 << "I[0x8d][0x90]3Xz\`[0x11]q[0xba]`1D$[0xf1][0xb4]7[0xa9][0x80][0xdc][0xed][0x8][0x17]-[0xd2][0xbd][0xbf][0xaf][0xb5][0xbd][0xc9]V[0xcd]f[0xe9][0xb8][0xf2][0xdb]T[0xb8][0xf3][0xc4]3[0xf4][0x92][0xe0][0x96][0xdb][0x87]2<[0xe5][0x8a][0xe3]$[0xca])'Bg[0xa2]0[0xc7][0x8c][0xc3]y&[0x9c]zD\`6[0x5]A[0xb2]i1}[0x1b][0xe7][0xb6][0xab][0x1]=[0x99][0xe7][0xe7]I#~d[0x8f][0xf3][0xf3][0xd3]Bo[0xf]'_3"[0x1a]][0xde](R[0xc1][0xcd][0xcc]]]>&#x7f;<![CDATA[[0xa4][0x9f][0xd1])~OS[0x3][0xc9][0xde]$AF[0x95][0x94]d 1[0xfa]y[0x12][0xe]43[0x9][0x1f][0xc8][0x12]J[0x2][0xdc][0x92][0xb9]\[0xb5]P[0xe6]Os][0xe8]9[0xaa][0xf2]a[0xd9]-[0xb4][0xe9][0xf8][0x1b][0xc4][0xc2]V[0x8b]S[0x90][0xfd][0x82]oD[0x92][0xdd]0,3[0xa4]{W[0x13][0xd8][0xd5]Yg[0xc4][0xb2]E[0xea][0x1b]IT[0xb9][0xc1][0xa7]6[0x93][0xce][0xde]2[0x8d]t[0xe7]V[0xb5][0x1c][0xc6][0xe4]?^[0xa3]PU[0x96][0x90][0xd7],Q[0x9a][0xf1]CEj[0x91][0x11][0x11]h[0xc9][0xf][0x17],[0x13]&AG[0xe8][0x4][0xf5]0[0xaa][0xb9]f[0xd0]tS[0xd9][0xc4][0xc9]-[0x4][0x8]m[0x4][[0xf0]H[0xf4][0x5][0xf][0x6]c[0xd0][0x8a]M[0xb5][0xa5]d[0xab]([0xa6][0x9]4f[0xf3][0xee][0x9d][0xe3]z2[0xb5].[0x9]\[0xb7][\r][0xf2][0xc9][0xd0][0xcf][0x13][0xc7][0xf5][0xa4][0x93][0xca][0xe][0xda][0xb5][0xbd][0xfa]:[0x6][0xd5]B{5?[0x9]*?zBu[0xf7][0x8][0x8f]d[0x99][\n]"
16:03:43.843 [ForkJoinPool-1-worker-0] DEBUG org.apache.http.wire - http-outgoing-7 << "t[0x1c][0x99]<[0xd1][0xaa]U^[0xb][0x3][0x14][0x9][0xed][0xed][0xea]\9[0xcd][0xfb]E[0x9a][0x9e]'[0xb5][0xbc]V$%[0x19]6K[0x9c][0xf2][0xb0][0xec]T<[0x98][0xdc][0xb7]U[0xcc]t;[0xa1][0xee][0xea][0xee][0xed][0xc9][0xb1][0xb5][0xe7][0x91][0x8f][0xb8][0xa4][0xce]H*_[0xc8][0x81][0x97][0x83]+O'[0x18]uwp5[0xfa]O[0xf9][0xec][0x93]V[0xfa]OZ[0xab]]]>&#x7f;<![CDATA[3\+N[0x8]]]>&#x7f;<![CDATA[[0x10][0xab][0xa9][0xa5]JS[0x83][0xb2].M[0xfb][0x84][0xa4][0x2]X[0x5]+[0x14][0xb9]YX}c[0x83][0xb5][0xeb]=e[0xd0]nk[0xd0][0xd5][0xa8][0x94][0xea]O(;[0xc3][0xf1][0xac]5[0x92]?[0x8]$[\r]v[0xd3]mr[0xdf]g8[0xdf][0xdf][0xeb][0xc3][0xb1]?[0x1b]l[0x96][0xb0]J[0xe2][0xa9]Gqf'[0xb2][0xe4][0x82]?[0x5][V[0x1e]b[0xce][0xf0][0x8]]]>&#x7f;<![CDATA[3[0xcf][0xdb]^[0xa1][0x88]{{[0xcd][0x9e][0x11][0xdc][0xe2][0xdf][0xdb]=[0x15][0xb1]}[0x9c][0x85][0xca]pBE[0x9][0xf9][0xfa][0xf9]C/D{[0xd2][0xcb]D[0xb4]X[0x90]$D=5[0xf6][0xd2][0xae]h[0xb6][0x84][0xbb][0x9b][0xc0][0xbb]`0Z[0xaf][0xdd]&4.[0xfd][0xbf][0xa3]V[0xd7][0x82]![0x92][0x5]2J[0xc2][0x10][0x95][0xaa][0xa3][0xe6][0xc1]j[0x81]sd[0x90][0xab][0xb7]d6[0x91][0xc8]',f[0x5][0xef]Zz[0xf3]s[0x9a];u[0xbb][0x96][0xc2]J`[0xa0][0xac]$im;U[0xf2][0xdc]R[0x1d][0xd3][0xf5][0xb2]jS[0x13]5G[0x89][0xb2][0xf1][0xef][0xb0][0xb2]H[0xd9][0xb1]D[0x1d]]]>&#x7f;<![CDATA[[0x87][0xd5][0x86]Za[0x18][0xd6]d[0xb4]E[0x98]QW[0xa3][0xcd][0xb3][0xdf][0xae]=G[0x85][0xb6][0x83][0x16][0xa2][0xf7][0x9a]@<[0xe8][0xc0][0xe5][0xb2][0x8b][0xac]#A[0xbd][0xa8]T[0xdb][0x18][0xef][0xaf]`[0x10]v[0xd0][0x86][0xdc]^[0xfd]x[0xec][0x91][0xc3][0x5][0x86]S [0xd3][0xd9][0x96][0x83][0x85][0xaa][0xf5][0xff][0xf1]|C[0xe0]y[0x8e][0xb7](P[0xb4][0xfd][0xe4][0x99]F[0xb9][0xc9][0xeb]~[0x19][0xf][0xa9]n[0xc8][0xea]>[0xe3]jn[0xfe]L_[0xfd].[0x9e][0xc]C+[0xb4][0xee][0x10]N[0xa2][0x18][0xc7]3[0x88]RXB[0x8a][0x82][0x81][0xa7]H[0x12][0xde]D8[0xf9][0xb6][0xe0]B[0x96][0x8a][0x82][0x9e][0xe2][0xdb]UJq[0x12]-[0x81][0xa9][0xca]Z[0xd0][0xcd]S[0x81][0x88]$[0x1c]I[0xf4]%[0x89][0x82][0xe1][0x8c]O([0x9b]7x[0xdf]D[0x5]]]>&#x7f;<![CDATA[E[0x18][0x93]$[0x1][0x16][0xcd]A[0xcc]h[0x82][0x82]aI)%[0x1c]z(&b[0x85][0x2][0xf4][0x91][0x92][0x4]#[0x9][0xef][0x15][0xf8]B[0x1]:[0xff][0x88]<[0x94][0xe0][0x15][0x8f]8[0xc9]b[0x88]R[0xcc]E[0xa4][0x92][0xb][\n]"
16:03:43.843 [ForkJoinPool-1-worker-0] DEBUG org.apache.http.wire - http-outgoing-7 << "[0xfa]C[0xf]%[0x84][0xe7])^5EV[0x99]*[0x18][0x1e][0x1e][0x1e][0xbd]x[0xe6][0xa1][0x84]G8[0x91][0xc8]1[0xa2][0xb9]P-r4dS<[0x85]$[0x12]d[0xe][0x5][0xd7][0x81][0x87][0xe0][0xb6]a[0xb1]aE[0xe1][0xdf]I[0xae] [0xa1][0xea][0xa7][0xa6]>[0xc1][0xb1][0xa0]L[0xb][0xf3][0xd0][0x84][0xe1]9\S[0xf6][0xbd] [0xcc]0[0x8f][0xc6]8[0x89][0x88]L~jTA[0xb9][0xa6]L[0xda]r[0xe0]![0x82][0xc7]Q[0x8c][0x5]L[0xa9][0x9a]3[0xf2][0x10][0xe1][0xd1][0x84][0xd1]y[0xc4] [0xa6][0xf3][0xb9][0xac][0xd7]I[0xa4][0xb6][0xf3]([0xd0]N${[0xe8]x[0xd6]zSVo[0xe1]D[0xe8][0x9d][0xbf]b[0xaf]l&GG[0xea][0xf5][0x8]%[0xa0][0xa4][0x19]lc[0xa8]b[0xc3]W[0xe6]X[0xae][0xa7][0xd6]s.=[0xbf][0x9a]>[0xcd][0x5][0x99][0x93][[0xed][0x17][0xe5]j[0xe]=[0xa4]d[0xd5][0x80][0xbb][0xf1][0x18]EV[0xf2][0xaa][0xa5][0xaa]hJ[0x87][0x97][0x7][0xf1][0x8b]W[0x9][0x1c][0xf5][0xc7][0xc9][0x8b][0x83][0xfe]3[0xfc][0xea]y[0xff][0x8][0x1f]B[0xff][0xd9]3[0x9c][0xc]_[\r]_[0x1c][0xbe]x6[0x90][0x9c][0x8a][0x1d][0x1][0x87][0x14]b[0xe3][0x97][0x9a][0x1f][0xe5][0x2][0xa7]FG4[0x1c][0xe][0x6][0xaf][0x86]r[0xc0]2[0x92]{[0xb]Q[0x93][0xcc][0x80][0xe7]4[0xe3][0x10]i[0xaf]`d[0xda]$+[0x9f][0xd0][0xe4][0xe1][0xd1][0xab][0xa1][0x87]8[0xb0]%0[0xa5][0xe6][0xf0][0xd0]?8|[0xee]?[0x1f][0xf8][0xc3][0x97][0x87][0xc1][0xcb][0xc3][0x97]/[0x91][0x87][0xd4][0x9b]2(@_?[0xc9][0x9b][0xc5]8[0xda]b[0x6][0x3]7%[0xdb][0xe1][0xc1][0xf3][0x83][0xe1][0xc1][0xc1][0x81][0x87][\n]"
16:03:43.843 [ForkJoinPool-1-worker-0] DEBUG org.apache.http.wire - http-outgoing-7 << "$X[0xcc]CK[0xcf][0xd4]J[0xd6]<s[0xc1]R[0x14][0xa0][0x99][0x10]y[0xb0][0xbf][0x9f],[0xe6][0xf3][0x95][0xcf][0x80][0xb][0x9c][0x13][0xb8][0xc1][0xf3]<[0x5]?[0xa6][0xf3]}[0x9c][0x93][0xfd][0xe5]p_[0xb2][0xa4]+[0x0][0x8e]<[0xb4][0xe0][0xc0][\n]"
16:03:43.843 [ForkJoinPool-1-worker-0] DEBUG org.apache.http.wire - http-outgoing-7 << "[0xde][0xd2][0xf1]j[0x86][0xb8][0xa6][0x8c][0x8b][0xd2]#[0xcb][0xa5]_[0x8f]L[0x1e][0x91]e[0xc5][\n]"
16:03:43.843 [ForkJoinPool-1-worker-0] DEBUG org.apache.http.wire - http-outgoing-7 << "-[0xf5][0xac][0xae]H-B[0xa5][0x96][0x8e]8{JH[0x94]n[0x97]h[0x83][0x1d][0xc][0xe][0x86][0xfd][0xc1]A]]>&#x7f;<![CDATA[[0xf0][0x1c][0xd5][0x1a]]]>&#x7f;<![CDATA[[0xc4][0x1f][0xda][0xd6][0xfb]i3U[0xb0][0x5][0x5][0xe8]E2[0x19][0x1e][0x1e][0xbd][0xc2][0xfd][0x3]<>[0xea]?[0x8b][0xc7]q[0xff]h2[0x8e][0xfb][0xc9][0xcb]1[0x8c][0x8f][0xf0][0xe4][0xe5][0xe1][0xe4][0x15]Z[0xff][0xc8]1[0xdd][0xe6][0x89]\[0xf7][0xf1]]w[0xb6]?[0xee]*Uc[0x9c]M[0x81][0x15][0xb5][0xa9]~hW[0xb6][0x9c][0x94][0x85]i[0xbc][0xc]_[0x1d][0xed]-[0xc3][0xc3]W{r[0xff][0xf2]E[0xaa][0x12][0xd2][0xc9][0xc4].[0x8a][0xd2]F[0xad][0xaa][0x95][0xac]'[0xd7][0xaa][0xce][0xa2]T?p$[0x13][0x7][0x15][0xb7]HB[0xde][0x6]$}[0xb7][0xe0][0x82][0xce][0xd5][0xe3]$[0xb3]E[0xd9][0x1d][0x8e]6[0xdb][0xaa][0xc7]G[0xb1][0x87][0xdd];[0x1c][0xe2][0xfb][0xfb][0xbb][0xf1]b<N[0x81][0x7][0xbb]C/[0xc6]Y[0xc])[0x1e][0xa7] [0xef][0x12][0x10][0x98][0xa4][0xea][0x81][0xb3]v[0xec][0xf1][0xc6][0xc3]&[0xfd][0xfc][0xaa]&[0x1][0xb9][0xa3][0xb1]O2"j4)[0xcc]7R<[0xec]WB<[0xec]k[0x19][0xe5]#[0xf8][0xf1][0xfa][0x9][0xa7][0xb8][0xf][0xda][0xec]I[0xd0]d[0x91][0xf2][0xad][0xd0][0xc4][0xb4]5[0xa1][0xc9][0xf3][0x1f][0x87]&[0x96][0xf9]+/[0xf4][0xef][0x9][0xd4]+THFkN[0x99]@VL3!W[0x6]][0x93]D[0xcc][0xc2][0x4][0x96]$[0x86][0xbe][0xba][0xf1][0x8a][0x87][0xbc]}[0x1e][0xe3][0x14][0xc2]!:[0xde][0xa9][0xb8][0x9]"R8[0xbe][0xa0][0xd4][0xfa][0x7][0xce]V[0xd6]g[0xf8]}[0x1]\[0xf0][0xd7][0xfb][0xba][0xa1][0xd6]s[0xb7][0xdf][0xb7][0xde][0xd3]Lp[0xab][0xdf][0xaf][0xf4]z[0x9d][0x92][0xec][0xbb][0xc5] [\r]Q[0x92][0xf1]~[0xce]`[0x2]"[0x9e]![0xfd]b[0x3][0xda][0xdf][0x9f][0xc8]![0xfe]T[0xa6]h[0x12][0xcb][0xe0]G[0xed][0xc1][0xba][0xa7]L[0x19]<([0xfb]S:M[0x1][0xe7][0x84][0xab]|[0x11]s~2[0xc1]s[0x92][0xae][0xc2][0x8f][0x8b][0x8c][0x8][0x8a][0xb4]H.V)[0xf0][0x19][0x80]@mU[0xbf][0xa8][0xa6][0xa6][0xae][0xaa]{u/[0xff]fb[0x9e]z[0xd6][0x98]&+[0xeb][0xae][0xd1] [0xff][0xc6]8[0xfe]>et[0x91]%[0xfd][0x98][0xa6][0x94][0x5][0xd6]_&[0x93][0xc9]h[0xa3]_[0xd1]xtx4>[0xea]h[0x97]s[0xea]k[0xfd][0x3][0xcb][0xd6]3[0xb0]=[0x8b][0xe3][0x8c][0xf7]90[0xb2]m[0xc8][0xb5][0xc4][0xd7]"[0xb0][0x86][0x83][0xc1]f[0x8f]Y[0xd5][0xb8][0x9c]m6[0xcf]1[0x9b][0x92],[0xb0]Z#[0xd7];[0x8d][]]>&#x7f;<![CDATA[[0xb2]H[0xd3][0xbe]f[0xd5]a[0x80][0x7]dl0J[0xe1][\r][\n]"
16:03:43.843 [ForkJoinPool-1-worker-0] DEBUG org.apache.http.wire - http-outgoing-7 << "50a[\r][\n]"
16:03:43.843 [ForkJoinPool-1-worker-0] DEBUG org.apache.http.wire - http-outgoing-7 << "[0xa6][0x1f]C&[0x80]u0[0xc2])[0x99]f}[0xfd]P[0xdf][0xd2][0xbd]6U6[0x88]2[0xb0]$[0xaf][0xcd]f[0x9][0x98][0xc9]d[0xd5]7[0xbe][0xde][0xcd][0xa7][0xad]V[0x81][0x0][0xfa][0xc]&[0x1d]z[0x95][0x87][0x9d][0xd2][0x9f][0xd4][0xf9][0xdf][0xc3][0xec]$[0xba][0xe9]r[0x14][0xca][0x12]`}[0xa6][0xad]u[0x90][0xdf]X[0x9c][0xa6]$[0xd9][0xb2][0xac][0xea][0x18][0xd5]:8[0xca];&[0x99][0xe3]$![0xd9]4[0xb0][0x6][0xd6][0xf0]y~c[0xbe]6[0xfb][0xc9][\n]"
16:03:43.843 [ForkJoinPool-1-worker-0] DEBUG org.apache.http.wire - http-outgoing-7 << "[0xd5]WV}[0x9a][0x1d][0xe6][0xc0]9[0x9e]v[0xe9]^Si[0xf8][0xf2][0xe7]D[0x15]W[0xaf][0xf7]k[0x11]V$[0xdd]-[0x15]Uo[0xbf][0xe9][0x82][0xa8]w[0xa8][0x86][0xa8][0x96][0xad][0xc7][0x98]C-+[0xfc][0x10][0x90]8n[0x88][0xb5][b[0xed][0xe3][0x1d]#[0xf7][0xc2][0xe0][0x16]+[0xb4][0xec]|1[0xd6]h/[0xa3]8[0xe1][0xf6]h[0xa7][0xfe]XBk[0x18]Z[0xb5]c[0x1a]wG[[0xb1]1[0x5];[0xa3][0x19][0xd8][0xa3][0x9d]u![0xe1]=es[\r][0xc7]d[0xeb][0xd0][0x1e][0x15][\r][0x11][0x98]W""A#[0xf5][0xb2][0xa1][0x15][0xea]w[0xef][0x1c]w[0xb4]S[0x99]Ae[0xb1][0x8b]7[0x9f]/[0xac][0xb3][0xff][0xf9][0xdb][0xd9][0x9b]S[0x95][0xcb][0x1e][0xdf][0xaa]n[0x99]3[0xa7]q[0x84][0xf3]<[0xd2][0xca][0xe][0x8c]:[0x89][0xba][0xd5][0x10][0xb2]PPcK[0xd9]k[0xd3][0xe0][0xd5],H[0xfc][0x5]0[0x8b]g[0xb2][0x2]K[0x16]5[0xcd]w[0xa4][0xea]w[0xdf]~_[0x0][[0xad][0x95][0xd2]r*g[0x1f]O[0x1f][0x9d][0xc8][0xcf]C[0xb6][0x8d]Y[[0xca][0x15]C[0xbb]H*jy[0x8e]w[0xba][\n]"
16:03:43.843 [ForkJoinPool-1-worker-0] DEBUG org.apache.http.wire - http-outgoing-7 << "[0xbb][0xa4]M"[0xb8][0xa5]|A[0xa6][0x90][0x1]#[0xba][0xa6][0xef]O}5Q?[0x3][0xb1][0xdf]h[0xd6]U[0xff]a[0xe0]fJ[0xf9]N[0xf1][0xfb][0xbc][0xa6][0x80][0xb3][0xa5][0x4][0xf2][0x15]2[0xb3][0xee][0xac][0xd2][0xeb][0x9c]FO[0xd7][0xda]mz[0xdf][0x9d][0x9a][0xc3][0x98][0x8][0xbf]:[0x18]r[0xcc][0xe1]_}Sg_y[0xd6][0xa5]:[0xfe][0x93][0x3]N[0xa9]P[0xc7]y[0xf6]"#r[0xc7][0x88][0xd3][0xc8][0xec]Ll[0xcf]j[\n]"
16:03:43.843 [ForkJoinPool-1-worker-0] DEBUG org.apache.http.wire - http-outgoing-7 << "t[0xaf][0xdc][0x91][0xb5]^[0x8f][0xda][0xc6]Zd[0xb1]6[0xd6][0xc6]T[0xa4][0xb9][0xb6]5[0xa8][0x9f][0x13][0x95][0xb0][0xa7][0xdb][0xd8][0x8f][0xbe][0xd6][0xf2][0xd0][0xab]7W[0x9d][0x96][0xdf][0xc4]R[0xff][0x19][0x8f]{[0xa2][0xc3][0xc5][0x8f]x\,[0xc1]dF[0xa7][0x90][0xa9][0x3].[0xe3]z[0x1b]o[0xdb][0x14]/@[0xa1][0x87][0x9d][0xf2][0x91][0xed][0xc4][0xcf][0x18][0xe5][0xb8][0xf6][0x2][0xb5]B[0xf5]r~i[0x9e]:[0xf9][0xf2][0xfc][0xd4][0xb3][0xd8][0xd2][0xb5][0xaa][0xac][0xa9]v[0xb5]pm[0x9d]b[0x1]2[0xe9]Iz[0xe2][0x9b]_[0x8c]8[0x89]z[0xf2],[0xaf]\[0xab]g9[0x87]G[0xcf]]]>&#x7f;<![CDATA[=x[0xf6][0xeb][0xd1]@[0xfe]?[0x1c][0xc][0x6][0xae][0x19][0xa1]2[0xd1]MN[0x18]pYC[0xcc]e[0x88]z[0x89]/[0xe8][0xd7][0x8b]w_[0xd4][0x99]}[0xc1][0xdf][0xfc][0xba]UJy[0xbb]z[0x87][0x85][0x83][0xe0]vq[0x13][0xa5]y[0x1a][0xe9][0xfc][0x17]"[0xab]W[0xd3][0xaa][0xa1][0x4][0xba][0x97][0x8d]r*[0xe5][\r][[0xca][0xcb][0x91]%[0xaf][0x8d]h[0xcf]:te[0x5][0xa8]^[0x98]W/[\n]"
16:03:43.843 [ForkJoinPool-1-worker-0] DEBUG org.apache.http.wire - http-outgoing-7 << "n[0xb3][0x4][0x99]XN[0xb9][0x15][0xaa]~8d[0x85]ah[0xa1][0xe2][0x5]O[0xe4][0xd6]j[0xf6][0x16][0xcb][0xea][0x9][0xae][\r]S[0xa7][0xf8][0x8d]N[0xf5][0x96]b[0x9d][0xc7]f[0xab][0x83][0xf4][0xaf][0x9a][0x90][0xd7][0x14][0xe0]Ym[0x9][0x96]z[0xc7][0xb4][0xe2]U[0x9][0xd3][0x1c][0xdc][0x16][0xbe]Po[0x4],[0x18][0xd3][0xad]Vh5z[0x8f]6[0xfa]fp]v[0xad][0xde]Q\[0x8a]6_e[0x8b][0x92][0xaf][0xea][0xd1][0x81][0xca][0x1f]2V[0x9]^[0x9a][0xb7][\r][0xfd][0xb4][0x93][0xb6]u[0xdd]0B[0xd7][0xb8][0x86]l]]>&#x7f;<![CDATA[L[0xb2]D[0xff][0xac][0xb2]m[0xd1]j[0xdd][0xd6];[0xeb][0x9d][0xae][0x84][0x8b][0x1a]>[0x84]<k[0x83]p[0xf9][0xc4][0xb3][0x1a][0xcb][0xc0][0x84][0xab]Z6[0xde][0xfa]r[0xe5]#E[0xad]J[0xaa][0xfb][0xea]W[0xee][0x1a][0xf1][0xc9]mTm[0xbb][0x95][0x90][0xa5][0x15][0xa7][0x98][0xf3][0x10][0xd5]w[0x7][\r]H^[0xdb]]]>&#x7f;<![CDATA[[0xa0][0xe6][0xce][0xac]>\[0x1d]*[0x1e]o[0xac][0xf0][0xb3][0x83]W[0x8d][0x11][0xfb][0x9]Y[0x1e][0xef]l[0xe5]b002[0x89][0x1a][0x95]X{8[0xc8]oF[0x1d][0xfc]7[0xb6][0xc5][0x1d][0xd2]:n[0x1f]F[0xbe]]ebd[0x97]?[0xe3][0x8f][0x12]2[0x97][0xe9][0xcc][0xa9]c[0x83][0x9d]_~[0xd1]?^[0x15][0xef]([0xfd]N[0xa0][0x1e][0x1e][0xea],[0xc0]+N[0x0]<[0x9d][0x8b]V[0x96][0x1e][0xf5][0x8b]9[0x11][0xa9]N\[0x8a][0xf1][0xfa][\r][0xf0][0xd0][0xee][0x99][0x81]=[0xc7][0xd1]#[0xdd][0x13]{T[0xa4]R[0xbb][0xe7][0x94][0x9][0xf1][0x1f]X[0xcc]|[0xf5][0x12][0x87][0xd3][0x95]${z[0xb4]I[0xd0][0xcd][0x4][0xec][0x6][0xb6][0xed][0xf6][0xec][0x91][0xfa]y[0xed][0xbe]=[0xda][0xf9][0xe5][0x97][0xf5][0xc8][0xcc]i2[0xd1][0x10][0xb4][0xb8][0xa7][0xb3]*M[0xc8]j[0x4][0x99][0xaf][0xdd][0xa3][0xec]p[0xbd][0xd1]A[0x9d]s[0x14][0xed]r[0xbc]f[0x1a][0x86][0xd6][0xd0]:[0x91][0x1c][0x3][0xcb][0xa1]3[0xeb][0xd8][0xa2][0xd7]nA[0xa0][0xd7][0xc5][0x80][0xeb][0x8d][0x1][0xd7][0xed][0x1][0x92]@K[0x9][0x8b][0x9a][0x8a][0x12][0xa7][0xb0][0xbf][0xe9][0xfd][0xf3][0xfd]}e[0xe7][0xe2][0xc2][0xbc][0xb][0xe6][0xc7])[0x81]Ltt[0xec][0xfe]U[0xa6][0x8c]$[0xfd][0xab][0xcc][0xfa][0xc0]R[0x81][0xeb][0x96][0x2][0xff][0x94][0x6]x[0x82][0xfc][0xcd]~O[0x13][0xff][0xcf][0xc2][0xc0][0xa5][0x7]:6[0xdc]&[0x12][0x4]C&[0x83][0xf3][0xeb][0xe7][0xf3]wt[0x9e][0xd3]L[0xfd][0x10]XZ3[0xb4]{[0xf2][0xab]g{[0xd7][0xa1][0xdd][0xbb][0xee][0xd9][0xde],[0xb4]{3[0xd7][0xb3][0x9c][0xc3][0xe1][0xf3][0xc3]#8[0xfc][0xf5][0x85],[0xe4]-[0x9e]tv[0xbd][0x85][0xa9]d[0xb3]([0xf8],:[0x18]u[0x9f][0xf9]=[0x1d][0xab][0x8d]lK![0x9a][0xee]M[0x2]$s[0x9a][0x9][0x9a][0xf9][0xf9],[0xef]:[0xf1]+[0xdb][0xaf]a[0x9c][0x9f][0xe0][0x10][0xef][0x95]']]>&#x7f;<![CDATA[|[0x16][0x8f][0xc3][0xc3]g[0x15]l{[0xc][0xee]>[0x92]|[0xbb][0xd4][0xfb][0x6]i[0xba][0x9a][0x10]>+[0xf5][0xab][0x1f]HW[0xad][0xf]i[0xb7][0xed]hr[[0xee][0xdf][0xd9]y[0xc4][0xc8][0x9d]8[0xb1]V:t[0xbd]x[0xbd][0xaf][0xff][0x11][0x95][0xff][0xb][0x0][0x0][0xff][0xff][0xff][0x1d][0xa5][0x1]UE[0x0][0x0][\r][\n]"
16:03:43.843 [ForkJoinPool-1-worker-0] DEBUG org.apache.http.wire - http-outgoing-7 << "0[\r][\n]"
16:03:43.843 [ForkJoinPool-1-worker-0] DEBUG org.apache.http.wire - http-outgoing-7 << "[\r][\n]"
16:03:43.843 [ForkJoinPool-1-worker-0] DEBUG org.apache.http.headers - http-outgoing-7 << HTTP/1.1 429 Too Many Requests
16:03:43.843 [ForkJoinPool-1-worker-0] DEBUG org.apache.http.headers - http-outgoing-7 << Content-Encoding: gzip
16:03:43.843 [ForkJoinPool-1-worker-0] DEBUG org.apache.http.headers - http-outgoing-7 << Content-Type: text/html; charset=UTF-8
16:03:43.843 [ForkJoinPool-1-worker-0] DEBUG org.apache.http.headers - http-outgoing-7 << Date: Fri, 05 Feb 2021 10:33:43 GMT
16:03:43.843 [ForkJoinPool-1-worker-0] DEBUG org.apache.http.headers - http-outgoing-7 << Display: staticcontent_sol
16:03:43.843 [ForkJoinPool-1-worker-0] DEBUG org.apache.http.headers - http-outgoing-7 << Expires: Thu, 04 Feb 2021 10:33:43 GMT
16:03:43.843 [ForkJoinPool-1-worker-0] DEBUG org.apache.http.headers - http-outgoing-7 << Host-Header: c2hhcmVkLmJsdWVob3N0LmNvbQ==
16:03:43.843 [ForkJoinPool-1-worker-0] DEBUG org.apache.http.headers - http-outgoing-7 << Pagespeed: off
16:03:43.843 [ForkJoinPool-1-worker-0] DEBUG org.apache.http.headers - http-outgoing-7 << Referrer-Policy: 
16:03:43.843 [ForkJoinPool-1-worker-0] DEBUG org.apache.http.headers - http-outgoing-7 << Response: 429
16:03:43.843 [ForkJoinPool-1-worker-0] DEBUG org.apache.http.headers - http-outgoing-7 << Retry-After: 3
16:03:43.843 [ForkJoinPool-1-worker-0] DEBUG org.apache.http.headers - http-outgoing-7 << Server: nginx/1.16.0
16:03:43.843 [ForkJoinPool-1-worker-0] DEBUG org.apache.http.headers - http-outgoing-7 << Vary: Accept-Encoding
16:03:43.843 [ForkJoinPool-1-worker-0] DEBUG org.apache.http.headers - http-outgoing-7 << Vary: Accept-Encoding,User-Agent,Origin
16:03:43.843 [ForkJoinPool-1-worker-0] DEBUG org.apache.http.headers - http-outgoing-7 << X-Ezoic-Cdn: Miss
16:03:43.843 [ForkJoinPool-1-worker-0] DEBUG org.apache.http.headers - http-outgoing-7 << X-Middleton-Display: staticcontent_sol
16:03:43.843 [ForkJoinPool-1-worker-0] DEBUG org.apache.http.headers - http-outgoing-7 << X-Middleton-Response: 429
16:03:43.843 [ForkJoinPool-1-worker-0] DEBUG org.apache.http.headers - http-outgoing-7 << X-Ratelimit-Limit: 60
16:03:43.843 [ForkJoinPool-1-worker-0] DEBUG org.apache.http.headers - http-outgoing-7 << X-Ratelimit-Remaining: 52
16:03:43.843 [ForkJoinPool-1-worker-0] DEBUG org.apache.http.headers - http-outgoing-7 << X-Ratelimit-Reset: 1612521226
16:03:43.843 [ForkJoinPool-1-worker-0] DEBUG org.apache.http.headers - http-outgoing-7 << X-Sol: pub_site
16:03:43.843 [ForkJoinPool-1-worker-0] DEBUG org.apache.http.headers - http-outgoing-7 << Transfer-Encoding: chunked
16:03:43.843 [ForkJoinPool-1-worker-0] DEBUG org.apache.http.impl.execchain.MainClientExec - Connection can be kept alive indefinitely
16:03:43.843 [ForkJoinPool-1-worker-0] DEBUG org.apache.http.impl.conn.PoolingHttpClientConnectionManager - Connection [id: 7][route: {}->http://dummy.restapiexample.com:80] can be kept alive indefinitely
16:03:43.843 [ForkJoinPool-1-worker-0] DEBUG org.apache.http.impl.conn.DefaultManagedHttpClientConnection - http-outgoing-7: set socket timeout to 0
16:03:43.843 [ForkJoinPool-1-worker-0] DEBUG org.apache.http.impl.conn.PoolingHttpClientConnectionManager - Connection released: [id: 7][route: {}->http://dummy.restapiexample.com:80][total available: 1; route allocated: 1 of 5; total allocated: 1 of 10]
16:03:43.843 [ForkJoinPool-1-worker-0] DEBUG com.intuit.karate - response time in milliseconds: 1749.14
1 < 429
1 < Content-Type: text/html; charset=UTF-8
1 < Date: Fri, 05 Feb 2021 10:33:43 GMT
1 < Display: staticcontent_sol
1 < Expires: Thu, 04 Feb 2021 10:33:43 GMT
1 < Host-Header: c2hhcmVkLmJsdWVob3N0LmNvbQ==
1 < Pagespeed: off
1 < Referrer-Policy: 
1 < Response: 429
1 < Retry-After: 3
1 < Server: nginx/1.16.0
1 < Transfer-Encoding: chunked
1 < Vary: [Accept-Encoding, Accept-Encoding,User-Agent,Origin]
1 < X-Ezoic-Cdn: Miss
1 < X-Middleton-Display: staticcontent_sol
1 < X-Middleton-Response: 429
1 < X-Ratelimit-Limit: 60
1 < X-Ratelimit-Remaining: 52
1 < X-Ratelimit-Reset: 1612521226
1 < X-Sol: pub_site
<!DOCTYPE html>
<html lang="en">
    <head><meta charset="utf-8">
<script data-ezscrex='false' data-cfasync='false' data-pagespeed-no-defer>var __ez=__ez||{};__ez.stms=Date.now();__ez.evt={};__ez.script={};__ez.ck=__ez.ck||{};__ez.template={};__ez.template.isOrig=false;__ez.queue=(function(){var count=0,incr=0,items=[],timeDelayFired=false,hpItems=[],lpItems=[],allowLoad=true;var obj={func:function(name,funcName,parameters,isBlock,blockedBy,deleteWhenComplete,proceedIfError){var self=this;this.name=name;this.funcName=funcName;this.parameters=parameters===null?null:(parameters instanceof Array)?parameters:[parameters];this.isBlock=isBlock;this.blockedBy=blockedBy;this.deleteWhenComplete=deleteWhenComplete;this.isError=false;this.isComplete=false;this.isInitialized=false;this.proceedIfError=proceedIfError;this.isTimeDelay=false;this.process=function(){log("... func = "+name);self.isInitialized=true;self.isComplete=true;log("... func.apply: "+name);var funcs=self.funcName.split('.');var func=null;if(funcs.length>3){}else if(funcs.length===3){func=window[funcs[0]][funcs[1]][funcs[2]];}else if(funcs.length===2){func=window[funcs[0]][funcs[1]];}else{func=window[self.funcName];}
if(typeof func!=='undefined'&&func!==null){func.apply(null,this.parameters);}
if(self.deleteWhenComplete===true)delete items[name];if(self.isBlock===true){log("----- F'D: "+self.name);processAll();}}},file:function(name,path,isBlock,blockedBy,async,defer,proceedIfError){var self=this;this.name=name;this.path=path;this.async=async;this.defer=defer;this.isBlock=isBlock;this.blockedBy=blockedBy;this.isInitialized=false;this.isError=false;this.isComplete=false;this.proceedIfError=proceedIfError;this.isTimeDelay=false;this.process=function(){self.isInitialized=true;log("... file = "+name);var scr=document.createElement('script');scr.src=path;if(async===true)scr.async=true;else if(defer===true)scr.defer=true;scr.onerror=function(){log("----- ERR'D: "+self.name);self.isError=true;if(self.isBlock===true){processAll();}};scr.onreadystatechange=scr.onload=function(){var state=scr.readyState;log("----- F'D: "+self.name);if((!state||/loaded|complete/.test(state))){self.isComplete=true;if(self.isBlock===true){processAll();}}};document.getElementsByTagName('head')[0].appendChild(scr);}}};function init(){window.addEventListener("load",function(){setTimeout(function(){timeDelayFired=true;log('TDELAY -----');processAll();},5000);},false);}
function addFile(name,path,isBlock,blockedBy,async,defer,proceedIfError,priority){var item=new obj.file(name,path,isBlock,blockedBy,async,defer,proceedIfError);if(priority===true){hpItems[name]=item}else{lpItems[name]=item}
items[name]=item;checkIfBlocked(item);}
function setallowLoad(settobool){allowLoad=settobool}
function addFunc(name,func,parameters,isBlock,blockedBy,autoInc,deleteWhenComplete,proceedIfError,priority){if(autoInc===true)name=name+"_"+incr++;var item=new obj.func(name,func,parameters,isBlock,blockedBy,deleteWhenComplete,proceedIfError);if(priority===true){hpItems[name]=item}else{lpItems[name]=item}
items[name]=item;checkIfBlocked(item);}
function addTimeDelayFile(name,path){var item=new obj.file(name,path,false,[],false,false,true);item.isTimeDelay=true;log(name+' ... '+' FILE! TDELAY');lpItems[name]=item;items[name]=item;checkIfBlocked(item);}
function addTimeDelayFunc(name,func,parameters){var item=new obj.func(name,func,parameters,false,[],true,true);item.isTimeDelay=true;log(name+' ... '+' FUNCTION! TDELAY');lpItems[name]=item;items[name]=item;checkIfBlocked(item);}
function checkIfBlocked(item){if(isBlocked(item)===true||allowLoad==false)return;item.process();}
function isBlocked(item){if(item.isTimeDelay===true&&timeDelayFired===false){log(item.name+" blocked = TIME DELAY!");return true;}
if(item.blockedBy instanceof Array){for(var i=0;i<item.blockedBy.length;i++){var block=item.blockedBy[i];if(items.hasOwnProperty(block)===false){log(item.name+" blocked = "+block);return true;}else if(item.proceedIfError===true&&items[block].isError===true){return false;}else if(items[block].isComplete===false){log(item.name+" blocked = "+block);return true;}}}
return false;}
function log(msg){var href=window.location.href;var reg=new RegExp('[?&]ezq=([^&#]*)','i');var string=reg.exec(href);var res=string?string[1]:null;if(res==="1")console.debug(msg);}
function processAll(){count++;if(count>200)return;log("let's go");processItems(hpItems);processItems(lpItems);}
function processItems(list){for(var i in list){if(list.hasOwnProperty(i)===false)continue;var item=list[i];if(item.isComplete===true||isBlocked(item)||item.isInitialized===true||item.isError===true){if(item.isError===true){log(item.name+': error')}else if(item.isComplete===true){log(item.name+': complete already')}else if(item.isInitialized===true){log(item.name+': initialized already')}}else{item.process();}}}
init();return{addFile:addFile,addDelayFile:addTimeDelayFile,addFunc:addFunc,addDelayFunc:addTimeDelayFunc,items:items,processAll:processAll,setallowLoad:setallowLoad};})();__ez.evt.add=function(e,t,n){e.addEventListener?e.addEventListener(t,n,!1):e.attachEvent?e.attachEvent("on"+t,n):e["on"+t]=n()},__ez.evt.remove=function(e,t,n){e.removeEventListener?e.removeEventListener(t,n,!1):e.detachEvent?e.detachEvent("on"+t,n):delete e["on"+t]};__ez.script.add=function(e){var t=document.createElement("script");t.src=e,t.async=!0,t.type="text/javascript",document.getElementsByTagName("head")[0].appendChild(t)};__ez.queue.addFile('/detroitchicago/boise.js', '/detroitchicago/boise.js?gcb=192-6&cb=1', false, [], true, false, true, false);__ez.dot={};__ez.queue.addFile('/detroitchicago/memphis.js', '/detroitchicago/memphis.js?gcb=192-6&cb=2', false, [], true, false, true, false);__ez.queue.addFile('/detroitchicago/minneapolis.js', '/detroitchicago/minneapolis.js?gcb=192-6&cb=1', false, [], true, false, true, false);__ez.vep=(function(){var pixels=[],pxURL="/detroitchicago/grapefruit.gif";function AddPixel(vID,pixelData){if(__ez.dot.isDefined(vID)&&__ez.dot.isValid(pixelData)){pixels.push({type:'video',video_impression_id:vID,domain_id:__ez.dot.getDID(),t_epoch:__ez.dot.getEpoch(0),data:__ez.dot.dataToStr(pixelData)});}}
function Fire(){if(typeof document.visibilityState!=='undefined'&&document.visibilityState==="prerender"){return;}
if(__ez.dot.isDefined(pixels)&&pixels.length>0){while(pixels.length>0){var j=5;if(j>pixels.length){j=pixels.length;}
var pushPixels=pixels.splice(0,j);(new Image()).src=__ez.dot.getURL(pxURL)+"?orig="+(__ez.template.isOrig===true?1:0)+"&v="+btoa(JSON.stringify(pushPixels));}}
pixels=[];}
return{Add:AddPixel,Fire:Fire};})();</script><script data-ezscrex='false' data-cfasync='false' data-pagespeed-no-defer>__ez.pel=(function(){var pixels=[],pxURL="/porpoiseant/army.gif";function AddAndFirePixel(adSlot,pixelData){AddPixel(adSlot,pixelData,0,0,0,0,0);Fire();}
function AddAndFireOrigPixel(adSlot,pixelData){AddPixel(adSlot,pixelData,0,0,0,0,0,true);Fire();}
function GetCurrentPixels(){return pixels;}
function AddPixel(adSlot,pixelData,revenue,est_revenue,bid_floor_filled,bid_floor_prev,stat_source_id,isOrig){if(!__ez.dot.isDefined(adSlot)||__ez.dot.isAnyDefined(adSlot.getSlotElementId,adSlot.ElementId)==false){return;}
var ad_position_id=parseInt(__ez.dot.getTargeting(adSlot,'ap'));var impId=__ez.dot.getSlotIID(adSlot),adUnit=__ez.dot.getAdUnit(adSlot,isOrig);var compId=parseInt(__ez.dot.getTargeting(adSlot,"compid"));var lineItemId=0;var creativeId=0;var ezimData=getEzimData(adSlot);if(typeof ezimData=='object'){if(ezimData.creative_id!==undefined){creativeId=ezimData.creative_id;}
if(ezimData.line_item_id!==undefined){lineItemId=ezimData.line_item_id;}}
if(__ez.dot.isDefined(impId,adUnit)&&__ez.dot.isValid(pixelData)){pixels.push({type:"impression",impression_id:impId,domain_id:__ez.dot.getDID(),unit:adUnit,t_epoch:__ez.dot.getEpoch(0),revenue:revenue,est_revenue:est_revenue,ad_position:ad_position_id,ad_size:"",bid_floor_filled:bid_floor_filled,bid_floor_prev:bid_floor_prev,stat_source_id:stat_source_id,country_code:__ez.dot.getCC(),pageview_id:__ez.dot.getPageviewId(),comp_id:compId,line_item_id:lineItemId,creative_id:creativeId,data:__ez.dot.dataToStr(pixelData),is_orig:isOrig||__ez.template.isOrig,});}}
function AddPixelById(impFullId,pixelData,isOrig){var vals=impFullId.split('/');if(__ez.dot.isDefined(impFullId)&&vals.length===3&&__ez.dot.isValid(pixelData)){var adUnit=vals[0],impId=vals[2];pixels.push({type:"impression",impression_id:impId,domain_id:__ez.dot.getDID(),unit:adUnit,t_epoch:__ez.dot.getEpoch(0),pageview_id:__ez.dot.getPageviewId(),data:__ez.dot.dataToStr(pixelData),is_orig:isOrig||__ez.template.isOrig});}}
function Fire(){if(typeof document.visibilityState!=='undefined'&&document.visibilityState==="prerender")return;if(__ez.dot.isDefined(pixels)&&pixels.length>0){var allPixels=[pixels.filter(function(pixel){return pixel.is_orig}),pixels.filter(function(pixel){return!pixel.is_orig})];allPixels.forEach(function(pixels){while(pixels.length>0){var isOrig=pixels[0].is_orig||false;var j=5;if(j>pixels.length){j=pixels.length;}
var pushPixels=pixels.splice(0,j);var pixelURL=__ez.dot.getURL(pxURL)+"?orig="+(isOrig===true?1:0)+"&sts="+btoa(JSON.stringify(pushPixels));if(typeof window.isAmp!=='undefined'&&isAmp&&typeof window._ezaq!=='undefined'&&_ezaq.hasOwnProperty("domain_id")){pixelURL+="&visit_uuid="+_ezaq['visit_uuid'];}
(new Image()).src=pixelURL;}})}
pixels=[];}
function getEzimData(adSlot){if(typeof _ezim_d=="undefined"){return false}
var adUnitName=__ez.dot.getAdUnitPath(adSlot).split('/').pop();if(typeof _ezim_d==='object'&&_ezim_d.hasOwnProperty(adUnitName)){return _ezim_d[adUnitName];}
for(var ezimKey in _ezim_d){if(ezimKey.split('/').pop()===adUnitName){return _ezim_d[ezimKey];}}
return false;}
return{Add:AddPixel,AddAndFire:AddAndFirePixel,AddAndFireOrig:AddAndFireOrigPixel,AddById:AddPixelById,Fire:Fire,GetPixels:GetCurrentPixels,};})();__ez.queue.addFile('/detroitchicago/raleigh.js', '/detroitchicago/raleigh.js?gcb=192-6&cb=2', false, [], true, false, true, false);__ez.queue.addFile('/detroitchicago/tampa.js', '/detroitchicago/tampa.js?gcb=192-6&cb=1', false, [], true, false, true, false);</script>
<script data-ezscrex="false" type="text/javascript" data-cfasync="false">var _ezaq = {"ad_cache_level":0,"ad_count_adjustment":0,"ad_lazyload_version":0,"ad_location_ids":"","ad_transform_level":0,"adx_ad_count":0,"bidder_method":1,"bidder_version":3,"city":"Noida","country":"IN","days_since_last_visit":-1,"display_ad_count":0,"domain_id":133674,"ds_adsize_opt_id":-1,"engaged_time_visit":0,"ezcache_level":1,"ezcache_skip_code":0,"form_factor_id":1,"framework_id":1,"has_bad_image":0,"has_bad_words":0,"iab_category":"","is_from_recommended_pages":false,"is_return_visitor":false,"is_sitespeed":0,"last_page_load":"","last_pageview_id":"","lt_cache_level":0,"max_ads":0,"metro_code":0,"optimization_version":1,"page_ad_positions":"","page_view_count":0,"page_view_id":"82c79de6-bd72-4a95-6a3e-44ad19173740","position_selection_id":0,"postal_code":"110091","pv_event_count":0,"response_size_orig":0,"response_time_orig":1691,"serverid":"13.235.50.183:8388","state":"UP","sub_page_ad_positions":"","t_epoch":1612521222,"template_id":0,"time_on_site_visit":0,"url":"http://dummy.restapiexample.com/api/v1/employees","user_id":0,"word_count":0,"worst_bad_word_level":0};var _ezim_d = null;var _ezat = {"domain_id":133674,"form_factor_id":1,"framework_id":1,"pageview_date":"2021-02-05","pageview_id":"82c79de6-bd72-4a95-6a3e-44ad19173740","template_id":0,"url":"http://dummy.restapiexample.com/api/v1/employees","visit_uuid":"7df1369a-2ab6-4cbc-6fbc-d8beb6af83f9"};</script><script data-ezscrex='false' data-pagespeed-no-defer data-cfasync='false' type="text/javascript">__ez.queue.addFile('banger.js', '/porpoiseant/banger.js?cb=192-6&bv=96&v=39&PageSpeed=off', true, [], true, false, false, true);</script>
<script data-ezscrex="false" data-cfasync="false">(function(){if("function"===typeof window.CustomEvent)return!1;window.CustomEvent=function(c,a){a=a||{bubbles:!1,cancelable:!1,detail:null};var b=document.createEvent("CustomEvent");b.initCustomEvent(c,a.bubbles,a.cancelable,a.detail);return b}})();</script><script data-ezscrex="false" data-cfasync="false">__ez.queue.addFile('/detroitchicago/tulsa.js', '/detroitchicago/tulsa.js?gcb=192-6&cb=5', false, [], true, false, true, false);</script>
        
        <meta name="viewport" content="width=device-width, initial-scale=1">

        <title>Too Many Requests</title>

        <!-- Fonts -->
        <link rel="dns-prefetch" href="//fonts.gstatic.com">
        <link href="https://fonts.googleapis.com/css?family=Nunito" rel="stylesheet">

        <!-- Styles -->
        <style>
            html, body {
                background-color: #fff;
                color: #636b6f;
                font-family: 'Nunito', sans-serif;
                font-weight: 100;
                height: 100vh;
                margin: 0;
            }

            .full-height {
                height: 100vh;
            }

            .flex-center {
                align-items: center;
                display: flex;
                justify-content: center;
            }

            .position-ref {
                position: relative;
            }

            .code {
                border-right: 2px solid;
                font-size: 26px;
                padding: 0 15px 0 15px;
                text-align: center;
            }

            .message {
                font-size: 18px;
                text-align: center;
            }
        </style>
    <script type="text/javascript">var ezouid = "1";</script><base href="http://dummy.restapiexample.com/api/v1/employees"><script type='text/javascript'>
var ezoTemplate = 'pub_site_noads';
if(typeof ezouid == 'undefined')
{
    var ezouid = 'none';
}
var ezoFormfactor = '1';
var ezo_elements_to_check = Array();
</script><!-- START EZHEAD -->
<script data-ezscrex="false" type='text/javascript'>
var soc_app_id = '0';
var did = 133674;
var ezdomain = 'restapiexample.com';
var ezoicSearchable = 1;
</script>
<!--{jquery}-->
<!-- END EZHEAD -->
<script data-ezscrex='false' data-pagespeed-no-defer data-cfasync='false' type='text/javascript' style='display:none'>
__ez.queue.addFile('__ezf_ezosuigeneris', '//g.ezoic.net/ezosuigeneris.js', true, [], true, false, false, false);
var __ez_ezosuigenerisEvt = function() { if(typeof(ezosuigeneris) != 'undefined'){__ez.bit.AddAndFire(_ezaq['page_view_id'], [(new __ezDotData('universal_user_id', ezosuigeneris))]); }};
__ez.queue.addFunc('__ez_ezosuigenerisEvt', '__ez_ezosuigenerisEvt', null, false, ['__ezf_ezosuigeneris','/detroitchicago/minneapolis.js','/detroitchicago/memphis.js'], false, false, false, false);</script><script data-ezscrex='false' data-pagespeed-no-defer data-cfasync='false' type='text/javascript' style='display:none'>__ez.queue.addFile('__ezf_ezosuigenerisc', '//g.ezoic.net/ezosuigenerisc.js?nogen=1', true, ["/detroitchicago/boise.js"], true, false, false, false);</script>
<script data-ezscrex='false' data-pagespeed-no-defer data-cfasync='false'>
function create_ezolpl(pvID, rv) {
    var d = new Date();
    d.setTime(d.getTime() + (365*24*60*60*1000));
    var expires = "expires="+d.toUTCString();
    __ez.ck.setByCat("ezux_lpl_133674=" + new Date().getTime() + "|" + pvID + "|" + rv + "; " + expires, 3);
}
function attach_ezolpl(pvID, rv) {
    if (document.readyState === "complete") {
        create_ezolpl(pvID, rv);
    }
    if(window.attachEvent) {
        window.attachEvent("onload", create_ezolpl, pvID, rv);
    } else {
        if(window.onload) {
            var curronload = window.onload;
            var newonload = function(evt) {
                curronload(evt);
                create_ezolpl(pvID, rv);
            };
            window.onload = newonload;
        } else {
            window.onload = create_ezolpl.bind(null, pvID, rv);
        }
    }
}

__ez.queue.addFunc("attach_ezolpl", "attach_ezolpl", ["82c79de6-bd72-4a95-6a3e-44ad19173740", "false"], false, ['/detroitchicago/boise.js'], true, false, false, false);
</script></head>
    <body>
        <div class="flex-center position-ref full-height">
            <div class="code">
                429            </div>

            <div class="message" style="padding: 10px;">
                Too Many Requests            </div>
        </div>
    <script type="text/javascript" style='display:none;'>var __ez_dims = (function() {
		var setCookie = function( name, content, expiry ) {
			return document.cookie = name+'='+content+((expiry)?';expires='+(new Date(Math.floor(new Date().getTime()+expiry*1000)).toUTCString()):'')+';path=/';
		};
		var ffid = 1;
		var oh = window.screen.height;
		var ow = window.screen.width;
		var h = ffid === 1 ? oh : (oh > ow) ? oh : ow;
		var w = ffid === 1 ? ow : (oh > ow) ? ow : oh;
		var uh = window.innerHeight || document.documentElement.clientHeight || document.getElementsByTagName('body')[0].clientHeight;
		var uw = window.innerWidth || document.documentElement.clientWidth || document.getElementsByTagName('body')[0].clientWidth;
		setCookie('ezds', encodeURIComponent('ffid='+ffid+',w='+w+',h='+h), (31536e3*7));
		setCookie('ezohw', encodeURIComponent('w='+uw+',h='+uh), (31536e3*7));
	})();</script><script type='text/javascript' style='display:none;' async>
__ez.queue.addFile('edmonton.php', '/detroitchicago/edmonton.webp?a=a&cb=192-6&shcb=34', true, ['/detroitchicago/minneapolis.js'], true, false, false, false);
__ez.queue.addFile('jellyfish.php', '/porpoiseant/jellyfish.webp?a=a&cb=192-6&shcb=34', false, [], true, false, false, false);
</script>

<script type='text/javascript' data-cfasync='false'></script></body>
</html>


16:03:43.859 [ForkJoinPool-1-worker-0] WARN com.intuit.karate - xml parsing failed, response data type set to string: org.xml.sax.SAXParseException; lineNumber: 4; columnNumber: 74; Attribute name "data-pagespeed-no-defer" associated with an element type "script" must be followed by the ' = ' character.
16:03:43.859 [ForkJoinPool-1-worker-0] ERROR com.intuit.karate - status code was: 429, expected: 200, response time: 1749, url: http://dummy.restapiexample.com/api/v1/employees, response: <!DOCTYPE html>
<html lang="en">
    <head><meta charset="utf-8">
<script data-ezscrex='false' data-cfasync='false' data-pagespeed-no-defer>var __ez=__ez||{};__ez.stms=Date.now();__ez.evt={};__ez.script={};__ez.ck=__ez.ck||{};__ez.template={};__ez.template.isOrig=false;__ez.queue=(function(){var count=0,incr=0,items=[],timeDelayFired=false,hpItems=[],lpItems=[],allowLoad=true;var obj={func:function(name,funcName,parameters,isBlock,blockedBy,deleteWhenComplete,proceedIfError){var self=this;this.name=name;this.funcName=funcName;this.parameters=parameters===null?null:(parameters instanceof Array)?parameters:[parameters];this.isBlock=isBlock;this.blockedBy=blockedBy;this.deleteWhenComplete=deleteWhenComplete;this.isError=false;this.isComplete=false;this.isInitialized=false;this.proceedIfError=proceedIfError;this.isTimeDelay=false;this.process=function(){log("... func = "+name);self.isInitialized=true;self.isComplete=true;log("... func.apply: "+name);var funcs=self.funcName.split('.');var func=null;if(funcs.length>3){}else if(funcs.length===3){func=window[funcs[0]][funcs[1]][funcs[2]];}else if(funcs.length===2){func=window[funcs[0]][funcs[1]];}else{func=window[self.funcName];}
if(typeof func!=='undefined'&&func!==null){func.apply(null,this.parameters);}
if(self.deleteWhenComplete===true)delete items[name];if(self.isBlock===true){log("----- F'D: "+self.name);processAll();}}},file:function(name,path,isBlock,blockedBy,async,defer,proceedIfError){var self=this;this.name=name;this.path=path;this.async=async;this.defer=defer;this.isBlock=isBlock;this.blockedBy=blockedBy;this.isInitialized=false;this.isError=false;this.isComplete=false;this.proceedIfError=proceedIfError;this.isTimeDelay=false;this.process=function(){self.isInitialized=true;log("... file = "+name);var scr=document.createElement('script');scr.src=path;if(async===true)scr.async=true;else if(defer===true)scr.defer=true;scr.onerror=function(){log("----- ERR'D: "+self.name);self.isError=true;if(self.isBlock===true){processAll();}};scr.onreadystatechange=scr.onload=function(){var state=scr.readyState;log("----- F'D: "+self.name);if((!state||/loaded|complete/.test(state))){self.isComplete=true;if(self.isBlock===true){processAll();}}};document.getElementsByTagName('head')[0].appendChild(scr);}}};function init(){window.addEventListener("load",function(){setTimeout(function(){timeDelayFired=true;log('TDELAY -----');processAll();},5000);},false);}
function addFile(name,path,isBlock,blockedBy,async,defer,proceedIfError,priority){var item=new obj.file(name,path,isBlock,blockedBy,async,defer,proceedIfError);if(priority===true){hpItems[name]=item}else{lpItems[name]=item}
items[name]=item;checkIfBlocked(item);}
function setallowLoad(settobool){allowLoad=settobool}
function addFunc(name,func,parameters,isBlock,blockedBy,autoInc,deleteWhenComplete,proceedIfError,priority){if(autoInc===true)name=name+"_"+incr++;var item=new obj.func(name,func,parameters,isBlock,blockedBy,deleteWhenComplete,proceedIfError);if(priority===true){hpItems[name]=item}else{lpItems[name]=item}
items[name]=item;checkIfBlocked(item);}
function addTimeDelayFile(name,path){var item=new obj.file(name,path,false,[],false,false,true);item.isTimeDelay=true;log(name+' ... '+' FILE! TDELAY');lpItems[name]=item;items[name]=item;checkIfBlocked(item);}
function addTimeDelayFunc(name,func,parameters){var item=new obj.func(name,func,parameters,false,[],true,true);item.isTimeDelay=true;log(name+' ... '+' FUNCTION! TDELAY');lpItems[name]=item;items[name]=item;checkIfBlocked(item);}
function checkIfBlocked(item){if(isBlocked(item)===true||allowLoad==false)return;item.process();}
function isBlocked(item){if(item.isTimeDelay===true&&timeDelayFired===false){log(item.name+" blocked = TIME DELAY!");return true;}
if(item.blockedBy instanceof Array){for(var i=0;i<item.blockedBy.length;i++){var block=item.blockedBy[i];if(items.hasOwnProperty(block)===false){log(item.name+" blocked = "+block);return true;}else if(item.proceedIfError===true&&items[block].isError===true){return false;}else if(items[block].isComplete===false){log(item.name+" blocked = "+block);return true;}}}
return false;}
function log(msg){var href=window.location.href;var reg=new RegExp('[?&]ezq=([^&#]*)','i');var string=reg.exec(href);var res=string?string[1]:null;if(res==="1")console.debug(msg);}
function processAll(){count++;if(count>200)return;log("let's go");processItems(hpItems);processItems(lpItems);}
function processItems(list){for(var i in list){if(list.hasOwnProperty(i)===false)continue;var item=list[i];if(item.isComplete===true||isBlocked(item)||item.isInitialized===true||item.isError===true){if(item.isError===true){log(item.name+': error')}else if(item.isComplete===true){log(item.name+': complete already')}else if(item.isInitialized===true){log(item.name+': initialized already')}}else{item.process();}}}
init();return{addFile:addFile,addDelayFile:addTimeDelayFile,addFunc:addFunc,addDelayFunc:addTimeDelayFunc,items:items,processAll:processAll,setallowLoad:setallowLoad};})();__ez.evt.add=function(e,t,n){e.addEventListener?e.addEventListener(t,n,!1):e.attachEvent?e.attachEvent("on"+t,n):e["on"+t]=n()},__ez.evt.remove=function(e,t,n){e.removeEventListener?e.removeEventListener(t,n,!1):e.detachEvent?e.detachEvent("on"+t,n):delete e["on"+t]};__ez.script.add=function(e){var t=document.createElement("script");t.src=e,t.async=!0,t.type="text/javascript",document.getElementsByTagName("head")[0].appendChild(t)};__ez.queue.addFile('/detroitchicago/boise.js', '/detroitchicago/boise.js?gcb=192-6&cb=1', false, [], true, false, true, false);__ez.dot={};__ez.queue.addFile('/detroitchicago/memphis.js', '/detroitchicago/memphis.js?gcb=192-6&cb=2', false, [], true, false, true, false);__ez.queue.addFile('/detroitchicago/minneapolis.js', '/detroitchicago/minneapolis.js?gcb=192-6&cb=1', false, [], true, false, true, false);__ez.vep=(function(){var pixels=[],pxURL="/detroitchicago/grapefruit.gif";function AddPixel(vID,pixelData){if(__ez.dot.isDefined(vID)&&__ez.dot.isValid(pixelData)){pixels.push({type:'video',video_impression_id:vID,domain_id:__ez.dot.getDID(),t_epoch:__ez.dot.getEpoch(0),data:__ez.dot.dataToStr(pixelData)});}}
function Fire(){if(typeof document.visibilityState!=='undefined'&&document.visibilityState==="prerender"){return;}
if(__ez.dot.isDefined(pixels)&&pixels.length>0){while(pixels.length>0){var j=5;if(j>pixels.length){j=pixels.length;}
var pushPixels=pixels.splice(0,j);(new Image()).src=__ez.dot.getURL(pxURL)+"?orig="+(__ez.template.isOrig===true?1:0)+"&v="+btoa(JSON.stringify(pushPixels));}}
pixels=[];}
return{Add:AddPixel,Fire:Fire};})();</script><script data-ezscrex='false' data-cfasync='false' data-pagespeed-no-defer>__ez.pel=(function(){var pixels=[],pxURL="/porpoiseant/army.gif";function AddAndFirePixel(adSlot,pixelData){AddPixel(adSlot,pixelData,0,0,0,0,0);Fire();}
function AddAndFireOrigPixel(adSlot,pixelData){AddPixel(adSlot,pixelData,0,0,0,0,0,true);Fire();}
function GetCurrentPixels(){return pixels;}
function AddPixel(adSlot,pixelData,revenue,est_revenue,bid_floor_filled,bid_floor_prev,stat_source_id,isOrig){if(!__ez.dot.isDefined(adSlot)||__ez.dot.isAnyDefined(adSlot.getSlotElementId,adSlot.ElementId)==false){return;}
var ad_position_id=parseInt(__ez.dot.getTargeting(adSlot,'ap'));var impId=__ez.dot.getSlotIID(adSlot),adUnit=__ez.dot.getAdUnit(adSlot,isOrig);var compId=parseInt(__ez.dot.getTargeting(adSlot,"compid"));var lineItemId=0;var creativeId=0;var ezimData=getEzimData(adSlot);if(typeof ezimData=='object'){if(ezimData.creative_id!==undefined){creativeId=ezimData.creative_id;}
if(ezimData.line_item_id!==undefined){lineItemId=ezimData.line_item_id;}}
if(__ez.dot.isDefined(impId,adUnit)&&__ez.dot.isValid(pixelData)){pixels.push({type:"impression",impression_id:impId,domain_id:__ez.dot.getDID(),unit:adUnit,t_epoch:__ez.dot.getEpoch(0),revenue:revenue,est_revenue:est_revenue,ad_position:ad_position_id,ad_size:"",bid_floor_filled:bid_floor_filled,bid_floor_prev:bid_floor_prev,stat_source_id:stat_source_id,country_code:__ez.dot.getCC(),pageview_id:__ez.dot.getPageviewId(),comp_id:compId,line_item_id:lineItemId,creative_id:creativeId,data:__ez.dot.dataToStr(pixelData),is_orig:isOrig||__ez.template.isOrig,});}}
function AddPixelById(impFullId,pixelData,isOrig){var vals=impFullId.split('/');if(__ez.dot.isDefined(impFullId)&&vals.length===3&&__ez.dot.isValid(pixelData)){var adUnit=vals[0],impId=vals[2];pixels.push({type:"impression",impression_id:impId,domain_id:__ez.dot.getDID(),unit:adUnit,t_epoch:__ez.dot.getEpoch(0),pageview_id:__ez.dot.getPageviewId(),data:__ez.dot.dataToStr(pixelData),is_orig:isOrig||__ez.template.isOrig});}}
function Fire(){if(typeof document.visibilityState!=='undefined'&&document.visibilityState==="prerender")return;if(__ez.dot.isDefined(pixels)&&pixels.length>0){var allPixels=[pixels.filter(function(pixel){return pixel.is_orig}),pixels.filter(function(pixel){return!pixel.is_orig})];allPixels.forEach(function(pixels){while(pixels.length>0){var isOrig=pixels[0].is_orig||false;var j=5;if(j>pixels.length){j=pixels.length;}
var pushPixels=pixels.splice(0,j);var pixelURL=__ez.dot.getURL(pxURL)+"?orig="+(isOrig===true?1:0)+"&sts="+btoa(JSON.stringify(pushPixels));if(typeof window.isAmp!=='undefined'&&isAmp&&typeof window._ezaq!=='undefined'&&_ezaq.hasOwnProperty("domain_id")){pixelURL+="&visit_uuid="+_ezaq['visit_uuid'];}
(new Image()).src=pixelURL;}})}
pixels=[];}
function getEzimData(adSlot){if(typeof _ezim_d=="undefined"){return false}
var adUnitName=__ez.dot.getAdUnitPath(adSlot).split('/').pop();if(typeof _ezim_d==='object'&&_ezim_d.hasOwnProperty(adUnitName)){return _ezim_d[adUnitName];}
for(var ezimKey in _ezim_d){if(ezimKey.split('/').pop()===adUnitName){return _ezim_d[ezimKey];}}
return false;}
return{Add:AddPixel,AddAndFire:AddAndFirePixel,AddAndFireOrig:AddAndFireOrigPixel,AddById:AddPixelById,Fire:Fire,GetPixels:GetCurrentPixels,};})();__ez.queue.addFile('/detroitchicago/raleigh.js', '/detroitchicago/raleigh.js?gcb=192-6&cb=2', false, [], true, false, true, false);__ez.queue.addFile('/detroitchicago/tampa.js', '/detroitchicago/tampa.js?gcb=192-6&cb=1', false, [], true, false, true, false);</script>
<script data-ezscrex="false" type="text/javascript" data-cfasync="false">var _ezaq = {"ad_cache_level":0,"ad_count_adjustment":0,"ad_lazyload_version":0,"ad_location_ids":"","ad_transform_level":0,"adx_ad_count":0,"bidder_method":1,"bidder_version":3,"city":"Noida","country":"IN","days_since_last_visit":-1,"display_ad_count":0,"domain_id":133674,"ds_adsize_opt_id":-1,"engaged_time_visit":0,"ezcache_level":1,"ezcache_skip_code":0,"form_factor_id":1,"framework_id":1,"has_bad_image":0,"has_bad_words":0,"iab_category":"","is_from_recommended_pages":false,"is_return_visitor":false,"is_sitespeed":0,"last_page_load":"","last_pageview_id":"","lt_cache_level":0,"max_ads":0,"metro_code":0,"optimization_version":1,"page_ad_positions":"","page_view_count":0,"page_view_id":"82c79de6-bd72-4a95-6a3e-44ad19173740","position_selection_id":0,"postal_code":"110091","pv_event_count":0,"response_size_orig":0,"response_time_orig":1691,"serverid":"13.235.50.183:8388","state":"UP","sub_page_ad_positions":"","t_epoch":1612521222,"template_id":0,"time_on_site_visit":0,"url":"http://dummy.restapiexample.com/api/v1/employees","user_id":0,"word_count":0,"worst_bad_word_level":0};var _ezim_d = null;var _ezat = {"domain_id":133674,"form_factor_id":1,"framework_id":1,"pageview_date":"2021-02-05","pageview_id":"82c79de6-bd72-4a95-6a3e-44ad19173740","template_id":0,"url":"http://dummy.restapiexample.com/api/v1/employees","visit_uuid":"7df1369a-2ab6-4cbc-6fbc-d8beb6af83f9"};</script><script data-ezscrex='false' data-pagespeed-no-defer data-cfasync='false' type="text/javascript">__ez.queue.addFile('banger.js', '/porpoiseant/banger.js?cb=192-6&bv=96&v=39&PageSpeed=off', true, [], true, false, false, true);</script>
<script data-ezscrex="false" data-cfasync="false">(function(){if("function"===typeof window.CustomEvent)return!1;window.CustomEvent=function(c,a){a=a||{bubbles:!1,cancelable:!1,detail:null};var b=document.createEvent("CustomEvent");b.initCustomEvent(c,a.bubbles,a.cancelable,a.detail);return b}})();</script><script data-ezscrex="false" data-cfasync="false">__ez.queue.addFile('/detroitchicago/tulsa.js', '/detroitchicago/tulsa.js?gcb=192-6&cb=5', false, [], true, false, true, false);</script>
        
        <meta name="viewport" content="width=device-width, initial-scale=1">

        <title>Too Many Requests</title>

        <!-- Fonts -->
        <link rel="dns-prefetch" href="//fonts.gstatic.com">
        <link href="https://fonts.googleapis.com/css?family=Nunito" rel="stylesheet">

        <!-- Styles -->
        <style>
            html, body {
                background-color: #fff;
                color: #636b6f;
                font-family: 'Nunito', sans-serif;
                font-weight: 100;
                height: 100vh;
                margin: 0;
            }

            .full-height {
                height: 100vh;
            }

            .flex-center {
                align-items: center;
                display: flex;
                justify-content: center;
            }

            .position-ref {
                position: relative;
            }

            .code {
                border-right: 2px solid;
                font-size: 26px;
                padding: 0 15px 0 15px;
                text-align: center;
            }

            .message {
                font-size: 18px;
                text-align: center;
            }
        </style>
    <script type="text/javascript">var ezouid = "1";</script><base href="http://dummy.restapiexample.com/api/v1/employees"><script type='text/javascript'>
var ezoTemplate = 'pub_site_noads';
if(typeof ezouid == 'undefined')
{
    var ezouid = 'none';
}
var ezoFormfactor = '1';
var ezo_elements_to_check = Array();
</script><!-- START EZHEAD -->
<script data-ezscrex="false" type='text/javascript'>
var soc_app_id = '0';
var did = 133674;
var ezdomain = 'restapiexample.com';
var ezoicSearchable = 1;
</script>
<!--{jquery}-->
<!-- END EZHEAD -->
<script data-ezscrex='false' data-pagespeed-no-defer data-cfasync='false' type='text/javascript' style='display:none'>
__ez.queue.addFile('__ezf_ezosuigeneris', '//g.ezoic.net/ezosuigeneris.js', true, [], true, false, false, false);
var __ez_ezosuigenerisEvt = function() { if(typeof(ezosuigeneris) != 'undefined'){__ez.bit.AddAndFire(_ezaq['page_view_id'], [(new __ezDotData('universal_user_id', ezosuigeneris))]); }};
__ez.queue.addFunc('__ez_ezosuigenerisEvt', '__ez_ezosuigenerisEvt', null, false, ['__ezf_ezosuigeneris','/detroitchicago/minneapolis.js','/detroitchicago/memphis.js'], false, false, false, false);</script><script data-ezscrex='false' data-pagespeed-no-defer data-cfasync='false' type='text/javascript' style='display:none'>__ez.queue.addFile('__ezf_ezosuigenerisc', '//g.ezoic.net/ezosuigenerisc.js?nogen=1', true, ["/detroitchicago/boise.js"], true, false, false, false);</script>
<script data-ezscrex='false' data-pagespeed-no-defer data-cfasync='false'>
function create_ezolpl(pvID, rv) {
    var d = new Date();
    d.setTime(d.getTime() + (365*24*60*60*1000));
    var expires = "expires="+d.toUTCString();
    __ez.ck.setByCat("ezux_lpl_133674=" + new Date().getTime() + "|" + pvID + "|" + rv + "; " + expires, 3);
}
function attach_ezolpl(pvID, rv) {
    if (document.readyState === "complete") {
        create_ezolpl(pvID, rv);
    }
    if(window.attachEvent) {
        window.attachEvent("onload", create_ezolpl, pvID, rv);
    } else {
        if(window.onload) {
            var curronload = window.onload;
            var newonload = function(evt) {
                curronload(evt);
                create_ezolpl(pvID, rv);
            };
            window.onload = newonload;
        } else {
            window.onload = create_ezolpl.bind(null, pvID, rv);
        }
    }
}

__ez.queue.addFunc("attach_ezolpl", "attach_ezolpl", ["82c79de6-bd72-4a95-6a3e-44ad19173740", "false"], false, ['/detroitchicago/boise.js'], true, false, false, false);
</script></head>
    <body>
        <div class="flex-center position-ref full-height">
            <div class="code">
                429            </div>

            <div class="message" style="padding: 10px;">
                Too Many Requests            </div>
        </div>
    <script type="text/javascript" style='display:none;'>var __ez_dims = (function() {
		var setCookie = function( name, content, expiry ) {
			return document.cookie = name+'='+content+((expiry)?';expires='+(new Date(Math.floor(new Date().getTime()+expiry*1000)).toUTCString()):'')+';path=/';
		};
		var ffid = 1;
		var oh = window.screen.height;
		var ow = window.screen.width;
		var h = ffid === 1 ? oh : (oh > ow) ? oh : ow;
		var w = ffid === 1 ? ow : (oh > ow) ? ow : oh;
		var uh = window.innerHeight || document.documentElement.clientHeight || document.getElementsByTagName('body')[0].clientHeight;
		var uw = window.innerWidth || document.documentElement.clientWidth || document.getElementsByTagName('body')[0].clientWidth;
		setCookie('ezds', encodeURIComponent('ffid='+ffid+',w='+w+',h='+h), (31536e3*7));
		setCookie('ezohw', encodeURIComponent('w='+uw+',h='+uh), (31536e3*7));
	})();</script><script type='text/javascript' style='display:none;' async>
__ez.queue.addFile('edmonton.php', '/detroitchicago/edmonton.webp?a=a&cb=192-6&shcb=34', true, ['/detroitchicago/minneapolis.js'], true, false, false, false);
__ez.queue.addFile('jellyfish.php', '/porpoiseant/jellyfish.webp?a=a&cb=192-6&shcb=34', false, [], true, false, false, false);
</script>

<script type='text/javascript' data-cfasync='false'></script></body>
</html>

16:03:43.859 [ForkJoinPool-1-worker-0] INFO com.intuit.karate - after scenario inside config 
16:03:43.890 [pool-1-thread-2] INFO com.intuit.karate.Runner - <<fail>> feature 12 of 26: classpath:featurefiles/KarateTestSuite-10_REST_API.feature
---------------------------------------------------------
feature: classpath:featurefiles/KarateTestSuite-10_REST_API.feature
report: build\surefire-reports\featurefiles.KarateTestSuite-10_REST_API.json
scenarios:  2 | passed:  0 | failed:  2 | time: 3.7183
---------------------------------------------------------
16:03:43.905 [pool-1-thread-2] INFO com.intuit.karate - From karate-config file 
16:03:43.905 [pool-1-thread-2] DEBUG com.jayway.jsonpath.internal.path.CompiledPath - Evaluating path: $
16:03:43.905 [pool-1-thread-2] INFO com.intuit.karate - after scenario inside config 
16:03:43.911 [pool-1-thread-2] DEBUG com.jayway.jsonpath.internal.path.CompiledPath - Evaluating path: $
16:03:43.918 [ForkJoinPool-1-worker-0] INFO com.intuit.karate - From karate-config file 
16:03:43.918 [ForkJoinPool-1-worker-0] DEBUG com.jayway.jsonpath.internal.path.CompiledPath - Evaluating path: $
16:03:43.921 [ForkJoinPool-1-worker-0] DEBUG org.apache.http.client.protocol.RequestAddCookies - CookieSpec selected: karate
16:03:43.922 [ForkJoinPool-1-worker-0] DEBUG org.apache.http.client.protocol.RequestAuthCache - Auth cache not set in the context
16:03:43.923 [ForkJoinPool-1-worker-0] DEBUG com.intuit.karate - request:
1 > POST https://www.w3schools.com/xml/tempconvert.asmx/CelsiusToFahrenheit
1 > Accept-Encoding: gzip,deflate
1 > Connection: Keep-Alive
1 > Content-Length: 10
1 > Content-Type: application/x-www-form-urlencoded; charset=UTF-8
1 > Host: www.w3schools.com
1 > User-Agent: Apache-HttpClient/4.5.12 (Java/1.8.0_251)
Celsius=37

16:03:43.923 [ForkJoinPool-1-worker-0] DEBUG org.apache.http.impl.conn.PoolingHttpClientConnectionManager - Connection request: [route: {s}->https://www.w3schools.com:443][total available: 0; route allocated: 0 of 5; total allocated: 0 of 10]
16:03:43.923 [ForkJoinPool-1-worker-0] DEBUG org.apache.http.impl.conn.PoolingHttpClientConnectionManager - Connection leased: [id: 9][route: {s}->https://www.w3schools.com:443][total available: 0; route allocated: 1 of 5; total allocated: 1 of 10]
16:03:43.923 [ForkJoinPool-1-worker-0] DEBUG org.apache.http.impl.execchain.MainClientExec - Opening connection {s}->https://www.w3schools.com:443
16:03:43.923 [ForkJoinPool-1-worker-0] DEBUG org.apache.http.impl.conn.DefaultHttpClientConnectionOperator - Connecting to www.w3schools.com/192.229.179.87:443
16:03:43.923 [ForkJoinPool-1-worker-0] DEBUG org.apache.http.conn.ssl.SSLConnectionSocketFactory - Connecting socket to www.w3schools.com/192.229.179.87:443 with timeout 5000
16:03:43.937 [ForkJoinPool-1-worker-0] DEBUG org.apache.http.conn.ssl.SSLConnectionSocketFactory - Enabled protocols: [TLSv1, TLSv1.1, TLSv1.2]
16:03:43.937 [ForkJoinPool-1-worker-0] DEBUG org.apache.http.conn.ssl.SSLConnectionSocketFactory - Enabled cipher suites:[TLS_ECDHE_ECDSA_WITH_AES_256_CBC_SHA384, TLS_ECDHE_RSA_WITH_AES_256_CBC_SHA384, TLS_RSA_WITH_AES_256_CBC_SHA256, TLS_ECDH_ECDSA_WITH_AES_256_CBC_SHA384, TLS_ECDH_RSA_WITH_AES_256_CBC_SHA384, TLS_DHE_RSA_WITH_AES_256_CBC_SHA256, TLS_DHE_DSS_WITH_AES_256_CBC_SHA256, TLS_ECDHE_ECDSA_WITH_AES_256_CBC_SHA, TLS_ECDHE_RSA_WITH_AES_256_CBC_SHA, TLS_RSA_WITH_AES_256_CBC_SHA, TLS_ECDH_ECDSA_WITH_AES_256_CBC_SHA, TLS_ECDH_RSA_WITH_AES_256_CBC_SHA, TLS_DHE_RSA_WITH_AES_256_CBC_SHA, TLS_DHE_DSS_WITH_AES_256_CBC_SHA, TLS_ECDHE_ECDSA_WITH_AES_128_CBC_SHA256, TLS_ECDHE_RSA_WITH_AES_128_CBC_SHA256, TLS_RSA_WITH_AES_128_CBC_SHA256, TLS_ECDH_ECDSA_WITH_AES_128_CBC_SHA256, TLS_ECDH_RSA_WITH_AES_128_CBC_SHA256, TLS_DHE_RSA_WITH_AES_128_CBC_SHA256, TLS_DHE_DSS_WITH_AES_128_CBC_SHA256, TLS_ECDHE_ECDSA_WITH_AES_128_CBC_SHA, TLS_ECDHE_RSA_WITH_AES_128_CBC_SHA, TLS_RSA_WITH_AES_128_CBC_SHA, TLS_ECDH_ECDSA_WITH_AES_128_CBC_SHA, TLS_ECDH_RSA_WITH_AES_128_CBC_SHA, TLS_DHE_RSA_WITH_AES_128_CBC_SHA, TLS_DHE_DSS_WITH_AES_128_CBC_SHA, TLS_ECDHE_ECDSA_WITH_AES_256_GCM_SHA384, TLS_ECDHE_ECDSA_WITH_AES_128_GCM_SHA256, TLS_ECDHE_RSA_WITH_AES_256_GCM_SHA384, TLS_RSA_WITH_AES_256_GCM_SHA384, TLS_ECDH_ECDSA_WITH_AES_256_GCM_SHA384, TLS_ECDH_RSA_WITH_AES_256_GCM_SHA384, TLS_DHE_RSA_WITH_AES_256_GCM_SHA384, TLS_DHE_DSS_WITH_AES_256_GCM_SHA384, TLS_ECDHE_RSA_WITH_AES_128_GCM_SHA256, TLS_RSA_WITH_AES_128_GCM_SHA256, TLS_ECDH_ECDSA_WITH_AES_128_GCM_SHA256, TLS_ECDH_RSA_WITH_AES_128_GCM_SHA256, TLS_DHE_RSA_WITH_AES_128_GCM_SHA256, TLS_DHE_DSS_WITH_AES_128_GCM_SHA256, TLS_EMPTY_RENEGOTIATION_INFO_SCSV]
16:03:43.937 [ForkJoinPool-1-worker-0] DEBUG org.apache.http.conn.ssl.SSLConnectionSocketFactory - Starting handshake
16:03:43.975 [ForkJoinPool-1-worker-0] DEBUG org.apache.http.conn.ssl.SSLConnectionSocketFactory - Secure session established
16:03:43.975 [ForkJoinPool-1-worker-0] DEBUG org.apache.http.conn.ssl.SSLConnectionSocketFactory -  negotiated protocol: TLSv1.2
16:03:43.975 [ForkJoinPool-1-worker-0] DEBUG org.apache.http.conn.ssl.SSLConnectionSocketFactory -  negotiated cipher suite: TLS_ECDHE_RSA_WITH_AES_128_GCM_SHA256
16:03:43.975 [ForkJoinPool-1-worker-0] DEBUG org.apache.http.conn.ssl.SSLConnectionSocketFactory -  peer principal: CN=*.w3schools.com, OU=IT, O="Verizon Digital Media Services, Inc.", L=Los Angeles, ST=California, C=US
16:03:43.975 [ForkJoinPool-1-worker-0] DEBUG org.apache.http.conn.ssl.SSLConnectionSocketFactory -  peer alternative names: [*.w3schools.com, w3schools.com]
16:03:43.975 [ForkJoinPool-1-worker-0] DEBUG org.apache.http.conn.ssl.SSLConnectionSocketFactory -  issuer principal: CN=DigiCert SHA2 Secure Server CA, O=DigiCert Inc, C=US
16:03:43.975 [ForkJoinPool-1-worker-0] DEBUG org.apache.http.impl.conn.DefaultHttpClientConnectionOperator - Connection established 192.168.1.53:62831<->192.229.179.87:443
16:03:43.975 [ForkJoinPool-1-worker-0] DEBUG org.apache.http.impl.conn.DefaultManagedHttpClientConnection - http-outgoing-9: set socket timeout to 5000
16:03:43.975 [ForkJoinPool-1-worker-0] DEBUG org.apache.http.impl.execchain.MainClientExec - Executing request POST /xml/tempconvert.asmx/CelsiusToFahrenheit HTTP/1.1
16:03:43.975 [ForkJoinPool-1-worker-0] DEBUG org.apache.http.impl.execchain.MainClientExec - Target auth state: UNCHALLENGED
16:03:43.975 [ForkJoinPool-1-worker-0] DEBUG org.apache.http.impl.execchain.MainClientExec - Proxy auth state: UNCHALLENGED
16:03:43.975 [ForkJoinPool-1-worker-0] DEBUG org.apache.http.headers - http-outgoing-9 >> POST /xml/tempconvert.asmx/CelsiusToFahrenheit HTTP/1.1
16:03:43.975 [ForkJoinPool-1-worker-0] DEBUG org.apache.http.headers - http-outgoing-9 >> Content-Type: application/x-www-form-urlencoded; charset=UTF-8
16:03:43.975 [ForkJoinPool-1-worker-0] DEBUG org.apache.http.headers - http-outgoing-9 >> Content-Length: 10
16:03:43.975 [ForkJoinPool-1-worker-0] DEBUG org.apache.http.headers - http-outgoing-9 >> Host: www.w3schools.com
16:03:43.975 [ForkJoinPool-1-worker-0] DEBUG org.apache.http.headers - http-outgoing-9 >> Connection: Keep-Alive
16:03:43.975 [ForkJoinPool-1-worker-0] DEBUG org.apache.http.headers - http-outgoing-9 >> User-Agent: Apache-HttpClient/4.5.12 (Java/1.8.0_251)
16:03:43.975 [ForkJoinPool-1-worker-0] DEBUG org.apache.http.headers - http-outgoing-9 >> Accept-Encoding: gzip,deflate
16:03:43.975 [ForkJoinPool-1-worker-0] DEBUG org.apache.http.wire - http-outgoing-9 >> "POST /xml/tempconvert.asmx/CelsiusToFahrenheit HTTP/1.1[\r][\n]"
16:03:43.975 [ForkJoinPool-1-worker-0] DEBUG org.apache.http.wire - http-outgoing-9 >> "Content-Type: application/x-www-form-urlencoded; charset=UTF-8[\r][\n]"
16:03:43.975 [ForkJoinPool-1-worker-0] DEBUG org.apache.http.wire - http-outgoing-9 >> "Content-Length: 10[\r][\n]"
16:03:43.975 [ForkJoinPool-1-worker-0] DEBUG org.apache.http.wire - http-outgoing-9 >> "Host: www.w3schools.com[\r][\n]"
16:03:43.975 [ForkJoinPool-1-worker-0] DEBUG org.apache.http.wire - http-outgoing-9 >> "Connection: Keep-Alive[\r][\n]"
16:03:43.975 [ForkJoinPool-1-worker-0] DEBUG org.apache.http.wire - http-outgoing-9 >> "User-Agent: Apache-HttpClient/4.5.12 (Java/1.8.0_251)[\r][\n]"
16:03:43.975 [ForkJoinPool-1-worker-0] DEBUG org.apache.http.wire - http-outgoing-9 >> "Accept-Encoding: gzip,deflate[\r][\n]"
16:03:43.975 [ForkJoinPool-1-worker-0] DEBUG org.apache.http.wire - http-outgoing-9 >> "[\r][\n]"
16:03:43.975 [ForkJoinPool-1-worker-0] DEBUG org.apache.http.wire - http-outgoing-9 >> "Celsius=37"
16:03:44.203 [ForkJoinPool-1-worker-0] DEBUG org.apache.http.wire - http-outgoing-9 << "HTTP/1.1 200 OK[\r][\n]"
16:03:44.203 [ForkJoinPool-1-worker-0] DEBUG org.apache.http.wire - http-outgoing-9 << "Content-Encoding: gzip[\r][\n]"
16:03:44.203 [ForkJoinPool-1-worker-0] DEBUG org.apache.http.wire - http-outgoing-9 << "Cache-Control: private, max-age=0,public[\r][\n]"
16:03:44.203 [ForkJoinPool-1-worker-0] DEBUG org.apache.http.wire - http-outgoing-9 << "Content-Type: text/xml; charset=utf-8[\r][\n]"
16:03:44.203 [ForkJoinPool-1-worker-0] DEBUG org.apache.http.wire - http-outgoing-9 << "Date: Fri, 05 Feb 2021 10:25:33 GMT[\r][\n]"
16:03:44.203 [ForkJoinPool-1-worker-0] DEBUG org.apache.http.wire - http-outgoing-9 << "Server: Microsoft-IIS/7.5[\r][\n]"
16:03:44.203 [ForkJoinPool-1-worker-0] DEBUG org.apache.http.wire - http-outgoing-9 << "Vary: Accept-Encoding[\r][\n]"
16:03:44.203 [ForkJoinPool-1-worker-0] DEBUG org.apache.http.wire - http-outgoing-9 << "X-AspNet-Version: 4.0.30319[\r][\n]"
16:03:44.203 [ForkJoinPool-1-worker-0] DEBUG org.apache.http.wire - http-outgoing-9 << "X-Frame-Options: SAMEORIGIN[\r][\n]"
16:03:44.203 [ForkJoinPool-1-worker-0] DEBUG org.apache.http.wire - http-outgoing-9 << "X-Powered-By: ASP.NET[\r][\n]"
16:03:44.203 [ForkJoinPool-1-worker-0] DEBUG org.apache.http.wire - http-outgoing-9 << "Content-Length: 208[\r][\n]"
16:03:44.203 [ForkJoinPool-1-worker-0] DEBUG org.apache.http.wire - http-outgoing-9 << "[\r][\n]"
16:03:44.203 [ForkJoinPool-1-worker-0] DEBUG org.apache.http.headers - http-outgoing-9 << HTTP/1.1 200 OK
16:03:44.203 [ForkJoinPool-1-worker-0] DEBUG org.apache.http.headers - http-outgoing-9 << Content-Encoding: gzip
16:03:44.203 [ForkJoinPool-1-worker-0] DEBUG org.apache.http.headers - http-outgoing-9 << Cache-Control: private, max-age=0,public
16:03:44.203 [ForkJoinPool-1-worker-0] DEBUG org.apache.http.headers - http-outgoing-9 << Content-Type: text/xml; charset=utf-8
16:03:44.203 [ForkJoinPool-1-worker-0] DEBUG org.apache.http.headers - http-outgoing-9 << Date: Fri, 05 Feb 2021 10:25:33 GMT
16:03:44.203 [ForkJoinPool-1-worker-0] DEBUG org.apache.http.headers - http-outgoing-9 << Server: Microsoft-IIS/7.5
16:03:44.203 [ForkJoinPool-1-worker-0] DEBUG org.apache.http.headers - http-outgoing-9 << Vary: Accept-Encoding
16:03:44.203 [ForkJoinPool-1-worker-0] DEBUG org.apache.http.headers - http-outgoing-9 << X-AspNet-Version: 4.0.30319
16:03:44.203 [ForkJoinPool-1-worker-0] DEBUG org.apache.http.headers - http-outgoing-9 << X-Frame-Options: SAMEORIGIN
16:03:44.203 [ForkJoinPool-1-worker-0] DEBUG org.apache.http.headers - http-outgoing-9 << X-Powered-By: ASP.NET
16:03:44.203 [ForkJoinPool-1-worker-0] DEBUG org.apache.http.headers - http-outgoing-9 << Content-Length: 208
16:03:44.203 [ForkJoinPool-1-worker-0] DEBUG org.apache.http.impl.execchain.MainClientExec - Connection can be kept alive indefinitely
16:03:44.203 [ForkJoinPool-1-worker-0] DEBUG org.apache.http.wire - http-outgoing-9 << "[0x1f][0x8b][0x8][0x0][0x0][0x0][0x0][0x0][0x4][0x0][0xed][0xbd][0x7]`[0x1c]I[0x96]%&/m[0xca]{]]>&#x7f;<![CDATA[J[0xf5]J[0xd7][0xe0]t[0xa1][0x8][0x80]`[0x13]$[0xd8][0x90]@[0x10][0xec][0xc1][0x88][0xcd][0xe6][0x92][0xec][0x1d]iG#)[0xab]*[0x81][0xca]eVe]f[0x16]@[0xcc][0xed][0x9d][0xbc][0xf7][0xde]{[0xef][0xbd][0xf7][0xde]{[0xef][0xbd][0xf7][0xba];[0x9d]N'[0xf7][0xdf][0xff]?\fd[0x1]l[0xf6][0xce]J[0xda][0xc9][0x9e]![0x80][0xaa][0xc8][0x1f]?~|[0x1f]?"[0x1e][0xff][0x1e][0xef][0x16]ez[0x99][0xd7]MQ-?[0xfb]hw[0xbc][0xf3]Q[0x9a]/[0xa7][0xd5][0xac]X^|[0xf6][0xd1][0xba]=[0xdf]>[0xf8][0xe8][0xf7]8[0xfa][0x8d][0x93][0xc7]M[[0xd3]G)[0xb5]^6[0x9f]}4o[0xdb]U[0xf3][0xe8][0xee][0xdd][0xab][0xab][0xab][0xf1][0xd5][0xbd]f:[0xaf][0xaa][0xb2][0x19]O[0xab][0xc5]]jp[0xf7][0xa3][0xa3][0x87][0x7][0xe3]O[0x1f][0xdf][0x95]w[0x8e][0xfe][0x1f]O![0x80]Ed[0x0][0x0][0x0]"
16:03:44.203 [ForkJoinPool-1-worker-0] DEBUG org.apache.http.impl.conn.PoolingHttpClientConnectionManager - Connection [id: 9][route: {s}->https://www.w3schools.com:443] can be kept alive indefinitely
16:03:44.203 [ForkJoinPool-1-worker-0] DEBUG org.apache.http.impl.conn.DefaultManagedHttpClientConnection - http-outgoing-9: set socket timeout to 0
16:03:44.203 [ForkJoinPool-1-worker-0] DEBUG org.apache.http.impl.conn.PoolingHttpClientConnectionManager - Connection released: [id: 9][route: {s}->https://www.w3schools.com:443][total available: 1; route allocated: 1 of 5; total allocated: 1 of 10]
16:03:44.203 [ForkJoinPool-1-worker-0] DEBUG com.intuit.karate - response time in milliseconds: 292.94
1 < 200
1 < Cache-Control: private, max-age=0,public
1 < Content-Type: text/xml; charset=utf-8
1 < Date: Fri, 05 Feb 2021 10:25:33 GMT
1 < Server: Microsoft-IIS/7.5
1 < Vary: Accept-Encoding
1 < X-AspNet-Version: 4.0.30319
1 < X-Frame-Options: SAMEORIGIN
1 < X-Powered-By: ASP.NET
<?xml version="1.0" encoding="utf-8"?>
<string xmlns="https://www.w3schools.com/xml/">98.6</string>

16:03:44.218 [ForkJoinPool-1-worker-0] DEBUG com.jayway.jsonpath.internal.path.CompiledPath - Evaluating path: $
16:03:44.218 [ForkJoinPool-1-worker-0] INFO com.intuit.karate - [print] {
  "Cache-Control": [
    "private, max-age=0,public"
  ],
  "Content-Type": [
    "text/xml; charset=utf-8"
  ],
  "Date": [
    "Fri, 05 Feb 2021 10:25:33 GMT"
  ],
  "Server": [
    "Microsoft-IIS/7.5"
  ],
  "Vary": [
    "Accept-Encoding"
  ],
  "X-AspNet-Version": [
    "4.0.30319"
  ],
  "X-Frame-Options": [
    "SAMEORIGIN"
  ],
  "X-Powered-By": [
    "ASP.NET"
  ]
}

16:03:44.218 [ForkJoinPool-1-worker-0] INFO com.intuit.karate - [print] xml
16:03:44.218 [ForkJoinPool-1-worker-0] INFO com.intuit.karate - [print] 293
16:03:44.218 [ForkJoinPool-1-worker-0] INFO com.intuit.karate - [print] <string xmlns="https://www.w3schools.com/xml/">98.6</string>

16:03:44.218 [ForkJoinPool-1-worker-0] DEBUG com.jayway.jsonpath.internal.path.CompiledPath - Evaluating path: $
16:03:44.218 [ForkJoinPool-1-worker-0] DEBUG com.jayway.jsonpath.internal.path.CompiledPath - Evaluating path: $["X-Powered-By"]
16:03:44.218 [ForkJoinPool-1-worker-0] DEBUG com.jayway.jsonpath.internal.path.CompiledPath - Evaluating path: $
16:03:44.218 [ForkJoinPool-1-worker-0] DEBUG com.jayway.jsonpath.internal.path.CompiledPath - Evaluating path: $["X-AspNet-Version"][0]
16:03:44.218 [ForkJoinPool-1-worker-0] INFO com.intuit.karate - after scenario inside config 
16:03:44.218 [ForkJoinPool-1-worker-0] INFO com.intuit.karate - From karate-config file 
16:03:44.218 [ForkJoinPool-1-worker-0] DEBUG com.jayway.jsonpath.internal.path.CompiledPath - Evaluating path: $
16:03:44.218 [ForkJoinPool-1-worker-0] DEBUG org.apache.http.client.protocol.RequestAddCookies - CookieSpec selected: karate
16:03:44.218 [ForkJoinPool-1-worker-0] DEBUG org.apache.http.client.protocol.RequestAuthCache - Auth cache not set in the context
16:03:44.218 [ForkJoinPool-1-worker-0] DEBUG com.intuit.karate - request:
1 > POST https://www.w3schools.com/xml/tempconvert.asmx/CelsiusToFahrenheit
1 > Accept-Encoding: gzip,deflate
1 > Connection: Keep-Alive
1 > Content-Length: 10
1 > Content-Type: application/x-www-form-urlencoded; charset=UTF-8
1 > Host: www.w3schools.com
1 > User-Agent: Apache-HttpClient/4.5.12 (Java/1.8.0_251)
Celsius=40

16:03:44.218 [ForkJoinPool-1-worker-0] DEBUG org.apache.http.impl.conn.PoolingHttpClientConnectionManager - Connection request: [route: {s}->https://www.w3schools.com:443][total available: 0; route allocated: 0 of 5; total allocated: 0 of 10]
16:03:44.218 [ForkJoinPool-1-worker-0] DEBUG org.apache.http.impl.conn.PoolingHttpClientConnectionManager - Connection leased: [id: 10][route: {s}->https://www.w3schools.com:443][total available: 0; route allocated: 1 of 5; total allocated: 1 of 10]
16:03:44.218 [ForkJoinPool-1-worker-0] DEBUG org.apache.http.impl.execchain.MainClientExec - Opening connection {s}->https://www.w3schools.com:443
16:03:44.218 [ForkJoinPool-1-worker-0] DEBUG org.apache.http.impl.conn.DefaultHttpClientConnectionOperator - Connecting to www.w3schools.com/192.229.179.87:443
16:03:44.218 [ForkJoinPool-1-worker-0] DEBUG org.apache.http.conn.ssl.SSLConnectionSocketFactory - Connecting socket to www.w3schools.com/192.229.179.87:443 with timeout 5000
16:03:44.234 [ForkJoinPool-1-worker-0] DEBUG org.apache.http.conn.ssl.SSLConnectionSocketFactory - Enabled protocols: [TLSv1, TLSv1.1, TLSv1.2]
16:03:44.234 [ForkJoinPool-1-worker-0] DEBUG org.apache.http.conn.ssl.SSLConnectionSocketFactory - Enabled cipher suites:[TLS_ECDHE_ECDSA_WITH_AES_256_CBC_SHA384, TLS_ECDHE_RSA_WITH_AES_256_CBC_SHA384, TLS_RSA_WITH_AES_256_CBC_SHA256, TLS_ECDH_ECDSA_WITH_AES_256_CBC_SHA384, TLS_ECDH_RSA_WITH_AES_256_CBC_SHA384, TLS_DHE_RSA_WITH_AES_256_CBC_SHA256, TLS_DHE_DSS_WITH_AES_256_CBC_SHA256, TLS_ECDHE_ECDSA_WITH_AES_256_CBC_SHA, TLS_ECDHE_RSA_WITH_AES_256_CBC_SHA, TLS_RSA_WITH_AES_256_CBC_SHA, TLS_ECDH_ECDSA_WITH_AES_256_CBC_SHA, TLS_ECDH_RSA_WITH_AES_256_CBC_SHA, TLS_DHE_RSA_WITH_AES_256_CBC_SHA, TLS_DHE_DSS_WITH_AES_256_CBC_SHA, TLS_ECDHE_ECDSA_WITH_AES_128_CBC_SHA256, TLS_ECDHE_RSA_WITH_AES_128_CBC_SHA256, TLS_RSA_WITH_AES_128_CBC_SHA256, TLS_ECDH_ECDSA_WITH_AES_128_CBC_SHA256, TLS_ECDH_RSA_WITH_AES_128_CBC_SHA256, TLS_DHE_RSA_WITH_AES_128_CBC_SHA256, TLS_DHE_DSS_WITH_AES_128_CBC_SHA256, TLS_ECDHE_ECDSA_WITH_AES_128_CBC_SHA, TLS_ECDHE_RSA_WITH_AES_128_CBC_SHA, TLS_RSA_WITH_AES_128_CBC_SHA, TLS_ECDH_ECDSA_WITH_AES_128_CBC_SHA, TLS_ECDH_RSA_WITH_AES_128_CBC_SHA, TLS_DHE_RSA_WITH_AES_128_CBC_SHA, TLS_DHE_DSS_WITH_AES_128_CBC_SHA, TLS_ECDHE_ECDSA_WITH_AES_256_GCM_SHA384, TLS_ECDHE_ECDSA_WITH_AES_128_GCM_SHA256, TLS_ECDHE_RSA_WITH_AES_256_GCM_SHA384, TLS_RSA_WITH_AES_256_GCM_SHA384, TLS_ECDH_ECDSA_WITH_AES_256_GCM_SHA384, TLS_ECDH_RSA_WITH_AES_256_GCM_SHA384, TLS_DHE_RSA_WITH_AES_256_GCM_SHA384, TLS_DHE_DSS_WITH_AES_256_GCM_SHA384, TLS_ECDHE_RSA_WITH_AES_128_GCM_SHA256, TLS_RSA_WITH_AES_128_GCM_SHA256, TLS_ECDH_ECDSA_WITH_AES_128_GCM_SHA256, TLS_ECDH_RSA_WITH_AES_128_GCM_SHA256, TLS_DHE_RSA_WITH_AES_128_GCM_SHA256, TLS_DHE_DSS_WITH_AES_128_GCM_SHA256, TLS_EMPTY_RENEGOTIATION_INFO_SCSV]
16:03:44.234 [ForkJoinPool-1-worker-0] DEBUG org.apache.http.conn.ssl.SSLConnectionSocketFactory - Starting handshake
16:03:44.281 [ForkJoinPool-1-worker-0] DEBUG org.apache.http.conn.ssl.SSLConnectionSocketFactory - Secure session established
16:03:44.281 [ForkJoinPool-1-worker-0] DEBUG org.apache.http.conn.ssl.SSLConnectionSocketFactory -  negotiated protocol: TLSv1.2
16:03:44.281 [ForkJoinPool-1-worker-0] DEBUG org.apache.http.conn.ssl.SSLConnectionSocketFactory -  negotiated cipher suite: TLS_ECDHE_RSA_WITH_AES_128_GCM_SHA256
16:03:44.281 [ForkJoinPool-1-worker-0] DEBUG org.apache.http.conn.ssl.SSLConnectionSocketFactory -  peer principal: CN=*.w3schools.com, OU=IT, O="Verizon Digital Media Services, Inc.", L=Los Angeles, ST=California, C=US
16:03:44.281 [ForkJoinPool-1-worker-0] DEBUG org.apache.http.conn.ssl.SSLConnectionSocketFactory -  peer alternative names: [*.w3schools.com, w3schools.com]
16:03:44.281 [ForkJoinPool-1-worker-0] DEBUG org.apache.http.conn.ssl.SSLConnectionSocketFactory -  issuer principal: CN=DigiCert SHA2 Secure Server CA, O=DigiCert Inc, C=US
16:03:44.281 [ForkJoinPool-1-worker-0] DEBUG org.apache.http.impl.conn.DefaultHttpClientConnectionOperator - Connection established 192.168.1.53:62832<->192.229.179.87:443
16:03:44.281 [ForkJoinPool-1-worker-0] DEBUG org.apache.http.impl.conn.DefaultManagedHttpClientConnection - http-outgoing-10: set socket timeout to 5000
16:03:44.281 [ForkJoinPool-1-worker-0] DEBUG org.apache.http.impl.execchain.MainClientExec - Executing request POST /xml/tempconvert.asmx/CelsiusToFahrenheit HTTP/1.1
16:03:44.281 [ForkJoinPool-1-worker-0] DEBUG org.apache.http.impl.execchain.MainClientExec - Target auth state: UNCHALLENGED
16:03:44.281 [ForkJoinPool-1-worker-0] DEBUG org.apache.http.impl.execchain.MainClientExec - Proxy auth state: UNCHALLENGED
16:03:44.281 [ForkJoinPool-1-worker-0] DEBUG org.apache.http.headers - http-outgoing-10 >> POST /xml/tempconvert.asmx/CelsiusToFahrenheit HTTP/1.1
16:03:44.281 [ForkJoinPool-1-worker-0] DEBUG org.apache.http.headers - http-outgoing-10 >> Content-Type: application/x-www-form-urlencoded; charset=UTF-8
16:03:44.281 [ForkJoinPool-1-worker-0] DEBUG org.apache.http.headers - http-outgoing-10 >> Content-Length: 10
16:03:44.281 [ForkJoinPool-1-worker-0] DEBUG org.apache.http.headers - http-outgoing-10 >> Host: www.w3schools.com
16:03:44.281 [ForkJoinPool-1-worker-0] DEBUG org.apache.http.headers - http-outgoing-10 >> Connection: Keep-Alive
16:03:44.281 [ForkJoinPool-1-worker-0] DEBUG org.apache.http.headers - http-outgoing-10 >> User-Agent: Apache-HttpClient/4.5.12 (Java/1.8.0_251)
16:03:44.281 [ForkJoinPool-1-worker-0] DEBUG org.apache.http.headers - http-outgoing-10 >> Accept-Encoding: gzip,deflate
16:03:44.281 [ForkJoinPool-1-worker-0] DEBUG org.apache.http.wire - http-outgoing-10 >> "POST /xml/tempconvert.asmx/CelsiusToFahrenheit HTTP/1.1[\r][\n]"
16:03:44.281 [ForkJoinPool-1-worker-0] DEBUG org.apache.http.wire - http-outgoing-10 >> "Content-Type: application/x-www-form-urlencoded; charset=UTF-8[\r][\n]"
16:03:44.281 [ForkJoinPool-1-worker-0] DEBUG org.apache.http.wire - http-outgoing-10 >> "Content-Length: 10[\r][\n]"
16:03:44.281 [ForkJoinPool-1-worker-0] DEBUG org.apache.http.wire - http-outgoing-10 >> "Host: www.w3schools.com[\r][\n]"
16:03:44.281 [ForkJoinPool-1-worker-0] DEBUG org.apache.http.wire - http-outgoing-10 >> "Connection: Keep-Alive[\r][\n]"
16:03:44.281 [ForkJoinPool-1-worker-0] DEBUG org.apache.http.wire - http-outgoing-10 >> "User-Agent: Apache-HttpClient/4.5.12 (Java/1.8.0_251)[\r][\n]"
16:03:44.281 [ForkJoinPool-1-worker-0] DEBUG org.apache.http.wire - http-outgoing-10 >> "Accept-Encoding: gzip,deflate[\r][\n]"
16:03:44.281 [ForkJoinPool-1-worker-0] DEBUG org.apache.http.wire - http-outgoing-10 >> "[\r][\n]"
16:03:44.281 [ForkJoinPool-1-worker-0] DEBUG org.apache.http.wire - http-outgoing-10 >> "Celsius=40"
16:03:44.515 [ForkJoinPool-1-worker-0] DEBUG org.apache.http.wire - http-outgoing-10 << "HTTP/1.1 200 OK[\r][\n]"
16:03:44.515 [ForkJoinPool-1-worker-0] DEBUG org.apache.http.wire - http-outgoing-10 << "Content-Encoding: gzip[\r][\n]"
16:03:44.515 [ForkJoinPool-1-worker-0] DEBUG org.apache.http.wire - http-outgoing-10 << "Cache-Control: private, max-age=0,public[\r][\n]"
16:03:44.515 [ForkJoinPool-1-worker-0] DEBUG org.apache.http.wire - http-outgoing-10 << "Content-Type: text/xml; charset=utf-8[\r][\n]"
16:03:44.515 [ForkJoinPool-1-worker-0] DEBUG org.apache.http.wire - http-outgoing-10 << "Date: Fri, 05 Feb 2021 10:25:33 GMT[\r][\n]"
16:03:44.515 [ForkJoinPool-1-worker-0] DEBUG org.apache.http.wire - http-outgoing-10 << "Server: Microsoft-IIS/7.5[\r][\n]"
16:03:44.515 [ForkJoinPool-1-worker-0] DEBUG org.apache.http.wire - http-outgoing-10 << "Vary: Accept-Encoding[\r][\n]"
16:03:44.515 [ForkJoinPool-1-worker-0] DEBUG org.apache.http.wire - http-outgoing-10 << "X-AspNet-Version: 4.0.30319[\r][\n]"
16:03:44.515 [ForkJoinPool-1-worker-0] DEBUG org.apache.http.wire - http-outgoing-10 << "X-Frame-Options: SAMEORIGIN[\r][\n]"
16:03:44.515 [ForkJoinPool-1-worker-0] DEBUG org.apache.http.wire - http-outgoing-10 << "X-Powered-By: ASP.NET[\r][\n]"
16:03:44.515 [ForkJoinPool-1-worker-0] DEBUG org.apache.http.wire - http-outgoing-10 << "Content-Length: 207[\r][\n]"
16:03:44.515 [ForkJoinPool-1-worker-0] DEBUG org.apache.http.wire - http-outgoing-10 << "[\r][\n]"
16:03:44.515 [ForkJoinPool-1-worker-0] DEBUG org.apache.http.headers - http-outgoing-10 << HTTP/1.1 200 OK
16:03:44.515 [ForkJoinPool-1-worker-0] DEBUG org.apache.http.headers - http-outgoing-10 << Content-Encoding: gzip
16:03:44.515 [ForkJoinPool-1-worker-0] DEBUG org.apache.http.headers - http-outgoing-10 << Cache-Control: private, max-age=0,public
16:03:44.515 [ForkJoinPool-1-worker-0] DEBUG org.apache.http.headers - http-outgoing-10 << Content-Type: text/xml; charset=utf-8
16:03:44.515 [ForkJoinPool-1-worker-0] DEBUG org.apache.http.headers - http-outgoing-10 << Date: Fri, 05 Feb 2021 10:25:33 GMT
16:03:44.515 [ForkJoinPool-1-worker-0] DEBUG org.apache.http.headers - http-outgoing-10 << Server: Microsoft-IIS/7.5
16:03:44.515 [ForkJoinPool-1-worker-0] DEBUG org.apache.http.headers - http-outgoing-10 << Vary: Accept-Encoding
16:03:44.515 [ForkJoinPool-1-worker-0] DEBUG org.apache.http.headers - http-outgoing-10 << X-AspNet-Version: 4.0.30319
16:03:44.515 [ForkJoinPool-1-worker-0] DEBUG org.apache.http.headers - http-outgoing-10 << X-Frame-Options: SAMEORIGIN
16:03:44.515 [ForkJoinPool-1-worker-0] DEBUG org.apache.http.headers - http-outgoing-10 << X-Powered-By: ASP.NET
16:03:44.515 [ForkJoinPool-1-worker-0] DEBUG org.apache.http.headers - http-outgoing-10 << Content-Length: 207
16:03:44.515 [ForkJoinPool-1-worker-0] DEBUG org.apache.http.impl.execchain.MainClientExec - Connection can be kept alive indefinitely
16:03:44.515 [ForkJoinPool-1-worker-0] DEBUG org.apache.http.wire - http-outgoing-10 << "[0x1f][0x8b][0x8][0x0][0x0][0x0][0x0][0x0][0x4][0x0][0xed][0xbd][0x7]`[0x1c]I[0x96]%&/m[0xca]{]]>&#x7f;<![CDATA[J[0xf5]J[0xd7][0xe0]t[0xa1][0x8][0x80]`[0x13]$[0xd8][0x90]@[0x10][0xec][0xc1][0x88][0xcd][0xe6][0x92][0xec][0x1d]iG#)[0xab]*[0x81][0xca]eVe]f[0x16]@[0xcc][0xed][0x9d][0xbc][0xf7][0xde]{[0xef][0xbd][0xf7][0xde]{[0xef][0xbd][0xf7][0xba];[0x9d]N'[0xf7][0xdf][0xff]?\fd[0x1]l[0xf6][0xce]J[0xda][0xc9][0x9e]![0x80][0xaa][0xc8][0x1f]?~|[0x1f]?"[0x1e][0xff][0x1e][0xef][0x16]ez[0x99][0xd7]MQ-?[0xfb]hw[0xbc][0xf3]Q[0x9a]/[0xa7][0xd5][0xac]X^|[0xf6][0xd1][0xba]=[0xdf]>[0xf8][0xe8][0xf7]8[0xfa][0x8d][0x93][0xc7]M[[0xd3]G)[0xb5]^6[0x9f]}4o[0xdb]U[0xf3][0xe8][0xee][0xdd][0xab][0xab][0xab][0xf1][0xd5][0xbd]f:[0xaf][0xaa][0xb2][0x19]O[0xab][0xc5]]jp[0xf7][0xa3][0xa3][0xdd][0x9d][0xfd][0xc7]w[0xe5][0x95][0xa3][0xff][0x7] [0xa2]\[0x8c]c[0x0][0x0][0x0]"
16:03:44.515 [ForkJoinPool-1-worker-0] DEBUG org.apache.http.impl.conn.PoolingHttpClientConnectionManager - Connection [id: 10][route: {s}->https://www.w3schools.com:443] can be kept alive indefinitely
16:03:44.515 [ForkJoinPool-1-worker-0] DEBUG org.apache.http.impl.conn.DefaultManagedHttpClientConnection - http-outgoing-10: set socket timeout to 0
16:03:44.515 [ForkJoinPool-1-worker-0] DEBUG org.apache.http.impl.conn.PoolingHttpClientConnectionManager - Connection released: [id: 10][route: {s}->https://www.w3schools.com:443][total available: 1; route allocated: 1 of 5; total allocated: 1 of 10]
16:03:44.515 [ForkJoinPool-1-worker-0] DEBUG com.intuit.karate - response time in milliseconds: 296.77
1 < 200
1 < Cache-Control: private, max-age=0,public
1 < Content-Type: text/xml; charset=utf-8
1 < Date: Fri, 05 Feb 2021 10:25:33 GMT
1 < Server: Microsoft-IIS/7.5
1 < Vary: Accept-Encoding
1 < X-AspNet-Version: 4.0.30319
1 < X-Frame-Options: SAMEORIGIN
1 < X-Powered-By: ASP.NET
<?xml version="1.0" encoding="utf-8"?>
<string xmlns="https://www.w3schools.com/xml/">104</string>

16:03:44.515 [ForkJoinPool-1-worker-0] DEBUG com.jayway.jsonpath.internal.path.CompiledPath - Evaluating path: $
16:03:44.515 [ForkJoinPool-1-worker-0] INFO com.intuit.karate - [print] {
  "Cache-Control": [
    "private, max-age=0,public"
  ],
  "Content-Type": [
    "text/xml; charset=utf-8"
  ],
  "Date": [
    "Fri, 05 Feb 2021 10:25:33 GMT"
  ],
  "Server": [
    "Microsoft-IIS/7.5"
  ],
  "Vary": [
    "Accept-Encoding"
  ],
  "X-AspNet-Version": [
    "4.0.30319"
  ],
  "X-Frame-Options": [
    "SAMEORIGIN"
  ],
  "X-Powered-By": [
    "ASP.NET"
  ]
}

16:03:44.515 [ForkJoinPool-1-worker-0] INFO com.intuit.karate - [print] xml
16:03:44.515 [ForkJoinPool-1-worker-0] INFO com.intuit.karate - [print] 297
16:03:44.515 [ForkJoinPool-1-worker-0] INFO com.intuit.karate - [print] <string xmlns="https://www.w3schools.com/xml/">104</string>

16:03:44.531 [ForkJoinPool-1-worker-0] DEBUG com.jayway.jsonpath.internal.path.CompiledPath - Evaluating path: $
16:03:44.531 [ForkJoinPool-1-worker-0] DEBUG com.jayway.jsonpath.internal.path.CompiledPath - Evaluating path: $["X-Powered-By"]
16:03:44.531 [ForkJoinPool-1-worker-0] DEBUG com.jayway.jsonpath.internal.path.CompiledPath - Evaluating path: $
16:03:44.531 [ForkJoinPool-1-worker-0] DEBUG com.jayway.jsonpath.internal.path.CompiledPath - Evaluating path: $["X-AspNet-Version"][0]
16:03:44.531 [ForkJoinPool-1-worker-0] INFO com.intuit.karate - after scenario inside config 
16:03:44.531 [ForkJoinPool-1-worker-0] DEBUG org.apache.http.client.protocol.RequestAddCookies - CookieSpec selected: karate
16:03:44.531 [ForkJoinPool-1-worker-0] DEBUG org.apache.http.client.protocol.RequestAuthCache - Auth cache not set in the context
16:03:44.531 [ForkJoinPool-1-worker-0] DEBUG com.intuit.karate - request:
1 > POST https://www.w3schools.com/xml/tempconvert.asmx/CelsiusToFahrenheit
1 > Accept-Encoding: gzip,deflate
1 > Connection: Keep-Alive
1 > Content-Length: 10
1 > Content-Type: application/x-www-form-urlencoded; charset=UTF-8
1 > Host: www.w3schools.com
1 > User-Agent: Apache-HttpClient/4.5.12 (Java/1.8.0_251)
Celsius=37

16:03:44.531 [ForkJoinPool-1-worker-0] DEBUG org.apache.http.impl.conn.PoolingHttpClientConnectionManager - Connection request: [route: {s}->https://www.w3schools.com:443][total available: 0; route allocated: 0 of 5; total allocated: 0 of 10]
16:03:44.531 [ForkJoinPool-1-worker-0] DEBUG org.apache.http.impl.conn.PoolingHttpClientConnectionManager - Connection leased: [id: 11][route: {s}->https://www.w3schools.com:443][total available: 0; route allocated: 1 of 5; total allocated: 1 of 10]
16:03:44.531 [ForkJoinPool-1-worker-0] DEBUG org.apache.http.impl.execchain.MainClientExec - Opening connection {s}->https://www.w3schools.com:443
16:03:44.531 [ForkJoinPool-1-worker-0] DEBUG org.apache.http.impl.conn.DefaultHttpClientConnectionOperator - Connecting to www.w3schools.com/192.229.179.87:443
16:03:44.531 [ForkJoinPool-1-worker-0] DEBUG org.apache.http.conn.ssl.SSLConnectionSocketFactory - Connecting socket to www.w3schools.com/192.229.179.87:443 with timeout 5000
16:03:44.547 [ForkJoinPool-1-worker-0] DEBUG org.apache.http.conn.ssl.SSLConnectionSocketFactory - Enabled protocols: [TLSv1, TLSv1.1, TLSv1.2]
16:03:44.547 [ForkJoinPool-1-worker-0] DEBUG org.apache.http.conn.ssl.SSLConnectionSocketFactory - Enabled cipher suites:[TLS_ECDHE_ECDSA_WITH_AES_256_CBC_SHA384, TLS_ECDHE_RSA_WITH_AES_256_CBC_SHA384, TLS_RSA_WITH_AES_256_CBC_SHA256, TLS_ECDH_ECDSA_WITH_AES_256_CBC_SHA384, TLS_ECDH_RSA_WITH_AES_256_CBC_SHA384, TLS_DHE_RSA_WITH_AES_256_CBC_SHA256, TLS_DHE_DSS_WITH_AES_256_CBC_SHA256, TLS_ECDHE_ECDSA_WITH_AES_256_CBC_SHA, TLS_ECDHE_RSA_WITH_AES_256_CBC_SHA, TLS_RSA_WITH_AES_256_CBC_SHA, TLS_ECDH_ECDSA_WITH_AES_256_CBC_SHA, TLS_ECDH_RSA_WITH_AES_256_CBC_SHA, TLS_DHE_RSA_WITH_AES_256_CBC_SHA, TLS_DHE_DSS_WITH_AES_256_CBC_SHA, TLS_ECDHE_ECDSA_WITH_AES_128_CBC_SHA256, TLS_ECDHE_RSA_WITH_AES_128_CBC_SHA256, TLS_RSA_WITH_AES_128_CBC_SHA256, TLS_ECDH_ECDSA_WITH_AES_128_CBC_SHA256, TLS_ECDH_RSA_WITH_AES_128_CBC_SHA256, TLS_DHE_RSA_WITH_AES_128_CBC_SHA256, TLS_DHE_DSS_WITH_AES_128_CBC_SHA256, TLS_ECDHE_ECDSA_WITH_AES_128_CBC_SHA, TLS_ECDHE_RSA_WITH_AES_128_CBC_SHA, TLS_RSA_WITH_AES_128_CBC_SHA, TLS_ECDH_ECDSA_WITH_AES_128_CBC_SHA, TLS_ECDH_RSA_WITH_AES_128_CBC_SHA, TLS_DHE_RSA_WITH_AES_128_CBC_SHA, TLS_DHE_DSS_WITH_AES_128_CBC_SHA, TLS_ECDHE_ECDSA_WITH_AES_256_GCM_SHA384, TLS_ECDHE_ECDSA_WITH_AES_128_GCM_SHA256, TLS_ECDHE_RSA_WITH_AES_256_GCM_SHA384, TLS_RSA_WITH_AES_256_GCM_SHA384, TLS_ECDH_ECDSA_WITH_AES_256_GCM_SHA384, TLS_ECDH_RSA_WITH_AES_256_GCM_SHA384, TLS_DHE_RSA_WITH_AES_256_GCM_SHA384, TLS_DHE_DSS_WITH_AES_256_GCM_SHA384, TLS_ECDHE_RSA_WITH_AES_128_GCM_SHA256, TLS_RSA_WITH_AES_128_GCM_SHA256, TLS_ECDH_ECDSA_WITH_AES_128_GCM_SHA256, TLS_ECDH_RSA_WITH_AES_128_GCM_SHA256, TLS_DHE_RSA_WITH_AES_128_GCM_SHA256, TLS_DHE_DSS_WITH_AES_128_GCM_SHA256, TLS_EMPTY_RENEGOTIATION_INFO_SCSV]
16:03:44.547 [ForkJoinPool-1-worker-0] DEBUG org.apache.http.conn.ssl.SSLConnectionSocketFactory - Starting handshake
16:03:44.593 [ForkJoinPool-1-worker-0] DEBUG org.apache.http.conn.ssl.SSLConnectionSocketFactory - Secure session established
16:03:44.593 [ForkJoinPool-1-worker-0] DEBUG org.apache.http.conn.ssl.SSLConnectionSocketFactory -  negotiated protocol: TLSv1.2
16:03:44.593 [ForkJoinPool-1-worker-0] DEBUG org.apache.http.conn.ssl.SSLConnectionSocketFactory -  negotiated cipher suite: TLS_ECDHE_RSA_WITH_AES_128_GCM_SHA256
16:03:44.593 [ForkJoinPool-1-worker-0] DEBUG org.apache.http.conn.ssl.SSLConnectionSocketFactory -  peer principal: CN=*.w3schools.com, OU=IT, O="Verizon Digital Media Services, Inc.", L=Los Angeles, ST=California, C=US
16:03:44.593 [ForkJoinPool-1-worker-0] DEBUG org.apache.http.conn.ssl.SSLConnectionSocketFactory -  peer alternative names: [*.w3schools.com, w3schools.com]
16:03:44.593 [ForkJoinPool-1-worker-0] DEBUG org.apache.http.conn.ssl.SSLConnectionSocketFactory -  issuer principal: CN=DigiCert SHA2 Secure Server CA, O=DigiCert Inc, C=US
16:03:44.593 [ForkJoinPool-1-worker-0] DEBUG org.apache.http.impl.conn.DefaultHttpClientConnectionOperator - Connection established 192.168.1.53:62833<->192.229.179.87:443
16:03:44.593 [ForkJoinPool-1-worker-0] DEBUG org.apache.http.impl.conn.DefaultManagedHttpClientConnection - http-outgoing-11: set socket timeout to 5000
16:03:44.593 [ForkJoinPool-1-worker-0] DEBUG org.apache.http.impl.execchain.MainClientExec - Executing request POST /xml/tempconvert.asmx/CelsiusToFahrenheit HTTP/1.1
16:03:44.593 [ForkJoinPool-1-worker-0] DEBUG org.apache.http.impl.execchain.MainClientExec - Target auth state: UNCHALLENGED
16:03:44.593 [ForkJoinPool-1-worker-0] DEBUG org.apache.http.impl.execchain.MainClientExec - Proxy auth state: UNCHALLENGED
16:03:44.593 [ForkJoinPool-1-worker-0] DEBUG org.apache.http.headers - http-outgoing-11 >> POST /xml/tempconvert.asmx/CelsiusToFahrenheit HTTP/1.1
16:03:44.593 [ForkJoinPool-1-worker-0] DEBUG org.apache.http.headers - http-outgoing-11 >> Content-Type: application/x-www-form-urlencoded; charset=UTF-8
16:03:44.593 [ForkJoinPool-1-worker-0] DEBUG org.apache.http.headers - http-outgoing-11 >> Content-Length: 10
16:03:44.593 [ForkJoinPool-1-worker-0] DEBUG org.apache.http.headers - http-outgoing-11 >> Host: www.w3schools.com
16:03:44.593 [ForkJoinPool-1-worker-0] DEBUG org.apache.http.headers - http-outgoing-11 >> Connection: Keep-Alive
16:03:44.593 [ForkJoinPool-1-worker-0] DEBUG org.apache.http.headers - http-outgoing-11 >> User-Agent: Apache-HttpClient/4.5.12 (Java/1.8.0_251)
16:03:44.593 [ForkJoinPool-1-worker-0] DEBUG org.apache.http.headers - http-outgoing-11 >> Accept-Encoding: gzip,deflate
16:03:44.593 [ForkJoinPool-1-worker-0] DEBUG org.apache.http.wire - http-outgoing-11 >> "POST /xml/tempconvert.asmx/CelsiusToFahrenheit HTTP/1.1[\r][\n]"
16:03:44.593 [ForkJoinPool-1-worker-0] DEBUG org.apache.http.wire - http-outgoing-11 >> "Content-Type: application/x-www-form-urlencoded; charset=UTF-8[\r][\n]"
16:03:44.593 [ForkJoinPool-1-worker-0] DEBUG org.apache.http.wire - http-outgoing-11 >> "Content-Length: 10[\r][\n]"
16:03:44.593 [ForkJoinPool-1-worker-0] DEBUG org.apache.http.wire - http-outgoing-11 >> "Host: www.w3schools.com[\r][\n]"
16:03:44.593 [ForkJoinPool-1-worker-0] DEBUG org.apache.http.wire - http-outgoing-11 >> "Connection: Keep-Alive[\r][\n]"
16:03:44.593 [ForkJoinPool-1-worker-0] DEBUG org.apache.http.wire - http-outgoing-11 >> "User-Agent: Apache-HttpClient/4.5.12 (Java/1.8.0_251)[\r][\n]"
16:03:44.609 [ForkJoinPool-1-worker-0] DEBUG org.apache.http.wire - http-outgoing-11 >> "Accept-Encoding: gzip,deflate[\r][\n]"
16:03:44.609 [ForkJoinPool-1-worker-0] DEBUG org.apache.http.wire - http-outgoing-11 >> "[\r][\n]"
16:03:44.609 [ForkJoinPool-1-worker-0] DEBUG org.apache.http.wire - http-outgoing-11 >> "Celsius=37"
16:03:44.749 [ForkJoinPool-1-worker-1] DEBUG org.apache.http.wire - http-outgoing-8 << "HTTP/1.1 200 OK[\r][\n]"
16:03:44.749 [ForkJoinPool-1-worker-1] DEBUG org.apache.http.wire - http-outgoing-8 << "Cache-Control: no-cache, private, max-age=31536000[\r][\n]"
16:03:44.749 [ForkJoinPool-1-worker-1] DEBUG org.apache.http.wire - http-outgoing-8 << "Content-Type: application/json[\r][\n]"
16:03:44.749 [ForkJoinPool-1-worker-1] DEBUG org.apache.http.wire - http-outgoing-8 << "Date: Fri, 05 Feb 2021 10:33:44 GMT[\r][\n]"
16:03:44.749 [ForkJoinPool-1-worker-1] DEBUG org.apache.http.wire - http-outgoing-8 << "Display: staticcontent_sol[\r][\n]"
16:03:44.749 [ForkJoinPool-1-worker-1] DEBUG org.apache.http.wire - http-outgoing-8 << "Expires: Sat, 05 Feb 2022 10:33:44 GMT[\r][\n]"
16:03:44.749 [ForkJoinPool-1-worker-1] DEBUG org.apache.http.wire - http-outgoing-8 << "Host-Header: c2hhcmVkLmJsdWVob3N0LmNvbQ==[\r][\n]"
16:03:44.749 [ForkJoinPool-1-worker-1] DEBUG org.apache.http.wire - http-outgoing-8 << "Referrer-Policy: [\r][\n]"
16:03:44.749 [ForkJoinPool-1-worker-1] DEBUG org.apache.http.wire - http-outgoing-8 << "Response: 200[\r][\n]"
16:03:44.749 [ForkJoinPool-1-worker-1] DEBUG org.apache.http.wire - http-outgoing-8 << "Server: nginx/1.16.0[\r][\n]"
16:03:44.749 [ForkJoinPool-1-worker-1] DEBUG org.apache.http.wire - http-outgoing-8 << "Vary: Accept-Encoding[\r][\n]"
16:03:44.749 [ForkJoinPool-1-worker-1] DEBUG org.apache.http.wire - http-outgoing-8 << "Vary: Accept-Encoding,Origin[\r][\n]"
16:03:44.749 [ForkJoinPool-1-worker-1] DEBUG org.apache.http.wire - http-outgoing-8 << "X-Ezoic-Cdn: Miss[\r][\n]"
16:03:44.749 [ForkJoinPool-1-worker-1] DEBUG org.apache.http.wire - http-outgoing-8 << "X-Middleton-Display: staticcontent_sol[\r][\n]"
16:03:44.749 [ForkJoinPool-1-worker-1] DEBUG org.apache.http.wire - http-outgoing-8 << "X-Middleton-Response: 200[\r][\n]"
16:03:44.749 [ForkJoinPool-1-worker-1] DEBUG org.apache.http.wire - http-outgoing-8 << "X-Ratelimit-Limit: 60[\r][\n]"
16:03:44.749 [ForkJoinPool-1-worker-1] DEBUG org.apache.http.wire - http-outgoing-8 << "X-Ratelimit-Remaining: 58[\r][\n]"
16:03:44.749 [ForkJoinPool-1-worker-1] DEBUG org.apache.http.wire - http-outgoing-8 << "X-Sol: pub_site[\r][\n]"
16:03:44.749 [ForkJoinPool-1-worker-1] DEBUG org.apache.http.wire - http-outgoing-8 << "Content-Length: 134[\r][\n]"
16:03:44.749 [ForkJoinPool-1-worker-1] DEBUG org.apache.http.wire - http-outgoing-8 << "[\r][\n]"
16:03:44.749 [ForkJoinPool-1-worker-1] DEBUG org.apache.http.wire - http-outgoing-8 << "{"status":"success","data":{"name":"Dhanaraju","salary":"1234","age":"25","id":6245},"message":"Successfully! Record has been added."}"
16:03:44.749 [ForkJoinPool-1-worker-1] DEBUG org.apache.http.headers - http-outgoing-8 << HTTP/1.1 200 OK
16:03:44.749 [ForkJoinPool-1-worker-1] DEBUG org.apache.http.headers - http-outgoing-8 << Cache-Control: no-cache, private, max-age=31536000
16:03:44.749 [ForkJoinPool-1-worker-1] DEBUG org.apache.http.headers - http-outgoing-8 << Content-Type: application/json
16:03:44.749 [ForkJoinPool-1-worker-1] DEBUG org.apache.http.headers - http-outgoing-8 << Date: Fri, 05 Feb 2021 10:33:44 GMT
16:03:44.749 [ForkJoinPool-1-worker-1] DEBUG org.apache.http.headers - http-outgoing-8 << Display: staticcontent_sol
16:03:44.749 [ForkJoinPool-1-worker-1] DEBUG org.apache.http.headers - http-outgoing-8 << Expires: Sat, 05 Feb 2022 10:33:44 GMT
16:03:44.749 [ForkJoinPool-1-worker-1] DEBUG org.apache.http.headers - http-outgoing-8 << Host-Header: c2hhcmVkLmJsdWVob3N0LmNvbQ==
16:03:44.749 [ForkJoinPool-1-worker-1] DEBUG org.apache.http.headers - http-outgoing-8 << Referrer-Policy: 
16:03:44.749 [ForkJoinPool-1-worker-1] DEBUG org.apache.http.headers - http-outgoing-8 << Response: 200
16:03:44.749 [ForkJoinPool-1-worker-1] DEBUG org.apache.http.headers - http-outgoing-8 << Server: nginx/1.16.0
16:03:44.749 [ForkJoinPool-1-worker-1] DEBUG org.apache.http.headers - http-outgoing-8 << Vary: Accept-Encoding
16:03:44.749 [ForkJoinPool-1-worker-1] DEBUG org.apache.http.headers - http-outgoing-8 << Vary: Accept-Encoding,Origin
16:03:44.749 [ForkJoinPool-1-worker-1] DEBUG org.apache.http.headers - http-outgoing-8 << X-Ezoic-Cdn: Miss
16:03:44.749 [ForkJoinPool-1-worker-1] DEBUG org.apache.http.headers - http-outgoing-8 << X-Middleton-Display: staticcontent_sol
16:03:44.749 [ForkJoinPool-1-worker-1] DEBUG org.apache.http.headers - http-outgoing-8 << X-Middleton-Response: 200
16:03:44.749 [ForkJoinPool-1-worker-1] DEBUG org.apache.http.headers - http-outgoing-8 << X-Ratelimit-Limit: 60
16:03:44.749 [ForkJoinPool-1-worker-1] DEBUG org.apache.http.headers - http-outgoing-8 << X-Ratelimit-Remaining: 58
16:03:44.749 [ForkJoinPool-1-worker-1] DEBUG org.apache.http.headers - http-outgoing-8 << X-Sol: pub_site
16:03:44.749 [ForkJoinPool-1-worker-1] DEBUG org.apache.http.headers - http-outgoing-8 << Content-Length: 134
16:03:44.749 [ForkJoinPool-1-worker-1] DEBUG org.apache.http.impl.execchain.MainClientExec - Connection can be kept alive indefinitely
16:03:44.749 [ForkJoinPool-1-worker-1] DEBUG org.apache.http.impl.conn.PoolingHttpClientConnectionManager - Connection [id: 8][route: {}->http://dummy.restapiexample.com:80] can be kept alive indefinitely
16:03:44.749 [ForkJoinPool-1-worker-1] DEBUG org.apache.http.impl.conn.DefaultManagedHttpClientConnection - http-outgoing-8: set socket timeout to 0
16:03:44.749 [ForkJoinPool-1-worker-1] DEBUG org.apache.http.impl.conn.PoolingHttpClientConnectionManager - Connection released: [id: 8][route: {}->http://dummy.restapiexample.com:80][total available: 1; route allocated: 1 of 5; total allocated: 1 of 10]
16:03:44.749 [ForkJoinPool-1-worker-1] DEBUG com.intuit.karate - response time in milliseconds: 1001.92
1 < 200
1 < Cache-Control: no-cache, private, max-age=31536000
1 < Content-Length: 134
1 < Content-Type: application/json
1 < Date: Fri, 05 Feb 2021 10:33:44 GMT
1 < Display: staticcontent_sol
1 < Expires: Sat, 05 Feb 2022 10:33:44 GMT
1 < Host-Header: c2hhcmVkLmJsdWVob3N0LmNvbQ==
1 < Referrer-Policy: 
1 < Response: 200
1 < Server: nginx/1.16.0
1 < Vary: [Accept-Encoding, Accept-Encoding,Origin]
1 < X-Ezoic-Cdn: Miss
1 < X-Middleton-Display: staticcontent_sol
1 < X-Middleton-Response: 200
1 < X-Ratelimit-Limit: 60
1 < X-Ratelimit-Remaining: 58
1 < X-Sol: pub_site
{"status":"success","data":{"name":"Dhanaraju","salary":"1234","age":"25","id":6245},"message":"Successfully! Record has been added."}

16:03:44.749 [ForkJoinPool-1-worker-1] DEBUG com.jayway.jsonpath.internal.path.CompiledPath - Evaluating path: $
16:03:44.749 [ForkJoinPool-1-worker-1] INFO com.intuit.karate - [print] {
  "data": {
    "name": "Dhanaraju",
    "id": 6245,
    "salary": "1234",
    "age": "25"
  },
  "message": "Successfully! Record has been added.",
  "status": "success"
}

16:03:44.749 [ForkJoinPool-1-worker-1] DEBUG com.jayway.jsonpath.internal.path.CompiledPath - Evaluating path: $
16:03:44.749 [ForkJoinPool-1-worker-1] INFO com.intuit.karate - [print] 6245
16:03:44.749 [ForkJoinPool-1-worker-1] DEBUG org.apache.http.client.protocol.RequestAddCookies - CookieSpec selected: karate
16:03:44.749 [ForkJoinPool-1-worker-1] DEBUG org.apache.http.client.protocol.RequestAuthCache - Auth cache not set in the context
16:03:44.749 [ForkJoinPool-1-worker-1] DEBUG com.intuit.karate - request:
2 > GET http://dummy.restapiexample.com/api/v1/employee/6245
2 > Accept-Encoding: gzip,deflate
2 > Connection: Keep-Alive
2 > Host: dummy.restapiexample.com
2 > User-Agent: Apache-HttpClient/4.5.12 (Java/1.8.0_251)

16:03:44.749 [ForkJoinPool-1-worker-1] DEBUG org.apache.http.impl.conn.PoolingHttpClientConnectionManager - Connection request: [route: {}->http://dummy.restapiexample.com:80][total available: 0; route allocated: 0 of 5; total allocated: 0 of 10]
16:03:44.749 [ForkJoinPool-1-worker-1] DEBUG org.apache.http.impl.conn.PoolingHttpClientConnectionManager - Connection leased: [id: 12][route: {}->http://dummy.restapiexample.com:80][total available: 0; route allocated: 1 of 5; total allocated: 1 of 10]
16:03:44.749 [ForkJoinPool-1-worker-1] DEBUG org.apache.http.impl.execchain.MainClientExec - Opening connection {}->http://dummy.restapiexample.com:80
16:03:44.749 [ForkJoinPool-1-worker-1] DEBUG org.apache.http.impl.conn.DefaultHttpClientConnectionOperator - Connecting to dummy.restapiexample.com/3.6.18.84:80
16:03:44.781 [ForkJoinPool-1-worker-1] DEBUG org.apache.http.impl.conn.DefaultHttpClientConnectionOperator - Connection established 192.168.1.53:62834<->3.6.18.84:80
16:03:44.781 [ForkJoinPool-1-worker-1] DEBUG org.apache.http.impl.conn.DefaultManagedHttpClientConnection - http-outgoing-12: set socket timeout to 5000
16:03:44.781 [ForkJoinPool-1-worker-1] DEBUG org.apache.http.impl.execchain.MainClientExec - Executing request GET /api/v1/employee/6245 HTTP/1.1
16:03:44.781 [ForkJoinPool-1-worker-1] DEBUG org.apache.http.impl.execchain.MainClientExec - Target auth state: UNCHALLENGED
16:03:44.781 [ForkJoinPool-1-worker-1] DEBUG org.apache.http.impl.execchain.MainClientExec - Proxy auth state: UNCHALLENGED
16:03:44.781 [ForkJoinPool-1-worker-1] DEBUG org.apache.http.headers - http-outgoing-12 >> GET /api/v1/employee/6245 HTTP/1.1
16:03:44.781 [ForkJoinPool-1-worker-1] DEBUG org.apache.http.headers - http-outgoing-12 >> Host: dummy.restapiexample.com
16:03:44.781 [ForkJoinPool-1-worker-1] DEBUG org.apache.http.headers - http-outgoing-12 >> Connection: Keep-Alive
16:03:44.781 [ForkJoinPool-1-worker-1] DEBUG org.apache.http.headers - http-outgoing-12 >> User-Agent: Apache-HttpClient/4.5.12 (Java/1.8.0_251)
16:03:44.781 [ForkJoinPool-1-worker-1] DEBUG org.apache.http.headers - http-outgoing-12 >> Accept-Encoding: gzip,deflate
16:03:44.781 [ForkJoinPool-1-worker-1] DEBUG org.apache.http.wire - http-outgoing-12 >> "GET /api/v1/employee/6245 HTTP/1.1[\r][\n]"
16:03:44.781 [ForkJoinPool-1-worker-1] DEBUG org.apache.http.wire - http-outgoing-12 >> "Host: dummy.restapiexample.com[\r][\n]"
16:03:44.781 [ForkJoinPool-1-worker-1] DEBUG org.apache.http.wire - http-outgoing-12 >> "Connection: Keep-Alive[\r][\n]"
16:03:44.781 [ForkJoinPool-1-worker-1] DEBUG org.apache.http.wire - http-outgoing-12 >> "User-Agent: Apache-HttpClient/4.5.12 (Java/1.8.0_251)[\r][\n]"
16:03:44.781 [ForkJoinPool-1-worker-1] DEBUG org.apache.http.wire - http-outgoing-12 >> "Accept-Encoding: gzip,deflate[\r][\n]"
16:03:44.781 [ForkJoinPool-1-worker-1] DEBUG org.apache.http.wire - http-outgoing-12 >> "[\r][\n]"
16:03:44.858 [ForkJoinPool-1-worker-0] DEBUG org.apache.http.wire - http-outgoing-11 << "HTTP/1.1 200 OK[\r][\n]"
16:03:44.858 [ForkJoinPool-1-worker-0] DEBUG org.apache.http.wire - http-outgoing-11 << "Content-Encoding: gzip[\r][\n]"
16:03:44.858 [ForkJoinPool-1-worker-0] DEBUG org.apache.http.wire - http-outgoing-11 << "Cache-Control: private, max-age=0,public[\r][\n]"
16:03:44.858 [ForkJoinPool-1-worker-0] DEBUG org.apache.http.wire - http-outgoing-11 << "Content-Type: text/xml; charset=utf-8[\r][\n]"
16:03:44.858 [ForkJoinPool-1-worker-0] DEBUG org.apache.http.wire - http-outgoing-11 << "Date: Fri, 05 Feb 2021 10:25:33 GMT[\r][\n]"
16:03:44.858 [ForkJoinPool-1-worker-0] DEBUG org.apache.http.wire - http-outgoing-11 << "Server: Microsoft-IIS/7.5[\r][\n]"
16:03:44.858 [ForkJoinPool-1-worker-0] DEBUG org.apache.http.wire - http-outgoing-11 << "Vary: Accept-Encoding[\r][\n]"
16:03:44.858 [ForkJoinPool-1-worker-0] DEBUG org.apache.http.wire - http-outgoing-11 << "X-AspNet-Version: 4.0.30319[\r][\n]"
16:03:44.858 [ForkJoinPool-1-worker-0] DEBUG org.apache.http.wire - http-outgoing-11 << "X-Frame-Options: SAMEORIGIN[\r][\n]"
16:03:44.858 [ForkJoinPool-1-worker-0] DEBUG org.apache.http.wire - http-outgoing-11 << "X-Powered-By: ASP.NET[\r][\n]"
16:03:44.858 [ForkJoinPool-1-worker-0] DEBUG org.apache.http.wire - http-outgoing-11 << "Content-Length: 208[\r][\n]"
16:03:44.858 [ForkJoinPool-1-worker-0] DEBUG org.apache.http.wire - http-outgoing-11 << "[\r][\n]"
16:03:44.858 [ForkJoinPool-1-worker-0] DEBUG org.apache.http.headers - http-outgoing-11 << HTTP/1.1 200 OK
16:03:44.858 [ForkJoinPool-1-worker-0] DEBUG org.apache.http.headers - http-outgoing-11 << Content-Encoding: gzip
16:03:44.858 [ForkJoinPool-1-worker-0] DEBUG org.apache.http.headers - http-outgoing-11 << Cache-Control: private, max-age=0,public
16:03:44.858 [ForkJoinPool-1-worker-0] DEBUG org.apache.http.headers - http-outgoing-11 << Content-Type: text/xml; charset=utf-8
16:03:44.858 [ForkJoinPool-1-worker-0] DEBUG org.apache.http.headers - http-outgoing-11 << Date: Fri, 05 Feb 2021 10:25:33 GMT
16:03:44.858 [ForkJoinPool-1-worker-0] DEBUG org.apache.http.headers - http-outgoing-11 << Server: Microsoft-IIS/7.5
16:03:44.858 [ForkJoinPool-1-worker-0] DEBUG org.apache.http.headers - http-outgoing-11 << Vary: Accept-Encoding
16:03:44.858 [ForkJoinPool-1-worker-0] DEBUG org.apache.http.headers - http-outgoing-11 << X-AspNet-Version: 4.0.30319
16:03:44.858 [ForkJoinPool-1-worker-0] DEBUG org.apache.http.headers - http-outgoing-11 << X-Frame-Options: SAMEORIGIN
16:03:44.858 [ForkJoinPool-1-worker-0] DEBUG org.apache.http.headers - http-outgoing-11 << X-Powered-By: ASP.NET
16:03:44.858 [ForkJoinPool-1-worker-0] DEBUG org.apache.http.headers - http-outgoing-11 << Content-Length: 208
16:03:44.858 [ForkJoinPool-1-worker-0] DEBUG org.apache.http.impl.execchain.MainClientExec - Connection can be kept alive indefinitely
16:03:44.859 [ForkJoinPool-1-worker-0] DEBUG org.apache.http.wire - http-outgoing-11 << "[0x1f][0x8b][0x8][0x0][0x0][0x0][0x0][0x0][0x4][0x0][0xed][0xbd][0x7]`[0x1c]I[0x96]%&/m[0xca]{]]>&#x7f;<![CDATA[J[0xf5]J[0xd7][0xe0]t[0xa1][0x8][0x80]`[0x13]$[0xd8][0x90]@[0x10][0xec][0xc1][0x88][0xcd][0xe6][0x92][0xec][0x1d]iG#)[0xab]*[0x81][0xca]eVe]f[0x16]@[0xcc][0xed][0x9d][0xbc][0xf7][0xde]{[0xef][0xbd][0xf7][0xde]{[0xef][0xbd][0xf7][0xba];[0x9d]N'[0xf7][0xdf][0xff]?\fd[0x1]l[0xf6][0xce]J[0xda][0xc9][0x9e]![0x80][0xaa][0xc8][0x1f]?~|[0x1f]?"[0x1e][0xff][0x1e][0xef][0x16]ez[0x99][0xd7]MQ-?[0xfb]hw[0xbc][0xf3]Q[0x9a]/[0xa7][0xd5][0xac]X^|[0xf6][0xd1][0xba]=[0xdf]>[0xf8][0xe8][0xf7]8[0xfa][0x8d][0x93][0xc7]M[[0xd3]G)[0xb5]^6[0x9f]}4o[0xdb]U[0xf3][0xe8][0xee][0xdd][0xab][0xab][0xab][0xf1][0xd5][0xbd]f:[0xaf][0xaa][0xb2][0x19]O[0xab][0xc5]]jp[0xf7][0xa3][0xa3][0x87][0x7][0xe3]O[0x1f][0xdf][0x95]w[0x8e][0xfe][0x1f]O![0x80]Ed[0x0][0x0][0x0]"
16:03:44.859 [ForkJoinPool-1-worker-0] DEBUG org.apache.http.impl.conn.PoolingHttpClientConnectionManager - Connection [id: 11][route: {s}->https://www.w3schools.com:443] can be kept alive indefinitely
16:03:44.859 [ForkJoinPool-1-worker-0] DEBUG org.apache.http.impl.conn.DefaultManagedHttpClientConnection - http-outgoing-11: set socket timeout to 0
16:03:44.859 [ForkJoinPool-1-worker-0] DEBUG org.apache.http.impl.conn.PoolingHttpClientConnectionManager - Connection released: [id: 11][route: {s}->https://www.w3schools.com:443][total available: 1; route allocated: 1 of 5; total allocated: 1 of 10]
16:03:44.859 [ForkJoinPool-1-worker-0] DEBUG com.intuit.karate - response time in milliseconds: 324.28
1 < 200
1 < Cache-Control: private, max-age=0,public
1 < Content-Type: text/xml; charset=utf-8
1 < Date: Fri, 05 Feb 2021 10:25:33 GMT
1 < Server: Microsoft-IIS/7.5
1 < Vary: Accept-Encoding
1 < X-AspNet-Version: 4.0.30319
1 < X-Frame-Options: SAMEORIGIN
1 < X-Powered-By: ASP.NET
<?xml version="1.0" encoding="utf-8"?>
<string xmlns="https://www.w3schools.com/xml/">98.6</string>

16:03:44.860 [ForkJoinPool-1-worker-0] DEBUG com.jayway.jsonpath.internal.path.CompiledPath - Evaluating path: $
16:03:44.860 [ForkJoinPool-1-worker-0] INFO com.intuit.karate - [print] {
  "Cache-Control": [
    "private, max-age=0,public"
  ],
  "Content-Type": [
    "text/xml; charset=utf-8"
  ],
  "Date": [
    "Fri, 05 Feb 2021 10:25:33 GMT"
  ],
  "Server": [
    "Microsoft-IIS/7.5"
  ],
  "Vary": [
    "Accept-Encoding"
  ],
  "X-AspNet-Version": [
    "4.0.30319"
  ],
  "X-Frame-Options": [
    "SAMEORIGIN"
  ],
  "X-Powered-By": [
    "ASP.NET"
  ]
}

16:03:44.860 [ForkJoinPool-1-worker-0] INFO com.intuit.karate - [print] xml
16:03:44.860 [ForkJoinPool-1-worker-0] INFO com.intuit.karate - [print] 324
16:03:44.860 [ForkJoinPool-1-worker-0] INFO com.intuit.karate - [print] <string xmlns="https://www.w3schools.com/xml/">98.6</string>

16:03:44.860 [ForkJoinPool-1-worker-0] DEBUG com.jayway.jsonpath.internal.path.CompiledPath - Evaluating path: $
16:03:44.860 [ForkJoinPool-1-worker-0] DEBUG com.jayway.jsonpath.internal.path.CompiledPath - Evaluating path: $["X-Powered-By"]
16:03:44.860 [ForkJoinPool-1-worker-0] DEBUG com.jayway.jsonpath.internal.path.CompiledPath - Evaluating path: $
16:03:44.860 [ForkJoinPool-1-worker-0] DEBUG com.jayway.jsonpath.internal.path.CompiledPath - Evaluating path: $["X-AspNet-Version"][0]
16:03:44.860 [ForkJoinPool-1-worker-0] INFO com.intuit.karate - after scenario inside config 
16:03:44.860 [ForkJoinPool-1-worker-0] DEBUG org.apache.http.client.protocol.RequestAddCookies - CookieSpec selected: karate
16:03:44.860 [ForkJoinPool-1-worker-0] DEBUG org.apache.http.client.protocol.RequestAuthCache - Auth cache not set in the context
16:03:44.860 [ForkJoinPool-1-worker-0] DEBUG com.intuit.karate - request:
1 > POST https://www.w3schools.com/xml/tempconvert.asmx/CelsiusToFahrenheit
1 > Accept-Encoding: gzip,deflate
1 > Connection: Keep-Alive
1 > Content-Length: 10
1 > Content-Type: application/x-www-form-urlencoded; charset=UTF-8
1 > Host: www.w3schools.com
1 > User-Agent: Apache-HttpClient/4.5.12 (Java/1.8.0_251)
Celsius=40

16:03:44.860 [ForkJoinPool-1-worker-0] DEBUG org.apache.http.impl.conn.PoolingHttpClientConnectionManager - Connection request: [route: {s}->https://www.w3schools.com:443][total available: 0; route allocated: 0 of 5; total allocated: 0 of 10]
16:03:44.860 [ForkJoinPool-1-worker-0] DEBUG org.apache.http.impl.conn.PoolingHttpClientConnectionManager - Connection leased: [id: 13][route: {s}->https://www.w3schools.com:443][total available: 0; route allocated: 1 of 5; total allocated: 1 of 10]
16:03:44.860 [ForkJoinPool-1-worker-0] DEBUG org.apache.http.impl.execchain.MainClientExec - Opening connection {s}->https://www.w3schools.com:443
16:03:44.860 [ForkJoinPool-1-worker-0] DEBUG org.apache.http.impl.conn.DefaultHttpClientConnectionOperator - Connecting to www.w3schools.com/192.229.179.87:443
16:03:44.860 [ForkJoinPool-1-worker-0] DEBUG org.apache.http.conn.ssl.SSLConnectionSocketFactory - Connecting socket to www.w3schools.com/192.229.179.87:443 with timeout 5000
16:03:44.876 [ForkJoinPool-1-worker-0] DEBUG org.apache.http.conn.ssl.SSLConnectionSocketFactory - Enabled protocols: [TLSv1, TLSv1.1, TLSv1.2]
16:03:44.876 [ForkJoinPool-1-worker-0] DEBUG org.apache.http.conn.ssl.SSLConnectionSocketFactory - Enabled cipher suites:[TLS_ECDHE_ECDSA_WITH_AES_256_CBC_SHA384, TLS_ECDHE_RSA_WITH_AES_256_CBC_SHA384, TLS_RSA_WITH_AES_256_CBC_SHA256, TLS_ECDH_ECDSA_WITH_AES_256_CBC_SHA384, TLS_ECDH_RSA_WITH_AES_256_CBC_SHA384, TLS_DHE_RSA_WITH_AES_256_CBC_SHA256, TLS_DHE_DSS_WITH_AES_256_CBC_SHA256, TLS_ECDHE_ECDSA_WITH_AES_256_CBC_SHA, TLS_ECDHE_RSA_WITH_AES_256_CBC_SHA, TLS_RSA_WITH_AES_256_CBC_SHA, TLS_ECDH_ECDSA_WITH_AES_256_CBC_SHA, TLS_ECDH_RSA_WITH_AES_256_CBC_SHA, TLS_DHE_RSA_WITH_AES_256_CBC_SHA, TLS_DHE_DSS_WITH_AES_256_CBC_SHA, TLS_ECDHE_ECDSA_WITH_AES_128_CBC_SHA256, TLS_ECDHE_RSA_WITH_AES_128_CBC_SHA256, TLS_RSA_WITH_AES_128_CBC_SHA256, TLS_ECDH_ECDSA_WITH_AES_128_CBC_SHA256, TLS_ECDH_RSA_WITH_AES_128_CBC_SHA256, TLS_DHE_RSA_WITH_AES_128_CBC_SHA256, TLS_DHE_DSS_WITH_AES_128_CBC_SHA256, TLS_ECDHE_ECDSA_WITH_AES_128_CBC_SHA, TLS_ECDHE_RSA_WITH_AES_128_CBC_SHA, TLS_RSA_WITH_AES_128_CBC_SHA, TLS_ECDH_ECDSA_WITH_AES_128_CBC_SHA, TLS_ECDH_RSA_WITH_AES_128_CBC_SHA, TLS_DHE_RSA_WITH_AES_128_CBC_SHA, TLS_DHE_DSS_WITH_AES_128_CBC_SHA, TLS_ECDHE_ECDSA_WITH_AES_256_GCM_SHA384, TLS_ECDHE_ECDSA_WITH_AES_128_GCM_SHA256, TLS_ECDHE_RSA_WITH_AES_256_GCM_SHA384, TLS_RSA_WITH_AES_256_GCM_SHA384, TLS_ECDH_ECDSA_WITH_AES_256_GCM_SHA384, TLS_ECDH_RSA_WITH_AES_256_GCM_SHA384, TLS_DHE_RSA_WITH_AES_256_GCM_SHA384, TLS_DHE_DSS_WITH_AES_256_GCM_SHA384, TLS_ECDHE_RSA_WITH_AES_128_GCM_SHA256, TLS_RSA_WITH_AES_128_GCM_SHA256, TLS_ECDH_ECDSA_WITH_AES_128_GCM_SHA256, TLS_ECDH_RSA_WITH_AES_128_GCM_SHA256, TLS_DHE_RSA_WITH_AES_128_GCM_SHA256, TLS_DHE_DSS_WITH_AES_128_GCM_SHA256, TLS_EMPTY_RENEGOTIATION_INFO_SCSV]
16:03:44.876 [ForkJoinPool-1-worker-0] DEBUG org.apache.http.conn.ssl.SSLConnectionSocketFactory - Starting handshake
16:03:44.906 [ForkJoinPool-1-worker-0] DEBUG org.apache.http.conn.ssl.SSLConnectionSocketFactory - Secure session established
16:03:44.906 [ForkJoinPool-1-worker-0] DEBUG org.apache.http.conn.ssl.SSLConnectionSocketFactory -  negotiated protocol: TLSv1.2
16:03:44.906 [ForkJoinPool-1-worker-0] DEBUG org.apache.http.conn.ssl.SSLConnectionSocketFactory -  negotiated cipher suite: TLS_ECDHE_RSA_WITH_AES_128_GCM_SHA256
16:03:44.906 [ForkJoinPool-1-worker-0] DEBUG org.apache.http.conn.ssl.SSLConnectionSocketFactory -  peer principal: CN=*.w3schools.com, OU=IT, O="Verizon Digital Media Services, Inc.", L=Los Angeles, ST=California, C=US
16:03:44.906 [ForkJoinPool-1-worker-0] DEBUG org.apache.http.conn.ssl.SSLConnectionSocketFactory -  peer alternative names: [*.w3schools.com, w3schools.com]
16:03:44.906 [ForkJoinPool-1-worker-0] DEBUG org.apache.http.conn.ssl.SSLConnectionSocketFactory -  issuer principal: CN=DigiCert SHA2 Secure Server CA, O=DigiCert Inc, C=US
16:03:44.906 [ForkJoinPool-1-worker-0] DEBUG org.apache.http.impl.conn.DefaultHttpClientConnectionOperator - Connection established 192.168.1.53:62835<->192.229.179.87:443
16:03:44.906 [ForkJoinPool-1-worker-0] DEBUG org.apache.http.impl.conn.DefaultManagedHttpClientConnection - http-outgoing-13: set socket timeout to 5000
16:03:44.906 [ForkJoinPool-1-worker-0] DEBUG org.apache.http.impl.execchain.MainClientExec - Executing request POST /xml/tempconvert.asmx/CelsiusToFahrenheit HTTP/1.1
16:03:44.906 [ForkJoinPool-1-worker-0] DEBUG org.apache.http.impl.execchain.MainClientExec - Target auth state: UNCHALLENGED
16:03:44.906 [ForkJoinPool-1-worker-0] DEBUG org.apache.http.impl.execchain.MainClientExec - Proxy auth state: UNCHALLENGED
16:03:44.906 [ForkJoinPool-1-worker-0] DEBUG org.apache.http.headers - http-outgoing-13 >> POST /xml/tempconvert.asmx/CelsiusToFahrenheit HTTP/1.1
16:03:44.906 [ForkJoinPool-1-worker-0] DEBUG org.apache.http.headers - http-outgoing-13 >> Content-Type: application/x-www-form-urlencoded; charset=UTF-8
16:03:44.906 [ForkJoinPool-1-worker-0] DEBUG org.apache.http.headers - http-outgoing-13 >> Content-Length: 10
16:03:44.906 [ForkJoinPool-1-worker-0] DEBUG org.apache.http.headers - http-outgoing-13 >> Host: www.w3schools.com
16:03:44.906 [ForkJoinPool-1-worker-0] DEBUG org.apache.http.headers - http-outgoing-13 >> Connection: Keep-Alive
16:03:44.906 [ForkJoinPool-1-worker-0] DEBUG org.apache.http.headers - http-outgoing-13 >> User-Agent: Apache-HttpClient/4.5.12 (Java/1.8.0_251)
16:03:44.906 [ForkJoinPool-1-worker-0] DEBUG org.apache.http.headers - http-outgoing-13 >> Accept-Encoding: gzip,deflate
16:03:44.906 [ForkJoinPool-1-worker-0] DEBUG org.apache.http.wire - http-outgoing-13 >> "POST /xml/tempconvert.asmx/CelsiusToFahrenheit HTTP/1.1[\r][\n]"
16:03:44.906 [ForkJoinPool-1-worker-0] DEBUG org.apache.http.wire - http-outgoing-13 >> "Content-Type: application/x-www-form-urlencoded; charset=UTF-8[\r][\n]"
16:03:44.906 [ForkJoinPool-1-worker-0] DEBUG org.apache.http.wire - http-outgoing-13 >> "Content-Length: 10[\r][\n]"
16:03:44.906 [ForkJoinPool-1-worker-0] DEBUG org.apache.http.wire - http-outgoing-13 >> "Host: www.w3schools.com[\r][\n]"
16:03:44.906 [ForkJoinPool-1-worker-0] DEBUG org.apache.http.wire - http-outgoing-13 >> "Connection: Keep-Alive[\r][\n]"
16:03:44.906 [ForkJoinPool-1-worker-0] DEBUG org.apache.http.wire - http-outgoing-13 >> "User-Agent: Apache-HttpClient/4.5.12 (Java/1.8.0_251)[\r][\n]"
16:03:44.906 [ForkJoinPool-1-worker-0] DEBUG org.apache.http.wire - http-outgoing-13 >> "Accept-Encoding: gzip,deflate[\r][\n]"
16:03:44.906 [ForkJoinPool-1-worker-0] DEBUG org.apache.http.wire - http-outgoing-13 >> "[\r][\n]"
16:03:44.906 [ForkJoinPool-1-worker-0] DEBUG org.apache.http.wire - http-outgoing-13 >> "Celsius=40"
16:03:45.156 [ForkJoinPool-1-worker-0] DEBUG org.apache.http.wire - http-outgoing-13 << "HTTP/1.1 200 OK[\r][\n]"
16:03:45.156 [ForkJoinPool-1-worker-0] DEBUG org.apache.http.wire - http-outgoing-13 << "Content-Encoding: gzip[\r][\n]"
16:03:45.156 [ForkJoinPool-1-worker-0] DEBUG org.apache.http.wire - http-outgoing-13 << "Cache-Control: private, max-age=0,public[\r][\n]"
16:03:45.156 [ForkJoinPool-1-worker-0] DEBUG org.apache.http.wire - http-outgoing-13 << "Content-Type: text/xml; charset=utf-8[\r][\n]"
16:03:45.156 [ForkJoinPool-1-worker-0] DEBUG org.apache.http.wire - http-outgoing-13 << "Date: Fri, 05 Feb 2021 10:25:34 GMT[\r][\n]"
16:03:45.156 [ForkJoinPool-1-worker-0] DEBUG org.apache.http.wire - http-outgoing-13 << "Server: Microsoft-IIS/7.5[\r][\n]"
16:03:45.156 [ForkJoinPool-1-worker-0] DEBUG org.apache.http.wire - http-outgoing-13 << "Vary: Accept-Encoding[\r][\n]"
16:03:45.156 [ForkJoinPool-1-worker-0] DEBUG org.apache.http.wire - http-outgoing-13 << "X-AspNet-Version: 4.0.30319[\r][\n]"
16:03:45.156 [ForkJoinPool-1-worker-0] DEBUG org.apache.http.wire - http-outgoing-13 << "X-Frame-Options: SAMEORIGIN[\r][\n]"
16:03:45.156 [ForkJoinPool-1-worker-0] DEBUG org.apache.http.wire - http-outgoing-13 << "X-Powered-By: ASP.NET[\r][\n]"
16:03:45.156 [ForkJoinPool-1-worker-0] DEBUG org.apache.http.wire - http-outgoing-13 << "Content-Length: 207[\r][\n]"
16:03:45.156 [ForkJoinPool-1-worker-0] DEBUG org.apache.http.wire - http-outgoing-13 << "[\r][\n]"
16:03:45.156 [ForkJoinPool-1-worker-0] DEBUG org.apache.http.headers - http-outgoing-13 << HTTP/1.1 200 OK
16:03:45.156 [ForkJoinPool-1-worker-0] DEBUG org.apache.http.headers - http-outgoing-13 << Content-Encoding: gzip
16:03:45.156 [ForkJoinPool-1-worker-0] DEBUG org.apache.http.headers - http-outgoing-13 << Cache-Control: private, max-age=0,public
16:03:45.156 [ForkJoinPool-1-worker-0] DEBUG org.apache.http.headers - http-outgoing-13 << Content-Type: text/xml; charset=utf-8
16:03:45.156 [ForkJoinPool-1-worker-0] DEBUG org.apache.http.headers - http-outgoing-13 << Date: Fri, 05 Feb 2021 10:25:34 GMT
16:03:45.156 [ForkJoinPool-1-worker-0] DEBUG org.apache.http.headers - http-outgoing-13 << Server: Microsoft-IIS/7.5
16:03:45.156 [ForkJoinPool-1-worker-0] DEBUG org.apache.http.headers - http-outgoing-13 << Vary: Accept-Encoding
16:03:45.156 [ForkJoinPool-1-worker-0] DEBUG org.apache.http.headers - http-outgoing-13 << X-AspNet-Version: 4.0.30319
16:03:45.156 [ForkJoinPool-1-worker-0] DEBUG org.apache.http.headers - http-outgoing-13 << X-Frame-Options: SAMEORIGIN
16:03:45.156 [ForkJoinPool-1-worker-0] DEBUG org.apache.http.headers - http-outgoing-13 << X-Powered-By: ASP.NET
16:03:45.156 [ForkJoinPool-1-worker-0] DEBUG org.apache.http.headers - http-outgoing-13 << Content-Length: 207
16:03:45.156 [ForkJoinPool-1-worker-0] DEBUG org.apache.http.impl.execchain.MainClientExec - Connection can be kept alive indefinitely
16:03:45.156 [ForkJoinPool-1-worker-0] DEBUG org.apache.http.wire - http-outgoing-13 << "[0x1f][0x8b][0x8][0x0][0x0][0x0][0x0][0x0][0x4][0x0][0xed][0xbd][0x7]`[0x1c]I[0x96]%&/m[0xca]{]]>&#x7f;<![CDATA[J[0xf5]J[0xd7][0xe0]t[0xa1][0x8][0x80]`[0x13]$[0xd8][0x90]@[0x10][0xec][0xc1][0x88][0xcd][0xe6][0x92][0xec][0x1d]iG#)[0xab]*[0x81][0xca]eVe]f[0x16]@[0xcc][0xed][0x9d][0xbc][0xf7][0xde]{[0xef][0xbd][0xf7][0xde]{[0xef][0xbd][0xf7][0xba];[0x9d]N'[0xf7][0xdf][0xff]?\fd[0x1]l[0xf6][0xce]J[0xda][0xc9][0x9e]![0x80][0xaa][0xc8][0x1f]?~|[0x1f]?"[0x1e][0xff][0x1e][0xef][0x16]ez[0x99][0xd7]MQ-?[0xfb]hw[0xbc][0xf3]Q[0x9a]/[0xa7][0xd5][0xac]X^|[0xf6][0xd1][0xba]=[0xdf]>[0xf8][0xe8][0xf7]8[0xfa][0x8d][0x93][0xc7]M[[0xd3]G)[0xb5]^6[0x9f]}4o[0xdb]U[0xf3][0xe8][0xee][0xdd][0xab][0xab][0xab][0xf1][0xd5][0xbd]f:[0xaf][0xaa][0xb2][0x19]O[0xab][0xc5]]jp[0xf7][0xa3][0xa3][0xdd][0x9d][0xfd][0xc7]w[0xe5][0x95][0xa3][0xff][0x7] [0xa2]\[0x8c]c[0x0][0x0][0x0]"
16:03:45.156 [ForkJoinPool-1-worker-0] DEBUG org.apache.http.impl.conn.PoolingHttpClientConnectionManager - Connection [id: 13][route: {s}->https://www.w3schools.com:443] can be kept alive indefinitely
16:03:45.156 [ForkJoinPool-1-worker-0] DEBUG org.apache.http.impl.conn.DefaultManagedHttpClientConnection - http-outgoing-13: set socket timeout to 0
16:03:45.156 [ForkJoinPool-1-worker-0] DEBUG org.apache.http.impl.conn.PoolingHttpClientConnectionManager - Connection released: [id: 13][route: {s}->https://www.w3schools.com:443][total available: 1; route allocated: 1 of 5; total allocated: 1 of 10]
16:03:45.156 [ForkJoinPool-1-worker-0] DEBUG com.intuit.karate - response time in milliseconds: 293.34
1 < 200
1 < Cache-Control: private, max-age=0,public
1 < Content-Type: text/xml; charset=utf-8
1 < Date: Fri, 05 Feb 2021 10:25:34 GMT
1 < Server: Microsoft-IIS/7.5
1 < Vary: Accept-Encoding
1 < X-AspNet-Version: 4.0.30319
1 < X-Frame-Options: SAMEORIGIN
1 < X-Powered-By: ASP.NET
<?xml version="1.0" encoding="utf-8"?>
<string xmlns="https://www.w3schools.com/xml/">104</string>

16:03:45.156 [ForkJoinPool-1-worker-0] DEBUG com.jayway.jsonpath.internal.path.CompiledPath - Evaluating path: $
16:03:45.156 [ForkJoinPool-1-worker-0] INFO com.intuit.karate - [print] {
  "Cache-Control": [
    "private, max-age=0,public"
  ],
  "Content-Type": [
    "text/xml; charset=utf-8"
  ],
  "Date": [
    "Fri, 05 Feb 2021 10:25:34 GMT"
  ],
  "Server": [
    "Microsoft-IIS/7.5"
  ],
  "Vary": [
    "Accept-Encoding"
  ],
  "X-AspNet-Version": [
    "4.0.30319"
  ],
  "X-Frame-Options": [
    "SAMEORIGIN"
  ],
  "X-Powered-By": [
    "ASP.NET"
  ]
}

16:03:45.156 [ForkJoinPool-1-worker-0] INFO com.intuit.karate - [print] xml
16:03:45.156 [ForkJoinPool-1-worker-0] INFO com.intuit.karate - [print] 293
16:03:45.156 [ForkJoinPool-1-worker-0] INFO com.intuit.karate - [print] <string xmlns="https://www.w3schools.com/xml/">104</string>

16:03:45.156 [ForkJoinPool-1-worker-0] DEBUG com.jayway.jsonpath.internal.path.CompiledPath - Evaluating path: $
16:03:45.156 [ForkJoinPool-1-worker-0] DEBUG com.jayway.jsonpath.internal.path.CompiledPath - Evaluating path: $["X-Powered-By"]
16:03:45.156 [ForkJoinPool-1-worker-0] DEBUG com.jayway.jsonpath.internal.path.CompiledPath - Evaluating path: $
16:03:45.156 [ForkJoinPool-1-worker-0] DEBUG com.jayway.jsonpath.internal.path.CompiledPath - Evaluating path: $["X-AspNet-Version"][0]
16:03:45.156 [ForkJoinPool-1-worker-0] INFO com.intuit.karate - after scenario inside config 
16:03:45.156 [pool-1-thread-2] INFO com.intuit.karate.Runner - <<pass>> feature 14 of 26: classpath:featurefiles/KarateTestSuite-12_REST_API.feature
---------------------------------------------------------
feature: classpath:featurefiles/KarateTestSuite-12_REST_API.feature
report: build\surefire-reports\featurefiles.KarateTestSuite-12_REST_API.json
scenarios:  4 | passed:  4 | failed:  0 | time: 1.2396
---------------------------------------------------------
16:03:45.171 [ForkJoinPool-1-worker-0] INFO com.intuit.karate - From karate-config file 
16:03:45.171 [ForkJoinPool-1-worker-0] DEBUG com.jayway.jsonpath.internal.path.CompiledPath - Evaluating path: $
16:03:45.187 [ForkJoinPool-1-worker-0] INFO com.intuit.karate - [print] 123
16:03:45.187 [ForkJoinPool-1-worker-0] INFO com.intuit.karate - 33 
16:03:45.187 [ForkJoinPool-1-worker-0] INFO com.intuit.karate - after scenario inside config 
16:03:45.203 [pool-1-thread-2] INFO com.intuit.karate.Runner - <<pass>> feature 15 of 26: classpath:featurefiles/KarateTestSuite-13.feature
---------------------------------------------------------
feature: classpath:featurefiles/KarateTestSuite-13.feature
report: build\surefire-reports\featurefiles.KarateTestSuite-13.json
scenarios:  1 | passed:  1 | failed:  0 | time: 0.0166
---------------------------------------------------------
16:03:45.203 [ForkJoinPool-1-worker-0] INFO com.intuit.karate - From karate-config file 
16:03:45.203 [ForkJoinPool-1-worker-0] DEBUG com.jayway.jsonpath.internal.path.CompiledPath - Evaluating path: $
16:03:45.218 [ForkJoinPool-1-worker-0] INFO com.intuit.karate - [print] Karate-Non-static
16:03:45.218 [ForkJoinPool-1-worker-0] INFO com.intuit.karate - [print] Karate-Non-static
16:03:45.218 [ForkJoinPool-1-worker-0] INFO com.intuit.karate - after scenario inside config 
16:03:45.218 [ForkJoinPool-1-worker-0] INFO com.intuit.karate - From karate-config file 
16:03:45.218 [ForkJoinPool-1-worker-0] DEBUG com.jayway.jsonpath.internal.path.CompiledPath - Evaluating path: $
16:03:45.218 [ForkJoinPool-1-worker-0] INFO com.intuit.karate - [print] Karate-static
16:03:45.218 [ForkJoinPool-1-worker-0] INFO com.intuit.karate - [print] Karate-static
16:03:45.218 [ForkJoinPool-1-worker-0] INFO com.intuit.karate - after scenario inside config 
16:03:45.234 [pool-1-thread-2] INFO com.intuit.karate.Runner - <<pass>> feature 16 of 26: classpath:featurefiles/KarateTestSuite-14.feature
---------------------------------------------------------
feature: classpath:featurefiles/KarateTestSuite-14.feature
report: build\surefire-reports\featurefiles.KarateTestSuite-14.json
scenarios:  2 | passed:  2 | failed:  0 | time: 0.0165
---------------------------------------------------------
16:03:45.234 [ForkJoinPool-1-worker-0] INFO com.intuit.karate - From karate-config file 
16:03:45.234 [ForkJoinPool-1-worker-0] DEBUG com.jayway.jsonpath.internal.path.CompiledPath - Evaluating path: $
16:03:45.265 [Finalizer] DEBUG org.apache.http.impl.conn.PoolingHttpClientConnectionManager - Connection manager is shutting down
16:03:45.265 [Finalizer] DEBUG org.apache.http.impl.conn.DefaultManagedHttpClientConnection - http-outgoing-2: Close connection
16:03:45.265 [Finalizer] DEBUG org.apache.http.impl.conn.PoolingHttpClientConnectionManager - Connection manager shut down
16:03:45.265 [Finalizer] DEBUG org.apache.http.impl.conn.PoolingHttpClientConnectionManager - Connection manager is shutting down
16:03:45.265 [Finalizer] DEBUG org.apache.http.impl.conn.DefaultManagedHttpClientConnection - http-outgoing-3: Close connection
16:03:45.265 [Finalizer] DEBUG org.apache.http.impl.conn.PoolingHttpClientConnectionManager - Connection manager shut down
16:03:45.265 [Finalizer] DEBUG org.apache.http.impl.conn.PoolingHttpClientConnectionManager - Connection manager is shutting down
16:03:45.265 [Finalizer] DEBUG org.apache.http.impl.conn.DefaultManagedHttpClientConnection - http-outgoing-4: Close connection
16:03:45.265 [Finalizer] DEBUG org.apache.http.impl.conn.PoolingHttpClientConnectionManager - Connection manager shut down
16:03:45.265 [Finalizer] DEBUG org.apache.http.impl.conn.PoolingHttpClientConnectionManager - Connection manager is shutting down
16:03:45.265 [Finalizer] DEBUG org.apache.http.impl.conn.DefaultManagedHttpClientConnection - http-outgoing-11: Close connection
16:03:45.265 [Finalizer] DEBUG org.apache.http.impl.conn.PoolingHttpClientConnectionManager - Connection manager shut down
16:03:45.265 [Finalizer] DEBUG org.apache.http.impl.conn.PoolingHttpClientConnectionManager - Connection manager is shutting down
16:03:45.265 [Finalizer] DEBUG org.apache.http.impl.conn.DefaultManagedHttpClientConnection - http-outgoing-13: Close connection
16:03:45.265 [Finalizer] DEBUG org.apache.http.impl.conn.PoolingHttpClientConnectionManager - Connection manager shut down
16:03:45.265 [Finalizer] DEBUG org.apache.http.impl.conn.PoolingHttpClientConnectionManager - Connection manager is shutting down
16:03:45.265 [Finalizer] DEBUG org.apache.http.impl.conn.DefaultManagedHttpClientConnection - http-outgoing-8: Close connection
16:03:45.265 [Finalizer] DEBUG org.apache.http.impl.conn.PoolingHttpClientConnectionManager - Connection manager shut down
16:03:45.265 [Finalizer] DEBUG org.apache.http.impl.conn.PoolingHttpClientConnectionManager - Connection manager is shutting down
16:03:45.265 [Finalizer] DEBUG org.apache.http.impl.conn.DefaultManagedHttpClientConnection - http-outgoing-9: Close connection
16:03:45.265 [Finalizer] DEBUG org.apache.http.impl.conn.PoolingHttpClientConnectionManager - Connection manager shut down
16:03:45.265 [Finalizer] DEBUG org.apache.http.impl.conn.PoolingHttpClientConnectionManager - Connection manager is shutting down
16:03:45.265 [Finalizer] DEBUG org.apache.http.impl.conn.DefaultManagedHttpClientConnection - http-outgoing-10: Close connection
16:03:45.281 [Finalizer] DEBUG org.apache.http.impl.conn.PoolingHttpClientConnectionManager - Connection manager shut down
16:03:45.281 [Finalizer] DEBUG org.apache.http.impl.conn.PoolingHttpClientConnectionManager - Connection manager is shutting down
16:03:45.281 [Finalizer] DEBUG org.apache.http.impl.conn.DefaultManagedHttpClientConnection - http-outgoing-5: Close connection
16:03:45.281 [Finalizer] DEBUG org.apache.http.impl.conn.PoolingHttpClientConnectionManager - Connection manager shut down
16:03:45.281 [Finalizer] DEBUG org.apache.http.impl.conn.PoolingHttpClientConnectionManager - Connection manager is shutting down
16:03:45.281 [Finalizer] DEBUG org.apache.http.impl.conn.DefaultManagedHttpClientConnection - http-outgoing-6: Close connection
16:03:45.281 [Finalizer] DEBUG org.apache.http.impl.conn.PoolingHttpClientConnectionManager - Connection manager shut down
16:03:45.281 [Finalizer] DEBUG org.apache.http.impl.conn.PoolingHttpClientConnectionManager - Connection manager is shutting down
16:03:45.281 [Finalizer] DEBUG org.apache.http.impl.conn.DefaultManagedHttpClientConnection - http-outgoing-7: Close connection
16:03:45.281 [Finalizer] DEBUG org.apache.http.impl.conn.PoolingHttpClientConnectionManager - Connection manager shut down
16:03:45.437 [ForkJoinPool-1-worker-0] INFO com.intuit.karate - [print] 101,Selenium,Se-HQ,
102,UFT,Microfocus,
103,RFT,IBM Rational,
104,SilkTest,Microfocus,
1111,TestComplete,SmartBear,
106,Sasi,Sasi,
106,Sasi,Sasi,
106,Sasi,Sasi,

16:03:45.452 [ForkJoinPool-1-worker-0] INFO com.intuit.karate - after scenario inside config 
16:03:45.452 [ForkJoinPool-1-worker-0] INFO com.intuit.karate - From karate-config file 
16:03:45.452 [ForkJoinPool-1-worker-0] DEBUG com.jayway.jsonpath.internal.path.CompiledPath - Evaluating path: $
16:03:45.484 [ForkJoinPool-1-worker-0] INFO com.intuit.karate - [print] Success
16:03:45.484 [ForkJoinPool-1-worker-0] INFO com.intuit.karate - after scenario inside config 
16:03:45.499 [ForkJoinPool-1-worker-0] INFO com.intuit.karate - From karate-config file 
16:03:45.499 [ForkJoinPool-1-worker-0] DEBUG com.jayway.jsonpath.internal.path.CompiledPath - Evaluating path: $
16:03:45.515 [ForkJoinPool-1-worker-0] INFO com.intuit.karate - [print] 1
16:03:45.515 [ForkJoinPool-1-worker-0] INFO com.intuit.karate - after scenario inside config 
16:03:45.531 [ForkJoinPool-1-worker-0] INFO com.intuit.karate - From karate-config file 
16:03:45.531 [ForkJoinPool-1-worker-0] DEBUG com.jayway.jsonpath.internal.path.CompiledPath - Evaluating path: $
16:03:45.546 [ForkJoinPool-1-worker-0] INFO com.intuit.karate - [print] 1
16:03:45.546 [ForkJoinPool-1-worker-0] INFO com.intuit.karate - after scenario inside config 
16:03:45.546 [pool-1-thread-2] INFO com.intuit.karate.Runner - <<pass>> feature 17 of 26: classpath:featurefiles/KarateTestSuite-15_DB_Testing.feature
---------------------------------------------------------
feature: classpath:featurefiles/KarateTestSuite-15_DB_Testing.feature
report: build\surefire-reports\featurefiles.KarateTestSuite-15_DB_Testing.json
scenarios:  4 | passed:  4 | failed:  0 | time: 0.2949
---------------------------------------------------------
16:03:45.562 [ForkJoinPool-1-worker-0] INFO com.intuit.karate - From karate-config file 
16:03:45.562 [ForkJoinPool-1-worker-0] DEBUG com.jayway.jsonpath.internal.path.CompiledPath - Evaluating path: $
16:03:45.562 [ForkJoinPool-1-worker-0] DEBUG org.apache.http.client.protocol.RequestAddCookies - CookieSpec selected: karate
16:03:45.562 [ForkJoinPool-1-worker-0] DEBUG org.apache.http.client.protocol.RequestAuthCache - Auth cache not set in the context
16:03:45.562 [ForkJoinPool-1-worker-0] DEBUG com.intuit.karate - request:
1 > GET https://reqres.in/api/users?page=2
1 > Accept-Encoding: gzip,deflate
1 > Connection: Keep-Alive
1 > Host: reqres.in
1 > User-Agent: Apache-HttpClient/4.5.12 (Java/1.8.0_251)

16:03:45.562 [ForkJoinPool-1-worker-0] DEBUG org.apache.http.impl.conn.PoolingHttpClientConnectionManager - Connection request: [route: {s}->https://reqres.in:443][total available: 0; route allocated: 0 of 5; total allocated: 0 of 10]
16:03:45.562 [ForkJoinPool-1-worker-0] DEBUG org.apache.http.impl.conn.PoolingHttpClientConnectionManager - Connection leased: [id: 14][route: {s}->https://reqres.in:443][total available: 0; route allocated: 1 of 5; total allocated: 1 of 10]
16:03:45.562 [ForkJoinPool-1-worker-0] DEBUG org.apache.http.impl.execchain.MainClientExec - Opening connection {s}->https://reqres.in:443
16:03:45.562 [ForkJoinPool-1-worker-0] DEBUG org.apache.http.impl.conn.DefaultHttpClientConnectionOperator - Connecting to reqres.in/104.21.59.93:443
16:03:45.562 [ForkJoinPool-1-worker-0] DEBUG org.apache.http.conn.ssl.SSLConnectionSocketFactory - Connecting socket to reqres.in/104.21.59.93:443 with timeout 5000
16:03:45.609 [ForkJoinPool-1-worker-0] DEBUG org.apache.http.conn.ssl.SSLConnectionSocketFactory - Enabled protocols: [TLSv1, TLSv1.1, TLSv1.2]
16:03:45.609 [ForkJoinPool-1-worker-0] DEBUG org.apache.http.conn.ssl.SSLConnectionSocketFactory - Enabled cipher suites:[TLS_ECDHE_ECDSA_WITH_AES_256_CBC_SHA384, TLS_ECDHE_RSA_WITH_AES_256_CBC_SHA384, TLS_RSA_WITH_AES_256_CBC_SHA256, TLS_ECDH_ECDSA_WITH_AES_256_CBC_SHA384, TLS_ECDH_RSA_WITH_AES_256_CBC_SHA384, TLS_DHE_RSA_WITH_AES_256_CBC_SHA256, TLS_DHE_DSS_WITH_AES_256_CBC_SHA256, TLS_ECDHE_ECDSA_WITH_AES_256_CBC_SHA, TLS_ECDHE_RSA_WITH_AES_256_CBC_SHA, TLS_RSA_WITH_AES_256_CBC_SHA, TLS_ECDH_ECDSA_WITH_AES_256_CBC_SHA, TLS_ECDH_RSA_WITH_AES_256_CBC_SHA, TLS_DHE_RSA_WITH_AES_256_CBC_SHA, TLS_DHE_DSS_WITH_AES_256_CBC_SHA, TLS_ECDHE_ECDSA_WITH_AES_128_CBC_SHA256, TLS_ECDHE_RSA_WITH_AES_128_CBC_SHA256, TLS_RSA_WITH_AES_128_CBC_SHA256, TLS_ECDH_ECDSA_WITH_AES_128_CBC_SHA256, TLS_ECDH_RSA_WITH_AES_128_CBC_SHA256, TLS_DHE_RSA_WITH_AES_128_CBC_SHA256, TLS_DHE_DSS_WITH_AES_128_CBC_SHA256, TLS_ECDHE_ECDSA_WITH_AES_128_CBC_SHA, TLS_ECDHE_RSA_WITH_AES_128_CBC_SHA, TLS_RSA_WITH_AES_128_CBC_SHA, TLS_ECDH_ECDSA_WITH_AES_128_CBC_SHA, TLS_ECDH_RSA_WITH_AES_128_CBC_SHA, TLS_DHE_RSA_WITH_AES_128_CBC_SHA, TLS_DHE_DSS_WITH_AES_128_CBC_SHA, TLS_ECDHE_ECDSA_WITH_AES_256_GCM_SHA384, TLS_ECDHE_ECDSA_WITH_AES_128_GCM_SHA256, TLS_ECDHE_RSA_WITH_AES_256_GCM_SHA384, TLS_RSA_WITH_AES_256_GCM_SHA384, TLS_ECDH_ECDSA_WITH_AES_256_GCM_SHA384, TLS_ECDH_RSA_WITH_AES_256_GCM_SHA384, TLS_DHE_RSA_WITH_AES_256_GCM_SHA384, TLS_DHE_DSS_WITH_AES_256_GCM_SHA384, TLS_ECDHE_RSA_WITH_AES_128_GCM_SHA256, TLS_RSA_WITH_AES_128_GCM_SHA256, TLS_ECDH_ECDSA_WITH_AES_128_GCM_SHA256, TLS_ECDH_RSA_WITH_AES_128_GCM_SHA256, TLS_DHE_RSA_WITH_AES_128_GCM_SHA256, TLS_DHE_DSS_WITH_AES_128_GCM_SHA256, TLS_EMPTY_RENEGOTIATION_INFO_SCSV]
16:03:45.609 [ForkJoinPool-1-worker-0] DEBUG org.apache.http.conn.ssl.SSLConnectionSocketFactory - Starting handshake
16:03:45.718 [ForkJoinPool-1-worker-0] DEBUG org.apache.http.conn.ssl.SSLConnectionSocketFactory - Secure session established
16:03:45.718 [ForkJoinPool-1-worker-0] DEBUG org.apache.http.conn.ssl.SSLConnectionSocketFactory -  negotiated protocol: TLSv1.2
16:03:45.718 [ForkJoinPool-1-worker-0] DEBUG org.apache.http.conn.ssl.SSLConnectionSocketFactory -  negotiated cipher suite: TLS_ECDHE_ECDSA_WITH_AES_128_GCM_SHA256
16:03:45.718 [ForkJoinPool-1-worker-0] DEBUG org.apache.http.conn.ssl.SSLConnectionSocketFactory -  peer principal: CN=sni.cloudflaressl.com, O="Cloudflare, Inc.", L=San Francisco, ST=CA, C=US
16:03:45.718 [ForkJoinPool-1-worker-0] DEBUG org.apache.http.conn.ssl.SSLConnectionSocketFactory -  peer alternative names: [reqres.in, sni.cloudflaressl.com, *.reqres.in]
16:03:45.718 [ForkJoinPool-1-worker-0] DEBUG org.apache.http.conn.ssl.SSLConnectionSocketFactory -  issuer principal: CN=Cloudflare Inc ECC CA-3, O="Cloudflare, Inc.", C=US
16:03:45.718 [ForkJoinPool-1-worker-0] DEBUG org.apache.http.impl.conn.DefaultHttpClientConnectionOperator - Connection established 192.168.1.53:62840<->104.21.59.93:443
16:03:45.718 [ForkJoinPool-1-worker-0] DEBUG org.apache.http.impl.conn.DefaultManagedHttpClientConnection - http-outgoing-14: set socket timeout to 5000
16:03:45.718 [ForkJoinPool-1-worker-0] DEBUG org.apache.http.impl.execchain.MainClientExec - Executing request GET /api/users?page=2 HTTP/1.1
16:03:45.718 [ForkJoinPool-1-worker-0] DEBUG org.apache.http.impl.execchain.MainClientExec - Target auth state: UNCHALLENGED
16:03:45.718 [ForkJoinPool-1-worker-0] DEBUG org.apache.http.impl.execchain.MainClientExec - Proxy auth state: UNCHALLENGED
16:03:45.718 [ForkJoinPool-1-worker-0] DEBUG org.apache.http.headers - http-outgoing-14 >> GET /api/users?page=2 HTTP/1.1
16:03:45.718 [ForkJoinPool-1-worker-0] DEBUG org.apache.http.headers - http-outgoing-14 >> Host: reqres.in
16:03:45.718 [ForkJoinPool-1-worker-0] DEBUG org.apache.http.headers - http-outgoing-14 >> Connection: Keep-Alive
16:03:45.718 [ForkJoinPool-1-worker-0] DEBUG org.apache.http.headers - http-outgoing-14 >> User-Agent: Apache-HttpClient/4.5.12 (Java/1.8.0_251)
16:03:45.718 [ForkJoinPool-1-worker-0] DEBUG org.apache.http.headers - http-outgoing-14 >> Accept-Encoding: gzip,deflate
16:03:45.718 [ForkJoinPool-1-worker-0] DEBUG org.apache.http.wire - http-outgoing-14 >> "GET /api/users?page=2 HTTP/1.1[\r][\n]"
16:03:45.718 [ForkJoinPool-1-worker-0] DEBUG org.apache.http.wire - http-outgoing-14 >> "Host: reqres.in[\r][\n]"
16:03:45.718 [ForkJoinPool-1-worker-0] DEBUG org.apache.http.wire - http-outgoing-14 >> "Connection: Keep-Alive[\r][\n]"
16:03:45.718 [ForkJoinPool-1-worker-0] DEBUG org.apache.http.wire - http-outgoing-14 >> "User-Agent: Apache-HttpClient/4.5.12 (Java/1.8.0_251)[\r][\n]"
16:03:45.718 [ForkJoinPool-1-worker-0] DEBUG org.apache.http.wire - http-outgoing-14 >> "Accept-Encoding: gzip,deflate[\r][\n]"
16:03:45.718 [ForkJoinPool-1-worker-0] DEBUG org.apache.http.wire - http-outgoing-14 >> "[\r][\n]"
16:03:45.781 [ForkJoinPool-1-worker-0] DEBUG org.apache.http.wire - http-outgoing-14 << "HTTP/1.1 200 OK[\r][\n]"
16:03:45.781 [ForkJoinPool-1-worker-0] DEBUG org.apache.http.wire - http-outgoing-14 << "Date: Fri, 05 Feb 2021 10:33:45 GMT[\r][\n]"
16:03:45.781 [ForkJoinPool-1-worker-0] DEBUG org.apache.http.wire - http-outgoing-14 << "Content-Type: application/json; charset=utf-8[\r][\n]"
16:03:45.781 [ForkJoinPool-1-worker-0] DEBUG org.apache.http.wire - http-outgoing-14 << "Transfer-Encoding: chunked[\r][\n]"
16:03:45.781 [ForkJoinPool-1-worker-0] DEBUG org.apache.http.wire - http-outgoing-14 << "Connection: keep-alive[\r][\n]"
16:03:45.781 [ForkJoinPool-1-worker-0] DEBUG org.apache.http.wire - http-outgoing-14 << "Set-Cookie: __cfduid=d308297114465513e205b49f1d4307a641612521225; expires=Sun, 07-Mar-21 10:33:45 GMT; path=/; domain=.reqres.in; HttpOnly; SameSite=Lax; Secure[\r][\n]"
16:03:45.781 [ForkJoinPool-1-worker-0] DEBUG org.apache.http.wire - http-outgoing-14 << "X-Powered-By: Express[\r][\n]"
16:03:45.781 [ForkJoinPool-1-worker-0] DEBUG org.apache.http.wire - http-outgoing-14 << "Access-Control-Allow-Origin: *[\r][\n]"
16:03:45.781 [ForkJoinPool-1-worker-0] DEBUG org.apache.http.wire - http-outgoing-14 << "Etag: W/"406-ut0vzoCuidvyMf8arZpMpJ6ZRDw"[\r][\n]"
16:03:45.781 [ForkJoinPool-1-worker-0] DEBUG org.apache.http.wire - http-outgoing-14 << "Via: 1.1 vegur[\r][\n]"
16:03:45.781 [ForkJoinPool-1-worker-0] DEBUG org.apache.http.wire - http-outgoing-14 << "Cache-Control: max-age=14400[\r][\n]"
16:03:45.781 [ForkJoinPool-1-worker-0] DEBUG org.apache.http.wire - http-outgoing-14 << "CF-Cache-Status: HIT[\r][\n]"
16:03:45.781 [ForkJoinPool-1-worker-0] DEBUG org.apache.http.wire - http-outgoing-14 << "Age: 3520[\r][\n]"
16:03:45.781 [ForkJoinPool-1-worker-0] DEBUG org.apache.http.wire - http-outgoing-14 << "cf-request-id: 08135a5672000018f05a200000000001[\r][\n]"
16:03:45.781 [ForkJoinPool-1-worker-0] DEBUG org.apache.http.wire - http-outgoing-14 << "Expect-CT: max-age=604800, report-uri="https://report-uri.cloudflare.com/cdn-cgi/beacon/expect-ct"[\r][\n]"
16:03:45.781 [ForkJoinPool-1-worker-0] DEBUG org.apache.http.wire - http-outgoing-14 << "Report-To: {"endpoints":[{"url":"https:\/\/a.nel.cloudflare.com\/report?s=bRxES2yYJqepfwt3JL%2BXgTdIuirIy0BOi%2FgOb290SFV70vc0DckXQAK9ILZzhDYuSq5fV%2BfdGQ6sc51lJ2L7%2BYil3zwSXuho1S0%3D"}],"group":"cf-nel","max_age":604800}[\r][\n]"
16:03:45.781 [ForkJoinPool-1-worker-0] DEBUG org.apache.http.wire - http-outgoing-14 << "NEL: {"max_age":604800,"report_to":"cf-nel"}[\r][\n]"
16:03:45.781 [ForkJoinPool-1-worker-0] DEBUG org.apache.http.wire - http-outgoing-14 << "Vary: Accept-Encoding[\r][\n]"
16:03:45.781 [ForkJoinPool-1-worker-0] DEBUG org.apache.http.wire - http-outgoing-14 << "Server: cloudflare[\r][\n]"
16:03:45.781 [ForkJoinPool-1-worker-0] DEBUG org.apache.http.wire - http-outgoing-14 << "CF-RAY: 61cbf99d8b5f18f0-SIN[\r][\n]"
16:03:45.781 [ForkJoinPool-1-worker-0] DEBUG org.apache.http.wire - http-outgoing-14 << "Content-Encoding: gzip[\r][\n]"
16:03:45.781 [ForkJoinPool-1-worker-0] DEBUG org.apache.http.wire - http-outgoing-14 << "[\r][\n]"
16:03:45.781 [ForkJoinPool-1-worker-0] DEBUG org.apache.http.wire - http-outgoing-14 << "17b[\r][\n]"
16:03:45.781 [ForkJoinPool-1-worker-0] DEBUG org.apache.http.wire - http-outgoing-14 << "[0x1f][0x8b][0x8][0x0][0x0][0x0][0x0][0x0][0x0][0x3][0x8d][0xd2][0xcd]n[0xa3]0[0x14][0x86][0xe1][q[0xcf]l](Y[0xf4][0xc7][0xab][0xaa][0xd2][0xcc]t[0xd1]n[0xa2][0xd9]U[0xa3][0xea][0x4][0xe][0xe0][0xd6][0xd8][0xee][0xb1]i[0xa6][0x8a]r[0xef]UM4T[0x88]D[0xec][0x0][0xbf][0x1f]z[0x84][0xd8][0x81][0xc7][0x86]@[0xad]$x[0xe2][0xe7][0xe1][0xe6]RBt[0x11][\r][0xa8]bu[0xb8]L'!u[0x15]F[0x4][0xf5][0xb4][0x3]][0x81][0xba][0x92]@[0x1d]j[0x3][\n]"
16:03:45.781 [ForkJoinPool-1-worker-0] DEBUG org.apache.http.wire - http-outgoing-14 << ":][0xb6]H&3[0xb8][\r][0xce][0xde]2[0xbd]1[0x85]L[[0x90]Pk[0xe][0xf1][0xd9]bG[0xa0][0xe0]q[0xe8]@[0x82][0xc1][0xf1][0xe9]CZ[0x81][0x4]|[0xc7][0x88][0xc][\n]"
16:03:45.781 [ForkJoinPool-1-worker-0] DEBUG org.apache.http.wire - http-outgoing-14 << "[0xda][0x18]}Py[0xfe][0xff]E[0xb9][0xee][0x9a][0xbc][0xc6][0x92]B~u[0xae];l({[0xf1][\r][0xec][0xe5]@[0xb9][0x1e])F[0xdb]*[0xe0]GV[0x13]7[0xfd]I[0xcc][0xc3]PN0[0xbf][0xe][0xbb][0xa5][0x9c][0xeb][0x19][0xce][0xcd][0xc8][0x89]n[0xa3]1duo_[0xe9]8[0xe5]O[0xaa][0xa6][0x92][0xaf][0xcd]R[0xc6][0xcd][0xc][0xa3][0xb8][0x18][0x1d][0x9b][0xf]v6[0xab]5[0x99]*[0x1c]w[0xdc]}USF[0xda],u[0x14][0x17]s[0x90]b[0x84]4[0xe4][0xb8][0xa1][0x8c][0xaa]-[0xf2])[0xca][0xef][0xd4]M,?[0x87][0xd5]bL1[0x87]Y[0x8d][0x18][0xc6][0xb2]%[0x93][0xb5]nK[0xc6][0x1c][0xb7][0xac]S6[0xb1][0xdc][0xa7][0xd1]b[0xca][0xea];[0xe5][0xaf][0x84][0xd0]{[0xef]8[0x82][0xda]A[0xcf]fv[0xfd][0xe3][0xd0][0x9c][0xb7][0x84][0x95][0xb6][\r]H[0x88][0xf4]/[0xa6][0xff]E[0xbc][0x12]y[0xb1][0xa6][0xb7]5[0x5]Q3[0x91][0x14][0xa5][0xb3][0x91][0xf5][0xa6][0x8f][0xda][0xd9] [0xa2]K[0x9f]J[0x4][0xe2]wbQ"
16:03:45.781 [ForkJoinPool-1-worker-0] DEBUG org.apache.http.headers - http-outgoing-14 << HTTP/1.1 200 OK
16:03:45.781 [ForkJoinPool-1-worker-0] DEBUG org.apache.http.headers - http-outgoing-14 << Date: Fri, 05 Feb 2021 10:33:45 GMT
16:03:45.781 [ForkJoinPool-1-worker-0] DEBUG org.apache.http.headers - http-outgoing-14 << Content-Type: application/json; charset=utf-8
16:03:45.781 [ForkJoinPool-1-worker-0] DEBUG org.apache.http.headers - http-outgoing-14 << Transfer-Encoding: chunked
16:03:45.781 [ForkJoinPool-1-worker-0] DEBUG org.apache.http.headers - http-outgoing-14 << Connection: keep-alive
16:03:45.781 [ForkJoinPool-1-worker-0] DEBUG org.apache.http.headers - http-outgoing-14 << Set-Cookie: __cfduid=d308297114465513e205b49f1d4307a641612521225; expires=Sun, 07-Mar-21 10:33:45 GMT; path=/; domain=.reqres.in; HttpOnly; SameSite=Lax; Secure
16:03:45.781 [ForkJoinPool-1-worker-0] DEBUG org.apache.http.headers - http-outgoing-14 << X-Powered-By: Express
16:03:45.781 [ForkJoinPool-1-worker-0] DEBUG org.apache.http.headers - http-outgoing-14 << Access-Control-Allow-Origin: *
16:03:45.781 [ForkJoinPool-1-worker-0] DEBUG org.apache.http.headers - http-outgoing-14 << Etag: W/"406-ut0vzoCuidvyMf8arZpMpJ6ZRDw"
16:03:45.781 [ForkJoinPool-1-worker-0] DEBUG org.apache.http.headers - http-outgoing-14 << Via: 1.1 vegur
16:03:45.781 [ForkJoinPool-1-worker-0] DEBUG org.apache.http.headers - http-outgoing-14 << Cache-Control: max-age=14400
16:03:45.781 [ForkJoinPool-1-worker-0] DEBUG org.apache.http.headers - http-outgoing-14 << CF-Cache-Status: HIT
16:03:45.781 [ForkJoinPool-1-worker-0] DEBUG org.apache.http.headers - http-outgoing-14 << Age: 3520
16:03:45.781 [ForkJoinPool-1-worker-0] DEBUG org.apache.http.headers - http-outgoing-14 << cf-request-id: 08135a5672000018f05a200000000001
16:03:45.781 [ForkJoinPool-1-worker-0] DEBUG org.apache.http.headers - http-outgoing-14 << Expect-CT: max-age=604800, report-uri="https://report-uri.cloudflare.com/cdn-cgi/beacon/expect-ct"
16:03:45.781 [ForkJoinPool-1-worker-0] DEBUG org.apache.http.headers - http-outgoing-14 << Report-To: {"endpoints":[{"url":"https:\/\/a.nel.cloudflare.com\/report?s=bRxES2yYJqepfwt3JL%2BXgTdIuirIy0BOi%2FgOb290SFV70vc0DckXQAK9ILZzhDYuSq5fV%2BfdGQ6sc51lJ2L7%2BYil3zwSXuho1S0%3D"}],"group":"cf-nel","max_age":604800}
16:03:45.781 [ForkJoinPool-1-worker-0] DEBUG org.apache.http.headers - http-outgoing-14 << NEL: {"max_age":604800,"report_to":"cf-nel"}
16:03:45.781 [ForkJoinPool-1-worker-0] DEBUG org.apache.http.headers - http-outgoing-14 << Vary: Accept-Encoding
16:03:45.781 [ForkJoinPool-1-worker-0] DEBUG org.apache.http.headers - http-outgoing-14 << Server: cloudflare
16:03:45.781 [ForkJoinPool-1-worker-0] DEBUG org.apache.http.headers - http-outgoing-14 << CF-RAY: 61cbf99d8b5f18f0-SIN
16:03:45.781 [ForkJoinPool-1-worker-0] DEBUG org.apache.http.headers - http-outgoing-14 << Content-Encoding: gzip
16:03:45.781 [ForkJoinPool-1-worker-0] DEBUG org.apache.http.impl.execchain.MainClientExec - Connection can be kept alive indefinitely
16:03:45.796 [ForkJoinPool-1-worker-0] DEBUG org.apache.http.client.protocol.ResponseProcessCookies - Cookie accepted [__cfduid="d308297114465513e205b49f1d4307a641612521225", version:0, domain:reqres.in, path:/, expiry:Sun Mar 07 16:03:45 IST 2021]
16:03:45.796 [ForkJoinPool-1-worker-0] DEBUG org.apache.http.wire - http-outgoing-14 << "[0xba][0x10][0x83]@&[0x81][0xde]3[0x95][0x1a]#Ug[0xb0][0xdf]]]>&#x7f;<![CDATA[[0x2][0xf6][0x16][0x88]W[0x6][0x4][0x0][0x0][\r][\n]"
16:03:45.796 [ForkJoinPool-1-worker-0] DEBUG org.apache.http.wire - http-outgoing-14 << "0[\r][\n]"
16:03:45.796 [ForkJoinPool-1-worker-0] DEBUG org.apache.http.wire - http-outgoing-14 << "[\r][\n]"
16:03:45.796 [ForkJoinPool-1-worker-0] DEBUG org.apache.http.impl.conn.PoolingHttpClientConnectionManager - Connection [id: 14][route: {s}->https://reqres.in:443] can be kept alive indefinitely
16:03:45.796 [ForkJoinPool-1-worker-0] DEBUG org.apache.http.impl.conn.DefaultManagedHttpClientConnection - http-outgoing-14: set socket timeout to 0
16:03:45.796 [ForkJoinPool-1-worker-0] DEBUG org.apache.http.impl.conn.PoolingHttpClientConnectionManager - Connection released: [id: 14][route: {s}->https://reqres.in:443][total available: 1; route allocated: 1 of 5; total allocated: 1 of 10]
16:03:45.796 [ForkJoinPool-1-worker-0] DEBUG com.intuit.karate - response time in milliseconds: 224.38
1 < 200
1 < Access-Control-Allow-Origin: *
1 < Age: 3520
1 < CF-Cache-Status: HIT
1 < CF-RAY: 61cbf99d8b5f18f0-SIN
1 < Cache-Control: max-age=14400
1 < Connection: keep-alive
1 < Content-Type: application/json; charset=utf-8
1 < Date: Fri, 05 Feb 2021 10:33:45 GMT
1 < Etag: W/"406-ut0vzoCuidvyMf8arZpMpJ6ZRDw"
1 < Expect-CT: max-age=604800, report-uri="https://report-uri.cloudflare.com/cdn-cgi/beacon/expect-ct"
1 < NEL: {"max_age":604800,"report_to":"cf-nel"}
1 < Report-To: {"endpoints":[{"url":"https:\/\/a.nel.cloudflare.com\/report?s=bRxES2yYJqepfwt3JL%2BXgTdIuirIy0BOi%2FgOb290SFV70vc0DckXQAK9ILZzhDYuSq5fV%2BfdGQ6sc51lJ2L7%2BYil3zwSXuho1S0%3D"}],"group":"cf-nel","max_age":604800}
1 < Server: cloudflare
1 < Set-Cookie: __cfduid=d308297114465513e205b49f1d4307a641612521225; expires=Sun, 07-Mar-21 10:33:45 GMT; path=/; domain=.reqres.in; HttpOnly; SameSite=Lax; Secure
1 < Transfer-Encoding: chunked
1 < Vary: Accept-Encoding
1 < Via: 1.1 vegur
1 < X-Powered-By: Express
1 < cf-request-id: 08135a5672000018f05a200000000001
{"page":2,"per_page":6,"total":12,"total_pages":2,"data":[{"id":7,"email":"michael.lawson@reqres.in","first_name":"Michael","last_name":"Lawson","avatar":"https://reqres.in/img/faces/7-image.jpg"},{"id":8,"email":"lindsay.ferguson@reqres.in","first_name":"Lindsay","last_name":"Ferguson","avatar":"https://reqres.in/img/faces/8-image.jpg"},{"id":9,"email":"tobias.funke@reqres.in","first_name":"Tobias","last_name":"Funke","avatar":"https://reqres.in/img/faces/9-image.jpg"},{"id":10,"email":"byron.fields@reqres.in","first_name":"Byron","last_name":"Fields","avatar":"https://reqres.in/img/faces/10-image.jpg"},{"id":11,"email":"george.edwards@reqres.in","first_name":"George","last_name":"Edwards","avatar":"https://reqres.in/img/faces/11-image.jpg"},{"id":12,"email":"rachel.howell@reqres.in","first_name":"Rachel","last_name":"Howell","avatar":"https://reqres.in/img/faces/12-image.jpg"}],"support":{"url":"https://reqres.in/#support-heading","text":"To keep ReqRes free, contributions towards server costs are appreciated!"}}

16:03:45.796 [ForkJoinPool-1-worker-0] DEBUG com.jayway.jsonpath.internal.path.CompiledPath - Evaluating path: $
16:03:45.796 [ForkJoinPool-1-worker-0] DEBUG com.jayway.jsonpath.internal.path.CompiledPath - Evaluating path: $
16:03:45.796 [ForkJoinPool-1-worker-0] INFO com.intuit.karate - [print] {
  "per_page": 6,
  "total": 12,
  "data": [
    {
      "last_name": "Lawson",
      "id": 7,
      "avatar": "https://reqres.in/img/faces/7-image.jpg",
      "first_name": "Michael",
      "email": "michael.lawson@reqres.in"
    },
    {
      "last_name": "Ferguson",
      "id": 8,
      "avatar": "https://reqres.in/img/faces/8-image.jpg",
      "first_name": "Lindsay",
      "email": "lindsay.ferguson@reqres.in"
    },
    {
      "last_name": "Funke",
      "id": 9,
      "avatar": "https://reqres.in/img/faces/9-image.jpg",
      "first_name": "Tobias",
      "email": "tobias.funke@reqres.in"
    },
    {
      "last_name": "Fields",
      "id": 10,
      "avatar": "https://reqres.in/img/faces/10-image.jpg",
      "first_name": "Byron",
      "email": "byron.fields@reqres.in"
    },
    {
      "last_name": "Edwards",
      "id": 11,
      "avatar": "https://reqres.in/img/faces/11-image.jpg",
      "first_name": "George",
      "email": "george.edwards@reqres.in"
    },
    {
      "last_name": "Howell",
      "id": 12,
      "avatar": "https://reqres.in/img/faces/12-image.jpg",
      "first_name": "Rachel",
      "email": "rachel.howell@reqres.in"
    }
  ],
  "page": 2,
  "total_pages": 2,
  "support": {
    "text": "To keep ReqRes free, contributions towards server costs are appreciated!",
    "url": "https://reqres.in/#support-heading"
  }
}

File ==> C:\Work\KarateWorkspace\jsonResult.json
16:03:45.796 [ForkJoinPool-1-worker-0] INFO com.intuit.karate - after scenario inside config 
16:03:45.796 [ForkJoinPool-1-worker-0] INFO com.intuit.karate - From karate-config file 
16:03:45.796 [ForkJoinPool-1-worker-0] DEBUG com.jayway.jsonpath.internal.path.CompiledPath - Evaluating path: $
16:03:45.796 [ForkJoinPool-1-worker-0] DEBUG com.jayway.jsonpath.internal.path.CompiledPath - Evaluating path: $
16:03:45.796 [ForkJoinPool-1-worker-0] DEBUG com.jayway.jsonpath.internal.path.CompiledPath - Evaluating path: $
16:03:45.796 [ForkJoinPool-1-worker-0] DEBUG com.jayway.jsonpath.internal.path.CompiledPath - Evaluating path: $
16:03:45.796 [ForkJoinPool-1-worker-0] INFO com.intuit.karate - [print] {
  "per_page": 6,
  "total": 12,
  "data": [
    {
      "last_name": "Lawson",
      "id": 7,
      "avatar": "https://reqres.in/img/faces/7-image.jpg",
      "first_name": "Michael",
      "email": "michael.lawson@reqres.in"
    },
    {
      "last_name": "Ferguson",
      "id": 8,
      "avatar": "https://reqres.in/img/faces/8-image.jpg",
      "first_name": "Lindsay",
      "email": "lindsay.ferguson@reqres.in"
    },
    {
      "last_name": "Funke",
      "id": 9,
      "avatar": "https://reqres.in/img/faces/9-image.jpg",
      "first_name": "Tobias",
      "email": "tobias.funke@reqres.in"
    },
    {
      "last_name": "Fields",
      "id": 10,
      "avatar": "https://reqres.in/img/faces/10-image.jpg",
      "first_name": "Byron",
      "email": "byron.fields@reqres.in"
    },
    {
      "last_name": "Edwards",
      "id": 11,
      "avatar": "https://reqres.in/img/faces/11-image.jpg",
      "first_name": "George",
      "email": "george.edwards@reqres.in"
    },
    {
      "last_name": "Howell",
      "id": 12,
      "avatar": "https://reqres.in/img/faces/12-image.jpg",
      "first_name": "Rachel",
      "email": "rachel.howell@reqres.in"
    }
  ],
  "page": 2,
  "total_pages": 2,
  "support": {
    "text": "To keep ReqRes free, contributions towards server costs are appreciated!",
    "url": "https://reqres.in/#support-heading"
  }
}

16:03:45.812 [ForkJoinPool-1-worker-0] INFO com.intuit.karate - [print] This is Karate training....
16:03:45.812 [ForkJoinPool-1-worker-0] INFO com.intuit.karate - after scenario inside config 
16:03:45.812 [pool-1-thread-2] INFO com.intuit.karate.Runner - <<pass>> feature 18 of 26: classpath:featurefiles/KarateTestSuite-16_Writing_ResponseToFile.feature
---------------------------------------------------------
feature: classpath:featurefiles/KarateTestSuite-16_Writing_ResponseToFile.feature
report: build\surefire-reports\featurefiles.KarateTestSuite-16_Writing_ResponseToFile.json
scenarios:  2 | passed:  2 | failed:  0 | time: 0.2413
---------------------------------------------------------
16:03:45.812 [ForkJoinPool-1-worker-0] INFO com.intuit.karate - From karate-config file 
16:03:45.812 [ForkJoinPool-1-worker-0] DEBUG com.jayway.jsonpath.internal.path.CompiledPath - Evaluating path: $
16:03:45.827 [ForkJoinPool-1-worker-0] INFO com.intuit.karate - [print] Basic cGFsbWV0b2FkbWluOlBAbG1ldG9AMTIz
16:03:45.827 [ForkJoinPool-1-worker-0] DEBUG org.apache.http.client.protocol.RequestAddCookies - CookieSpec selected: karate
16:03:45.827 [ForkJoinPool-1-worker-0] DEBUG org.apache.http.client.protocol.RequestAuthCache - Auth cache not set in the context
16:03:45.827 [ForkJoinPool-1-worker-0] DEBUG com.intuit.karate - request:
1 > GET https://192.168.1.62:8089/services/search/jobs
1 > Accept-Encoding: gzip,deflate
1 > Authorization: Basic cGFsbWV0b2FkbWluOlBAbG1ldG9AMTIz
1 > Connection: Keep-Alive
1 > Host: 192.168.1.62:8089
1 > User-Agent: Apache-HttpClient/4.5.12 (Java/1.8.0_251)

16:03:45.827 [ForkJoinPool-1-worker-0] DEBUG org.apache.http.impl.conn.PoolingHttpClientConnectionManager - Connection request: [route: {s}->https://192.168.1.62:8089][total available: 0; route allocated: 0 of 5; total allocated: 0 of 10]
16:03:45.827 [ForkJoinPool-1-worker-0] DEBUG org.apache.http.impl.conn.PoolingHttpClientConnectionManager - Connection leased: [id: 15][route: {s}->https://192.168.1.62:8089][total available: 0; route allocated: 1 of 5; total allocated: 1 of 10]
16:03:45.827 [ForkJoinPool-1-worker-0] DEBUG org.apache.http.impl.execchain.MainClientExec - Opening connection {s}->https://192.168.1.62:8089
16:03:45.827 [ForkJoinPool-1-worker-0] DEBUG org.apache.http.impl.conn.DefaultHttpClientConnectionOperator - Connecting to /192.168.1.62:8089
16:03:45.827 [ForkJoinPool-1-worker-0] DEBUG org.apache.http.conn.ssl.LenientSslConnectionSocketFactory - Connecting socket to /192.168.1.62:8089 with timeout 5000
16:03:45.827 [ForkJoinPool-1-worker-0] DEBUG org.apache.http.conn.ssl.LenientSslConnectionSocketFactory - Enabled protocols: [TLSv1, TLSv1.1, TLSv1.2]
16:03:45.827 [ForkJoinPool-1-worker-0] DEBUG org.apache.http.conn.ssl.LenientSslConnectionSocketFactory - Enabled cipher suites:[TLS_ECDHE_ECDSA_WITH_AES_256_CBC_SHA384, TLS_ECDHE_RSA_WITH_AES_256_CBC_SHA384, TLS_RSA_WITH_AES_256_CBC_SHA256, TLS_ECDH_ECDSA_WITH_AES_256_CBC_SHA384, TLS_ECDH_RSA_WITH_AES_256_CBC_SHA384, TLS_DHE_RSA_WITH_AES_256_CBC_SHA256, TLS_DHE_DSS_WITH_AES_256_CBC_SHA256, TLS_ECDHE_ECDSA_WITH_AES_256_CBC_SHA, TLS_ECDHE_RSA_WITH_AES_256_CBC_SHA, TLS_RSA_WITH_AES_256_CBC_SHA, TLS_ECDH_ECDSA_WITH_AES_256_CBC_SHA, TLS_ECDH_RSA_WITH_AES_256_CBC_SHA, TLS_DHE_RSA_WITH_AES_256_CBC_SHA, TLS_DHE_DSS_WITH_AES_256_CBC_SHA, TLS_ECDHE_ECDSA_WITH_AES_128_CBC_SHA256, TLS_ECDHE_RSA_WITH_AES_128_CBC_SHA256, TLS_RSA_WITH_AES_128_CBC_SHA256, TLS_ECDH_ECDSA_WITH_AES_128_CBC_SHA256, TLS_ECDH_RSA_WITH_AES_128_CBC_SHA256, TLS_DHE_RSA_WITH_AES_128_CBC_SHA256, TLS_DHE_DSS_WITH_AES_128_CBC_SHA256, TLS_ECDHE_ECDSA_WITH_AES_128_CBC_SHA, TLS_ECDHE_RSA_WITH_AES_128_CBC_SHA, TLS_RSA_WITH_AES_128_CBC_SHA, TLS_ECDH_ECDSA_WITH_AES_128_CBC_SHA, TLS_ECDH_RSA_WITH_AES_128_CBC_SHA, TLS_DHE_RSA_WITH_AES_128_CBC_SHA, TLS_DHE_DSS_WITH_AES_128_CBC_SHA, TLS_ECDHE_ECDSA_WITH_AES_256_GCM_SHA384, TLS_ECDHE_ECDSA_WITH_AES_128_GCM_SHA256, TLS_ECDHE_RSA_WITH_AES_256_GCM_SHA384, TLS_RSA_WITH_AES_256_GCM_SHA384, TLS_ECDH_ECDSA_WITH_AES_256_GCM_SHA384, TLS_ECDH_RSA_WITH_AES_256_GCM_SHA384, TLS_DHE_RSA_WITH_AES_256_GCM_SHA384, TLS_DHE_DSS_WITH_AES_256_GCM_SHA384, TLS_ECDHE_RSA_WITH_AES_128_GCM_SHA256, TLS_RSA_WITH_AES_128_GCM_SHA256, TLS_ECDH_ECDSA_WITH_AES_128_GCM_SHA256, TLS_ECDH_RSA_WITH_AES_128_GCM_SHA256, TLS_DHE_RSA_WITH_AES_128_GCM_SHA256, TLS_DHE_DSS_WITH_AES_128_GCM_SHA256, TLS_EMPTY_RENEGOTIATION_INFO_SCSV]
16:03:45.827 [ForkJoinPool-1-worker-0] DEBUG org.apache.http.conn.ssl.LenientSslConnectionSocketFactory - Starting handshake
16:03:45.843 [ForkJoinPool-1-worker-0] DEBUG org.apache.http.conn.ssl.LenientSslConnectionSocketFactory - Secure session established
16:03:45.843 [ForkJoinPool-1-worker-0] DEBUG org.apache.http.conn.ssl.LenientSslConnectionSocketFactory -  negotiated protocol: TLSv1.2
16:03:45.843 [ForkJoinPool-1-worker-0] DEBUG org.apache.http.conn.ssl.LenientSslConnectionSocketFactory -  negotiated cipher suite: TLS_ECDHE_RSA_WITH_AES_256_CBC_SHA384
16:03:45.843 [ForkJoinPool-1-worker-0] DEBUG org.apache.http.conn.ssl.LenientSslConnectionSocketFactory -  peer principal: O=SplunkUser, CN=SplunkServerDefaultCert
16:03:45.843 [ForkJoinPool-1-worker-0] DEBUG org.apache.http.conn.ssl.LenientSslConnectionSocketFactory -  issuer principal: EMAILADDRESS=support@splunk.com, CN=SplunkCommonCA, O=Splunk, L=San Francisco, ST=CA, C=US
16:03:45.843 [ForkJoinPool-1-worker-0] DEBUG org.apache.http.impl.conn.DefaultHttpClientConnectionOperator - Connection established 192.168.1.53:62841<->192.168.1.62:8089
16:03:45.843 [ForkJoinPool-1-worker-0] DEBUG org.apache.http.impl.conn.DefaultManagedHttpClientConnection - http-outgoing-15: set socket timeout to 5000
16:03:45.843 [ForkJoinPool-1-worker-0] DEBUG org.apache.http.impl.execchain.MainClientExec - Executing request GET /services/search/jobs HTTP/1.1
16:03:45.843 [ForkJoinPool-1-worker-0] DEBUG org.apache.http.impl.execchain.MainClientExec - Proxy auth state: UNCHALLENGED
16:03:45.843 [ForkJoinPool-1-worker-0] DEBUG org.apache.http.headers - http-outgoing-15 >> GET /services/search/jobs HTTP/1.1
16:03:45.843 [ForkJoinPool-1-worker-0] DEBUG org.apache.http.headers - http-outgoing-15 >> Authorization: Basic cGFsbWV0b2FkbWluOlBAbG1ldG9AMTIz
16:03:45.859 [ForkJoinPool-1-worker-0] DEBUG org.apache.http.headers - http-outgoing-15 >> Host: 192.168.1.62:8089
16:03:45.859 [ForkJoinPool-1-worker-0] DEBUG org.apache.http.headers - http-outgoing-15 >> Connection: Keep-Alive
16:03:45.859 [ForkJoinPool-1-worker-0] DEBUG org.apache.http.headers - http-outgoing-15 >> User-Agent: Apache-HttpClient/4.5.12 (Java/1.8.0_251)
16:03:45.859 [ForkJoinPool-1-worker-0] DEBUG org.apache.http.headers - http-outgoing-15 >> Accept-Encoding: gzip,deflate
16:03:45.859 [ForkJoinPool-1-worker-0] DEBUG org.apache.http.wire - http-outgoing-15 >> "GET /services/search/jobs HTTP/1.1[\r][\n]"
16:03:45.859 [ForkJoinPool-1-worker-0] DEBUG org.apache.http.wire - http-outgoing-15 >> "Authorization: Basic cGFsbWV0b2FkbWluOlBAbG1ldG9AMTIz[\r][\n]"
16:03:45.859 [ForkJoinPool-1-worker-0] DEBUG org.apache.http.wire - http-outgoing-15 >> "Host: 192.168.1.62:8089[\r][\n]"
16:03:45.859 [ForkJoinPool-1-worker-0] DEBUG org.apache.http.wire - http-outgoing-15 >> "Connection: Keep-Alive[\r][\n]"
16:03:45.859 [ForkJoinPool-1-worker-0] DEBUG org.apache.http.wire - http-outgoing-15 >> "User-Agent: Apache-HttpClient/4.5.12 (Java/1.8.0_251)[\r][\n]"
16:03:45.859 [ForkJoinPool-1-worker-0] DEBUG org.apache.http.wire - http-outgoing-15 >> "Accept-Encoding: gzip,deflate[\r][\n]"
16:03:45.859 [ForkJoinPool-1-worker-0] DEBUG org.apache.http.wire - http-outgoing-15 >> "[\r][\n]"
16:03:45.859 [ForkJoinPool-1-worker-0] DEBUG org.apache.http.wire - http-outgoing-15 << "HTTP/1.1 200 OK[\r][\n]"
16:03:45.859 [ForkJoinPool-1-worker-0] DEBUG org.apache.http.wire - http-outgoing-15 << "Date: Fri, 05 Feb 2021 10:33:45 GMT[\r][\n]"
16:03:45.859 [ForkJoinPool-1-worker-0] DEBUG org.apache.http.wire - http-outgoing-15 << "Expires: Thu, 26 Oct 1978 00:00:00 GMT[\r][\n]"
16:03:45.859 [ForkJoinPool-1-worker-0] DEBUG org.apache.http.wire - http-outgoing-15 << "Cache-Control: no-store, no-cache, must-revalidate, max-age=0[\r][\n]"
16:03:45.859 [ForkJoinPool-1-worker-0] DEBUG org.apache.http.wire - http-outgoing-15 << "Content-Type: text/xml; charset=UTF-8[\r][\n]"
16:03:45.859 [ForkJoinPool-1-worker-0] DEBUG org.apache.http.wire - http-outgoing-15 << "X-Content-Type-Options: nosniff[\r][\n]"
16:03:45.859 [ForkJoinPool-1-worker-0] DEBUG org.apache.http.wire - http-outgoing-15 << "Content-Length: 2245[\r][\n]"
16:03:45.859 [ForkJoinPool-1-worker-0] DEBUG org.apache.http.wire - http-outgoing-15 << "Content-Encoding: gzip[\r][\n]"
16:03:45.859 [ForkJoinPool-1-worker-0] DEBUG org.apache.http.wire - http-outgoing-15 << "Vary: Accept-Encoding, Cookie, Authorization[\r][\n]"
16:03:45.859 [ForkJoinPool-1-worker-0] DEBUG org.apache.http.wire - http-outgoing-15 << "Connection: Keep-Alive[\r][\n]"
16:03:45.859 [ForkJoinPool-1-worker-0] DEBUG org.apache.http.wire - http-outgoing-15 << "X-Frame-Options: SAMEORIGIN[\r][\n]"
16:03:45.859 [ForkJoinPool-1-worker-0] DEBUG org.apache.http.wire - http-outgoing-15 << "Server: Splunkd[\r][\n]"
16:03:45.859 [ForkJoinPool-1-worker-0] DEBUG org.apache.http.wire - http-outgoing-15 << "[\r][\n]"
16:03:45.859 [ForkJoinPool-1-worker-0] DEBUG org.apache.http.headers - http-outgoing-15 << HTTP/1.1 200 OK
16:03:45.859 [ForkJoinPool-1-worker-0] DEBUG org.apache.http.headers - http-outgoing-15 << Date: Fri, 05 Feb 2021 10:33:45 GMT
16:03:45.859 [ForkJoinPool-1-worker-0] DEBUG org.apache.http.headers - http-outgoing-15 << Expires: Thu, 26 Oct 1978 00:00:00 GMT
16:03:45.859 [ForkJoinPool-1-worker-0] DEBUG org.apache.http.headers - http-outgoing-15 << Cache-Control: no-store, no-cache, must-revalidate, max-age=0
16:03:45.859 [ForkJoinPool-1-worker-0] DEBUG org.apache.http.headers - http-outgoing-15 << Content-Type: text/xml; charset=UTF-8
16:03:45.859 [ForkJoinPool-1-worker-0] DEBUG org.apache.http.headers - http-outgoing-15 << X-Content-Type-Options: nosniff
16:03:45.859 [ForkJoinPool-1-worker-0] DEBUG org.apache.http.headers - http-outgoing-15 << Content-Length: 2245
16:03:45.859 [ForkJoinPool-1-worker-0] DEBUG org.apache.http.headers - http-outgoing-15 << Content-Encoding: gzip
16:03:45.859 [ForkJoinPool-1-worker-0] DEBUG org.apache.http.headers - http-outgoing-15 << Vary: Accept-Encoding, Cookie, Authorization
16:03:45.859 [ForkJoinPool-1-worker-0] DEBUG org.apache.http.headers - http-outgoing-15 << Connection: Keep-Alive
16:03:45.859 [ForkJoinPool-1-worker-0] DEBUG org.apache.http.headers - http-outgoing-15 << X-Frame-Options: SAMEORIGIN
16:03:45.859 [ForkJoinPool-1-worker-0] DEBUG org.apache.http.headers - http-outgoing-15 << Server: Splunkd
16:03:45.859 [ForkJoinPool-1-worker-0] DEBUG org.apache.http.impl.execchain.MainClientExec - Connection can be kept alive indefinitely
16:03:45.859 [ForkJoinPool-1-worker-0] DEBUG org.apache.http.wire - http-outgoing-15 << "[0x1f][0x8b][0x8][0x0][0x9][0x1f][0x1d]`[0x0][0x3][0xed]\ko[0xe3][0xb8][0x15][0xfd]>[0xbf]B[0x15]0_[0xda][0xda][0x92][0xfc][0x8a][0xe3]:^[0xec]L&[0xc0][0x0]3[0xdd]4[0xf6]v[0xfb]@![0xd0][0xd2][0xb5][0xcd][0x8d]$[0xaa]$e[0xc7][0xdb][0xed]]]>&#x7f;<![CDATA[[0xef][0xa5][0x1e]v[0x1c]?Dg2cg+8[0x3]X[0xd6]=[0xe4]!yy[0x1f][0xe4][0xc5][0xf4][0xbf]{[0x8][0x3]c[0xe]\P[0x16]][0x99]N[0xdd]6[\r][0x88]<[0xe6][0xd3]hze[0xfe]8[0xba][0xa9]u[0xcd][0xef][0x6]o[0xfa][0xbf][0xab][0xd5]F3*[0xc][0xfc][0x93][0xcc]`[0x8][0xe0][0xd4][0x7]c[0xcc][0xd9]B[0x0]7&[0x8c][0x87]DJ[0x4][0xfd][0xc9][0x10][0x0][0xf8][0x8f][0xa3]H[0xdd]c[0xd1][0xe4][0x9f]3)[0xe3]a[0xfa][0xfc]/[0x85][0xf5][0xa9] [0xe3][0x0][0xea]F[0xf5][0xa9]>[0xd5][0xe7][0xd5]|j54[0x3][0xca]Z[0xd4][0x84]\[0x6] f[0x0][0xd2][0x90][0xcb][0x18][0xae]L[0x9][0xf][0xd2][0xc2]7[0xa6]1[0xe3]0[0xb9]2-![0x89][0xa4][0x9e]E$[0xb][0xeb][0xf]"H-[0xc8][0x4][0xc0]7P([0x12]W[0xa6]2[0x9]=[0xcb]Z,[0x16][0xf5]E[0xb3][0xce][0xf8][0xd4]j[0xd8]v[0xdb][0xfa][0x1e][0xe5][0xcd]L[0xa6][0xb7][0x96][0xf2]a^[0x17]q[0x90]D[0xf7]hOB+[0x12][0x16][0x7]![0xb]9[0x16]C$[0x80]po[0xb6][0x2][0x90][0xcb]T[0xb0]f[0x89][0x18]<k-`9u[0xc7]2[0x7]o[0xc][0xa3]/[0xa9][0xc]`[0xf0]3[0x1b][0x8b][0xbe][0x95]}W[0xbf]R]]>&#x7f;<![CDATA[[0xa0][0x9a][0x10][0xd8][0x86]s[0xd9][0xa8];[0x9d]n[0xdd][0xa9]w[0x1a][0xbd][0xae][0xdd][0xbd][0xb4][0x94]I[0xa3][0x1e][0x8]+o,[0x3]#D![0x93][0xd8]'[0x12][0xfc]A[0xc3]n85[0xbb]Q[0xb3][0xdb]#[0xa7][0xd3][0xb3][0x9b][0xbd]V[0xfb][0xf]v[0xbb][0xd7][0xb4][0xfb]V![0xa2][0xc4][0xa7][0x10][0x1][0xc7][0xd9][0xe1][0xc6]8[0xa1][0x81]]]>&#x7f;<![CDATA[e[0xda]][0xa7]{[0xd1]n[0xb6]=[0xa7][0xd3]1[0xd7][0xe6]X[0xf5][0xef][0x98]V[0x8a]![0x89][0x9c]1[0xae][0xbe][0xe2]CDB[0x18][0xc][0xd3]I[0xe9][[0xe9][0x83][0x12][0xb1][0xd6]2[0xfd][0xf5][0xb0]{[0x92]I[0x12][0xdc][0x81]H[0x2])[0x6][0x8d][0xbe][0xb5][0xef][0xd5][0x13][0x18][0x95][0x10][0x8a][[0xe0][0xb7]d[\n]"
16:03:45.859 [ForkJoinPool-1-worker-0] DEBUG org.apache.http.wire - http-outgoing-15 << "[0x3]{[0x3][0xb6][0xf1][0xea][0x9][0xc][0xd7][0x9e][0xcb][0x8f][0x91][0xf][0xf]O@[0x8f]^([0x8]D[0x92]/[0xf3][0xe1]dK[0xf0][0xab][0xa1][0xe4][0xe8][0x1c][0xc6][0x89]w[0xf][0xf2][0xf1][0xd2]<gq,[0xe1][0xcd][0xc0]O[0x2][0xe0][0xae][0x1b][0xb1]1[0xf3][0x97][0xae][0xd7]|'[0xfc][0x9f][0xda][0xfc]o[0x8d][0x9b][0xe5][0xdf][0x1b][0xb3][0xd8][0xf][0xff][0xba]t[0xdd][0xbb][0xcf][0xd7][0xed][0xd6]E[0xd3][0x1b][0x13][0xaf][0xdb][0xf4];[0xde][0xa5]?[0xbe]p[0x89]t[0x9d][0x8e][0xd3]h;[0xdd]V[0xc3]v[0x1b][0xad]b[0xa9][0xf7],v[0xbb][0xe7]\[0xf4]l[0xa7][0xde][0xb6][0x1b];[0x16][0x1c]A[0x1][0x8d][0xee]W[0xdb][0xe3][0xab][0xb3]5[\r][0xe][0xc1][0x95]I[0x2][0x9]<B[0x16][0x99][0xe]![0x8d]8[0x19][0x7][0x14][0xf7][0xee].[0xf6]v[0xdd][0xb6][0xed][0x82][0xfd]Z[0xf0][0x14][0xfc][0xf3][0x96][0xeb][0x1][0x9b][0xe6]Cy[0xf4][0x83]uJJ[0xae][0x84][0x0]B@[0xdd][0xad][0xff],X[0xb4][0xc1][0xee][0xe9][0xbb][0x13][0x11][0x85]9[0xee]-[0x91]3[0xcb][0x1f]ND[0x85]g[0xa6]%[0xe7]R<[0x9d][0x96][0x8c][0x1b]s[0x98]SXl[0x92]Z[0xfd]z"r[0x92][0x86][0x80]]B[0xce]j[0xf5]x*eO[0xc2][0x90][0xf0]e[0xa1][0xde][0xf9][0xd3][0x89][0xc8]`[0x1a]!9[0xb]r2[0xc5]SA[0xe6][0xb1]c,\c[0x16]/[0xd4][0xc4]R[0xa0][0xa7][0xaa]%[0xc8]q[0xed]&7[0x1d]%>[0xa9][0x6]q[0x93]<[\r]fV-[0x8a][0x9e]O=Y<[0xa6]?[0xdc][0xc3][0xd2]P[0xed]![0x1b][0x12][\r][0xd3][0xd9][0xa1][0xbf][0x80][0xa9]<^[0xfa]r[0x9f]p[0xc2][0x5][0xe3]#\[s[0xe0]\^[0xd8]5[0x1b]M[0xb0]3JM[0xee][0x13][0xfb]{[0xa8][0x19][0x1f]&[0x4]uvH[0xe6]0[0x1a]}2[0x7][0x1d][0xbb][0xd5][0xb5][0xf5]0[0xb9]|[0xa9]p[0x0]S[0xe5]6[0x6][0xab][0x85],[0x1]Pq[0xff][0xa3][0xc0]h[0xc0][0x1c][0xb4][0x9b][0x8d]V[0xb7]T:&[0xd2][0x9b][\r]e[0xda][0xc7][0xf5][0xf]]]>&#x7f;<![CDATA[[0xfe]P[0x2]`[0x11][0xdc]r6[0xc5][0xbd]*p[0xe6][0xd4]<[0x95][0xe][0x81][0xb3][0xf8]=K"Y[0xba]([0xa8][0xb6][0x1][0xc5][0x88][0xf2][0x8b][0x97]%5[0xb5][0xdf][0xcf][0x9][\r]T[0x82][0xab][0xd9][0xb9][0xc2][0x1c]!zC![0xf0][0x8f][0x90][0xff]([0x86][0x92][0x3][0x9]13[0xc7][0xb1]i[0x1]F<[0x89]<[0x15][0xb9][0xe8][0xf5]0L[0xb7][0xbd]9[0xd8][0x8c][0xdd][0xc][0x1d]$[0xe3]2[0xe5][0x15][0xe1][0xf2][0x1e][0x96][0xa7][0xe2][0x9d]R[0x98][0xcf][0xcc][0x87][0xa2][0xbf][0x12]nT\c[0xab][0xa5]c[0xa6][0xe2]C[0xea] o3[0xeb][0xff]!RKW>r*np[0x99][0xf5][0x4]iD[0x2]4[0xe]:[0xb2][0xb7][0x4]M[0x95][0x96][0xe0][0xb1]t[0xef][0x80][0x4]J[0xc1][0xb5]g[0xef][0xe]B&aT[0xb8][0xa1]r[0x80][0xb2]F:LR[0xb9][0x82]F[0xe9][0xea]([0x2][0xef]S[0xab][0xa9][0xd5][0xf8]?X8[0xa6][0xe5]l[0xf1][0xdb][0x82]q[0x1f]m[0xc9]a9[0xdc][0xc8][0x80][0x8e][0xe0]][0xaa][0xd3][0xc6]{[0x16]/[0x8d][0x11][0xa7][0xd3]i[0x99]9[0xc]p[0xfb][0x14][0x6][0xa5]$[0xce]>[0xd4]L[0xa4]N[0xd5]R[0xdd])[0xe6][0xab]D>[0x9]s[0xc5][0x10][0xa5]S[0xc0]b[0xc]1[0x1e]7[0xbd][0x9d]}[0x1d][0x82][0xc7]3"[0xc0].#[0x94]J9[[0xb6][0xc1][0xf8][0xd5]([0xe2][0x1b]n[0xa0]SW[0x9a]ve[0x1b]1[0xe6][0x87][0x94][0x4].&[0xef]![0x95][0x2]]]>&#x7f;<![CDATA[[0x9][0xc9][0x83][0x9b][0x5][0xb0]n[0x8c][0xb1]D[0x86][0xbf]j[0xa7][0xe6][0xdf][0x98](S[0xa8]N[0x1a][0x84][0x9b][0xa5]Z.[0x8a][0xa3][0x18]e[0xfe]U[0xc7]6r[0xe1][0x92]i[0x88])[0xaa][0x95][0xd3]p[0xba][0x9d]N[0x89] [0xb6][0xcb][0xa9]\[0xa2][0x83]+[0x13]d[0xc8][0x98]D[0x9e][0xbe][0xf7][0xcc]f@o[0x8d]9[0xc4]h6ueUh[0xab][0xe7]-2[0xd9]c[0xdc]E[0x86][0xc8][0x15]N[0xb3][0x93]$[0xba]N8[0x91][0x14][0x93][0xa3][0x81][0x8d][0xd9]{[0xc9][0xa4][0xb][0x12][0xc6][0x1][0xdc])@)[0x9d]Lv[0x8][0x1a]vB[0xac]M[0xd0][0xa7]l[0x87][0xff][0xc7]d[0xb]TF[0xb3]gf[0xe1][0xaa][0xf9]G[0x93][0xc4]1>f[0x81][0xa4][0x9b]+0[0xc7][0xdf][0xc5][0xc]c=[0x9c][0x9e]^*[0xf1][0xdf][0x92][0x9e]0<[0xd4][0x9b][0x1a][0xf1][0xac]m[0x98][0xa1][0xde][0x93][0xe8][0x1d][0xa4]~l[0x84]![0xac]fW[0x9f][0x1e][0xd9][0xa8]u[0xb8][0x9d][0x85]V[0xe5][0xe1]U[0xd6][0xc6]H[0x1d][0x1f]e[0xd6]Q[0x1c]3[0xcc][0x14][0xf7]!@[0x3][0xa4][0xe]'[0xfc][0xe3]ZP;[0xf6][0x85][0x8f]v[0xe][0xf6][0x87][0x16]&[0x11]9[0xc5]RvR[0xa2]6[0xb5][0x9a][0x97]%[0x8a][0x8d][0xde][0xe7]>`[0xc4]w[0x89][0xa7]6[0x83]K[0xa3][0xec][0x6]%[0xdd][0x18][0x9a][0xd0][0x98]a[0x12]Tf[0x80][0x81][0xa7][\r][0xa7][0xd6]h%[0xb2]#[0xa7][0xd9]B*#L"[0xbf][0xbe][0xa9][0x8d][0xe6]&bOC[[0x8d][0xf9][0xf9][0xa6]w[0x5]x"[0xdd][0xf9][0xf6][0xb6][0x15][0xdd][0x89][0xa4][0xd1][0x9c]y)V[0xec][0xb2][0x0]{0q"[0xd1][0x8b][0xec][0xd1][0xa6][0x9d][0x18][0x96]H[\r][0x90][0xfa]y[0xc7][0xbc][0xed][0x12][0xde]9[0x99]+[0xaf][0xf7][0xcc]y[0xfc]m[0xcc]F[0x91][0xfe][0xd5]=t5[0xb2][0xb0][0xc4][0xd9])[0xf4][0xc7]h[0xc2][0x89][0x90]<[0xf1]d[0xc2][0xe1][0xa5][0xd4][0xcd][0xb6][0xb5]'Kc[0x82][0xbf]x[0xdc]0'A[0x82]#]]>&#x7f;<![CDATA[[0x99][0xcd][0xb5][0xc1][0xb9][0xf1][0xb5]8OT[0x1a][0xf3][0x13]F@0b[0xd7][0x98][0xed]]]>&#x7f;<![CDATA[M[\r][0xfe]b[0xb2][0xa8]W~[0x96][0xd7]}[0x8c][0xf2][0xdb][0x8d][0xb3][0xe6][0xbb]:[0xed];g[0x92][0xb][0xb5][0xf8][0xc3][0xd4][0x1b][0xbe][0x4][0xcf][0xe6][0xb][0xf3]L[0xaf][0x97][0x92]8[0xad]9[0xa0][0xd3]U[0x94][0xf9]B[0x6][0xc4][0xd9]G[0xf7][n[0xc6]b[0x88]3[0xf4]%l2y[0xb1][0xc1][0xb5][0xb7][0xcf][0xeb][0xbe][0xc1][0xe0][0xb6][0x5][0xf][0xc7]2![0x8]u[0xc2](v[0x5]2[0x96]n#[0x1c][0xfe][0x9d][0xa8][0xdb][0xe3][0xe3][0x82]![0x92]H[0xe6]z*[0x8a][\n]"
16:03:45.859 [ForkJoinPool-1-worker-0] DEBUG org.apache.http.wire - http-outgoing-15 << "[0xf6][0xb9][0xc3]m[0xf9]X[0x1d][0xe6]h[0x89][0x8f][0xf7][0x7][0x97][[0xb2][0xc5]i[0xa5]+[0xd3][0xc8][0xbd][0x1c]@[0xd5][0x8d][0xab][[0xc0][0xf4][0x11][0xd9][0x19][0x86][0xb6]<[0xf8][0xea][0x88][0xe9](Rk[0xc8]g[0x1a][\r]c[0xb2]+[0xf4]-C[0xfe]0[0x99][0x8][0xd0]b[0x99][0x8d]'[0x9f][0xb6][0x88]-4[0x10][0x8c][0xdd]'[0xf1]^[0x93][0xba][0xa9][0x9c][0xe4][0xa1][0x8][0x97][0xda][0xbb][0xd3][0xa7][0x9d][0x90][0x8c][0x8d][0x86]0[0xc7]t[0xc7][0x3]w[0x82][0xfa][0x8b]|t[0x0][0xd2][0xc5][0xa4][0xe7]~B[0x3]=[0x95]Ey$D[0xc3]$t[0x85][0xe6]Rd[0x19][0xb7][0xcb][0xf7][0xa5][0xe7][0xdb][0x80][0x98],"7[0xe6][0xcc][0xcb][0xce][0xf1][0xcb][0x11]j~[0xdc],52[0x7]ooFoG[0xf5][0xb7]]]>&#x7f;<![CDATA[y[0xdb][0xfb][0xa5][0x1c][0x99]P[0xb7][0xf0]\[0xae]J[0xd4]5[0xc6][0xf3][0x18][0x92]^[0x5][0xee][0xc2][0x1c]k[0xb5][0x80][0xd0][0x1e][0xf1][0x82]#[\r][0xe][0xe6]m[0xe1]s[0xbd][0xac][\n]"
16:03:45.859 [ForkJoinPool-1-worker-0] DEBUG org.apache.http.wire - http-outgoing-15 << "~[0xb6][0xa0][0xb9]T@[0xc5][0xe]x[0xfe]RUu[0xc]~[0xaf][0x86][0x93]~;([0xb6][0xeb][0x82]m?N[0xbd][0xdb][0xdd][0xb5][0x9e][0xe3]IC[0x8f][0xd7]>[0xa6][0xe7]z[0xfd][0xec]dj[0xf][0xbb][0x12][0x13][0xc3]|:[0xa1][0xea][0x8e]@o]]>&#x7f;<![CDATA[[0xe6]G[[0x83]i[0xc0][0xc6]$[0xd0][0xf0]sjc=9"[0xd3][0xc8][0x86]I[0xe4][0xe6]+[0xaa]c[0x2][0xd4][0x89][0xca]Ec[0xa7]E=v3f[0xa7]O[0xb7][0x9c][0xcd][0xa9][0xf]|+[0x92]P[0xcb][0xb9]?[0x92][0xd8][0xec][0xac]o[0xe5][0xd7][0xc6][0xea][0xb1]o[0xad][0xaa][0x99]^M]S[0xab][0xab][0xe][0xbf][0x9a]%uM[0xad][0xbc][0xae][0xe9][0xc2]vNZ[0xd7][0x94][0xb3]=[0xb2][0xae][0xa9]`]]>&#x7f;<![CDATA[[0xfa][0xba][0xa6][0x9c][0xff]9[0xd5]5mR:[0xe3][0xba][0xa6][0x82][0xe8][0x19][0xd4]5[0x15]T[0xce][0xa2][0xae][0xe9][0x9][0x99][0xf3][0xaa]k*[0xc8][0x9d]I][0xd3]J[0xd9][0xcf][0xa1][0xae][0xa9] S[0xd5]5=9[0x99][0xa8][0xea][0x9a][0xaa][0xba][0xa6][0xaa][0xae][0xa9][0x4]Q[0xd5]5UuM{[0x4][0xef]OT[0xd7][0xd4][0xaa][0xea][0x9a][0xce][0xb2][0xae][0xc9][0xe9][0x96][0xba][0xc4][0xaa][0xae]i7[0xe2][0x8b][0xea][0x9a]:e5%U][0x93][0xe][0xea][0x85][0xea][0x9a]T[0xb8][0xfd]]]>&#x7f;<![CDATA[U[0xd7][0xb4]:[0xda]9[0xd8][0xdf][0xf1]uM[0x17]UY[0xd3][0xe1][0x9b][0xd4]Nk[0xdf][0xad][0xe8]S[0x8f][0xfe][0x9b]([0xe4][0xa9][0xca][0x9a]6[0xb4][0xa1]*k[0xaa][0xca][0x9a][0xaa][0xb2][0xa6][0xaa][0xac][0xe9]Ey~[0xe5][0xb2][0xa6][0xe7][0xf8][0xab]WS[0xd6][0xb4][0x1d][0xad]|[0x83][0xc1][0x1d]{'Y[0x95]5UeMUYSU[0xd6]T[0x95]5[0x1d][0xb6][0xd2]UY[0xd3]y[0x8e][0xe9][0xb9]^[0xbf]*kz=eM}K[0xfd][0xef]][0x83]7[0xff][0x3]W[0xb3][0xb7][0xa9].P[0x0][0x0]"
16:03:45.859 [ForkJoinPool-1-worker-0] DEBUG org.apache.http.impl.conn.PoolingHttpClientConnectionManager - Connection [id: 15][route: {s}->https://192.168.1.62:8089] can be kept alive indefinitely
16:03:45.859 [ForkJoinPool-1-worker-0] DEBUG org.apache.http.impl.conn.DefaultManagedHttpClientConnection - http-outgoing-15: set socket timeout to 0
16:03:45.859 [ForkJoinPool-1-worker-0] DEBUG org.apache.http.impl.conn.PoolingHttpClientConnectionManager - Connection released: [id: 15][route: {s}->https://192.168.1.62:8089][total available: 1; route allocated: 1 of 5; total allocated: 1 of 10]
16:03:45.859 [ForkJoinPool-1-worker-0] DEBUG com.intuit.karate - response time in milliseconds: 27.46
1 < 200
1 < Cache-Control: no-store, no-cache, must-revalidate, max-age=0
1 < Connection: Keep-Alive
1 < Content-Type: text/xml; charset=UTF-8
1 < Date: Fri, 05 Feb 2021 10:33:45 GMT
1 < Expires: Thu, 26 Oct 1978 00:00:00 GMT
1 < Server: Splunkd
1 < Vary: Accept-Encoding, Cookie, Authorization
1 < X-Content-Type-Options: nosniff
1 < X-Frame-Options: SAMEORIGIN
<?xml version="1.0" encoding="UTF-8"?>
<!--This is to override browser formatting; see server.conf[httpServer] to disable. . . . . . . . . . . . . . . . . . . . . . . . . . . . . . . . . . . . . . . . . . . . . . . . . . . . . . . . . . . . . . . . . . . . . . . . . . . . . . . . . . . . . . . . . . . . . . . . . . . . . . . . . . . . . . . . . . . . . . . . . . . . . . . . . . . . . . . . . . . . . . . . . . . . . . . . . . . . . . . . . . . . . . . . . . . . . . . . . . . . . . . . . . . . . . . . . . . . . . . . . . . . . . . . . . . . . . . . . . . . . . . . . . . . . . . . . . . . . . . . . . . . . . . . . . . . . . . . . . . . . . . . . . . . . . . . . . . . . . . . . . . . . . . . . . . . . . . . . . . . . . . . . . . . . . . . . . . . . . . . . . . . . . . . . . . . . . . . . . . . . . . . . . . . . . . . . . . . . . . . . . . . . . . . . . . . . . . . . . . . . . . . . . . . . . . . . . . . . . . . . . . . . . . . . . . . . . . . . . . . . . . . . . . . . . . . . . . . . . . . . . . . . . . . . . . . . . . . . . . . . . . . . . . . . . . . .-->
<?xml-stylesheet type="text/xml" href="/static/atom.xsl"?>
<feed xmlns="http://www.w3.org/2005/Atom" xmlns:s="http://dev.splunk.com/ns/rest" xmlns:opensearch="http://a9.com/-/spec/opensearch/1.1/">
  <title>jobs</title>
  <id>https://192.168.1.62:8089/services/search/jobs</id>
  <updated>2021-02-05T16:03:45+05:30</updated>
  <generator build="08187535c166" version="8.1.1"/>
  <author>
    <name>Splunk</name>
  </author>
  <opensearch:totalResults>2</opensearch:totalResults>
  <opensearch:itemsPerPage>0</opensearch:itemsPerPage>
  <opensearch:startIndex>0</opensearch:startIndex>
  <entry>
    <title>| archivebuckets</title>
    <id>https://192.168.1.62:8089/services/search/jobs/scheduler__nobody_c3BsdW5rX2FyY2hpdmVy__RMD5473cbac83d6c9db7_at_1612518420_24</id>
    <updated>2021-02-05T15:17:01.502+05:30</updated>
    <link href="/services/search/jobs/scheduler__nobody_c3BsdW5rX2FyY2hpdmVy__RMD5473cbac83d6c9db7_at_1612518420_24" rel="alternate"/>
    <published>2021-02-05T15:17:00.000+05:30</published>
    <link href="/services/search/jobs/scheduler__nobody_c3BsdW5rX2FyY2hpdmVy__RMD5473cbac83d6c9db7_at_1612518420_24/search.log" rel="search.log"/>
    <link href="/services/search/jobs/scheduler__nobody_c3BsdW5rX2FyY2hpdmVy__RMD5473cbac83d6c9db7_at_1612518420_24/search_telemetry.json" rel="search_telemetry.json"/>
    <link href="/services/search/jobs/scheduler__nobody_c3BsdW5rX2FyY2hpdmVy__RMD5473cbac83d6c9db7_at_1612518420_24/events" rel="events"/>
    <link href="/services/search/jobs/scheduler__nobody_c3BsdW5rX2FyY2hpdmVy__RMD5473cbac83d6c9db7_at_1612518420_24/results" rel="results"/>
    <link href="/services/search/jobs/scheduler__nobody_c3BsdW5rX2FyY2hpdmVy__RMD5473cbac83d6c9db7_at_1612518420_24/results_preview" rel="results_preview"/>
    <link href="/services/search/jobs/scheduler__nobody_c3BsdW5rX2FyY2hpdmVy__RMD5473cbac83d6c9db7_at_1612518420_24/timeline" rel="timeline"/>
    <link href="/services/search/jobs/scheduler__nobody_c3BsdW5rX2FyY2hpdmVy__RMD5473cbac83d6c9db7_at_1612518420_24/summary" rel="summary"/>
    <link href="/services/search/jobs/scheduler__nobody_c3BsdW5rX2FyY2hpdmVy__RMD5473cbac83d6c9db7_at_1612518420_24/control" rel="control"/>
    <author>
      <name>splunk-system-user</name>
    </author>
    <content type="text/xml">
      <s:dict>
        <s:key name="canSummarize">0</s:key>
        <s:key name="cursorTime">1970-01-01T05:30:00.000+05:30</s:key>
        <s:key name="defaultSaveTTL">604800</s:key>
        <s:key name="defaultTTL">600</s:key>
        <s:key name="delegate">scheduler</s:key>
        <s:key name="diskUsage">53248</s:key>
        <s:key name="dispatchState">DONE</s:key>
        <s:key name="doneProgress">1.00000</s:key>
        <s:key name="dropCount">0</s:key>
        <s:key name="earliestTime">1970-01-01T05:30:00.000+05:30</s:key>
        <s:key name="eventAvailableCount">0</s:key>
        <s:key name="eventCount">0</s:key>
        <s:key name="eventFieldCount">0</s:key>
        <s:key name="eventIsStreaming">1</s:key>
        <s:key name="eventIsTruncated">0</s:key>
        <s:key name="eventSearch">archivebuckets </s:key>
        <s:key name="eventSorting">none</s:key>
        <s:key name="isBatchModeSearch">0</s:key>
        <s:key name="isDone">1</s:key>
        <s:key name="isEventsPreviewEnabled">0</s:key>
        <s:key name="isFailed">0</s:key>
        <s:key name="isFinalized">0</s:key>
        <s:key name="isPaused">0</s:key>
        <s:key name="isPreviewEnabled">0</s:key>
        <s:key name="isRealTimeSearch">0</s:key>
        <s:key name="isRemoteTimeline">0</s:key>
        <s:key name="isSaved">0</s:key>
        <s:key name="isSavedSearch">1</s:key>
        <s:key name="isTimeCursored">0</s:key>
        <s:key name="isZombie">0</s:key>
        <s:key name="keywords"></s:key>
        <s:key name="label">Bucket Copy Trigger</s:key>
        <s:key name="latestTime">2021-02-05T15:17:00.000+05:30</s:key>
        <s:key name="normalizedSearch"></s:key>
        <s:key name="numPreviews">0</s:key>
        <s:key name="optimizedSearch">| archivebuckets</s:key>
        <s:key name="phase0"></s:key>
        <s:key name="phase1">archivebuckets  | timeliner  remote=0 partial_commits=0 max_events_per_bucket=500000 fieldstats_update_maxperiod=60 bucket=0</s:key>
        <s:key name="pid">121866</s:key>
        <s:key name="priority">5</s:key>
        <s:key name="provenance">scheduler</s:key>
        <s:key name="remoteSearch"></s:key>
        <s:key name="reportSearch"></s:key>
        <s:key name="resultCount">0</s:key>
        <s:key name="resultIsStreaming">1</s:key>
        <s:key name="resultPreviewCount">0</s:key>
        <s:key name="runDuration">0.626</s:key>
        <s:key name="sampleRatio">1</s:key>
        <s:key name="sampleSeed">0</s:key>
        <s:key name="savedSearchLabel">{"owner":"nobody","app":"splunk_archiver","sharing":"app"}</s:key>
        <s:key name="scanCount">0</s:key>
        <s:key name="search">| archivebuckets</s:key>
        <s:key name="searchCanBeEventType">0</s:key>
        <s:key name="searchLatestTime">1612518420.000000000</s:key>
        <s:key name="searchTotalBucketsCount">0</s:key>
        <s:key name="searchTotalEliminatedBucketsCount">0</s:key>
        <s:key name="sid">scheduler__nobody_c3BsdW5rX2FyY2hpdmVy__RMD5473cbac83d6c9db7_at_1612518420_24</s:key>
        <s:key name="statusBuckets">0</s:key>
        <s:key name="ttl">4396</s:key>
        <s:key name="workload_action_information"></s:key>
        <s:key name="workload_pool"></s:key>
        <s:key name="performance">
          <s:dict>
            <s:key name="command.archivebuckets">
              <s:dict>
                <s:key name="duration_secs">0.605</s:key>
                <s:key name="invocations">1</s:key>
                <s:key name="input_count">0</s:key>
                <s:key name="output_count">0</s:key>
              </s:dict>
            </s:key>
            <s:key name="command.timeliner">
              <s:dict>
                <s:key name="invocations">1</s:key>
                <s:key name="input_count">0</s:key>
                <s:key name="output_count">0</s:key>
              </s:dict>
            </s:key>
            <s:key name="dispatch.createdSearchResultInfrastructure">
              <s:dict>
                <s:key name="duration_secs">0.001</s:key>
                <s:key name="invocations">1</s:key>
              </s:dict>
            </s:key>
            <s:key name="dispatch.evaluate.archivebuckets">
              <s:dict>
                <s:key name="invocations">2</s:key>
              </s:dict>
            </s:key>
            <s:key name="dispatch.finalWriteToDisk">
              <s:dict>
                <s:key name="invocations">1</s:key>
              </s:dict>
            </s:key>
            <s:key name="dispatch.readEventsInResults">
              <s:dict>
                <s:key name="invocations">1</s:key>
              </s:dict>
            </s:key>
            <s:key name="dispatch.timeline">
              <s:dict>
                <s:key name="invocations">1</s:key>
              </s:dict>
            </s:key>
            <s:key name="dispatch.writeStatus">
              <s:dict>
                <s:key name="invocations">3</s:key>
              </s:dict>
            </s:key>
            <s:key name="startup.configuration">
              <s:dict>
                <s:key name="duration_secs">0.013</s:key>
                <s:key name="invocations">2</s:key>
              </s:dict>
            </s:key>
            <s:key name="startup.handoff">
              <s:dict>
                <s:key name="duration_secs">0.058</s:key>
                <s:key name="invocations">2</s:key>
              </s:dict>
            </s:key>
          </s:dict>
        </s:key>
        <s:key name="messages">
          <s:dict/>
        </s:key>
        <s:key name="request">
          <s:dict>
            <s:key name="auto_cancel">0</s:key>
            <s:key name="auto_pause">0</s:key>
            <s:key name="buckets">0</s:key>
            <s:key name="earliest_time"></s:key>
            <s:key name="index_earliest"></s:key>
            <s:key name="index_latest"></s:key>
            <s:key name="indexedRealtime"></s:key>
            <s:key name="indexedRealtimeMinSpan"></s:key>
            <s:key name="indexedRealtimeOffset"></s:key>
            <s:key name="latest_time">now</s:key>
            <s:key name="lookups">1</s:key>
            <s:key name="max_count">500000</s:key>
            <s:key name="max_time">0</s:key>
            <s:key name="reduce_freq">10</s:key>
            <s:key name="rt_backfill">0</s:key>
            <s:key name="rt_maximum_span"></s:key>
            <s:key name="sample_ratio">1</s:key>
            <s:key name="spawn_process">1</s:key>
            <s:key name="time_format">%FT%T.%Q%:z</s:key>
            <s:key name="ui_dispatch_app"></s:key>
            <s:key name="ui_dispatch_view"></s:key>
          </s:dict>
        </s:key>
        <s:key name="eai:acl">
          <s:dict>
            <s:key name="perms">
              <s:dict>
                <s:key name="read">
                  <s:list>
                    <s:item>*</s:item>
                    <s:item>splunk-system-user</s:item>
                  </s:list>
                </s:key>
                <s:key name="write">
                  <s:list>
                    <s:item>*</s:item>
                    <s:item>splunk-system-user</s:item>
                  </s:list>
                </s:key>
              </s:dict>
            </s:key>
            <s:key name="owner">splunk-system-user</s:key>
            <s:key name="modifiable">1</s:key>
            <s:key name="sharing">global</s:key>
            <s:key name="app">splunk_archiver</s:key>
            <s:key name="can_write">1</s:key>
            <s:key name="ttl">7200</s:key>
          </s:dict>
        </s:key>
        <s:key name="searchProviders">
          <s:list/>
        </s:key>
      </s:dict>
    </content>
  </entry>
  <entry>
    <title>| archivebuckets</title>
    <id>https://192.168.1.62:8089/services/search/jobs/scheduler__nobody_c3BsdW5rX2FyY2hpdmVy__RMD5473cbac83d6c9db7_at_1612514820_23</id>
    <updated>2021-02-05T14:17:01.701+05:30</updated>
    <link href="/services/search/jobs/scheduler__nobody_c3BsdW5rX2FyY2hpdmVy__RMD5473cbac83d6c9db7_at_1612514820_23" rel="alternate"/>
    <published>2021-02-05T14:17:01.000+05:30</published>
    <link href="/services/search/jobs/scheduler__nobody_c3BsdW5rX2FyY2hpdmVy__RMD5473cbac83d6c9db7_at_1612514820_23/search.log" rel="search.log"/>
    <link href="/services/search/jobs/scheduler__nobody_c3BsdW5rX2FyY2hpdmVy__RMD5473cbac83d6c9db7_at_1612514820_23/search_telemetry.json" rel="search_telemetry.json"/>
    <link href="/services/search/jobs/scheduler__nobody_c3BsdW5rX2FyY2hpdmVy__RMD5473cbac83d6c9db7_at_1612514820_23/events" rel="events"/>
    <link href="/services/search/jobs/scheduler__nobody_c3BsdW5rX2FyY2hpdmVy__RMD5473cbac83d6c9db7_at_1612514820_23/results" rel="results"/>
    <link href="/services/search/jobs/scheduler__nobody_c3BsdW5rX2FyY2hpdmVy__RMD5473cbac83d6c9db7_at_1612514820_23/results_preview" rel="results_preview"/>
    <link href="/services/search/jobs/scheduler__nobody_c3BsdW5rX2FyY2hpdmVy__RMD5473cbac83d6c9db7_at_1612514820_23/timeline" rel="timeline"/>
    <link href="/services/search/jobs/scheduler__nobody_c3BsdW5rX2FyY2hpdmVy__RMD5473cbac83d6c9db7_at_1612514820_23/summary" rel="summary"/>
    <link href="/services/search/jobs/scheduler__nobody_c3BsdW5rX2FyY2hpdmVy__RMD5473cbac83d6c9db7_at_1612514820_23/control" rel="control"/>
    <author>
      <name>splunk-system-user</name>
    </author>
    <content type="text/xml">
      <s:dict>
        <s:key name="canSummarize">0</s:key>
        <s:key name="cursorTime">1970-01-01T05:30:00.000+05:30</s:key>
        <s:key name="defaultSaveTTL">604800</s:key>
        <s:key name="defaultTTL">600</s:key>
        <s:key name="delegate">scheduler</s:key>
        <s:key name="diskUsage">53248</s:key>
        <s:key name="dispatchState">DONE</s:key>
        <s:key name="doneProgress">1.00000</s:key>
        <s:key name="dropCount">0</s:key>
        <s:key name="earliestTime">1970-01-01T05:30:00.000+05:30</s:key>
        <s:key name="eventAvailableCount">0</s:key>
        <s:key name="eventCount">0</s:key>
        <s:key name="eventFieldCount">0</s:key>
        <s:key name="eventIsStreaming">1</s:key>
        <s:key name="eventIsTruncated">0</s:key>
        <s:key name="eventSearch">archivebuckets </s:key>
        <s:key name="eventSorting">none</s:key>
        <s:key name="isBatchModeSearch">0</s:key>
        <s:key name="isDone">1</s:key>
        <s:key name="isEventsPreviewEnabled">0</s:key>
        <s:key name="isFailed">0</s:key>
        <s:key name="isFinalized">0</s:key>
        <s:key name="isPaused">0</s:key>
        <s:key name="isPreviewEnabled">0</s:key>
        <s:key name="isRealTimeSearch">0</s:key>
        <s:key name="isRemoteTimeline">0</s:key>
        <s:key name="isSaved">0</s:key>
        <s:key name="isSavedSearch">1</s:key>
        <s:key name="isTimeCursored">0</s:key>
        <s:key name="isZombie">0</s:key>
        <s:key name="keywords"></s:key>
        <s:key name="label">Bucket Copy Trigger</s:key>
        <s:key name="latestTime">2021-02-05T14:17:00.000+05:30</s:key>
        <s:key name="normalizedSearch"></s:key>
        <s:key name="numPreviews">0</s:key>
        <s:key name="optimizedSearch">| archivebuckets</s:key>
        <s:key name="phase0"></s:key>
        <s:key name="phase1">archivebuckets  | timeliner  remote=0 partial_commits=0 max_events_per_bucket=500000 fieldstats_update_maxperiod=60 bucket=0</s:key>
        <s:key name="pid">118600</s:key>
        <s:key name="priority">5</s:key>
        <s:key name="provenance">scheduler</s:key>
        <s:key name="remoteSearch"></s:key>
        <s:key name="reportSearch"></s:key>
        <s:key name="resultCount">0</s:key>
        <s:key name="resultIsStreaming">1</s:key>
        <s:key name="resultPreviewCount">0</s:key>
        <s:key name="runDuration">0.664</s:key>
        <s:key name="sampleRatio">1</s:key>
        <s:key name="sampleSeed">0</s:key>
        <s:key name="savedSearchLabel">{"owner":"nobody","app":"splunk_archiver","sharing":"app"}</s:key>
        <s:key name="scanCount">0</s:key>
        <s:key name="search">| archivebuckets</s:key>
        <s:key name="searchCanBeEventType">0</s:key>
        <s:key name="searchLatestTime">1612514820.000000000</s:key>
        <s:key name="searchTotalBucketsCount">0</s:key>
        <s:key name="searchTotalEliminatedBucketsCount">0</s:key>
        <s:key name="sid">scheduler__nobody_c3BsdW5rX2FyY2hpdmVy__RMD5473cbac83d6c9db7_at_1612514820_23</s:key>
        <s:key name="statusBuckets">0</s:key>
        <s:key name="ttl">796</s:key>
        <s:key name="workload_action_information"></s:key>
        <s:key name="workload_pool"></s:key>
        <s:key name="performance">
          <s:dict>
            <s:key name="command.archivebuckets">
              <s:dict>
                <s:key name="duration_secs">0.642</s:key>
                <s:key name="invocations">1</s:key>
                <s:key name="input_count">0</s:key>
                <s:key name="output_count">0</s:key>
              </s:dict>
            </s:key>
            <s:key name="command.timeliner">
              <s:dict>
                <s:key name="invocations">1</s:key>
                <s:key name="input_count">0</s:key>
                <s:key name="output_count">0</s:key>
              </s:dict>
            </s:key>
            <s:key name="dispatch.createdSearchResultInfrastructure">
              <s:dict>
                <s:key name="duration_secs">0.001</s:key>
                <s:key name="invocations">1</s:key>
              </s:dict>
            </s:key>
            <s:key name="dispatch.evaluate.archivebuckets">
              <s:dict>
                <s:key name="invocations">2</s:key>
              </s:dict>
            </s:key>
            <s:key name="dispatch.finalWriteToDisk">
              <s:dict>
                <s:key name="invocations">1</s:key>
              </s:dict>
            </s:key>
            <s:key name="dispatch.readEventsInResults">
              <s:dict>
                <s:key name="invocations">1</s:key>
              </s:dict>
            </s:key>
            <s:key name="dispatch.timeline">
              <s:dict>
                <s:key name="invocations">1</s:key>
              </s:dict>
            </s:key>
            <s:key name="dispatch.writeStatus">
              <s:dict>
                <s:key name="invocations">3</s:key>
              </s:dict>
            </s:key>
            <s:key name="startup.configuration">
              <s:dict>
                <s:key name="duration_secs">0.012</s:key>
                <s:key name="invocations">2</s:key>
              </s:dict>
            </s:key>
            <s:key name="startup.handoff">
              <s:dict>
                <s:key name="duration_secs">0.056</s:key>
                <s:key name="invocations">2</s:key>
              </s:dict>
            </s:key>
          </s:dict>
        </s:key>
        <s:key name="messages">
          <s:dict/>
        </s:key>
        <s:key name="request">
          <s:dict>
            <s:key name="auto_cancel">0</s:key>
            <s:key name="auto_pause">0</s:key>
            <s:key name="buckets">0</s:key>
            <s:key name="earliest_time"></s:key>
            <s:key name="index_earliest"></s:key>
            <s:key name="index_latest"></s:key>
            <s:key name="indexedRealtime"></s:key>
            <s:key name="indexedRealtimeMinSpan"></s:key>
            <s:key name="indexedRealtimeOffset"></s:key>
            <s:key name="latest_time">now</s:key>
            <s:key name="lookups">1</s:key>
            <s:key name="max_count">500000</s:key>
            <s:key name="max_time">0</s:key>
            <s:key name="reduce_freq">10</s:key>
            <s:key name="rt_backfill">0</s:key>
            <s:key name="rt_maximum_span"></s:key>
            <s:key name="sample_ratio">1</s:key>
            <s:key name="spawn_process">1</s:key>
            <s:key name="time_format">%FT%T.%Q%:z</s:key>
            <s:key name="ui_dispatch_app"></s:key>
            <s:key name="ui_dispatch_view"></s:key>
          </s:dict>
        </s:key>
        <s:key name="eai:acl">
          <s:dict>
            <s:key name="perms">
              <s:dict>
                <s:key name="read">
                  <s:list>
                    <s:item>*</s:item>
                    <s:item>splunk-system-user</s:item>
                  </s:list>
                </s:key>
                <s:key name="write">
                  <s:list>
                    <s:item>*</s:item>
                    <s:item>splunk-system-user</s:item>
                  </s:list>
                </s:key>
              </s:dict>
            </s:key>
            <s:key name="owner">splunk-system-user</s:key>
            <s:key name="modifiable">1</s:key>
            <s:key name="sharing">global</s:key>
            <s:key name="app">splunk_archiver</s:key>
            <s:key name="can_write">1</s:key>
            <s:key name="ttl">7200</s:key>
          </s:dict>
        </s:key>
        <s:key name="searchProviders">
          <s:list/>
        </s:key>
      </s:dict>
    </content>
  </entry>
</feed>


16:03:45.874 [ForkJoinPool-1-worker-0] INFO com.intuit.karate - [print] xml
16:03:45.890 [ForkJoinPool-1-worker-0] DEBUG com.jayway.jsonpath.internal.path.CompiledPath - Evaluating path: $
File ==> C:\Work\KarateWorkspace\splunkOutput.txt
16:03:45.906 [ForkJoinPool-1-worker-0] INFO com.intuit.karate - [print] jobs
16:03:45.906 [ForkJoinPool-1-worker-0] INFO com.intuit.karate - after scenario inside config 
16:03:45.906 [ForkJoinPool-1-worker-0] INFO com.intuit.karate - From karate-config file 
16:03:45.906 [ForkJoinPool-1-worker-0] DEBUG com.jayway.jsonpath.internal.path.CompiledPath - Evaluating path: $
16:03:45.906 [ForkJoinPool-1-worker-0] INFO com.intuit.karate - [print] Basic cGFsbWV0b2FkbWluOlBAbG1ldG9AMTIz
16:03:45.906 [ForkJoinPool-1-worker-0] DEBUG org.apache.http.client.protocol.RequestAddCookies - CookieSpec selected: karate
16:03:45.906 [ForkJoinPool-1-worker-0] DEBUG org.apache.http.client.protocol.RequestAuthCache - Auth cache not set in the context
16:03:45.906 [ForkJoinPool-1-worker-0] DEBUG com.intuit.karate - request:
1 > GET https://192.168.1.62:8089/services/alerts/alert_actions
1 > Accept-Encoding: gzip,deflate
1 > Authorization: Basic cGFsbWV0b2FkbWluOlBAbG1ldG9AMTIz
1 > Connection: Keep-Alive
1 > Host: 192.168.1.62:8089
1 > User-Agent: Apache-HttpClient/4.5.12 (Java/1.8.0_251)

16:03:45.906 [ForkJoinPool-1-worker-0] DEBUG org.apache.http.impl.conn.PoolingHttpClientConnectionManager - Connection request: [route: {s}->https://192.168.1.62:8089][total available: 0; route allocated: 0 of 5; total allocated: 0 of 10]
16:03:45.906 [ForkJoinPool-1-worker-0] DEBUG org.apache.http.impl.conn.PoolingHttpClientConnectionManager - Connection leased: [id: 16][route: {s}->https://192.168.1.62:8089][total available: 0; route allocated: 1 of 5; total allocated: 1 of 10]
16:03:45.906 [ForkJoinPool-1-worker-0] DEBUG org.apache.http.impl.execchain.MainClientExec - Opening connection {s}->https://192.168.1.62:8089
16:03:45.906 [ForkJoinPool-1-worker-0] DEBUG org.apache.http.impl.conn.DefaultHttpClientConnectionOperator - Connecting to /192.168.1.62:8089
16:03:45.906 [ForkJoinPool-1-worker-0] DEBUG org.apache.http.conn.ssl.LenientSslConnectionSocketFactory - Connecting socket to /192.168.1.62:8089 with timeout 5000
16:03:45.906 [ForkJoinPool-1-worker-0] DEBUG org.apache.http.conn.ssl.LenientSslConnectionSocketFactory - Enabled protocols: [TLSv1, TLSv1.1, TLSv1.2]
16:03:45.906 [ForkJoinPool-1-worker-0] DEBUG org.apache.http.conn.ssl.LenientSslConnectionSocketFactory - Enabled cipher suites:[TLS_ECDHE_ECDSA_WITH_AES_256_CBC_SHA384, TLS_ECDHE_RSA_WITH_AES_256_CBC_SHA384, TLS_RSA_WITH_AES_256_CBC_SHA256, TLS_ECDH_ECDSA_WITH_AES_256_CBC_SHA384, TLS_ECDH_RSA_WITH_AES_256_CBC_SHA384, TLS_DHE_RSA_WITH_AES_256_CBC_SHA256, TLS_DHE_DSS_WITH_AES_256_CBC_SHA256, TLS_ECDHE_ECDSA_WITH_AES_256_CBC_SHA, TLS_ECDHE_RSA_WITH_AES_256_CBC_SHA, TLS_RSA_WITH_AES_256_CBC_SHA, TLS_ECDH_ECDSA_WITH_AES_256_CBC_SHA, TLS_ECDH_RSA_WITH_AES_256_CBC_SHA, TLS_DHE_RSA_WITH_AES_256_CBC_SHA, TLS_DHE_DSS_WITH_AES_256_CBC_SHA, TLS_ECDHE_ECDSA_WITH_AES_128_CBC_SHA256, TLS_ECDHE_RSA_WITH_AES_128_CBC_SHA256, TLS_RSA_WITH_AES_128_CBC_SHA256, TLS_ECDH_ECDSA_WITH_AES_128_CBC_SHA256, TLS_ECDH_RSA_WITH_AES_128_CBC_SHA256, TLS_DHE_RSA_WITH_AES_128_CBC_SHA256, TLS_DHE_DSS_WITH_AES_128_CBC_SHA256, TLS_ECDHE_ECDSA_WITH_AES_128_CBC_SHA, TLS_ECDHE_RSA_WITH_AES_128_CBC_SHA, TLS_RSA_WITH_AES_128_CBC_SHA, TLS_ECDH_ECDSA_WITH_AES_128_CBC_SHA, TLS_ECDH_RSA_WITH_AES_128_CBC_SHA, TLS_DHE_RSA_WITH_AES_128_CBC_SHA, TLS_DHE_DSS_WITH_AES_128_CBC_SHA, TLS_ECDHE_ECDSA_WITH_AES_256_GCM_SHA384, TLS_ECDHE_ECDSA_WITH_AES_128_GCM_SHA256, TLS_ECDHE_RSA_WITH_AES_256_GCM_SHA384, TLS_RSA_WITH_AES_256_GCM_SHA384, TLS_ECDH_ECDSA_WITH_AES_256_GCM_SHA384, TLS_ECDH_RSA_WITH_AES_256_GCM_SHA384, TLS_DHE_RSA_WITH_AES_256_GCM_SHA384, TLS_DHE_DSS_WITH_AES_256_GCM_SHA384, TLS_ECDHE_RSA_WITH_AES_128_GCM_SHA256, TLS_RSA_WITH_AES_128_GCM_SHA256, TLS_ECDH_ECDSA_WITH_AES_128_GCM_SHA256, TLS_ECDH_RSA_WITH_AES_128_GCM_SHA256, TLS_DHE_RSA_WITH_AES_128_GCM_SHA256, TLS_DHE_DSS_WITH_AES_128_GCM_SHA256, TLS_EMPTY_RENEGOTIATION_INFO_SCSV]
16:03:45.906 [ForkJoinPool-1-worker-0] DEBUG org.apache.http.conn.ssl.LenientSslConnectionSocketFactory - Starting handshake
16:03:45.921 [ForkJoinPool-1-worker-0] DEBUG org.apache.http.conn.ssl.LenientSslConnectionSocketFactory - Secure session established
16:03:45.921 [ForkJoinPool-1-worker-0] DEBUG org.apache.http.conn.ssl.LenientSslConnectionSocketFactory -  negotiated protocol: TLSv1.2
16:03:45.921 [ForkJoinPool-1-worker-0] DEBUG org.apache.http.conn.ssl.LenientSslConnectionSocketFactory -  negotiated cipher suite: TLS_ECDHE_RSA_WITH_AES_256_CBC_SHA384
16:03:45.921 [ForkJoinPool-1-worker-0] DEBUG org.apache.http.conn.ssl.LenientSslConnectionSocketFactory -  peer principal: O=SplunkUser, CN=SplunkServerDefaultCert
16:03:45.921 [ForkJoinPool-1-worker-0] DEBUG org.apache.http.conn.ssl.LenientSslConnectionSocketFactory -  issuer principal: EMAILADDRESS=support@splunk.com, CN=SplunkCommonCA, O=Splunk, L=San Francisco, ST=CA, C=US
16:03:45.921 [ForkJoinPool-1-worker-0] DEBUG org.apache.http.impl.conn.DefaultHttpClientConnectionOperator - Connection established 192.168.1.53:62842<->192.168.1.62:8089
16:03:45.921 [ForkJoinPool-1-worker-0] DEBUG org.apache.http.impl.conn.DefaultManagedHttpClientConnection - http-outgoing-16: set socket timeout to 5000
16:03:45.921 [ForkJoinPool-1-worker-0] DEBUG org.apache.http.impl.execchain.MainClientExec - Executing request GET /services/alerts/alert_actions HTTP/1.1
16:03:45.921 [ForkJoinPool-1-worker-0] DEBUG org.apache.http.impl.execchain.MainClientExec - Proxy auth state: UNCHALLENGED
16:03:45.921 [ForkJoinPool-1-worker-0] DEBUG org.apache.http.headers - http-outgoing-16 >> GET /services/alerts/alert_actions HTTP/1.1
16:03:45.921 [ForkJoinPool-1-worker-0] DEBUG org.apache.http.headers - http-outgoing-16 >> Authorization: Basic cGFsbWV0b2FkbWluOlBAbG1ldG9AMTIz
16:03:45.921 [ForkJoinPool-1-worker-0] DEBUG org.apache.http.headers - http-outgoing-16 >> Host: 192.168.1.62:8089
16:03:45.921 [ForkJoinPool-1-worker-0] DEBUG org.apache.http.headers - http-outgoing-16 >> Connection: Keep-Alive
16:03:45.921 [ForkJoinPool-1-worker-0] DEBUG org.apache.http.headers - http-outgoing-16 >> User-Agent: Apache-HttpClient/4.5.12 (Java/1.8.0_251)
16:03:45.921 [ForkJoinPool-1-worker-0] DEBUG org.apache.http.headers - http-outgoing-16 >> Accept-Encoding: gzip,deflate
16:03:45.921 [ForkJoinPool-1-worker-0] DEBUG org.apache.http.wire - http-outgoing-16 >> "GET /services/alerts/alert_actions HTTP/1.1[\r][\n]"
16:03:45.921 [ForkJoinPool-1-worker-0] DEBUG org.apache.http.wire - http-outgoing-16 >> "Authorization: Basic cGFsbWV0b2FkbWluOlBAbG1ldG9AMTIz[\r][\n]"
16:03:45.921 [ForkJoinPool-1-worker-0] DEBUG org.apache.http.wire - http-outgoing-16 >> "Host: 192.168.1.62:8089[\r][\n]"
16:03:45.921 [ForkJoinPool-1-worker-0] DEBUG org.apache.http.wire - http-outgoing-16 >> "Connection: Keep-Alive[\r][\n]"
16:03:45.921 [ForkJoinPool-1-worker-0] DEBUG org.apache.http.wire - http-outgoing-16 >> "User-Agent: Apache-HttpClient/4.5.12 (Java/1.8.0_251)[\r][\n]"
16:03:45.921 [ForkJoinPool-1-worker-0] DEBUG org.apache.http.wire - http-outgoing-16 >> "Accept-Encoding: gzip,deflate[\r][\n]"
16:03:45.921 [ForkJoinPool-1-worker-0] DEBUG org.apache.http.wire - http-outgoing-16 >> "[\r][\n]"
16:03:45.937 [ForkJoinPool-1-worker-0] DEBUG org.apache.http.wire - http-outgoing-16 << "HTTP/1.1 200 OK[\r][\n]"
16:03:45.937 [ForkJoinPool-1-worker-0] DEBUG org.apache.http.wire - http-outgoing-16 << "Date: Fri, 05 Feb 2021 10:33:46 GMT[\r][\n]"
16:03:45.937 [ForkJoinPool-1-worker-0] DEBUG org.apache.http.wire - http-outgoing-16 << "Expires: Thu, 26 Oct 1978 00:00:00 GMT[\r][\n]"
16:03:45.937 [ForkJoinPool-1-worker-0] DEBUG org.apache.http.wire - http-outgoing-16 << "Cache-Control: no-store, no-cache, must-revalidate, max-age=0[\r][\n]"
16:03:45.937 [ForkJoinPool-1-worker-0] DEBUG org.apache.http.wire - http-outgoing-16 << "Content-Type: text/xml; charset=UTF-8[\r][\n]"
16:03:45.937 [ForkJoinPool-1-worker-0] DEBUG org.apache.http.wire - http-outgoing-16 << "X-Content-Type-Options: nosniff[\r][\n]"
16:03:45.937 [ForkJoinPool-1-worker-0] DEBUG org.apache.http.wire - http-outgoing-16 << "Content-Length: 3340[\r][\n]"
16:03:45.937 [ForkJoinPool-1-worker-0] DEBUG org.apache.http.wire - http-outgoing-16 << "Content-Encoding: gzip[\r][\n]"
16:03:45.937 [ForkJoinPool-1-worker-0] DEBUG org.apache.http.wire - http-outgoing-16 << "Vary: Accept-Encoding, Cookie, Authorization[\r][\n]"
16:03:45.937 [ForkJoinPool-1-worker-0] DEBUG org.apache.http.wire - http-outgoing-16 << "Connection: Keep-Alive[\r][\n]"
16:03:45.937 [ForkJoinPool-1-worker-0] DEBUG org.apache.http.wire - http-outgoing-16 << "X-Frame-Options: SAMEORIGIN[\r][\n]"
16:03:45.937 [ForkJoinPool-1-worker-0] DEBUG org.apache.http.wire - http-outgoing-16 << "Server: Splunkd[\r][\n]"
16:03:45.937 [ForkJoinPool-1-worker-0] DEBUG org.apache.http.wire - http-outgoing-16 << "[\r][\n]"
16:03:45.937 [ForkJoinPool-1-worker-0] DEBUG org.apache.http.headers - http-outgoing-16 << HTTP/1.1 200 OK
16:03:45.937 [ForkJoinPool-1-worker-0] DEBUG org.apache.http.headers - http-outgoing-16 << Date: Fri, 05 Feb 2021 10:33:46 GMT
16:03:45.937 [ForkJoinPool-1-worker-0] DEBUG org.apache.http.headers - http-outgoing-16 << Expires: Thu, 26 Oct 1978 00:00:00 GMT
16:03:45.937 [ForkJoinPool-1-worker-0] DEBUG org.apache.http.headers - http-outgoing-16 << Cache-Control: no-store, no-cache, must-revalidate, max-age=0
16:03:45.937 [ForkJoinPool-1-worker-0] DEBUG org.apache.http.headers - http-outgoing-16 << Content-Type: text/xml; charset=UTF-8
16:03:45.937 [ForkJoinPool-1-worker-0] DEBUG org.apache.http.headers - http-outgoing-16 << X-Content-Type-Options: nosniff
16:03:45.937 [ForkJoinPool-1-worker-0] DEBUG org.apache.http.headers - http-outgoing-16 << Content-Length: 3340
16:03:45.937 [ForkJoinPool-1-worker-0] DEBUG org.apache.http.headers - http-outgoing-16 << Content-Encoding: gzip
16:03:45.937 [ForkJoinPool-1-worker-0] DEBUG org.apache.http.headers - http-outgoing-16 << Vary: Accept-Encoding, Cookie, Authorization
16:03:45.937 [ForkJoinPool-1-worker-0] DEBUG org.apache.http.headers - http-outgoing-16 << Connection: Keep-Alive
16:03:45.937 [ForkJoinPool-1-worker-0] DEBUG org.apache.http.headers - http-outgoing-16 << X-Frame-Options: SAMEORIGIN
16:03:45.937 [ForkJoinPool-1-worker-0] DEBUG org.apache.http.headers - http-outgoing-16 << Server: Splunkd
16:03:45.937 [ForkJoinPool-1-worker-0] DEBUG org.apache.http.impl.execchain.MainClientExec - Connection can be kept alive indefinitely
16:03:45.937 [ForkJoinPool-1-worker-0] DEBUG org.apache.http.wire - http-outgoing-16 << "[0x1f][0x8b][0x8][0x0][\n]"
16:03:45.937 [ForkJoinPool-1-worker-0] DEBUG org.apache.http.wire - http-outgoing-16 << "[0x1f][0x1d]`[0x0][0x3][0xed]]ms[0xdb]6[0x12][0xfe][0x9e]_[0x81][0xf2][0xd4]6[0xe9]E[0xa4]d[0xc7][0xae][0xa3]Z[0xca]x[0x9c][0xb4][0xcd]\[0xae][0xcd]Dno:I[0x86]C[0x93][0x90][0xc4][0x9a]$x[0x0]hE[0x17][0xe7][0xbf][0xdf][0xe2][0x85][0x92]([0xd1][0x2]eK[0xb2][0x9d]a[0x9c]D"[0xb1][0xbb]X`[0x97][0x8b][0x7]K[0x0]>~[0xf1])[0x8e][0xd0]%[0xa6],$I[0xd7]j[0xdb]-[0xb][0xe1][0xc4]'A[0x98][0xc][0xbb][0xd6][0x1f]g?7[0x8f][0xac][0x17][0xbd]G[0xc7][0xdf]4[0x9b]g[0xa3][0x90]![0xf8][0xcb][0x9]"[0xc0]@[0xc3][0x0][0xa3]sJ[0xc6][0xc]S4 4[0xf6]8[0x7][0xa6][0x9f][0x10][0xc3][0x18][0xfe]Q [0xb1]}[0x92][0xc][0xde][0x8f]8O[0xfb][0xf2][0xfa][0xa3][0xe0][\r]B[0xe6][0x9d]G[0xd8]F[0xf5]O[0xfd]S[0xff]<[0x98][0x9f]f[0x13][0xc2][0x80][0x88][0x16]M[0xc6]'[0x11]f#[0x8c]9[0xe2][0x93][0x14]w-[0x8e]?q[0x7]J,4[0xa2]x[0xd0][0xb5][0x1c][0xc6]=[0x1e][0xfa][0x8e][0xc7]Il]]>&#x7f;<![CDATA[b[0x91][0x8c] [0x3][0x8c][0x3][0x4]D[0x9][0xeb]Z"$t[0x1c]g<[0x1e][0xdb][0xe3]}[0x9b][0xd0][0xa1][0xb3][0xd7]j[0x1d]8'@o)[0x9a][0xce][0x8c]*[0xc0][0x97]6K[0xa3],[0xb9][0x80]x[0x12];[0x9]s(f<[0xa7]#)N[0x18][0xf6][0xa8]?[0x9a]2x[0xcf]%a[0xd3]a)[0xf6][0x9d][0x19][0x81][0xd3][0xb6][0xdb][0x8e][0xd5]{[0x84][0xd0]1[0xf]y[0x84]{^[0x84])w=[0x9f]C[0xec]c[0xc7][0x8e][0xba])[0x8a][0xc3][0xa0]'d1[0x10][0xd6]~[0xbe]g[0xb7][0xf][0x8f][0xec][0xb6]}[0xb8][0xd7]9j[0x1d]=wDl[0xb]}[0xcc][0x1c][0xc9][0xae]?fR[0x80]W[0x88][0xc8][0xd2][0xc0][0xe3]8[0xe8][0xed][0xb5][0xf6][0xda][0xcd][0xd6]^[0xb3]up[0xd6]>[0xec][0xb4][0xf6];[0xcf][0xe][0xff][0xd9]:[0xe8][0xec][0xb7][0x8e][0x9d][0x9c]D[0x90][0xf]q[0x82])[0xf4][0x17]E[0xe7]Y[0x18][0x5]][0xab]u[0xd4]>[0xfa][0xf1]`[0xff][0xc0]o[0x1f][0x1e]Z[0xb3][0x0]-[0x14]i[[0x8e][0xe4][0xf1]2>"T|[0x85][0x8b][0xc4][0x8b]q[0xaf]/[0xbb][0xe9][0xd8][0x91][0x17][0x82][0xc4][0x99][0xd1][0x1c]Gar15[0xd0][0xaa]68.[0xc5][0x11][0xf1][0x2][0xb][0xc1]g[0xd7][0xca][0xaf][0x9c]u[0xa5]x~[0x94][0x8b][0x10]_[0x15][0xff][0xcc][0x1c][0x1d]N[0xb8][0x17][0xbd][0xc3],[0x8b]8[0xeb][0xb5][0xa1]C[0xae]+[[0xe0][0xb]9[0x8e][0xd9][L[0xdf]zC[0xdc][0xdb]/[0xf2][0x15][0xca][0x16][0xf8][0xc0]+)]]>&#x7f;<![CDATA[[0x9d][0x4][0xf8]S[0xaf][0xc8]4W XX'[0xc6][0x8c][0x81][0x0][0xa6]T[0xc6][0x9][0xa7][0x13][0xdd][0xcd][0xca]Gp[0xec][0x85][0xd1][0x9c][0xc3]Tu[0x99][0xdf][0xfa]NB[0xce]I0q[0xd8][0x84][0x81][0xa6][0xe5][0x1d][0xa7][0xa5]+G[0x9a]s[0xa5][0xf6][0xf3][0x1f][[0xcd][0x16]xS[0xfb]LzP[0xa7][0xd5]*q[0xa5]kl[0xb4]F[0xd5][0xda]h^[0xc4]1M@[0xac][0xb2][0xdc][0x82][0xc3][0xe5].[0xa7][0x84][0xce]\[0xae][0xe8]t[0x1b]S&[\n]"
16:03:45.937 [ForkJoinPool-1-worker-0] DEBUG org.apache.http.wire - http-outgoing-16 << "[0xe1][0x91]w6#r[0x95]]]>&#x7f;<![CDATA[oLa[0x1c][0x84][0x9b]SXc&-:[0xbf][0xca][0xa5][0x3][0xca][0xe2][0xe0][0xa3][0x8b][0xc1]xj'[0xd6][0x9]B[0x9f][0xe7][0x97][0xf2][0xc6][0x5][0x9e] a1a[0xe5][0x88][0x8c]][0x1c][0xa7]|[0xe2][0x2][0x82][0xf3][0xfc]Q[0xc][0xb2][0xac]^[0xfb][0xd8][0x91]d[0xab][0xd8]p[0xf0][0x92][0x80]~[0xc9][0x1b]a[0x9c][0x9e][0x81][0x1]|[0xc2]M=[0xc6][0xc6][0x84][0x6][0x95][0x88]3&[0xdc]/[0xc6]&[0xe2]s[0xdf]7[0x91]T[0xa0][0x8][0xd3][0x11][0xa6][0xfd][0xc][0xe2][0x87][0xd5]{u[0xfa][0xf2][0xd7]WM[0xf8][0xbf]]]>&#x7f;<![CDATA[[0xd2]<y[0xd5][0xdf];8l[0xfe]r[0xfa][0xef]f[0xff][0xd7][0x93][0xfd][0xa3]g[0x1d]U[0xfa]nE[0xd9][0x94][0xb3][0xbd]w[0x94][0x97][0x2]a[0x91][0xb3][0xb4][0xac]P[0xe7]u[0xf5]]_[0xd7]u[0xf5][0xa8][0xfb][0x86][0x1e] q[0xec]%[0xc2]4[0xdf][0xbc]?}yrv[0xf2][0xbe][0xa1][0x9c][0xd0][0x96]>h[0xa7][0x14][0xa7][0x94][0x80][0xe3]2x`d\[0xfe][0x1c][0xe0][0x81][0x7]_[0xba][0x96][0xf5][0xa5][0x81][0xae][0x0][0xf4]C[0x8][0x15][0xb4][0xc8][0xd2][0x14][0xae]p[0xfc]nC_[0xd9][0x19][0x8d][0x1a][0x16][0xb2][0x18][0x93]56[0xc4][0xff][0xe2]zH=[0x1f][0xf][0xb2][0xa8][0xdb][0xc8][0xbf]M%[0x9f][0xd1][0xc]]]>&#x7f;<![CDATA[[0x11]4[0x9c][0x86][0xc3]![0xa6].[0xf][0x5][0xe7][0xfc][0x15][0x94][0xc6][0xde][0xa7]0I3[0xe][0x98][0xa1][0xa8]3[0x14],[0xea][0xda]n[0xc1][0x9f]/[0x8a]I[\n]"
16:03:45.937 [ForkJoinPool-1-worker-0] DEBUG org.apache.http.wire - http-outgoing-16 << "[f[0x11][0xb7][0xa7][0xf4][0x7][0xb1] [0xce][0xdb]3[0x8]#[0xc1][0x91]7H\6[0xac][0x8f][0x1f]M[0xce][0xa5][0x1e]PW<[0xa0][0x16][0xc][0x13]q[0xb4][0x9a]>[0xc0][0xcc][0xa7]a*[0xb4][0xb2]z}[0xe8]U[0xe4]%H[0xf5]lBx8[0x8]}O[0x94][0x89][0xd9][0x94][0x80]8p[0x3][0xa0][0x15][0x85]/i[0x8][0xd5]0[0x83]p[0x15]=[0xc0][0xd0][0xad][0xd5][0x84][0xd8][0xb];b[0xdc][0x9e][0x15][0x97][0xc4][0x92][0xe5]G7M[0xad][0x9e][0x8a]hK[0xe2][0x97];[0xc6]K\]]>&#x7f;<![CDATA[[0xe4]%C[0xec][0xa6][0x98][0xc6][0xac],[0xec][0x94]2[0xc9][0xe1][0xa0]*1[0x1b]y[0x14][0xbb]R[0xb1][0xb5]8[0x86][0x11]9[0xf7][0xa2]5[0x99]D[0xd4]*[0xeb][0xda]R[0x96]1[0x95][0xf1][0xa6]B[0x5]1[0xcc][0xc8][0x7][0xa1][0xc][0xfb]U[0xc8][0xc9]8[0x11]j[0xe4][0x83][0xb3][0x89]\w~[0x81][0xe0][0x1a]c/[0xf1]R[0xc]c[0xe7]2[0x8d][0xa4][0x12]f*+[0x92][0x85][0x2][0xaa][0xf5]~[0x10][0xca][0xc9]oe[0x12][0x9c][0xeb]D[0x94]6iI5[0xdd][0xbd]7[0xd5][0xcd][0xb][0xe2]0[0xd9][0xa8]~[0xe2]v[0xc9][0xf3]c[0xb4][0xf][0xc5]1[0xb9]T[0xc6][0xaf][0xe0]Y[0xc2][0x11][0xc3]d[0xb8][0xe2]1\[0xd6][0xa3]B(H[0xd3][0xdf][0xe4]h[0xac]@[0xb3][0x99]A<[0x9][0x8a][0xe3][0x1a]7,p[0xc][0x8][0x1][0xb8]i[0xb][0xf4]b[0xf5]^[0xf][0xd0][0x84]d[0xe8][0x1c]G![0xbe][0xc4][0xe2][0xfb][0xf7][0xf0][0x1][0x11][0xe][0x87][0x97][0x10][0xea][0xb8][0xc8]D[0xa9]x[0x18]B`[0xa4][0x94][0xd0][0xa7]([0x8d][0xb0][0xc7][0xb0][0xcc]>[0x1]=Ej.[0x84][0xa4][0x11][0xc1]Frre?z[0xa4]f[0x92][0xe8][0xbb]![0xff][0x9][0xe4]`[0x84][0x93]a[0x98]`[0x91][0xc0][0x82][0x11][0xc1][0x1f][0x89][0xef][0x0][0xa5]=[0x93][0xb2][0xd4][0xc7][0xa7][0xec]ROP[0xac][0x1e][0x0][0x16]bd[0x89]=h[0x1a][0x17]f4[0x90]R[0x98][0x6][0xf7][0x98][0x9e][0xcb][0xad][0xa2][0x1c][0x11][0xc6][0xab]@[0xa4][0x10]F [0x0]_|d[0xf5] [0x90][0xb8][\n]"
16:03:45.937 [ForkJoinPool-1-worker-0] DEBUG org.apache.http.wire - http-outgoing-16 << "b[0xca][0x9b]zlO[0x86][0x6][0x1][0x89][0x1f]e[0x1][0xb6][0xe7][0xc7]u#F[0xcc][0x99][0x94][0xc3][0x18][0xc7][0x9b][0x9c]\[0xf][0xee][0xeb][0xd2]K0P[0x99][0xe9]2[0xc4][0xe3][0xaa][0xad][0x0]2[0xb3][0xe0][0xc8][0x3]o[0xd5][0xa3][0xb5][0x9e][0xc0][0xad]"[0x17][0x14]*Ij[0xf5]"[0xe2]{[0x91]0[0xa5][0x89]%[0x7]3[0xa0][0xb3]@1Fr[0xd5]#[0x7][0xcb][0x11][0xa0]H[0xa8]&[0xbb][0xb6][0xf4][\n]"
16:03:45.937 [ForkJoinPool-1-worker-0] DEBUG org.apache.http.wire - http-outgoing-16 << "[0xab]w[0x6][0xf][0x85][0xfc][0x8a][0xc0]?`[0x12]#[0x80][0x86]x:[0xbe]Wx[0xed]{4[0xf6][0x18][0xd2]}[0x8e][0x3][0xbb][0x9a]l[0xc0][0x8e]$[0x17][0xce][0xfc][0x11][0xe][0xb2]HB[0x16]qw&y[0x4][0x92]i[0x96][0x18]d[0xa6][0xc1][0xc0]V[0xd1][0xc2][0xf5][0x1][0xee][0x88][0x1e][0x94][0x13][0xf1][0xca]\8[0xd1][0x0][0xc8]`[0xf9]9[0x96][0x8][0xf][0xb8]0[0xd4][0xd0][0xf0][0x94][0xcf][0xb1]@[0xf][0x8d][0xc4][0xf3][0xe]6`[0xdc][0x8b][0xd3][0xa7][0xa9][0x7][0x91]F[0x2]7[0xb3][0x8c][0x11][0xc][0xaa]s[0xed][0x9b][0x3][0x84][0x95]y[0xd7]i[0xa5][0x80][0xa4]n[0x18][0x83][0xa5][0x0][0xdb][0x3][0x88]W[0xc3][0x87][0x99]Q<E[0xa6][0xd8][0xb3]<o0s[0x84][0x4]F[0xee][0x89][0xd5][0xdb]_M[0xa8][0xfc][0xe7][0xf4][0xf5][0xcb][0x9f][0x1]`[0xab]I[0xe8][0xf0][0x1c][0xf9][0x9]C]]>&#x7f;<![CDATA[[0xa7][0xe8][0x82][0xd0]*[0xdc]?[0x3][0x84]W[0xa3][0x94][0xf2][0xc2]fCX[0xac][0xf3][0xed]_[0xcd]o[0xe3][0xe6][0xb7]A[0xa3][0x8a][0x8c][0xd7]*[0xa8][0xa8][0x11][0xe7][\r]8[0x89][0xb1][0xef][0x14][0xdf][[0xf][0x80][0xd7][0xef]T[0x80]vO[0x81]}q[0x97]z[0xa1]![0x12][0xcc]q[0xf7][0xc3][0xff][0x81][0xea][0x11][0xe6][0xe0]'[0xab][0x99][0xc4][0xec][0xcc]g[0x97][0xc6]@&[0xe8][0xc0][0xb4][0x95][0xe8][0xa6][0x6]5[0xd1][0xb2][0xe8]O[0x95][0xc1][0x4]Z[0x1e][0xb1][0xb6][0xbd]g`[0xc8][0xce][0xff][0xc6]>[0xd8]S[0x8f][0xe2]'" u[0x90]2Q%[0xd6]<[0x9c][0xdd]\@[0x1e][0xb3][0xb4][0x84]w[0xf2][0xb2][0x9a][0x8]NL>[0xe]V[0xf6]/\[0xad][0xa3][0xc1]Y8[0x87][0x81][0xe5][0xe8][0xf0][0x99])[0xe2][0x3][0xe0][0xfa][0xad][0xdf][0xcf]{[0xce]L[0xec][0x82]Y*[0xd1][0x81][0xc5][0x8c]t[0xe3]0[0xe0]#[0x97]A[0x17][0xb9]>[0x89][0xb2]8)[0x99][0xcc][0x15]a[0xe7][0xb1][0xa3][0xe7][0xc5]*S=[0xcd][0xb2][0x96][0xe4][![0xf0][0x2][0xe]L[0xf8][0xad]R[0xae][\n]"
16:03:45.937 [ForkJoinPool-1-worker-0] DEBUG org.apache.http.wire - http-outgoing-16 << "[0xf5][0xe4][0xa2][0xca][0xd3]m[0xb3][0x8a][0xb6][0x95]}]G[0x8b]]&bo[0xa0][0xd7][0x1a]9[0xd9]u[0xa4][0xdf]*={[0x83]f[0xac][0x91][0xa9]][0xab][0x19][L[0xda]Nsu"[0x8]+[0xb0][0xa6][0xb3]X[0xae][0x8c]N[0xab][0xf3]U[0xa8][0x90][0x9d][0xb3][0x8a][0xe9][0xb9]u3S[0xd0]\$[0xdb]+[0xb2]Q:T[0xea][0x89][0x1a]Eb(!ab[0x18][0xce]v[0x91][0x91]*Z[0xae][0xce]L[0xd5][0x99][0xa9][0x87][0x9c][0x99][0xda][0xac]n;[0xce]J)[0xe7]}(Y[0xa9][0xb5][0x13]=7[0xc8][0xc9][0xe4]a[0xa9]B[0x1e][0x86][0xb9]~[0xc6][0xc4]2[0x9][0x13]h[0xd4][0xf9][0x8][0x98][0x8d][0xa0]W[0xa5]!o'[0xb9][0x85][0xd4][0xa3]^l[0x8b].1N[0xfa]$e(^[0xc2][=[0xf1]R[0xb1][\n]"
16:03:45.937 [ForkJoinPool-1-worker-0] DEBUG org.apache.http.wire - http-outgoing-16 << "9#[0x19][0xd8]GG[0xf7]N[0x15]d>[0xcf][0xa7]^[0xc7][0xc8][0x95][0x17][0xa1][0xef]2p[0xce][0x8][0x8b]1[0xd1][0x94]I[0xf0]&[0x2][0x90][0xb8]yF[0xef]of[0x9c][0x95]O[0x0][0x86]%[0xb6]^[0xc4][0x1][0xb3]<ym[0x98][0xdc][0x16]f[0x8][0x6]{[0xc8][0x19]B[0xbb][0x95]n[0xe]o[0x93][0x8b],[0xdd][0xda][0x2][0x87]\[0xfc]][0xac]pPu[0xdf][0x97]%[0xe][0x5]m6[0xb4][0xc6]A[0xc9][0xdc][0xda]"[0x87][0x82][0xca][0x1b]Z[0xe5][0xa0]U[0xde][0xe6]2[0x87]4[0xc5][0x89][0x19]aN[0x81]5[0xc9]x[0x9a]q[0xa5][0x17][0x9a][0xbe]"V[0xd7][0x12]F[0xeb][0x97][0xd7]Jnw[0x81]@[0xdd]5[0x84][0xa2][0x2][0x96][0xfe]][0xd6]'[0xdf]H[0xe8]@[0x8c][0xc8]@^[0xaa][0x81]M[0xa0]k[0xf][0x9d][0xf6][0xff]DZ'[0xa1][0xc3][0xdd][0xc3][0xea][0xfa]Eo[\r][0xa7][0x1f]>[0x9c][0xae]_[0xf4][0xee][0x12]R[0xeb][0xe0]i[0x2][0x84][0xbb][0x81][0xde][0xb][0xaf]Cu[0xfc]6[0xe2]p[0x8d][0xae]u[0xd4][0xce]#6[0xc4][0xe8][0x1c][0xda][0xdc][0x5][0xd8][0xbe]K[0xc4][0xa8][0xc6]K[0x8e]#[0x1c]c([0xbb][0x1d]t[0x94]Y$7L[0x18][0xa7]Y[0x9c][0xbf][0x1c])G[0xe]K[0xf5]n[\r]S[0xde]\[0xa9][0x9d][0x82][0xcd][[0xab][0xb9][0xe][\n]"
16:03:45.937 [ForkJoinPool-1-worker-0] DEBUG org.apache.http.wire - http-outgoing-16 << "[0xbd]ye[0xb7][0x83][0xa7][0xb7]n[0xe4]:[0xb8][0xf5][0x16][0x8d][0xdc]E[\n]"
16:03:45.937 [ForkJoinPool-1-worker-0] DEBUG org.apache.http.wire - http-outgoing-16 << "x[0xba]\s[0xa1]r$[0x97]DN[0x91][0xe9]B[0xa9][0x9d][0xcf][0xb7][0xe1]f[0x3]y[0x9]I&1[0xc9][0x98][0x81]|J[0xd7]@[0x11][0xf4]R[0xc2][0xb0][0x81]AS5[0x10][0xcb]R[0xf1][0xfa][0xcc]@[0xae][0xa9][0x1a][0x8]Z[0x97][0x92][0x4]:[0xc7][0xc0]0[0xa5]k[0xa8]^\M-H[0x1a][0x88][0x0][0xe4]N([0xfe]o[0x16]R[0x1c][0x18]8[\n]"
16:03:45.937 [ForkJoinPool-1-worker-0] DEBUG org.apache.http.wire - http-outgoing-16 << "[0xb4][\r][0xe3]B[0xcf][0x2][0xa4]?[0x95][0x89][0x1a][0xa4][0xe4][0xcb]]sK[0xa3][0xc5][0xcc]X[0xf7]'S^[0xee][0xef]5[0xc4][0xaf]!~[\r][0xf1][0x17]o[0xd7]Y[0xf3]R[0x8e][0xdd]@[0xf7][0xa5][0x88][0xbd][0xf1][0xe4][0xf9]2[0xbc]_7`o7[0xaf]>[0x1d][0x8e][0xcd]k[0xb5][0x8a][0xa3]e[0xd5]d<[0xb4][0xbe][0x1a][0xa9][0x1e][0xe7][0x8d][0xe3]R[0xc9][0xa8]ZQw[\r][\r]*R[0xab][0xd4]~[0xf9][0xbb][0xde][0xbb]H[0xcd][0xef]-R[0xdd]x[0xa2][0x95][0x92]4[0x8b]`[0x12][0xe1]n9G[0xbf]T[0xcf]]$[0xeb][0x17][0x94][0xb8]/Y[0xfb]r[0xb5]6[0x94][0xbe]_[0x10][0xbe][0xb5]<~y#6[0x94][0xd0]_l[0xc4].&B>I'y[0xa8][0x6] [0xce]g;[0xbb][0x16][0xb4][0xb1]Ei[0xc3]B[0x88][0x85][0x1][0x10][0xa9]1[0xd0][\r][0x83][\n]"
16:03:45.937 [ForkJoinPool-1-worker-0] DEBUG org.apache.http.wire - http-outgoing-16 << "[0x8b]_[0x8c][0xe1][0xb0]N[0xba][0xd7][0x88]|[0x91][0xbc]F[0xe4]e[0xba]=xD[0xfe][0xa0][0x92][0xee][0xdb]C[0xe4][0xf7]'[0x9b][0xbd]9[0x90]E[0x19][0xdb][0x1a][0xb0][0x92][0xb2][0xef][0x2]LA[0xc5][0xf7][0x5]@[0xcd]T[0xd9][0x10]h[0x2][0x81][[0x3]J3e7[0x4][0x8e][0x84][0xb2];[0x1]D0x[0x80][0xa1][0x19]C[0x96][0x98]1[0xeb][\r][0xf7][0xb6]<[0xa8][0xc7][0x92][0xb4][0xd3]-[0xf8][0xa5][0xfb][0xf4]e6[0xb3]+wN[0xe4][0x1b][0xbe][0xf2][0xed][0xf]O[0xf3]I1[0xcc])3[0x91][0xa5]-\6[0x10]p[0xab][0x82][0xfd][0xd6][0xea][\r][0xfe][0xed][0xd2][0xad][0xf8][0xa0][0xf3][0xd2]F[0xfc][0xb6][0xd8][0x88]_[0x83][0xaf][0x1a]|[0xd5][0xe0][0xab][0x6]_5[0xf8][0xba][0x1d][0xf8]jo[0x1a]|[0x95]mO[0xbb]1[0xfc]R/[0xd1][0xb6][0x86][0xc0]r[0xf1]w[0x1][0xc2]T[0xdd][0xf7][0x5][0x87][0x15][0xb4][0xd9][0x10][0x14]S2[0xb7][0x86][0xc6][\n]"
16:03:45.937 [ForkJoinPool-1-worker-0] DEBUG org.apache.http.wire - http-outgoing-16 << "*o[0x8][0x90]i[0x95]w[0x81][0xc9]h[0x96][0xb0][0x11][0x8e]"U[0xe5]le[0xa9][0xba][0x9e]_Yj-`*qG[0xc5][0xa7][0xc5][0xaf]9C[0xdf][0x13][0x87]c[0xf4][0xd5]z[0xd1][0xf7][0xea][0xf6]G[0xd4][0x90][0xec][0xf2][0xd5][0xf7][0xe3][0x5][0x91]O[0xe6]k[0xd1][0xa0][0xaf][0x11][0xe0][0x94]b_8[0xbb][0xeb][0xd1][0xe1]\]2C[0x86][0x96]6[0x93]-[0x81]7[0xdd][0x94][0xd2][0x83][0x94][0xd6]x}[0xfe]:[0xb9]$[0x17][0x18]yH[0xbd][0xb3]A[0xf9]S[[0x3][0xc0][0x1a][0x0][0xd6][0x0][0xb0][0x6][0x80][0xf][0x9][0x0][0xde][0xe7]%[0xaf]:\W][0xf2][0xfa].K &W[0x9][0xc6];I[0xc]V9:[0xe1]p[0x83][0xc8]4[0x83]q[0x9c]N\[0xb9]Om{[0x0][0xb5]X[0xcb][0x9d][0xe0][0xd4]y[0x15][0xee][\r]\-QjS[0xa8]u^[0xf4][0xf6][0xc0]kI[0x3]6[0x85]a[0xb][\r][0xd8]"[0x94]uU[0xb8][0xd1][0xf5][0xad]~[0xfc][0x96][0x17][0xa9]j6[0xa9]%b)!Q[0x97]#[0x88][0xa6][0xd1]9|zA [0xa1]$G[0xb2]|[0xe]R[0xce]7[0xce][0x96][0x1a]|[0x9e][0xae][0xe0][0x9c]`&[0x92][0x88][0xfa][0xa8][0x3]Q[0xe6][0x8e]<6j[0xb8][0x8d]]]>&#x7f;<![CDATA[P[0xa8][0x9c][0xc4][\r][0x9b]q[0xb8][0xe1]&xli[0xc5]r[0xcc][0xc]R/0[0xbd][0xa6][0xa2][0x1f]>[0xab]-[0x9e][0xdd][0xc6][0xbf]^[0xfd][0xd5][0xfd][0xf0][0xe1][0x83][0xd5][0xf8][0xf3][0xe4][0x8d][0xf8]|[0x8a][0xa0][0x8d][0xe0][0x16]C[0xa1]d[0xa9][0x8e][0x8f]_|[0xf3][0xf8]EG[0xb7][0xff]j![0xb0][0xab]k[0xe0][0x87]'[\n]"
16:03:45.937 [ForkJoinPool-1-worker-0] DEBUG org.apache.http.wire - http-outgoing-16 << "[0xda][0xeb][0xe6]'b][0xa9][0xb3][0xc6][0xae]f[0x91][0xf3]JG[0xc5]+[0xb5].[0xe5][0xc3][0x87]|[0xa5][0xca][0x15]D[0xb6][0xab][0xb9]Hx[0x5][0xb5][0xb9][0xf6][0xf]O[0x9e]4[0x9e]<[0x86][0xf][0xeb]K[0x85]cIk[0xb4]\[0xa3][0xe5]E[0xf2][0x1a]-[0x97][0xe9]V[0xa3][0xe5][0xaf]#][0x9a][0x9f][0xe5]h@[0x8d]_[0xe3]+[0xed]|x[0x12][0xab]WC]]>&#x7f;<![CDATA[G[0x0][0xb6]X[0xd9]][0xe2][0xd8]yM[0xee][0x1b][0x9c]-[0xd1]m[0xc3][0xa8]v[0xbe][0x86][0xad][0x83][0xdb][0x92][0xe6]l[0x18][0xe3][0x16][0x9a]so[0xa1]n[0xec][0x93]([0xc2]>[0x9f][0xc2][0xdc][0x1a][0xd4][0xde][0x1e][0xd4]BgF![0xef]zQ[0x94]d1C[0xd7][0xf4][0xa5]v[0x90] [0x8c]Y[0x85]M[5[0xc][0xae]ap[\r][0x83]k[0x18]\[0xc3][0xe0][0xaf][0x1f][0x6][0x8f][0xf1][0xf9][0x88][0x90][0x8b][\r][0x1c]$[0xab]%[0x95]#[0x95]i5[0xdb]=F[0xb6][0x8a][0xe][0xbb]?Dv[\r][0xad][0xd6]>B[0xb6][0x8a][0xec][\r][0x1c] [0xbb]F[0x13][0xd6]>>[0xb6]R[0x13][0xbe][0xfa][0xc3]c]]>&#x7f;<![CDATA[Q[0xc7][0xee][0xa1]_[0xcf][0xce][0xde][0xa2][0xb7][0xbf][0xf7][0xcf][0xd4][0x9]W[0xb3][0xdf]g[0xf4][0xc7][0xbb]7w[0x8f][0xdb][\n]"
16:03:45.937 [ForkJoinPool-1-worker-0] DEBUG org.apache.http.wire - http-outgoing-16 << "[0x16][0xab][0xe1][[\r][0xdf][0x1e]2|[0xab]O[0x8d][0xfd][\n]"
16:03:45.937 [ForkJoinPool-1-worker-0] DEBUG org.apache.http.wire - http-outgoing-16 << "[0xa0][0xdb][0xec]=[0xbe][0x8e]J[[0xd8][0xf7][0xfe][0x9f]k[0xe2][0xdd]N[0xd0][0xa1][0xda][0xc0]-:[0xdc][0xf5][0x86]r[0xaf][0xba]:U[0xdc]i[0xe8]_*>[0xcc]B[0xd3][0xd1][0x8a]_[0xd7][0x11][0xad][0xc7][0x8e][0xf8][0xdd][0xc9][0xbd]G[0xff][0x7][0xe5]|u[0xc2][0xac]}[0x0][0x0]"
16:03:45.937 [ForkJoinPool-1-worker-0] DEBUG org.apache.http.impl.conn.PoolingHttpClientConnectionManager - Connection [id: 16][route: {s}->https://192.168.1.62:8089] can be kept alive indefinitely
16:03:45.937 [ForkJoinPool-1-worker-0] DEBUG org.apache.http.impl.conn.DefaultManagedHttpClientConnection - http-outgoing-16: set socket timeout to 0
16:03:45.937 [ForkJoinPool-1-worker-0] DEBUG org.apache.http.impl.conn.PoolingHttpClientConnectionManager - Connection released: [id: 16][route: {s}->https://192.168.1.62:8089][total available: 1; route allocated: 1 of 5; total allocated: 1 of 10]
16:03:45.937 [ForkJoinPool-1-worker-0] DEBUG com.intuit.karate - response time in milliseconds: 21.96
1 < 200
1 < Cache-Control: no-store, no-cache, must-revalidate, max-age=0
1 < Connection: Keep-Alive
1 < Content-Type: text/xml; charset=UTF-8
1 < Date: Fri, 05 Feb 2021 10:33:46 GMT
1 < Expires: Thu, 26 Oct 1978 00:00:00 GMT
1 < Server: Splunkd
1 < Vary: Accept-Encoding, Cookie, Authorization
1 < X-Content-Type-Options: nosniff
1 < X-Frame-Options: SAMEORIGIN
<?xml version="1.0" encoding="UTF-8"?>
<!--This is to override browser formatting; see server.conf[httpServer] to disable. . . . . . . . . . . . . . . . . . . . . . . . . . . . . . . . . . . . . . . . . . . . . . . . . . . . . . . . . . . . . . . . . . . . . . . . . . . . . . . . . . . . . . . . . . . . . . . . . . . . . . . . . . . . . . . . . . . . . . . . . . . . . . . . . . . . . . . . . . . . . . . . . . . . . . . . . . . . . . . . . . . . . . . . . . . . . . . . . . . . . . . . . . . . . . . . . . . . . . . . . . . . . . . . . . . . . . . . . . . . . . . . . . . . . . . . . . . . . . . . . . . . . . . . . . . . . . . . . . . . . . . . . . . . . . . . . . . . . . . . . . . . . . . . . . . . . . . . . . . . . . . . . . . . . . . . . . . . . . . . . . . . . . . . . . . . . . . . . . . . . . . . . . . . . . . . . . . . . . . . . . . . . . . . . . . . . . . . . . . . . . . . . . . . . . . . . . . . . . . . . . . . . . . . . . . . . . . . . . . . . . . . . . . . . . . . . . . . . . . . . . . . . . . . . . . . . . . . . . . . . . . . . . . . . . . . .-->
<?xml-stylesheet type="text/xml" href="/static/atom.xsl"?>
<feed xmlns="http://www.w3.org/2005/Atom" xmlns:s="http://dev.splunk.com/ns/rest" xmlns:opensearch="http://a9.com/-/spec/opensearch/1.1/">
  <title>alert_actions</title>
  <id>https://192.168.1.62:8089/services/alerts/alert_actions</id>
  <updated>2021-02-05T16:03:46+05:30</updated>
  <generator build="08187535c166" version="8.1.1"/>
  <author>
    <name>Splunk</name>
  </author>
  <link href="/services/alerts/alert_actions/_reload" rel="_reload"/>
  <link href="/services/alerts/alert_actions/_acl" rel="_acl"/>
  <opensearch:totalResults>10</opensearch:totalResults>
  <opensearch:itemsPerPage>30</opensearch:itemsPerPage>
  <opensearch:startIndex>0</opensearch:startIndex>
  <s:messages/>
  <entry>
    <title>email</title>
    <id>https://192.168.1.62:8089/servicesNS/nobody/system/alerts/alert_actions/email</id>
    <updated>1970-01-01T05:30:00+05:30</updated>
    <link href="/servicesNS/nobody/system/alerts/alert_actions/email" rel="alternate"/>
    <author>
      <name>nobody</name>
    </author>
    <link href="/servicesNS/nobody/system/alerts/alert_actions/email" rel="list"/>
    <link href="/servicesNS/nobody/system/alerts/alert_actions/email/_reload" rel="_reload"/>
    <link href="/servicesNS/nobody/system/alerts/alert_actions/email" rel="edit"/>
    <link href="/servicesNS/nobody/system/alerts/alert_actions/email/disable" rel="disable"/>
    <content type="text/xml">
      <s:dict>
        <s:key name="allow_empty_attachment">1</s:key>
        <s:key name="allowedDomainList"></s:key>
        <s:key name="auth_password"></s:key>
        <s:key name="auth_username"></s:key>
        <s:key name="bcc"></s:key>
        <s:key name="cc"></s:key>
        <s:key name="cipherSuite">ECDHE-ECDSA-AES256-GCM-SHA384:ECDHE-RSA-AES256-GCM-SHA384:ECDHE-ECDSA-AES128-GCM-SHA256:ECDHE-RSA-AES128-GCM-SHA256:ECDHE-ECDSA-AES256-SHA384:ECDHE-RSA-AES256-SHA384:ECDHE-ECDSA-AES128-SHA256:ECDHE-RSA-AES128-SHA256</s:key>
        <s:key name="command"><![CDATA[$action.email.preprocess_results{default=""}$ | sendemail "results_link=$results.url$" "ssname=$name$" "graceful=$graceful{default=True}$" "trigger_time=$trigger_time$" maxinputs="$action.email.maxresults{default=10000}$" maxtime="$action.email.maxtime{default=5m}$" results_file="$results.file$"]]]]><![CDATA[></s:key>
        <s:key name="content_type">html</s:key>
        <s:key name="description">Send an email notification to specified recipients</s:key>
        <s:key name="disabled">0</s:key>
        <s:key name="eai:acl">
          <s:dict>
            <s:key name="app">system</s:key>
            <s:key name="can_change_perms">1</s:key>
            <s:key name="can_list">1</s:key>
            <s:key name="can_share_app">1</s:key>
            <s:key name="can_share_global">1</s:key>
            <s:key name="can_share_user">0</s:key>
            <s:key name="can_write">1</s:key>
            <s:key name="modifiable">1</s:key>
            <s:key name="owner">nobody</s:key>
            <s:key name="perms">
              <s:dict>
                <s:key name="read">
                  <s:list>
                    <s:item>*</s:item>
                  </s:list>
                </s:key>
                <s:key name="write">
                  <s:list>
                    <s:item>admin</s:item>
                  </s:list>
                </s:key>
              </s:dict>
            </s:key>
            <s:key name="removable">0</s:key>
            <s:key name="sharing">system</s:key>
          </s:dict>
        </s:key>
        <s:key name="eai:appName">search</s:key>
        <s:key name="eai:userName">nobody</s:key>
        <s:key name="footer.text">If you believe you've received this email in error, please see your Splunk administrator.

splunk &gt; the engine for machine data</s:key>
        <s:key name="forceCsvResults">auto</s:key>
        <s:key name="format">table</s:key>
        <s:key name="from">splunk</s:key>
        <s:key name="hostname"></s:key>
        <s:key name="icon_path">mod_alert_icon_email.png</s:key>
        <s:key name="include.results_link">1</s:key>
        <s:key name="include.search">0</s:key>
        <s:key name="include.trigger">0</s:key>
        <s:key name="include.trigger_time">0</s:key>
        <s:key name="include.view_link">1</s:key>
        <s:key name="inline">0</s:key>
        <s:key name="label">Send email</s:key>
        <s:key name="mailserver">localhost</s:key>
        <s:key name="maxresults">10000</s:key>
        <s:key name="maxtime">5m</s:key>
        <s:key name="message.alert">The alert condition for '$name$' was triggered.</s:key>
        <s:key name="message.report">The scheduled report '$name$' has run.</s:key>
        <s:key name="pdf.footer_center">title</s:key>
        <s:key name="pdf.footer_enabled">1</s:key>
        <s:key name="pdf.footer_left">logo</s:key>
        <s:key name="pdf.footer_right">timestamp,pagination</s:key>
        <s:key name="pdf.header_center">description</s:key>
        <s:key name="pdf.header_enabled">1</s:key>
        <s:key name="pdf.html_image_rendering">1</s:key>
        <s:key name="pdfview"></s:key>
        <s:key name="preprocess_results"></s:key>
        <s:key name="priority">3</s:key>
        <s:key name="reportCIDFontList">gb cns jp kor</s:key>
        <s:key name="reportFileName">$name$-$time:%Y-%m-%d$</s:key>
        <s:key name="reportIncludeSplunkLogo">1</s:key>
        <s:key name="reportPaperOrientation">portrait</s:key>
        <s:key name="reportPaperSize">letter</s:key>
        <s:key name="sendcsv">0</s:key>
        <s:key name="sendpdf">0</s:key>
        <s:key name="sendresults">0</s:key>
        <s:key name="sslVersions">tls1.2</s:key>
        <s:key name="subject">Splunk Alert: $name$</s:key>
        <s:key name="subject.alert">Splunk Alert: $name$</s:key>
        <s:key name="subject.report">Splunk Report: $name$</s:key>
        <s:key name="to"></s:key>
        <s:key name="track_alert">1</s:key>
        <s:key name="ttl">86400</s:key>
        <s:key name="useNSSubject">0</s:key>
        <s:key name="use_ssl">0</s:key>
        <s:key name="use_tls">0</s:key>
        <s:key name="width_sort_columns">1</s:key>
      </s:dict>
    </content>
  </entry>
  <entry>
    <title>logevent</title>
    <id>https://192.168.1.62:8089/servicesNS/nobody/alert_logevent/alerts/alert_actions/logevent</id>
    <updated>1970-01-01T05:30:00+05:30</updated>
    <link href="/servicesNS/nobody/alert_logevent/alerts/alert_actions/logevent" rel="alternate"/>
    <author>
      <name>nobody</name>
    </author>
    <link href="/servicesNS/nobody/alert_logevent/alerts/alert_actions/logevent" rel="list"/>
    <link href="/servicesNS/nobody/alert_logevent/alerts/alert_actions/logevent/_reload" rel="_reload"/>
    <link href="/servicesNS/nobody/alert_logevent/alerts/alert_actions/logevent" rel="edit"/>
    <link href="/servicesNS/nobody/alert_logevent/alerts/alert_actions/logevent/disable" rel="disable"/>
    <content type="text/xml">
      <s:dict>
        <s:key name="command">sendalert $action_name$ results_file="$results.file$" results_link="$results.url$"</s:key>
        <s:key name="description">Send log event to Splunk receiver endpoint</s:key>
        <s:key name="disabled">0</s:key>
        <s:key name="eai:acl">
          <s:dict>
            <s:key name="app">alert_logevent</s:key>
            <s:key name="can_change_perms">1</s:key>
            <s:key name="can_list">1</s:key>
            <s:key name="can_share_app">1</s:key>
            <s:key name="can_share_global">1</s:key>
            <s:key name="can_share_user">0</s:key>
            <s:key name="can_write">1</s:key>
            <s:key name="modifiable">1</s:key>
            <s:key name="owner">nobody</s:key>
            <s:key name="perms">
              <s:dict>
                <s:key name="read">
                  <s:list>
                    <s:item>*</s:item>
                  </s:list>
                </s:key>
                <s:key name="write">
                  <s:list>
                    <s:item>*</s:item>
                  </s:list>
                </s:key>
              </s:dict>
            </s:key>
            <s:key name="removable">0</s:key>
            <s:key name="sharing">global</s:key>
          </s:dict>
        </s:key>
        <s:key name="eai:appName">search</s:key>
        <s:key name="eai:userName">nobody</s:key>
        <s:key name="forceCsvResults">auto</s:key>
        <s:key name="hostname"></s:key>
        <s:key name="icon_path">logevent.png</s:key>
        <s:key name="is_custom">1</s:key>
        <s:key name="label">Log Event</s:key>
        <s:key name="maxresults">10000</s:key>
        <s:key name="maxtime">5m</s:key>
        <s:key name="param.host"></s:key>
        <s:key name="param.index">main</s:key>
        <s:key name="param.source">alert:$name$</s:key>
        <s:key name="param.sourcetype">generic_single_line</s:key>
        <s:key name="payload_format">json</s:key>
        <s:key name="python.version">python3</s:key>
        <s:key name="track_alert">0</s:key>
        <s:key name="ttl">10p</s:key>
      </s:dict>
    </content>
  </entry>
  <entry>
    <title>lookup</title>
    <id>https://192.168.1.62:8089/servicesNS/nobody/system/alerts/alert_actions/lookup</id>
    <updated>1970-01-01T05:30:00+05:30</updated>
    <link href="/servicesNS/nobody/system/alerts/alert_actions/lookup" rel="alternate"/>
    <author>
      <name>nobody</name>
    </author>
    <link href="/servicesNS/nobody/system/alerts/alert_actions/lookup" rel="list"/>
    <link href="/servicesNS/nobody/system/alerts/alert_actions/lookup/_reload" rel="_reload"/>
    <link href="/servicesNS/nobody/system/alerts/alert_actions/lookup" rel="edit"/>
    <link href="/servicesNS/nobody/system/alerts/alert_actions/lookup/disable" rel="disable"/>
    <content type="text/xml">
      <s:dict>
        <s:key name="append">0</s:key>
        <s:key name="command">outputlookup "$action.lookup.filename$" append=$action.lookup.append$</s:key>
        <s:key name="description">Output the results of the search to a CSV lookup file</s:key>
        <s:key name="disabled">0</s:key>
        <s:key name="eai:acl">
          <s:dict>
            <s:key name="app">system</s:key>
            <s:key name="can_change_perms">1</s:key>
            <s:key name="can_list">1</s:key>
            <s:key name="can_share_app">1</s:key>
            <s:key name="can_share_global">1</s:key>
            <s:key name="can_share_user">0</s:key>
            <s:key name="can_write">1</s:key>
            <s:key name="modifiable">1</s:key>
            <s:key name="owner">nobody</s:key>
            <s:key name="perms">
              <s:dict>
                <s:key name="read">
                  <s:list>
                    <s:item>*</s:item>
                  </s:list>
                </s:key>
                <s:key name="write">
                  <s:list>
                    <s:item>admin</s:item>
                  </s:list>
                </s:key>
              </s:dict>
            </s:key>
            <s:key name="removable">0</s:key>
            <s:key name="sharing">system</s:key>
          </s:dict>
        </s:key>
        <s:key name="eai:appName">search</s:key>
        <s:key name="eai:userName">nobody</s:key>
        <s:key name="filename"></s:key>
        <s:key name="forceCsvResults">auto</s:key>
        <s:key name="hostname"></s:key>
        <s:key name="icon_path">mod_alert_icon_lookup.png</s:key>
        <s:key name="label">Output results to lookup</s:key>
        <s:key name="maxresults">10000</s:key>
        <s:key name="maxtime">5m</s:key>
        <s:key name="track_alert">0</s:key>
        <s:key name="ttl">10p</s:key>
      </s:dict>
    </content>
  </entry>
  <entry>
    <title>outputtelemetry</title>
    <id>https://192.168.1.62:8089/servicesNS/nobody/splunk_instrumentation/alerts/alert_actions/outputtelemetry</id>
    <updated>1970-01-01T05:30:00+05:30</updated>
    <link href="/servicesNS/nobody/splunk_instrumentation/alerts/alert_actions/outputtelemetry" rel="alternate"/>
    <author>
      <name>nobody</name>
    </author>
    <link href="/servicesNS/nobody/splunk_instrumentation/alerts/alert_actions/outputtelemetry" rel="list"/>
    <link href="/servicesNS/nobody/splunk_instrumentation/alerts/alert_actions/outputtelemetry/_reload" rel="_reload"/>
    <link href="/servicesNS/nobody/splunk_instrumentation/alerts/alert_actions/outputtelemetry" rel="edit"/>
    <link href="/servicesNS/nobody/splunk_instrumentation/alerts/alert_actions/outputtelemetry/disable" rel="disable"/>
    <content type="text/xml">
      <s:dict>
        <s:key name="command"><![CDATA[outputtelemetry input=$action.outputtelemetry.param.input$ anonymous=$action.outputtelemetry.param.anonymous$ license=$action.outputtelemetry.param.license$ support=$action.outputtelemetry.param.support$ component=$action.outputtelemetry.param.component$ type=$action.outputtelemetry.param.type$ optinrequired=$action.outputtelemetry.param.optinrequired$]]]]><![CDATA[></s:key>
        <s:key name="description">Custom action to output results to telemetry endpoint</s:key>
        <s:key name="disabled">0</s:key>
        <s:key name="eai:acl">
          <s:dict>
            <s:key name="app">splunk_instrumentation</s:key>
            <s:key name="can_change_perms">1</s:key>
            <s:key name="can_list">1</s:key>
            <s:key name="can_share_app">1</s:key>
            <s:key name="can_share_global">1</s:key>
            <s:key name="can_share_user">0</s:key>
            <s:key name="can_write">1</s:key>
            <s:key name="modifiable">1</s:key>
            <s:key name="owner">nobody</s:key>
            <s:key name="perms">
              <s:dict>
                <s:key name="read">
                  <s:list>
                    <s:item>*</s:item>
                  </s:list>
                </s:key>
                <s:key name="write">
                  <s:list>
                    <s:item>admin</s:item>
                  </s:list>
                </s:key>
              </s:dict>
            </s:key>
            <s:key name="removable">0</s:key>
            <s:key name="sharing">global</s:key>
          </s:dict>
        </s:key>
        <s:key name="eai:appName">search</s:key>
        <s:key name="eai:userName">nobody</s:key>
        <s:key name="forceCsvResults">auto</s:key>
        <s:key name="hostname"></s:key>
        <s:key name="icon_path">outputtelemetry.png</s:key>
        <s:key name="is_custom">1</s:key>
        <s:key name="label">Output results to telemetry endpoint</s:key>
        <s:key name="maxresults">10000</s:key>
        <s:key name="maxtime">5m</s:key>
        <s:key name="param.anonymous">1</s:key>
        <s:key name="param.component"></s:key>
        <s:key name="param.input"></s:key>
        <s:key name="param.license">0</s:key>
        <s:key name="param.optinrequired">1</s:key>
        <s:key name="param.support">1</s:key>
        <s:key name="param.type">event</s:key>
        <s:key name="python.version">python3</s:key>
        <s:key name="track_alert">0</s:key>
        <s:key name="ttl">120</s:key>
      </s:dict>
    </content>
  </entry>
  <entry>
    <title>populate_lookup</title>
    <id>https://192.168.1.62:8089/servicesNS/nobody/system/alerts/alert_actions/populate_lookup</id>
    <updated>1970-01-01T05:30:00+05:30</updated>
    <link href="/servicesNS/nobody/system/alerts/alert_actions/populate_lookup" rel="alternate"/>
    <author>
      <name>nobody</name>
    </author>
    <link href="/servicesNS/nobody/system/alerts/alert_actions/populate_lookup" rel="list"/>
    <link href="/servicesNS/nobody/system/alerts/alert_actions/populate_lookup/_reload" rel="_reload"/>
    <link href="/servicesNS/nobody/system/alerts/alert_actions/populate_lookup" rel="edit"/>
    <link href="/servicesNS/nobody/system/alerts/alert_actions/populate_lookup/disable" rel="disable"/>
    <content type="text/xml">
      <s:dict>
        <s:key name="command">copyresults dest="$action.populate_lookup.dest$"  sid="$search_id$"</s:key>
        <s:key name="dest"></s:key>
        <s:key name="disabled">0</s:key>
        <s:key name="eai:acl">
          <s:dict>
            <s:key name="app">system</s:key>
            <s:key name="can_change_perms">1</s:key>
            <s:key name="can_list">1</s:key>
            <s:key name="can_share_app">1</s:key>
            <s:key name="can_share_global">1</s:key>
            <s:key name="can_share_user">0</s:key>
            <s:key name="can_write">1</s:key>
            <s:key name="modifiable">1</s:key>
            <s:key name="owner">nobody</s:key>
            <s:key name="perms">
              <s:dict>
                <s:key name="read">
                  <s:list>
                    <s:item>*</s:item>
                  </s:list>
                </s:key>
                <s:key name="write">
                  <s:list>
                    <s:item>admin</s:item>
                  </s:list>
                </s:key>
              </s:dict>
            </s:key>
            <s:key name="removable">0</s:key>
            <s:key name="sharing">system</s:key>
          </s:dict>
        </s:key>
        <s:key name="eai:appName">search</s:key>
        <s:key name="eai:userName">nobody</s:key>
        <s:key name="forceCsvResults">auto</s:key>
        <s:key name="hostname"></s:key>
        <s:key name="maxresults">10000</s:key>
        <s:key name="maxtime">5m</s:key>
        <s:key name="track_alert">0</s:key>
        <s:key name="ttl">120</s:key>
      </s:dict>
    </content>
  </entry>
  <entry>
    <title>rss</title>
    <id>https://192.168.1.62:8089/servicesNS/nobody/system/alerts/alert_actions/rss</id>
    <updated>1970-01-01T05:30:00+05:30</updated>
    <link href="/servicesNS/nobody/system/alerts/alert_actions/rss" rel="alternate"/>
    <author>
      <name>nobody</name>
    </author>
    <link href="/servicesNS/nobody/system/alerts/alert_actions/rss" rel="list"/>
    <link href="/servicesNS/nobody/system/alerts/alert_actions/rss/_reload" rel="_reload"/>
    <link href="/servicesNS/nobody/system/alerts/alert_actions/rss" rel="edit"/>
    <link href="/servicesNS/nobody/system/alerts/alert_actions/rss/disable" rel="disable"/>
    <content type="text/xml">
      <s:dict>
        <s:key name="command">createrss "path=$name$.xml" "name=$name$" "link=$results.url$" "descr=Alert trigger: $name$, results.count=$results.count$ " "count=30" "graceful=$graceful{default=1}$" maxtime="$action.rss.maxtime{default=1m}$"</s:key>
        <s:key name="disabled">0</s:key>
        <s:key name="eai:acl">
          <s:dict>
            <s:key name="app">system</s:key>
            <s:key name="can_change_perms">1</s:key>
            <s:key name="can_list">1</s:key>
            <s:key name="can_share_app">1</s:key>
            <s:key name="can_share_global">1</s:key>
            <s:key name="can_share_user">0</s:key>
            <s:key name="can_write">1</s:key>
            <s:key name="modifiable">1</s:key>
            <s:key name="owner">nobody</s:key>
            <s:key name="perms">
              <s:dict>
                <s:key name="read">
                  <s:list>
                    <s:item>*</s:item>
                  </s:list>
                </s:key>
                <s:key name="write">
                  <s:list>
                    <s:item>admin</s:item>
                  </s:list>
                </s:key>
              </s:dict>
            </s:key>
            <s:key name="removable">0</s:key>
            <s:key name="sharing">system</s:key>
          </s:dict>
        </s:key>
        <s:key name="eai:appName">search</s:key>
        <s:key name="eai:userName">nobody</s:key>
        <s:key name="forceCsvResults">auto</s:key>
        <s:key name="hostname"></s:key>
        <s:key name="maxresults">10000</s:key>
        <s:key name="maxtime">1m</s:key>
        <s:key name="track_alert">0</s:key>
        <s:key name="ttl">86400</s:key>
      </s:dict>
    </content>
  </entry>
  <entry>
    <title>script</title>
    <id>https://192.168.1.62:8089/servicesNS/nobody/system/alerts/alert_actions/script</id>
    <updated>1970-01-01T05:30:00+05:30</updated>
    <link href="/servicesNS/nobody/system/alerts/alert_actions/script" rel="alternate"/>
    <author>
      <name>nobody</name>
    </author>
    <link href="/servicesNS/nobody/system/alerts/alert_actions/script" rel="list"/>
    <link href="/servicesNS/nobody/system/alerts/alert_actions/script/_reload" rel="_reload"/>
    <link href="/servicesNS/nobody/system/alerts/alert_actions/script" rel="edit"/>
    <link href="/servicesNS/nobody/system/alerts/alert_actions/script/disable" rel="disable"/>
    <content type="text/xml">
      <s:dict>
        <s:key name="command">runshellscript "$action.script.filename$" "$results.count$" "$search$" "$search$" "$name$" "Saved Search [$name$] $counttype$($results.count$)" "$results.url$" "$deprecated_arg$" "$search_id$" "$results.file$" maxtime="$action.script.maxtime{default=5m}$"</s:key>
        <s:key name="description">Invoke a custom script</s:key>
        <s:key name="disabled">0</s:key>
        <s:key name="eai:acl">
          <s:dict>
            <s:key name="app">system</s:key>
            <s:key name="can_change_perms">1</s:key>
            <s:key name="can_list">1</s:key>
            <s:key name="can_share_app">1</s:key>
            <s:key name="can_share_global">1</s:key>
            <s:key name="can_share_user">0</s:key>
            <s:key name="can_write">1</s:key>
            <s:key name="modifiable">1</s:key>
            <s:key name="owner">nobody</s:key>
            <s:key name="perms">
              <s:dict>
                <s:key name="read">
                  <s:list>
                    <s:item>*</s:item>
                  </s:list>
                </s:key>
                <s:key name="write">
                  <s:list>
                    <s:item>admin</s:item>
                  </s:list>
                </s:key>
              </s:dict>
            </s:key>
            <s:key name="removable">0</s:key>
            <s:key name="sharing">system</s:key>
          </s:dict>
        </s:key>
        <s:key name="eai:appName">search</s:key>
        <s:key name="eai:userName">nobody</s:key>
        <s:key name="filename"></s:key>
        <s:key name="forceCsvResults">auto</s:key>
        <s:key name="hostname"></s:key>
        <s:key name="icon_path">mod_alert_icon_script.png</s:key>
        <s:key name="label">Run a script</s:key>
        <s:key name="maxresults">10000</s:key>
        <s:key name="maxtime">5m</s:key>
        <s:key name="track_alert">1</s:key>
        <s:key name="ttl">600</s:key>
      </s:dict>
    </content>
  </entry>
  <entry>
    <title>summary_index</title>
    <id>https://192.168.1.62:8089/servicesNS/nobody/system/alerts/alert_actions/summary_index</id>
    <updated>1970-01-01T05:30:00+05:30</updated>
    <link href="/servicesNS/nobody/system/alerts/alert_actions/summary_index" rel="alternate"/>
    <author>
      <name>nobody</name>
    </author>
    <link href="/servicesNS/nobody/system/alerts/alert_actions/summary_index" rel="list"/>
    <link href="/servicesNS/nobody/system/alerts/alert_actions/summary_index/_reload" rel="_reload"/>
    <link href="/servicesNS/nobody/system/alerts/alert_actions/summary_index" rel="edit"/>
    <link href="/servicesNS/nobody/system/alerts/alert_actions/summary_index/disable" rel="disable"/>
    <content type="text/xml">
      <s:dict>
        <s:key name="_name">summary</s:key>
        <s:key name="command"><![CDATA[summaryindex spool=t uselb=t addtime=t index="$action.summary_index._name{required=yes}$" file="$name_hash$_$#random$.stash_new" name="$name$" marker="$action.summary_index*{format=$KEY=\\\"$VAL\\\", key_regex="action.summary_index.(?!(?:command|forceCsvResults|force_realtime_schedule|inline|maxresults|maxtime|python\\.version|ttl|track_alert|(?:_.*))$)(.*)"}$"]]]]><![CDATA[></s:key>
        <s:key name="disabled">0</s:key>
        <s:key name="eai:acl">
          <s:dict>
            <s:key name="app">system</s:key>
            <s:key name="can_change_perms">1</s:key>
            <s:key name="can_list">1</s:key>
            <s:key name="can_share_app">1</s:key>
            <s:key name="can_share_global">1</s:key>
            <s:key name="can_share_user">0</s:key>
            <s:key name="can_write">1</s:key>
            <s:key name="modifiable">1</s:key>
            <s:key name="owner">nobody</s:key>
            <s:key name="perms">
              <s:dict>
                <s:key name="read">
                  <s:list>
                    <s:item>*</s:item>
                  </s:list>
                </s:key>
                <s:key name="write">
                  <s:list>
                    <s:item>admin</s:item>
                  </s:list>
                </s:key>
              </s:dict>
            </s:key>
            <s:key name="removable">0</s:key>
            <s:key name="sharing">system</s:key>
          </s:dict>
        </s:key>
        <s:key name="eai:appName">search</s:key>
        <s:key name="eai:userName">nobody</s:key>
        <s:key name="forceCsvResults">auto</s:key>
        <s:key name="hostname"></s:key>
        <s:key name="inline">1</s:key>
        <s:key name="maxresults">10000</s:key>
        <s:key name="maxtime">5m</s:key>
        <s:key name="track_alert">0</s:key>
        <s:key name="ttl">120</s:key>
      </s:dict>
    </content>
  </entry>
  <entry>
    <title>summary_metric_index</title>
    <id>https://192.168.1.62:8089/servicesNS/nobody/system/alerts/alert_actions/summary_metric_index</id>
    <updated>1970-01-01T05:30:00+05:30</updated>
    <link href="/servicesNS/nobody/system/alerts/alert_actions/summary_metric_index" rel="alternate"/>
    <author>
      <name>nobody</name>
    </author>
    <link href="/servicesNS/nobody/system/alerts/alert_actions/summary_metric_index" rel="list"/>
    <link href="/servicesNS/nobody/system/alerts/alert_actions/summary_metric_index/_reload" rel="_reload"/>
    <link href="/servicesNS/nobody/system/alerts/alert_actions/summary_metric_index" rel="edit"/>
    <link href="/servicesNS/nobody/system/alerts/alert_actions/summary_metric_index/disable" rel="disable"/>
    <content type="text/xml">
      <s:dict>
        <s:key name="_name">summary</s:key>
        <s:key name="command"><![CDATA[mcollect spool=t index="$action.summary_index._name{required=yes}$" file="$name_hash$_$#random$.stash_new" name="$name$" marker="$action.summary_index*{format=$KEY=\\\"$VAL\\\", key_regex="action.summary_index.(?!(?:command|forceCsvResults|force_realtime_schedule|inline|maxresults|maxtime|python\\.version|ttl|track_alert|(?:_.*))$)(.*)"}$" split=allnums $action.summary_index._metric_dims$]]]]><![CDATA[></s:key>
        <s:key name="disabled">0</s:key>
        <s:key name="eai:acl">
          <s:dict>
            <s:key name="app">system</s:key>
            <s:key name="can_change_perms">1</s:key>
            <s:key name="can_list">1</s:key>
            <s:key name="can_share_app">1</s:key>
            <s:key name="can_share_global">1</s:key>
            <s:key name="can_share_user">0</s:key>
            <s:key name="can_write">1</s:key>
            <s:key name="modifiable">1</s:key>
            <s:key name="owner">nobody</s:key>
            <s:key name="perms">
              <s:dict>
                <s:key name="read">
                  <s:list>
                    <s:item>*</s:item>
                  </s:list>
                </s:key>
                <s:key name="write">
                  <s:list>
                    <s:item>admin</s:item>
                  </s:list>
                </s:key>
              </s:dict>
            </s:key>
            <s:key name="removable">0</s:key>
            <s:key name="sharing">system</s:key>
          </s:dict>
        </s:key>
        <s:key name="eai:appName">search</s:key>
        <s:key name="eai:userName">nobody</s:key>
        <s:key name="forceCsvResults">auto</s:key>
        <s:key name="hostname"></s:key>
        <s:key name="inline">1</s:key>
        <s:key name="maxresults">10000</s:key>
        <s:key name="maxtime">5m</s:key>
        <s:key name="track_alert">0</s:key>
        <s:key name="ttl">120</s:key>
      </s:dict>
    </content>
  </entry>
  <entry>
    <title>webhook</title>
    <id>https://192.168.1.62:8089/servicesNS/nobody/alert_webhook/alerts/alert_actions/webhook</id>
    <updated>1970-01-01T05:30:00+05:30</updated>
    <link href="/servicesNS/nobody/alert_webhook/alerts/alert_actions/webhook" rel="alternate"/>
    <author>
      <name>nobody</name>
    </author>
    <link href="/servicesNS/nobody/alert_webhook/alerts/alert_actions/webhook" rel="list"/>
    <link href="/servicesNS/nobody/alert_webhook/alerts/alert_actions/webhook/_reload" rel="_reload"/>
    <link href="/servicesNS/nobody/alert_webhook/alerts/alert_actions/webhook" rel="edit"/>
    <link href="/servicesNS/nobody/alert_webhook/alerts/alert_actions/webhook/disable" rel="disable"/>
    <content type="text/xml">
      <s:dict>
        <s:key name="command">sendalert $action_name$ results_file="$results.file$" results_link="$results.url$"</s:key>
        <s:key name="description">Generic HTTP POST to a specified URL</s:key>
        <s:key name="disabled">0</s:key>
        <s:key name="eai:acl">
          <s:dict>
            <s:key name="app">alert_webhook</s:key>
            <s:key name="can_change_perms">1</s:key>
            <s:key name="can_list">1</s:key>
            <s:key name="can_share_app">1</s:key>
            <s:key name="can_share_global">1</s:key>
            <s:key name="can_share_user">0</s:key>
            <s:key name="can_write">1</s:key>
            <s:key name="modifiable">1</s:key>
            <s:key name="owner">nobody</s:key>
            <s:key name="perms">
              <s:dict>
                <s:key name="read">
                  <s:list>
                    <s:item>*</s:item>
                  </s:list>
                </s:key>
                <s:key name="write">
                  <s:list>
                    <s:item>*</s:item>
                  </s:list>
                </s:key>
              </s:dict>
            </s:key>
            <s:key name="removable">0</s:key>
            <s:key name="sharing">global</s:key>
          </s:dict>
        </s:key>
        <s:key name="eai:appName">search</s:key>
        <s:key name="eai:userName">nobody</s:key>
        <s:key name="forceCsvResults">auto</s:key>
        <s:key name="hostname"></s:key>
        <s:key name="icon_path">webhook.png</s:key>
        <s:key name="is_custom">1</s:key>
        <s:key name="label">Webhook</s:key>
        <s:key name="maxresults">10000</s:key>
        <s:key name="maxtime">5m</s:key>
        <s:key name="param.user_agent">Splunk/$server.guid$</s:key>
        <s:key name="payload_format">json</s:key>
        <s:key name="python.version">python3</s:key>
        <s:key name="track_alert">0</s:key>
        <s:key name="ttl">10p</s:key>
      </s:dict>
    </content>
  </entry>
</feed>


16:03:45.968 [ForkJoinPool-1-worker-0] INFO com.intuit.karate - [print] xml
16:03:45.984 [ForkJoinPool-1-worker-0] INFO com.intuit.karate - [print] alert_actions
16:03:45.984 [ForkJoinPool-1-worker-0] INFO com.intuit.karate - after scenario inside config 
16:03:45.984 [pool-1-thread-2] INFO com.intuit.karate.Runner - <<pass>> feature 19 of 26: classpath:featurefiles/KarateTestSuite-17_Splunk_Validation.feature
---------------------------------------------------------
feature: classpath:featurefiles/KarateTestSuite-17_Splunk_Validation.feature
report: build\surefire-reports\featurefiles.KarateTestSuite-17_Splunk_Validation.json
scenarios:  2 | passed:  2 | failed:  0 | time: 0.1610
---------------------------------------------------------
16:03:45.999 [ForkJoinPool-1-worker-0] INFO com.intuit.karate - From karate-config file 
16:03:45.999 [ForkJoinPool-1-worker-0] DEBUG com.jayway.jsonpath.internal.path.CompiledPath - Evaluating path: $
16:03:45.999 [ForkJoinPool-1-worker-0] INFO com.intuit.karate - [print] Basic YWRtaW46YWRtaW4=
16:03:45.999 [ForkJoinPool-1-worker-0] DEBUG org.apache.http.client.protocol.RequestAddCookies - CookieSpec selected: karate
16:03:45.999 [ForkJoinPool-1-worker-0] DEBUG org.apache.http.client.protocol.RequestAuthCache - Auth cache not set in the context
16:03:45.999 [ForkJoinPool-1-worker-0] DEBUG com.intuit.karate - request:
1 > GET http://192.168.1.62:8161/api/jolokia
1 > Accept-Encoding: gzip,deflate
1 > Authorization: Basic YWRtaW46YWRtaW4=
1 > Connection: Keep-Alive
1 > Host: 192.168.1.62:8161
1 > User-Agent: Apache-HttpClient/4.5.12 (Java/1.8.0_251)

16:03:45.999 [ForkJoinPool-1-worker-0] DEBUG org.apache.http.impl.conn.PoolingHttpClientConnectionManager - Connection request: [route: {}->http://192.168.1.62:8161][total available: 0; route allocated: 0 of 5; total allocated: 0 of 10]
16:03:45.999 [ForkJoinPool-1-worker-0] DEBUG org.apache.http.impl.conn.PoolingHttpClientConnectionManager - Connection leased: [id: 17][route: {}->http://192.168.1.62:8161][total available: 0; route allocated: 1 of 5; total allocated: 1 of 10]
16:03:45.999 [ForkJoinPool-1-worker-0] DEBUG org.apache.http.impl.execchain.MainClientExec - Opening connection {}->http://192.168.1.62:8161
16:03:45.999 [ForkJoinPool-1-worker-0] DEBUG org.apache.http.impl.conn.DefaultHttpClientConnectionOperator - Connecting to /192.168.1.62:8161
16:03:45.999 [ForkJoinPool-1-worker-0] DEBUG org.apache.http.impl.conn.DefaultHttpClientConnectionOperator - Connection established 192.168.1.53:62843<->192.168.1.62:8161
16:03:45.999 [ForkJoinPool-1-worker-0] DEBUG org.apache.http.impl.conn.DefaultManagedHttpClientConnection - http-outgoing-17: set socket timeout to 5000
16:03:45.999 [ForkJoinPool-1-worker-0] DEBUG org.apache.http.impl.execchain.MainClientExec - Executing request GET /api/jolokia HTTP/1.1
16:03:45.999 [ForkJoinPool-1-worker-0] DEBUG org.apache.http.impl.execchain.MainClientExec - Proxy auth state: UNCHALLENGED
16:03:45.999 [ForkJoinPool-1-worker-0] DEBUG org.apache.http.headers - http-outgoing-17 >> GET /api/jolokia HTTP/1.1
16:03:45.999 [ForkJoinPool-1-worker-0] DEBUG org.apache.http.headers - http-outgoing-17 >> Authorization: Basic YWRtaW46YWRtaW4=
16:03:45.999 [ForkJoinPool-1-worker-0] DEBUG org.apache.http.headers - http-outgoing-17 >> Host: 192.168.1.62:8161
16:03:45.999 [ForkJoinPool-1-worker-0] DEBUG org.apache.http.headers - http-outgoing-17 >> Connection: Keep-Alive
16:03:45.999 [ForkJoinPool-1-worker-0] DEBUG org.apache.http.headers - http-outgoing-17 >> User-Agent: Apache-HttpClient/4.5.12 (Java/1.8.0_251)
16:03:45.999 [ForkJoinPool-1-worker-0] DEBUG org.apache.http.headers - http-outgoing-17 >> Accept-Encoding: gzip,deflate
16:03:45.999 [ForkJoinPool-1-worker-0] DEBUG org.apache.http.wire - http-outgoing-17 >> "GET /api/jolokia HTTP/1.1[\r][\n]"
16:03:45.999 [ForkJoinPool-1-worker-0] DEBUG org.apache.http.wire - http-outgoing-17 >> "Authorization: Basic YWRtaW46YWRtaW4=[\r][\n]"
16:03:45.999 [ForkJoinPool-1-worker-0] DEBUG org.apache.http.wire - http-outgoing-17 >> "Host: 192.168.1.62:8161[\r][\n]"
16:03:45.999 [ForkJoinPool-1-worker-0] DEBUG org.apache.http.wire - http-outgoing-17 >> "Connection: Keep-Alive[\r][\n]"
16:03:45.999 [ForkJoinPool-1-worker-0] DEBUG org.apache.http.wire - http-outgoing-17 >> "User-Agent: Apache-HttpClient/4.5.12 (Java/1.8.0_251)[\r][\n]"
16:03:45.999 [ForkJoinPool-1-worker-0] DEBUG org.apache.http.wire - http-outgoing-17 >> "Accept-Encoding: gzip,deflate[\r][\n]"
16:03:45.999 [ForkJoinPool-1-worker-0] DEBUG org.apache.http.wire - http-outgoing-17 >> "[\r][\n]"
16:03:45.999 [ForkJoinPool-1-worker-0] DEBUG org.apache.http.wire - http-outgoing-17 << "HTTP/1.1 200 OK[\r][\n]"
16:03:45.999 [ForkJoinPool-1-worker-0] DEBUG org.apache.http.wire - http-outgoing-17 << "Date: Fri, 05 Feb 2021 10:33:46 GMT[\r][\n]"
16:03:45.999 [ForkJoinPool-1-worker-0] DEBUG org.apache.http.wire - http-outgoing-17 << "X-FRAME-OPTIONS: SAMEORIGIN[\r][\n]"
16:03:45.999 [ForkJoinPool-1-worker-0] DEBUG org.apache.http.wire - http-outgoing-17 << "X-XSS-Protection: 1; mode=block[\r][\n]"
16:03:45.999 [ForkJoinPool-1-worker-0] DEBUG org.apache.http.wire - http-outgoing-17 << "X-Content-Type-Options: nosniff[\r][\n]"
16:03:45.999 [ForkJoinPool-1-worker-0] DEBUG org.apache.http.wire - http-outgoing-17 << "Content-Type: text/plain;charset=utf-8[\r][\n]"
16:03:45.999 [ForkJoinPool-1-worker-0] DEBUG org.apache.http.wire - http-outgoing-17 << "Cache-Control: no-cache[\r][\n]"
16:03:45.999 [ForkJoinPool-1-worker-0] DEBUG org.apache.http.wire - http-outgoing-17 << "Pragma: no-cache[\r][\n]"
16:03:45.999 [ForkJoinPool-1-worker-0] DEBUG org.apache.http.wire - http-outgoing-17 << "Expires: Fri, 05 Feb 2021 09:33:46 GMT[\r][\n]"
16:03:45.999 [ForkJoinPool-1-worker-0] DEBUG org.apache.http.wire - http-outgoing-17 << "Transfer-Encoding: chunked[\r][\n]"
16:03:45.999 [ForkJoinPool-1-worker-0] DEBUG org.apache.http.wire - http-outgoing-17 << "Server: Jetty(9.4.35.v20201120)[\r][\n]"
16:03:45.999 [ForkJoinPool-1-worker-0] DEBUG org.apache.http.wire - http-outgoing-17 << "[\r][\n]"
16:03:45.999 [ForkJoinPool-1-worker-0] DEBUG org.apache.http.wire - http-outgoing-17 << "7F[\r][\n]"
16:03:45.999 [ForkJoinPool-1-worker-0] DEBUG org.apache.http.wire - http-outgoing-17 << "{"error_type":"java.lang.Exception","error":"java.lang.Exception : Origin null is not allowed to call this agent","status":403}[\r][\n]"
16:03:45.999 [ForkJoinPool-1-worker-0] DEBUG org.apache.http.wire - http-outgoing-17 << "0[\r][\n]"
16:03:45.999 [ForkJoinPool-1-worker-0] DEBUG org.apache.http.wire - http-outgoing-17 << "[\r][\n]"
16:03:45.999 [ForkJoinPool-1-worker-0] DEBUG org.apache.http.headers - http-outgoing-17 << HTTP/1.1 200 OK
16:03:45.999 [ForkJoinPool-1-worker-0] DEBUG org.apache.http.headers - http-outgoing-17 << Date: Fri, 05 Feb 2021 10:33:46 GMT
16:03:45.999 [ForkJoinPool-1-worker-0] DEBUG org.apache.http.headers - http-outgoing-17 << X-FRAME-OPTIONS: SAMEORIGIN
16:03:45.999 [ForkJoinPool-1-worker-0] DEBUG org.apache.http.headers - http-outgoing-17 << X-XSS-Protection: 1; mode=block
16:03:45.999 [ForkJoinPool-1-worker-0] DEBUG org.apache.http.headers - http-outgoing-17 << X-Content-Type-Options: nosniff
16:03:45.999 [ForkJoinPool-1-worker-0] DEBUG org.apache.http.headers - http-outgoing-17 << Content-Type: text/plain;charset=utf-8
16:03:45.999 [ForkJoinPool-1-worker-0] DEBUG org.apache.http.headers - http-outgoing-17 << Cache-Control: no-cache
16:03:45.999 [ForkJoinPool-1-worker-0] DEBUG org.apache.http.headers - http-outgoing-17 << Pragma: no-cache
16:03:45.999 [ForkJoinPool-1-worker-0] DEBUG org.apache.http.headers - http-outgoing-17 << Expires: Fri, 05 Feb 2021 09:33:46 GMT
16:03:45.999 [ForkJoinPool-1-worker-0] DEBUG org.apache.http.headers - http-outgoing-17 << Transfer-Encoding: chunked
16:03:45.999 [ForkJoinPool-1-worker-0] DEBUG org.apache.http.headers - http-outgoing-17 << Server: Jetty(9.4.35.v20201120)
16:03:45.999 [ForkJoinPool-1-worker-0] DEBUG org.apache.http.impl.execchain.MainClientExec - Connection can be kept alive indefinitely
16:03:45.999 [ForkJoinPool-1-worker-0] DEBUG org.apache.http.impl.conn.PoolingHttpClientConnectionManager - Connection [id: 17][route: {}->http://192.168.1.62:8161] can be kept alive indefinitely
16:03:45.999 [ForkJoinPool-1-worker-0] DEBUG org.apache.http.impl.conn.DefaultManagedHttpClientConnection - http-outgoing-17: set socket timeout to 0
16:03:45.999 [ForkJoinPool-1-worker-0] DEBUG org.apache.http.impl.conn.PoolingHttpClientConnectionManager - Connection released: [id: 17][route: {}->http://192.168.1.62:8161][total available: 1; route allocated: 1 of 5; total allocated: 1 of 10]
16:03:45.999 [ForkJoinPool-1-worker-0] DEBUG com.intuit.karate - response time in milliseconds: 2.67
1 < 200
1 < Cache-Control: no-cache
1 < Content-Type: text/plain;charset=utf-8
1 < Date: Fri, 05 Feb 2021 10:33:46 GMT
1 < Expires: Fri, 05 Feb 2021 09:33:46 GMT
1 < Pragma: no-cache
1 < Server: Jetty(9.4.35.v20201120)
1 < Transfer-Encoding: chunked
1 < X-Content-Type-Options: nosniff
1 < X-FRAME-OPTIONS: SAMEORIGIN
1 < X-XSS-Protection: 1; mode=block
{"error_type":"java.lang.Exception","error":"java.lang.Exception : Origin null is not allowed to call this agent","status":403}

16:03:45.999 [ForkJoinPool-1-worker-0] INFO com.intuit.karate - [print] json
16:03:46.015 [ForkJoinPool-1-worker-0] DEBUG com.jayway.jsonpath.internal.path.CompiledPath - Evaluating path: $['value']['agent']
16:03:46.015 [ForkJoinPool-1-worker-0] ERROR com.intuit.karate - assertion failed: path: $.value.agent, actual: null, expected: '1.3.4', reason: actual json-path does not exist
16:03:46.015 [ForkJoinPool-1-worker-0] INFO com.intuit.karate - after scenario inside config 
16:03:46.031 [pool-1-thread-2] INFO com.intuit.karate.Runner - <<fail>> feature 20 of 26: classpath:featurefiles/KarateTestSuite-18_ActiveMQ_1.feature
---------------------------------------------------------
feature: classpath:featurefiles/KarateTestSuite-18_ActiveMQ_1.feature
report: build\surefire-reports\featurefiles.KarateTestSuite-18_ActiveMQ_1.json
scenarios:  1 | passed:  0 | failed:  1 | time: 0.0147
---------------------------------------------------------
16:03:46.031 [ForkJoinPool-1-worker-0] INFO com.intuit.karate - From karate-config file 
16:03:46.031 [ForkJoinPool-1-worker-0] DEBUG com.jayway.jsonpath.internal.path.CompiledPath - Evaluating path: $
16:03:46.031 [ForkJoinPool-1-worker-0] INFO com.intuit.karate - [print] Basic YWRtaW46YWRtaW4=
16:03:46.047 [ForkJoinPool-1-worker-0] DEBUG org.apache.http.client.protocol.RequestAddCookies - CookieSpec selected: karate
16:03:46.047 [ForkJoinPool-1-worker-0] DEBUG org.apache.http.client.protocol.RequestAuthCache - Auth cache not set in the context
16:03:46.047 [ForkJoinPool-1-worker-0] DEBUG com.intuit.karate - request:
1 > POST http://192.168.1.62:8161/api/message?destination=queue%3A%2F%2Fdhanaraju.input
1 > Accept-Encoding: gzip,deflate
1 > Authorization: Basic YWRtaW46YWRtaW4=
1 > Connection: Keep-Alive
1 > Content-Length: 27
1 > Content-Type: text/plain; charset=UTF-8
1 > Host: 192.168.1.62:8161
1 > User-Agent: Apache-HttpClient/4.5.12 (Java/1.8.0_251)
Hi, Karate - JMS from Dhana

16:03:46.047 [ForkJoinPool-1-worker-0] DEBUG org.apache.http.impl.conn.PoolingHttpClientConnectionManager - Connection request: [route: {}->http://192.168.1.62:8161][total available: 0; route allocated: 0 of 5; total allocated: 0 of 10]
16:03:46.047 [ForkJoinPool-1-worker-0] DEBUG org.apache.http.impl.conn.PoolingHttpClientConnectionManager - Connection leased: [id: 18][route: {}->http://192.168.1.62:8161][total available: 0; route allocated: 1 of 5; total allocated: 1 of 10]
16:03:46.047 [ForkJoinPool-1-worker-0] DEBUG org.apache.http.impl.execchain.MainClientExec - Opening connection {}->http://192.168.1.62:8161
16:03:46.047 [ForkJoinPool-1-worker-0] DEBUG org.apache.http.impl.conn.DefaultHttpClientConnectionOperator - Connecting to /192.168.1.62:8161
16:03:46.047 [ForkJoinPool-1-worker-0] DEBUG org.apache.http.impl.conn.DefaultHttpClientConnectionOperator - Connection established 192.168.1.53:62844<->192.168.1.62:8161
16:03:46.047 [ForkJoinPool-1-worker-0] DEBUG org.apache.http.impl.conn.DefaultManagedHttpClientConnection - http-outgoing-18: set socket timeout to 5000
16:03:46.047 [ForkJoinPool-1-worker-0] DEBUG org.apache.http.impl.execchain.MainClientExec - Executing request POST /api/message?destination=queue%3A%2F%2Fdhanaraju.input HTTP/1.1
16:03:46.047 [ForkJoinPool-1-worker-0] DEBUG org.apache.http.impl.execchain.MainClientExec - Proxy auth state: UNCHALLENGED
16:03:46.047 [ForkJoinPool-1-worker-0] DEBUG org.apache.http.headers - http-outgoing-18 >> POST /api/message?destination=queue%3A%2F%2Fdhanaraju.input HTTP/1.1
16:03:46.047 [ForkJoinPool-1-worker-0] DEBUG org.apache.http.headers - http-outgoing-18 >> Authorization: Basic YWRtaW46YWRtaW4=
16:03:46.047 [ForkJoinPool-1-worker-0] DEBUG org.apache.http.headers - http-outgoing-18 >> Connection: Keep-Alive
16:03:46.047 [ForkJoinPool-1-worker-0] DEBUG org.apache.http.headers - http-outgoing-18 >> Content-Type: text/plain; charset=UTF-8
16:03:46.047 [ForkJoinPool-1-worker-0] DEBUG org.apache.http.headers - http-outgoing-18 >> Content-Length: 27
16:03:46.047 [ForkJoinPool-1-worker-0] DEBUG org.apache.http.headers - http-outgoing-18 >> Host: 192.168.1.62:8161
16:03:46.047 [ForkJoinPool-1-worker-0] DEBUG org.apache.http.headers - http-outgoing-18 >> User-Agent: Apache-HttpClient/4.5.12 (Java/1.8.0_251)
16:03:46.047 [ForkJoinPool-1-worker-0] DEBUG org.apache.http.headers - http-outgoing-18 >> Accept-Encoding: gzip,deflate
16:03:46.047 [ForkJoinPool-1-worker-0] DEBUG org.apache.http.wire - http-outgoing-18 >> "POST /api/message?destination=queue%3A%2F%2Fdhanaraju.input HTTP/1.1[\r][\n]"
16:03:46.047 [ForkJoinPool-1-worker-0] DEBUG org.apache.http.wire - http-outgoing-18 >> "Authorization: Basic YWRtaW46YWRtaW4=[\r][\n]"
16:03:46.047 [ForkJoinPool-1-worker-0] DEBUG org.apache.http.wire - http-outgoing-18 >> "Connection: Keep-Alive[\r][\n]"
16:03:46.047 [ForkJoinPool-1-worker-0] DEBUG org.apache.http.wire - http-outgoing-18 >> "Content-Type: text/plain; charset=UTF-8[\r][\n]"
16:03:46.047 [ForkJoinPool-1-worker-0] DEBUG org.apache.http.wire - http-outgoing-18 >> "Content-Length: 27[\r][\n]"
16:03:46.047 [ForkJoinPool-1-worker-0] DEBUG org.apache.http.wire - http-outgoing-18 >> "Host: 192.168.1.62:8161[\r][\n]"
16:03:46.047 [ForkJoinPool-1-worker-0] DEBUG org.apache.http.wire - http-outgoing-18 >> "User-Agent: Apache-HttpClient/4.5.12 (Java/1.8.0_251)[\r][\n]"
16:03:46.047 [ForkJoinPool-1-worker-0] DEBUG org.apache.http.wire - http-outgoing-18 >> "Accept-Encoding: gzip,deflate[\r][\n]"
16:03:46.047 [ForkJoinPool-1-worker-0] DEBUG org.apache.http.wire - http-outgoing-18 >> "[\r][\n]"
16:03:46.047 [ForkJoinPool-1-worker-0] DEBUG org.apache.http.wire - http-outgoing-18 >> "Hi, Karate - JMS from Dhana"
16:03:46.109 [ForkJoinPool-1-worker-0] DEBUG org.apache.http.wire - http-outgoing-18 << "HTTP/1.1 200 OK[\r][\n]"
16:03:46.109 [ForkJoinPool-1-worker-0] DEBUG org.apache.http.wire - http-outgoing-18 << "Date: Fri, 05 Feb 2021 10:33:46 GMT[\r][\n]"
16:03:46.109 [ForkJoinPool-1-worker-0] DEBUG org.apache.http.wire - http-outgoing-18 << "X-FRAME-OPTIONS: SAMEORIGIN[\r][\n]"
16:03:46.109 [ForkJoinPool-1-worker-0] DEBUG org.apache.http.wire - http-outgoing-18 << "X-XSS-Protection: 1; mode=block[\r][\n]"
16:03:46.109 [ForkJoinPool-1-worker-0] DEBUG org.apache.http.wire - http-outgoing-18 << "X-Content-Type-Options: nosniff[\r][\n]"
16:03:46.109 [ForkJoinPool-1-worker-0] DEBUG org.apache.http.wire - http-outgoing-18 << "Set-Cookie: JSESSIONID=node01ktygokkby5621rexv6drqn18f125.node0; Path=/api; HttpOnly[\r][\n]"
16:03:46.109 [ForkJoinPool-1-worker-0] DEBUG org.apache.http.wire - http-outgoing-18 << "Expires: Thu, 01 Jan 1970 00:00:00 GMT[\r][\n]"
16:03:46.109 [ForkJoinPool-1-worker-0] DEBUG org.apache.http.wire - http-outgoing-18 << "messageID: ID:palmeto-38209-1612437157326-4:112:1:1:1[\r][\n]"
16:03:46.109 [ForkJoinPool-1-worker-0] DEBUG org.apache.http.wire - http-outgoing-18 << "Content-Length: 12[\r][\n]"
16:03:46.109 [ForkJoinPool-1-worker-0] DEBUG org.apache.http.wire - http-outgoing-18 << "Server: Jetty(9.4.35.v20201120)[\r][\n]"
16:03:46.109 [ForkJoinPool-1-worker-0] DEBUG org.apache.http.wire - http-outgoing-18 << "[\r][\n]"
16:03:46.109 [ForkJoinPool-1-worker-0] DEBUG org.apache.http.wire - http-outgoing-18 << "Message sent"
16:03:46.109 [ForkJoinPool-1-worker-0] DEBUG org.apache.http.headers - http-outgoing-18 << HTTP/1.1 200 OK
16:03:46.109 [ForkJoinPool-1-worker-0] DEBUG org.apache.http.headers - http-outgoing-18 << Date: Fri, 05 Feb 2021 10:33:46 GMT
16:03:46.109 [ForkJoinPool-1-worker-0] DEBUG org.apache.http.headers - http-outgoing-18 << X-FRAME-OPTIONS: SAMEORIGIN
16:03:46.109 [ForkJoinPool-1-worker-0] DEBUG org.apache.http.headers - http-outgoing-18 << X-XSS-Protection: 1; mode=block
16:03:46.109 [ForkJoinPool-1-worker-0] DEBUG org.apache.http.headers - http-outgoing-18 << X-Content-Type-Options: nosniff
16:03:46.109 [ForkJoinPool-1-worker-0] DEBUG org.apache.http.headers - http-outgoing-18 << Set-Cookie: JSESSIONID=node01ktygokkby5621rexv6drqn18f125.node0; Path=/api; HttpOnly
16:03:46.109 [ForkJoinPool-1-worker-0] DEBUG org.apache.http.headers - http-outgoing-18 << Expires: Thu, 01 Jan 1970 00:00:00 GMT
16:03:46.109 [ForkJoinPool-1-worker-0] DEBUG org.apache.http.headers - http-outgoing-18 << messageID: ID:palmeto-38209-1612437157326-4:112:1:1:1
16:03:46.109 [ForkJoinPool-1-worker-0] DEBUG org.apache.http.headers - http-outgoing-18 << Content-Length: 12
16:03:46.109 [ForkJoinPool-1-worker-0] DEBUG org.apache.http.headers - http-outgoing-18 << Server: Jetty(9.4.35.v20201120)
16:03:46.109 [ForkJoinPool-1-worker-0] DEBUG org.apache.http.impl.execchain.MainClientExec - Connection can be kept alive indefinitely
16:03:46.109 [ForkJoinPool-1-worker-0] DEBUG org.apache.http.client.protocol.ResponseProcessCookies - Cookie accepted [JSESSIONID="node01ktygokkby5621rexv6drqn18f125.node0", version:0, domain:192.168.1.62, path:/api, expiry:null]
16:03:46.109 [ForkJoinPool-1-worker-0] DEBUG com.intuit.karate - response time in milliseconds: 66.42
1 < 200
1 < Content-Length: 12
1 < Date: Fri, 05 Feb 2021 10:33:46 GMT
1 < Expires: Thu, 01 Jan 1970 00:00:00 GMT
1 < Server: Jetty(9.4.35.v20201120)
1 < Set-Cookie: JSESSIONID=node01ktygokkby5621rexv6drqn18f125.node0; Path=/api; HttpOnly
1 < X-Content-Type-Options: nosniff
1 < X-FRAME-OPTIONS: SAMEORIGIN
1 < X-XSS-Protection: 1; mode=block
1 < messageID: ID:palmeto-38209-1612437157326-4:112:1:1:1

16:03:46.109 [ForkJoinPool-1-worker-0] DEBUG org.apache.http.impl.conn.PoolingHttpClientConnectionManager - Connection [id: 18][route: {}->http://192.168.1.62:8161] can be kept alive indefinitely
16:03:46.109 [ForkJoinPool-1-worker-0] DEBUG org.apache.http.impl.conn.DefaultManagedHttpClientConnection - http-outgoing-18: set socket timeout to 0
16:03:46.109 [ForkJoinPool-1-worker-0] DEBUG org.apache.http.impl.conn.PoolingHttpClientConnectionManager - Connection released: [id: 18][route: {}->http://192.168.1.62:8161][total available: 1; route allocated: 1 of 5; total allocated: 1 of 10]
16:03:46.109 [ForkJoinPool-1-worker-0] DEBUG com.jayway.jsonpath.internal.path.CompiledPath - Evaluating path: $
16:03:46.109 [ForkJoinPool-1-worker-0] INFO com.intuit.karate - [print] {
  "JSESSIONID": {
    "name": "JSESSIONID",
    "value": "node01ktygokkby5621rexv6drqn18f125.node0",
    "domain": "192.168.1.62",
    "path": "/api",
    "persistent": "false",
    "secure": "false"
  }
}

16:03:46.124 [ForkJoinPool-1-worker-0] DEBUG com.jayway.jsonpath.internal.path.CompiledPath - Evaluating path: $
16:03:46.124 [ForkJoinPool-1-worker-0] INFO com.intuit.karate - [print] {
  "name": "JSESSIONID",
  "value": "node01ktygokkby5621rexv6drqn18f125.node0",
  "domain": "192.168.1.62",
  "path": "/api",
  "persistent": "false",
  "secure": "false"
}

16:03:46.671 [ForkJoinPool-1-worker-1] DEBUG org.apache.http.wire - http-outgoing-12 << "HTTP/1.1 200 OK[\r][\n]"
16:03:46.671 [ForkJoinPool-1-worker-1] DEBUG org.apache.http.wire - http-outgoing-12 << "Cache-Control: no-cache, private, max-age=31536000[\r][\n]"
16:03:46.671 [ForkJoinPool-1-worker-1] DEBUG org.apache.http.wire - http-outgoing-12 << "Content-Type: application/json[\r][\n]"
16:03:46.671 [ForkJoinPool-1-worker-1] DEBUG org.apache.http.wire - http-outgoing-12 << "Date: Fri, 05 Feb 2021 10:33:46 GMT[\r][\n]"
16:03:46.671 [ForkJoinPool-1-worker-1] DEBUG org.apache.http.wire - http-outgoing-12 << "Display: staticcontent_sol[\r][\n]"
16:03:46.671 [ForkJoinPool-1-worker-1] DEBUG org.apache.http.wire - http-outgoing-12 << "Expires: Sat, 05 Feb 2022 10:33:46 GMT[\r][\n]"
16:03:46.671 [ForkJoinPool-1-worker-1] DEBUG org.apache.http.wire - http-outgoing-12 << "Host-Header: c2hhcmVkLmJsdWVob3N0LmNvbQ==[\r][\n]"
16:03:46.671 [ForkJoinPool-1-worker-1] DEBUG org.apache.http.wire - http-outgoing-12 << "Referrer-Policy: [\r][\n]"
16:03:46.671 [ForkJoinPool-1-worker-1] DEBUG org.apache.http.wire - http-outgoing-12 << "Response: 200[\r][\n]"
16:03:46.671 [ForkJoinPool-1-worker-1] DEBUG org.apache.http.wire - http-outgoing-12 << "Server: nginx/1.16.0[\r][\n]"
16:03:46.671 [ForkJoinPool-1-worker-1] DEBUG org.apache.http.wire - http-outgoing-12 << "Vary: Accept-Encoding[\r][\n]"
16:03:46.671 [ForkJoinPool-1-worker-1] DEBUG org.apache.http.wire - http-outgoing-12 << "Vary: Accept-Encoding,User-Agent,Origin[\r][\n]"
16:03:46.671 [ForkJoinPool-1-worker-1] DEBUG org.apache.http.wire - http-outgoing-12 << "X-Ezoic-Cdn: Miss[\r][\n]"
16:03:46.671 [ForkJoinPool-1-worker-1] DEBUG org.apache.http.wire - http-outgoing-12 << "X-Middleton-Display: staticcontent_sol[\r][\n]"
16:03:46.671 [ForkJoinPool-1-worker-1] DEBUG org.apache.http.wire - http-outgoing-12 << "X-Middleton-Response: 200[\r][\n]"
16:03:46.671 [ForkJoinPool-1-worker-1] DEBUG org.apache.http.wire - http-outgoing-12 << "X-Ratelimit-Limit: 60[\r][\n]"
16:03:46.671 [ForkJoinPool-1-worker-1] DEBUG org.apache.http.wire - http-outgoing-12 << "X-Ratelimit-Remaining: 58[\r][\n]"
16:03:46.671 [ForkJoinPool-1-worker-1] DEBUG org.apache.http.wire - http-outgoing-12 << "X-Sol: pub_site[\r][\n]"
16:03:46.671 [ForkJoinPool-1-worker-1] DEBUG org.apache.http.wire - http-outgoing-12 << "Content-Length: 83[\r][\n]"
16:03:46.671 [ForkJoinPool-1-worker-1] DEBUG org.apache.http.wire - http-outgoing-12 << "[\r][\n]"
16:03:46.671 [ForkJoinPool-1-worker-1] DEBUG org.apache.http.wire - http-outgoing-12 << "{"status":"success","data":null,"message":"Successfully! Record has been fetched."}"
16:03:46.671 [ForkJoinPool-1-worker-1] DEBUG org.apache.http.headers - http-outgoing-12 << HTTP/1.1 200 OK
16:03:46.671 [ForkJoinPool-1-worker-1] DEBUG org.apache.http.headers - http-outgoing-12 << Cache-Control: no-cache, private, max-age=31536000
16:03:46.671 [ForkJoinPool-1-worker-1] DEBUG org.apache.http.headers - http-outgoing-12 << Content-Type: application/json
16:03:46.671 [ForkJoinPool-1-worker-1] DEBUG org.apache.http.headers - http-outgoing-12 << Date: Fri, 05 Feb 2021 10:33:46 GMT
16:03:46.671 [ForkJoinPool-1-worker-1] DEBUG org.apache.http.headers - http-outgoing-12 << Display: staticcontent_sol
16:03:46.671 [ForkJoinPool-1-worker-1] DEBUG org.apache.http.headers - http-outgoing-12 << Expires: Sat, 05 Feb 2022 10:33:46 GMT
16:03:46.671 [ForkJoinPool-1-worker-1] DEBUG org.apache.http.headers - http-outgoing-12 << Host-Header: c2hhcmVkLmJsdWVob3N0LmNvbQ==
16:03:46.671 [ForkJoinPool-1-worker-1] DEBUG org.apache.http.headers - http-outgoing-12 << Referrer-Policy: 
16:03:46.671 [ForkJoinPool-1-worker-1] DEBUG org.apache.http.headers - http-outgoing-12 << Response: 200
16:03:46.671 [ForkJoinPool-1-worker-1] DEBUG org.apache.http.headers - http-outgoing-12 << Server: nginx/1.16.0
16:03:46.671 [ForkJoinPool-1-worker-1] DEBUG org.apache.http.headers - http-outgoing-12 << Vary: Accept-Encoding
16:03:46.671 [ForkJoinPool-1-worker-1] DEBUG org.apache.http.headers - http-outgoing-12 << Vary: Accept-Encoding,User-Agent,Origin
16:03:46.671 [ForkJoinPool-1-worker-1] DEBUG org.apache.http.headers - http-outgoing-12 << X-Ezoic-Cdn: Miss
16:03:46.671 [ForkJoinPool-1-worker-1] DEBUG org.apache.http.headers - http-outgoing-12 << X-Middleton-Display: staticcontent_sol
16:03:46.671 [ForkJoinPool-1-worker-1] DEBUG org.apache.http.headers - http-outgoing-12 << X-Middleton-Response: 200
16:03:46.671 [ForkJoinPool-1-worker-1] DEBUG org.apache.http.headers - http-outgoing-12 << X-Ratelimit-Limit: 60
16:03:46.671 [ForkJoinPool-1-worker-1] DEBUG org.apache.http.headers - http-outgoing-12 << X-Ratelimit-Remaining: 58
16:03:46.671 [ForkJoinPool-1-worker-1] DEBUG org.apache.http.headers - http-outgoing-12 << X-Sol: pub_site
16:03:46.671 [ForkJoinPool-1-worker-1] DEBUG org.apache.http.headers - http-outgoing-12 << Content-Length: 83
16:03:46.671 [ForkJoinPool-1-worker-1] DEBUG org.apache.http.impl.execchain.MainClientExec - Connection can be kept alive indefinitely
16:03:46.671 [ForkJoinPool-1-worker-1] DEBUG org.apache.http.impl.conn.PoolingHttpClientConnectionManager - Connection [id: 12][route: {}->http://dummy.restapiexample.com:80] can be kept alive indefinitely
16:03:46.671 [ForkJoinPool-1-worker-1] DEBUG org.apache.http.impl.conn.DefaultManagedHttpClientConnection - http-outgoing-12: set socket timeout to 0
16:03:46.671 [ForkJoinPool-1-worker-1] DEBUG org.apache.http.impl.conn.PoolingHttpClientConnectionManager - Connection released: [id: 12][route: {}->http://dummy.restapiexample.com:80][total available: 1; route allocated: 1 of 5; total allocated: 1 of 10]
16:03:46.671 [ForkJoinPool-1-worker-1] DEBUG com.intuit.karate - response time in milliseconds: 1920.68
2 < 200
2 < Cache-Control: no-cache, private, max-age=31536000
2 < Content-Length: 83
2 < Content-Type: application/json
2 < Date: Fri, 05 Feb 2021 10:33:46 GMT
2 < Display: staticcontent_sol
2 < Expires: Sat, 05 Feb 2022 10:33:46 GMT
2 < Host-Header: c2hhcmVkLmJsdWVob3N0LmNvbQ==
2 < Referrer-Policy: 
2 < Response: 200
2 < Server: nginx/1.16.0
2 < Vary: [Accept-Encoding, Accept-Encoding,User-Agent,Origin]
2 < X-Ezoic-Cdn: Miss
2 < X-Middleton-Display: staticcontent_sol
2 < X-Middleton-Response: 200
2 < X-Ratelimit-Limit: 60
2 < X-Ratelimit-Remaining: 58
2 < X-Sol: pub_site
{"status":"success","data":null,"message":"Successfully! Record has been fetched."}

16:03:46.671 [ForkJoinPool-1-worker-1] DEBUG com.jayway.jsonpath.internal.path.CompiledPath - Evaluating path: $
16:03:46.671 [ForkJoinPool-1-worker-1] INFO com.intuit.karate - [print] {
  "data": null,
  "message": "Successfully! Record has been fetched.",
  "status": "success"
}

16:03:46.687 [ForkJoinPool-1-worker-1] DEBUG com.jayway.jsonpath.internal.path.CompiledPath - Evaluating path: $
16:03:46.687 [ForkJoinPool-1-worker-1] INFO com.intuit.karate - after scenario inside config 
16:03:46.687 [pool-1-thread-1] INFO com.intuit.karate.Runner - <<fail>> feature 13 of 26: classpath:featurefiles/KarateTestSuite-11_REST_API.feature
---------------------------------------------------------
feature: classpath:featurefiles/KarateTestSuite-11_REST_API.feature
report: build\surefire-reports\featurefiles.KarateTestSuite-11_REST_API.json
scenarios:  1 | passed:  0 | failed:  1 | time: 2.9364
---------------------------------------------------------
16:03:46.687 [ForkJoinPool-1-worker-1] INFO com.intuit.karate - From karate-config file 
16:03:46.687 [ForkJoinPool-1-worker-1] DEBUG com.jayway.jsonpath.internal.path.CompiledPath - Evaluating path: $
16:03:46.687 [ForkJoinPool-1-worker-1] DEBUG org.apache.http.client.protocol.RequestAddCookies - CookieSpec selected: karate
16:03:46.687 [ForkJoinPool-1-worker-1] DEBUG org.apache.http.client.protocol.RequestAuthCache - Auth cache not set in the context
16:03:46.687 [ForkJoinPool-1-worker-1] DEBUG com.intuit.karate - request:
1 > GET http://192.168.1.62:8082/topics
1 > Accept-Encoding: gzip,deflate
1 > Connection: Keep-Alive
1 > Host: 192.168.1.62:8082
1 > User-Agent: Apache-HttpClient/4.5.12 (Java/1.8.0_251)

16:03:46.687 [ForkJoinPool-1-worker-1] DEBUG org.apache.http.impl.conn.PoolingHttpClientConnectionManager - Connection request: [route: {}->http://192.168.1.62:8082][total available: 0; route allocated: 0 of 5; total allocated: 0 of 10]
16:03:46.687 [ForkJoinPool-1-worker-1] DEBUG org.apache.http.impl.conn.PoolingHttpClientConnectionManager - Connection leased: [id: 19][route: {}->http://192.168.1.62:8082][total available: 0; route allocated: 1 of 5; total allocated: 1 of 10]
16:03:46.687 [ForkJoinPool-1-worker-1] DEBUG org.apache.http.impl.execchain.MainClientExec - Opening connection {}->http://192.168.1.62:8082
16:03:46.687 [ForkJoinPool-1-worker-1] DEBUG org.apache.http.impl.conn.DefaultHttpClientConnectionOperator - Connecting to /192.168.1.62:8082
16:03:46.687 [ForkJoinPool-1-worker-1] DEBUG org.apache.http.impl.conn.DefaultHttpClientConnectionOperator - Connection established 192.168.1.53:62845<->192.168.1.62:8082
16:03:46.687 [ForkJoinPool-1-worker-1] DEBUG org.apache.http.impl.conn.DefaultManagedHttpClientConnection - http-outgoing-19: set socket timeout to 5000
16:03:46.687 [ForkJoinPool-1-worker-1] DEBUG org.apache.http.impl.execchain.MainClientExec - Executing request GET /topics HTTP/1.1
16:03:46.687 [ForkJoinPool-1-worker-1] DEBUG org.apache.http.impl.execchain.MainClientExec - Target auth state: UNCHALLENGED
16:03:46.687 [ForkJoinPool-1-worker-1] DEBUG org.apache.http.impl.execchain.MainClientExec - Proxy auth state: UNCHALLENGED
16:03:46.687 [ForkJoinPool-1-worker-1] DEBUG org.apache.http.headers - http-outgoing-19 >> GET /topics HTTP/1.1
16:03:46.687 [ForkJoinPool-1-worker-1] DEBUG org.apache.http.headers - http-outgoing-19 >> Host: 192.168.1.62:8082
16:03:46.687 [ForkJoinPool-1-worker-1] DEBUG org.apache.http.headers - http-outgoing-19 >> Connection: Keep-Alive
16:03:46.687 [ForkJoinPool-1-worker-1] DEBUG org.apache.http.headers - http-outgoing-19 >> User-Agent: Apache-HttpClient/4.5.12 (Java/1.8.0_251)
16:03:46.687 [ForkJoinPool-1-worker-1] DEBUG org.apache.http.headers - http-outgoing-19 >> Accept-Encoding: gzip,deflate
16:03:46.687 [ForkJoinPool-1-worker-1] DEBUG org.apache.http.wire - http-outgoing-19 >> "GET /topics HTTP/1.1[\r][\n]"
16:03:46.687 [ForkJoinPool-1-worker-1] DEBUG org.apache.http.wire - http-outgoing-19 >> "Host: 192.168.1.62:8082[\r][\n]"
16:03:46.687 [ForkJoinPool-1-worker-1] DEBUG org.apache.http.wire - http-outgoing-19 >> "Connection: Keep-Alive[\r][\n]"
16:03:46.687 [ForkJoinPool-1-worker-1] DEBUG org.apache.http.wire - http-outgoing-19 >> "User-Agent: Apache-HttpClient/4.5.12 (Java/1.8.0_251)[\r][\n]"
16:03:46.687 [ForkJoinPool-1-worker-1] DEBUG org.apache.http.wire - http-outgoing-19 >> "Accept-Encoding: gzip,deflate[\r][\n]"
16:03:46.687 [ForkJoinPool-1-worker-1] DEBUG org.apache.http.wire - http-outgoing-19 >> "[\r][\n]"
16:03:46.703 [ForkJoinPool-1-worker-1] DEBUG org.apache.http.wire - http-outgoing-19 << "HTTP/1.1 200 OK[\r][\n]"
16:03:46.703 [ForkJoinPool-1-worker-1] DEBUG org.apache.http.wire - http-outgoing-19 << "Date: Fri, 05 Feb 2021 10:33:46 GMT[\r][\n]"
16:03:46.703 [ForkJoinPool-1-worker-1] DEBUG org.apache.http.wire - http-outgoing-19 << "Content-Type: application/vnd.kafka.v2+json[\r][\n]"
16:03:46.703 [ForkJoinPool-1-worker-1] DEBUG org.apache.http.wire - http-outgoing-19 << "Vary: Accept-Encoding, User-Agent[\r][\n]"
16:03:46.703 [ForkJoinPool-1-worker-1] DEBUG org.apache.http.wire - http-outgoing-19 << "Content-Encoding: gzip[\r][\n]"
16:03:46.703 [ForkJoinPool-1-worker-1] DEBUG org.apache.http.wire - http-outgoing-19 << "Content-Length: 193[\r][\n]"
16:03:46.703 [ForkJoinPool-1-worker-1] DEBUG org.apache.http.wire - http-outgoing-19 << "[\r][\n]"
16:03:46.703 [ForkJoinPool-1-worker-1] DEBUG org.apache.http.wire - http-outgoing-19 << "[0x1f][0x8b][0x8][0x0][0x0][0x0][0x0][0x0][0x0][0x0]}[0x8e]K[\n]"
16:03:46.703 [ForkJoinPool-1-worker-1] DEBUG org.apache.http.wire - http-outgoing-19 << "[0xc3]0[0xc]D[0xef][0x92]u[0xb3][0xea]9z[0x82]R[0x8c]b[0xab]H[0x8d]#[0x1b]K[0x9][0xe4][0xf6]U(4[0x81]~6[0x1e]{[0xf4]4[0xe3]kG[0xd0][0x1a]k[0xb0]R9[0x9e][0xbb]SW[0x1b],[0x90]y[0x84][0x97][0xe5][0x8e][0xd2]<[0x90][0xeb][0x1b]Y[0xf8][0x1][0xeb]a[0xec][0xb8][0xb0][0xdf][0x12][0x81][0xec]k[0x13]H[0xf1][0xf0][0x8d]Gl[0xbb][0x1f]b[0x91]{[0x9e]Q,[0xc][0x90]A"[0xb6]P[0xa1][0x19][0x1b][0x17][0x9][\n]"
16:03:46.703 [ForkJoinPool-1-worker-1] DEBUG org.apache.http.wire - http-outgoing-19 << "S[0xcd][0xa8][.[0xd8][0x8a][0x92][0xe][0x9b]*H[0xa0][0xac][0xb4];[0xfe]t![0xf4]2[0xa3][0xbf][0x15]P9[0xa8][0x81][0xa1][0xcf]/[0x90]h[0xee]?[0xe9]>sD[0xd1][\r]I[0x88][0xa3][0x12][0xdb][0x8f][0xb4][0xa1][0x95][0xd1][0xe5][0xf0][0xdb][0x15][0xd3][0x97][0xfe][0xde]0[0xe3][0x84][0xd6][0xd6]~;9jw{[0x2][0x94]>+[0xb6]t[0x1][0x0][0x0]"
16:03:46.703 [ForkJoinPool-1-worker-1] DEBUG org.apache.http.headers - http-outgoing-19 << HTTP/1.1 200 OK
16:03:46.703 [ForkJoinPool-1-worker-1] DEBUG org.apache.http.headers - http-outgoing-19 << Date: Fri, 05 Feb 2021 10:33:46 GMT
16:03:46.703 [ForkJoinPool-1-worker-1] DEBUG org.apache.http.headers - http-outgoing-19 << Content-Type: application/vnd.kafka.v2+json
16:03:46.703 [ForkJoinPool-1-worker-1] DEBUG org.apache.http.headers - http-outgoing-19 << Vary: Accept-Encoding, User-Agent
16:03:46.703 [ForkJoinPool-1-worker-1] DEBUG org.apache.http.headers - http-outgoing-19 << Content-Encoding: gzip
16:03:46.703 [ForkJoinPool-1-worker-1] DEBUG org.apache.http.headers - http-outgoing-19 << Content-Length: 193
16:03:46.703 [ForkJoinPool-1-worker-1] DEBUG org.apache.http.impl.execchain.MainClientExec - Connection can be kept alive indefinitely
16:03:46.703 [ForkJoinPool-1-worker-1] DEBUG org.apache.http.impl.conn.PoolingHttpClientConnectionManager - Connection [id: 19][route: {}->http://192.168.1.62:8082] can be kept alive indefinitely
16:03:46.703 [ForkJoinPool-1-worker-1] DEBUG org.apache.http.impl.conn.DefaultManagedHttpClientConnection - http-outgoing-19: set socket timeout to 0
16:03:46.703 [ForkJoinPool-1-worker-1] DEBUG org.apache.http.impl.conn.PoolingHttpClientConnectionManager - Connection released: [id: 19][route: {}->http://192.168.1.62:8082][total available: 1; route allocated: 1 of 5; total allocated: 1 of 10]
16:03:46.703 [ForkJoinPool-1-worker-1] DEBUG com.intuit.karate - response time in milliseconds: 7.99
1 < 200
1 < Content-Type: application/vnd.kafka.v2+json
1 < Date: Fri, 05 Feb 2021 10:33:46 GMT
1 < Vary: Accept-Encoding, User-Agent
["harris_topic3","pravalika_topic","shubh","topic3","vijay_topic","shalini","dhana_topic","manohar","veera_topic","_confluent_balancer_partition_samples","satyendra_topic","snehasish_topic","sasi","hemanth_topic","_confluent_balancer_api_state","Madhu-topic","_confluent-license","deekshit","_confluent_balancer_broker_samples","syed_topic","_confluent-telemetry-metrics"]

16:03:46.703 [ForkJoinPool-1-worker-1] DEBUG com.jayway.jsonpath.internal.path.CompiledPath - Evaluating path: $
16:03:46.703 [ForkJoinPool-1-worker-1] INFO com.intuit.karate - [print] [
  "harris_topic3",
  "pravalika_topic",
  "shubh",
  "topic3",
  "vijay_topic",
  "shalini",
  "dhana_topic",
  "manohar",
  "veera_topic",
  "_confluent_balancer_partition_samples",
  "satyendra_topic",
  "snehasish_topic",
  "sasi",
  "hemanth_topic",
  "_confluent_balancer_api_state",
  "Madhu-topic",
  "_confluent-license",
  "deekshit",
  "_confluent_balancer_broker_samples",
  "syed_topic",
  "_confluent-telemetry-metrics"
]

16:03:46.703 [ForkJoinPool-1-worker-1] DEBUG com.jayway.jsonpath.internal.path.CompiledPath - Evaluating path: $[1]
16:03:46.703 [ForkJoinPool-1-worker-1] DEBUG com.jayway.jsonpath.internal.path.CompiledPath - Evaluating path: $[0]
16:03:46.703 [ForkJoinPool-1-worker-1] DEBUG com.jayway.jsonpath.internal.path.CompiledPath - Evaluating path: $
16:03:46.703 [ForkJoinPool-1-worker-1] INFO com.intuit.karate - [print] pravalika_topic
16:03:46.703 [ForkJoinPool-1-worker-1] DEBUG org.apache.http.client.protocol.RequestAddCookies - CookieSpec selected: karate
16:03:46.703 [ForkJoinPool-1-worker-1] DEBUG org.apache.http.client.protocol.RequestAuthCache - Auth cache not set in the context
16:03:46.703 [ForkJoinPool-1-worker-1] DEBUG com.intuit.karate - request:
2 > GET http://192.168.1.62:8082/topics/pravalika_topic
2 > Accept-Encoding: gzip,deflate
2 > Connection: Keep-Alive
2 > Host: 192.168.1.62:8082
2 > User-Agent: Apache-HttpClient/4.5.12 (Java/1.8.0_251)

16:03:46.703 [ForkJoinPool-1-worker-1] DEBUG org.apache.http.impl.conn.PoolingHttpClientConnectionManager - Connection request: [route: {}->http://192.168.1.62:8082][total available: 0; route allocated: 0 of 5; total allocated: 0 of 10]
16:03:46.703 [ForkJoinPool-1-worker-1] DEBUG org.apache.http.impl.conn.PoolingHttpClientConnectionManager - Connection leased: [id: 20][route: {}->http://192.168.1.62:8082][total available: 0; route allocated: 1 of 5; total allocated: 1 of 10]
16:03:46.703 [ForkJoinPool-1-worker-1] DEBUG org.apache.http.impl.execchain.MainClientExec - Opening connection {}->http://192.168.1.62:8082
16:03:46.703 [ForkJoinPool-1-worker-1] DEBUG org.apache.http.impl.conn.DefaultHttpClientConnectionOperator - Connecting to /192.168.1.62:8082
16:03:46.703 [ForkJoinPool-1-worker-1] DEBUG org.apache.http.impl.conn.DefaultHttpClientConnectionOperator - Connection established 192.168.1.53:62846<->192.168.1.62:8082
16:03:46.703 [ForkJoinPool-1-worker-1] DEBUG org.apache.http.impl.conn.DefaultManagedHttpClientConnection - http-outgoing-20: set socket timeout to 5000
16:03:46.703 [ForkJoinPool-1-worker-1] DEBUG org.apache.http.impl.execchain.MainClientExec - Executing request GET /topics/pravalika_topic HTTP/1.1
16:03:46.703 [ForkJoinPool-1-worker-1] DEBUG org.apache.http.impl.execchain.MainClientExec - Target auth state: UNCHALLENGED
16:03:46.703 [ForkJoinPool-1-worker-1] DEBUG org.apache.http.impl.execchain.MainClientExec - Proxy auth state: UNCHALLENGED
16:03:46.703 [ForkJoinPool-1-worker-1] DEBUG org.apache.http.headers - http-outgoing-20 >> GET /topics/pravalika_topic HTTP/1.1
16:03:46.703 [ForkJoinPool-1-worker-1] DEBUG org.apache.http.headers - http-outgoing-20 >> Host: 192.168.1.62:8082
16:03:46.703 [ForkJoinPool-1-worker-1] DEBUG org.apache.http.headers - http-outgoing-20 >> Connection: Keep-Alive
16:03:46.703 [ForkJoinPool-1-worker-1] DEBUG org.apache.http.headers - http-outgoing-20 >> User-Agent: Apache-HttpClient/4.5.12 (Java/1.8.0_251)
16:03:46.703 [ForkJoinPool-1-worker-1] DEBUG org.apache.http.headers - http-outgoing-20 >> Accept-Encoding: gzip,deflate
16:03:46.703 [ForkJoinPool-1-worker-1] DEBUG org.apache.http.wire - http-outgoing-20 >> "GET /topics/pravalika_topic HTTP/1.1[\r][\n]"
16:03:46.703 [ForkJoinPool-1-worker-1] DEBUG org.apache.http.wire - http-outgoing-20 >> "Host: 192.168.1.62:8082[\r][\n]"
16:03:46.703 [ForkJoinPool-1-worker-1] DEBUG org.apache.http.wire - http-outgoing-20 >> "Connection: Keep-Alive[\r][\n]"
16:03:46.703 [ForkJoinPool-1-worker-1] DEBUG org.apache.http.wire - http-outgoing-20 >> "User-Agent: Apache-HttpClient/4.5.12 (Java/1.8.0_251)[\r][\n]"
16:03:46.703 [ForkJoinPool-1-worker-1] DEBUG org.apache.http.wire - http-outgoing-20 >> "Accept-Encoding: gzip,deflate[\r][\n]"
16:03:46.703 [ForkJoinPool-1-worker-1] DEBUG org.apache.http.wire - http-outgoing-20 >> "[\r][\n]"
16:03:46.719 [ForkJoinPool-1-worker-1] DEBUG org.apache.http.wire - http-outgoing-20 << "HTTP/1.1 200 OK[\r][\n]"
16:03:46.719 [ForkJoinPool-1-worker-1] DEBUG org.apache.http.wire - http-outgoing-20 << "Date: Fri, 05 Feb 2021 10:33:46 GMT[\r][\n]"
16:03:46.719 [ForkJoinPool-1-worker-1] DEBUG org.apache.http.wire - http-outgoing-20 << "Content-Type: application/vnd.kafka.v2+json[\r][\n]"
16:03:46.719 [ForkJoinPool-1-worker-1] DEBUG org.apache.http.wire - http-outgoing-20 << "Vary: Accept-Encoding, User-Agent[\r][\n]"
16:03:46.719 [ForkJoinPool-1-worker-1] DEBUG org.apache.http.wire - http-outgoing-20 << "Content-Encoding: gzip[\r][\n]"
16:03:46.719 [ForkJoinPool-1-worker-1] DEBUG org.apache.http.wire - http-outgoing-20 << "Content-Length: 632[\r][\n]"
16:03:46.719 [ForkJoinPool-1-worker-1] DEBUG org.apache.http.wire - http-outgoing-20 << "[\r][\n]"
16:03:46.719 [ForkJoinPool-1-worker-1] DEBUG org.apache.http.headers - http-outgoing-20 << HTTP/1.1 200 OK
16:03:46.719 [ForkJoinPool-1-worker-1] DEBUG org.apache.http.headers - http-outgoing-20 << Date: Fri, 05 Feb 2021 10:33:46 GMT
16:03:46.719 [ForkJoinPool-1-worker-1] DEBUG org.apache.http.headers - http-outgoing-20 << Content-Type: application/vnd.kafka.v2+json
16:03:46.719 [ForkJoinPool-1-worker-1] DEBUG org.apache.http.headers - http-outgoing-20 << Vary: Accept-Encoding, User-Agent
16:03:46.719 [ForkJoinPool-1-worker-1] DEBUG org.apache.http.headers - http-outgoing-20 << Content-Encoding: gzip
16:03:46.719 [ForkJoinPool-1-worker-1] DEBUG org.apache.http.headers - http-outgoing-20 << Content-Length: 632
16:03:46.719 [ForkJoinPool-1-worker-1] DEBUG org.apache.http.impl.execchain.MainClientExec - Connection can be kept alive indefinitely
16:03:46.719 [ForkJoinPool-1-worker-1] DEBUG org.apache.http.wire - http-outgoing-20 << "[0x1f][0x8b][0x8][0x0][0x0][0x0][0x0][0x0][0x0][0x0][0xad]TMo[0xdb]0[0xc][0xfd]/>[0xb7][0x82][0x93]8[0xb6][0xdb][0xeb]N[0xbb][0xec][0xb2]b[0x97]a([0x14][0x99]N[0xd4][0xc8][0x92]![0xd1]i[0xbd][0xa0][0xff]}[0xa4]m[0xe5][0xbb][0xc5][0x6],>[0xc4][0x96][0x1e][0xbf][0x1e][0x1f][0xb9]O[0xac]l yLZ/w[0xd2][0xe8][0xad]|F[0xd7]j[0x95][0xdc]%[0xca][0xd9]Z[0xaf]C[0xf2][0xb8][0xa7][0xd7][0xa6][0xf5][0x10][0x82]vV`[0xdf][0x8e]xWu[\n]"
16:03:46.719 [ForkJoinPool-1-worker-1] DEBUG org.apache.http.wire - http-outgoing-20 << "[0xfc][0x4]4[0x1d]X[0x14][0xe4][0xa1][0x3][0x11][0xd4][0x6][0x1a][0xc9][0x1f][0xba][0x92]H6[0x4][0xaf][0xa5][0x9]@X[0x3][0xb2][0x2]/<[0xb4]F[0xab][0xe1]R[0xe0][0xc6];D[0x3]U<[0xa5][0x90][0xc9][0x99][0xdb]-[0xf4]"t[0xab][0x17]P(8][0x11][0xd0]K[0x84]uO@[0xed][0xc4][0x9]P[0xd6][)[0x2]xM[0xb1]]]>&#x7f;<![CDATA[[0x83][0xf][0x7][0xb3]'.[0xea][0x1b][0xd9]~[0x8f][0xa6]wIC[0x15][0xc9]5[0x88][0xca][0xbd]Z[0xf2][0xb1]#<[0xe7][0x3]V[0xae][0xc][0x97][0x88][0xbe][0xe3][0x94][0x1b]m[0x85][0xb6][0xa1][0xb7][0xea]4[0xc1][0x19][0xdd][0x4]X7[0x1c][0xf6]E#RQ[\r][0x9f][0xa7][0x9c]9Ui[0xbb]V[0xb4][0x8e][0xd0][0x9c]d[0x5][0x6][0x90]}Q[0x9e]a3[0x2][0x1f][0xe6][0xf3][0xc5][0xa2][0x98][0xa7][0x8b][0xbc]\fE[0xb1],[0xd3][0xe2][0xac]h[0xd4][0xe4][0xd2]8%[0x8d][0xd8]8[0xc][0x80][0xa3]Y[0x99]g)[0xff][0xd8][0x99]3[0xc6][0xbd][0xfe]3[0x9b][0xd7][0x8e]W=[0x2][0xc3][0xee]g[0xb7][0xba][0xf9][0xff][0x89][0x8f][0xbc][0xc5][0xb8][0xb3][0xb4]X[0x14][0xd9][0xac][0x9c]gt[0xe9][0x89]);[0x94]2[0xd4][0x9b][0xa7]Yy(xdol[0xdb]_sx[0xe8]g[0xd4][0xe0][0xc5]}[0xcc]f"[0xc3][0x13][0xab][0x82]{~[0xcc].+[0x97]E>dp4[0x8d]V[0xa1][0x5][0xd5][0x19][0xe2]~[0x7][0x82]f[0xa4][0x6]T[0x9b][0xeb][0x90]Qj[0xb5][0xf3][0x8d]$fG[0xa9][0x11]`.[0xf2][0xfb][0xaf]?[0xd8]u#[0xdf][0x4][0xcf][0x99]TC[0xf1]F[0xae]?[0xd3]I[0xad][\r][0x9]w[0x90][0x15][0xff][0xc9]>[0xb2]52[0xc5][0xce]b[0xcc][0xb3]:[0xca]rR[0xf4][0xad]P[0xe9]I[0xa6][0xa8][0xe9][\r]e[0xd3][0xc6][0x81][0xff][0xe2][0x81][0xfa][0xf7]D[0xc7][0x84][0xa2]J[0xa5]a[\r][0xe1]mb[#[0x15][0xc][0xfc][0xd0][0x19][0x8b]F[[0x9c][0x84]8[0x4][0xe7][0x1]a[0x8a]D[0xa5]=[0xf6][0xc2][0xb3]v9[0x1][0xb1]$[0x84][0xb6][0x15][0xbc][0xd1][0xc8][0xd1]L[0x91][0x4][0xf][0xf9]g[0xe9]CN[0xb7][0x9d][0x1d][0xac][0xc5][0xb4]I[0x88][0x82][0xb1][0x8a]+[0xce][0x8f]B:[0xd3][0xf7]D[0xda][0x85][0xcc]N[0xc6][0xea][0xa4][\n]"
16:03:46.719 [ForkJoinPool-1-worker-1] DEBUG org.apache.http.wire - http-outgoing-20 << "[0xee][0xa7][0x1f]U26[0xb6][0xb9]1&[0xc3]v[0xfa]d[0xe5]E[0xa5]\[0xc9][0xf9][0x9a][0xea]J[0xd7][0x14][0x10][0xac][0x2]1t[0xf0][0xe3][0xfe]G[0xa7]#W[0x97]RM[0xde][0xa9]E[0xd2][0xa3][0xe6]T[0xe8][0xe2][0xe7][0xfe][0xf8][0x99]<[0xa6]q[\r][0xf][0xaf][0xc7]5A[0xa8][0x95]w[0xdb][0xe9]<Bx[0xb]rO[0x9e]y[0x3][0x8e][0x9f][0xef][0xbf][0xe8][0xf9][0x3]]z[0xaa][0xfb]:[0x6][0x0][0x0]"
16:03:46.719 [ForkJoinPool-1-worker-1] DEBUG org.apache.http.impl.conn.PoolingHttpClientConnectionManager - Connection [id: 20][route: {}->http://192.168.1.62:8082] can be kept alive indefinitely
16:03:46.719 [ForkJoinPool-1-worker-1] DEBUG org.apache.http.impl.conn.DefaultManagedHttpClientConnection - http-outgoing-20: set socket timeout to 0
16:03:46.719 [ForkJoinPool-1-worker-1] DEBUG org.apache.http.impl.conn.PoolingHttpClientConnectionManager - Connection released: [id: 20][route: {}->http://192.168.1.62:8082][total available: 1; route allocated: 1 of 5; total allocated: 1 of 10]
16:03:46.719 [ForkJoinPool-1-worker-1] DEBUG com.intuit.karate - response time in milliseconds: 9.74
2 < 200
2 < Content-Type: application/vnd.kafka.v2+json
2 < Date: Fri, 05 Feb 2021 10:33:46 GMT
2 < Vary: Accept-Encoding, User-Agent
{"name":"pravalika_topic","configs":{"compression.type":"producer","confluent.value.schema.validation":"false","leader.replication.throttled.replicas":"","confluent.key.subject.name.strategy":"io.confluent.kafka.serializers.subject.TopicNameStrategy","message.downconversion.enable":"true","min.insync.replicas":"1","segment.jitter.ms":"0","cleanup.policy":"delete","flush.ms":"9223372036854775807","confluent.tier.local.hotset.ms":"86400000","follower.replication.throttled.replicas":"","confluent.tier.local.hotset.bytes":"-1","confluent.value.subject.name.strategy":"io.confluent.kafka.serializers.subject.TopicNameStrategy","segment.bytes":"1073741824","retention.ms":"604800000","flush.messages":"9223372036854775807","confluent.tier.enable":"false","confluent.tier.segment.hotset.roll.min.bytes":"104857600","confluent.segment.speculative.prefetch.enable":"false","message.format.version":"2.6-IV0","max.compaction.lag.ms":"9223372036854775807","file.delete.delay.ms":"60000","max.message.bytes":"1048588","min.compaction.lag.ms":"0","message.timestamp.type":"CreateTime","preallocate":"false","confluent.placement.constraints":"","min.cleanable.dirty.ratio":"0.5","index.interval.bytes":"4096","unclean.leader.election.enable":"false","retention.bytes":"-1","delete.retention.ms":"86400000","confluent.prefer.tier.fetch.ms":"-1","confluent.key.schema.validation":"false","segment.ms":"604800000","message.timestamp.difference.max.ms":"9223372036854775807","segment.index.bytes":"10485760"},"partitions":[{"partition":0,"leader":0,"replicas":[{"broker":0,"leader":true,"in_sync":true}]}]}

16:03:46.719 [ForkJoinPool-1-worker-1] DEBUG com.jayway.jsonpath.internal.path.CompiledPath - Evaluating path: $
16:03:46.719 [ForkJoinPool-1-worker-1] INFO com.intuit.karate - [print] {
  "partitions": [
    {
      "leader": 0,
      "partition": 0,
      "replicas": [
        {
          "leader": true,
          "in_sync": true,
          "broker": 0
        }
      ]
    }
  ],
  "configs": {
    "compression.type": "producer",
    "confluent.value.schema.validation": "false",
    "leader.replication.throttled.replicas": "",
    "confluent.key.subject.name.strategy": "io.confluent.kafka.serializers.subject.TopicNameStrategy",
    "message.downconversion.enable": "true",
    "min.insync.replicas": "1",
    "segment.jitter.ms": "0",
    "cleanup.policy": "delete",
    "flush.ms": "9223372036854775807",
    "confluent.tier.local.hotset.ms": "86400000",
    "follower.replication.throttled.replicas": "",
    "confluent.tier.local.hotset.bytes": "-1",
    "confluent.value.subject.name.strategy": "io.confluent.kafka.serializers.subject.TopicNameStrategy",
    "segment.bytes": "1073741824",
    "retention.ms": "604800000",
    "flush.messages": "9223372036854775807",
    "confluent.tier.enable": "false",
    "confluent.tier.segment.hotset.roll.min.bytes": "104857600",
    "confluent.segment.speculative.prefetch.enable": "false",
    "message.format.version": "2.6-IV0",
    "max.compaction.lag.ms": "9223372036854775807",
    "file.delete.delay.ms": "60000",
    "max.message.bytes": "1048588",
    "min.compaction.lag.ms": "0",
    "message.timestamp.type": "CreateTime",
    "preallocate": "false",
    "confluent.placement.constraints": "",
    "min.cleanable.dirty.ratio": "0.5",
    "index.interval.bytes": "4096",
    "unclean.leader.election.enable": "false",
    "retention.bytes": "-1",
    "delete.retention.ms": "86400000",
    "confluent.prefer.tier.fetch.ms": "-1",
    "confluent.key.schema.validation": "false",
    "segment.ms": "604800000",
    "message.timestamp.difference.max.ms": "9223372036854775807",
    "segment.index.bytes": "10485760"
  },
  "name": "pravalika_topic"
}

16:03:46.719 [ForkJoinPool-1-worker-1] DEBUG com.jayway.jsonpath.internal.path.CompiledPath - Evaluating path: $
16:03:46.719 [ForkJoinPool-1-worker-1] INFO com.intuit.karate - after scenario inside config 
16:03:46.719 [ForkJoinPool-1-worker-1] INFO com.intuit.karate - From karate-config file 
16:03:46.719 [ForkJoinPool-1-worker-1] DEBUG com.jayway.jsonpath.internal.path.CompiledPath - Evaluating path: $
16:03:46.734 [ForkJoinPool-1-worker-1] DEBUG org.apache.http.client.protocol.RequestAddCookies - CookieSpec selected: karate
16:03:46.734 [ForkJoinPool-1-worker-1] DEBUG org.apache.http.client.protocol.RequestAuthCache - Auth cache not set in the context
16:03:46.734 [ForkJoinPool-1-worker-1] DEBUG com.intuit.karate - request:
1 > GET http://192.168.1.62:8082/topics/rest123
1 > Accept-Encoding: gzip,deflate
1 > Connection: Keep-Alive
1 > Host: 192.168.1.62:8082
1 > User-Agent: Apache-HttpClient/4.5.12 (Java/1.8.0_251)

16:03:46.734 [ForkJoinPool-1-worker-1] DEBUG org.apache.http.impl.conn.PoolingHttpClientConnectionManager - Connection request: [route: {}->http://192.168.1.62:8082][total available: 0; route allocated: 0 of 5; total allocated: 0 of 10]
16:03:46.734 [ForkJoinPool-1-worker-1] DEBUG org.apache.http.impl.conn.PoolingHttpClientConnectionManager - Connection leased: [id: 21][route: {}->http://192.168.1.62:8082][total available: 0; route allocated: 1 of 5; total allocated: 1 of 10]
16:03:46.734 [ForkJoinPool-1-worker-1] DEBUG org.apache.http.impl.execchain.MainClientExec - Opening connection {}->http://192.168.1.62:8082
16:03:46.734 [ForkJoinPool-1-worker-1] DEBUG org.apache.http.impl.conn.DefaultHttpClientConnectionOperator - Connecting to /192.168.1.62:8082
16:03:46.734 [ForkJoinPool-1-worker-1] DEBUG org.apache.http.impl.conn.DefaultHttpClientConnectionOperator - Connection established 192.168.1.53:62847<->192.168.1.62:8082
16:03:46.734 [ForkJoinPool-1-worker-1] DEBUG org.apache.http.impl.conn.DefaultManagedHttpClientConnection - http-outgoing-21: set socket timeout to 5000
16:03:46.734 [ForkJoinPool-1-worker-1] DEBUG org.apache.http.impl.execchain.MainClientExec - Executing request GET /topics/rest123 HTTP/1.1
16:03:46.734 [ForkJoinPool-1-worker-1] DEBUG org.apache.http.impl.execchain.MainClientExec - Target auth state: UNCHALLENGED
16:03:46.734 [ForkJoinPool-1-worker-1] DEBUG org.apache.http.impl.execchain.MainClientExec - Proxy auth state: UNCHALLENGED
16:03:46.734 [ForkJoinPool-1-worker-1] DEBUG org.apache.http.headers - http-outgoing-21 >> GET /topics/rest123 HTTP/1.1
16:03:46.734 [ForkJoinPool-1-worker-1] DEBUG org.apache.http.headers - http-outgoing-21 >> Host: 192.168.1.62:8082
16:03:46.734 [ForkJoinPool-1-worker-1] DEBUG org.apache.http.headers - http-outgoing-21 >> Connection: Keep-Alive
16:03:46.734 [ForkJoinPool-1-worker-1] DEBUG org.apache.http.headers - http-outgoing-21 >> User-Agent: Apache-HttpClient/4.5.12 (Java/1.8.0_251)
16:03:46.734 [ForkJoinPool-1-worker-1] DEBUG org.apache.http.headers - http-outgoing-21 >> Accept-Encoding: gzip,deflate
16:03:46.734 [ForkJoinPool-1-worker-1] DEBUG org.apache.http.wire - http-outgoing-21 >> "GET /topics/rest123 HTTP/1.1[\r][\n]"
16:03:46.734 [ForkJoinPool-1-worker-1] DEBUG org.apache.http.wire - http-outgoing-21 >> "Host: 192.168.1.62:8082[\r][\n]"
16:03:46.734 [ForkJoinPool-1-worker-1] DEBUG org.apache.http.wire - http-outgoing-21 >> "Connection: Keep-Alive[\r][\n]"
16:03:46.734 [ForkJoinPool-1-worker-1] DEBUG org.apache.http.wire - http-outgoing-21 >> "User-Agent: Apache-HttpClient/4.5.12 (Java/1.8.0_251)[\r][\n]"
16:03:46.734 [ForkJoinPool-1-worker-1] DEBUG org.apache.http.wire - http-outgoing-21 >> "Accept-Encoding: gzip,deflate[\r][\n]"
16:03:46.734 [ForkJoinPool-1-worker-1] DEBUG org.apache.http.wire - http-outgoing-21 >> "[\r][\n]"
16:03:46.734 [ForkJoinPool-1-worker-1] DEBUG org.apache.http.wire - http-outgoing-21 << "HTTP/1.1 404 Not Found[\r][\n]"
16:03:46.734 [ForkJoinPool-1-worker-1] DEBUG org.apache.http.wire - http-outgoing-21 << "Date: Fri, 05 Feb 2021 10:33:46 GMT[\r][\n]"
16:03:46.734 [ForkJoinPool-1-worker-1] DEBUG org.apache.http.wire - http-outgoing-21 << "Content-Type: application/vnd.kafka.v2+json[\r][\n]"
16:03:46.734 [ForkJoinPool-1-worker-1] DEBUG org.apache.http.wire - http-outgoing-21 << "Content-Length: 80[\r][\n]"
16:03:46.734 [ForkJoinPool-1-worker-1] DEBUG org.apache.http.wire - http-outgoing-21 << "[\r][\n]"
16:03:46.734 [ForkJoinPool-1-worker-1] DEBUG org.apache.http.wire - http-outgoing-21 << "{"error_code":40403,"message":"This server does not host this topic-partition."}"
16:03:46.734 [ForkJoinPool-1-worker-1] DEBUG org.apache.http.headers - http-outgoing-21 << HTTP/1.1 404 Not Found
16:03:46.734 [ForkJoinPool-1-worker-1] DEBUG org.apache.http.headers - http-outgoing-21 << Date: Fri, 05 Feb 2021 10:33:46 GMT
16:03:46.734 [ForkJoinPool-1-worker-1] DEBUG org.apache.http.headers - http-outgoing-21 << Content-Type: application/vnd.kafka.v2+json
16:03:46.734 [ForkJoinPool-1-worker-1] DEBUG org.apache.http.headers - http-outgoing-21 << Content-Length: 80
16:03:46.734 [ForkJoinPool-1-worker-1] DEBUG org.apache.http.impl.execchain.MainClientExec - Connection can be kept alive indefinitely
16:03:46.734 [ForkJoinPool-1-worker-1] DEBUG org.apache.http.impl.conn.PoolingHttpClientConnectionManager - Connection [id: 21][route: {}->http://192.168.1.62:8082] can be kept alive indefinitely
16:03:46.734 [ForkJoinPool-1-worker-1] DEBUG org.apache.http.impl.conn.DefaultManagedHttpClientConnection - http-outgoing-21: set socket timeout to 0
16:03:46.734 [ForkJoinPool-1-worker-1] DEBUG org.apache.http.impl.conn.PoolingHttpClientConnectionManager - Connection released: [id: 21][route: {}->http://192.168.1.62:8082][total available: 1; route allocated: 1 of 5; total allocated: 1 of 10]
16:03:46.734 [ForkJoinPool-1-worker-1] DEBUG com.intuit.karate - response time in milliseconds: 5.57
1 < 404
1 < Content-Length: 80
1 < Content-Type: application/vnd.kafka.v2+json
1 < Date: Fri, 05 Feb 2021 10:33:46 GMT
{"error_code":40403,"message":"This server does not host this topic-partition."}

16:03:46.734 [ForkJoinPool-1-worker-1] DEBUG com.jayway.jsonpath.internal.path.CompiledPath - Evaluating path: $
16:03:46.734 [ForkJoinPool-1-worker-1] INFO com.intuit.karate - [print] {
  "error_code": 40403,
  "message": "This server does not host this topic-partition."
}

16:03:46.734 [ForkJoinPool-1-worker-1] DEBUG com.jayway.jsonpath.internal.path.CompiledPath - Evaluating path: $['message']
16:03:46.734 [ForkJoinPool-1-worker-1] INFO com.intuit.karate - after scenario inside config 
16:03:46.734 [pool-1-thread-1] INFO com.intuit.karate.Runner - <<pass>> feature 22 of 26: classpath:featurefiles/KarateTestSuite-20_Kafka_1.feature
---------------------------------------------------------
feature: classpath:featurefiles/KarateTestSuite-20_Kafka_1.feature
report: build\surefire-reports\featurefiles.KarateTestSuite-20_Kafka_1.json
scenarios:  2 | passed:  2 | failed:  0 | time: 0.0420
---------------------------------------------------------
16:03:46.734 [ForkJoinPool-1-worker-1] INFO com.intuit.karate - From karate-config file 
16:03:46.734 [ForkJoinPool-1-worker-1] DEBUG com.jayway.jsonpath.internal.path.CompiledPath - Evaluating path: $
16:03:46.750 [ForkJoinPool-1-worker-1] DEBUG com.jayway.jsonpath.internal.path.CompiledPath - Evaluating path: $
16:03:46.750 [ForkJoinPool-1-worker-1] DEBUG org.apache.http.client.protocol.RequestAddCookies - CookieSpec selected: karate
16:03:46.750 [ForkJoinPool-1-worker-1] DEBUG org.apache.http.client.protocol.RequestAuthCache - Auth cache not set in the context
16:03:46.750 [ForkJoinPool-1-worker-1] DEBUG com.intuit.karate - request:
1 > POST http://192.168.1.62:8082/topics/dhana_topic
1 > Accept: application/vnd.kafka.v2+json
1 > Accept-Encoding: gzip,deflate
1 > Connection: Keep-Alive
1 > Content-Length: 96
1 > Content-Type: application/vnd.kafka.json.v2+json; charset=UTF-8
1 > Host: 192.168.1.62:8082
1 > User-Agent: Apache-HttpClient/4.5.12 (Java/1.8.0_251)
{"records":[{"key":"key3","value":"rdr-value3"},{"value":"val3","partition":0},{"value":123.3}]}

16:03:46.750 [ForkJoinPool-1-worker-1] DEBUG org.apache.http.impl.conn.PoolingHttpClientConnectionManager - Connection request: [route: {}->http://192.168.1.62:8082][total available: 0; route allocated: 0 of 5; total allocated: 0 of 10]
16:03:46.750 [ForkJoinPool-1-worker-1] DEBUG org.apache.http.impl.conn.PoolingHttpClientConnectionManager - Connection leased: [id: 22][route: {}->http://192.168.1.62:8082][total available: 0; route allocated: 1 of 5; total allocated: 1 of 10]
16:03:46.750 [ForkJoinPool-1-worker-1] DEBUG org.apache.http.impl.execchain.MainClientExec - Opening connection {}->http://192.168.1.62:8082
16:03:46.750 [ForkJoinPool-1-worker-1] DEBUG org.apache.http.impl.conn.DefaultHttpClientConnectionOperator - Connecting to /192.168.1.62:8082
16:03:46.750 [ForkJoinPool-1-worker-1] DEBUG org.apache.http.impl.conn.DefaultHttpClientConnectionOperator - Connection established 192.168.1.53:62848<->192.168.1.62:8082
16:03:46.750 [ForkJoinPool-1-worker-1] DEBUG org.apache.http.impl.conn.DefaultManagedHttpClientConnection - http-outgoing-22: set socket timeout to 5000
16:03:46.750 [ForkJoinPool-1-worker-1] DEBUG org.apache.http.impl.execchain.MainClientExec - Executing request POST /topics/dhana_topic HTTP/1.1
16:03:46.750 [ForkJoinPool-1-worker-1] DEBUG org.apache.http.impl.execchain.MainClientExec - Target auth state: UNCHALLENGED
16:03:46.750 [ForkJoinPool-1-worker-1] DEBUG org.apache.http.impl.execchain.MainClientExec - Proxy auth state: UNCHALLENGED
16:03:46.750 [ForkJoinPool-1-worker-1] DEBUG org.apache.http.headers - http-outgoing-22 >> POST /topics/dhana_topic HTTP/1.1
16:03:46.750 [ForkJoinPool-1-worker-1] DEBUG org.apache.http.headers - http-outgoing-22 >> Content-Type: application/vnd.kafka.json.v2+json; charset=UTF-8
16:03:46.750 [ForkJoinPool-1-worker-1] DEBUG org.apache.http.headers - http-outgoing-22 >> Accept: application/vnd.kafka.v2+json
16:03:46.750 [ForkJoinPool-1-worker-1] DEBUG org.apache.http.headers - http-outgoing-22 >> Content-Length: 96
16:03:46.750 [ForkJoinPool-1-worker-1] DEBUG org.apache.http.headers - http-outgoing-22 >> Host: 192.168.1.62:8082
16:03:46.750 [ForkJoinPool-1-worker-1] DEBUG org.apache.http.headers - http-outgoing-22 >> Connection: Keep-Alive
16:03:46.750 [ForkJoinPool-1-worker-1] DEBUG org.apache.http.headers - http-outgoing-22 >> User-Agent: Apache-HttpClient/4.5.12 (Java/1.8.0_251)
16:03:46.750 [ForkJoinPool-1-worker-1] DEBUG org.apache.http.headers - http-outgoing-22 >> Accept-Encoding: gzip,deflate
16:03:46.750 [ForkJoinPool-1-worker-1] DEBUG org.apache.http.wire - http-outgoing-22 >> "POST /topics/dhana_topic HTTP/1.1[\r][\n]"
16:03:46.750 [ForkJoinPool-1-worker-1] DEBUG org.apache.http.wire - http-outgoing-22 >> "Content-Type: application/vnd.kafka.json.v2+json; charset=UTF-8[\r][\n]"
16:03:46.750 [ForkJoinPool-1-worker-1] DEBUG org.apache.http.wire - http-outgoing-22 >> "Accept: application/vnd.kafka.v2+json[\r][\n]"
16:03:46.750 [ForkJoinPool-1-worker-1] DEBUG org.apache.http.wire - http-outgoing-22 >> "Content-Length: 96[\r][\n]"
16:03:46.750 [ForkJoinPool-1-worker-1] DEBUG org.apache.http.wire - http-outgoing-22 >> "Host: 192.168.1.62:8082[\r][\n]"
16:03:46.750 [ForkJoinPool-1-worker-1] DEBUG org.apache.http.wire - http-outgoing-22 >> "Connection: Keep-Alive[\r][\n]"
16:03:46.750 [ForkJoinPool-1-worker-1] DEBUG org.apache.http.wire - http-outgoing-22 >> "User-Agent: Apache-HttpClient/4.5.12 (Java/1.8.0_251)[\r][\n]"
16:03:46.750 [ForkJoinPool-1-worker-1] DEBUG org.apache.http.wire - http-outgoing-22 >> "Accept-Encoding: gzip,deflate[\r][\n]"
16:03:46.750 [ForkJoinPool-1-worker-1] DEBUG org.apache.http.wire - http-outgoing-22 >> "[\r][\n]"
16:03:46.750 [ForkJoinPool-1-worker-1] DEBUG org.apache.http.wire - http-outgoing-22 >> "{"records":[{"key":"key3","value":"rdr-value3"},{"value":"val3","partition":0},{"value":123.3}]}"
16:03:46.750 [ForkJoinPool-1-worker-1] DEBUG org.apache.http.wire - http-outgoing-22 << "HTTP/1.1 200 OK[\r][\n]"
16:03:46.750 [ForkJoinPool-1-worker-1] DEBUG org.apache.http.wire - http-outgoing-22 << "Date: Fri, 05 Feb 2021 10:33:46 GMT[\r][\n]"
16:03:46.750 [ForkJoinPool-1-worker-1] DEBUG org.apache.http.wire - http-outgoing-22 << "Content-Type: application/vnd.kafka.v2+json[\r][\n]"
16:03:46.750 [ForkJoinPool-1-worker-1] DEBUG org.apache.http.wire - http-outgoing-22 << "Vary: Accept-Encoding, User-Agent[\r][\n]"
16:03:46.750 [ForkJoinPool-1-worker-1] DEBUG org.apache.http.wire - http-outgoing-22 << "Content-Encoding: gzip[\r][\n]"
16:03:46.750 [ForkJoinPool-1-worker-1] DEBUG org.apache.http.wire - http-outgoing-22 << "Content-Length: 111[\r][\n]"
16:03:46.750 [ForkJoinPool-1-worker-1] DEBUG org.apache.http.wire - http-outgoing-22 << "[\r][\n]"
16:03:46.750 [ForkJoinPool-1-worker-1] DEBUG org.apache.http.wire - http-outgoing-22 << "[0x1f][0x8b][0x8][0x0][0x0][0x0][0x0][0x0][0x0][0x0][0xab]V[0xca]OK+N-)V[0xb2][0x8a][0xae]V*H,*[0xc9],[0xc9][0xcc][0xcf]S[0xb2]2[0xd0][0x81][0xca](Y[0x19][0x99][0xeb]([0xa5][0x16][0x15][0xe5][0x17][0xc5]'[0xe7][0xa7][0xa4]*Y[0xe5][0x95][0xe6][0xe4]@E [0x9c]Z[0x1d][0x9c]Z-[0xc8][0xd7]jIHk[0xac][0x8e]Rvje|qrFjnb|f[\n]"
16:03:46.750 [ForkJoinPool-1-worker-1] DEBUG org.apache.http.wire - http-outgoing-22 << "LMYbNi*[0xba]p-[0x0][0x96][0xa8][0x17][0xff][0xea][0x0][0x0][0x0]"
16:03:46.750 [ForkJoinPool-1-worker-1] DEBUG org.apache.http.headers - http-outgoing-22 << HTTP/1.1 200 OK
16:03:46.750 [ForkJoinPool-1-worker-1] DEBUG org.apache.http.headers - http-outgoing-22 << Date: Fri, 05 Feb 2021 10:33:46 GMT
16:03:46.750 [ForkJoinPool-1-worker-1] DEBUG org.apache.http.headers - http-outgoing-22 << Content-Type: application/vnd.kafka.v2+json
16:03:46.750 [ForkJoinPool-1-worker-1] DEBUG org.apache.http.headers - http-outgoing-22 << Vary: Accept-Encoding, User-Agent
16:03:46.750 [ForkJoinPool-1-worker-1] DEBUG org.apache.http.headers - http-outgoing-22 << Content-Encoding: gzip
16:03:46.750 [ForkJoinPool-1-worker-1] DEBUG org.apache.http.headers - http-outgoing-22 << Content-Length: 111
16:03:46.750 [ForkJoinPool-1-worker-1] DEBUG org.apache.http.impl.execchain.MainClientExec - Connection can be kept alive indefinitely
16:03:46.750 [ForkJoinPool-1-worker-1] DEBUG org.apache.http.impl.conn.PoolingHttpClientConnectionManager - Connection [id: 22][route: {}->http://192.168.1.62:8082] can be kept alive indefinitely
16:03:46.750 [ForkJoinPool-1-worker-1] DEBUG org.apache.http.impl.conn.DefaultManagedHttpClientConnection - http-outgoing-22: set socket timeout to 0
16:03:46.750 [ForkJoinPool-1-worker-1] DEBUG org.apache.http.impl.conn.PoolingHttpClientConnectionManager - Connection released: [id: 22][route: {}->http://192.168.1.62:8082][total available: 1; route allocated: 1 of 5; total allocated: 1 of 10]
16:03:46.750 [ForkJoinPool-1-worker-1] DEBUG com.intuit.karate - response time in milliseconds: 4.59
1 < 200
1 < Content-Type: application/vnd.kafka.v2+json
1 < Date: Fri, 05 Feb 2021 10:33:46 GMT
1 < Vary: Accept-Encoding, User-Agent
{"offsets":[{"partition":0,"offset":27,"error_code":null,"error":null},{"partition":0,"offset":28,"error_code":null,"error":null},{"partition":0,"offset":29,"error_code":null,"error":null}],"key_schema_id":null,"value_schema_id":null}

16:03:46.750 [ForkJoinPool-1-worker-1] DEBUG com.jayway.jsonpath.internal.path.CompiledPath - Evaluating path: $
16:03:46.750 [ForkJoinPool-1-worker-1] INFO com.intuit.karate - [print] {
  "offsets": [
    {
      "partition": 0,
      "offset": 27,
      "error_code": null,
      "error": null
    },
    {
      "partition": 0,
      "offset": 28,
      "error_code": null,
      "error": null
    },
    {
      "partition": 0,
      "offset": 29,
      "error_code": null,
      "error": null
    }
  ],
  "value_schema_id": null,
  "key_schema_id": null
}

16:03:46.750 [ForkJoinPool-1-worker-1] DEBUG com.jayway.jsonpath.internal.path.CompiledPath - Evaluating path: $['offsets'][1]['partition']
16:03:46.750 [ForkJoinPool-1-worker-1] INFO com.intuit.karate - after scenario inside config 
16:03:46.750 [pool-1-thread-1] INFO com.intuit.karate.Runner - <<pass>> feature 23 of 26: classpath:featurefiles/KarateTestSuite-21_Kafka_2.feature
---------------------------------------------------------
feature: classpath:featurefiles/KarateTestSuite-21_Kafka_2.feature
report: build\surefire-reports\featurefiles.KarateTestSuite-21_Kafka_2.json
scenarios:  1 | passed:  1 | failed:  0 | time: 0.0115
---------------------------------------------------------
16:03:46.765 [ForkJoinPool-1-worker-1] INFO com.intuit.karate - From karate-config file 
16:03:46.765 [ForkJoinPool-1-worker-1] DEBUG com.jayway.jsonpath.internal.path.CompiledPath - Evaluating path: $
16:03:46.765 [ForkJoinPool-1-worker-1] DEBUG com.jayway.jsonpath.internal.path.CompiledPath - Evaluating path: $
16:03:46.765 [ForkJoinPool-1-worker-1] DEBUG org.apache.http.client.protocol.RequestAddCookies - CookieSpec selected: karate
16:03:46.765 [ForkJoinPool-1-worker-1] DEBUG org.apache.http.client.protocol.RequestAuthCache - Auth cache not set in the context
16:03:46.765 [ForkJoinPool-1-worker-1] DEBUG com.intuit.karate - request:
1 > POST http://192.168.1.62:8082/consumers/my-consumer-group
1 > Accept-Encoding: gzip,deflate
1 > Connection: Keep-Alive
1 > Content-Length: 105
1 > Content-Type: application/vnd.kafka.json.v2+json; charset=UTF-8
1 > Host: 192.168.1.62:8082
1 > User-Agent: Apache-HttpClient/4.5.12 (Java/1.8.0_251)
{"name":"dhanaraju_consumer","format":"json","auto.offset.reset":"earliest","auto.commit.enable":"false"}

16:03:46.765 [ForkJoinPool-1-worker-1] DEBUG org.apache.http.impl.conn.PoolingHttpClientConnectionManager - Connection request: [route: {}->http://192.168.1.62:8082][total available: 0; route allocated: 0 of 5; total allocated: 0 of 10]
16:03:46.765 [ForkJoinPool-1-worker-1] DEBUG org.apache.http.impl.conn.PoolingHttpClientConnectionManager - Connection leased: [id: 23][route: {}->http://192.168.1.62:8082][total available: 0; route allocated: 1 of 5; total allocated: 1 of 10]
16:03:46.765 [ForkJoinPool-1-worker-1] DEBUG org.apache.http.impl.execchain.MainClientExec - Opening connection {}->http://192.168.1.62:8082
16:03:46.765 [ForkJoinPool-1-worker-1] DEBUG org.apache.http.impl.conn.DefaultHttpClientConnectionOperator - Connecting to /192.168.1.62:8082
16:03:46.765 [ForkJoinPool-1-worker-1] DEBUG org.apache.http.impl.conn.DefaultHttpClientConnectionOperator - Connection established 192.168.1.53:62849<->192.168.1.62:8082
16:03:46.765 [ForkJoinPool-1-worker-1] DEBUG org.apache.http.impl.conn.DefaultManagedHttpClientConnection - http-outgoing-23: set socket timeout to 5000
16:03:46.765 [ForkJoinPool-1-worker-1] DEBUG org.apache.http.impl.execchain.MainClientExec - Executing request POST /consumers/my-consumer-group HTTP/1.1
16:03:46.765 [ForkJoinPool-1-worker-1] DEBUG org.apache.http.impl.execchain.MainClientExec - Target auth state: UNCHALLENGED
16:03:46.765 [ForkJoinPool-1-worker-1] DEBUG org.apache.http.impl.execchain.MainClientExec - Proxy auth state: UNCHALLENGED
16:03:46.765 [ForkJoinPool-1-worker-1] DEBUG org.apache.http.headers - http-outgoing-23 >> POST /consumers/my-consumer-group HTTP/1.1
16:03:46.765 [ForkJoinPool-1-worker-1] DEBUG org.apache.http.headers - http-outgoing-23 >> Content-Type: application/vnd.kafka.json.v2+json; charset=UTF-8
16:03:46.765 [ForkJoinPool-1-worker-1] DEBUG org.apache.http.headers - http-outgoing-23 >> Content-Length: 105
16:03:46.765 [ForkJoinPool-1-worker-1] DEBUG org.apache.http.headers - http-outgoing-23 >> Host: 192.168.1.62:8082
16:03:46.765 [ForkJoinPool-1-worker-1] DEBUG org.apache.http.headers - http-outgoing-23 >> Connection: Keep-Alive
16:03:46.765 [ForkJoinPool-1-worker-1] DEBUG org.apache.http.headers - http-outgoing-23 >> User-Agent: Apache-HttpClient/4.5.12 (Java/1.8.0_251)
16:03:46.765 [ForkJoinPool-1-worker-1] DEBUG org.apache.http.headers - http-outgoing-23 >> Accept-Encoding: gzip,deflate
16:03:46.765 [ForkJoinPool-1-worker-1] DEBUG org.apache.http.wire - http-outgoing-23 >> "POST /consumers/my-consumer-group HTTP/1.1[\r][\n]"
16:03:46.765 [ForkJoinPool-1-worker-1] DEBUG org.apache.http.wire - http-outgoing-23 >> "Content-Type: application/vnd.kafka.json.v2+json; charset=UTF-8[\r][\n]"
16:03:46.765 [ForkJoinPool-1-worker-1] DEBUG org.apache.http.wire - http-outgoing-23 >> "Content-Length: 105[\r][\n]"
16:03:46.765 [ForkJoinPool-1-worker-1] DEBUG org.apache.http.wire - http-outgoing-23 >> "Host: 192.168.1.62:8082[\r][\n]"
16:03:46.765 [ForkJoinPool-1-worker-1] DEBUG org.apache.http.wire - http-outgoing-23 >> "Connection: Keep-Alive[\r][\n]"
16:03:46.765 [ForkJoinPool-1-worker-1] DEBUG org.apache.http.wire - http-outgoing-23 >> "User-Agent: Apache-HttpClient/4.5.12 (Java/1.8.0_251)[\r][\n]"
16:03:46.765 [ForkJoinPool-1-worker-1] DEBUG org.apache.http.wire - http-outgoing-23 >> "Accept-Encoding: gzip,deflate[\r][\n]"
16:03:46.765 [ForkJoinPool-1-worker-1] DEBUG org.apache.http.wire - http-outgoing-23 >> "[\r][\n]"
16:03:46.765 [ForkJoinPool-1-worker-1] DEBUG org.apache.http.wire - http-outgoing-23 >> "{"name":"dhanaraju_consumer","format":"json","auto.offset.reset":"earliest","auto.commit.enable":"false"}"
16:03:46.781 [ForkJoinPool-1-worker-1] DEBUG org.apache.http.wire - http-outgoing-23 << "HTTP/1.1 200 OK[\r][\n]"
16:03:46.781 [ForkJoinPool-1-worker-1] DEBUG org.apache.http.wire - http-outgoing-23 << "Date: Fri, 05 Feb 2021 10:33:46 GMT[\r][\n]"
16:03:46.781 [ForkJoinPool-1-worker-1] DEBUG org.apache.http.wire - http-outgoing-23 << "Content-Type: application/vnd.kafka.v2+json[\r][\n]"
16:03:46.781 [ForkJoinPool-1-worker-1] DEBUG org.apache.http.wire - http-outgoing-23 << "Vary: Accept-Encoding, User-Agent[\r][\n]"
16:03:46.781 [ForkJoinPool-1-worker-1] DEBUG org.apache.http.wire - http-outgoing-23 << "Content-Encoding: gzip[\r][\n]"
16:03:46.781 [ForkJoinPool-1-worker-1] DEBUG org.apache.http.wire - http-outgoing-23 << "Content-Length: 113[\r][\n]"
16:03:46.781 [ForkJoinPool-1-worker-1] DEBUG org.apache.http.wire - http-outgoing-23 << "[\r][\n]"
16:03:46.781 [ForkJoinPool-1-worker-1] DEBUG org.apache.http.wire - http-outgoing-23 << "[0x1f][0x8b][0x8][0x0][0x0][0x0][0x0][0x0][0x0][0x0]m[0x8d]1[0xe][0x80] [0x10][0x4][0xff]r[0xb5]rBA[0x90][0xcf][0x90][0x13][0x89]b"[0x1a][0xe][\n]"
16:03:46.781 [ForkJoinPool-1-worker-1] DEBUG org.apache.http.wire - http-outgoing-23 << "c[0xfc][0xbb]6t[0x96][0x9b][0x99][0xcc][0xde][0x10][0x13][0x17]J>[0xb8]8[0x83][0x85]y[0xa5]D[0x99][0xb6][0xea][0xfc][0x91][0xb8][0xee]!C[0x7][0x13]qp5[0xc7][0x8f][0xaf][0xa5][0x9c][0x16]Q[0x8e]JHm[0x84][0x14]ZY3[0x18][0x85]Mg[0xdc][0xaf][0xbe][0x8d]~[0xc9]G=[0xb1]]0[0xfe][0xe4][0x9f][0x17]1[0xf1][0xa6][0x14][0x83][0x0][0x0][0x0]"
16:03:46.781 [ForkJoinPool-1-worker-1] DEBUG org.apache.http.headers - http-outgoing-23 << HTTP/1.1 200 OK
16:03:46.781 [ForkJoinPool-1-worker-1] DEBUG org.apache.http.headers - http-outgoing-23 << Date: Fri, 05 Feb 2021 10:33:46 GMT
16:03:46.781 [ForkJoinPool-1-worker-1] DEBUG org.apache.http.headers - http-outgoing-23 << Content-Type: application/vnd.kafka.v2+json
16:03:46.781 [ForkJoinPool-1-worker-1] DEBUG org.apache.http.headers - http-outgoing-23 << Vary: Accept-Encoding, User-Agent
16:03:46.781 [ForkJoinPool-1-worker-1] DEBUG org.apache.http.headers - http-outgoing-23 << Content-Encoding: gzip
16:03:46.781 [ForkJoinPool-1-worker-1] DEBUG org.apache.http.headers - http-outgoing-23 << Content-Length: 113
16:03:46.781 [ForkJoinPool-1-worker-1] DEBUG org.apache.http.impl.execchain.MainClientExec - Connection can be kept alive indefinitely
16:03:46.781 [ForkJoinPool-1-worker-1] DEBUG org.apache.http.impl.conn.PoolingHttpClientConnectionManager - Connection [id: 23][route: {}->http://192.168.1.62:8082] can be kept alive indefinitely
16:03:46.781 [ForkJoinPool-1-worker-1] DEBUG org.apache.http.impl.conn.DefaultManagedHttpClientConnection - http-outgoing-23: set socket timeout to 0
16:03:46.781 [ForkJoinPool-1-worker-1] DEBUG org.apache.http.impl.conn.PoolingHttpClientConnectionManager - Connection released: [id: 23][route: {}->http://192.168.1.62:8082][total available: 1; route allocated: 1 of 5; total allocated: 1 of 10]
16:03:46.781 [ForkJoinPool-1-worker-1] DEBUG com.intuit.karate - response time in milliseconds: 14.04
1 < 200
1 < Content-Type: application/vnd.kafka.v2+json
1 < Date: Fri, 05 Feb 2021 10:33:46 GMT
1 < Vary: Accept-Encoding, User-Agent
{"instance_id":"dhanaraju_consumer","base_uri":"http://192.168.1.62:8082/consumers/my-consumer-group/instances/dhanaraju_consumer"}

16:03:46.781 [ForkJoinPool-1-worker-1] DEBUG com.jayway.jsonpath.internal.path.CompiledPath - Evaluating path: $
16:03:46.781 [ForkJoinPool-1-worker-1] INFO com.intuit.karate - [print] {
  "instance_id": "dhanaraju_consumer",
  "base_uri": "http://192.168.1.62:8082/consumers/my-consumer-group/instances/dhanaraju_consumer"
}

16:03:46.781 [ForkJoinPool-1-worker-1] DEBUG com.jayway.jsonpath.internal.path.CompiledPath - Evaluating path: $['instance_id']
16:03:46.781 [ForkJoinPool-1-worker-1] DEBUG com.jayway.jsonpath.internal.path.CompiledPath - Evaluating path: $
16:03:46.781 [ForkJoinPool-1-worker-1] INFO com.intuit.karate - [print] http://192.168.1.62:8082/consumers/my-consumer-group/instances/dhanaraju_consumer
16:03:46.781 [ForkJoinPool-1-worker-1] INFO com.intuit.karate - after scenario inside config 
16:03:46.796 [ForkJoinPool-1-worker-1] INFO com.intuit.karate - From karate-config file 
16:03:46.796 [ForkJoinPool-1-worker-1] DEBUG com.jayway.jsonpath.internal.path.CompiledPath - Evaluating path: $
16:03:46.796 [ForkJoinPool-1-worker-1] DEBUG com.jayway.jsonpath.internal.path.CompiledPath - Evaluating path: $
16:03:46.796 [ForkJoinPool-1-worker-1] DEBUG org.apache.http.client.protocol.RequestAddCookies - CookieSpec selected: karate
16:03:46.796 [ForkJoinPool-1-worker-1] DEBUG org.apache.http.client.protocol.RequestAuthCache - Auth cache not set in the context
16:03:46.796 [ForkJoinPool-1-worker-1] DEBUG com.intuit.karate - request:
1 > POST http://192.168.1.62:8082/consumers/my-consumer-group/instances/dhanaraju_consumer/subscription
1 > Accept-Encoding: gzip,deflate
1 > Connection: Keep-Alive
1 > Content-Length: 26
1 > Content-Type: application/vnd.kafka.v2+json; charset=UTF-8
1 > Host: 192.168.1.62:8082
1 > User-Agent: Apache-HttpClient/4.5.12 (Java/1.8.0_251)
{"topics":["dhana_topic"]}

16:03:46.796 [ForkJoinPool-1-worker-1] DEBUG org.apache.http.impl.conn.PoolingHttpClientConnectionManager - Connection request: [route: {}->http://192.168.1.62:8082][total available: 0; route allocated: 0 of 5; total allocated: 0 of 10]
16:03:46.796 [ForkJoinPool-1-worker-1] DEBUG org.apache.http.impl.conn.PoolingHttpClientConnectionManager - Connection leased: [id: 24][route: {}->http://192.168.1.62:8082][total available: 0; route allocated: 1 of 5; total allocated: 1 of 10]
16:03:46.796 [ForkJoinPool-1-worker-1] DEBUG org.apache.http.impl.execchain.MainClientExec - Opening connection {}->http://192.168.1.62:8082
16:03:46.796 [ForkJoinPool-1-worker-1] DEBUG org.apache.http.impl.conn.DefaultHttpClientConnectionOperator - Connecting to /192.168.1.62:8082
16:03:46.796 [ForkJoinPool-1-worker-1] DEBUG org.apache.http.impl.conn.DefaultHttpClientConnectionOperator - Connection established 192.168.1.53:62850<->192.168.1.62:8082
16:03:46.796 [ForkJoinPool-1-worker-1] DEBUG org.apache.http.impl.conn.DefaultManagedHttpClientConnection - http-outgoing-24: set socket timeout to 5000
16:03:46.796 [ForkJoinPool-1-worker-1] DEBUG org.apache.http.impl.execchain.MainClientExec - Executing request POST /consumers/my-consumer-group/instances/dhanaraju_consumer/subscription HTTP/1.1
16:03:46.796 [ForkJoinPool-1-worker-1] DEBUG org.apache.http.impl.execchain.MainClientExec - Target auth state: UNCHALLENGED
16:03:46.796 [ForkJoinPool-1-worker-1] DEBUG org.apache.http.impl.execchain.MainClientExec - Proxy auth state: UNCHALLENGED
16:03:46.796 [ForkJoinPool-1-worker-1] DEBUG org.apache.http.headers - http-outgoing-24 >> POST /consumers/my-consumer-group/instances/dhanaraju_consumer/subscription HTTP/1.1
16:03:46.796 [ForkJoinPool-1-worker-1] DEBUG org.apache.http.headers - http-outgoing-24 >> Content-Type: application/vnd.kafka.v2+json; charset=UTF-8
16:03:46.796 [ForkJoinPool-1-worker-1] DEBUG org.apache.http.headers - http-outgoing-24 >> Content-Length: 26
16:03:46.796 [ForkJoinPool-1-worker-1] DEBUG org.apache.http.headers - http-outgoing-24 >> Host: 192.168.1.62:8082
16:03:46.796 [ForkJoinPool-1-worker-1] DEBUG org.apache.http.headers - http-outgoing-24 >> Connection: Keep-Alive
16:03:46.796 [ForkJoinPool-1-worker-1] DEBUG org.apache.http.headers - http-outgoing-24 >> User-Agent: Apache-HttpClient/4.5.12 (Java/1.8.0_251)
16:03:46.796 [ForkJoinPool-1-worker-1] DEBUG org.apache.http.headers - http-outgoing-24 >> Accept-Encoding: gzip,deflate
16:03:46.796 [ForkJoinPool-1-worker-1] DEBUG org.apache.http.wire - http-outgoing-24 >> "POST /consumers/my-consumer-group/instances/dhanaraju_consumer/subscription HTTP/1.1[\r][\n]"
16:03:46.796 [ForkJoinPool-1-worker-1] DEBUG org.apache.http.wire - http-outgoing-24 >> "Content-Type: application/vnd.kafka.v2+json; charset=UTF-8[\r][\n]"
16:03:46.796 [ForkJoinPool-1-worker-1] DEBUG org.apache.http.wire - http-outgoing-24 >> "Content-Length: 26[\r][\n]"
16:03:46.796 [ForkJoinPool-1-worker-1] DEBUG org.apache.http.wire - http-outgoing-24 >> "Host: 192.168.1.62:8082[\r][\n]"
16:03:46.796 [ForkJoinPool-1-worker-1] DEBUG org.apache.http.wire - http-outgoing-24 >> "Connection: Keep-Alive[\r][\n]"
16:03:46.796 [ForkJoinPool-1-worker-1] DEBUG org.apache.http.wire - http-outgoing-24 >> "User-Agent: Apache-HttpClient/4.5.12 (Java/1.8.0_251)[\r][\n]"
16:03:46.796 [ForkJoinPool-1-worker-1] DEBUG org.apache.http.wire - http-outgoing-24 >> "Accept-Encoding: gzip,deflate[\r][\n]"
16:03:46.796 [ForkJoinPool-1-worker-1] DEBUG org.apache.http.wire - http-outgoing-24 >> "[\r][\n]"
16:03:46.796 [ForkJoinPool-1-worker-1] DEBUG org.apache.http.wire - http-outgoing-24 >> "{"topics":["dhana_topic"]}"
16:03:46.796 [ForkJoinPool-1-worker-1] DEBUG org.apache.http.wire - http-outgoing-24 << "HTTP/1.1 204 No Content[\r][\n]"
16:03:46.796 [ForkJoinPool-1-worker-1] DEBUG org.apache.http.wire - http-outgoing-24 << "Date: Fri, 05 Feb 2021 10:33:46 GMT[\r][\n]"
16:03:46.796 [ForkJoinPool-1-worker-1] DEBUG org.apache.http.wire - http-outgoing-24 << "[\r][\n]"
16:03:46.796 [ForkJoinPool-1-worker-1] DEBUG org.apache.http.headers - http-outgoing-24 << HTTP/1.1 204 No Content
16:03:46.796 [ForkJoinPool-1-worker-1] DEBUG org.apache.http.headers - http-outgoing-24 << Date: Fri, 05 Feb 2021 10:33:46 GMT
16:03:46.796 [ForkJoinPool-1-worker-1] DEBUG org.apache.http.impl.execchain.MainClientExec - Connection can be kept alive indefinitely
16:03:46.796 [ForkJoinPool-1-worker-1] DEBUG org.apache.http.impl.conn.PoolingHttpClientConnectionManager - Connection [id: 24][route: {}->http://192.168.1.62:8082] can be kept alive indefinitely
16:03:46.796 [ForkJoinPool-1-worker-1] DEBUG org.apache.http.impl.conn.DefaultManagedHttpClientConnection - http-outgoing-24: set socket timeout to 0
16:03:46.796 [ForkJoinPool-1-worker-1] DEBUG org.apache.http.impl.conn.PoolingHttpClientConnectionManager - Connection released: [id: 24][route: {}->http://192.168.1.62:8082][total available: 1; route allocated: 1 of 5; total allocated: 1 of 10]
16:03:46.796 [ForkJoinPool-1-worker-1] DEBUG com.intuit.karate - response time in milliseconds: 7.39
1 < 204
1 < Date: Fri, 05 Feb 2021 10:33:46 GMT

16:03:46.796 [ForkJoinPool-1-worker-1] INFO com.intuit.karate - after scenario inside config 
16:03:46.796 [ForkJoinPool-1-worker-1] INFO com.intuit.karate - From karate-config file 
16:03:46.796 [ForkJoinPool-1-worker-1] DEBUG com.jayway.jsonpath.internal.path.CompiledPath - Evaluating path: $
16:03:46.796 [ForkJoinPool-1-worker-1] DEBUG org.apache.http.client.protocol.RequestAddCookies - CookieSpec selected: karate
16:03:46.796 [ForkJoinPool-1-worker-1] DEBUG org.apache.http.client.protocol.RequestAuthCache - Auth cache not set in the context
16:03:46.796 [ForkJoinPool-1-worker-1] DEBUG com.intuit.karate - request:
1 > GET http://192.168.1.62:8082/consumers/my-consumer-group/instances/dhanaraju_consumer/subscription
1 > Accept: application/vnd.kafka.v2+json
1 > Accept-Encoding: gzip,deflate
1 > Connection: Keep-Alive
1 > Host: 192.168.1.62:8082
1 > User-Agent: Apache-HttpClient/4.5.12 (Java/1.8.0_251)

16:03:46.796 [ForkJoinPool-1-worker-1] DEBUG org.apache.http.impl.conn.PoolingHttpClientConnectionManager - Connection request: [route: {}->http://192.168.1.62:8082][total available: 0; route allocated: 0 of 5; total allocated: 0 of 10]
16:03:46.796 [ForkJoinPool-1-worker-1] DEBUG org.apache.http.impl.conn.PoolingHttpClientConnectionManager - Connection leased: [id: 25][route: {}->http://192.168.1.62:8082][total available: 0; route allocated: 1 of 5; total allocated: 1 of 10]
16:03:46.796 [ForkJoinPool-1-worker-1] DEBUG org.apache.http.impl.execchain.MainClientExec - Opening connection {}->http://192.168.1.62:8082
16:03:46.796 [ForkJoinPool-1-worker-1] DEBUG org.apache.http.impl.conn.DefaultHttpClientConnectionOperator - Connecting to /192.168.1.62:8082
16:03:46.796 [ForkJoinPool-1-worker-1] DEBUG org.apache.http.impl.conn.DefaultHttpClientConnectionOperator - Connection established 192.168.1.53:62851<->192.168.1.62:8082
16:03:46.796 [ForkJoinPool-1-worker-1] DEBUG org.apache.http.impl.conn.DefaultManagedHttpClientConnection - http-outgoing-25: set socket timeout to 5000
16:03:46.796 [ForkJoinPool-1-worker-1] DEBUG org.apache.http.impl.execchain.MainClientExec - Executing request GET /consumers/my-consumer-group/instances/dhanaraju_consumer/subscription HTTP/1.1
16:03:46.796 [ForkJoinPool-1-worker-1] DEBUG org.apache.http.impl.execchain.MainClientExec - Target auth state: UNCHALLENGED
16:03:46.796 [ForkJoinPool-1-worker-1] DEBUG org.apache.http.impl.execchain.MainClientExec - Proxy auth state: UNCHALLENGED
16:03:46.812 [ForkJoinPool-1-worker-1] DEBUG org.apache.http.headers - http-outgoing-25 >> GET /consumers/my-consumer-group/instances/dhanaraju_consumer/subscription HTTP/1.1
16:03:46.812 [ForkJoinPool-1-worker-1] DEBUG org.apache.http.headers - http-outgoing-25 >> Accept: application/vnd.kafka.v2+json
16:03:46.812 [ForkJoinPool-1-worker-1] DEBUG org.apache.http.headers - http-outgoing-25 >> Host: 192.168.1.62:8082
16:03:46.812 [ForkJoinPool-1-worker-1] DEBUG org.apache.http.headers - http-outgoing-25 >> Connection: Keep-Alive
16:03:46.812 [ForkJoinPool-1-worker-1] DEBUG org.apache.http.headers - http-outgoing-25 >> User-Agent: Apache-HttpClient/4.5.12 (Java/1.8.0_251)
16:03:46.812 [ForkJoinPool-1-worker-1] DEBUG org.apache.http.headers - http-outgoing-25 >> Accept-Encoding: gzip,deflate
16:03:46.812 [ForkJoinPool-1-worker-1] DEBUG org.apache.http.wire - http-outgoing-25 >> "GET /consumers/my-consumer-group/instances/dhanaraju_consumer/subscription HTTP/1.1[\r][\n]"
16:03:46.812 [ForkJoinPool-1-worker-1] DEBUG org.apache.http.wire - http-outgoing-25 >> "Accept: application/vnd.kafka.v2+json[\r][\n]"
16:03:46.812 [ForkJoinPool-1-worker-1] DEBUG org.apache.http.wire - http-outgoing-25 >> "Host: 192.168.1.62:8082[\r][\n]"
16:03:46.812 [ForkJoinPool-1-worker-1] DEBUG org.apache.http.wire - http-outgoing-25 >> "Connection: Keep-Alive[\r][\n]"
16:03:46.812 [ForkJoinPool-1-worker-1] DEBUG org.apache.http.wire - http-outgoing-25 >> "User-Agent: Apache-HttpClient/4.5.12 (Java/1.8.0_251)[\r][\n]"
16:03:46.812 [ForkJoinPool-1-worker-1] DEBUG org.apache.http.wire - http-outgoing-25 >> "Accept-Encoding: gzip,deflate[\r][\n]"
16:03:46.812 [ForkJoinPool-1-worker-1] DEBUG org.apache.http.wire - http-outgoing-25 >> "[\r][\n]"
16:03:46.812 [ForkJoinPool-1-worker-1] DEBUG org.apache.http.wire - http-outgoing-25 << "HTTP/1.1 200 OK[\r][\n]"
16:03:46.812 [ForkJoinPool-1-worker-1] DEBUG org.apache.http.wire - http-outgoing-25 << "Date: Fri, 05 Feb 2021 10:33:46 GMT[\r][\n]"
16:03:46.812 [ForkJoinPool-1-worker-1] DEBUG org.apache.http.wire - http-outgoing-25 << "Content-Type: application/vnd.kafka.v2+json[\r][\n]"
16:03:46.812 [ForkJoinPool-1-worker-1] DEBUG org.apache.http.wire - http-outgoing-25 << "Vary: Accept-Encoding, User-Agent[\r][\n]"
16:03:46.812 [ForkJoinPool-1-worker-1] DEBUG org.apache.http.wire - http-outgoing-25 << "Content-Length: 26[\r][\n]"
16:03:46.812 [ForkJoinPool-1-worker-1] DEBUG org.apache.http.wire - http-outgoing-25 << "[\r][\n]"
16:03:46.812 [ForkJoinPool-1-worker-1] DEBUG org.apache.http.wire - http-outgoing-25 << "{"topics":["dhana_topic"]}"
16:03:46.812 [ForkJoinPool-1-worker-1] DEBUG org.apache.http.headers - http-outgoing-25 << HTTP/1.1 200 OK
16:03:46.812 [ForkJoinPool-1-worker-1] DEBUG org.apache.http.headers - http-outgoing-25 << Date: Fri, 05 Feb 2021 10:33:46 GMT
16:03:46.812 [ForkJoinPool-1-worker-1] DEBUG org.apache.http.headers - http-outgoing-25 << Content-Type: application/vnd.kafka.v2+json
16:03:46.812 [ForkJoinPool-1-worker-1] DEBUG org.apache.http.headers - http-outgoing-25 << Vary: Accept-Encoding, User-Agent
16:03:46.812 [ForkJoinPool-1-worker-1] DEBUG org.apache.http.headers - http-outgoing-25 << Content-Length: 26
16:03:46.812 [ForkJoinPool-1-worker-1] DEBUG org.apache.http.impl.execchain.MainClientExec - Connection can be kept alive indefinitely
16:03:46.812 [ForkJoinPool-1-worker-1] DEBUG org.apache.http.impl.conn.PoolingHttpClientConnectionManager - Connection [id: 25][route: {}->http://192.168.1.62:8082] can be kept alive indefinitely
16:03:46.812 [ForkJoinPool-1-worker-1] DEBUG org.apache.http.impl.conn.DefaultManagedHttpClientConnection - http-outgoing-25: set socket timeout to 0
16:03:46.812 [ForkJoinPool-1-worker-1] DEBUG org.apache.http.impl.conn.PoolingHttpClientConnectionManager - Connection released: [id: 25][route: {}->http://192.168.1.62:8082][total available: 1; route allocated: 1 of 5; total allocated: 1 of 10]
16:03:46.812 [ForkJoinPool-1-worker-1] DEBUG com.intuit.karate - response time in milliseconds: 5.12
1 < 200
1 < Content-Length: 26
1 < Content-Type: application/vnd.kafka.v2+json
1 < Date: Fri, 05 Feb 2021 10:33:46 GMT
1 < Vary: Accept-Encoding, User-Agent
{"topics":["dhana_topic"]}

16:03:46.812 [ForkJoinPool-1-worker-1] DEBUG com.jayway.jsonpath.internal.path.CompiledPath - Evaluating path: $
16:03:46.812 [ForkJoinPool-1-worker-1] INFO com.intuit.karate - [print] {
  "topics": [
    "dhana_topic"
  ]
}

16:03:46.812 [ForkJoinPool-1-worker-1] DEBUG com.jayway.jsonpath.internal.path.CompiledPath - Evaluating path: $
16:03:46.812 [ForkJoinPool-1-worker-1] INFO com.intuit.karate - after scenario inside config 
16:03:46.812 [ForkJoinPool-1-worker-1] INFO com.intuit.karate - From karate-config file 
16:03:46.812 [ForkJoinPool-1-worker-1] DEBUG com.jayway.jsonpath.internal.path.CompiledPath - Evaluating path: $
16:03:46.812 [ForkJoinPool-1-worker-1] DEBUG org.apache.http.client.protocol.RequestAddCookies - CookieSpec selected: karate
16:03:46.812 [ForkJoinPool-1-worker-1] DEBUG org.apache.http.client.protocol.RequestAuthCache - Auth cache not set in the context
16:03:46.812 [ForkJoinPool-1-worker-1] DEBUG com.intuit.karate - request:
1 > GET http://192.168.1.62:8082/consumers/my-consumer-group/instances/dhanaraju_consumer/records?timeout=3000&max_bytes=300000
1 > Accept: application/vnd.kafka.json.v2+json
1 > Accept-Encoding: gzip,deflate
1 > Connection: Keep-Alive
1 > Host: 192.168.1.62:8082
1 > User-Agent: Apache-HttpClient/4.5.12 (Java/1.8.0_251)

16:03:46.812 [ForkJoinPool-1-worker-1] DEBUG org.apache.http.impl.conn.PoolingHttpClientConnectionManager - Connection request: [route: {}->http://192.168.1.62:8082][total available: 0; route allocated: 0 of 5; total allocated: 0 of 10]
16:03:46.812 [ForkJoinPool-1-worker-1] DEBUG org.apache.http.impl.conn.PoolingHttpClientConnectionManager - Connection leased: [id: 26][route: {}->http://192.168.1.62:8082][total available: 0; route allocated: 1 of 5; total allocated: 1 of 10]
16:03:46.812 [ForkJoinPool-1-worker-1] DEBUG org.apache.http.impl.execchain.MainClientExec - Opening connection {}->http://192.168.1.62:8082
16:03:46.812 [ForkJoinPool-1-worker-1] DEBUG org.apache.http.impl.conn.DefaultHttpClientConnectionOperator - Connecting to /192.168.1.62:8082
16:03:46.812 [ForkJoinPool-1-worker-1] DEBUG org.apache.http.impl.conn.DefaultHttpClientConnectionOperator - Connection established 192.168.1.53:62852<->192.168.1.62:8082
16:03:46.812 [ForkJoinPool-1-worker-1] DEBUG org.apache.http.impl.conn.DefaultManagedHttpClientConnection - http-outgoing-26: set socket timeout to 5000
16:03:46.812 [ForkJoinPool-1-worker-1] DEBUG org.apache.http.impl.execchain.MainClientExec - Executing request GET /consumers/my-consumer-group/instances/dhanaraju_consumer/records?timeout=3000&max_bytes=300000 HTTP/1.1
16:03:46.812 [ForkJoinPool-1-worker-1] DEBUG org.apache.http.impl.execchain.MainClientExec - Target auth state: UNCHALLENGED
16:03:46.812 [ForkJoinPool-1-worker-1] DEBUG org.apache.http.impl.execchain.MainClientExec - Proxy auth state: UNCHALLENGED
16:03:46.812 [ForkJoinPool-1-worker-1] DEBUG org.apache.http.headers - http-outgoing-26 >> GET /consumers/my-consumer-group/instances/dhanaraju_consumer/records?timeout=3000&max_bytes=300000 HTTP/1.1
16:03:46.812 [ForkJoinPool-1-worker-1] DEBUG org.apache.http.headers - http-outgoing-26 >> Accept: application/vnd.kafka.json.v2+json
16:03:46.812 [ForkJoinPool-1-worker-1] DEBUG org.apache.http.headers - http-outgoing-26 >> Host: 192.168.1.62:8082
16:03:46.812 [ForkJoinPool-1-worker-1] DEBUG org.apache.http.headers - http-outgoing-26 >> Connection: Keep-Alive
16:03:46.812 [ForkJoinPool-1-worker-1] DEBUG org.apache.http.headers - http-outgoing-26 >> User-Agent: Apache-HttpClient/4.5.12 (Java/1.8.0_251)
16:03:46.812 [ForkJoinPool-1-worker-1] DEBUG org.apache.http.headers - http-outgoing-26 >> Accept-Encoding: gzip,deflate
16:03:46.812 [ForkJoinPool-1-worker-1] DEBUG org.apache.http.wire - http-outgoing-26 >> "GET /consumers/my-consumer-group/instances/dhanaraju_consumer/records?timeout=3000&max_bytes=300000 HTTP/1.1[\r][\n]"
16:03:46.812 [ForkJoinPool-1-worker-1] DEBUG org.apache.http.wire - http-outgoing-26 >> "Accept: application/vnd.kafka.json.v2+json[\r][\n]"
16:03:46.812 [ForkJoinPool-1-worker-1] DEBUG org.apache.http.wire - http-outgoing-26 >> "Host: 192.168.1.62:8082[\r][\n]"
16:03:46.812 [ForkJoinPool-1-worker-1] DEBUG org.apache.http.wire - http-outgoing-26 >> "Connection: Keep-Alive[\r][\n]"
16:03:46.812 [ForkJoinPool-1-worker-1] DEBUG org.apache.http.wire - http-outgoing-26 >> "User-Agent: Apache-HttpClient/4.5.12 (Java/1.8.0_251)[\r][\n]"
16:03:46.812 [ForkJoinPool-1-worker-1] DEBUG org.apache.http.wire - http-outgoing-26 >> "Accept-Encoding: gzip,deflate[\r][\n]"
16:03:46.812 [ForkJoinPool-1-worker-1] DEBUG org.apache.http.wire - http-outgoing-26 >> "[\r][\n]"
16:03:47.152 [ForkJoinPool-1-worker-0] DEBUG org.apache.http.client.protocol.RequestAddCookies - CookieSpec selected: karate
16:03:47.152 [ForkJoinPool-1-worker-0] DEBUG org.apache.http.client.protocol.RequestAddCookies - Cookie [version: 0][name: JSESSIONID][value: node01ktygokkby5621rexv6drqn18f125.node0][domain: 192.168.1.62][path: /api][expiry: null] match [192.168.1.62:8161/api/message/dhanaraju.input]
16:03:47.152 [ForkJoinPool-1-worker-0] DEBUG org.apache.http.client.protocol.RequestAuthCache - Auth cache not set in the context
16:03:47.152 [ForkJoinPool-1-worker-0] DEBUG com.intuit.karate - request:
2 > GET http://192.168.1.62:8161/api/message/dhanaraju.input?type=queue
2 > Accept: text/html,application/xhtml+xml,application/xml;q=0.9,image/avif,image/webp,image/apng,*/*;q=0.8,application/signed-exchange;v=b3;q=0.9
2 > Accept-Encoding: gzip, deflate
2 > Accept-Language: en-US,en;q=0.9
2 > Authorization: Basic YWRtaW46YWRtaW4=
2 > Cache-Control: max-age=0
2 > Connection: Keep-Alive
2 > Cookie: JSESSIONID=node01ktygokkby5621rexv6drqn18f125.node0
2 > Host: 192.168.1.62:8161
2 > Upgrade-Insecure-Requests: 1
2 > User-Agent: Mozilla/5.0 (Windows NT 10.0; Win64; x64) AppleWebKit/537.36 (KHTML, like Gecko) Chrome/87.0.4280.88 Safari/537.36

16:03:47.153 [ForkJoinPool-1-worker-0] DEBUG org.apache.http.impl.conn.PoolingHttpClientConnectionManager - Connection request: [route: {}->http://192.168.1.62:8161][total available: 0; route allocated: 0 of 5; total allocated: 0 of 10]
16:03:47.153 [ForkJoinPool-1-worker-0] DEBUG org.apache.http.impl.conn.PoolingHttpClientConnectionManager - Connection leased: [id: 27][route: {}->http://192.168.1.62:8161][total available: 0; route allocated: 1 of 5; total allocated: 1 of 10]
16:03:47.153 [ForkJoinPool-1-worker-0] DEBUG org.apache.http.impl.execchain.MainClientExec - Opening connection {}->http://192.168.1.62:8161
16:03:47.153 [ForkJoinPool-1-worker-0] DEBUG org.apache.http.impl.conn.DefaultHttpClientConnectionOperator - Connecting to /192.168.1.62:8161
16:03:47.153 [ForkJoinPool-1-worker-0] DEBUG org.apache.http.impl.conn.DefaultHttpClientConnectionOperator - Connection established 192.168.1.53:62853<->192.168.1.62:8161
16:03:47.153 [ForkJoinPool-1-worker-0] DEBUG org.apache.http.impl.conn.DefaultManagedHttpClientConnection - http-outgoing-27: set socket timeout to 5000
16:03:47.153 [ForkJoinPool-1-worker-0] DEBUG org.apache.http.impl.execchain.MainClientExec - Executing request GET /api/message/dhanaraju.input?type=queue HTTP/1.1
16:03:47.153 [ForkJoinPool-1-worker-0] DEBUG org.apache.http.impl.execchain.MainClientExec - Proxy auth state: UNCHALLENGED
16:03:47.153 [ForkJoinPool-1-worker-0] DEBUG org.apache.http.headers - http-outgoing-27 >> GET /api/message/dhanaraju.input?type=queue HTTP/1.1
16:03:47.153 [ForkJoinPool-1-worker-0] DEBUG org.apache.http.headers - http-outgoing-27 >> Accept-Language: en-US,en;q=0.9
16:03:47.153 [ForkJoinPool-1-worker-0] DEBUG org.apache.http.headers - http-outgoing-27 >> Accept-Encoding: gzip, deflate
16:03:47.153 [ForkJoinPool-1-worker-0] DEBUG org.apache.http.headers - http-outgoing-27 >> Authorization: Basic YWRtaW46YWRtaW4=
16:03:47.153 [ForkJoinPool-1-worker-0] DEBUG org.apache.http.headers - http-outgoing-27 >> Connection: Keep-Alive
16:03:47.153 [ForkJoinPool-1-worker-0] DEBUG org.apache.http.headers - http-outgoing-27 >> Accept: text/html,application/xhtml+xml,application/xml;q=0.9,image/avif,image/webp,image/apng,*/*;q=0.8,application/signed-exchange;v=b3;q=0.9
16:03:47.153 [ForkJoinPool-1-worker-0] DEBUG org.apache.http.headers - http-outgoing-27 >> Cache-Control: max-age=0
16:03:47.153 [ForkJoinPool-1-worker-0] DEBUG org.apache.http.headers - http-outgoing-27 >> User-Agent: Mozilla/5.0 (Windows NT 10.0; Win64; x64) AppleWebKit/537.36 (KHTML, like Gecko) Chrome/87.0.4280.88 Safari/537.36
16:03:47.153 [ForkJoinPool-1-worker-0] DEBUG org.apache.http.headers - http-outgoing-27 >> Upgrade-Insecure-Requests: 1
16:03:47.153 [ForkJoinPool-1-worker-0] DEBUG org.apache.http.headers - http-outgoing-27 >> Host: 192.168.1.62:8161
16:03:47.153 [ForkJoinPool-1-worker-0] DEBUG org.apache.http.headers - http-outgoing-27 >> Cookie: JSESSIONID=node01ktygokkby5621rexv6drqn18f125.node0
16:03:47.153 [ForkJoinPool-1-worker-0] DEBUG org.apache.http.wire - http-outgoing-27 >> "GET /api/message/dhanaraju.input?type=queue HTTP/1.1[\r][\n]"
16:03:47.153 [ForkJoinPool-1-worker-0] DEBUG org.apache.http.wire - http-outgoing-27 >> "Accept-Language: en-US,en;q=0.9[\r][\n]"
16:03:47.153 [ForkJoinPool-1-worker-0] DEBUG org.apache.http.wire - http-outgoing-27 >> "Accept-Encoding: gzip, deflate[\r][\n]"
16:03:47.153 [ForkJoinPool-1-worker-0] DEBUG org.apache.http.wire - http-outgoing-27 >> "Authorization: Basic YWRtaW46YWRtaW4=[\r][\n]"
16:03:47.153 [ForkJoinPool-1-worker-0] DEBUG org.apache.http.wire - http-outgoing-27 >> "Connection: Keep-Alive[\r][\n]"
16:03:47.154 [ForkJoinPool-1-worker-0] DEBUG org.apache.http.wire - http-outgoing-27 >> "Accept: text/html,application/xhtml+xml,application/xml;q=0.9,image/avif,image/webp,image/apng,*/*;q=0.8,application/signed-exchange;v=b3;q=0.9[\r][\n]"
16:03:47.154 [ForkJoinPool-1-worker-0] DEBUG org.apache.http.wire - http-outgoing-27 >> "Cache-Control: max-age=0[\r][\n]"
16:03:47.154 [ForkJoinPool-1-worker-0] DEBUG org.apache.http.wire - http-outgoing-27 >> "User-Agent: Mozilla/5.0 (Windows NT 10.0; Win64; x64) AppleWebKit/537.36 (KHTML, like Gecko) Chrome/87.0.4280.88 Safari/537.36[\r][\n]"
16:03:47.154 [ForkJoinPool-1-worker-0] DEBUG org.apache.http.wire - http-outgoing-27 >> "Upgrade-Insecure-Requests: 1[\r][\n]"
16:03:47.154 [ForkJoinPool-1-worker-0] DEBUG org.apache.http.wire - http-outgoing-27 >> "Host: 192.168.1.62:8161[\r][\n]"
16:03:47.154 [ForkJoinPool-1-worker-0] DEBUG org.apache.http.wire - http-outgoing-27 >> "Cookie: JSESSIONID=node01ktygokkby5621rexv6drqn18f125.node0[\r][\n]"
16:03:47.154 [ForkJoinPool-1-worker-0] DEBUG org.apache.http.wire - http-outgoing-27 >> "[\r][\n]"
16:03:47.828 [ForkJoinPool-1-worker-1] DEBUG org.apache.http.wire - http-outgoing-26 << "HTTP/1.1 200 OK[\r][\n]"
16:03:47.828 [ForkJoinPool-1-worker-1] DEBUG org.apache.http.wire - http-outgoing-26 << "Date: Fri, 05 Feb 2021 10:33:46 GMT[\r][\n]"
16:03:47.828 [ForkJoinPool-1-worker-1] DEBUG org.apache.http.wire - http-outgoing-26 << "Content-Type: application/vnd.kafka.json.v2+json[\r][\n]"
16:03:47.828 [ForkJoinPool-1-worker-1] DEBUG org.apache.http.wire - http-outgoing-26 << "Vary: Accept-Encoding, User-Agent[\r][\n]"
16:03:47.828 [ForkJoinPool-1-worker-1] DEBUG org.apache.http.wire - http-outgoing-26 << "Content-Encoding: gzip[\r][\n]"
16:03:47.828 [ForkJoinPool-1-worker-1] DEBUG org.apache.http.wire - http-outgoing-26 << "Content-Length: 236[\r][\n]"
16:03:47.828 [ForkJoinPool-1-worker-1] DEBUG org.apache.http.wire - http-outgoing-26 << "[\r][\n]"
16:03:47.828 [ForkJoinPool-1-worker-1] DEBUG org.apache.http.wire - http-outgoing-26 << "[0x1f][0x8b][0x8][0x0][0x0][0x0][0x0][0x0][0x0][0x0][0xad][0xd5][0xdf][\n]"
16:03:47.828 [ForkJoinPool-1-worker-1] DEBUG org.apache.http.wire - http-outgoing-26 << "[0x82]0[0x14][0xc7][0xf1]w[0xd9][0xb5]E[0xdb][0xfa]g[0xaf][0x12][0x11]#[0x95]$Q[0xb1][0x19]D[0xf8][0xee][0xad][0xba][0xe8][0xca]s[0xf8][0x1d][0xce][0x8d]n[0xbb]8[0xf0][0x1][0xbf][0xee][0xf8]2[0xb1][0xeb][0xeb][0x8b]9[0x98][0xe2][0x1a][0xda]p[0xfe][0xed]2s+[0x9f][0xe9],=}[0xda]<B3[0x96]i;[0x14][0xc3][0xe2][0xbb][0xfe][0x1c][0xf6]a[0x88]u[0xac][0xbb][0xd6][0x1c]V[0x99][0xe9][0xaa][0xea]^[0xc6][0xb4][0x9c]2rd;6[0xcd]]]>&#x7f;<![CDATA[`z[0xcf][0x8f][0xb2][0xc8]([0xeb][0xfc][0xd2][0xcf]Mr[0xcc]$[0x81][0xd3][0xeb]9[0xd7]j[0xce][0x8d][0xbe]s[0xab][0xe7][0xdc][0xa9]9[0xf7][0xfa][0xce]\[0xf1][0xbb][0x85][0x1a] [0xa1][0x96]k@ [0xb5]\[\r][0x8][0x15][0xca][0x80][0xa6]r[0x19]H[0xa8]\[0x10][0x8][0x15]*[0x81][0xa6]r%H[0xa8]\[0x13][0x8][0x15][0x8a][0x81][0xfe][0xf3]r-[0x8][0xa8][0xe][0xba][0x18]h[0xaa][0x83]b[0xa0][0xa9]\[0xb][0x12]*t70T([0x6][0x9a][0xca][0xb5] [0xa1]B[0xd7][0x3]C[0x85]b[0xa0][0xa9][0xf9]tz[0x3]#Dn[0xdc]%[0x9][0x0][0x0]"
16:03:47.828 [ForkJoinPool-1-worker-1] DEBUG org.apache.http.headers - http-outgoing-26 << HTTP/1.1 200 OK
16:03:47.828 [ForkJoinPool-1-worker-1] DEBUG org.apache.http.headers - http-outgoing-26 << Date: Fri, 05 Feb 2021 10:33:46 GMT
16:03:47.828 [ForkJoinPool-1-worker-1] DEBUG org.apache.http.headers - http-outgoing-26 << Content-Type: application/vnd.kafka.json.v2+json
16:03:47.828 [ForkJoinPool-1-worker-1] DEBUG org.apache.http.headers - http-outgoing-26 << Vary: Accept-Encoding, User-Agent
16:03:47.828 [ForkJoinPool-1-worker-1] DEBUG org.apache.http.headers - http-outgoing-26 << Content-Encoding: gzip
16:03:47.828 [ForkJoinPool-1-worker-1] DEBUG org.apache.http.headers - http-outgoing-26 << Content-Length: 236
16:03:47.828 [ForkJoinPool-1-worker-1] DEBUG org.apache.http.impl.execchain.MainClientExec - Connection can be kept alive indefinitely
16:03:47.828 [ForkJoinPool-1-worker-1] DEBUG org.apache.http.impl.conn.PoolingHttpClientConnectionManager - Connection [id: 26][route: {}->http://192.168.1.62:8082] can be kept alive indefinitely
16:03:47.828 [ForkJoinPool-1-worker-1] DEBUG org.apache.http.impl.conn.DefaultManagedHttpClientConnection - http-outgoing-26: set socket timeout to 0
16:03:47.828 [ForkJoinPool-1-worker-1] DEBUG org.apache.http.impl.conn.PoolingHttpClientConnectionManager - Connection released: [id: 26][route: {}->http://192.168.1.62:8082][total available: 1; route allocated: 1 of 5; total allocated: 1 of 10]
16:03:47.828 [ForkJoinPool-1-worker-1] DEBUG com.intuit.karate - response time in milliseconds: 1004.55
1 < 200
1 < Content-Type: application/vnd.kafka.json.v2+json
1 < Date: Fri, 05 Feb 2021 10:33:46 GMT
1 < Vary: Accept-Encoding, User-Agent
[{"topic":"dhana_topic","key":"key3","value":"rdr-value3","partition":0,"offset":0},{"topic":"dhana_topic","key":null,"value":"val3","partition":0,"offset":1},{"topic":"dhana_topic","key":null,"value":123.3,"partition":0,"offset":2},{"topic":"dhana_topic","key":"key3","value":"rdr-value3","partition":0,"offset":3},{"topic":"dhana_topic","key":null,"value":"val3","partition":0,"offset":4},{"topic":"dhana_topic","key":null,"value":123.3,"partition":0,"offset":5},{"topic":"dhana_topic","key":"key3","value":"rdr-value3","partition":0,"offset":6},{"topic":"dhana_topic","key":null,"value":"val3","partition":0,"offset":7},{"topic":"dhana_topic","key":null,"value":123.3,"partition":0,"offset":8},{"topic":"dhana_topic","key":"key3","value":"rdr-value3","partition":0,"offset":9},{"topic":"dhana_topic","key":null,"value":"val3","partition":0,"offset":10},{"topic":"dhana_topic","key":null,"value":123.3,"partition":0,"offset":11},{"topic":"dhana_topic","key":"key3","value":"rdr-value3","partition":0,"offset":12},{"topic":"dhana_topic","key":null,"value":"val3","partition":0,"offset":13},{"topic":"dhana_topic","key":null,"value":123.3,"partition":0,"offset":14},{"topic":"dhana_topic","key":"key3","value":"rdr-value3","partition":0,"offset":15},{"topic":"dhana_topic","key":null,"value":"val3","partition":0,"offset":16},{"topic":"dhana_topic","key":null,"value":123.3,"partition":0,"offset":17},{"topic":"dhana_topic","key":"key3","value":"rdr-value3","partition":0,"offset":18},{"topic":"dhana_topic","key":null,"value":"val3","partition":0,"offset":19},{"topic":"dhana_topic","key":null,"value":123.3,"partition":0,"offset":20},{"topic":"dhana_topic","key":"key3","value":"rdr-value3","partition":0,"offset":21},{"topic":"dhana_topic","key":null,"value":"val3","partition":0,"offset":22},{"topic":"dhana_topic","key":null,"value":123.3,"partition":0,"offset":23},{"topic":"dhana_topic","key":"key3","value":"rdr-value3","partition":0,"offset":24},{"topic":"dhana_topic","key":null,"value":"val3","partition":0,"offset":25},{"topic":"dhana_topic","key":null,"value":123.3,"partition":0,"offset":26},{"topic":"dhana_topic","key":"key3","value":"rdr-value3","partition":0,"offset":27},{"topic":"dhana_topic","key":null,"value":"val3","partition":0,"offset":28},{"topic":"dhana_topic","key":null,"value":123.3,"partition":0,"offset":29}]

16:03:47.828 [ForkJoinPool-1-worker-1] DEBUG com.jayway.jsonpath.internal.path.CompiledPath - Evaluating path: $
16:03:47.828 [ForkJoinPool-1-worker-1] INFO com.intuit.karate - [print] [
  {
    "partition": 0,
    "offset": 0,
    "topic": "dhana_topic",
    "value": "rdr-value3",
    "key": "key3"
  },
  {
    "partition": 0,
    "offset": 1,
    "topic": "dhana_topic",
    "value": "val3",
    "key": null
  },
  {
    "partition": 0,
    "offset": 2,
    "topic": "dhana_topic",
    "value": 123.3,
    "key": null
  },
  {
    "partition": 0,
    "offset": 3,
    "topic": "dhana_topic",
    "value": "rdr-value3",
    "key": "key3"
  },
  {
    "partition": 0,
    "offset": 4,
    "topic": "dhana_topic",
    "value": "val3",
    "key": null
  },
  {
    "partition": 0,
    "offset": 5,
    "topic": "dhana_topic",
    "value": 123.3,
    "key": null
  },
  {
    "partition": 0,
    "offset": 6,
    "topic": "dhana_topic",
    "value": "rdr-value3",
    "key": "key3"
  },
  {
    "partition": 0,
    "offset": 7,
    "topic": "dhana_topic",
    "value": "val3",
    "key": null
  },
  {
    "partition": 0,
    "offset": 8,
    "topic": "dhana_topic",
    "value": 123.3,
    "key": null
  },
  {
    "partition": 0,
    "offset": 9,
    "topic": "dhana_topic",
    "value": "rdr-value3",
    "key": "key3"
  },
  {
    "partition": 0,
    "offset": 10,
    "topic": "dhana_topic",
    "value": "val3",
    "key": null
  },
  {
    "partition": 0,
    "offset": 11,
    "topic": "dhana_topic",
    "value": 123.3,
    "key": null
  },
  {
    "partition": 0,
    "offset": 12,
    "topic": "dhana_topic",
    "value": "rdr-value3",
    "key": "key3"
  },
  {
    "partition": 0,
    "offset": 13,
    "topic": "dhana_topic",
    "value": "val3",
    "key": null
  },
  {
    "partition": 0,
    "offset": 14,
    "topic": "dhana_topic",
    "value": 123.3,
    "key": null
  },
  {
    "partition": 0,
    "offset": 15,
    "topic": "dhana_topic",
    "value": "rdr-value3",
    "key": "key3"
  },
  {
    "partition": 0,
    "offset": 16,
    "topic": "dhana_topic",
    "value": "val3",
    "key": null
  },
  {
    "partition": 0,
    "offset": 17,
    "topic": "dhana_topic",
    "value": 123.3,
    "key": null
  },
  {
    "partition": 0,
    "offset": 18,
    "topic": "dhana_topic",
    "value": "rdr-value3",
    "key": "key3"
  },
  {
    "partition": 0,
    "offset": 19,
    "topic": "dhana_topic",
    "value": "val3",
    "key": null
  },
  {
    "partition": 0,
    "offset": 20,
    "topic": "dhana_topic",
    "value": 123.3,
    "key": null
  },
  {
    "partition": 0,
    "offset": 21,
    "topic": "dhana_topic",
    "value": "rdr-value3",
    "key": "key3"
  },
  {
    "partition": 0,
    "offset": 22,
    "topic": "dhana_topic",
    "value": "val3",
    "key": null
  },
  {
    "partition": 0,
    "offset": 23,
    "topic": "dhana_topic",
    "value": 123.3,
    "key": null
  },
  {
    "partition": 0,
    "offset": 24,
    "topic": "dhana_topic",
    "value": "rdr-value3",
    "key": "key3"
  },
  {
    "partition": 0,
    "offset": 25,
    "topic": "dhana_topic",
    "value": "val3",
    "key": null
  },
  {
    "partition": 0,
    "offset": 26,
    "topic": "dhana_topic",
    "value": 123.3,
    "key": null
  },
  {
    "partition": 0,
    "offset": 27,
    "topic": "dhana_topic",
    "value": "rdr-value3",
    "key": "key3"
  },
  {
    "partition": 0,
    "offset": 28,
    "topic": "dhana_topic",
    "value": "val3",
    "key": null
  },
  {
    "partition": 0,
    "offset": 29,
    "topic": "dhana_topic",
    "value": 123.3,
    "key": null
  }
]

16:03:47.828 [ForkJoinPool-1-worker-1] INFO com.intuit.karate - after scenario inside config 
16:03:47.828 [ForkJoinPool-1-worker-1] INFO com.intuit.karate - From karate-config file 
16:03:47.828 [ForkJoinPool-1-worker-1] DEBUG com.jayway.jsonpath.internal.path.CompiledPath - Evaluating path: $
16:03:47.828 [ForkJoinPool-1-worker-1] DEBUG org.apache.http.client.protocol.RequestAddCookies - CookieSpec selected: karate
16:03:47.828 [ForkJoinPool-1-worker-1] DEBUG org.apache.http.client.protocol.RequestAuthCache - Auth cache not set in the context
16:03:47.828 [ForkJoinPool-1-worker-1] DEBUG com.intuit.karate - request:
1 > GET http://192.168.1.62:8082/consumers/my-consumer-group/instances/dhanaraju_consumer/assignments
1 > Accept: application/vnd.kafka.v2+json
1 > Accept-Encoding: gzip,deflate
1 > Connection: Keep-Alive
1 > Host: 192.168.1.62:8082
1 > User-Agent: Apache-HttpClient/4.5.12 (Java/1.8.0_251)

16:03:47.828 [ForkJoinPool-1-worker-1] DEBUG org.apache.http.impl.conn.PoolingHttpClientConnectionManager - Connection request: [route: {}->http://192.168.1.62:8082][total available: 0; route allocated: 0 of 5; total allocated: 0 of 10]
16:03:47.828 [ForkJoinPool-1-worker-1] DEBUG org.apache.http.impl.conn.PoolingHttpClientConnectionManager - Connection leased: [id: 28][route: {}->http://192.168.1.62:8082][total available: 0; route allocated: 1 of 5; total allocated: 1 of 10]
16:03:47.828 [ForkJoinPool-1-worker-1] DEBUG org.apache.http.impl.execchain.MainClientExec - Opening connection {}->http://192.168.1.62:8082
16:03:47.828 [ForkJoinPool-1-worker-1] DEBUG org.apache.http.impl.conn.DefaultHttpClientConnectionOperator - Connecting to /192.168.1.62:8082
16:03:47.843 [ForkJoinPool-1-worker-1] DEBUG org.apache.http.impl.conn.DefaultHttpClientConnectionOperator - Connection established 192.168.1.53:62854<->192.168.1.62:8082
16:03:47.843 [ForkJoinPool-1-worker-1] DEBUG org.apache.http.impl.conn.DefaultManagedHttpClientConnection - http-outgoing-28: set socket timeout to 5000
16:03:47.843 [ForkJoinPool-1-worker-1] DEBUG org.apache.http.impl.execchain.MainClientExec - Executing request GET /consumers/my-consumer-group/instances/dhanaraju_consumer/assignments HTTP/1.1
16:03:47.843 [ForkJoinPool-1-worker-1] DEBUG org.apache.http.impl.execchain.MainClientExec - Target auth state: UNCHALLENGED
16:03:47.843 [ForkJoinPool-1-worker-1] DEBUG org.apache.http.impl.execchain.MainClientExec - Proxy auth state: UNCHALLENGED
16:03:47.843 [ForkJoinPool-1-worker-1] DEBUG org.apache.http.headers - http-outgoing-28 >> GET /consumers/my-consumer-group/instances/dhanaraju_consumer/assignments HTTP/1.1
16:03:47.843 [ForkJoinPool-1-worker-1] DEBUG org.apache.http.headers - http-outgoing-28 >> Accept: application/vnd.kafka.v2+json
16:03:47.843 [ForkJoinPool-1-worker-1] DEBUG org.apache.http.headers - http-outgoing-28 >> Host: 192.168.1.62:8082
16:03:47.843 [ForkJoinPool-1-worker-1] DEBUG org.apache.http.headers - http-outgoing-28 >> Connection: Keep-Alive
16:03:47.843 [ForkJoinPool-1-worker-1] DEBUG org.apache.http.headers - http-outgoing-28 >> User-Agent: Apache-HttpClient/4.5.12 (Java/1.8.0_251)
16:03:47.843 [ForkJoinPool-1-worker-1] DEBUG org.apache.http.headers - http-outgoing-28 >> Accept-Encoding: gzip,deflate
16:03:47.843 [ForkJoinPool-1-worker-1] DEBUG org.apache.http.wire - http-outgoing-28 >> "GET /consumers/my-consumer-group/instances/dhanaraju_consumer/assignments HTTP/1.1[\r][\n]"
16:03:47.843 [ForkJoinPool-1-worker-1] DEBUG org.apache.http.wire - http-outgoing-28 >> "Accept: application/vnd.kafka.v2+json[\r][\n]"
16:03:47.843 [ForkJoinPool-1-worker-1] DEBUG org.apache.http.wire - http-outgoing-28 >> "Host: 192.168.1.62:8082[\r][\n]"
16:03:47.843 [ForkJoinPool-1-worker-1] DEBUG org.apache.http.wire - http-outgoing-28 >> "Connection: Keep-Alive[\r][\n]"
16:03:47.843 [ForkJoinPool-1-worker-1] DEBUG org.apache.http.wire - http-outgoing-28 >> "User-Agent: Apache-HttpClient/4.5.12 (Java/1.8.0_251)[\r][\n]"
16:03:47.843 [ForkJoinPool-1-worker-1] DEBUG org.apache.http.wire - http-outgoing-28 >> "Accept-Encoding: gzip,deflate[\r][\n]"
16:03:47.843 [ForkJoinPool-1-worker-1] DEBUG org.apache.http.wire - http-outgoing-28 >> "[\r][\n]"
16:03:47.843 [ForkJoinPool-1-worker-1] DEBUG org.apache.http.wire - http-outgoing-28 << "HTTP/1.1 200 OK[\r][\n]"
16:03:47.843 [ForkJoinPool-1-worker-1] DEBUG org.apache.http.wire - http-outgoing-28 << "Date: Fri, 05 Feb 2021 10:33:47 GMT[\r][\n]"
16:03:47.843 [ForkJoinPool-1-worker-1] DEBUG org.apache.http.wire - http-outgoing-28 << "Content-Type: application/vnd.kafka.v2+json[\r][\n]"
16:03:47.843 [ForkJoinPool-1-worker-1] DEBUG org.apache.http.wire - http-outgoing-28 << "Vary: Accept-Encoding, User-Agent[\r][\n]"
16:03:47.843 [ForkJoinPool-1-worker-1] DEBUG org.apache.http.wire - http-outgoing-28 << "Content-Encoding: gzip[\r][\n]"
16:03:47.843 [ForkJoinPool-1-worker-1] DEBUG org.apache.http.wire - http-outgoing-28 << "Content-Length: 61[\r][\n]"
16:03:47.843 [ForkJoinPool-1-worker-1] DEBUG org.apache.http.wire - http-outgoing-28 << "[\r][\n]"
16:03:47.843 [ForkJoinPool-1-worker-1] DEBUG org.apache.http.wire - http-outgoing-28 << "[0x1f][0x8b][0x8][0x0][0x0][0x0][0x0][0x0][0x0][0x0][0xab]V*H,*[0xc9],[0xc9][0xcc][0xcf]+V[0xb2][0x8a][0xae]V*[0xc9]/[0xc8]LV[0xb2]RJ[0xc9]H[0xcc]K[0x8c][0x87][0xf0]t[0x10][0x8a][0x94][0xac][0xc]jck[0x1]<[0xa2]]]>&#x7f;<![CDATA[[0xc3]6[0x0][0x0][0x0]"
16:03:47.843 [ForkJoinPool-1-worker-1] DEBUG org.apache.http.headers - http-outgoing-28 << HTTP/1.1 200 OK
16:03:47.843 [ForkJoinPool-1-worker-1] DEBUG org.apache.http.headers - http-outgoing-28 << Date: Fri, 05 Feb 2021 10:33:47 GMT
16:03:47.843 [ForkJoinPool-1-worker-1] DEBUG org.apache.http.headers - http-outgoing-28 << Content-Type: application/vnd.kafka.v2+json
16:03:47.843 [ForkJoinPool-1-worker-1] DEBUG org.apache.http.headers - http-outgoing-28 << Vary: Accept-Encoding, User-Agent
16:03:47.843 [ForkJoinPool-1-worker-1] DEBUG org.apache.http.headers - http-outgoing-28 << Content-Encoding: gzip
16:03:47.843 [ForkJoinPool-1-worker-1] DEBUG org.apache.http.headers - http-outgoing-28 << Content-Length: 61
16:03:47.843 [ForkJoinPool-1-worker-1] DEBUG org.apache.http.impl.execchain.MainClientExec - Connection can be kept alive indefinitely
16:03:47.843 [ForkJoinPool-1-worker-1] DEBUG org.apache.http.impl.conn.PoolingHttpClientConnectionManager - Connection [id: 28][route: {}->http://192.168.1.62:8082] can be kept alive indefinitely
16:03:47.843 [ForkJoinPool-1-worker-1] DEBUG org.apache.http.impl.conn.DefaultManagedHttpClientConnection - http-outgoing-28: set socket timeout to 0
16:03:47.843 [ForkJoinPool-1-worker-1] DEBUG org.apache.http.impl.conn.PoolingHttpClientConnectionManager - Connection released: [id: 28][route: {}->http://192.168.1.62:8082][total available: 1; route allocated: 1 of 5; total allocated: 1 of 10]
16:03:47.843 [ForkJoinPool-1-worker-1] DEBUG com.intuit.karate - response time in milliseconds: 3.84
1 < 200
1 < Content-Type: application/vnd.kafka.v2+json
1 < Date: Fri, 05 Feb 2021 10:33:47 GMT
1 < Vary: Accept-Encoding, User-Agent
{"partitions":[{"topic":"dhana_topic","partition":0}]}

16:03:47.843 [ForkJoinPool-1-worker-1] DEBUG com.jayway.jsonpath.internal.path.CompiledPath - Evaluating path: $
16:03:47.843 [ForkJoinPool-1-worker-1] INFO com.intuit.karate - [print] {
  "partitions": [
    {
      "partition": 0,
      "topic": "dhana_topic"
    }
  ]
}

16:03:47.843 [ForkJoinPool-1-worker-1] DEBUG com.jayway.jsonpath.internal.path.CompiledPath - Evaluating path: $
16:03:47.843 [ForkJoinPool-1-worker-1] INFO com.intuit.karate - after scenario inside config 
16:03:47.843 [ForkJoinPool-1-worker-1] INFO com.intuit.karate - From karate-config file 
16:03:47.843 [ForkJoinPool-1-worker-1] DEBUG com.jayway.jsonpath.internal.path.CompiledPath - Evaluating path: $
16:03:47.843 [ForkJoinPool-1-worker-1] DEBUG org.apache.http.client.protocol.RequestAddCookies - CookieSpec selected: karate
16:03:47.843 [ForkJoinPool-1-worker-1] DEBUG org.apache.http.client.protocol.RequestAuthCache - Auth cache not set in the context
16:03:47.843 [ForkJoinPool-1-worker-1] DEBUG com.intuit.karate - request:
1 > DELETE http://192.168.1.62:8082/consumers/my-consumer-group/instances/dhanaraju_consumer/subscription
1 > Accept: application/vnd.kafka.v2+json
1 > Accept-Encoding: gzip,deflate
1 > Connection: Keep-Alive
1 > Host: 192.168.1.62:8082
1 > User-Agent: Apache-HttpClient/4.5.12 (Java/1.8.0_251)

16:03:47.843 [ForkJoinPool-1-worker-1] DEBUG org.apache.http.impl.conn.PoolingHttpClientConnectionManager - Connection request: [route: {}->http://192.168.1.62:8082][total available: 0; route allocated: 0 of 5; total allocated: 0 of 10]
16:03:47.843 [ForkJoinPool-1-worker-1] DEBUG org.apache.http.impl.conn.PoolingHttpClientConnectionManager - Connection leased: [id: 29][route: {}->http://192.168.1.62:8082][total available: 0; route allocated: 1 of 5; total allocated: 1 of 10]
16:03:47.843 [ForkJoinPool-1-worker-1] DEBUG org.apache.http.impl.execchain.MainClientExec - Opening connection {}->http://192.168.1.62:8082
16:03:47.843 [ForkJoinPool-1-worker-1] DEBUG org.apache.http.impl.conn.DefaultHttpClientConnectionOperator - Connecting to /192.168.1.62:8082
16:03:47.843 [ForkJoinPool-1-worker-1] DEBUG org.apache.http.impl.conn.DefaultHttpClientConnectionOperator - Connection established 192.168.1.53:62855<->192.168.1.62:8082
16:03:47.843 [ForkJoinPool-1-worker-1] DEBUG org.apache.http.impl.conn.DefaultManagedHttpClientConnection - http-outgoing-29: set socket timeout to 5000
16:03:47.843 [ForkJoinPool-1-worker-1] DEBUG org.apache.http.impl.execchain.MainClientExec - Executing request DELETE /consumers/my-consumer-group/instances/dhanaraju_consumer/subscription HTTP/1.1
16:03:47.843 [ForkJoinPool-1-worker-1] DEBUG org.apache.http.impl.execchain.MainClientExec - Target auth state: UNCHALLENGED
16:03:47.843 [ForkJoinPool-1-worker-1] DEBUG org.apache.http.impl.execchain.MainClientExec - Proxy auth state: UNCHALLENGED
16:03:47.843 [ForkJoinPool-1-worker-1] DEBUG org.apache.http.headers - http-outgoing-29 >> DELETE /consumers/my-consumer-group/instances/dhanaraju_consumer/subscription HTTP/1.1
16:03:47.843 [ForkJoinPool-1-worker-1] DEBUG org.apache.http.headers - http-outgoing-29 >> Accept: application/vnd.kafka.v2+json
16:03:47.843 [ForkJoinPool-1-worker-1] DEBUG org.apache.http.headers - http-outgoing-29 >> Host: 192.168.1.62:8082
16:03:47.843 [ForkJoinPool-1-worker-1] DEBUG org.apache.http.headers - http-outgoing-29 >> Connection: Keep-Alive
16:03:47.843 [ForkJoinPool-1-worker-1] DEBUG org.apache.http.headers - http-outgoing-29 >> User-Agent: Apache-HttpClient/4.5.12 (Java/1.8.0_251)
16:03:47.843 [ForkJoinPool-1-worker-1] DEBUG org.apache.http.headers - http-outgoing-29 >> Accept-Encoding: gzip,deflate
16:03:47.843 [ForkJoinPool-1-worker-1] DEBUG org.apache.http.wire - http-outgoing-29 >> "DELETE /consumers/my-consumer-group/instances/dhanaraju_consumer/subscription HTTP/1.1[\r][\n]"
16:03:47.843 [ForkJoinPool-1-worker-1] DEBUG org.apache.http.wire - http-outgoing-29 >> "Accept: application/vnd.kafka.v2+json[\r][\n]"
16:03:47.843 [ForkJoinPool-1-worker-1] DEBUG org.apache.http.wire - http-outgoing-29 >> "Host: 192.168.1.62:8082[\r][\n]"
16:03:47.843 [ForkJoinPool-1-worker-1] DEBUG org.apache.http.wire - http-outgoing-29 >> "Connection: Keep-Alive[\r][\n]"
16:03:47.843 [ForkJoinPool-1-worker-1] DEBUG org.apache.http.wire - http-outgoing-29 >> "User-Agent: Apache-HttpClient/4.5.12 (Java/1.8.0_251)[\r][\n]"
16:03:47.843 [ForkJoinPool-1-worker-1] DEBUG org.apache.http.wire - http-outgoing-29 >> "Accept-Encoding: gzip,deflate[\r][\n]"
16:03:47.843 [ForkJoinPool-1-worker-1] DEBUG org.apache.http.wire - http-outgoing-29 >> "[\r][\n]"
16:03:47.843 [ForkJoinPool-1-worker-1] DEBUG org.apache.http.wire - http-outgoing-29 << "HTTP/1.1 204 No Content[\r][\n]"
16:03:47.859 [ForkJoinPool-1-worker-1] DEBUG org.apache.http.wire - http-outgoing-29 << "Date: Fri, 05 Feb 2021 10:33:47 GMT[\r][\n]"
16:03:47.859 [ForkJoinPool-1-worker-1] DEBUG org.apache.http.wire - http-outgoing-29 << "[\r][\n]"
16:03:47.859 [ForkJoinPool-1-worker-1] DEBUG org.apache.http.headers - http-outgoing-29 << HTTP/1.1 204 No Content
16:03:47.859 [ForkJoinPool-1-worker-1] DEBUG org.apache.http.headers - http-outgoing-29 << Date: Fri, 05 Feb 2021 10:33:47 GMT
16:03:47.859 [ForkJoinPool-1-worker-1] DEBUG org.apache.http.impl.execchain.MainClientExec - Connection can be kept alive indefinitely
16:03:47.859 [ForkJoinPool-1-worker-1] DEBUG org.apache.http.impl.conn.PoolingHttpClientConnectionManager - Connection [id: 29][route: {}->http://192.168.1.62:8082] can be kept alive indefinitely
16:03:47.859 [ForkJoinPool-1-worker-1] DEBUG org.apache.http.impl.conn.DefaultManagedHttpClientConnection - http-outgoing-29: set socket timeout to 0
16:03:47.859 [ForkJoinPool-1-worker-1] DEBUG org.apache.http.impl.conn.PoolingHttpClientConnectionManager - Connection released: [id: 29][route: {}->http://192.168.1.62:8082][total available: 1; route allocated: 1 of 5; total allocated: 1 of 10]
16:03:47.859 [ForkJoinPool-1-worker-1] DEBUG com.intuit.karate - response time in milliseconds: 4.97
1 < 204
1 < Date: Fri, 05 Feb 2021 10:33:47 GMT

16:03:47.859 [ForkJoinPool-1-worker-1] INFO com.intuit.karate - after scenario inside config 
16:03:47.859 [ForkJoinPool-1-worker-1] INFO com.intuit.karate - From karate-config file 
16:03:47.859 [ForkJoinPool-1-worker-1] DEBUG com.jayway.jsonpath.internal.path.CompiledPath - Evaluating path: $
16:03:47.859 [ForkJoinPool-1-worker-1] DEBUG org.apache.http.client.protocol.RequestAddCookies - CookieSpec selected: karate
16:03:47.859 [ForkJoinPool-1-worker-1] DEBUG org.apache.http.client.protocol.RequestAuthCache - Auth cache not set in the context
16:03:47.859 [ForkJoinPool-1-worker-1] DEBUG com.intuit.karate - request:
1 > DELETE http://192.168.1.62:8082/consumers/my-consumer-group/instances/dhanaraju_consumer
1 > Accept: application/vnd.kafka.v2+json
1 > Accept-Encoding: gzip,deflate
1 > Connection: Keep-Alive
1 > Host: 192.168.1.62:8082
1 > User-Agent: Apache-HttpClient/4.5.12 (Java/1.8.0_251)

16:03:47.859 [ForkJoinPool-1-worker-1] DEBUG org.apache.http.impl.conn.PoolingHttpClientConnectionManager - Connection request: [route: {}->http://192.168.1.62:8082][total available: 0; route allocated: 0 of 5; total allocated: 0 of 10]
16:03:47.859 [ForkJoinPool-1-worker-1] DEBUG org.apache.http.impl.conn.PoolingHttpClientConnectionManager - Connection leased: [id: 30][route: {}->http://192.168.1.62:8082][total available: 0; route allocated: 1 of 5; total allocated: 1 of 10]
16:03:47.859 [ForkJoinPool-1-worker-1] DEBUG org.apache.http.impl.execchain.MainClientExec - Opening connection {}->http://192.168.1.62:8082
16:03:47.859 [ForkJoinPool-1-worker-1] DEBUG org.apache.http.impl.conn.DefaultHttpClientConnectionOperator - Connecting to /192.168.1.62:8082
16:03:47.859 [ForkJoinPool-1-worker-1] DEBUG org.apache.http.impl.conn.DefaultHttpClientConnectionOperator - Connection established 192.168.1.53:62856<->192.168.1.62:8082
16:03:47.859 [ForkJoinPool-1-worker-1] DEBUG org.apache.http.impl.conn.DefaultManagedHttpClientConnection - http-outgoing-30: set socket timeout to 5000
16:03:47.859 [ForkJoinPool-1-worker-1] DEBUG org.apache.http.impl.execchain.MainClientExec - Executing request DELETE /consumers/my-consumer-group/instances/dhanaraju_consumer HTTP/1.1
16:03:47.859 [ForkJoinPool-1-worker-1] DEBUG org.apache.http.impl.execchain.MainClientExec - Target auth state: UNCHALLENGED
16:03:47.859 [ForkJoinPool-1-worker-1] DEBUG org.apache.http.impl.execchain.MainClientExec - Proxy auth state: UNCHALLENGED
16:03:47.859 [ForkJoinPool-1-worker-1] DEBUG org.apache.http.headers - http-outgoing-30 >> DELETE /consumers/my-consumer-group/instances/dhanaraju_consumer HTTP/1.1
16:03:47.859 [ForkJoinPool-1-worker-1] DEBUG org.apache.http.headers - http-outgoing-30 >> Accept: application/vnd.kafka.v2+json
16:03:47.859 [ForkJoinPool-1-worker-1] DEBUG org.apache.http.headers - http-outgoing-30 >> Host: 192.168.1.62:8082
16:03:47.859 [ForkJoinPool-1-worker-1] DEBUG org.apache.http.headers - http-outgoing-30 >> Connection: Keep-Alive
16:03:47.859 [ForkJoinPool-1-worker-1] DEBUG org.apache.http.headers - http-outgoing-30 >> User-Agent: Apache-HttpClient/4.5.12 (Java/1.8.0_251)
16:03:47.859 [ForkJoinPool-1-worker-1] DEBUG org.apache.http.headers - http-outgoing-30 >> Accept-Encoding: gzip,deflate
16:03:47.859 [ForkJoinPool-1-worker-1] DEBUG org.apache.http.wire - http-outgoing-30 >> "DELETE /consumers/my-consumer-group/instances/dhanaraju_consumer HTTP/1.1[\r][\n]"
16:03:47.859 [ForkJoinPool-1-worker-1] DEBUG org.apache.http.wire - http-outgoing-30 >> "Accept: application/vnd.kafka.v2+json[\r][\n]"
16:03:47.859 [ForkJoinPool-1-worker-1] DEBUG org.apache.http.wire - http-outgoing-30 >> "Host: 192.168.1.62:8082[\r][\n]"
16:03:47.859 [ForkJoinPool-1-worker-1] DEBUG org.apache.http.wire - http-outgoing-30 >> "Connection: Keep-Alive[\r][\n]"
16:03:47.859 [ForkJoinPool-1-worker-1] DEBUG org.apache.http.wire - http-outgoing-30 >> "User-Agent: Apache-HttpClient/4.5.12 (Java/1.8.0_251)[\r][\n]"
16:03:47.859 [ForkJoinPool-1-worker-1] DEBUG org.apache.http.wire - http-outgoing-30 >> "Accept-Encoding: gzip,deflate[\r][\n]"
16:03:47.859 [ForkJoinPool-1-worker-1] DEBUG org.apache.http.wire - http-outgoing-30 >> "[\r][\n]"
16:03:47.859 [ForkJoinPool-1-worker-1] DEBUG org.apache.http.wire - http-outgoing-30 << "HTTP/1.1 204 No Content[\r][\n]"
16:03:47.859 [ForkJoinPool-1-worker-1] DEBUG org.apache.http.wire - http-outgoing-30 << "Date: Fri, 05 Feb 2021 10:33:47 GMT[\r][\n]"
16:03:47.859 [ForkJoinPool-1-worker-1] DEBUG org.apache.http.wire - http-outgoing-30 << "[\r][\n]"
16:03:47.859 [ForkJoinPool-1-worker-1] DEBUG org.apache.http.headers - http-outgoing-30 << HTTP/1.1 204 No Content
16:03:47.859 [ForkJoinPool-1-worker-1] DEBUG org.apache.http.headers - http-outgoing-30 << Date: Fri, 05 Feb 2021 10:33:47 GMT
16:03:47.859 [ForkJoinPool-1-worker-1] DEBUG org.apache.http.impl.execchain.MainClientExec - Connection can be kept alive indefinitely
16:03:47.859 [ForkJoinPool-1-worker-1] DEBUG org.apache.http.impl.conn.PoolingHttpClientConnectionManager - Connection [id: 30][route: {}->http://192.168.1.62:8082] can be kept alive indefinitely
16:03:47.859 [ForkJoinPool-1-worker-1] DEBUG org.apache.http.impl.conn.DefaultManagedHttpClientConnection - http-outgoing-30: set socket timeout to 0
16:03:47.859 [ForkJoinPool-1-worker-1] DEBUG org.apache.http.impl.conn.PoolingHttpClientConnectionManager - Connection released: [id: 30][route: {}->http://192.168.1.62:8082][total available: 1; route allocated: 1 of 5; total allocated: 1 of 10]
16:03:47.859 [ForkJoinPool-1-worker-1] DEBUG com.intuit.karate - response time in milliseconds: 3.52
1 < 204
1 < Date: Fri, 05 Feb 2021 10:33:47 GMT

16:03:47.859 [ForkJoinPool-1-worker-1] INFO com.intuit.karate - after scenario inside config 
16:03:47.859 [ForkJoinPool-1-worker-1] INFO com.intuit.karate - From karate-config file 
16:03:47.859 [ForkJoinPool-1-worker-1] DEBUG com.jayway.jsonpath.internal.path.CompiledPath - Evaluating path: $
16:03:47.859 [ForkJoinPool-1-worker-1] DEBUG org.apache.http.client.protocol.RequestAddCookies - CookieSpec selected: karate
16:03:47.859 [ForkJoinPool-1-worker-1] DEBUG org.apache.http.client.protocol.RequestAuthCache - Auth cache not set in the context
16:03:47.859 [ForkJoinPool-1-worker-1] DEBUG com.intuit.karate - request:
1 > DELETE http://192.168.1.62:8082/consumers/my-consumer-group/instances/dhanaraju_consumer
1 > Accept: application/vnd.kafka.v2+json
1 > Accept-Encoding: gzip,deflate
1 > Connection: Keep-Alive
1 > Host: 192.168.1.62:8082
1 > User-Agent: Apache-HttpClient/4.5.12 (Java/1.8.0_251)

16:03:47.859 [ForkJoinPool-1-worker-1] DEBUG org.apache.http.impl.conn.PoolingHttpClientConnectionManager - Connection request: [route: {}->http://192.168.1.62:8082][total available: 0; route allocated: 0 of 5; total allocated: 0 of 10]
16:03:47.859 [ForkJoinPool-1-worker-1] DEBUG org.apache.http.impl.conn.PoolingHttpClientConnectionManager - Connection leased: [id: 31][route: {}->http://192.168.1.62:8082][total available: 0; route allocated: 1 of 5; total allocated: 1 of 10]
16:03:47.859 [ForkJoinPool-1-worker-1] DEBUG org.apache.http.impl.execchain.MainClientExec - Opening connection {}->http://192.168.1.62:8082
16:03:47.859 [ForkJoinPool-1-worker-1] DEBUG org.apache.http.impl.conn.DefaultHttpClientConnectionOperator - Connecting to /192.168.1.62:8082
16:03:47.859 [ForkJoinPool-1-worker-1] DEBUG org.apache.http.impl.conn.DefaultHttpClientConnectionOperator - Connection established 192.168.1.53:62857<->192.168.1.62:8082
16:03:47.859 [ForkJoinPool-1-worker-1] DEBUG org.apache.http.impl.conn.DefaultManagedHttpClientConnection - http-outgoing-31: set socket timeout to 5000
16:03:47.859 [ForkJoinPool-1-worker-1] DEBUG org.apache.http.impl.execchain.MainClientExec - Executing request DELETE /consumers/my-consumer-group/instances/dhanaraju_consumer HTTP/1.1
16:03:47.859 [ForkJoinPool-1-worker-1] DEBUG org.apache.http.impl.execchain.MainClientExec - Target auth state: UNCHALLENGED
16:03:47.859 [ForkJoinPool-1-worker-1] DEBUG org.apache.http.impl.execchain.MainClientExec - Proxy auth state: UNCHALLENGED
16:03:47.859 [ForkJoinPool-1-worker-1] DEBUG org.apache.http.headers - http-outgoing-31 >> DELETE /consumers/my-consumer-group/instances/dhanaraju_consumer HTTP/1.1
16:03:47.859 [ForkJoinPool-1-worker-1] DEBUG org.apache.http.headers - http-outgoing-31 >> Accept: application/vnd.kafka.v2+json
16:03:47.859 [ForkJoinPool-1-worker-1] DEBUG org.apache.http.headers - http-outgoing-31 >> Host: 192.168.1.62:8082
16:03:47.859 [ForkJoinPool-1-worker-1] DEBUG org.apache.http.headers - http-outgoing-31 >> Connection: Keep-Alive
16:03:47.859 [ForkJoinPool-1-worker-1] DEBUG org.apache.http.headers - http-outgoing-31 >> User-Agent: Apache-HttpClient/4.5.12 (Java/1.8.0_251)
16:03:47.859 [ForkJoinPool-1-worker-1] DEBUG org.apache.http.headers - http-outgoing-31 >> Accept-Encoding: gzip,deflate
16:03:47.859 [ForkJoinPool-1-worker-1] DEBUG org.apache.http.wire - http-outgoing-31 >> "DELETE /consumers/my-consumer-group/instances/dhanaraju_consumer HTTP/1.1[\r][\n]"
16:03:47.859 [ForkJoinPool-1-worker-1] DEBUG org.apache.http.wire - http-outgoing-31 >> "Accept: application/vnd.kafka.v2+json[\r][\n]"
16:03:47.859 [ForkJoinPool-1-worker-1] DEBUG org.apache.http.wire - http-outgoing-31 >> "Host: 192.168.1.62:8082[\r][\n]"
16:03:47.859 [ForkJoinPool-1-worker-1] DEBUG org.apache.http.wire - http-outgoing-31 >> "Connection: Keep-Alive[\r][\n]"
16:03:47.859 [ForkJoinPool-1-worker-1] DEBUG org.apache.http.wire - http-outgoing-31 >> "User-Agent: Apache-HttpClient/4.5.12 (Java/1.8.0_251)[\r][\n]"
16:03:47.859 [ForkJoinPool-1-worker-1] DEBUG org.apache.http.wire - http-outgoing-31 >> "Accept-Encoding: gzip,deflate[\r][\n]"
16:03:47.859 [ForkJoinPool-1-worker-1] DEBUG org.apache.http.wire - http-outgoing-31 >> "[\r][\n]"
16:03:47.874 [ForkJoinPool-1-worker-1] DEBUG org.apache.http.wire - http-outgoing-31 << "HTTP/1.1 404 Not Found[\r][\n]"
16:03:47.874 [ForkJoinPool-1-worker-1] DEBUG org.apache.http.wire - http-outgoing-31 << "Date: Fri, 05 Feb 2021 10:33:47 GMT[\r][\n]"
16:03:47.874 [ForkJoinPool-1-worker-1] DEBUG org.apache.http.wire - http-outgoing-31 << "Content-Type: application/vnd.kafka.v2+json[\r][\n]"
16:03:47.874 [ForkJoinPool-1-worker-1] DEBUG org.apache.http.wire - http-outgoing-31 << "Content-Length: 61[\r][\n]"
16:03:47.874 [ForkJoinPool-1-worker-1] DEBUG org.apache.http.wire - http-outgoing-31 << "[\r][\n]"
16:03:47.874 [ForkJoinPool-1-worker-1] DEBUG org.apache.http.wire - http-outgoing-31 << "{"error_code":40403,"message":"Consumer instance not found."}"
16:03:47.874 [ForkJoinPool-1-worker-1] DEBUG org.apache.http.headers - http-outgoing-31 << HTTP/1.1 404 Not Found
16:03:47.874 [ForkJoinPool-1-worker-1] DEBUG org.apache.http.headers - http-outgoing-31 << Date: Fri, 05 Feb 2021 10:33:47 GMT
16:03:47.874 [ForkJoinPool-1-worker-1] DEBUG org.apache.http.headers - http-outgoing-31 << Content-Type: application/vnd.kafka.v2+json
16:03:47.874 [ForkJoinPool-1-worker-1] DEBUG org.apache.http.headers - http-outgoing-31 << Content-Length: 61
16:03:47.874 [ForkJoinPool-1-worker-1] DEBUG org.apache.http.impl.execchain.MainClientExec - Connection can be kept alive indefinitely
16:03:47.874 [ForkJoinPool-1-worker-1] DEBUG org.apache.http.impl.conn.PoolingHttpClientConnectionManager - Connection [id: 31][route: {}->http://192.168.1.62:8082] can be kept alive indefinitely
16:03:47.874 [ForkJoinPool-1-worker-1] DEBUG org.apache.http.impl.conn.DefaultManagedHttpClientConnection - http-outgoing-31: set socket timeout to 0
16:03:47.874 [ForkJoinPool-1-worker-1] DEBUG org.apache.http.impl.conn.PoolingHttpClientConnectionManager - Connection released: [id: 31][route: {}->http://192.168.1.62:8082][total available: 1; route allocated: 1 of 5; total allocated: 1 of 10]
16:03:47.874 [ForkJoinPool-1-worker-1] DEBUG com.intuit.karate - response time in milliseconds: 2.82
1 < 404
1 < Content-Length: 61
1 < Content-Type: application/vnd.kafka.v2+json
1 < Date: Fri, 05 Feb 2021 10:33:47 GMT
{"error_code":40403,"message":"Consumer instance not found."}

16:03:47.874 [ForkJoinPool-1-worker-1] DEBUG com.jayway.jsonpath.internal.path.CompiledPath - Evaluating path: $
16:03:47.874 [ForkJoinPool-1-worker-1] INFO com.intuit.karate - after scenario inside config 
16:03:47.874 [pool-1-thread-1] INFO com.intuit.karate.Runner - <<pass>> feature 24 of 26: classpath:featurefiles/KarateTestSuite-22_Kafka_3.feature
---------------------------------------------------------
feature: classpath:featurefiles/KarateTestSuite-22_Kafka_3.feature
report: build\surefire-reports\featurefiles.KarateTestSuite-22_Kafka_3.json
scenarios:  8 | passed:  8 | failed:  0 | time: 1.0802
---------------------------------------------------------
16:03:47.874 [ForkJoinPool-1-worker-1] INFO com.intuit.karate - From karate-config file 
16:03:47.874 [ForkJoinPool-1-worker-1] DEBUG com.jayway.jsonpath.internal.path.CompiledPath - Evaluating path: $
16:03:47.874 [ForkJoinPool-1-worker-1] DEBUG org.apache.http.client.protocol.RequestAddCookies - CookieSpec selected: karate
16:03:47.874 [ForkJoinPool-1-worker-1] DEBUG org.apache.http.client.protocol.RequestAuthCache - Auth cache not set in the context
16:03:47.874 [ForkJoinPool-1-worker-1] DEBUG com.intuit.karate - request:
1 > GET https://reqres.in/api/users%3Fpage=2
1 > Accept-Encoding: gzip,deflate
1 > Connection: Keep-Alive
1 > Host: reqres.in
1 > User-Agent: Apache-HttpClient/4.5.12 (Java/1.8.0_251)

16:03:47.874 [ForkJoinPool-1-worker-1] DEBUG org.apache.http.impl.conn.PoolingHttpClientConnectionManager - Connection request: [route: {s}->https://reqres.in:443][total available: 0; route allocated: 0 of 5; total allocated: 0 of 10]
16:03:47.874 [ForkJoinPool-1-worker-1] DEBUG org.apache.http.impl.conn.PoolingHttpClientConnectionManager - Connection leased: [id: 32][route: {s}->https://reqres.in:443][total available: 0; route allocated: 1 of 5; total allocated: 1 of 10]
16:03:47.874 [ForkJoinPool-1-worker-1] DEBUG org.apache.http.impl.execchain.MainClientExec - Opening connection {s}->https://reqres.in:443
16:03:47.874 [ForkJoinPool-1-worker-1] DEBUG org.apache.http.impl.conn.DefaultHttpClientConnectionOperator - Connecting to reqres.in/104.21.59.93:443
16:03:47.874 [ForkJoinPool-1-worker-1] DEBUG org.apache.http.conn.ssl.SSLConnectionSocketFactory - Connecting socket to reqres.in/104.21.59.93:443 with timeout 5000
16:03:47.921 [ForkJoinPool-1-worker-1] DEBUG org.apache.http.conn.ssl.SSLConnectionSocketFactory - Enabled protocols: [TLSv1, TLSv1.1, TLSv1.2]
16:03:47.921 [ForkJoinPool-1-worker-1] DEBUG org.apache.http.conn.ssl.SSLConnectionSocketFactory - Enabled cipher suites:[TLS_ECDHE_ECDSA_WITH_AES_256_CBC_SHA384, TLS_ECDHE_RSA_WITH_AES_256_CBC_SHA384, TLS_RSA_WITH_AES_256_CBC_SHA256, TLS_ECDH_ECDSA_WITH_AES_256_CBC_SHA384, TLS_ECDH_RSA_WITH_AES_256_CBC_SHA384, TLS_DHE_RSA_WITH_AES_256_CBC_SHA256, TLS_DHE_DSS_WITH_AES_256_CBC_SHA256, TLS_ECDHE_ECDSA_WITH_AES_256_CBC_SHA, TLS_ECDHE_RSA_WITH_AES_256_CBC_SHA, TLS_RSA_WITH_AES_256_CBC_SHA, TLS_ECDH_ECDSA_WITH_AES_256_CBC_SHA, TLS_ECDH_RSA_WITH_AES_256_CBC_SHA, TLS_DHE_RSA_WITH_AES_256_CBC_SHA, TLS_DHE_DSS_WITH_AES_256_CBC_SHA, TLS_ECDHE_ECDSA_WITH_AES_128_CBC_SHA256, TLS_ECDHE_RSA_WITH_AES_128_CBC_SHA256, TLS_RSA_WITH_AES_128_CBC_SHA256, TLS_ECDH_ECDSA_WITH_AES_128_CBC_SHA256, TLS_ECDH_RSA_WITH_AES_128_CBC_SHA256, TLS_DHE_RSA_WITH_AES_128_CBC_SHA256, TLS_DHE_DSS_WITH_AES_128_CBC_SHA256, TLS_ECDHE_ECDSA_WITH_AES_128_CBC_SHA, TLS_ECDHE_RSA_WITH_AES_128_CBC_SHA, TLS_RSA_WITH_AES_128_CBC_SHA, TLS_ECDH_ECDSA_WITH_AES_128_CBC_SHA, TLS_ECDH_RSA_WITH_AES_128_CBC_SHA, TLS_DHE_RSA_WITH_AES_128_CBC_SHA, TLS_DHE_DSS_WITH_AES_128_CBC_SHA, TLS_ECDHE_ECDSA_WITH_AES_256_GCM_SHA384, TLS_ECDHE_ECDSA_WITH_AES_128_GCM_SHA256, TLS_ECDHE_RSA_WITH_AES_256_GCM_SHA384, TLS_RSA_WITH_AES_256_GCM_SHA384, TLS_ECDH_ECDSA_WITH_AES_256_GCM_SHA384, TLS_ECDH_RSA_WITH_AES_256_GCM_SHA384, TLS_DHE_RSA_WITH_AES_256_GCM_SHA384, TLS_DHE_DSS_WITH_AES_256_GCM_SHA384, TLS_ECDHE_RSA_WITH_AES_128_GCM_SHA256, TLS_RSA_WITH_AES_128_GCM_SHA256, TLS_ECDH_ECDSA_WITH_AES_128_GCM_SHA256, TLS_ECDH_RSA_WITH_AES_128_GCM_SHA256, TLS_DHE_RSA_WITH_AES_128_GCM_SHA256, TLS_DHE_DSS_WITH_AES_128_GCM_SHA256, TLS_EMPTY_RENEGOTIATION_INFO_SCSV]
16:03:47.921 [ForkJoinPool-1-worker-1] DEBUG org.apache.http.conn.ssl.SSLConnectionSocketFactory - Starting handshake
16:03:47.984 [ForkJoinPool-1-worker-1] DEBUG org.apache.http.conn.ssl.SSLConnectionSocketFactory - Secure session established
16:03:47.984 [ForkJoinPool-1-worker-1] DEBUG org.apache.http.conn.ssl.SSLConnectionSocketFactory -  negotiated protocol: TLSv1.2
16:03:47.984 [ForkJoinPool-1-worker-1] DEBUG org.apache.http.conn.ssl.SSLConnectionSocketFactory -  negotiated cipher suite: TLS_ECDHE_ECDSA_WITH_AES_128_GCM_SHA256
16:03:47.984 [ForkJoinPool-1-worker-1] DEBUG org.apache.http.conn.ssl.SSLConnectionSocketFactory -  peer principal: CN=sni.cloudflaressl.com, O="Cloudflare, Inc.", L=San Francisco, ST=CA, C=US
16:03:47.984 [ForkJoinPool-1-worker-1] DEBUG org.apache.http.conn.ssl.SSLConnectionSocketFactory -  peer alternative names: [reqres.in, sni.cloudflaressl.com, *.reqres.in]
16:03:47.984 [ForkJoinPool-1-worker-1] DEBUG org.apache.http.conn.ssl.SSLConnectionSocketFactory -  issuer principal: CN=Cloudflare Inc ECC CA-3, O="Cloudflare, Inc.", C=US
16:03:47.984 [ForkJoinPool-1-worker-1] DEBUG org.apache.http.impl.conn.DefaultHttpClientConnectionOperator - Connection established 192.168.1.53:62858<->104.21.59.93:443
16:03:47.984 [ForkJoinPool-1-worker-1] DEBUG org.apache.http.impl.conn.DefaultManagedHttpClientConnection - http-outgoing-32: set socket timeout to 5000
16:03:47.984 [ForkJoinPool-1-worker-1] DEBUG org.apache.http.impl.execchain.MainClientExec - Executing request GET /api/users%3Fpage=2 HTTP/1.1
16:03:47.984 [ForkJoinPool-1-worker-1] DEBUG org.apache.http.impl.execchain.MainClientExec - Target auth state: UNCHALLENGED
16:03:47.984 [ForkJoinPool-1-worker-1] DEBUG org.apache.http.impl.execchain.MainClientExec - Proxy auth state: UNCHALLENGED
16:03:47.984 [ForkJoinPool-1-worker-1] DEBUG org.apache.http.headers - http-outgoing-32 >> GET /api/users%3Fpage=2 HTTP/1.1
16:03:47.984 [ForkJoinPool-1-worker-1] DEBUG org.apache.http.headers - http-outgoing-32 >> Host: reqres.in
16:03:47.984 [ForkJoinPool-1-worker-1] DEBUG org.apache.http.headers - http-outgoing-32 >> Connection: Keep-Alive
16:03:47.984 [ForkJoinPool-1-worker-1] DEBUG org.apache.http.headers - http-outgoing-32 >> User-Agent: Apache-HttpClient/4.5.12 (Java/1.8.0_251)
16:03:47.984 [ForkJoinPool-1-worker-1] DEBUG org.apache.http.headers - http-outgoing-32 >> Accept-Encoding: gzip,deflate
16:03:47.984 [ForkJoinPool-1-worker-1] DEBUG org.apache.http.wire - http-outgoing-32 >> "GET /api/users%3Fpage=2 HTTP/1.1[\r][\n]"
16:03:47.984 [ForkJoinPool-1-worker-1] DEBUG org.apache.http.wire - http-outgoing-32 >> "Host: reqres.in[\r][\n]"
16:03:47.984 [ForkJoinPool-1-worker-1] DEBUG org.apache.http.wire - http-outgoing-32 >> "Connection: Keep-Alive[\r][\n]"
16:03:47.984 [ForkJoinPool-1-worker-1] DEBUG org.apache.http.wire - http-outgoing-32 >> "User-Agent: Apache-HttpClient/4.5.12 (Java/1.8.0_251)[\r][\n]"
16:03:47.984 [ForkJoinPool-1-worker-1] DEBUG org.apache.http.wire - http-outgoing-32 >> "Accept-Encoding: gzip,deflate[\r][\n]"
16:03:47.984 [ForkJoinPool-1-worker-1] DEBUG org.apache.http.wire - http-outgoing-32 >> "[\r][\n]"
16:03:48.046 [ForkJoinPool-1-worker-1] DEBUG org.apache.http.wire - http-outgoing-32 << "HTTP/1.1 200 OK[\r][\n]"
16:03:48.046 [ForkJoinPool-1-worker-1] DEBUG org.apache.http.wire - http-outgoing-32 << "Date: Fri, 05 Feb 2021 10:33:48 GMT[\r][\n]"
16:03:48.046 [ForkJoinPool-1-worker-1] DEBUG org.apache.http.wire - http-outgoing-32 << "Content-Type: application/json; charset=utf-8[\r][\n]"
16:03:48.046 [ForkJoinPool-1-worker-1] DEBUG org.apache.http.wire - http-outgoing-32 << "Transfer-Encoding: chunked[\r][\n]"
16:03:48.046 [ForkJoinPool-1-worker-1] DEBUG org.apache.http.wire - http-outgoing-32 << "Connection: keep-alive[\r][\n]"
16:03:48.046 [ForkJoinPool-1-worker-1] DEBUG org.apache.http.wire - http-outgoing-32 << "Set-Cookie: __cfduid=d53861f3c8218e45961290d67e01d480a1612521228; expires=Sun, 07-Mar-21 10:33:48 GMT; path=/; domain=.reqres.in; HttpOnly; SameSite=Lax; Secure[\r][\n]"
16:03:48.046 [ForkJoinPool-1-worker-1] DEBUG org.apache.http.wire - http-outgoing-32 << "X-Powered-By: Express[\r][\n]"
16:03:48.046 [ForkJoinPool-1-worker-1] DEBUG org.apache.http.wire - http-outgoing-32 << "Access-Control-Allow-Origin: *[\r][\n]"
16:03:48.046 [ForkJoinPool-1-worker-1] DEBUG org.apache.http.wire - http-outgoing-32 << "Etag: W/"2c1-N6Rqerxquq2kgQhL51EiSg4x0R8"[\r][\n]"
16:03:48.046 [ForkJoinPool-1-worker-1] DEBUG org.apache.http.wire - http-outgoing-32 << "Via: 1.1 vegur[\r][\n]"
16:03:48.046 [ForkJoinPool-1-worker-1] DEBUG org.apache.http.wire - http-outgoing-32 << "Cache-Control: max-age=14400[\r][\n]"
16:03:48.046 [ForkJoinPool-1-worker-1] DEBUG org.apache.http.wire - http-outgoing-32 << "CF-Cache-Status: HIT[\r][\n]"
16:03:48.046 [ForkJoinPool-1-worker-1] DEBUG org.apache.http.wire - http-outgoing-32 << "Age: 7163[\r][\n]"
16:03:48.046 [ForkJoinPool-1-worker-1] DEBUG org.apache.http.wire - http-outgoing-32 << "cf-request-id: 08135a5f450000ddc33b2ab000000001[\r][\n]"
16:03:48.046 [ForkJoinPool-1-worker-1] DEBUG org.apache.http.wire - http-outgoing-32 << "Expect-CT: max-age=604800, report-uri="https://report-uri.cloudflare.com/cdn-cgi/beacon/expect-ct"[\r][\n]"
16:03:48.046 [ForkJoinPool-1-worker-1] DEBUG org.apache.http.wire - http-outgoing-32 << "Report-To: {"group":"cf-nel","endpoints":[{"url":"https:\/\/a.nel.cloudflare.com\/report?s=MA1feoNH71B8z%2FAHs4ft9bRM0OnPjuLjkb6GJrdD5IyfQHaTIpi%2FuWuwF4zjvPcRgeNWi3mcGMmTZjetNum1FN93cUtt84aPh0A%3D"}],"max_age":604800}[\r][\n]"
16:03:48.046 [ForkJoinPool-1-worker-1] DEBUG org.apache.http.wire - http-outgoing-32 << "NEL: {"report_to":"cf-nel","max_age":604800}[\r][\n]"
16:03:48.046 [ForkJoinPool-1-worker-1] DEBUG org.apache.http.wire - http-outgoing-32 << "Vary: Accept-Encoding[\r][\n]"
16:03:48.046 [ForkJoinPool-1-worker-1] DEBUG org.apache.http.wire - http-outgoing-32 << "Server: cloudflare[\r][\n]"
16:03:48.046 [ForkJoinPool-1-worker-1] DEBUG org.apache.http.wire - http-outgoing-32 << "CF-RAY: 61cbf9abae37ddc3-SIN[\r][\n]"
16:03:48.046 [ForkJoinPool-1-worker-1] DEBUG org.apache.http.wire - http-outgoing-32 << "Content-Encoding: gzip[\r][\n]"
16:03:48.046 [ForkJoinPool-1-worker-1] DEBUG org.apache.http.wire - http-outgoing-32 << "[\r][\n]"
16:03:48.046 [ForkJoinPool-1-worker-1] DEBUG org.apache.http.wire - http-outgoing-32 << "170[\r][\n]"
16:03:48.046 [ForkJoinPool-1-worker-1] DEBUG org.apache.http.wire - http-outgoing-32 << "[0x1f][0x8b][0x8][0x0][0x0][0x0][0x0][0x0][0x0][0x3]m[0xd1][0xcd]n[0xdb]0[0xc][0x7][0xf0]W[0xd1][0xd8][0xab][0xbc]X[0xb2]l'[0xba]5Y[0xf6][0x0]Eo[0xc5]P[0xb0]6[0x9b][0x8][0xf5],[0x85][0x92][0xba][0x15]A[0xde][0xbd][0xe8][0x7]\[0x17][0xf0]M[0x82][0xf8][0xff][0x81][0x14][0xcf][0x10][0xf0]@`[0x95][0x84]@|[0xff]qi$$[0x9f]p[0x0][0xab][0xf4][0xe7][0xf1][0xfd]%[0x82][0xd5][0x12]zL[0x8][0xf6][0xee][0xc][0xae]]]>&#x7f;<![CDATA[[0xcf][0x8d][0xf8][0x97][0xc0]BG[0x9c][0x7][0xc2][0x11]$[0xbc][0x10]2X][0x96][0xa5][0x84][0xce][0xf][0x9e][0xc1][0xc2][0xd5]f[0xbd][0xd5][0xbf][0x14]H[0x8]8&?[0xd2][0xfd]3[0xe][0xf9]-[0xa8][0xea][0xc2][0x94][0xba][0x84][0x8b][0xfc] [0xf5]D>[0xe6][0xee][0x18][0x1d][\n]"
16:03:48.046 [ForkJoinPool-1-worker-1] DEBUG org.apache.http.wire - http-outgoing-32 << "[0xf6][0x91][0xe6][0xac][0x9a][0xb1][0xbb][0xd6]Tm[0xbd][0xc4][0xb6][0x85].+5[0xb1][0xd5][0xc4]&[0xce]$[0x98][0xfa]9[0xa9]g[0xe4][0xf6][0xb7][0xda]Tz[0x89][0xdc][0x14][0xaa]i[0xcc]D[0x9a][0x89][0xc4]SF[0x11][0x9f]^[0xe6]d5#[0xdb][0xed][0xce][0xec][0xcc][0x12]i[\n]"
16:03:48.046 [ForkJoinPool-1-worker-1] DEBUG org.apache.http.wire - http-outgoing-32 << "[0xb3]V_][0xd6]_][0xba][0x3][0xf1][0xe0][0x86]o[0xa6][0x99][0x99]{][0xaf][0xab][0xfd][0xf2][0xe4][0xca][0xd4][0xcd]d6[0x93][0xf9]0d[0x12])[0xf3]){[0xf7][0xfd]K[0xeb][0x19]\W[0xdb][0xf2]z[0xbf][0xbc][0xa9]Z[0xab][0x16].]]>&#x7f;<![CDATA[$[0xc4][0x1c][0x82][0xe7][0x4][0xf6][0xc][0x99][0x7][0xb0]pL)D[0xbb]Z1[0x9d][0x98][0xe2]O7[0xae][0xae]>k[0x8a]#a[0xef][0xc6][0x3]HH[0xf4]?[0x81][0x85][/[0x9e][0x88][0x82][0xb8][0xa1][0xd3][\r]E[0xf1][0xc8]DRt~L[0xec][0x1e]rr~[0x8c]"[0xf9]]]>&#x7f;<![CDATA[[0xc8]}[0x14][0x91][0xf8][0x99]Xt>[0xa6]([0x90]I`[0x8]L[0x9d][0xc3]D[0xfd][0xf][0xb8]\"
16:03:48.046 [ForkJoinPool-1-worker-1] DEBUG org.apache.http.headers - http-outgoing-32 << HTTP/1.1 200 OK
16:03:48.046 [ForkJoinPool-1-worker-1] DEBUG org.apache.http.headers - http-outgoing-32 << Date: Fri, 05 Feb 2021 10:33:48 GMT
16:03:48.046 [ForkJoinPool-1-worker-1] DEBUG org.apache.http.headers - http-outgoing-32 << Content-Type: application/json; charset=utf-8
16:03:48.046 [ForkJoinPool-1-worker-1] DEBUG org.apache.http.headers - http-outgoing-32 << Transfer-Encoding: chunked
16:03:48.046 [ForkJoinPool-1-worker-1] DEBUG org.apache.http.headers - http-outgoing-32 << Connection: keep-alive
16:03:48.046 [ForkJoinPool-1-worker-1] DEBUG org.apache.http.headers - http-outgoing-32 << Set-Cookie: __cfduid=d53861f3c8218e45961290d67e01d480a1612521228; expires=Sun, 07-Mar-21 10:33:48 GMT; path=/; domain=.reqres.in; HttpOnly; SameSite=Lax; Secure
16:03:48.046 [ForkJoinPool-1-worker-1] DEBUG org.apache.http.headers - http-outgoing-32 << X-Powered-By: Express
16:03:48.046 [ForkJoinPool-1-worker-1] DEBUG org.apache.http.headers - http-outgoing-32 << Access-Control-Allow-Origin: *
16:03:48.046 [ForkJoinPool-1-worker-1] DEBUG org.apache.http.headers - http-outgoing-32 << Etag: W/"2c1-N6Rqerxquq2kgQhL51EiSg4x0R8"
16:03:48.046 [ForkJoinPool-1-worker-1] DEBUG org.apache.http.headers - http-outgoing-32 << Via: 1.1 vegur
16:03:48.046 [ForkJoinPool-1-worker-1] DEBUG org.apache.http.headers - http-outgoing-32 << Cache-Control: max-age=14400
16:03:48.046 [ForkJoinPool-1-worker-1] DEBUG org.apache.http.headers - http-outgoing-32 << CF-Cache-Status: HIT
16:03:48.046 [ForkJoinPool-1-worker-1] DEBUG org.apache.http.headers - http-outgoing-32 << Age: 7163
16:03:48.046 [ForkJoinPool-1-worker-1] DEBUG org.apache.http.headers - http-outgoing-32 << cf-request-id: 08135a5f450000ddc33b2ab000000001
16:03:48.046 [ForkJoinPool-1-worker-1] DEBUG org.apache.http.headers - http-outgoing-32 << Expect-CT: max-age=604800, report-uri="https://report-uri.cloudflare.com/cdn-cgi/beacon/expect-ct"
16:03:48.046 [ForkJoinPool-1-worker-1] DEBUG org.apache.http.headers - http-outgoing-32 << Report-To: {"group":"cf-nel","endpoints":[{"url":"https:\/\/a.nel.cloudflare.com\/report?s=MA1feoNH71B8z%2FAHs4ft9bRM0OnPjuLjkb6GJrdD5IyfQHaTIpi%2FuWuwF4zjvPcRgeNWi3mcGMmTZjetNum1FN93cUtt84aPh0A%3D"}],"max_age":604800}
16:03:48.046 [ForkJoinPool-1-worker-1] DEBUG org.apache.http.headers - http-outgoing-32 << NEL: {"report_to":"cf-nel","max_age":604800}
16:03:48.046 [ForkJoinPool-1-worker-1] DEBUG org.apache.http.headers - http-outgoing-32 << Vary: Accept-Encoding
16:03:48.046 [ForkJoinPool-1-worker-1] DEBUG org.apache.http.headers - http-outgoing-32 << Server: cloudflare
16:03:48.046 [ForkJoinPool-1-worker-1] DEBUG org.apache.http.headers - http-outgoing-32 << CF-RAY: 61cbf9abae37ddc3-SIN
16:03:48.046 [ForkJoinPool-1-worker-1] DEBUG org.apache.http.headers - http-outgoing-32 << Content-Encoding: gzip
16:03:48.046 [ForkJoinPool-1-worker-1] DEBUG org.apache.http.impl.execchain.MainClientExec - Connection can be kept alive indefinitely
16:03:48.046 [ForkJoinPool-1-worker-1] DEBUG org.apache.http.client.protocol.ResponseProcessCookies - Cookie accepted [__cfduid="d53861f3c8218e45961290d67e01d480a1612521228", version:0, domain:reqres.in, path:/, expiry:Sun Mar 07 16:03:48 IST 2021]
16:03:48.046 [ForkJoinPool-1-worker-1] DEBUG org.apache.http.wire - http-outgoing-32 << "^[0x1]0[0x9f][0xa1]R[0xc1][0x2][0x0][0x0][\r][\n]"
16:03:48.046 [ForkJoinPool-1-worker-1] DEBUG org.apache.http.wire - http-outgoing-32 << "0[\r][\n]"
16:03:48.046 [ForkJoinPool-1-worker-1] DEBUG org.apache.http.wire - http-outgoing-32 << "[\r][\n]"
16:03:48.046 [ForkJoinPool-1-worker-1] DEBUG org.apache.http.impl.conn.PoolingHttpClientConnectionManager - Connection [id: 32][route: {s}->https://reqres.in:443] can be kept alive indefinitely
16:03:48.046 [ForkJoinPool-1-worker-1] DEBUG org.apache.http.impl.conn.DefaultManagedHttpClientConnection - http-outgoing-32: set socket timeout to 0
16:03:48.046 [ForkJoinPool-1-worker-1] DEBUG org.apache.http.impl.conn.PoolingHttpClientConnectionManager - Connection released: [id: 32][route: {s}->https://reqres.in:443][total available: 1; route allocated: 1 of 5; total allocated: 1 of 10]
16:03:48.046 [ForkJoinPool-1-worker-1] DEBUG com.intuit.karate - response time in milliseconds: 163.65
1 < 200
1 < Access-Control-Allow-Origin: *
1 < Age: 7163
1 < CF-Cache-Status: HIT
1 < CF-RAY: 61cbf9abae37ddc3-SIN
1 < Cache-Control: max-age=14400
1 < Connection: keep-alive
1 < Content-Type: application/json; charset=utf-8
1 < Date: Fri, 05 Feb 2021 10:33:48 GMT
1 < Etag: W/"2c1-N6Rqerxquq2kgQhL51EiSg4x0R8"
1 < Expect-CT: max-age=604800, report-uri="https://report-uri.cloudflare.com/cdn-cgi/beacon/expect-ct"
1 < NEL: {"report_to":"cf-nel","max_age":604800}
1 < Report-To: {"group":"cf-nel","endpoints":[{"url":"https:\/\/a.nel.cloudflare.com\/report?s=MA1feoNH71B8z%2FAHs4ft9bRM0OnPjuLjkb6GJrdD5IyfQHaTIpi%2FuWuwF4zjvPcRgeNWi3mcGMmTZjetNum1FN93cUtt84aPh0A%3D"}],"max_age":604800}
1 < Server: cloudflare
1 < Set-Cookie: __cfduid=d53861f3c8218e45961290d67e01d480a1612521228; expires=Sun, 07-Mar-21 10:33:48 GMT; path=/; domain=.reqres.in; HttpOnly; SameSite=Lax; Secure
1 < Transfer-Encoding: chunked
1 < Vary: Accept-Encoding
1 < Via: 1.1 vegur
1 < X-Powered-By: Express
1 < cf-request-id: 08135a5f450000ddc33b2ab000000001
{"page":1,"per_page":6,"total":12,"total_pages":2,"data":[{"id":1,"name":"cerulean","year":2000,"color":"#98B2D1","pantone_value":"15-4020"},{"id":2,"name":"fuchsia rose","year":2001,"color":"#C74375","pantone_value":"17-2031"},{"id":3,"name":"true red","year":2002,"color":"#BF1932","pantone_value":"19-1664"},{"id":4,"name":"aqua sky","year":2003,"color":"#7BC4C4","pantone_value":"14-4811"},{"id":5,"name":"tigerlily","year":2004,"color":"#E2583E","pantone_value":"17-1456"},{"id":6,"name":"blue turquoise","year":2005,"color":"#53B0AE","pantone_value":"15-5217"}],"support":{"url":"https://reqres.in/#support-heading","text":"To keep ReqRes free, contributions towards server costs are appreciated!"}}

16:03:48.046 [ForkJoinPool-1-worker-1] DEBUG com.jayway.jsonpath.internal.path.CompiledPath - Evaluating path: $
16:03:48.046 [ForkJoinPool-1-worker-1] INFO com.intuit.karate - [print] {
  "per_page": 6,
  "total": 12,
  "data": [
    {
      "color": "#98B2D1",
      "year": 2000,
      "name": "cerulean",
      "id": 1,
      "pantone_value": "15-4020"
    },
    {
      "color": "#C74375",
      "year": 2001,
      "name": "fuchsia rose",
      "id": 2,
      "pantone_value": "17-2031"
    },
    {
      "color": "#BF1932",
      "year": 2002,
      "name": "true red",
      "id": 3,
      "pantone_value": "19-1664"
    },
    {
      "color": "#7BC4C4",
      "year": 2003,
      "name": "aqua sky",
      "id": 4,
      "pantone_value": "14-4811"
    },
    {
      "color": "#E2583E",
      "year": 2004,
      "name": "tigerlily",
      "id": 5,
      "pantone_value": "17-1456"
    },
    {
      "color": "#53B0AE",
      "year": 2005,
      "name": "blue turquoise",
      "id": 6,
      "pantone_value": "15-5217"
    }
  ],
  "page": 1,
  "total_pages": 2,
  "support": {
    "text": "To keep ReqRes free, contributions towards server costs are appreciated!",
    "url": "https://reqres.in/#support-heading"
  }
}

16:03:48.046 [ForkJoinPool-1-worker-1] INFO com.intuit.karate - after scenario inside config 
16:03:48.046 [pool-1-thread-1] INFO com.intuit.karate.Runner - <<pass>> feature 25 of 26: classpath:featurefiles/KarateTestSuite-23_Using_ConfigFile.feature
---------------------------------------------------------
feature: classpath:featurefiles/KarateTestSuite-23_Using_ConfigFile.feature
report: build\surefire-reports\featurefiles.KarateTestSuite-23_Using_ConfigFile.json
scenarios:  1 | passed:  1 | failed:  0 | time: 0.1667
---------------------------------------------------------
16:03:48.077 [ForkJoinPool-1-worker-1] INFO com.intuit.karate - From karate-config file 
16:03:48.077 [ForkJoinPool-1-worker-1] DEBUG com.jayway.jsonpath.internal.path.CompiledPath - Evaluating path: $
16:03:48.077 [ForkJoinPool-1-worker-1] INFO com.intuit.karate - [print] From Background block
16:03:48.077 [ForkJoinPool-1-worker-1] INFO com.intuit.karate - [print] From Scenario block
16:03:48.077 [ForkJoinPool-1-worker-1] INFO com.intuit.karate - after scenario inside config 
16:03:48.093 [pool-1-thread-1] INFO com.intuit.karate - from after feature 
16:03:48.093 [pool-1-thread-1] INFO com.intuit.karate.Runner - <<pass>> feature 26 of 26: classpath:featurefiles/KarateTestSuite-24_Karate_Hooks.feature
---------------------------------------------------------
feature: classpath:featurefiles/KarateTestSuite-24_Karate_Hooks.feature
report: build\surefire-reports\featurefiles.KarateTestSuite-24_Karate_Hooks.json
scenarios:  1 | passed:  1 | failed:  0 | time: 0.0099
---------------------------------------------------------
16:03:52.156 [ForkJoinPool-1-worker-0] DEBUG org.apache.http.wire - http-outgoing-27 << "[read] I/O error: Read timed out"
16:03:52.156 [ForkJoinPool-1-worker-0] DEBUG org.apache.http.impl.conn.DefaultManagedHttpClientConnection - http-outgoing-27: Close connection
16:03:52.156 [ForkJoinPool-1-worker-0] DEBUG org.apache.http.impl.conn.DefaultManagedHttpClientConnection - http-outgoing-27: Shutdown connection
16:03:52.156 [ForkJoinPool-1-worker-0] DEBUG org.apache.http.impl.execchain.MainClientExec - Connection discarded
16:03:52.156 [ForkJoinPool-1-worker-0] DEBUG org.apache.http.impl.conn.PoolingHttpClientConnectionManager - Connection released: [id: 27][route: {}->http://192.168.1.62:8161][total available: 0; route allocated: 0 of 5; total allocated: 0 of 10]
16:03:52.156 [ForkJoinPool-1-worker-0] ERROR com.intuit.karate - java.net.SocketTimeoutException: Read timed out, http call failed after 5003 milliseconds for URL: http://192.168.1.62:8161/api/message/dhanaraju.input?type=queue
16:03:52.156 [ForkJoinPool-1-worker-0] ERROR com.intuit.karate - http request failed: 
java.net.SocketTimeoutException: Read timed out
16:03:52.156 [ForkJoinPool-1-worker-0] INFO com.intuit.karate - after scenario inside config 
16:03:52.156 [pool-1-thread-2] INFO com.intuit.karate.Runner - <<fail>> feature 21 of 26: classpath:featurefiles/KarateTestSuite-19_ActiveMQ_2.feature
---------------------------------------------------------
feature: classpath:featurefiles/KarateTestSuite-19_ActiveMQ_2.feature
report: build\surefire-reports\featurefiles.KarateTestSuite-19_ActiveMQ_2.json
scenarios:  1 | passed:  0 | failed:  1 | time: 6.1189
---------------------------------------------------------
16:03:52.250 [Finalizer] DEBUG org.apache.http.impl.conn.PoolingHttpClientConnectionManager - Connection manager is shutting down
16:03:52.250 [Finalizer] DEBUG org.apache.http.impl.conn.DefaultManagedHttpClientConnection - http-outgoing-19: Close connection
16:03:52.250 [Finalizer] DEBUG org.apache.http.impl.conn.PoolingHttpClientConnectionManager - Connection manager shut down
16:03:52.250 [Finalizer] DEBUG org.apache.http.impl.conn.PoolingHttpClientConnectionManager - Connection manager is shutting down
16:03:52.250 [Finalizer] DEBUG org.apache.http.impl.conn.DefaultManagedHttpClientConnection - http-outgoing-32: Close connection
16:03:52.250 [Finalizer] DEBUG org.apache.http.impl.conn.PoolingHttpClientConnectionManager - Connection manager shut down
16:03:52.250 [Finalizer] DEBUG org.apache.http.impl.conn.PoolingHttpClientConnectionManager - Connection manager is shutting down
16:03:52.250 [Finalizer] DEBUG org.apache.http.impl.conn.DefaultManagedHttpClientConnection - http-outgoing-31: Close connection
16:03:52.250 [Finalizer] DEBUG org.apache.http.impl.conn.PoolingHttpClientConnectionManager - Connection manager shut down
16:03:52.250 [Finalizer] DEBUG org.apache.http.impl.conn.PoolingHttpClientConnectionManager - Connection manager is shutting down
16:03:52.250 [Finalizer] DEBUG org.apache.http.impl.conn.DefaultManagedHttpClientConnection - http-outgoing-30: Close connection
16:03:52.250 [Finalizer] DEBUG org.apache.http.impl.conn.PoolingHttpClientConnectionManager - Connection manager shut down
16:03:52.250 [Finalizer] DEBUG org.apache.http.impl.conn.PoolingHttpClientConnectionManager - Connection manager is shutting down
16:03:52.250 [Finalizer] DEBUG org.apache.http.impl.conn.DefaultManagedHttpClientConnection - http-outgoing-29: Close connection
16:03:52.250 [Finalizer] DEBUG org.apache.http.impl.conn.PoolingHttpClientConnectionManager - Connection manager shut down
16:03:52.250 [Finalizer] DEBUG org.apache.http.impl.conn.PoolingHttpClientConnectionManager - Connection manager is shutting down
16:03:52.250 [Finalizer] DEBUG org.apache.http.impl.conn.DefaultManagedHttpClientConnection - http-outgoing-28: Close connection
16:03:52.250 [Finalizer] DEBUG org.apache.http.impl.conn.PoolingHttpClientConnectionManager - Connection manager shut down
16:03:52.250 [Finalizer] DEBUG org.apache.http.impl.conn.PoolingHttpClientConnectionManager - Connection manager is shutting down
16:03:52.250 [Finalizer] DEBUG org.apache.http.impl.conn.PoolingHttpClientConnectionManager - Connection manager shut down
16:03:52.250 [Finalizer] DEBUG org.apache.http.impl.conn.PoolingHttpClientConnectionManager - Connection manager is shutting down
16:03:52.250 [Finalizer] DEBUG org.apache.http.impl.conn.DefaultManagedHttpClientConnection - http-outgoing-26: Close connection
16:03:52.250 [Finalizer] DEBUG org.apache.http.impl.conn.PoolingHttpClientConnectionManager - Connection manager shut down
16:03:52.250 [Finalizer] DEBUG org.apache.http.impl.conn.PoolingHttpClientConnectionManager - Connection manager is shutting down
16:03:52.250 [Finalizer] DEBUG org.apache.http.impl.conn.DefaultManagedHttpClientConnection - http-outgoing-25: Close connection
16:03:52.250 [Finalizer] DEBUG org.apache.http.impl.conn.PoolingHttpClientConnectionManager - Connection manager shut down
16:03:52.250 [Finalizer] DEBUG org.apache.http.impl.conn.PoolingHttpClientConnectionManager - Connection manager is shutting down
16:03:52.250 [Finalizer] DEBUG org.apache.http.impl.conn.DefaultManagedHttpClientConnection - http-outgoing-24: Close connection
16:03:52.250 [Finalizer] DEBUG org.apache.http.impl.conn.PoolingHttpClientConnectionManager - Connection manager shut down
16:03:52.250 [Finalizer] DEBUG org.apache.http.impl.conn.PoolingHttpClientConnectionManager - Connection manager is shutting down
16:03:52.250 [Finalizer] DEBUG org.apache.http.impl.conn.DefaultManagedHttpClientConnection - http-outgoing-23: Close connection
16:03:52.250 [Finalizer] DEBUG org.apache.http.impl.conn.PoolingHttpClientConnectionManager - Connection manager shut down
16:03:52.250 [Finalizer] DEBUG org.apache.http.impl.conn.PoolingHttpClientConnectionManager - Connection manager is shutting down
16:03:52.250 [Finalizer] DEBUG org.apache.http.impl.conn.DefaultManagedHttpClientConnection - http-outgoing-22: Close connection
16:03:52.250 [Finalizer] DEBUG org.apache.http.impl.conn.PoolingHttpClientConnectionManager - Connection manager shut down
16:03:52.250 [Finalizer] DEBUG org.apache.http.impl.conn.PoolingHttpClientConnectionManager - Connection manager is shutting down
16:03:52.250 [Finalizer] DEBUG org.apache.http.impl.conn.DefaultManagedHttpClientConnection - http-outgoing-21: Close connection
16:03:52.250 [Finalizer] DEBUG org.apache.http.impl.conn.PoolingHttpClientConnectionManager - Connection manager shut down
16:03:52.250 [Finalizer] DEBUG org.apache.http.impl.conn.PoolingHttpClientConnectionManager - Connection manager is shutting down
16:03:52.250 [Finalizer] DEBUG org.apache.http.impl.conn.DefaultManagedHttpClientConnection - http-outgoing-20: Close connection
16:03:52.250 [Finalizer] DEBUG org.apache.http.impl.conn.PoolingHttpClientConnectionManager - Connection manager shut down
16:03:52.250 [Finalizer] DEBUG org.apache.http.impl.conn.PoolingHttpClientConnectionManager - Connection manager is shutting down
16:03:52.250 [Finalizer] DEBUG org.apache.http.impl.conn.DefaultManagedHttpClientConnection - http-outgoing-18: Close connection
16:03:52.250 [Finalizer] DEBUG org.apache.http.impl.conn.PoolingHttpClientConnectionManager - Connection manager shut down
16:03:52.250 [Finalizer] DEBUG org.apache.http.impl.conn.PoolingHttpClientConnectionManager - Connection manager is shutting down
16:03:52.250 [Finalizer] DEBUG org.apache.http.impl.conn.DefaultManagedHttpClientConnection - http-outgoing-17: Close connection
16:03:52.250 [Finalizer] DEBUG org.apache.http.impl.conn.PoolingHttpClientConnectionManager - Connection manager shut down
16:03:52.250 [Finalizer] DEBUG org.apache.http.impl.conn.PoolingHttpClientConnectionManager - Connection manager is shutting down
16:03:52.250 [Finalizer] DEBUG org.apache.http.impl.conn.DefaultManagedHttpClientConnection - http-outgoing-16: Close connection
16:03:52.250 [Finalizer] DEBUG org.apache.http.impl.conn.PoolingHttpClientConnectionManager - Connection manager shut down
16:03:52.250 [Finalizer] DEBUG org.apache.http.impl.conn.PoolingHttpClientConnectionManager - Connection manager is shutting down
16:03:52.250 [Finalizer] DEBUG org.apache.http.impl.conn.DefaultManagedHttpClientConnection - http-outgoing-15: Close connection
16:03:52.250 [Finalizer] DEBUG org.apache.http.impl.conn.PoolingHttpClientConnectionManager - Connection manager shut down
16:03:52.250 [Finalizer] DEBUG org.apache.http.impl.conn.PoolingHttpClientConnectionManager - Connection manager is shutting down
16:03:52.250 [Finalizer] DEBUG org.apache.http.impl.conn.DefaultManagedHttpClientConnection - http-outgoing-12: Close connection
16:03:52.250 [Finalizer] DEBUG org.apache.http.impl.conn.PoolingHttpClientConnectionManager - Connection manager shut down
16:03:52.250 [Finalizer] DEBUG org.apache.http.impl.conn.PoolingHttpClientConnectionManager - Connection manager is shutting down
16:03:52.250 [Finalizer] DEBUG org.apache.http.impl.conn.DefaultManagedHttpClientConnection - http-outgoing-14: Close connection
16:03:52.250 [Finalizer] DEBUG org.apache.http.impl.conn.PoolingHttpClientConnectionManager - Connection manager shut down

HTML report: (paste into browser to view) | Karate version: 0.9.6
file:/C:/Work/KarateWorkspace/build/surefire-reports/karate-summary.html
===================================================================

Karate version: 0.9.6
======================================================
elapsed:  13.30 | threads:    2 | thread time: 19.89 
features:    26 | ignored:    0 | efficiency: 0.75
scenarios:   57 | passed:    52 | failed: 5
======================================================
failed features:
featurefiles.KarateTestSuite-10_REST_API: KarateTestSuite-10_REST_API.feature:8 - status code was: 429, expected: 200, response time: 1946, url: http://dummy.restapiexample.com/api/v1/employees, response: <!DOCTYPE html>
<html lang="en">
    <head><meta charset="utf-8">
<script data-ezscrex='false' data-cfasync='false' data-pagespeed-no-defer>var __ez=__ez||{};__ez.stms=Date.now();__ez.evt={};__ez.script={};__ez.ck=__ez.ck||{};__ez.template={};__ez.template.isOrig=false;__ez.queue=(function(){var count=0,incr=0,items=[],timeDelayFired=false,hpItems=[],lpItems=[],allowLoad=true;var obj={func:function(name,funcName,parameters,isBlock,blockedBy,deleteWhenComplete,proceedIfError){var self=this;this.name=name;this.funcName=funcName;this.parameters=parameters===null?null:(parameters instanceof Array)?parameters:[parameters];this.isBlock=isBlock;this.blockedBy=blockedBy;this.deleteWhenComplete=deleteWhenComplete;this.isError=false;this.isComplete=false;this.isInitialized=false;this.proceedIfError=proceedIfError;this.isTimeDelay=false;this.process=function(){log("... func = "+name);self.isInitialized=true;self.isComplete=true;log("... func.apply: "+name);var funcs=self.funcName.split('.');var func=null;if(funcs.length>3){}else if(funcs.length===3){func=window[funcs[0]][funcs[1]][funcs[2]];}else if(funcs.length===2){func=window[funcs[0]][funcs[1]];}else{func=window[self.funcName];}
if(typeof func!=='undefined'&&func!==null){func.apply(null,this.parameters);}
if(self.deleteWhenComplete===true)delete items[name];if(self.isBlock===true){log("----- F'D: "+self.name);processAll();}}},file:function(name,path,isBlock,blockedBy,async,defer,proceedIfError){var self=this;this.name=name;this.path=path;this.async=async;this.defer=defer;this.isBlock=isBlock;this.blockedBy=blockedBy;this.isInitialized=false;this.isError=false;this.isComplete=false;this.proceedIfError=proceedIfError;this.isTimeDelay=false;this.process=function(){self.isInitialized=true;log("... file = "+name);var scr=document.createElement('script');scr.src=path;if(async===true)scr.async=true;else if(defer===true)scr.defer=true;scr.onerror=function(){log("----- ERR'D: "+self.name);self.isError=true;if(self.isBlock===true){processAll();}};scr.onreadystatechange=scr.onload=function(){var state=scr.readyState;log("----- F'D: "+self.name);if((!state||/loaded|complete/.test(state))){self.isComplete=true;if(self.isBlock===true){processAll();}}};document.getElementsByTagName('head')[0].appendChild(scr);}}};function init(){window.addEventListener("load",function(){setTimeout(function(){timeDelayFired=true;log('TDELAY -----');processAll();},5000);},false);}
function addFile(name,path,isBlock,blockedBy,async,defer,proceedIfError,priority){var item=new obj.file(name,path,isBlock,blockedBy,async,defer,proceedIfError);if(priority===true){hpItems[name]=item}else{lpItems[name]=item}
items[name]=item;checkIfBlocked(item);}
function setallowLoad(settobool){allowLoad=settobool}
function addFunc(name,func,parameters,isBlock,blockedBy,autoInc,deleteWhenComplete,proceedIfError,priority){if(autoInc===true)name=name+"_"+incr++;var item=new obj.func(name,func,parameters,isBlock,blockedBy,deleteWhenComplete,proceedIfError);if(priority===true){hpItems[name]=item}else{lpItems[name]=item}
items[name]=item;checkIfBlocked(item);}
function addTimeDelayFile(name,path){var item=new obj.file(name,path,false,[],false,false,true);item.isTimeDelay=true;log(name+' ... '+' FILE! TDELAY');lpItems[name]=item;items[name]=item;checkIfBlocked(item);}
function addTimeDelayFunc(name,func,parameters){var item=new obj.func(name,func,parameters,false,[],true,true);item.isTimeDelay=true;log(name+' ... '+' FUNCTION! TDELAY');lpItems[name]=item;items[name]=item;checkIfBlocked(item);}
function checkIfBlocked(item){if(isBlocked(item)===true||allowLoad==false)return;item.process();}
function isBlocked(item){if(item.isTimeDelay===true&&timeDelayFired===false){log(item.name+" blocked = TIME DELAY!");return true;}
if(item.blockedBy instanceof Array){for(var i=0;i<item.blockedBy.length;i++){var block=item.blockedBy[i];if(items.hasOwnProperty(block)===false){log(item.name+" blocked = "+block);return true;}else if(item.proceedIfError===true&&items[block].isError===true){return false;}else if(items[block].isComplete===false){log(item.name+" blocked = "+block);return true;}}}
return false;}
function log(msg){var href=window.location.href;var reg=new RegExp('[?&]ezq=([^&#]*)','i');var string=reg.exec(href);var res=string?string[1]:null;if(res==="1")console.debug(msg);}
function processAll(){count++;if(count>200)return;log("let's go");processItems(hpItems);processItems(lpItems);}
function processItems(list){for(var i in list){if(list.hasOwnProperty(i)===false)continue;var item=list[i];if(item.isComplete===true||isBlocked(item)||item.isInitialized===true||item.isError===true){if(item.isError===true){log(item.name+': error')}else if(item.isComplete===true){log(item.name+': complete already')}else if(item.isInitialized===true){log(item.name+': initialized already')}}else{item.process();}}}
init();return{addFile:addFile,addDelayFile:addTimeDelayFile,addFunc:addFunc,addDelayFunc:addTimeDelayFunc,items:items,processAll:processAll,setallowLoad:setallowLoad};})();__ez.evt.add=function(e,t,n){e.addEventListener?e.addEventListener(t,n,!1):e.attachEvent?e.attachEvent("on"+t,n):e["on"+t]=n()},__ez.evt.remove=function(e,t,n){e.removeEventListener?e.removeEventListener(t,n,!1):e.detachEvent?e.detachEvent("on"+t,n):delete e["on"+t]};__ez.script.add=function(e){var t=document.createElement("script");t.src=e,t.async=!0,t.type="text/javascript",document.getElementsByTagName("head")[0].appendChild(t)};__ez.queue.addFile('/detroitchicago/boise.js', '/detroitchicago/boise.js?gcb=192-6&cb=1', false, [], true, false, true, false);__ez.dot={};__ez.queue.addFile('/detroitchicago/memphis.js', '/detroitchicago/memphis.js?gcb=192-6&cb=2', false, [], true, false, true, false);__ez.queue.addFile('/detroitchicago/minneapolis.js', '/detroitchicago/minneapolis.js?gcb=192-6&cb=1', false, [], true, false, true, false);__ez.vep=(function(){var pixels=[],pxURL="/detroitchicago/grapefruit.gif";function AddPixel(vID,pixelData){if(__ez.dot.isDefined(vID)&&__ez.dot.isValid(pixelData)){pixels.push({type:'video',video_impression_id:vID,domain_id:__ez.dot.getDID(),t_epoch:__ez.dot.getEpoch(0),data:__ez.dot.dataToStr(pixelData)});}}
function Fire(){if(typeof document.visibilityState!=='undefined'&&document.visibilityState==="prerender"){return;}
if(__ez.dot.isDefined(pixels)&&pixels.length>0){while(pixels.length>0){var j=5;if(j>pixels.length){j=pixels.length;}
var pushPixels=pixels.splice(0,j);(new Image()).src=__ez.dot.getURL(pxURL)+"?orig="+(__ez.template.isOrig===true?1:0)+"&v="+btoa(JSON.stringify(pushPixels));}}
pixels=[];}
return{Add:AddPixel,Fire:Fire};})();</script><script data-ezscrex='false' data-cfasync='false' data-pagespeed-no-defer>__ez.pel=(function(){var pixels=[],pxURL="/porpoiseant/army.gif";function AddAndFirePixel(adSlot,pixelData){AddPixel(adSlot,pixelData,0,0,0,0,0);Fire();}
function AddAndFireOrigPixel(adSlot,pixelData){AddPixel(adSlot,pixelData,0,0,0,0,0,true);Fire();}
function GetCurrentPixels(){return pixels;}
function AddPixel(adSlot,pixelData,revenue,est_revenue,bid_floor_filled,bid_floor_prev,stat_source_id,isOrig){if(!__ez.dot.isDefined(adSlot)||__ez.dot.isAnyDefined(adSlot.getSlotElementId,adSlot.ElementId)==false){return;}
var ad_position_id=parseInt(__ez.dot.getTargeting(adSlot,'ap'));var impId=__ez.dot.getSlotIID(adSlot),adUnit=__ez.dot.getAdUnit(adSlot,isOrig);var compId=parseInt(__ez.dot.getTargeting(adSlot,"compid"));var lineItemId=0;var creativeId=0;var ezimData=getEzimData(adSlot);if(typeof ezimData=='object'){if(ezimData.creative_id!==undefined){creativeId=ezimData.creative_id;}
if(ezimData.line_item_id!==undefined){lineItemId=ezimData.line_item_id;}}
if(__ez.dot.isDefined(impId,adUnit)&&__ez.dot.isValid(pixelData)){pixels.push({type:"impression",impression_id:impId,domain_id:__ez.dot.getDID(),unit:adUnit,t_epoch:__ez.dot.getEpoch(0),revenue:revenue,est_revenue:est_revenue,ad_position:ad_position_id,ad_size:"",bid_floor_filled:bid_floor_filled,bid_floor_prev:bid_floor_prev,stat_source_id:stat_source_id,country_code:__ez.dot.getCC(),pageview_id:__ez.dot.getPageviewId(),comp_id:compId,line_item_id:lineItemId,creative_id:creativeId,data:__ez.dot.dataToStr(pixelData),is_orig:isOrig||__ez.template.isOrig,});}}
function AddPixelById(impFullId,pixelData,isOrig){var vals=impFullId.split('/');if(__ez.dot.isDefined(impFullId)&&vals.length===3&&__ez.dot.isValid(pixelData)){var adUnit=vals[0],impId=vals[2];pixels.push({type:"impression",impression_id:impId,domain_id:__ez.dot.getDID(),unit:adUnit,t_epoch:__ez.dot.getEpoch(0),pageview_id:__ez.dot.getPageviewId(),data:__ez.dot.dataToStr(pixelData),is_orig:isOrig||__ez.template.isOrig});}}
function Fire(){if(typeof document.visibilityState!=='undefined'&&document.visibilityState==="prerender")return;if(__ez.dot.isDefined(pixels)&&pixels.length>0){var allPixels=[pixels.filter(function(pixel){return pixel.is_orig}),pixels.filter(function(pixel){return!pixel.is_orig})];allPixels.forEach(function(pixels){while(pixels.length>0){var isOrig=pixels[0].is_orig||false;var j=5;if(j>pixels.length){j=pixels.length;}
var pushPixels=pixels.splice(0,j);var pixelURL=__ez.dot.getURL(pxURL)+"?orig="+(isOrig===true?1:0)+"&sts="+btoa(JSON.stringify(pushPixels));if(typeof window.isAmp!=='undefined'&&isAmp&&typeof window._ezaq!=='undefined'&&_ezaq.hasOwnProperty("domain_id")){pixelURL+="&visit_uuid="+_ezaq['visit_uuid'];}
(new Image()).src=pixelURL;}})}
pixels=[];}
function getEzimData(adSlot){if(typeof _ezim_d=="undefined"){return false}
var adUnitName=__ez.dot.getAdUnitPath(adSlot).split('/').pop();if(typeof _ezim_d==='object'&&_ezim_d.hasOwnProperty(adUnitName)){return _ezim_d[adUnitName];}
for(var ezimKey in _ezim_d){if(ezimKey.split('/').pop()===adUnitName){return _ezim_d[ezimKey];}}
return false;}
return{Add:AddPixel,AddAndFire:AddAndFirePixel,AddAndFireOrig:AddAndFireOrigPixel,AddById:AddPixelById,Fire:Fire,GetPixels:GetCurrentPixels,};})();__ez.queue.addFile('/detroitchicago/raleigh.js', '/detroitchicago/raleigh.js?gcb=192-6&cb=2', false, [], true, false, true, false);__ez.queue.addFile('/detroitchicago/tampa.js', '/detroitchicago/tampa.js?gcb=192-6&cb=1', false, [], true, false, true, false);</script>
<script data-ezscrex="false" type="text/javascript" data-cfasync="false">var _ezaq = {"ad_cache_level":0,"ad_count_adjustment":0,"ad_lazyload_version":0,"ad_location_ids":"","ad_transform_level":0,"adx_ad_count":0,"bidder_method":1,"bidder_version":3,"city":"Noida","country":"IN","days_since_last_visit":-1,"display_ad_count":0,"domain_id":133674,"ds_adsize_opt_id":-1,"engaged_time_visit":0,"ezcache_level":1,"ezcache_skip_code":0,"form_factor_id":1,"framework_id":1,"has_bad_image":0,"has_bad_words":0,"iab_category":"","is_from_recommended_pages":false,"is_return_visitor":false,"is_sitespeed":0,"last_page_load":"","last_pageview_id":"","lt_cache_level":0,"max_ads":0,"metro_code":0,"optimization_version":1,"page_ad_positions":"","page_view_count":0,"page_view_id":"239a9f99-b318-435e-64cb-3f180188682e","position_selection_id":0,"postal_code":"110091","pv_event_count":0,"response_size_orig":0,"response_time_orig":1891,"serverid":"13.235.50.183:8388","state":"UP","sub_page_ad_positions":"","t_epoch":1612521221,"template_id":0,"time_on_site_visit":0,"url":"http://dummy.restapiexample.com/api/v1/employees","user_id":0,"word_count":0,"worst_bad_word_level":0};var _ezim_d = null;var _ezat = {"domain_id":133674,"form_factor_id":1,"framework_id":1,"pageview_date":"2021-02-05","pageview_id":"239a9f99-b318-435e-64cb-3f180188682e","template_id":0,"url":"http://dummy.restapiexample.com/api/v1/employees","visit_uuid":"f7e03af1-168e-4a3d-4ffb-a285f08aac84"};</script><script data-ezscrex='false' data-pagespeed-no-defer data-cfasync='false' type="text/javascript">__ez.queue.addFile('banger.js', '/porpoiseant/banger.js?cb=192-6&bv=96&v=39&PageSpeed=off', true, [], true, false, false, true);</script>
<script data-ezscrex="false" data-cfasync="false">(function(){if("function"===typeof window.CustomEvent)return!1;window.CustomEvent=function(c,a){a=a||{bubbles:!1,cancelable:!1,detail:null};var b=document.createEvent("CustomEvent");b.initCustomEvent(c,a.bubbles,a.cancelable,a.detail);return b}})();</script><script data-ezscrex="false" data-cfasync="false">__ez.queue.addFile('/detroitchicago/tulsa.js', '/detroitchicago/tulsa.js?gcb=192-6&cb=5', false, [], true, false, true, false);</script>
        
        <meta name="viewport" content="width=device-width, initial-scale=1">

        <title>Too Many Requests</title>

        <!-- Fonts -->
        <link rel="dns-prefetch" href="//fonts.gstatic.com">
        <link href="https://fonts.googleapis.com/css?family=Nunito" rel="stylesheet">

        <!-- Styles -->
        <style>
            html, body {
                background-color: #fff;
                color: #636b6f;
                font-family: 'Nunito', sans-serif;
                font-weight: 100;
                height: 100vh;
                margin: 0;
            }

            .full-height {
                height: 100vh;
            }

            .flex-center {
                align-items: center;
                display: flex;
                justify-content: center;
            }

            .position-ref {
                position: relative;
            }

            .code {
                border-right: 2px solid;
                font-size: 26px;
                padding: 0 15px 0 15px;
                text-align: center;
            }

            .message {
                font-size: 18px;
                text-align: center;
            }
        </style>
    <script type="text/javascript">var ezouid = "1";</script><base href="http://dummy.restapiexample.com/api/v1/employees"><script type='text/javascript'>
var ezoTemplate = 'pub_site_noads';
if(typeof ezouid == 'undefined')
{
    var ezouid = 'none';
}
var ezoFormfactor = '1';
var ezo_elements_to_check = Array();
</script><!-- START EZHEAD -->
<script data-ezscrex="false" type='text/javascript'>
var soc_app_id = '0';
var did = 133674;
var ezdomain = 'restapiexample.com';
var ezoicSearchable = 1;
</script>
<!--{jquery}-->
<!-- END EZHEAD -->
<script data-ezscrex='false' data-pagespeed-no-defer data-cfasync='false' type='text/javascript' style='display:none'>
__ez.queue.addFile('__ezf_ezosuigeneris', '//g.ezoic.net/ezosuigeneris.js', true, [], true, false, false, false);
var __ez_ezosuigenerisEvt = function() { if(typeof(ezosuigeneris) != 'undefined'){__ez.bit.AddAndFire(_ezaq['page_view_id'], [(new __ezDotData('universal_user_id', ezosuigeneris))]); }};
__ez.queue.addFunc('__ez_ezosuigenerisEvt', '__ez_ezosuigenerisEvt', null, false, ['__ezf_ezosuigeneris','/detroitchicago/minneapolis.js','/detroitchicago/memphis.js'], false, false, false, false);</script><script data-ezscrex='false' data-pagespeed-no-defer data-cfasync='false' type='text/javascript' style='display:none'>__ez.queue.addFile('__ezf_ezosuigenerisc', '//g.ezoic.net/ezosuigenerisc.js?nogen=1', true, ["/detroitchicago/boise.js"], true, false, false, false);</script>
<script data-ezscrex='false' data-pagespeed-no-defer data-cfasync='false'>
function create_ezolpl(pvID, rv) {
    var d = new Date();
    d.setTime(d.getTime() + (365*24*60*60*1000));
    var expires = "expires="+d.toUTCString();
    __ez.ck.setByCat("ezux_lpl_133674=" + new Date().getTime() + "|" + pvID + "|" + rv + "; " + expires, 3);
}
function attach_ezolpl(pvID, rv) {
    if (document.readyState === "complete") {
        create_ezolpl(pvID, rv);
    }
    if(window.attachEvent) {
        window.attachEvent("onload", create_ezolpl, pvID, rv);
    } else {
        if(window.onload) {
            var curronload = window.onload;
            var newonload = function(evt) {
                curronload(evt);
                create_ezolpl(pvID, rv);
            };
            window.onload = newonload;
        } else {
            window.onload = create_ezolpl.bind(null, pvID, rv);
        }
    }
}

__ez.queue.addFunc("attach_ezolpl", "attach_ezolpl", ["239a9f99-b318-435e-64cb-3f180188682e", "false"], false, ['/detroitchicago/boise.js'], true, false, false, false);
</script></head>
    <body>
        <div class="flex-center position-ref full-height">
            <div class="code">
                429            </div>

            <div class="message" style="padding: 10px;">
                Too Many Requests            </div>
        </div>
    <script type="text/javascript" style='display:none;'>var __ez_dims = (function() {
		var setCookie = function( name, content, expiry ) {
			return document.cookie = name+'='+content+((expiry)?';expires='+(new Date(Math.floor(new Date().getTime()+expiry*1000)).toUTCString()):'')+';path=/';
		};
		var ffid = 1;
		var oh = window.screen.height;
		var ow = window.screen.width;
		var h = ffid === 1 ? oh : (oh > ow) ? oh : ow;
		var w = ffid === 1 ? ow : (oh > ow) ? ow : oh;
		var uh = window.innerHeight || document.documentElement.clientHeight || document.getElementsByTagName('body')[0].clientHeight;
		var uw = window.innerWidth || document.documentElement.clientWidth || document.getElementsByTagName('body')[0].clientWidth;
		setCookie('ezds', encodeURIComponent('ffid='+ffid+',w='+w+',h='+h), (31536e3*7));
		setCookie('ezohw', encodeURIComponent('w='+uw+',h='+uh), (31536e3*7));
	})();</script><script type='text/javascript' style='display:none;' async>
__ez.queue.addFile('edmonton.php', '/detroitchicago/edmonton.webp?a=a&cb=192-6&shcb=34', true, ['/detroitchicago/minneapolis.js'], true, false, false, false);
__ez.queue.addFile('jellyfish.php', '/porpoiseant/jellyfish.webp?a=a&cb=192-6&shcb=34', false, [], true, false, false, false);
</script>

<script type='text/javascript' data-cfasync='false'></script></body>
</html>

KarateTestSuite-10_REST_API.feature:19 - status code was: 429, expected: 200, response time: 1749, url: http://dummy.restapiexample.com/api/v1/employees, response: <!DOCTYPE html>
<html lang="en">
    <head><meta charset="utf-8">
<script data-ezscrex='false' data-cfasync='false' data-pagespeed-no-defer>var __ez=__ez||{};__ez.stms=Date.now();__ez.evt={};__ez.script={};__ez.ck=__ez.ck||{};__ez.template={};__ez.template.isOrig=false;__ez.queue=(function(){var count=0,incr=0,items=[],timeDelayFired=false,hpItems=[],lpItems=[],allowLoad=true;var obj={func:function(name,funcName,parameters,isBlock,blockedBy,deleteWhenComplete,proceedIfError){var self=this;this.name=name;this.funcName=funcName;this.parameters=parameters===null?null:(parameters instanceof Array)?parameters:[parameters];this.isBlock=isBlock;this.blockedBy=blockedBy;this.deleteWhenComplete=deleteWhenComplete;this.isError=false;this.isComplete=false;this.isInitialized=false;this.proceedIfError=proceedIfError;this.isTimeDelay=false;this.process=function(){log("... func = "+name);self.isInitialized=true;self.isComplete=true;log("... func.apply: "+name);var funcs=self.funcName.split('.');var func=null;if(funcs.length>3){}else if(funcs.length===3){func=window[funcs[0]][funcs[1]][funcs[2]];}else if(funcs.length===2){func=window[funcs[0]][funcs[1]];}else{func=window[self.funcName];}
if(typeof func!=='undefined'&&func!==null){func.apply(null,this.parameters);}
if(self.deleteWhenComplete===true)delete items[name];if(self.isBlock===true){log("----- F'D: "+self.name);processAll();}}},file:function(name,path,isBlock,blockedBy,async,defer,proceedIfError){var self=this;this.name=name;this.path=path;this.async=async;this.defer=defer;this.isBlock=isBlock;this.blockedBy=blockedBy;this.isInitialized=false;this.isError=false;this.isComplete=false;this.proceedIfError=proceedIfError;this.isTimeDelay=false;this.process=function(){self.isInitialized=true;log("... file = "+name);var scr=document.createElement('script');scr.src=path;if(async===true)scr.async=true;else if(defer===true)scr.defer=true;scr.onerror=function(){log("----- ERR'D: "+self.name);self.isError=true;if(self.isBlock===true){processAll();}};scr.onreadystatechange=scr.onload=function(){var state=scr.readyState;log("----- F'D: "+self.name);if((!state||/loaded|complete/.test(state))){self.isComplete=true;if(self.isBlock===true){processAll();}}};document.getElementsByTagName('head')[0].appendChild(scr);}}};function init(){window.addEventListener("load",function(){setTimeout(function(){timeDelayFired=true;log('TDELAY -----');processAll();},5000);},false);}
function addFile(name,path,isBlock,blockedBy,async,defer,proceedIfError,priority){var item=new obj.file(name,path,isBlock,blockedBy,async,defer,proceedIfError);if(priority===true){hpItems[name]=item}else{lpItems[name]=item}
items[name]=item;checkIfBlocked(item);}
function setallowLoad(settobool){allowLoad=settobool}
function addFunc(name,func,parameters,isBlock,blockedBy,autoInc,deleteWhenComplete,proceedIfError,priority){if(autoInc===true)name=name+"_"+incr++;var item=new obj.func(name,func,parameters,isBlock,blockedBy,deleteWhenComplete,proceedIfError);if(priority===true){hpItems[name]=item}else{lpItems[name]=item}
items[name]=item;checkIfBlocked(item);}
function addTimeDelayFile(name,path){var item=new obj.file(name,path,false,[],false,false,true);item.isTimeDelay=true;log(name+' ... '+' FILE! TDELAY');lpItems[name]=item;items[name]=item;checkIfBlocked(item);}
function addTimeDelayFunc(name,func,parameters){var item=new obj.func(name,func,parameters,false,[],true,true);item.isTimeDelay=true;log(name+' ... '+' FUNCTION! TDELAY');lpItems[name]=item;items[name]=item;checkIfBlocked(item);}
function checkIfBlocked(item){if(isBlocked(item)===true||allowLoad==false)return;item.process();}
function isBlocked(item){if(item.isTimeDelay===true&&timeDelayFired===false){log(item.name+" blocked = TIME DELAY!");return true;}
if(item.blockedBy instanceof Array){for(var i=0;i<item.blockedBy.length;i++){var block=item.blockedBy[i];if(items.hasOwnProperty(block)===false){log(item.name+" blocked = "+block);return true;}else if(item.proceedIfError===true&&items[block].isError===true){return false;}else if(items[block].isComplete===false){log(item.name+" blocked = "+block);return true;}}}
return false;}
function log(msg){var href=window.location.href;var reg=new RegExp('[?&]ezq=([^&#]*)','i');var string=reg.exec(href);var res=string?string[1]:null;if(res==="1")console.debug(msg);}
function processAll(){count++;if(count>200)return;log("let's go");processItems(hpItems);processItems(lpItems);}
function processItems(list){for(var i in list){if(list.hasOwnProperty(i)===false)continue;var item=list[i];if(item.isComplete===true||isBlocked(item)||item.isInitialized===true||item.isError===true){if(item.isError===true){log(item.name+': error')}else if(item.isComplete===true){log(item.name+': complete already')}else if(item.isInitialized===true){log(item.name+': initialized already')}}else{item.process();}}}
init();return{addFile:addFile,addDelayFile:addTimeDelayFile,addFunc:addFunc,addDelayFunc:addTimeDelayFunc,items:items,processAll:processAll,setallowLoad:setallowLoad};})();__ez.evt.add=function(e,t,n){e.addEventListener?e.addEventListener(t,n,!1):e.attachEvent?e.attachEvent("on"+t,n):e["on"+t]=n()},__ez.evt.remove=function(e,t,n){e.removeEventListener?e.removeEventListener(t,n,!1):e.detachEvent?e.detachEvent("on"+t,n):delete e["on"+t]};__ez.script.add=function(e){var t=document.createElement("script");t.src=e,t.async=!0,t.type="text/javascript",document.getElementsByTagName("head")[0].appendChild(t)};__ez.queue.addFile('/detroitchicago/boise.js', '/detroitchicago/boise.js?gcb=192-6&cb=1', false, [], true, false, true, false);__ez.dot={};__ez.queue.addFile('/detroitchicago/memphis.js', '/detroitchicago/memphis.js?gcb=192-6&cb=2', false, [], true, false, true, false);__ez.queue.addFile('/detroitchicago/minneapolis.js', '/detroitchicago/minneapolis.js?gcb=192-6&cb=1', false, [], true, false, true, false);__ez.vep=(function(){var pixels=[],pxURL="/detroitchicago/grapefruit.gif";function AddPixel(vID,pixelData){if(__ez.dot.isDefined(vID)&&__ez.dot.isValid(pixelData)){pixels.push({type:'video',video_impression_id:vID,domain_id:__ez.dot.getDID(),t_epoch:__ez.dot.getEpoch(0),data:__ez.dot.dataToStr(pixelData)});}}
function Fire(){if(typeof document.visibilityState!=='undefined'&&document.visibilityState==="prerender"){return;}
if(__ez.dot.isDefined(pixels)&&pixels.length>0){while(pixels.length>0){var j=5;if(j>pixels.length){j=pixels.length;}
var pushPixels=pixels.splice(0,j);(new Image()).src=__ez.dot.getURL(pxURL)+"?orig="+(__ez.template.isOrig===true?1:0)+"&v="+btoa(JSON.stringify(pushPixels));}}
pixels=[];}
return{Add:AddPixel,Fire:Fire};})();</script><script data-ezscrex='false' data-cfasync='false' data-pagespeed-no-defer>__ez.pel=(function(){var pixels=[],pxURL="/porpoiseant/army.gif";function AddAndFirePixel(adSlot,pixelData){AddPixel(adSlot,pixelData,0,0,0,0,0);Fire();}
function AddAndFireOrigPixel(adSlot,pixelData){AddPixel(adSlot,pixelData,0,0,0,0,0,true);Fire();}
function GetCurrentPixels(){return pixels;}
function AddPixel(adSlot,pixelData,revenue,est_revenue,bid_floor_filled,bid_floor_prev,stat_source_id,isOrig){if(!__ez.dot.isDefined(adSlot)||__ez.dot.isAnyDefined(adSlot.getSlotElementId,adSlot.ElementId)==false){return;}
var ad_position_id=parseInt(__ez.dot.getTargeting(adSlot,'ap'));var impId=__ez.dot.getSlotIID(adSlot),adUnit=__ez.dot.getAdUnit(adSlot,isOrig);var compId=parseInt(__ez.dot.getTargeting(adSlot,"compid"));var lineItemId=0;var creativeId=0;var ezimData=getEzimData(adSlot);if(typeof ezimData=='object'){if(ezimData.creative_id!==undefined){creativeId=ezimData.creative_id;}
if(ezimData.line_item_id!==undefined){lineItemId=ezimData.line_item_id;}}
if(__ez.dot.isDefined(impId,adUnit)&&__ez.dot.isValid(pixelData)){pixels.push({type:"impression",impression_id:impId,domain_id:__ez.dot.getDID(),unit:adUnit,t_epoch:__ez.dot.getEpoch(0),revenue:revenue,est_revenue:est_revenue,ad_position:ad_position_id,ad_size:"",bid_floor_filled:bid_floor_filled,bid_floor_prev:bid_floor_prev,stat_source_id:stat_source_id,country_code:__ez.dot.getCC(),pageview_id:__ez.dot.getPageviewId(),comp_id:compId,line_item_id:lineItemId,creative_id:creativeId,data:__ez.dot.dataToStr(pixelData),is_orig:isOrig||__ez.template.isOrig,});}}
function AddPixelById(impFullId,pixelData,isOrig){var vals=impFullId.split('/');if(__ez.dot.isDefined(impFullId)&&vals.length===3&&__ez.dot.isValid(pixelData)){var adUnit=vals[0],impId=vals[2];pixels.push({type:"impression",impression_id:impId,domain_id:__ez.dot.getDID(),unit:adUnit,t_epoch:__ez.dot.getEpoch(0),pageview_id:__ez.dot.getPageviewId(),data:__ez.dot.dataToStr(pixelData),is_orig:isOrig||__ez.template.isOrig});}}
function Fire(){if(typeof document.visibilityState!=='undefined'&&document.visibilityState==="prerender")return;if(__ez.dot.isDefined(pixels)&&pixels.length>0){var allPixels=[pixels.filter(function(pixel){return pixel.is_orig}),pixels.filter(function(pixel){return!pixel.is_orig})];allPixels.forEach(function(pixels){while(pixels.length>0){var isOrig=pixels[0].is_orig||false;var j=5;if(j>pixels.length){j=pixels.length;}
var pushPixels=pixels.splice(0,j);var pixelURL=__ez.dot.getURL(pxURL)+"?orig="+(isOrig===true?1:0)+"&sts="+btoa(JSON.stringify(pushPixels));if(typeof window.isAmp!=='undefined'&&isAmp&&typeof window._ezaq!=='undefined'&&_ezaq.hasOwnProperty("domain_id")){pixelURL+="&visit_uuid="+_ezaq['visit_uuid'];}
(new Image()).src=pixelURL;}})}
pixels=[];}
function getEzimData(adSlot){if(typeof _ezim_d=="undefined"){return false}
var adUnitName=__ez.dot.getAdUnitPath(adSlot).split('/').pop();if(typeof _ezim_d==='object'&&_ezim_d.hasOwnProperty(adUnitName)){return _ezim_d[adUnitName];}
for(var ezimKey in _ezim_d){if(ezimKey.split('/').pop()===adUnitName){return _ezim_d[ezimKey];}}
return false;}
return{Add:AddPixel,AddAndFire:AddAndFirePixel,AddAndFireOrig:AddAndFireOrigPixel,AddById:AddPixelById,Fire:Fire,GetPixels:GetCurrentPixels,};})();__ez.queue.addFile('/detroitchicago/raleigh.js', '/detroitchicago/raleigh.js?gcb=192-6&cb=2', false, [], true, false, true, false);__ez.queue.addFile('/detroitchicago/tampa.js', '/detroitchicago/tampa.js?gcb=192-6&cb=1', false, [], true, false, true, false);</script>
<script data-ezscrex="false" type="text/javascript" data-cfasync="false">var _ezaq = {"ad_cache_level":0,"ad_count_adjustment":0,"ad_lazyload_version":0,"ad_location_ids":"","ad_transform_level":0,"adx_ad_count":0,"bidder_method":1,"bidder_version":3,"city":"Noida","country":"IN","days_since_last_visit":-1,"display_ad_count":0,"domain_id":133674,"ds_adsize_opt_id":-1,"engaged_time_visit":0,"ezcache_level":1,"ezcache_skip_code":0,"form_factor_id":1,"framework_id":1,"has_bad_image":0,"has_bad_words":0,"iab_category":"","is_from_recommended_pages":false,"is_return_visitor":false,"is_sitespeed":0,"last_page_load":"","last_pageview_id":"","lt_cache_level":0,"max_ads":0,"metro_code":0,"optimization_version":1,"page_ad_positions":"","page_view_count":0,"page_view_id":"82c79de6-bd72-4a95-6a3e-44ad19173740","position_selection_id":0,"postal_code":"110091","pv_event_count":0,"response_size_orig":0,"response_time_orig":1691,"serverid":"13.235.50.183:8388","state":"UP","sub_page_ad_positions":"","t_epoch":1612521222,"template_id":0,"time_on_site_visit":0,"url":"http://dummy.restapiexample.com/api/v1/employees","user_id":0,"word_count":0,"worst_bad_word_level":0};var _ezim_d = null;var _ezat = {"domain_id":133674,"form_factor_id":1,"framework_id":1,"pageview_date":"2021-02-05","pageview_id":"82c79de6-bd72-4a95-6a3e-44ad19173740","template_id":0,"url":"http://dummy.restapiexample.com/api/v1/employees","visit_uuid":"7df1369a-2ab6-4cbc-6fbc-d8beb6af83f9"};</script><script data-ezscrex='false' data-pagespeed-no-defer data-cfasync='false' type="text/javascript">__ez.queue.addFile('banger.js', '/porpoiseant/banger.js?cb=192-6&bv=96&v=39&PageSpeed=off', true, [], true, false, false, true);</script>
<script data-ezscrex="false" data-cfasync="false">(function(){if("function"===typeof window.CustomEvent)return!1;window.CustomEvent=function(c,a){a=a||{bubbles:!1,cancelable:!1,detail:null};var b=document.createEvent("CustomEvent");b.initCustomEvent(c,a.bubbles,a.cancelable,a.detail);return b}})();</script><script data-ezscrex="false" data-cfasync="false">__ez.queue.addFile('/detroitchicago/tulsa.js', '/detroitchicago/tulsa.js?gcb=192-6&cb=5', false, [], true, false, true, false);</script>
        
        <meta name="viewport" content="width=device-width, initial-scale=1">

        <title>Too Many Requests</title>

        <!-- Fonts -->
        <link rel="dns-prefetch" href="//fonts.gstatic.com">
        <link href="https://fonts.googleapis.com/css?family=Nunito" rel="stylesheet">

        <!-- Styles -->
        <style>
            html, body {
                background-color: #fff;
                color: #636b6f;
                font-family: 'Nunito', sans-serif;
                font-weight: 100;
                height: 100vh;
                margin: 0;
            }

            .full-height {
                height: 100vh;
            }

            .flex-center {
                align-items: center;
                display: flex;
                justify-content: center;
            }

            .position-ref {
                position: relative;
            }

            .code {
                border-right: 2px solid;
                font-size: 26px;
                padding: 0 15px 0 15px;
                text-align: center;
            }

            .message {
                font-size: 18px;
                text-align: center;
            }
        </style>
    <script type="text/javascript">var ezouid = "1";</script><base href="http://dummy.restapiexample.com/api/v1/employees"><script type='text/javascript'>
var ezoTemplate = 'pub_site_noads';
if(typeof ezouid == 'undefined')
{
    var ezouid = 'none';
}
var ezoFormfactor = '1';
var ezo_elements_to_check = Array();
</script><!-- START EZHEAD -->
<script data-ezscrex="false" type='text/javascript'>
var soc_app_id = '0';
var did = 133674;
var ezdomain = 'restapiexample.com';
var ezoicSearchable = 1;
</script>
<!--{jquery}-->
<!-- END EZHEAD -->
<script data-ezscrex='false' data-pagespeed-no-defer data-cfasync='false' type='text/javascript' style='display:none'>
__ez.queue.addFile('__ezf_ezosuigeneris', '//g.ezoic.net/ezosuigeneris.js', true, [], true, false, false, false);
var __ez_ezosuigenerisEvt = function() { if(typeof(ezosuigeneris) != 'undefined'){__ez.bit.AddAndFire(_ezaq['page_view_id'], [(new __ezDotData('universal_user_id', ezosuigeneris))]); }};
__ez.queue.addFunc('__ez_ezosuigenerisEvt', '__ez_ezosuigenerisEvt', null, false, ['__ezf_ezosuigeneris','/detroitchicago/minneapolis.js','/detroitchicago/memphis.js'], false, false, false, false);</script><script data-ezscrex='false' data-pagespeed-no-defer data-cfasync='false' type='text/javascript' style='display:none'>__ez.queue.addFile('__ezf_ezosuigenerisc', '//g.ezoic.net/ezosuigenerisc.js?nogen=1', true, ["/detroitchicago/boise.js"], true, false, false, false);</script>
<script data-ezscrex='false' data-pagespeed-no-defer data-cfasync='false'>
function create_ezolpl(pvID, rv) {
    var d = new Date();
    d.setTime(d.getTime() + (365*24*60*60*1000));
    var expires = "expires="+d.toUTCString();
    __ez.ck.setByCat("ezux_lpl_133674=" + new Date().getTime() + "|" + pvID + "|" + rv + "; " + expires, 3);
}
function attach_ezolpl(pvID, rv) {
    if (document.readyState === "complete") {
        create_ezolpl(pvID, rv);
    }
    if(window.attachEvent) {
        window.attachEvent("onload", create_ezolpl, pvID, rv);
    } else {
        if(window.onload) {
            var curronload = window.onload;
            var newonload = function(evt) {
                curronload(evt);
                create_ezolpl(pvID, rv);
            };
            window.onload = newonload;
        } else {
            window.onload = create_ezolpl.bind(null, pvID, rv);
        }
    }
}

__ez.queue.addFunc("attach_ezolpl", "attach_ezolpl", ["82c79de6-bd72-4a95-6a3e-44ad19173740", "false"], false, ['/detroitchicago/boise.js'], true, false, false, false);
</script></head>
    <body>
        <div class="flex-center position-ref full-height">
            <div class="code">
                429            </div>

            <div class="message" style="padding: 10px;">
                Too Many Requests            </div>
        </div>
    <script type="text/javascript" style='display:none;'>var __ez_dims = (function() {
		var setCookie = function( name, content, expiry ) {
			return document.cookie = name+'='+content+((expiry)?';expires='+(new Date(Math.floor(new Date().getTime()+expiry*1000)).toUTCString()):'')+';path=/';
		};
		var ffid = 1;
		var oh = window.screen.height;
		var ow = window.screen.width;
		var h = ffid === 1 ? oh : (oh > ow) ? oh : ow;
		var w = ffid === 1 ? ow : (oh > ow) ? ow : oh;
		var uh = window.innerHeight || document.documentElement.clientHeight || document.getElementsByTagName('body')[0].clientHeight;
		var uw = window.innerWidth || document.documentElement.clientWidth || document.getElementsByTagName('body')[0].clientWidth;
		setCookie('ezds', encodeURIComponent('ffid='+ffid+',w='+w+',h='+h), (31536e3*7));
		setCookie('ezohw', encodeURIComponent('w='+uw+',h='+uh), (31536e3*7));
	})();</script><script type='text/javascript' style='display:none;' async>
__ez.queue.addFile('edmonton.php', '/detroitchicago/edmonton.webp?a=a&cb=192-6&shcb=34', true, ['/detroitchicago/minneapolis.js'], true, false, false, false);
__ez.queue.addFile('jellyfish.php', '/porpoiseant/jellyfish.webp?a=a&cb=192-6&shcb=34', false, [], true, false, false, false);
</script>

<script type='text/javascript' data-cfasync='false'></script></body>
</html>

featurefiles.KarateTestSuite-11_REST_API: KarateTestSuite-11_REST_API.feature:18 - evaluation (js) failed: response.data.id == id, javax.script.ScriptException: TypeError: Cannot get property "id" of null in <eval> at line number 1
stack trace: jdk.nashorn.api.scripting.NashornScriptEngine.throwAsScriptException(NashornScriptEngine.java:470)
featurefiles.KarateTestSuite-18_ActiveMQ_1: KarateTestSuite-18_ActiveMQ_1.feature:28 - path: $.value.agent, actual: null, expected: '1.3.4', reason: actual json-path does not exist
featurefiles.KarateTestSuite-19_ActiveMQ_2: KarateTestSuite-19_ActiveMQ_2.feature:64 - 
java.net.SocketTimeoutException: Read timed out

16:03:53.172 [Test worker] DEBUG org.apache.velocity - CommonsLogLogChute name is 'org.apache.velocity'
16:03:53.172 [Test worker] DEBUG org.apache.velocity - Initializing Velocity, Calling init()...
16:03:53.172 [Test worker] DEBUG org.apache.velocity - Starting Apache Velocity v1.7 (compiled: 2010-11-19 12:14:37)
16:03:53.172 [Test worker] DEBUG org.apache.velocity - Default Properties File: org\apache\velocity\runtime\defaults\velocity.properties
16:03:53.172 [Test worker] DEBUG org.apache.velocity - Trying to use logger class org.apache.velocity.runtime.log.AvalonLogChute
16:03:53.172 [Test worker] DEBUG org.apache.velocity - Target log system for org.apache.velocity.runtime.log.AvalonLogChute is not available (java.lang.NoClassDefFoundError: org/apache/log/format/Formatter).  Falling back to next log system...
16:03:53.172 [Test worker] DEBUG org.apache.velocity - Trying to use logger class org.apache.velocity.runtime.log.Log4JLogChute
16:03:53.172 [Test worker] DEBUG org.apache.velocity - Target log system for org.apache.velocity.runtime.log.Log4JLogChute is not available (java.lang.NoClassDefFoundError: org/apache/log4j/Layout).  Falling back to next log system...
16:03:53.172 [Test worker] DEBUG org.apache.velocity - Trying to use logger class org.apache.velocity.runtime.log.CommonsLogLogChute
16:03:53.172 [Test worker] DEBUG org.apache.velocity - Using logger class org.apache.velocity.runtime.log.CommonsLogLogChute
16:03:53.172 [Test worker] DEBUG org.apache.velocity - ResourceLoader instantiated: org.apache.velocity.runtime.resource.loader.ClasspathResourceLoader
16:03:53.187 [Test worker] DEBUG org.apache.velocity - ResourceCache: initialized (class org.apache.velocity.runtime.resource.ResourceCacheImpl) with class java.util.Collections$SynchronizedMap cache map.
16:03:53.187 [Test worker] DEBUG org.apache.velocity - Loaded System Directive: org.apache.velocity.runtime.directive.Stop
16:03:53.187 [Test worker] DEBUG org.apache.velocity - Loaded System Directive: org.apache.velocity.runtime.directive.Define
16:03:53.187 [Test worker] DEBUG org.apache.velocity - Loaded System Directive: org.apache.velocity.runtime.directive.Break
16:03:53.187 [Test worker] DEBUG org.apache.velocity - Loaded System Directive: org.apache.velocity.runtime.directive.Evaluate
16:03:53.187 [Test worker] DEBUG org.apache.velocity - Loaded System Directive: org.apache.velocity.runtime.directive.Literal
16:03:53.187 [Test worker] DEBUG org.apache.velocity - Loaded System Directive: org.apache.velocity.runtime.directive.Macro
16:03:53.187 [Test worker] DEBUG org.apache.velocity - Loaded System Directive: org.apache.velocity.runtime.directive.Parse
16:03:53.187 [Test worker] DEBUG org.apache.velocity - Loaded System Directive: org.apache.velocity.runtime.directive.Include
16:03:53.187 [Test worker] DEBUG org.apache.velocity - Loaded System Directive: org.apache.velocity.runtime.directive.Foreach
16:03:53.203 [Test worker] DEBUG org.apache.velocity - Created '20' parsers.
16:03:53.218 [Test worker] DEBUG org.apache.velocity - Velocimacro : "velocimacro.library" is not set.  Trying default library: VM_global_library.vm
16:03:53.218 [Test worker] DEBUG org.apache.velocity - Could not load resource 'VM_global_library.vm' from ResourceLoader org.apache.velocity.runtime.resource.loader.ClasspathResourceLoader: ClasspathResourceLoader Error: cannot find resource VM_global_library.vm
16:03:53.218 [Test worker] DEBUG org.apache.velocity - Velocimacro : Default library not found.
16:03:53.218 [Test worker] DEBUG org.apache.velocity - Velocimacro : allowInline = true : VMs can be defined inline in templates
16:03:53.218 [Test worker] DEBUG org.apache.velocity - Velocimacro : allowInlineToOverride = false : VMs defined inline may NOT replace previous VM definitions
16:03:53.218 [Test worker] DEBUG org.apache.velocity - Velocimacro : allowInlineLocal = false : VMs defined inline will be global in scope if allowed.
16:03:53.218 [Test worker] DEBUG org.apache.velocity - Velocimacro : autoload off : VM system will not automatically reload global library macros
16:03:53.281 [Test worker] DEBUG org.apache.velocity - CommonsLogLogChute name is 'org.apache.velocity'
16:03:53.281 [Test worker] DEBUG org.apache.velocity - Initializing Velocity, Calling init()...
16:03:53.281 [Test worker] DEBUG org.apache.velocity - Starting Apache Velocity v1.7 (compiled: 2010-11-19 12:14:37)
16:03:53.281 [Test worker] DEBUG org.apache.velocity - Default Properties File: org\apache\velocity\runtime\defaults\velocity.properties
16:03:53.281 [Test worker] DEBUG org.apache.velocity - Trying to use logger class org.apache.velocity.runtime.log.AvalonLogChute
16:03:53.281 [Test worker] DEBUG org.apache.velocity - Target log system for org.apache.velocity.runtime.log.AvalonLogChute is not available (java.lang.NoClassDefFoundError: org/apache/log/format/Formatter).  Falling back to next log system...
16:03:53.281 [Test worker] DEBUG org.apache.velocity - Trying to use logger class org.apache.velocity.runtime.log.Log4JLogChute
16:03:53.281 [Test worker] DEBUG org.apache.velocity - Target log system for org.apache.velocity.runtime.log.Log4JLogChute is not available (java.lang.NoClassDefFoundError: org/apache/log4j/Layout).  Falling back to next log system...
16:03:53.281 [Test worker] DEBUG org.apache.velocity - Trying to use logger class org.apache.velocity.runtime.log.CommonsLogLogChute
16:03:53.281 [Test worker] DEBUG org.apache.velocity - Using logger class org.apache.velocity.runtime.log.CommonsLogLogChute
16:03:53.281 [Test worker] DEBUG org.apache.velocity - ResourceLoader instantiated: org.apache.velocity.runtime.resource.loader.ClasspathResourceLoader
16:03:53.281 [Test worker] DEBUG org.apache.velocity - ResourceCache: initialized (class org.apache.velocity.runtime.resource.ResourceCacheImpl) with class java.util.Collections$SynchronizedMap cache map.
16:03:53.281 [Test worker] DEBUG org.apache.velocity - Loaded System Directive: org.apache.velocity.runtime.directive.Stop
16:03:53.281 [Test worker] DEBUG org.apache.velocity - Loaded System Directive: org.apache.velocity.runtime.directive.Define
16:03:53.281 [Test worker] DEBUG org.apache.velocity - Loaded System Directive: org.apache.velocity.runtime.directive.Break
16:03:53.281 [Test worker] DEBUG org.apache.velocity - Loaded System Directive: org.apache.velocity.runtime.directive.Evaluate
16:03:53.281 [Test worker] DEBUG org.apache.velocity - Loaded System Directive: org.apache.velocity.runtime.directive.Literal
16:03:53.281 [Test worker] DEBUG org.apache.velocity - Loaded System Directive: org.apache.velocity.runtime.directive.Macro
16:03:53.281 [Test worker] DEBUG org.apache.velocity - Loaded System Directive: org.apache.velocity.runtime.directive.Parse
16:03:53.281 [Test worker] DEBUG org.apache.velocity - Loaded System Directive: org.apache.velocity.runtime.directive.Include
16:03:53.281 [Test worker] DEBUG org.apache.velocity - Loaded System Directive: org.apache.velocity.runtime.directive.Foreach
16:03:53.281 [Test worker] DEBUG org.apache.velocity - Created '20' parsers.
16:03:53.281 [Test worker] DEBUG org.apache.velocity - Velocimacro : "velocimacro.library" is not set.  Trying default library: VM_global_library.vm
16:03:53.281 [Test worker] DEBUG org.apache.velocity - Could not load resource 'VM_global_library.vm' from ResourceLoader org.apache.velocity.runtime.resource.loader.ClasspathResourceLoader: ClasspathResourceLoader Error: cannot find resource VM_global_library.vm
16:03:53.281 [Test worker] DEBUG org.apache.velocity - Velocimacro : Default library not found.
16:03:53.281 [Test worker] DEBUG org.apache.velocity - Velocimacro : allowInline = true : VMs can be defined inline in templates
16:03:53.281 [Test worker] DEBUG org.apache.velocity - Velocimacro : allowInlineToOverride = false : VMs defined inline may NOT replace previous VM definitions
16:03:53.281 [Test worker] DEBUG org.apache.velocity - Velocimacro : allowInlineLocal = false : VMs defined inline will be global in scope if allowed.
16:03:53.281 [Test worker] DEBUG org.apache.velocity - Velocimacro : autoload off : VM system will not automatically reload global library macros
16:03:53.281 [Test worker] DEBUG org.apache.velocity - CommonsLogLogChute name is 'org.apache.velocity'
16:03:53.281 [Test worker] DEBUG org.apache.velocity - Initializing Velocity, Calling init()...
16:03:53.281 [Test worker] DEBUG org.apache.velocity - Starting Apache Velocity v1.7 (compiled: 2010-11-19 12:14:37)
16:03:53.281 [Test worker] DEBUG org.apache.velocity - Default Properties File: org\apache\velocity\runtime\defaults\velocity.properties
16:03:53.281 [Test worker] DEBUG org.apache.velocity - Trying to use logger class org.apache.velocity.runtime.log.AvalonLogChute
16:03:53.281 [Test worker] DEBUG org.apache.velocity - Target log system for org.apache.velocity.runtime.log.AvalonLogChute is not available (java.lang.NoClassDefFoundError: org/apache/log/format/Formatter).  Falling back to next log system...
16:03:53.281 [Test worker] DEBUG org.apache.velocity - Trying to use logger class org.apache.velocity.runtime.log.Log4JLogChute
16:03:53.281 [Test worker] DEBUG org.apache.velocity - Target log system for org.apache.velocity.runtime.log.Log4JLogChute is not available (java.lang.NoClassDefFoundError: org/apache/log4j/Layout).  Falling back to next log system...
16:03:53.281 [Test worker] DEBUG org.apache.velocity - Trying to use logger class org.apache.velocity.runtime.log.CommonsLogLogChute
16:03:53.281 [Test worker] DEBUG org.apache.velocity - Using logger class org.apache.velocity.runtime.log.CommonsLogLogChute
16:03:53.281 [Test worker] DEBUG org.apache.velocity - ResourceLoader instantiated: org.apache.velocity.runtime.resource.loader.ClasspathResourceLoader
16:03:53.281 [Test worker] DEBUG org.apache.velocity - ResourceCache: initialized (class org.apache.velocity.runtime.resource.ResourceCacheImpl) with class java.util.Collections$SynchronizedMap cache map.
16:03:53.281 [Test worker] DEBUG org.apache.velocity - Loaded System Directive: org.apache.velocity.runtime.directive.Stop
16:03:53.281 [Test worker] DEBUG org.apache.velocity - Loaded System Directive: org.apache.velocity.runtime.directive.Define
16:03:53.281 [Test worker] DEBUG org.apache.velocity - Loaded System Directive: org.apache.velocity.runtime.directive.Break
16:03:53.281 [Test worker] DEBUG org.apache.velocity - Loaded System Directive: org.apache.velocity.runtime.directive.Evaluate
16:03:53.281 [Test worker] DEBUG org.apache.velocity - Loaded System Directive: org.apache.velocity.runtime.directive.Literal
16:03:53.281 [Test worker] DEBUG org.apache.velocity - Loaded System Directive: org.apache.velocity.runtime.directive.Macro
16:03:53.281 [Test worker] DEBUG org.apache.velocity - Loaded System Directive: org.apache.velocity.runtime.directive.Parse
16:03:53.281 [Test worker] DEBUG org.apache.velocity - Loaded System Directive: org.apache.velocity.runtime.directive.Include
16:03:53.281 [Test worker] DEBUG org.apache.velocity - Loaded System Directive: org.apache.velocity.runtime.directive.Foreach
16:03:53.281 [Test worker] DEBUG org.apache.velocity - Created '20' parsers.
16:03:53.281 [Test worker] DEBUG org.apache.velocity - Velocimacro : "velocimacro.library" is not set.  Trying default library: VM_global_library.vm
16:03:53.281 [Test worker] DEBUG org.apache.velocity - Could not load resource 'VM_global_library.vm' from ResourceLoader org.apache.velocity.runtime.resource.loader.ClasspathResourceLoader: ClasspathResourceLoader Error: cannot find resource VM_global_library.vm
16:03:53.281 [Test worker] DEBUG org.apache.velocity - Velocimacro : Default library not found.
16:03:53.281 [Test worker] DEBUG org.apache.velocity - Velocimacro : allowInline = true : VMs can be defined inline in templates
16:03:53.281 [Test worker] DEBUG org.apache.velocity - Velocimacro : allowInlineToOverride = false : VMs defined inline may NOT replace previous VM definitions
16:03:53.281 [Test worker] DEBUG org.apache.velocity - Velocimacro : allowInlineLocal = false : VMs defined inline will be global in scope if allowed.
16:03:53.281 [Test worker] DEBUG org.apache.velocity - Velocimacro : autoload off : VM system will not automatically reload global library macros
16:03:53.281 [Test worker] DEBUG org.apache.velocity - CommonsLogLogChute name is 'org.apache.velocity'
16:03:53.281 [Test worker] DEBUG org.apache.velocity - Initializing Velocity, Calling init()...
16:03:53.281 [Test worker] DEBUG org.apache.velocity - Starting Apache Velocity v1.7 (compiled: 2010-11-19 12:14:37)
16:03:53.281 [Test worker] DEBUG org.apache.velocity - Default Properties File: org\apache\velocity\runtime\defaults\velocity.properties
16:03:53.281 [Test worker] DEBUG org.apache.velocity - Trying to use logger class org.apache.velocity.runtime.log.AvalonLogChute
16:03:53.281 [Test worker] DEBUG org.apache.velocity - Target log system for org.apache.velocity.runtime.log.AvalonLogChute is not available (java.lang.NoClassDefFoundError: org/apache/log/format/Formatter).  Falling back to next log system...
16:03:53.281 [Test worker] DEBUG org.apache.velocity - Trying to use logger class org.apache.velocity.runtime.log.Log4JLogChute
16:03:53.281 [Test worker] DEBUG org.apache.velocity - Target log system for org.apache.velocity.runtime.log.Log4JLogChute is not available (java.lang.NoClassDefFoundError: org/apache/log4j/Layout).  Falling back to next log system...
16:03:53.281 [Test worker] DEBUG org.apache.velocity - Trying to use logger class org.apache.velocity.runtime.log.CommonsLogLogChute
16:03:53.281 [Test worker] DEBUG org.apache.velocity - Using logger class org.apache.velocity.runtime.log.CommonsLogLogChute
16:03:53.281 [Test worker] DEBUG org.apache.velocity - ResourceLoader instantiated: org.apache.velocity.runtime.resource.loader.ClasspathResourceLoader
16:03:53.281 [Test worker] DEBUG org.apache.velocity - ResourceCache: initialized (class org.apache.velocity.runtime.resource.ResourceCacheImpl) with class java.util.Collections$SynchronizedMap cache map.
16:03:53.281 [Test worker] DEBUG org.apache.velocity - Loaded System Directive: org.apache.velocity.runtime.directive.Stop
16:03:53.281 [Test worker] DEBUG org.apache.velocity - Loaded System Directive: org.apache.velocity.runtime.directive.Define
16:03:53.281 [Test worker] DEBUG org.apache.velocity - Loaded System Directive: org.apache.velocity.runtime.directive.Break
16:03:53.281 [Test worker] DEBUG org.apache.velocity - Loaded System Directive: org.apache.velocity.runtime.directive.Evaluate
16:03:53.281 [Test worker] DEBUG org.apache.velocity - Loaded System Directive: org.apache.velocity.runtime.directive.Literal
16:03:53.281 [Test worker] DEBUG org.apache.velocity - Loaded System Directive: org.apache.velocity.runtime.directive.Macro
16:03:53.281 [Test worker] DEBUG org.apache.velocity - Loaded System Directive: org.apache.velocity.runtime.directive.Parse
16:03:53.281 [Test worker] DEBUG org.apache.velocity - Loaded System Directive: org.apache.velocity.runtime.directive.Include
16:03:53.281 [Test worker] DEBUG org.apache.velocity - Loaded System Directive: org.apache.velocity.runtime.directive.Foreach
16:03:53.281 [Test worker] DEBUG org.apache.velocity - Created '20' parsers.
16:03:53.281 [Test worker] DEBUG org.apache.velocity - Velocimacro : "velocimacro.library" is not set.  Trying default library: VM_global_library.vm
16:03:53.281 [Test worker] DEBUG org.apache.velocity - Could not load resource 'VM_global_library.vm' from ResourceLoader org.apache.velocity.runtime.resource.loader.ClasspathResourceLoader: ClasspathResourceLoader Error: cannot find resource VM_global_library.vm
16:03:53.281 [Test worker] DEBUG org.apache.velocity - Velocimacro : Default library not found.
16:03:53.281 [Test worker] DEBUG org.apache.velocity - Velocimacro : allowInline = true : VMs can be defined inline in templates
16:03:53.281 [Test worker] DEBUG org.apache.velocity - Velocimacro : allowInlineToOverride = false : VMs defined inline may NOT replace previous VM definitions
16:03:53.281 [Test worker] DEBUG org.apache.velocity - Velocimacro : allowInlineLocal = false : VMs defined inline will be global in scope if allowed.
16:03:53.281 [Test worker] DEBUG org.apache.velocity - Velocimacro : autoload off : VM system will not automatically reload global library macros
16:03:53.281 [Test worker] DEBUG org.apache.velocity - CommonsLogLogChute name is 'org.apache.velocity'
16:03:53.281 [Test worker] DEBUG org.apache.velocity - Initializing Velocity, Calling init()...
16:03:53.281 [Test worker] DEBUG org.apache.velocity - Starting Apache Velocity v1.7 (compiled: 2010-11-19 12:14:37)
16:03:53.281 [Test worker] DEBUG org.apache.velocity - Default Properties File: org\apache\velocity\runtime\defaults\velocity.properties
16:03:53.281 [Test worker] DEBUG org.apache.velocity - Trying to use logger class org.apache.velocity.runtime.log.AvalonLogChute
16:03:53.281 [Test worker] DEBUG org.apache.velocity - Target log system for org.apache.velocity.runtime.log.AvalonLogChute is not available (java.lang.NoClassDefFoundError: org/apache/log/format/Formatter).  Falling back to next log system...
16:03:53.281 [Test worker] DEBUG org.apache.velocity - Trying to use logger class org.apache.velocity.runtime.log.Log4JLogChute
16:03:53.281 [Test worker] DEBUG org.apache.velocity - Target log system for org.apache.velocity.runtime.log.Log4JLogChute is not available (java.lang.NoClassDefFoundError: org/apache/log4j/Layout).  Falling back to next log system...
16:03:53.281 [Test worker] DEBUG org.apache.velocity - Trying to use logger class org.apache.velocity.runtime.log.CommonsLogLogChute
16:03:53.281 [Test worker] DEBUG org.apache.velocity - Using logger class org.apache.velocity.runtime.log.CommonsLogLogChute
16:03:53.281 [Test worker] DEBUG org.apache.velocity - ResourceLoader instantiated: org.apache.velocity.runtime.resource.loader.ClasspathResourceLoader
16:03:53.281 [Test worker] DEBUG org.apache.velocity - ResourceCache: initialized (class org.apache.velocity.runtime.resource.ResourceCacheImpl) with class java.util.Collections$SynchronizedMap cache map.
16:03:53.281 [Test worker] DEBUG org.apache.velocity - Loaded System Directive: org.apache.velocity.runtime.directive.Stop
16:03:53.281 [Test worker] DEBUG org.apache.velocity - Loaded System Directive: org.apache.velocity.runtime.directive.Define
16:03:53.281 [Test worker] DEBUG org.apache.velocity - Loaded System Directive: org.apache.velocity.runtime.directive.Break
16:03:53.281 [Test worker] DEBUG org.apache.velocity - Loaded System Directive: org.apache.velocity.runtime.directive.Evaluate
16:03:53.281 [Test worker] DEBUG org.apache.velocity - Loaded System Directive: org.apache.velocity.runtime.directive.Literal
16:03:53.281 [Test worker] DEBUG org.apache.velocity - Loaded System Directive: org.apache.velocity.runtime.directive.Macro
16:03:53.281 [Test worker] DEBUG org.apache.velocity - Loaded System Directive: org.apache.velocity.runtime.directive.Parse
16:03:53.281 [Test worker] DEBUG org.apache.velocity - Loaded System Directive: org.apache.velocity.runtime.directive.Include
16:03:53.281 [Test worker] DEBUG org.apache.velocity - Loaded System Directive: org.apache.velocity.runtime.directive.Foreach
16:03:53.281 [Test worker] DEBUG org.apache.velocity - Created '20' parsers.
16:03:53.281 [Test worker] DEBUG org.apache.velocity - Velocimacro : "velocimacro.library" is not set.  Trying default library: VM_global_library.vm
16:03:53.281 [Test worker] DEBUG org.apache.velocity - Could not load resource 'VM_global_library.vm' from ResourceLoader org.apache.velocity.runtime.resource.loader.ClasspathResourceLoader: ClasspathResourceLoader Error: cannot find resource VM_global_library.vm
16:03:53.281 [Test worker] DEBUG org.apache.velocity - Velocimacro : Default library not found.
16:03:53.281 [Test worker] DEBUG org.apache.velocity - Velocimacro : allowInline = true : VMs can be defined inline in templates
16:03:53.281 [Test worker] DEBUG org.apache.velocity - Velocimacro : allowInlineToOverride = false : VMs defined inline may NOT replace previous VM definitions
16:03:53.281 [Test worker] DEBUG org.apache.velocity - Velocimacro : allowInlineLocal = false : VMs defined inline will be global in scope if allowed.
16:03:53.281 [Test worker] DEBUG org.apache.velocity - Velocimacro : autoload off : VM system will not automatically reload global library macros
16:03:53.296 [Test worker] DEBUG org.apache.velocity - CommonsLogLogChute name is 'org.apache.velocity'
16:03:53.296 [Test worker] DEBUG org.apache.velocity - Initializing Velocity, Calling init()...
16:03:53.296 [Test worker] DEBUG org.apache.velocity - Starting Apache Velocity v1.7 (compiled: 2010-11-19 12:14:37)
16:03:53.296 [Test worker] DEBUG org.apache.velocity - Default Properties File: org\apache\velocity\runtime\defaults\velocity.properties
16:03:53.296 [Test worker] DEBUG org.apache.velocity - Trying to use logger class org.apache.velocity.runtime.log.AvalonLogChute
16:03:53.296 [Test worker] DEBUG org.apache.velocity - Target log system for org.apache.velocity.runtime.log.AvalonLogChute is not available (java.lang.NoClassDefFoundError: org/apache/log/format/Formatter).  Falling back to next log system...
16:03:53.296 [Test worker] DEBUG org.apache.velocity - Trying to use logger class org.apache.velocity.runtime.log.Log4JLogChute
16:03:53.296 [Test worker] DEBUG org.apache.velocity - Target log system for org.apache.velocity.runtime.log.Log4JLogChute is not available (java.lang.NoClassDefFoundError: org/apache/log4j/Layout).  Falling back to next log system...
16:03:53.296 [Test worker] DEBUG org.apache.velocity - Trying to use logger class org.apache.velocity.runtime.log.CommonsLogLogChute
16:03:53.296 [Test worker] DEBUG org.apache.velocity - Using logger class org.apache.velocity.runtime.log.CommonsLogLogChute
16:03:53.296 [Test worker] DEBUG org.apache.velocity - ResourceLoader instantiated: org.apache.velocity.runtime.resource.loader.ClasspathResourceLoader
16:03:53.296 [Test worker] DEBUG org.apache.velocity - ResourceCache: initialized (class org.apache.velocity.runtime.resource.ResourceCacheImpl) with class java.util.Collections$SynchronizedMap cache map.
16:03:53.296 [Test worker] DEBUG org.apache.velocity - Loaded System Directive: org.apache.velocity.runtime.directive.Stop
16:03:53.296 [Test worker] DEBUG org.apache.velocity - Loaded System Directive: org.apache.velocity.runtime.directive.Define
16:03:53.296 [Test worker] DEBUG org.apache.velocity - Loaded System Directive: org.apache.velocity.runtime.directive.Break
16:03:53.296 [Test worker] DEBUG org.apache.velocity - Loaded System Directive: org.apache.velocity.runtime.directive.Evaluate
16:03:53.296 [Test worker] DEBUG org.apache.velocity - Loaded System Directive: org.apache.velocity.runtime.directive.Literal
16:03:53.296 [Test worker] DEBUG org.apache.velocity - Loaded System Directive: org.apache.velocity.runtime.directive.Macro
16:03:53.296 [Test worker] DEBUG org.apache.velocity - Loaded System Directive: org.apache.velocity.runtime.directive.Parse
16:03:53.296 [Test worker] DEBUG org.apache.velocity - Loaded System Directive: org.apache.velocity.runtime.directive.Include
16:03:53.296 [Test worker] DEBUG org.apache.velocity - Loaded System Directive: org.apache.velocity.runtime.directive.Foreach
16:03:53.296 [Test worker] DEBUG org.apache.velocity - Created '20' parsers.
16:03:53.296 [Test worker] DEBUG org.apache.velocity - Velocimacro : "velocimacro.library" is not set.  Trying default library: VM_global_library.vm
16:03:53.296 [Test worker] DEBUG org.apache.velocity - Could not load resource 'VM_global_library.vm' from ResourceLoader org.apache.velocity.runtime.resource.loader.ClasspathResourceLoader: ClasspathResourceLoader Error: cannot find resource VM_global_library.vm
16:03:53.296 [Test worker] DEBUG org.apache.velocity - Velocimacro : Default library not found.
16:03:53.296 [Test worker] DEBUG org.apache.velocity - Velocimacro : allowInline = true : VMs can be defined inline in templates
16:03:53.296 [Test worker] DEBUG org.apache.velocity - Velocimacro : allowInlineToOverride = false : VMs defined inline may NOT replace previous VM definitions
16:03:53.296 [Test worker] DEBUG org.apache.velocity - Velocimacro : allowInlineLocal = false : VMs defined inline will be global in scope if allowed.
16:03:53.296 [Test worker] DEBUG org.apache.velocity - Velocimacro : autoload off : VM system will not automatically reload global library macros
16:03:53.296 [Test worker] DEBUG org.apache.velocity - CommonsLogLogChute name is 'org.apache.velocity'
16:03:53.296 [Test worker] DEBUG org.apache.velocity - Initializing Velocity, Calling init()...
16:03:53.296 [Test worker] DEBUG org.apache.velocity - Starting Apache Velocity v1.7 (compiled: 2010-11-19 12:14:37)
16:03:53.296 [Test worker] DEBUG org.apache.velocity - Default Properties File: org\apache\velocity\runtime\defaults\velocity.properties
16:03:53.296 [Test worker] DEBUG org.apache.velocity - Trying to use logger class org.apache.velocity.runtime.log.AvalonLogChute
16:03:53.296 [Test worker] DEBUG org.apache.velocity - Target log system for org.apache.velocity.runtime.log.AvalonLogChute is not available (java.lang.NoClassDefFoundError: org/apache/log/format/Formatter).  Falling back to next log system...
16:03:53.296 [Test worker] DEBUG org.apache.velocity - Trying to use logger class org.apache.velocity.runtime.log.Log4JLogChute
16:03:53.296 [Test worker] DEBUG org.apache.velocity - Target log system for org.apache.velocity.runtime.log.Log4JLogChute is not available (java.lang.NoClassDefFoundError: org/apache/log4j/Layout).  Falling back to next log system...
16:03:53.296 [Test worker] DEBUG org.apache.velocity - Trying to use logger class org.apache.velocity.runtime.log.CommonsLogLogChute
16:03:53.296 [Test worker] DEBUG org.apache.velocity - Using logger class org.apache.velocity.runtime.log.CommonsLogLogChute
16:03:53.296 [Test worker] DEBUG org.apache.velocity - ResourceLoader instantiated: org.apache.velocity.runtime.resource.loader.ClasspathResourceLoader
16:03:53.296 [Test worker] DEBUG org.apache.velocity - ResourceCache: initialized (class org.apache.velocity.runtime.resource.ResourceCacheImpl) with class java.util.Collections$SynchronizedMap cache map.
16:03:53.296 [Test worker] DEBUG org.apache.velocity - Loaded System Directive: org.apache.velocity.runtime.directive.Stop
16:03:53.296 [Test worker] DEBUG org.apache.velocity - Loaded System Directive: org.apache.velocity.runtime.directive.Define
16:03:53.296 [Test worker] DEBUG org.apache.velocity - Loaded System Directive: org.apache.velocity.runtime.directive.Break
16:03:53.296 [Test worker] DEBUG org.apache.velocity - Loaded System Directive: org.apache.velocity.runtime.directive.Evaluate
16:03:53.296 [Test worker] DEBUG org.apache.velocity - Loaded System Directive: org.apache.velocity.runtime.directive.Literal
16:03:53.296 [Test worker] DEBUG org.apache.velocity - Loaded System Directive: org.apache.velocity.runtime.directive.Macro
16:03:53.296 [Test worker] DEBUG org.apache.velocity - Loaded System Directive: org.apache.velocity.runtime.directive.Parse
16:03:53.296 [Test worker] DEBUG org.apache.velocity - Loaded System Directive: org.apache.velocity.runtime.directive.Include
16:03:53.296 [Test worker] DEBUG org.apache.velocity - Loaded System Directive: org.apache.velocity.runtime.directive.Foreach
16:03:53.296 [Test worker] DEBUG org.apache.velocity - Created '20' parsers.
16:03:53.296 [Test worker] DEBUG org.apache.velocity - Velocimacro : "velocimacro.library" is not set.  Trying default library: VM_global_library.vm
16:03:53.296 [Test worker] DEBUG org.apache.velocity - Could not load resource 'VM_global_library.vm' from ResourceLoader org.apache.velocity.runtime.resource.loader.ClasspathResourceLoader: ClasspathResourceLoader Error: cannot find resource VM_global_library.vm
16:03:53.296 [Test worker] DEBUG org.apache.velocity - Velocimacro : Default library not found.
16:03:53.296 [Test worker] DEBUG org.apache.velocity - Velocimacro : allowInline = true : VMs can be defined inline in templates
16:03:53.296 [Test worker] DEBUG org.apache.velocity - Velocimacro : allowInlineToOverride = false : VMs defined inline may NOT replace previous VM definitions
16:03:53.296 [Test worker] DEBUG org.apache.velocity - Velocimacro : allowInlineLocal = false : VMs defined inline will be global in scope if allowed.
16:03:53.296 [Test worker] DEBUG org.apache.velocity - Velocimacro : autoload off : VM system will not automatically reload global library macros
16:03:53.296 [Test worker] DEBUG org.apache.velocity - CommonsLogLogChute name is 'org.apache.velocity'
16:03:53.296 [Test worker] DEBUG org.apache.velocity - Initializing Velocity, Calling init()...
16:03:53.296 [Test worker] DEBUG org.apache.velocity - Starting Apache Velocity v1.7 (compiled: 2010-11-19 12:14:37)
16:03:53.296 [Test worker] DEBUG org.apache.velocity - Default Properties File: org\apache\velocity\runtime\defaults\velocity.properties
16:03:53.296 [Test worker] DEBUG org.apache.velocity - Trying to use logger class org.apache.velocity.runtime.log.AvalonLogChute
16:03:53.296 [Test worker] DEBUG org.apache.velocity - Target log system for org.apache.velocity.runtime.log.AvalonLogChute is not available (java.lang.NoClassDefFoundError: org/apache/log/format/Formatter).  Falling back to next log system...
16:03:53.296 [Test worker] DEBUG org.apache.velocity - Trying to use logger class org.apache.velocity.runtime.log.Log4JLogChute
16:03:53.296 [Test worker] DEBUG org.apache.velocity - Target log system for org.apache.velocity.runtime.log.Log4JLogChute is not available (java.lang.NoClassDefFoundError: org/apache/log4j/Layout).  Falling back to next log system...
16:03:53.296 [Test worker] DEBUG org.apache.velocity - Trying to use logger class org.apache.velocity.runtime.log.CommonsLogLogChute
16:03:53.296 [Test worker] DEBUG org.apache.velocity - Using logger class org.apache.velocity.runtime.log.CommonsLogLogChute
16:03:53.296 [Test worker] DEBUG org.apache.velocity - ResourceLoader instantiated: org.apache.velocity.runtime.resource.loader.ClasspathResourceLoader
16:03:53.296 [Test worker] DEBUG org.apache.velocity - ResourceCache: initialized (class org.apache.velocity.runtime.resource.ResourceCacheImpl) with class java.util.Collections$SynchronizedMap cache map.
16:03:53.296 [Test worker] DEBUG org.apache.velocity - Loaded System Directive: org.apache.velocity.runtime.directive.Stop
16:03:53.296 [Test worker] DEBUG org.apache.velocity - Loaded System Directive: org.apache.velocity.runtime.directive.Define
16:03:53.296 [Test worker] DEBUG org.apache.velocity - Loaded System Directive: org.apache.velocity.runtime.directive.Break
16:03:53.296 [Test worker] DEBUG org.apache.velocity - Loaded System Directive: org.apache.velocity.runtime.directive.Evaluate
16:03:53.296 [Test worker] DEBUG org.apache.velocity - Loaded System Directive: org.apache.velocity.runtime.directive.Literal
16:03:53.296 [Test worker] DEBUG org.apache.velocity - Loaded System Directive: org.apache.velocity.runtime.directive.Macro
16:03:53.296 [Test worker] DEBUG org.apache.velocity - Loaded System Directive: org.apache.velocity.runtime.directive.Parse
16:03:53.296 [Test worker] DEBUG org.apache.velocity - Loaded System Directive: org.apache.velocity.runtime.directive.Include
16:03:53.296 [Test worker] DEBUG org.apache.velocity - Loaded System Directive: org.apache.velocity.runtime.directive.Foreach
16:03:53.296 [Test worker] DEBUG org.apache.velocity - Created '20' parsers.
16:03:53.296 [Test worker] DEBUG org.apache.velocity - Velocimacro : "velocimacro.library" is not set.  Trying default library: VM_global_library.vm
16:03:53.296 [Test worker] DEBUG org.apache.velocity - Could not load resource 'VM_global_library.vm' from ResourceLoader org.apache.velocity.runtime.resource.loader.ClasspathResourceLoader: ClasspathResourceLoader Error: cannot find resource VM_global_library.vm
16:03:53.296 [Test worker] DEBUG org.apache.velocity - Velocimacro : Default library not found.
16:03:53.296 [Test worker] DEBUG org.apache.velocity - Velocimacro : allowInline = true : VMs can be defined inline in templates
16:03:53.296 [Test worker] DEBUG org.apache.velocity - Velocimacro : allowInlineToOverride = false : VMs defined inline may NOT replace previous VM definitions
16:03:53.296 [Test worker] DEBUG org.apache.velocity - Velocimacro : allowInlineLocal = false : VMs defined inline will be global in scope if allowed.
16:03:53.296 [Test worker] DEBUG org.apache.velocity - Velocimacro : autoload off : VM system will not automatically reload global library macros
16:03:53.296 [Test worker] DEBUG org.apache.velocity - CommonsLogLogChute name is 'org.apache.velocity'
16:03:53.296 [Test worker] DEBUG org.apache.velocity - Initializing Velocity, Calling init()...
16:03:53.296 [Test worker] DEBUG org.apache.velocity - Starting Apache Velocity v1.7 (compiled: 2010-11-19 12:14:37)
16:03:53.296 [Test worker] DEBUG org.apache.velocity - Default Properties File: org\apache\velocity\runtime\defaults\velocity.properties
16:03:53.296 [Test worker] DEBUG org.apache.velocity - Trying to use logger class org.apache.velocity.runtime.log.AvalonLogChute
16:03:53.296 [Test worker] DEBUG org.apache.velocity - Target log system for org.apache.velocity.runtime.log.AvalonLogChute is not available (java.lang.NoClassDefFoundError: org/apache/log/format/Formatter).  Falling back to next log system...
16:03:53.296 [Test worker] DEBUG org.apache.velocity - Trying to use logger class org.apache.velocity.runtime.log.Log4JLogChute
16:03:53.296 [Test worker] DEBUG org.apache.velocity - Target log system for org.apache.velocity.runtime.log.Log4JLogChute is not available (java.lang.NoClassDefFoundError: org/apache/log4j/Layout).  Falling back to next log system...
16:03:53.296 [Test worker] DEBUG org.apache.velocity - Trying to use logger class org.apache.velocity.runtime.log.CommonsLogLogChute
16:03:53.296 [Test worker] DEBUG org.apache.velocity - Using logger class org.apache.velocity.runtime.log.CommonsLogLogChute
16:03:53.296 [Test worker] DEBUG org.apache.velocity - ResourceLoader instantiated: org.apache.velocity.runtime.resource.loader.ClasspathResourceLoader
16:03:53.296 [Test worker] DEBUG org.apache.velocity - ResourceCache: initialized (class org.apache.velocity.runtime.resource.ResourceCacheImpl) with class java.util.Collections$SynchronizedMap cache map.
16:03:53.296 [Test worker] DEBUG org.apache.velocity - Loaded System Directive: org.apache.velocity.runtime.directive.Stop
16:03:53.296 [Test worker] DEBUG org.apache.velocity - Loaded System Directive: org.apache.velocity.runtime.directive.Define
16:03:53.296 [Test worker] DEBUG org.apache.velocity - Loaded System Directive: org.apache.velocity.runtime.directive.Break
16:03:53.296 [Test worker] DEBUG org.apache.velocity - Loaded System Directive: org.apache.velocity.runtime.directive.Evaluate
16:03:53.296 [Test worker] DEBUG org.apache.velocity - Loaded System Directive: org.apache.velocity.runtime.directive.Literal
16:03:53.296 [Test worker] DEBUG org.apache.velocity - Loaded System Directive: org.apache.velocity.runtime.directive.Macro
16:03:53.296 [Test worker] DEBUG org.apache.velocity - Loaded System Directive: org.apache.velocity.runtime.directive.Parse
16:03:53.296 [Test worker] DEBUG org.apache.velocity - Loaded System Directive: org.apache.velocity.runtime.directive.Include
16:03:53.296 [Test worker] DEBUG org.apache.velocity - Loaded System Directive: org.apache.velocity.runtime.directive.Foreach
16:03:53.312 [Test worker] DEBUG org.apache.velocity - Created '20' parsers.
16:03:53.312 [Test worker] DEBUG org.apache.velocity - Velocimacro : "velocimacro.library" is not set.  Trying default library: VM_global_library.vm
16:03:53.312 [Test worker] DEBUG org.apache.velocity - Could not load resource 'VM_global_library.vm' from ResourceLoader org.apache.velocity.runtime.resource.loader.ClasspathResourceLoader: ClasspathResourceLoader Error: cannot find resource VM_global_library.vm
16:03:53.312 [Test worker] DEBUG org.apache.velocity - Velocimacro : Default library not found.
16:03:53.312 [Test worker] DEBUG org.apache.velocity - Velocimacro : allowInline = true : VMs can be defined inline in templates
16:03:53.312 [Test worker] DEBUG org.apache.velocity - Velocimacro : allowInlineToOverride = false : VMs defined inline may NOT replace previous VM definitions
16:03:53.312 [Test worker] DEBUG org.apache.velocity - Velocimacro : allowInlineLocal = false : VMs defined inline will be global in scope if allowed.
16:03:53.312 [Test worker] DEBUG org.apache.velocity - Velocimacro : autoload off : VM system will not automatically reload global library macros
16:03:53.312 [Test worker] DEBUG org.apache.velocity - CommonsLogLogChute name is 'org.apache.velocity'
16:03:53.312 [Test worker] DEBUG org.apache.velocity - Initializing Velocity, Calling init()...
16:03:53.312 [Test worker] DEBUG org.apache.velocity - Starting Apache Velocity v1.7 (compiled: 2010-11-19 12:14:37)
16:03:53.312 [Test worker] DEBUG org.apache.velocity - Default Properties File: org\apache\velocity\runtime\defaults\velocity.properties
16:03:53.312 [Test worker] DEBUG org.apache.velocity - Trying to use logger class org.apache.velocity.runtime.log.AvalonLogChute
16:03:53.312 [Test worker] DEBUG org.apache.velocity - Target log system for org.apache.velocity.runtime.log.AvalonLogChute is not available (java.lang.NoClassDefFoundError: org/apache/log/format/Formatter).  Falling back to next log system...
16:03:53.312 [Test worker] DEBUG org.apache.velocity - Trying to use logger class org.apache.velocity.runtime.log.Log4JLogChute
16:03:53.312 [Test worker] DEBUG org.apache.velocity - Target log system for org.apache.velocity.runtime.log.Log4JLogChute is not available (java.lang.NoClassDefFoundError: org/apache/log4j/Layout).  Falling back to next log system...
16:03:53.312 [Test worker] DEBUG org.apache.velocity - Trying to use logger class org.apache.velocity.runtime.log.CommonsLogLogChute
16:03:53.312 [Test worker] DEBUG org.apache.velocity - Using logger class org.apache.velocity.runtime.log.CommonsLogLogChute
16:03:53.312 [Test worker] DEBUG org.apache.velocity - ResourceLoader instantiated: org.apache.velocity.runtime.resource.loader.ClasspathResourceLoader
16:03:53.312 [Test worker] DEBUG org.apache.velocity - ResourceCache: initialized (class org.apache.velocity.runtime.resource.ResourceCacheImpl) with class java.util.Collections$SynchronizedMap cache map.
16:03:53.312 [Test worker] DEBUG org.apache.velocity - Loaded System Directive: org.apache.velocity.runtime.directive.Stop
16:03:53.312 [Test worker] DEBUG org.apache.velocity - Loaded System Directive: org.apache.velocity.runtime.directive.Define
16:03:53.312 [Test worker] DEBUG org.apache.velocity - Loaded System Directive: org.apache.velocity.runtime.directive.Break
16:03:53.312 [Test worker] DEBUG org.apache.velocity - Loaded System Directive: org.apache.velocity.runtime.directive.Evaluate
16:03:53.312 [Test worker] DEBUG org.apache.velocity - Loaded System Directive: org.apache.velocity.runtime.directive.Literal
16:03:53.312 [Test worker] DEBUG org.apache.velocity - Loaded System Directive: org.apache.velocity.runtime.directive.Macro
16:03:53.312 [Test worker] DEBUG org.apache.velocity - Loaded System Directive: org.apache.velocity.runtime.directive.Parse
16:03:53.312 [Test worker] DEBUG org.apache.velocity - Loaded System Directive: org.apache.velocity.runtime.directive.Include
16:03:53.312 [Test worker] DEBUG org.apache.velocity - Loaded System Directive: org.apache.velocity.runtime.directive.Foreach
16:03:53.312 [Test worker] DEBUG org.apache.velocity - Created '20' parsers.
16:03:53.312 [Test worker] DEBUG org.apache.velocity - Velocimacro : "velocimacro.library" is not set.  Trying default library: VM_global_library.vm
16:03:53.312 [Test worker] DEBUG org.apache.velocity - Could not load resource 'VM_global_library.vm' from ResourceLoader org.apache.velocity.runtime.resource.loader.ClasspathResourceLoader: ClasspathResourceLoader Error: cannot find resource VM_global_library.vm
16:03:53.312 [Test worker] DEBUG org.apache.velocity - Velocimacro : Default library not found.
16:03:53.312 [Test worker] DEBUG org.apache.velocity - Velocimacro : allowInline = true : VMs can be defined inline in templates
16:03:53.312 [Test worker] DEBUG org.apache.velocity - Velocimacro : allowInlineToOverride = false : VMs defined inline may NOT replace previous VM definitions
16:03:53.312 [Test worker] DEBUG org.apache.velocity - Velocimacro : allowInlineLocal = false : VMs defined inline will be global in scope if allowed.
16:03:53.312 [Test worker] DEBUG org.apache.velocity - Velocimacro : autoload off : VM system will not automatically reload global library macros
16:03:53.312 [Test worker] DEBUG org.apache.velocity - CommonsLogLogChute name is 'org.apache.velocity'
16:03:53.312 [Test worker] DEBUG org.apache.velocity - Initializing Velocity, Calling init()...
16:03:53.312 [Test worker] DEBUG org.apache.velocity - Starting Apache Velocity v1.7 (compiled: 2010-11-19 12:14:37)
16:03:53.312 [Test worker] DEBUG org.apache.velocity - Default Properties File: org\apache\velocity\runtime\defaults\velocity.properties
16:03:53.312 [Test worker] DEBUG org.apache.velocity - Trying to use logger class org.apache.velocity.runtime.log.AvalonLogChute
16:03:53.312 [Test worker] DEBUG org.apache.velocity - Target log system for org.apache.velocity.runtime.log.AvalonLogChute is not available (java.lang.NoClassDefFoundError: org/apache/log/format/Formatter).  Falling back to next log system...
16:03:53.312 [Test worker] DEBUG org.apache.velocity - Trying to use logger class org.apache.velocity.runtime.log.Log4JLogChute
16:03:53.312 [Test worker] DEBUG org.apache.velocity - Target log system for org.apache.velocity.runtime.log.Log4JLogChute is not available (java.lang.NoClassDefFoundError: org/apache/log4j/Layout).  Falling back to next log system...
16:03:53.312 [Test worker] DEBUG org.apache.velocity - Trying to use logger class org.apache.velocity.runtime.log.CommonsLogLogChute
16:03:53.312 [Test worker] DEBUG org.apache.velocity - Using logger class org.apache.velocity.runtime.log.CommonsLogLogChute
16:03:53.312 [Test worker] DEBUG org.apache.velocity - ResourceLoader instantiated: org.apache.velocity.runtime.resource.loader.ClasspathResourceLoader
16:03:53.312 [Test worker] DEBUG org.apache.velocity - ResourceCache: initialized (class org.apache.velocity.runtime.resource.ResourceCacheImpl) with class java.util.Collections$SynchronizedMap cache map.
16:03:53.312 [Test worker] DEBUG org.apache.velocity - Loaded System Directive: org.apache.velocity.runtime.directive.Stop
16:03:53.312 [Test worker] DEBUG org.apache.velocity - Loaded System Directive: org.apache.velocity.runtime.directive.Define
16:03:53.312 [Test worker] DEBUG org.apache.velocity - Loaded System Directive: org.apache.velocity.runtime.directive.Break
16:03:53.312 [Test worker] DEBUG org.apache.velocity - Loaded System Directive: org.apache.velocity.runtime.directive.Evaluate
16:03:53.312 [Test worker] DEBUG org.apache.velocity - Loaded System Directive: org.apache.velocity.runtime.directive.Literal
16:03:53.312 [Test worker] DEBUG org.apache.velocity - Loaded System Directive: org.apache.velocity.runtime.directive.Macro
16:03:53.312 [Test worker] DEBUG org.apache.velocity - Loaded System Directive: org.apache.velocity.runtime.directive.Parse
16:03:53.312 [Test worker] DEBUG org.apache.velocity - Loaded System Directive: org.apache.velocity.runtime.directive.Include
16:03:53.312 [Test worker] DEBUG org.apache.velocity - Loaded System Directive: org.apache.velocity.runtime.directive.Foreach
16:03:53.312 [Test worker] DEBUG org.apache.velocity - Created '20' parsers.
16:03:53.312 [Test worker] DEBUG org.apache.velocity - Velocimacro : "velocimacro.library" is not set.  Trying default library: VM_global_library.vm
16:03:53.312 [Test worker] DEBUG org.apache.velocity - Could not load resource 'VM_global_library.vm' from ResourceLoader org.apache.velocity.runtime.resource.loader.ClasspathResourceLoader: ClasspathResourceLoader Error: cannot find resource VM_global_library.vm
16:03:53.312 [Test worker] DEBUG org.apache.velocity - Velocimacro : Default library not found.
16:03:53.312 [Test worker] DEBUG org.apache.velocity - Velocimacro : allowInline = true : VMs can be defined inline in templates
16:03:53.312 [Test worker] DEBUG org.apache.velocity - Velocimacro : allowInlineToOverride = false : VMs defined inline may NOT replace previous VM definitions
16:03:53.312 [Test worker] DEBUG org.apache.velocity - Velocimacro : allowInlineLocal = false : VMs defined inline will be global in scope if allowed.
16:03:53.312 [Test worker] DEBUG org.apache.velocity - Velocimacro : autoload off : VM system will not automatically reload global library macros
16:03:53.312 [Test worker] DEBUG org.apache.velocity - CommonsLogLogChute name is 'org.apache.velocity'
16:03:53.312 [Test worker] DEBUG org.apache.velocity - Initializing Velocity, Calling init()...
16:03:53.312 [Test worker] DEBUG org.apache.velocity - Starting Apache Velocity v1.7 (compiled: 2010-11-19 12:14:37)
16:03:53.312 [Test worker] DEBUG org.apache.velocity - Default Properties File: org\apache\velocity\runtime\defaults\velocity.properties
16:03:53.312 [Test worker] DEBUG org.apache.velocity - Trying to use logger class org.apache.velocity.runtime.log.AvalonLogChute
16:03:53.312 [Test worker] DEBUG org.apache.velocity - Target log system for org.apache.velocity.runtime.log.AvalonLogChute is not available (java.lang.NoClassDefFoundError: org/apache/log/format/Formatter).  Falling back to next log system...
16:03:53.312 [Test worker] DEBUG org.apache.velocity - Trying to use logger class org.apache.velocity.runtime.log.Log4JLogChute
16:03:53.312 [Test worker] DEBUG org.apache.velocity - Target log system for org.apache.velocity.runtime.log.Log4JLogChute is not available (java.lang.NoClassDefFoundError: org/apache/log4j/Layout).  Falling back to next log system...
16:03:53.312 [Test worker] DEBUG org.apache.velocity - Trying to use logger class org.apache.velocity.runtime.log.CommonsLogLogChute
16:03:53.312 [Test worker] DEBUG org.apache.velocity - Using logger class org.apache.velocity.runtime.log.CommonsLogLogChute
16:03:53.312 [Test worker] DEBUG org.apache.velocity - ResourceLoader instantiated: org.apache.velocity.runtime.resource.loader.ClasspathResourceLoader
16:03:53.312 [Test worker] DEBUG org.apache.velocity - ResourceCache: initialized (class org.apache.velocity.runtime.resource.ResourceCacheImpl) with class java.util.Collections$SynchronizedMap cache map.
16:03:53.312 [Test worker] DEBUG org.apache.velocity - Loaded System Directive: org.apache.velocity.runtime.directive.Stop
16:03:53.312 [Test worker] DEBUG org.apache.velocity - Loaded System Directive: org.apache.velocity.runtime.directive.Define
16:03:53.312 [Test worker] DEBUG org.apache.velocity - Loaded System Directive: org.apache.velocity.runtime.directive.Break
16:03:53.312 [Test worker] DEBUG org.apache.velocity - Loaded System Directive: org.apache.velocity.runtime.directive.Evaluate
16:03:53.312 [Test worker] DEBUG org.apache.velocity - Loaded System Directive: org.apache.velocity.runtime.directive.Literal
16:03:53.312 [Test worker] DEBUG org.apache.velocity - Loaded System Directive: org.apache.velocity.runtime.directive.Macro
16:03:53.312 [Test worker] DEBUG org.apache.velocity - Loaded System Directive: org.apache.velocity.runtime.directive.Parse
16:03:53.312 [Test worker] DEBUG org.apache.velocity - Loaded System Directive: org.apache.velocity.runtime.directive.Include
16:03:53.312 [Test worker] DEBUG org.apache.velocity - Loaded System Directive: org.apache.velocity.runtime.directive.Foreach
16:03:53.312 [Test worker] DEBUG org.apache.velocity - Created '20' parsers.
16:03:53.312 [Test worker] DEBUG org.apache.velocity - Velocimacro : "velocimacro.library" is not set.  Trying default library: VM_global_library.vm
16:03:53.312 [Test worker] DEBUG org.apache.velocity - Could not load resource 'VM_global_library.vm' from ResourceLoader org.apache.velocity.runtime.resource.loader.ClasspathResourceLoader: ClasspathResourceLoader Error: cannot find resource VM_global_library.vm
16:03:53.312 [Test worker] DEBUG org.apache.velocity - Velocimacro : Default library not found.
16:03:53.312 [Test worker] DEBUG org.apache.velocity - Velocimacro : allowInline = true : VMs can be defined inline in templates
16:03:53.312 [Test worker] DEBUG org.apache.velocity - Velocimacro : allowInlineToOverride = false : VMs defined inline may NOT replace previous VM definitions
16:03:53.312 [Test worker] DEBUG org.apache.velocity - Velocimacro : allowInlineLocal = false : VMs defined inline will be global in scope if allowed.
16:03:53.312 [Test worker] DEBUG org.apache.velocity - Velocimacro : autoload off : VM system will not automatically reload global library macros
16:03:53.328 [Test worker] DEBUG org.apache.velocity - CommonsLogLogChute name is 'org.apache.velocity'
16:03:53.328 [Test worker] DEBUG org.apache.velocity - Initializing Velocity, Calling init()...
16:03:53.328 [Test worker] DEBUG org.apache.velocity - Starting Apache Velocity v1.7 (compiled: 2010-11-19 12:14:37)
16:03:53.328 [Test worker] DEBUG org.apache.velocity - Default Properties File: org\apache\velocity\runtime\defaults\velocity.properties
16:03:53.328 [Test worker] DEBUG org.apache.velocity - Trying to use logger class org.apache.velocity.runtime.log.AvalonLogChute
16:03:53.328 [Test worker] DEBUG org.apache.velocity - Target log system for org.apache.velocity.runtime.log.AvalonLogChute is not available (java.lang.NoClassDefFoundError: org/apache/log/format/Formatter).  Falling back to next log system...
16:03:53.328 [Test worker] DEBUG org.apache.velocity - Trying to use logger class org.apache.velocity.runtime.log.Log4JLogChute
16:03:53.328 [Test worker] DEBUG org.apache.velocity - Target log system for org.apache.velocity.runtime.log.Log4JLogChute is not available (java.lang.NoClassDefFoundError: org/apache/log4j/Layout).  Falling back to next log system...
16:03:53.328 [Test worker] DEBUG org.apache.velocity - Trying to use logger class org.apache.velocity.runtime.log.CommonsLogLogChute
16:03:53.328 [Test worker] DEBUG org.apache.velocity - Using logger class org.apache.velocity.runtime.log.CommonsLogLogChute
16:03:53.328 [Test worker] DEBUG org.apache.velocity - ResourceLoader instantiated: org.apache.velocity.runtime.resource.loader.ClasspathResourceLoader
16:03:53.328 [Test worker] DEBUG org.apache.velocity - ResourceCache: initialized (class org.apache.velocity.runtime.resource.ResourceCacheImpl) with class java.util.Collections$SynchronizedMap cache map.
16:03:53.328 [Test worker] DEBUG org.apache.velocity - Loaded System Directive: org.apache.velocity.runtime.directive.Stop
16:03:53.328 [Test worker] DEBUG org.apache.velocity - Loaded System Directive: org.apache.velocity.runtime.directive.Define
16:03:53.328 [Test worker] DEBUG org.apache.velocity - Loaded System Directive: org.apache.velocity.runtime.directive.Break
16:03:53.328 [Test worker] DEBUG org.apache.velocity - Loaded System Directive: org.apache.velocity.runtime.directive.Evaluate
16:03:53.328 [Test worker] DEBUG org.apache.velocity - Loaded System Directive: org.apache.velocity.runtime.directive.Literal
16:03:53.328 [Test worker] DEBUG org.apache.velocity - Loaded System Directive: org.apache.velocity.runtime.directive.Macro
16:03:53.328 [Test worker] DEBUG org.apache.velocity - Loaded System Directive: org.apache.velocity.runtime.directive.Parse
16:03:53.328 [Test worker] DEBUG org.apache.velocity - Loaded System Directive: org.apache.velocity.runtime.directive.Include
16:03:53.328 [Test worker] DEBUG org.apache.velocity - Loaded System Directive: org.apache.velocity.runtime.directive.Foreach
16:03:53.328 [Test worker] DEBUG org.apache.velocity - Created '20' parsers.
16:03:53.328 [Test worker] DEBUG org.apache.velocity - Velocimacro : "velocimacro.library" is not set.  Trying default library: VM_global_library.vm
16:03:53.328 [Test worker] DEBUG org.apache.velocity - Could not load resource 'VM_global_library.vm' from ResourceLoader org.apache.velocity.runtime.resource.loader.ClasspathResourceLoader: ClasspathResourceLoader Error: cannot find resource VM_global_library.vm
16:03:53.328 [Test worker] DEBUG org.apache.velocity - Velocimacro : Default library not found.
16:03:53.328 [Test worker] DEBUG org.apache.velocity - Velocimacro : allowInline = true : VMs can be defined inline in templates
16:03:53.328 [Test worker] DEBUG org.apache.velocity - Velocimacro : allowInlineToOverride = false : VMs defined inline may NOT replace previous VM definitions
16:03:53.328 [Test worker] DEBUG org.apache.velocity - Velocimacro : allowInlineLocal = false : VMs defined inline will be global in scope if allowed.
16:03:53.328 [Test worker] DEBUG org.apache.velocity - Velocimacro : autoload off : VM system will not automatically reload global library macros
16:03:53.328 [Test worker] DEBUG org.apache.velocity - CommonsLogLogChute name is 'org.apache.velocity'
16:03:53.328 [Test worker] DEBUG org.apache.velocity - Initializing Velocity, Calling init()...
16:03:53.328 [Test worker] DEBUG org.apache.velocity - Starting Apache Velocity v1.7 (compiled: 2010-11-19 12:14:37)
16:03:53.328 [Test worker] DEBUG org.apache.velocity - Default Properties File: org\apache\velocity\runtime\defaults\velocity.properties
16:03:53.328 [Test worker] DEBUG org.apache.velocity - Trying to use logger class org.apache.velocity.runtime.log.AvalonLogChute
16:03:53.328 [Test worker] DEBUG org.apache.velocity - Target log system for org.apache.velocity.runtime.log.AvalonLogChute is not available (java.lang.NoClassDefFoundError: org/apache/log/format/Formatter).  Falling back to next log system...
16:03:53.328 [Test worker] DEBUG org.apache.velocity - Trying to use logger class org.apache.velocity.runtime.log.Log4JLogChute
16:03:53.328 [Test worker] DEBUG org.apache.velocity - Target log system for org.apache.velocity.runtime.log.Log4JLogChute is not available (java.lang.NoClassDefFoundError: org/apache/log4j/Layout).  Falling back to next log system...
16:03:53.328 [Test worker] DEBUG org.apache.velocity - Trying to use logger class org.apache.velocity.runtime.log.CommonsLogLogChute
16:03:53.328 [Test worker] DEBUG org.apache.velocity - Using logger class org.apache.velocity.runtime.log.CommonsLogLogChute
16:03:53.328 [Test worker] DEBUG org.apache.velocity - ResourceLoader instantiated: org.apache.velocity.runtime.resource.loader.ClasspathResourceLoader
16:03:53.328 [Test worker] DEBUG org.apache.velocity - ResourceCache: initialized (class org.apache.velocity.runtime.resource.ResourceCacheImpl) with class java.util.Collections$SynchronizedMap cache map.
16:03:53.328 [Test worker] DEBUG org.apache.velocity - Loaded System Directive: org.apache.velocity.runtime.directive.Stop
16:03:53.328 [Test worker] DEBUG org.apache.velocity - Loaded System Directive: org.apache.velocity.runtime.directive.Define
16:03:53.328 [Test worker] DEBUG org.apache.velocity - Loaded System Directive: org.apache.velocity.runtime.directive.Break
16:03:53.328 [Test worker] DEBUG org.apache.velocity - Loaded System Directive: org.apache.velocity.runtime.directive.Evaluate
16:03:53.328 [Test worker] DEBUG org.apache.velocity - Loaded System Directive: org.apache.velocity.runtime.directive.Literal
16:03:53.328 [Test worker] DEBUG org.apache.velocity - Loaded System Directive: org.apache.velocity.runtime.directive.Macro
16:03:53.328 [Test worker] DEBUG org.apache.velocity - Loaded System Directive: org.apache.velocity.runtime.directive.Parse
16:03:53.328 [Test worker] DEBUG org.apache.velocity - Loaded System Directive: org.apache.velocity.runtime.directive.Include
16:03:53.328 [Test worker] DEBUG org.apache.velocity - Loaded System Directive: org.apache.velocity.runtime.directive.Foreach
16:03:53.328 [Test worker] DEBUG org.apache.velocity - Created '20' parsers.
16:03:53.328 [Test worker] DEBUG org.apache.velocity - Velocimacro : "velocimacro.library" is not set.  Trying default library: VM_global_library.vm
16:03:53.328 [Test worker] DEBUG org.apache.velocity - Could not load resource 'VM_global_library.vm' from ResourceLoader org.apache.velocity.runtime.resource.loader.ClasspathResourceLoader: ClasspathResourceLoader Error: cannot find resource VM_global_library.vm
16:03:53.328 [Test worker] DEBUG org.apache.velocity - Velocimacro : Default library not found.
16:03:53.328 [Test worker] DEBUG org.apache.velocity - Velocimacro : allowInline = true : VMs can be defined inline in templates
16:03:53.328 [Test worker] DEBUG org.apache.velocity - Velocimacro : allowInlineToOverride = false : VMs defined inline may NOT replace previous VM definitions
16:03:53.328 [Test worker] DEBUG org.apache.velocity - Velocimacro : allowInlineLocal = false : VMs defined inline will be global in scope if allowed.
16:03:53.328 [Test worker] DEBUG org.apache.velocity - Velocimacro : autoload off : VM system will not automatically reload global library macros
16:03:53.328 [Test worker] DEBUG org.apache.velocity - CommonsLogLogChute name is 'org.apache.velocity'
16:03:53.328 [Test worker] DEBUG org.apache.velocity - Initializing Velocity, Calling init()...
16:03:53.328 [Test worker] DEBUG org.apache.velocity - Starting Apache Velocity v1.7 (compiled: 2010-11-19 12:14:37)
16:03:53.328 [Test worker] DEBUG org.apache.velocity - Default Properties File: org\apache\velocity\runtime\defaults\velocity.properties
16:03:53.328 [Test worker] DEBUG org.apache.velocity - Trying to use logger class org.apache.velocity.runtime.log.AvalonLogChute
16:03:53.328 [Test worker] DEBUG org.apache.velocity - Target log system for org.apache.velocity.runtime.log.AvalonLogChute is not available (java.lang.NoClassDefFoundError: org/apache/log/format/Formatter).  Falling back to next log system...
16:03:53.328 [Test worker] DEBUG org.apache.velocity - Trying to use logger class org.apache.velocity.runtime.log.Log4JLogChute
16:03:53.328 [Test worker] DEBUG org.apache.velocity - Target log system for org.apache.velocity.runtime.log.Log4JLogChute is not available (java.lang.NoClassDefFoundError: org/apache/log4j/Layout).  Falling back to next log system...
16:03:53.328 [Test worker] DEBUG org.apache.velocity - Trying to use logger class org.apache.velocity.runtime.log.CommonsLogLogChute
16:03:53.328 [Test worker] DEBUG org.apache.velocity - Using logger class org.apache.velocity.runtime.log.CommonsLogLogChute
16:03:53.328 [Test worker] DEBUG org.apache.velocity - ResourceLoader instantiated: org.apache.velocity.runtime.resource.loader.ClasspathResourceLoader
16:03:53.328 [Test worker] DEBUG org.apache.velocity - ResourceCache: initialized (class org.apache.velocity.runtime.resource.ResourceCacheImpl) with class java.util.Collections$SynchronizedMap cache map.
16:03:53.328 [Test worker] DEBUG org.apache.velocity - Loaded System Directive: org.apache.velocity.runtime.directive.Stop
16:03:53.328 [Test worker] DEBUG org.apache.velocity - Loaded System Directive: org.apache.velocity.runtime.directive.Define
16:03:53.328 [Test worker] DEBUG org.apache.velocity - Loaded System Directive: org.apache.velocity.runtime.directive.Break
16:03:53.328 [Test worker] DEBUG org.apache.velocity - Loaded System Directive: org.apache.velocity.runtime.directive.Evaluate
16:03:53.328 [Test worker] DEBUG org.apache.velocity - Loaded System Directive: org.apache.velocity.runtime.directive.Literal
16:03:53.328 [Test worker] DEBUG org.apache.velocity - Loaded System Directive: org.apache.velocity.runtime.directive.Macro
16:03:53.328 [Test worker] DEBUG org.apache.velocity - Loaded System Directive: org.apache.velocity.runtime.directive.Parse
16:03:53.328 [Test worker] DEBUG org.apache.velocity - Loaded System Directive: org.apache.velocity.runtime.directive.Include
16:03:53.328 [Test worker] DEBUG org.apache.velocity - Loaded System Directive: org.apache.velocity.runtime.directive.Foreach
16:03:53.328 [Test worker] DEBUG org.apache.velocity - Created '20' parsers.
16:03:53.328 [Test worker] DEBUG org.apache.velocity - Velocimacro : "velocimacro.library" is not set.  Trying default library: VM_global_library.vm
16:03:53.328 [Test worker] DEBUG org.apache.velocity - Could not load resource 'VM_global_library.vm' from ResourceLoader org.apache.velocity.runtime.resource.loader.ClasspathResourceLoader: ClasspathResourceLoader Error: cannot find resource VM_global_library.vm
16:03:53.328 [Test worker] DEBUG org.apache.velocity - Velocimacro : Default library not found.
16:03:53.328 [Test worker] DEBUG org.apache.velocity - Velocimacro : allowInline = true : VMs can be defined inline in templates
16:03:53.328 [Test worker] DEBUG org.apache.velocity - Velocimacro : allowInlineToOverride = false : VMs defined inline may NOT replace previous VM definitions
16:03:53.328 [Test worker] DEBUG org.apache.velocity - Velocimacro : allowInlineLocal = false : VMs defined inline will be global in scope if allowed.
16:03:53.328 [Test worker] DEBUG org.apache.velocity - Velocimacro : autoload off : VM system will not automatically reload global library macros
16:03:53.328 [Test worker] DEBUG org.apache.velocity - CommonsLogLogChute name is 'org.apache.velocity'
16:03:53.328 [Test worker] DEBUG org.apache.velocity - Initializing Velocity, Calling init()...
16:03:53.328 [Test worker] DEBUG org.apache.velocity - Starting Apache Velocity v1.7 (compiled: 2010-11-19 12:14:37)
16:03:53.328 [Test worker] DEBUG org.apache.velocity - Default Properties File: org\apache\velocity\runtime\defaults\velocity.properties
16:03:53.328 [Test worker] DEBUG org.apache.velocity - Trying to use logger class org.apache.velocity.runtime.log.AvalonLogChute
16:03:53.328 [Test worker] DEBUG org.apache.velocity - Target log system for org.apache.velocity.runtime.log.AvalonLogChute is not available (java.lang.NoClassDefFoundError: org/apache/log/format/Formatter).  Falling back to next log system...
16:03:53.328 [Test worker] DEBUG org.apache.velocity - Trying to use logger class org.apache.velocity.runtime.log.Log4JLogChute
16:03:53.328 [Test worker] DEBUG org.apache.velocity - Target log system for org.apache.velocity.runtime.log.Log4JLogChute is not available (java.lang.NoClassDefFoundError: org/apache/log4j/Layout).  Falling back to next log system...
16:03:53.328 [Test worker] DEBUG org.apache.velocity - Trying to use logger class org.apache.velocity.runtime.log.CommonsLogLogChute
16:03:53.328 [Test worker] DEBUG org.apache.velocity - Using logger class org.apache.velocity.runtime.log.CommonsLogLogChute
16:03:53.343 [Test worker] DEBUG org.apache.velocity - ResourceLoader instantiated: org.apache.velocity.runtime.resource.loader.ClasspathResourceLoader
16:03:53.343 [Test worker] DEBUG org.apache.velocity - ResourceCache: initialized (class org.apache.velocity.runtime.resource.ResourceCacheImpl) with class java.util.Collections$SynchronizedMap cache map.
16:03:53.343 [Test worker] DEBUG org.apache.velocity - Loaded System Directive: org.apache.velocity.runtime.directive.Stop
16:03:53.343 [Test worker] DEBUG org.apache.velocity - Loaded System Directive: org.apache.velocity.runtime.directive.Define
16:03:53.343 [Test worker] DEBUG org.apache.velocity - Loaded System Directive: org.apache.velocity.runtime.directive.Break
16:03:53.343 [Test worker] DEBUG org.apache.velocity - Loaded System Directive: org.apache.velocity.runtime.directive.Evaluate
16:03:53.343 [Test worker] DEBUG org.apache.velocity - Loaded System Directive: org.apache.velocity.runtime.directive.Literal
16:03:53.343 [Test worker] DEBUG org.apache.velocity - Loaded System Directive: org.apache.velocity.runtime.directive.Macro
16:03:53.343 [Test worker] DEBUG org.apache.velocity - Loaded System Directive: org.apache.velocity.runtime.directive.Parse
16:03:53.343 [Test worker] DEBUG org.apache.velocity - Loaded System Directive: org.apache.velocity.runtime.directive.Include
16:03:53.343 [Test worker] DEBUG org.apache.velocity - Loaded System Directive: org.apache.velocity.runtime.directive.Foreach
16:03:53.343 [Test worker] DEBUG org.apache.velocity - Created '20' parsers.
16:03:53.343 [Test worker] DEBUG org.apache.velocity - Velocimacro : "velocimacro.library" is not set.  Trying default library: VM_global_library.vm
16:03:53.343 [Test worker] DEBUG org.apache.velocity - Could not load resource 'VM_global_library.vm' from ResourceLoader org.apache.velocity.runtime.resource.loader.ClasspathResourceLoader: ClasspathResourceLoader Error: cannot find resource VM_global_library.vm
16:03:53.343 [Test worker] DEBUG org.apache.velocity - Velocimacro : Default library not found.
16:03:53.343 [Test worker] DEBUG org.apache.velocity - Velocimacro : allowInline = true : VMs can be defined inline in templates
16:03:53.343 [Test worker] DEBUG org.apache.velocity - Velocimacro : allowInlineToOverride = false : VMs defined inline may NOT replace previous VM definitions
16:03:53.343 [Test worker] DEBUG org.apache.velocity - Velocimacro : allowInlineLocal = false : VMs defined inline will be global in scope if allowed.
16:03:53.343 [Test worker] DEBUG org.apache.velocity - Velocimacro : autoload off : VM system will not automatically reload global library macros
16:03:53.343 [Test worker] DEBUG org.apache.velocity - CommonsLogLogChute name is 'org.apache.velocity'
16:03:53.343 [Test worker] DEBUG org.apache.velocity - Initializing Velocity, Calling init()...
16:03:53.343 [Test worker] DEBUG org.apache.velocity - Starting Apache Velocity v1.7 (compiled: 2010-11-19 12:14:37)
16:03:53.343 [Test worker] DEBUG org.apache.velocity - Default Properties File: org\apache\velocity\runtime\defaults\velocity.properties
16:03:53.343 [Test worker] DEBUG org.apache.velocity - Trying to use logger class org.apache.velocity.runtime.log.AvalonLogChute
16:03:53.343 [Test worker] DEBUG org.apache.velocity - Target log system for org.apache.velocity.runtime.log.AvalonLogChute is not available (java.lang.NoClassDefFoundError: org/apache/log/format/Formatter).  Falling back to next log system...
16:03:53.343 [Test worker] DEBUG org.apache.velocity - Trying to use logger class org.apache.velocity.runtime.log.Log4JLogChute
16:03:53.343 [Test worker] DEBUG org.apache.velocity - Target log system for org.apache.velocity.runtime.log.Log4JLogChute is not available (java.lang.NoClassDefFoundError: org/apache/log4j/Layout).  Falling back to next log system...
16:03:53.343 [Test worker] DEBUG org.apache.velocity - Trying to use logger class org.apache.velocity.runtime.log.CommonsLogLogChute
16:03:53.343 [Test worker] DEBUG org.apache.velocity - Using logger class org.apache.velocity.runtime.log.CommonsLogLogChute
16:03:53.343 [Test worker] DEBUG org.apache.velocity - ResourceLoader instantiated: org.apache.velocity.runtime.resource.loader.ClasspathResourceLoader
16:03:53.343 [Test worker] DEBUG org.apache.velocity - ResourceCache: initialized (class org.apache.velocity.runtime.resource.ResourceCacheImpl) with class java.util.Collections$SynchronizedMap cache map.
16:03:53.343 [Test worker] DEBUG org.apache.velocity - Loaded System Directive: org.apache.velocity.runtime.directive.Stop
16:03:53.343 [Test worker] DEBUG org.apache.velocity - Loaded System Directive: org.apache.velocity.runtime.directive.Define
16:03:53.343 [Test worker] DEBUG org.apache.velocity - Loaded System Directive: org.apache.velocity.runtime.directive.Break
16:03:53.343 [Test worker] DEBUG org.apache.velocity - Loaded System Directive: org.apache.velocity.runtime.directive.Evaluate
16:03:53.343 [Test worker] DEBUG org.apache.velocity - Loaded System Directive: org.apache.velocity.runtime.directive.Literal
16:03:53.343 [Test worker] DEBUG org.apache.velocity - Loaded System Directive: org.apache.velocity.runtime.directive.Macro
16:03:53.343 [Test worker] DEBUG org.apache.velocity - Loaded System Directive: org.apache.velocity.runtime.directive.Parse
16:03:53.343 [Test worker] DEBUG org.apache.velocity - Loaded System Directive: org.apache.velocity.runtime.directive.Include
16:03:53.343 [Test worker] DEBUG org.apache.velocity - Loaded System Directive: org.apache.velocity.runtime.directive.Foreach
16:03:53.343 [Test worker] DEBUG org.apache.velocity - Created '20' parsers.
16:03:53.343 [Test worker] DEBUG org.apache.velocity - Velocimacro : "velocimacro.library" is not set.  Trying default library: VM_global_library.vm
16:03:53.343 [Test worker] DEBUG org.apache.velocity - Could not load resource 'VM_global_library.vm' from ResourceLoader org.apache.velocity.runtime.resource.loader.ClasspathResourceLoader: ClasspathResourceLoader Error: cannot find resource VM_global_library.vm
16:03:53.343 [Test worker] DEBUG org.apache.velocity - Velocimacro : Default library not found.
16:03:53.343 [Test worker] DEBUG org.apache.velocity - Velocimacro : allowInline = true : VMs can be defined inline in templates
16:03:53.343 [Test worker] DEBUG org.apache.velocity - Velocimacro : allowInlineToOverride = false : VMs defined inline may NOT replace previous VM definitions
16:03:53.343 [Test worker] DEBUG org.apache.velocity - Velocimacro : allowInlineLocal = false : VMs defined inline will be global in scope if allowed.
16:03:53.343 [Test worker] DEBUG org.apache.velocity - Velocimacro : autoload off : VM system will not automatically reload global library macros
16:03:53.343 [Test worker] DEBUG org.apache.velocity - CommonsLogLogChute name is 'org.apache.velocity'
16:03:53.343 [Test worker] DEBUG org.apache.velocity - Initializing Velocity, Calling init()...
16:03:53.343 [Test worker] DEBUG org.apache.velocity - Starting Apache Velocity v1.7 (compiled: 2010-11-19 12:14:37)
16:03:53.343 [Test worker] DEBUG org.apache.velocity - Default Properties File: org\apache\velocity\runtime\defaults\velocity.properties
16:03:53.343 [Test worker] DEBUG org.apache.velocity - Trying to use logger class org.apache.velocity.runtime.log.AvalonLogChute
16:03:53.343 [Test worker] DEBUG org.apache.velocity - Target log system for org.apache.velocity.runtime.log.AvalonLogChute is not available (java.lang.NoClassDefFoundError: org/apache/log/format/Formatter).  Falling back to next log system...
16:03:53.343 [Test worker] DEBUG org.apache.velocity - Trying to use logger class org.apache.velocity.runtime.log.Log4JLogChute
16:03:53.343 [Test worker] DEBUG org.apache.velocity - Target log system for org.apache.velocity.runtime.log.Log4JLogChute is not available (java.lang.NoClassDefFoundError: org/apache/log4j/Layout).  Falling back to next log system...
16:03:53.343 [Test worker] DEBUG org.apache.velocity - Trying to use logger class org.apache.velocity.runtime.log.CommonsLogLogChute
16:03:53.343 [Test worker] DEBUG org.apache.velocity - Using logger class org.apache.velocity.runtime.log.CommonsLogLogChute
16:03:53.343 [Test worker] DEBUG org.apache.velocity - ResourceLoader instantiated: org.apache.velocity.runtime.resource.loader.ClasspathResourceLoader
16:03:53.343 [Test worker] DEBUG org.apache.velocity - ResourceCache: initialized (class org.apache.velocity.runtime.resource.ResourceCacheImpl) with class java.util.Collections$SynchronizedMap cache map.
16:03:53.343 [Test worker] DEBUG org.apache.velocity - Loaded System Directive: org.apache.velocity.runtime.directive.Stop
16:03:53.343 [Test worker] DEBUG org.apache.velocity - Loaded System Directive: org.apache.velocity.runtime.directive.Define
16:03:53.343 [Test worker] DEBUG org.apache.velocity - Loaded System Directive: org.apache.velocity.runtime.directive.Break
16:03:53.343 [Test worker] DEBUG org.apache.velocity - Loaded System Directive: org.apache.velocity.runtime.directive.Evaluate
16:03:53.343 [Test worker] DEBUG org.apache.velocity - Loaded System Directive: org.apache.velocity.runtime.directive.Literal
16:03:53.343 [Test worker] DEBUG org.apache.velocity - Loaded System Directive: org.apache.velocity.runtime.directive.Macro
16:03:53.343 [Test worker] DEBUG org.apache.velocity - Loaded System Directive: org.apache.velocity.runtime.directive.Parse
16:03:53.343 [Test worker] DEBUG org.apache.velocity - Loaded System Directive: org.apache.velocity.runtime.directive.Include
16:03:53.343 [Test worker] DEBUG org.apache.velocity - Loaded System Directive: org.apache.velocity.runtime.directive.Foreach
16:03:53.343 [Test worker] DEBUG org.apache.velocity - Created '20' parsers.
16:03:53.343 [Test worker] DEBUG org.apache.velocity - Velocimacro : "velocimacro.library" is not set.  Trying default library: VM_global_library.vm
16:03:53.343 [Test worker] DEBUG org.apache.velocity - Could not load resource 'VM_global_library.vm' from ResourceLoader org.apache.velocity.runtime.resource.loader.ClasspathResourceLoader: ClasspathResourceLoader Error: cannot find resource VM_global_library.vm
16:03:53.343 [Test worker] DEBUG org.apache.velocity - Velocimacro : Default library not found.
16:03:53.343 [Test worker] DEBUG org.apache.velocity - Velocimacro : allowInline = true : VMs can be defined inline in templates
16:03:53.343 [Test worker] DEBUG org.apache.velocity - Velocimacro : allowInlineToOverride = false : VMs defined inline may NOT replace previous VM definitions
16:03:53.343 [Test worker] DEBUG org.apache.velocity - Velocimacro : allowInlineLocal = false : VMs defined inline will be global in scope if allowed.
16:03:53.343 [Test worker] DEBUG org.apache.velocity - Velocimacro : autoload off : VM system will not automatically reload global library macros
16:03:53.343 [Test worker] DEBUG org.apache.velocity - CommonsLogLogChute name is 'org.apache.velocity'
16:03:53.343 [Test worker] DEBUG org.apache.velocity - Initializing Velocity, Calling init()...
16:03:53.343 [Test worker] DEBUG org.apache.velocity - Starting Apache Velocity v1.7 (compiled: 2010-11-19 12:14:37)
16:03:53.343 [Test worker] DEBUG org.apache.velocity - Default Properties File: org\apache\velocity\runtime\defaults\velocity.properties
16:03:53.343 [Test worker] DEBUG org.apache.velocity - Trying to use logger class org.apache.velocity.runtime.log.AvalonLogChute
16:03:53.343 [Test worker] DEBUG org.apache.velocity - Target log system for org.apache.velocity.runtime.log.AvalonLogChute is not available (java.lang.NoClassDefFoundError: org/apache/log/format/Formatter).  Falling back to next log system...
16:03:53.343 [Test worker] DEBUG org.apache.velocity - Trying to use logger class org.apache.velocity.runtime.log.Log4JLogChute
16:03:53.343 [Test worker] DEBUG org.apache.velocity - Target log system for org.apache.velocity.runtime.log.Log4JLogChute is not available (java.lang.NoClassDefFoundError: org/apache/log4j/Layout).  Falling back to next log system...
16:03:53.343 [Test worker] DEBUG org.apache.velocity - Trying to use logger class org.apache.velocity.runtime.log.CommonsLogLogChute
16:03:53.343 [Test worker] DEBUG org.apache.velocity - Using logger class org.apache.velocity.runtime.log.CommonsLogLogChute
16:03:53.343 [Test worker] DEBUG org.apache.velocity - ResourceLoader instantiated: org.apache.velocity.runtime.resource.loader.ClasspathResourceLoader
16:03:53.343 [Test worker] DEBUG org.apache.velocity - ResourceCache: initialized (class org.apache.velocity.runtime.resource.ResourceCacheImpl) with class java.util.Collections$SynchronizedMap cache map.
16:03:53.343 [Test worker] DEBUG org.apache.velocity - Loaded System Directive: org.apache.velocity.runtime.directive.Stop
16:03:53.343 [Test worker] DEBUG org.apache.velocity - Loaded System Directive: org.apache.velocity.runtime.directive.Define
16:03:53.343 [Test worker] DEBUG org.apache.velocity - Loaded System Directive: org.apache.velocity.runtime.directive.Break
16:03:53.343 [Test worker] DEBUG org.apache.velocity - Loaded System Directive: org.apache.velocity.runtime.directive.Evaluate
16:03:53.343 [Test worker] DEBUG org.apache.velocity - Loaded System Directive: org.apache.velocity.runtime.directive.Literal
16:03:53.343 [Test worker] DEBUG org.apache.velocity - Loaded System Directive: org.apache.velocity.runtime.directive.Macro
16:03:53.343 [Test worker] DEBUG org.apache.velocity - Loaded System Directive: org.apache.velocity.runtime.directive.Parse
16:03:53.343 [Test worker] DEBUG org.apache.velocity - Loaded System Directive: org.apache.velocity.runtime.directive.Include
16:03:53.343 [Test worker] DEBUG org.apache.velocity - Loaded System Directive: org.apache.velocity.runtime.directive.Foreach
16:03:53.359 [Test worker] DEBUG org.apache.velocity - Created '20' parsers.
16:03:53.359 [Test worker] DEBUG org.apache.velocity - Velocimacro : "velocimacro.library" is not set.  Trying default library: VM_global_library.vm
16:03:53.359 [Test worker] DEBUG org.apache.velocity - Could not load resource 'VM_global_library.vm' from ResourceLoader org.apache.velocity.runtime.resource.loader.ClasspathResourceLoader: ClasspathResourceLoader Error: cannot find resource VM_global_library.vm
16:03:53.359 [Test worker] DEBUG org.apache.velocity - Velocimacro : Default library not found.
16:03:53.359 [Test worker] DEBUG org.apache.velocity - Velocimacro : allowInline = true : VMs can be defined inline in templates
16:03:53.359 [Test worker] DEBUG org.apache.velocity - Velocimacro : allowInlineToOverride = false : VMs defined inline may NOT replace previous VM definitions
16:03:53.359 [Test worker] DEBUG org.apache.velocity - Velocimacro : allowInlineLocal = false : VMs defined inline will be global in scope if allowed.
16:03:53.359 [Test worker] DEBUG org.apache.velocity - Velocimacro : autoload off : VM system will not automatically reload global library macros
16:03:53.359 [Test worker] DEBUG org.apache.velocity - CommonsLogLogChute name is 'org.apache.velocity'
16:03:53.359 [Test worker] DEBUG org.apache.velocity - Initializing Velocity, Calling init()...
16:03:53.359 [Test worker] DEBUG org.apache.velocity - Starting Apache Velocity v1.7 (compiled: 2010-11-19 12:14:37)
16:03:53.359 [Test worker] DEBUG org.apache.velocity - Default Properties File: org\apache\velocity\runtime\defaults\velocity.properties
16:03:53.359 [Test worker] DEBUG org.apache.velocity - Trying to use logger class org.apache.velocity.runtime.log.AvalonLogChute
16:03:53.359 [Test worker] DEBUG org.apache.velocity - Target log system for org.apache.velocity.runtime.log.AvalonLogChute is not available (java.lang.NoClassDefFoundError: org/apache/log/format/Formatter).  Falling back to next log system...
16:03:53.359 [Test worker] DEBUG org.apache.velocity - Trying to use logger class org.apache.velocity.runtime.log.Log4JLogChute
16:03:53.359 [Test worker] DEBUG org.apache.velocity - Target log system for org.apache.velocity.runtime.log.Log4JLogChute is not available (java.lang.NoClassDefFoundError: org/apache/log4j/Layout).  Falling back to next log system...
16:03:53.359 [Test worker] DEBUG org.apache.velocity - Trying to use logger class org.apache.velocity.runtime.log.CommonsLogLogChute
16:03:53.359 [Test worker] DEBUG org.apache.velocity - Using logger class org.apache.velocity.runtime.log.CommonsLogLogChute
16:03:53.359 [Test worker] DEBUG org.apache.velocity - ResourceLoader instantiated: org.apache.velocity.runtime.resource.loader.ClasspathResourceLoader
16:03:53.359 [Test worker] DEBUG org.apache.velocity - ResourceCache: initialized (class org.apache.velocity.runtime.resource.ResourceCacheImpl) with class java.util.Collections$SynchronizedMap cache map.
16:03:53.359 [Test worker] DEBUG org.apache.velocity - Loaded System Directive: org.apache.velocity.runtime.directive.Stop
16:03:53.359 [Test worker] DEBUG org.apache.velocity - Loaded System Directive: org.apache.velocity.runtime.directive.Define
16:03:53.359 [Test worker] DEBUG org.apache.velocity - Loaded System Directive: org.apache.velocity.runtime.directive.Break
16:03:53.359 [Test worker] DEBUG org.apache.velocity - Loaded System Directive: org.apache.velocity.runtime.directive.Evaluate
16:03:53.359 [Test worker] DEBUG org.apache.velocity - Loaded System Directive: org.apache.velocity.runtime.directive.Literal
16:03:53.359 [Test worker] DEBUG org.apache.velocity - Loaded System Directive: org.apache.velocity.runtime.directive.Macro
16:03:53.359 [Test worker] DEBUG org.apache.velocity - Loaded System Directive: org.apache.velocity.runtime.directive.Parse
16:03:53.359 [Test worker] DEBUG org.apache.velocity - Loaded System Directive: org.apache.velocity.runtime.directive.Include
16:03:53.359 [Test worker] DEBUG org.apache.velocity - Loaded System Directive: org.apache.velocity.runtime.directive.Foreach
16:03:53.359 [Test worker] DEBUG org.apache.velocity - Created '20' parsers.
16:03:53.359 [Test worker] DEBUG org.apache.velocity - Velocimacro : "velocimacro.library" is not set.  Trying default library: VM_global_library.vm
16:03:53.359 [Test worker] DEBUG org.apache.velocity - Could not load resource 'VM_global_library.vm' from ResourceLoader org.apache.velocity.runtime.resource.loader.ClasspathResourceLoader: ClasspathResourceLoader Error: cannot find resource VM_global_library.vm
16:03:53.359 [Test worker] DEBUG org.apache.velocity - Velocimacro : Default library not found.
16:03:53.359 [Test worker] DEBUG org.apache.velocity - Velocimacro : allowInline = true : VMs can be defined inline in templates
16:03:53.359 [Test worker] DEBUG org.apache.velocity - Velocimacro : allowInlineToOverride = false : VMs defined inline may NOT replace previous VM definitions
16:03:53.359 [Test worker] DEBUG org.apache.velocity - Velocimacro : allowInlineLocal = false : VMs defined inline will be global in scope if allowed.
16:03:53.359 [Test worker] DEBUG org.apache.velocity - Velocimacro : autoload off : VM system will not automatically reload global library macros
16:03:53.359 [Test worker] DEBUG org.apache.velocity - CommonsLogLogChute name is 'org.apache.velocity'
16:03:53.359 [Test worker] DEBUG org.apache.velocity - Initializing Velocity, Calling init()...
16:03:53.359 [Test worker] DEBUG org.apache.velocity - Starting Apache Velocity v1.7 (compiled: 2010-11-19 12:14:37)
16:03:53.359 [Test worker] DEBUG org.apache.velocity - Default Properties File: org\apache\velocity\runtime\defaults\velocity.properties
16:03:53.359 [Test worker] DEBUG org.apache.velocity - Trying to use logger class org.apache.velocity.runtime.log.AvalonLogChute
16:03:53.359 [Test worker] DEBUG org.apache.velocity - Target log system for org.apache.velocity.runtime.log.AvalonLogChute is not available (java.lang.NoClassDefFoundError: org/apache/log/format/Formatter).  Falling back to next log system...
16:03:53.359 [Test worker] DEBUG org.apache.velocity - Trying to use logger class org.apache.velocity.runtime.log.Log4JLogChute
16:03:53.359 [Test worker] DEBUG org.apache.velocity - Target log system for org.apache.velocity.runtime.log.Log4JLogChute is not available (java.lang.NoClassDefFoundError: org/apache/log4j/Layout).  Falling back to next log system...
16:03:53.359 [Test worker] DEBUG org.apache.velocity - Trying to use logger class org.apache.velocity.runtime.log.CommonsLogLogChute
16:03:53.359 [Test worker] DEBUG org.apache.velocity - Using logger class org.apache.velocity.runtime.log.CommonsLogLogChute
16:03:53.359 [Test worker] DEBUG org.apache.velocity - ResourceLoader instantiated: org.apache.velocity.runtime.resource.loader.ClasspathResourceLoader
16:03:53.359 [Test worker] DEBUG org.apache.velocity - ResourceCache: initialized (class org.apache.velocity.runtime.resource.ResourceCacheImpl) with class java.util.Collections$SynchronizedMap cache map.
16:03:53.359 [Test worker] DEBUG org.apache.velocity - Loaded System Directive: org.apache.velocity.runtime.directive.Stop
16:03:53.359 [Test worker] DEBUG org.apache.velocity - Loaded System Directive: org.apache.velocity.runtime.directive.Define
16:03:53.359 [Test worker] DEBUG org.apache.velocity - Loaded System Directive: org.apache.velocity.runtime.directive.Break
16:03:53.359 [Test worker] DEBUG org.apache.velocity - Loaded System Directive: org.apache.velocity.runtime.directive.Evaluate
16:03:53.359 [Test worker] DEBUG org.apache.velocity - Loaded System Directive: org.apache.velocity.runtime.directive.Literal
16:03:53.359 [Test worker] DEBUG org.apache.velocity - Loaded System Directive: org.apache.velocity.runtime.directive.Macro
16:03:53.359 [Test worker] DEBUG org.apache.velocity - Loaded System Directive: org.apache.velocity.runtime.directive.Parse
16:03:53.359 [Test worker] DEBUG org.apache.velocity - Loaded System Directive: org.apache.velocity.runtime.directive.Include
16:03:53.359 [Test worker] DEBUG org.apache.velocity - Loaded System Directive: org.apache.velocity.runtime.directive.Foreach
16:03:53.359 [Test worker] DEBUG org.apache.velocity - Created '20' parsers.
16:03:53.359 [Test worker] DEBUG org.apache.velocity - Velocimacro : "velocimacro.library" is not set.  Trying default library: VM_global_library.vm
16:03:53.359 [Test worker] DEBUG org.apache.velocity - Could not load resource 'VM_global_library.vm' from ResourceLoader org.apache.velocity.runtime.resource.loader.ClasspathResourceLoader: ClasspathResourceLoader Error: cannot find resource VM_global_library.vm
16:03:53.359 [Test worker] DEBUG org.apache.velocity - Velocimacro : Default library not found.
16:03:53.359 [Test worker] DEBUG org.apache.velocity - Velocimacro : allowInline = true : VMs can be defined inline in templates
16:03:53.359 [Test worker] DEBUG org.apache.velocity - Velocimacro : allowInlineToOverride = false : VMs defined inline may NOT replace previous VM definitions
16:03:53.359 [Test worker] DEBUG org.apache.velocity - Velocimacro : allowInlineLocal = false : VMs defined inline will be global in scope if allowed.
16:03:53.359 [Test worker] DEBUG org.apache.velocity - Velocimacro : autoload off : VM system will not automatically reload global library macros
16:03:53.359 [Test worker] DEBUG org.apache.velocity - CommonsLogLogChute name is 'org.apache.velocity'
16:03:53.359 [Test worker] DEBUG org.apache.velocity - Initializing Velocity, Calling init()...
16:03:53.359 [Test worker] DEBUG org.apache.velocity - Starting Apache Velocity v1.7 (compiled: 2010-11-19 12:14:37)
16:03:53.359 [Test worker] DEBUG org.apache.velocity - Default Properties File: org\apache\velocity\runtime\defaults\velocity.properties
16:03:53.359 [Test worker] DEBUG org.apache.velocity - Trying to use logger class org.apache.velocity.runtime.log.AvalonLogChute
16:03:53.359 [Test worker] DEBUG org.apache.velocity - Target log system for org.apache.velocity.runtime.log.AvalonLogChute is not available (java.lang.NoClassDefFoundError: org/apache/log/format/Formatter).  Falling back to next log system...
16:03:53.359 [Test worker] DEBUG org.apache.velocity - Trying to use logger class org.apache.velocity.runtime.log.Log4JLogChute
16:03:53.359 [Test worker] DEBUG org.apache.velocity - Target log system for org.apache.velocity.runtime.log.Log4JLogChute is not available (java.lang.NoClassDefFoundError: org/apache/log4j/Layout).  Falling back to next log system...
16:03:53.359 [Test worker] DEBUG org.apache.velocity - Trying to use logger class org.apache.velocity.runtime.log.CommonsLogLogChute
16:03:53.359 [Test worker] DEBUG org.apache.velocity - Using logger class org.apache.velocity.runtime.log.CommonsLogLogChute
16:03:53.359 [Test worker] DEBUG org.apache.velocity - ResourceLoader instantiated: org.apache.velocity.runtime.resource.loader.ClasspathResourceLoader
16:03:53.359 [Test worker] DEBUG org.apache.velocity - ResourceCache: initialized (class org.apache.velocity.runtime.resource.ResourceCacheImpl) with class java.util.Collections$SynchronizedMap cache map.
16:03:53.359 [Test worker] DEBUG org.apache.velocity - Loaded System Directive: org.apache.velocity.runtime.directive.Stop
16:03:53.359 [Test worker] DEBUG org.apache.velocity - Loaded System Directive: org.apache.velocity.runtime.directive.Define
16:03:53.359 [Test worker] DEBUG org.apache.velocity - Loaded System Directive: org.apache.velocity.runtime.directive.Break
16:03:53.359 [Test worker] DEBUG org.apache.velocity - Loaded System Directive: org.apache.velocity.runtime.directive.Evaluate
16:03:53.359 [Test worker] DEBUG org.apache.velocity - Loaded System Directive: org.apache.velocity.runtime.directive.Literal
16:03:53.359 [Test worker] DEBUG org.apache.velocity - Loaded System Directive: org.apache.velocity.runtime.directive.Macro
16:03:53.359 [Test worker] DEBUG org.apache.velocity - Loaded System Directive: org.apache.velocity.runtime.directive.Parse
16:03:53.359 [Test worker] DEBUG org.apache.velocity - Loaded System Directive: org.apache.velocity.runtime.directive.Include
16:03:53.359 [Test worker] DEBUG org.apache.velocity - Loaded System Directive: org.apache.velocity.runtime.directive.Foreach
16:03:53.359 [Test worker] DEBUG org.apache.velocity - Created '20' parsers.
16:03:53.359 [Test worker] DEBUG org.apache.velocity - Velocimacro : "velocimacro.library" is not set.  Trying default library: VM_global_library.vm
16:03:53.359 [Test worker] DEBUG org.apache.velocity - Could not load resource 'VM_global_library.vm' from ResourceLoader org.apache.velocity.runtime.resource.loader.ClasspathResourceLoader: ClasspathResourceLoader Error: cannot find resource VM_global_library.vm
16:03:53.359 [Test worker] DEBUG org.apache.velocity - Velocimacro : Default library not found.
16:03:53.359 [Test worker] DEBUG org.apache.velocity - Velocimacro : allowInline = true : VMs can be defined inline in templates
16:03:53.359 [Test worker] DEBUG org.apache.velocity - Velocimacro : allowInlineToOverride = false : VMs defined inline may NOT replace previous VM definitions
16:03:53.359 [Test worker] DEBUG org.apache.velocity - Velocimacro : allowInlineLocal = false : VMs defined inline will be global in scope if allowed.
16:03:53.359 [Test worker] DEBUG org.apache.velocity - Velocimacro : autoload off : VM system will not automatically reload global library macros
16:03:53.359 [Test worker] DEBUG org.apache.velocity - CommonsLogLogChute name is 'org.apache.velocity'
16:03:53.359 [Test worker] DEBUG org.apache.velocity - Initializing Velocity, Calling init()...
16:03:53.359 [Test worker] DEBUG org.apache.velocity - Starting Apache Velocity v1.7 (compiled: 2010-11-19 12:14:37)
16:03:53.359 [Test worker] DEBUG org.apache.velocity - Default Properties File: org\apache\velocity\runtime\defaults\velocity.properties
16:03:53.359 [Test worker] DEBUG org.apache.velocity - Trying to use logger class org.apache.velocity.runtime.log.AvalonLogChute
16:03:53.359 [Test worker] DEBUG org.apache.velocity - Target log system for org.apache.velocity.runtime.log.AvalonLogChute is not available (java.lang.NoClassDefFoundError: org/apache/log/format/Formatter).  Falling back to next log system...
16:03:53.359 [Test worker] DEBUG org.apache.velocity - Trying to use logger class org.apache.velocity.runtime.log.Log4JLogChute
16:03:53.359 [Test worker] DEBUG org.apache.velocity - Target log system for org.apache.velocity.runtime.log.Log4JLogChute is not available (java.lang.NoClassDefFoundError: org/apache/log4j/Layout).  Falling back to next log system...
16:03:53.359 [Test worker] DEBUG org.apache.velocity - Trying to use logger class org.apache.velocity.runtime.log.CommonsLogLogChute
16:03:53.359 [Test worker] DEBUG org.apache.velocity - Using logger class org.apache.velocity.runtime.log.CommonsLogLogChute
16:03:53.359 [Test worker] DEBUG org.apache.velocity - ResourceLoader instantiated: org.apache.velocity.runtime.resource.loader.ClasspathResourceLoader
16:03:53.359 [Test worker] DEBUG org.apache.velocity - ResourceCache: initialized (class org.apache.velocity.runtime.resource.ResourceCacheImpl) with class java.util.Collections$SynchronizedMap cache map.
16:03:53.359 [Test worker] DEBUG org.apache.velocity - Loaded System Directive: org.apache.velocity.runtime.directive.Stop
16:03:53.359 [Test worker] DEBUG org.apache.velocity - Loaded System Directive: org.apache.velocity.runtime.directive.Define
16:03:53.359 [Test worker] DEBUG org.apache.velocity - Loaded System Directive: org.apache.velocity.runtime.directive.Break
16:03:53.359 [Test worker] DEBUG org.apache.velocity - Loaded System Directive: org.apache.velocity.runtime.directive.Evaluate
16:03:53.359 [Test worker] DEBUG org.apache.velocity - Loaded System Directive: org.apache.velocity.runtime.directive.Literal
16:03:53.359 [Test worker] DEBUG org.apache.velocity - Loaded System Directive: org.apache.velocity.runtime.directive.Macro
16:03:53.359 [Test worker] DEBUG org.apache.velocity - Loaded System Directive: org.apache.velocity.runtime.directive.Parse
16:03:53.359 [Test worker] DEBUG org.apache.velocity - Loaded System Directive: org.apache.velocity.runtime.directive.Include
16:03:53.359 [Test worker] DEBUG org.apache.velocity - Loaded System Directive: org.apache.velocity.runtime.directive.Foreach
16:03:53.359 [Test worker] DEBUG org.apache.velocity - Created '20' parsers.
16:03:53.359 [Test worker] DEBUG org.apache.velocity - Velocimacro : "velocimacro.library" is not set.  Trying default library: VM_global_library.vm
16:03:53.359 [Test worker] DEBUG org.apache.velocity - Could not load resource 'VM_global_library.vm' from ResourceLoader org.apache.velocity.runtime.resource.loader.ClasspathResourceLoader: ClasspathResourceLoader Error: cannot find resource VM_global_library.vm
16:03:53.359 [Test worker] DEBUG org.apache.velocity - Velocimacro : Default library not found.
16:03:53.359 [Test worker] DEBUG org.apache.velocity - Velocimacro : allowInline = true : VMs can be defined inline in templates
16:03:53.359 [Test worker] DEBUG org.apache.velocity - Velocimacro : allowInlineToOverride = false : VMs defined inline may NOT replace previous VM definitions
16:03:53.359 [Test worker] DEBUG org.apache.velocity - Velocimacro : allowInlineLocal = false : VMs defined inline will be global in scope if allowed.
16:03:53.359 [Test worker] DEBUG org.apache.velocity - Velocimacro : autoload off : VM system will not automatically reload global library macros
16:03:53.359 [Test worker] DEBUG org.apache.velocity - CommonsLogLogChute name is 'org.apache.velocity'
16:03:53.359 [Test worker] DEBUG org.apache.velocity - Initializing Velocity, Calling init()...
16:03:53.359 [Test worker] DEBUG org.apache.velocity - Starting Apache Velocity v1.7 (compiled: 2010-11-19 12:14:37)
16:03:53.359 [Test worker] DEBUG org.apache.velocity - Default Properties File: org\apache\velocity\runtime\defaults\velocity.properties
16:03:53.359 [Test worker] DEBUG org.apache.velocity - Trying to use logger class org.apache.velocity.runtime.log.AvalonLogChute
16:03:53.359 [Test worker] DEBUG org.apache.velocity - Target log system for org.apache.velocity.runtime.log.AvalonLogChute is not available (java.lang.NoClassDefFoundError: org/apache/log/format/Formatter).  Falling back to next log system...
16:03:53.359 [Test worker] DEBUG org.apache.velocity - Trying to use logger class org.apache.velocity.runtime.log.Log4JLogChute
16:03:53.359 [Test worker] DEBUG org.apache.velocity - Target log system for org.apache.velocity.runtime.log.Log4JLogChute is not available (java.lang.NoClassDefFoundError: org/apache/log4j/Layout).  Falling back to next log system...
16:03:53.359 [Test worker] DEBUG org.apache.velocity - Trying to use logger class org.apache.velocity.runtime.log.CommonsLogLogChute
16:03:53.359 [Test worker] DEBUG org.apache.velocity - Using logger class org.apache.velocity.runtime.log.CommonsLogLogChute
16:03:53.359 [Test worker] DEBUG org.apache.velocity - ResourceLoader instantiated: org.apache.velocity.runtime.resource.loader.ClasspathResourceLoader
16:03:53.359 [Test worker] DEBUG org.apache.velocity - ResourceCache: initialized (class org.apache.velocity.runtime.resource.ResourceCacheImpl) with class java.util.Collections$SynchronizedMap cache map.
16:03:53.359 [Test worker] DEBUG org.apache.velocity - Loaded System Directive: org.apache.velocity.runtime.directive.Stop
16:03:53.359 [Test worker] DEBUG org.apache.velocity - Loaded System Directive: org.apache.velocity.runtime.directive.Define
16:03:53.359 [Test worker] DEBUG org.apache.velocity - Loaded System Directive: org.apache.velocity.runtime.directive.Break
16:03:53.359 [Test worker] DEBUG org.apache.velocity - Loaded System Directive: org.apache.velocity.runtime.directive.Evaluate
16:03:53.359 [Test worker] DEBUG org.apache.velocity - Loaded System Directive: org.apache.velocity.runtime.directive.Literal
16:03:53.359 [Test worker] DEBUG org.apache.velocity - Loaded System Directive: org.apache.velocity.runtime.directive.Macro
16:03:53.359 [Test worker] DEBUG org.apache.velocity - Loaded System Directive: org.apache.velocity.runtime.directive.Parse
16:03:53.359 [Test worker] DEBUG org.apache.velocity - Loaded System Directive: org.apache.velocity.runtime.directive.Include
16:03:53.359 [Test worker] DEBUG org.apache.velocity - Loaded System Directive: org.apache.velocity.runtime.directive.Foreach
16:03:53.359 [Test worker] DEBUG org.apache.velocity - Created '20' parsers.
16:03:53.359 [Test worker] DEBUG org.apache.velocity - Velocimacro : "velocimacro.library" is not set.  Trying default library: VM_global_library.vm
16:03:53.359 [Test worker] DEBUG org.apache.velocity - Could not load resource 'VM_global_library.vm' from ResourceLoader org.apache.velocity.runtime.resource.loader.ClasspathResourceLoader: ClasspathResourceLoader Error: cannot find resource VM_global_library.vm
16:03:53.359 [Test worker] DEBUG org.apache.velocity - Velocimacro : Default library not found.
16:03:53.359 [Test worker] DEBUG org.apache.velocity - Velocimacro : allowInline = true : VMs can be defined inline in templates
16:03:53.359 [Test worker] DEBUG org.apache.velocity - Velocimacro : allowInlineToOverride = false : VMs defined inline may NOT replace previous VM definitions
16:03:53.359 [Test worker] DEBUG org.apache.velocity - Velocimacro : allowInlineLocal = false : VMs defined inline will be global in scope if allowed.
16:03:53.359 [Test worker] DEBUG org.apache.velocity - Velocimacro : autoload off : VM system will not automatically reload global library macros
16:03:53.390 [Test worker] DEBUG org.apache.velocity - CommonsLogLogChute name is 'org.apache.velocity'
16:03:53.390 [Test worker] DEBUG org.apache.velocity - Initializing Velocity, Calling init()...
16:03:53.390 [Test worker] DEBUG org.apache.velocity - Starting Apache Velocity v1.7 (compiled: 2010-11-19 12:14:37)
16:03:53.390 [Test worker] DEBUG org.apache.velocity - Default Properties File: org\apache\velocity\runtime\defaults\velocity.properties
16:03:53.390 [Test worker] DEBUG org.apache.velocity - Trying to use logger class org.apache.velocity.runtime.log.AvalonLogChute
16:03:53.390 [Test worker] DEBUG org.apache.velocity - Target log system for org.apache.velocity.runtime.log.AvalonLogChute is not available (java.lang.NoClassDefFoundError: org/apache/log/format/Formatter).  Falling back to next log system...
16:03:53.390 [Test worker] DEBUG org.apache.velocity - Trying to use logger class org.apache.velocity.runtime.log.Log4JLogChute
16:03:53.390 [Test worker] DEBUG org.apache.velocity - Target log system for org.apache.velocity.runtime.log.Log4JLogChute is not available (java.lang.NoClassDefFoundError: org/apache/log4j/Layout).  Falling back to next log system...
16:03:53.390 [Test worker] DEBUG org.apache.velocity - Trying to use logger class org.apache.velocity.runtime.log.CommonsLogLogChute
16:03:53.390 [Test worker] DEBUG org.apache.velocity - Using logger class org.apache.velocity.runtime.log.CommonsLogLogChute
16:03:53.390 [Test worker] DEBUG org.apache.velocity - ResourceLoader instantiated: org.apache.velocity.runtime.resource.loader.ClasspathResourceLoader
16:03:53.390 [Test worker] DEBUG org.apache.velocity - ResourceCache: initialized (class org.apache.velocity.runtime.resource.ResourceCacheImpl) with class java.util.Collections$SynchronizedMap cache map.
16:03:53.390 [Test worker] DEBUG org.apache.velocity - Loaded System Directive: org.apache.velocity.runtime.directive.Stop
16:03:53.390 [Test worker] DEBUG org.apache.velocity - Loaded System Directive: org.apache.velocity.runtime.directive.Define
16:03:53.390 [Test worker] DEBUG org.apache.velocity - Loaded System Directive: org.apache.velocity.runtime.directive.Break
16:03:53.390 [Test worker] DEBUG org.apache.velocity - Loaded System Directive: org.apache.velocity.runtime.directive.Evaluate
16:03:53.390 [Test worker] DEBUG org.apache.velocity - Loaded System Directive: org.apache.velocity.runtime.directive.Literal
16:03:53.390 [Test worker] DEBUG org.apache.velocity - Loaded System Directive: org.apache.velocity.runtime.directive.Macro
16:03:53.390 [Test worker] DEBUG org.apache.velocity - Loaded System Directive: org.apache.velocity.runtime.directive.Parse
16:03:53.390 [Test worker] DEBUG org.apache.velocity - Loaded System Directive: org.apache.velocity.runtime.directive.Include
16:03:53.390 [Test worker] DEBUG org.apache.velocity - Loaded System Directive: org.apache.velocity.runtime.directive.Foreach
16:03:53.390 [Test worker] DEBUG org.apache.velocity - Created '20' parsers.
16:03:53.390 [Test worker] DEBUG org.apache.velocity - Velocimacro : "velocimacro.library" is not set.  Trying default library: VM_global_library.vm
16:03:53.390 [Test worker] DEBUG org.apache.velocity - Could not load resource 'VM_global_library.vm' from ResourceLoader org.apache.velocity.runtime.resource.loader.ClasspathResourceLoader: ClasspathResourceLoader Error: cannot find resource VM_global_library.vm
16:03:53.390 [Test worker] DEBUG org.apache.velocity - Velocimacro : Default library not found.
16:03:53.390 [Test worker] DEBUG org.apache.velocity - Velocimacro : allowInline = true : VMs can be defined inline in templates
16:03:53.390 [Test worker] DEBUG org.apache.velocity - Velocimacro : allowInlineToOverride = false : VMs defined inline may NOT replace previous VM definitions
16:03:53.390 [Test worker] DEBUG org.apache.velocity - Velocimacro : allowInlineLocal = false : VMs defined inline will be global in scope if allowed.
16:03:53.390 [Test worker] DEBUG org.apache.velocity - Velocimacro : autoload off : VM system will not automatically reload global library macros
16:03:53.390 [Test worker] DEBUG org.apache.velocity - CommonsLogLogChute name is 'org.apache.velocity'
16:03:53.390 [Test worker] DEBUG org.apache.velocity - Initializing Velocity, Calling init()...
16:03:53.390 [Test worker] DEBUG org.apache.velocity - Starting Apache Velocity v1.7 (compiled: 2010-11-19 12:14:37)
16:03:53.390 [Test worker] DEBUG org.apache.velocity - Default Properties File: org\apache\velocity\runtime\defaults\velocity.properties
16:03:53.390 [Test worker] DEBUG org.apache.velocity - Trying to use logger class org.apache.velocity.runtime.log.AvalonLogChute
16:03:53.390 [Test worker] DEBUG org.apache.velocity - Target log system for org.apache.velocity.runtime.log.AvalonLogChute is not available (java.lang.NoClassDefFoundError: org/apache/log/format/Formatter).  Falling back to next log system...
16:03:53.390 [Test worker] DEBUG org.apache.velocity - Trying to use logger class org.apache.velocity.runtime.log.Log4JLogChute
16:03:53.390 [Test worker] DEBUG org.apache.velocity - Target log system for org.apache.velocity.runtime.log.Log4JLogChute is not available (java.lang.NoClassDefFoundError: org/apache/log4j/Layout).  Falling back to next log system...
16:03:53.390 [Test worker] DEBUG org.apache.velocity - Trying to use logger class org.apache.velocity.runtime.log.CommonsLogLogChute
16:03:53.390 [Test worker] DEBUG org.apache.velocity - Using logger class org.apache.velocity.runtime.log.CommonsLogLogChute
16:03:53.390 [Test worker] DEBUG org.apache.velocity - ResourceLoader instantiated: org.apache.velocity.runtime.resource.loader.ClasspathResourceLoader
16:03:53.390 [Test worker] DEBUG org.apache.velocity - ResourceCache: initialized (class org.apache.velocity.runtime.resource.ResourceCacheImpl) with class java.util.Collections$SynchronizedMap cache map.
16:03:53.390 [Test worker] DEBUG org.apache.velocity - Loaded System Directive: org.apache.velocity.runtime.directive.Stop
16:03:53.390 [Test worker] DEBUG org.apache.velocity - Loaded System Directive: org.apache.velocity.runtime.directive.Define
16:03:53.390 [Test worker] DEBUG org.apache.velocity - Loaded System Directive: org.apache.velocity.runtime.directive.Break
16:03:53.390 [Test worker] DEBUG org.apache.velocity - Loaded System Directive: org.apache.velocity.runtime.directive.Evaluate
16:03:53.390 [Test worker] DEBUG org.apache.velocity - Loaded System Directive: org.apache.velocity.runtime.directive.Literal
16:03:53.390 [Test worker] DEBUG org.apache.velocity - Loaded System Directive: org.apache.velocity.runtime.directive.Macro
16:03:53.390 [Test worker] DEBUG org.apache.velocity - Loaded System Directive: org.apache.velocity.runtime.directive.Parse
16:03:53.390 [Test worker] DEBUG org.apache.velocity - Loaded System Directive: org.apache.velocity.runtime.directive.Include
16:03:53.390 [Test worker] DEBUG org.apache.velocity - Loaded System Directive: org.apache.velocity.runtime.directive.Foreach
16:03:53.390 [Test worker] DEBUG org.apache.velocity - Created '20' parsers.
16:03:53.390 [Test worker] DEBUG org.apache.velocity - Velocimacro : "velocimacro.library" is not set.  Trying default library: VM_global_library.vm
16:03:53.390 [Test worker] DEBUG org.apache.velocity - Could not load resource 'VM_global_library.vm' from ResourceLoader org.apache.velocity.runtime.resource.loader.ClasspathResourceLoader: ClasspathResourceLoader Error: cannot find resource VM_global_library.vm
16:03:53.390 [Test worker] DEBUG org.apache.velocity - Velocimacro : Default library not found.
16:03:53.390 [Test worker] DEBUG org.apache.velocity - Velocimacro : allowInline = true : VMs can be defined inline in templates
16:03:53.390 [Test worker] DEBUG org.apache.velocity - Velocimacro : allowInlineToOverride = false : VMs defined inline may NOT replace previous VM definitions
16:03:53.390 [Test worker] DEBUG org.apache.velocity - Velocimacro : allowInlineLocal = false : VMs defined inline will be global in scope if allowed.
16:03:53.390 [Test worker] DEBUG org.apache.velocity - Velocimacro : autoload off : VM system will not automatically reload global library macros
16:03:53.390 [Test worker] DEBUG org.apache.velocity - CommonsLogLogChute name is 'org.apache.velocity'
16:03:53.390 [Test worker] DEBUG org.apache.velocity - Initializing Velocity, Calling init()...
16:03:53.390 [Test worker] DEBUG org.apache.velocity - Starting Apache Velocity v1.7 (compiled: 2010-11-19 12:14:37)
16:03:53.390 [Test worker] DEBUG org.apache.velocity - Default Properties File: org\apache\velocity\runtime\defaults\velocity.properties
16:03:53.390 [Test worker] DEBUG org.apache.velocity - Trying to use logger class org.apache.velocity.runtime.log.AvalonLogChute
16:03:53.390 [Test worker] DEBUG org.apache.velocity - Target log system for org.apache.velocity.runtime.log.AvalonLogChute is not available (java.lang.NoClassDefFoundError: org/apache/log/format/Formatter).  Falling back to next log system...
16:03:53.390 [Test worker] DEBUG org.apache.velocity - Trying to use logger class org.apache.velocity.runtime.log.Log4JLogChute
16:03:53.390 [Test worker] DEBUG org.apache.velocity - Target log system for org.apache.velocity.runtime.log.Log4JLogChute is not available (java.lang.NoClassDefFoundError: org/apache/log4j/Layout).  Falling back to next log system...
16:03:53.390 [Test worker] DEBUG org.apache.velocity - Trying to use logger class org.apache.velocity.runtime.log.CommonsLogLogChute
16:03:53.390 [Test worker] DEBUG org.apache.velocity - Using logger class org.apache.velocity.runtime.log.CommonsLogLogChute
16:03:53.390 [Test worker] DEBUG org.apache.velocity - ResourceLoader instantiated: org.apache.velocity.runtime.resource.loader.ClasspathResourceLoader
16:03:53.390 [Test worker] DEBUG org.apache.velocity - ResourceCache: initialized (class org.apache.velocity.runtime.resource.ResourceCacheImpl) with class java.util.Collections$SynchronizedMap cache map.
16:03:53.390 [Test worker] DEBUG org.apache.velocity - Loaded System Directive: org.apache.velocity.runtime.directive.Stop
16:03:53.390 [Test worker] DEBUG org.apache.velocity - Loaded System Directive: org.apache.velocity.runtime.directive.Define
16:03:53.390 [Test worker] DEBUG org.apache.velocity - Loaded System Directive: org.apache.velocity.runtime.directive.Break
16:03:53.390 [Test worker] DEBUG org.apache.velocity - Loaded System Directive: org.apache.velocity.runtime.directive.Evaluate
16:03:53.390 [Test worker] DEBUG org.apache.velocity - Loaded System Directive: org.apache.velocity.runtime.directive.Literal
16:03:53.390 [Test worker] DEBUG org.apache.velocity - Loaded System Directive: org.apache.velocity.runtime.directive.Macro
16:03:53.390 [Test worker] DEBUG org.apache.velocity - Loaded System Directive: org.apache.velocity.runtime.directive.Parse
16:03:53.390 [Test worker] DEBUG org.apache.velocity - Loaded System Directive: org.apache.velocity.runtime.directive.Include
16:03:53.390 [Test worker] DEBUG org.apache.velocity - Loaded System Directive: org.apache.velocity.runtime.directive.Foreach
16:03:53.390 [Test worker] DEBUG org.apache.velocity - Created '20' parsers.
16:03:53.390 [Test worker] DEBUG org.apache.velocity - Velocimacro : "velocimacro.library" is not set.  Trying default library: VM_global_library.vm
16:03:53.390 [Test worker] DEBUG org.apache.velocity - Could not load resource 'VM_global_library.vm' from ResourceLoader org.apache.velocity.runtime.resource.loader.ClasspathResourceLoader: ClasspathResourceLoader Error: cannot find resource VM_global_library.vm
16:03:53.390 [Test worker] DEBUG org.apache.velocity - Velocimacro : Default library not found.
16:03:53.390 [Test worker] DEBUG org.apache.velocity - Velocimacro : allowInline = true : VMs can be defined inline in templates
16:03:53.390 [Test worker] DEBUG org.apache.velocity - Velocimacro : allowInlineToOverride = false : VMs defined inline may NOT replace previous VM definitions
16:03:53.390 [Test worker] DEBUG org.apache.velocity - Velocimacro : allowInlineLocal = false : VMs defined inline will be global in scope if allowed.
16:03:53.390 [Test worker] DEBUG org.apache.velocity - Velocimacro : autoload off : VM system will not automatically reload global library macros
16:03:53.390 [Test worker] DEBUG org.apache.velocity - CommonsLogLogChute name is 'org.apache.velocity'
16:03:53.390 [Test worker] DEBUG org.apache.velocity - Initializing Velocity, Calling init()...
16:03:53.390 [Test worker] DEBUG org.apache.velocity - Starting Apache Velocity v1.7 (compiled: 2010-11-19 12:14:37)
16:03:53.390 [Test worker] DEBUG org.apache.velocity - Default Properties File: org\apache\velocity\runtime\defaults\velocity.properties
16:03:53.390 [Test worker] DEBUG org.apache.velocity - Trying to use logger class org.apache.velocity.runtime.log.AvalonLogChute
16:03:53.390 [Test worker] DEBUG org.apache.velocity - Target log system for org.apache.velocity.runtime.log.AvalonLogChute is not available (java.lang.NoClassDefFoundError: org/apache/log/format/Formatter).  Falling back to next log system...
16:03:53.390 [Test worker] DEBUG org.apache.velocity - Trying to use logger class org.apache.velocity.runtime.log.Log4JLogChute
16:03:53.390 [Test worker] DEBUG org.apache.velocity - Target log system for org.apache.velocity.runtime.log.Log4JLogChute is not available (java.lang.NoClassDefFoundError: org/apache/log4j/Layout).  Falling back to next log system...
16:03:53.390 [Test worker] DEBUG org.apache.velocity - Trying to use logger class org.apache.velocity.runtime.log.CommonsLogLogChute
16:03:53.390 [Test worker] DEBUG org.apache.velocity - Using logger class org.apache.velocity.runtime.log.CommonsLogLogChute
16:03:53.390 [Test worker] DEBUG org.apache.velocity - ResourceLoader instantiated: org.apache.velocity.runtime.resource.loader.ClasspathResourceLoader
16:03:53.390 [Test worker] DEBUG org.apache.velocity - ResourceCache: initialized (class org.apache.velocity.runtime.resource.ResourceCacheImpl) with class java.util.Collections$SynchronizedMap cache map.
16:03:53.390 [Test worker] DEBUG org.apache.velocity - Loaded System Directive: org.apache.velocity.runtime.directive.Stop
16:03:53.390 [Test worker] DEBUG org.apache.velocity - Loaded System Directive: org.apache.velocity.runtime.directive.Define
16:03:53.390 [Test worker] DEBUG org.apache.velocity - Loaded System Directive: org.apache.velocity.runtime.directive.Break
16:03:53.390 [Test worker] DEBUG org.apache.velocity - Loaded System Directive: org.apache.velocity.runtime.directive.Evaluate
16:03:53.390 [Test worker] DEBUG org.apache.velocity - Loaded System Directive: org.apache.velocity.runtime.directive.Literal
16:03:53.390 [Test worker] DEBUG org.apache.velocity - Loaded System Directive: org.apache.velocity.runtime.directive.Macro
16:03:53.390 [Test worker] DEBUG org.apache.velocity - Loaded System Directive: org.apache.velocity.runtime.directive.Parse
16:03:53.390 [Test worker] DEBUG org.apache.velocity - Loaded System Directive: org.apache.velocity.runtime.directive.Include
16:03:53.390 [Test worker] DEBUG org.apache.velocity - Loaded System Directive: org.apache.velocity.runtime.directive.Foreach
16:03:53.390 [Test worker] DEBUG org.apache.velocity - Created '20' parsers.
16:03:53.390 [Test worker] DEBUG org.apache.velocity - Velocimacro : "velocimacro.library" is not set.  Trying default library: VM_global_library.vm
16:03:53.390 [Test worker] DEBUG org.apache.velocity - Could not load resource 'VM_global_library.vm' from ResourceLoader org.apache.velocity.runtime.resource.loader.ClasspathResourceLoader: ClasspathResourceLoader Error: cannot find resource VM_global_library.vm
16:03:53.390 [Test worker] DEBUG org.apache.velocity - Velocimacro : Default library not found.
16:03:53.390 [Test worker] DEBUG org.apache.velocity - Velocimacro : allowInline = true : VMs can be defined inline in templates
16:03:53.390 [Test worker] DEBUG org.apache.velocity - Velocimacro : allowInlineToOverride = false : VMs defined inline may NOT replace previous VM definitions
16:03:53.390 [Test worker] DEBUG org.apache.velocity - Velocimacro : allowInlineLocal = false : VMs defined inline will be global in scope if allowed.
16:03:53.390 [Test worker] DEBUG org.apache.velocity - Velocimacro : autoload off : VM system will not automatically reload global library macros
16:03:53.406 [Test worker] DEBUG org.apache.velocity - CommonsLogLogChute name is 'org.apache.velocity'
16:03:53.406 [Test worker] DEBUG org.apache.velocity - Initializing Velocity, Calling init()...
16:03:53.406 [Test worker] DEBUG org.apache.velocity - Starting Apache Velocity v1.7 (compiled: 2010-11-19 12:14:37)
16:03:53.406 [Test worker] DEBUG org.apache.velocity - Default Properties File: org\apache\velocity\runtime\defaults\velocity.properties
16:03:53.406 [Test worker] DEBUG org.apache.velocity - Trying to use logger class org.apache.velocity.runtime.log.AvalonLogChute
16:03:53.406 [Test worker] DEBUG org.apache.velocity - Target log system for org.apache.velocity.runtime.log.AvalonLogChute is not available (java.lang.NoClassDefFoundError: org/apache/log/format/Formatter).  Falling back to next log system...
16:03:53.406 [Test worker] DEBUG org.apache.velocity - Trying to use logger class org.apache.velocity.runtime.log.Log4JLogChute
16:03:53.406 [Test worker] DEBUG org.apache.velocity - Target log system for org.apache.velocity.runtime.log.Log4JLogChute is not available (java.lang.NoClassDefFoundError: org/apache/log4j/Layout).  Falling back to next log system...
16:03:53.406 [Test worker] DEBUG org.apache.velocity - Trying to use logger class org.apache.velocity.runtime.log.CommonsLogLogChute
16:03:53.406 [Test worker] DEBUG org.apache.velocity - Using logger class org.apache.velocity.runtime.log.CommonsLogLogChute
16:03:53.406 [Test worker] DEBUG org.apache.velocity - ResourceLoader instantiated: org.apache.velocity.runtime.resource.loader.ClasspathResourceLoader
16:03:53.406 [Test worker] DEBUG org.apache.velocity - ResourceCache: initialized (class org.apache.velocity.runtime.resource.ResourceCacheImpl) with class java.util.Collections$SynchronizedMap cache map.
16:03:53.406 [Test worker] DEBUG org.apache.velocity - Loaded System Directive: org.apache.velocity.runtime.directive.Stop
16:03:53.406 [Test worker] DEBUG org.apache.velocity - Loaded System Directive: org.apache.velocity.runtime.directive.Define
16:03:53.406 [Test worker] DEBUG org.apache.velocity - Loaded System Directive: org.apache.velocity.runtime.directive.Break
16:03:53.406 [Test worker] DEBUG org.apache.velocity - Loaded System Directive: org.apache.velocity.runtime.directive.Evaluate
16:03:53.406 [Test worker] DEBUG org.apache.velocity - Loaded System Directive: org.apache.velocity.runtime.directive.Literal
16:03:53.406 [Test worker] DEBUG org.apache.velocity - Loaded System Directive: org.apache.velocity.runtime.directive.Macro
16:03:53.406 [Test worker] DEBUG org.apache.velocity - Loaded System Directive: org.apache.velocity.runtime.directive.Parse
16:03:53.406 [Test worker] DEBUG org.apache.velocity - Loaded System Directive: org.apache.velocity.runtime.directive.Include
16:03:53.406 [Test worker] DEBUG org.apache.velocity - Loaded System Directive: org.apache.velocity.runtime.directive.Foreach
16:03:53.406 [Test worker] DEBUG org.apache.velocity - Created '20' parsers.
16:03:53.406 [Test worker] DEBUG org.apache.velocity - Velocimacro : "velocimacro.library" is not set.  Trying default library: VM_global_library.vm
16:03:53.406 [Test worker] DEBUG org.apache.velocity - Could not load resource 'VM_global_library.vm' from ResourceLoader org.apache.velocity.runtime.resource.loader.ClasspathResourceLoader: ClasspathResourceLoader Error: cannot find resource VM_global_library.vm
16:03:53.406 [Test worker] DEBUG org.apache.velocity - Velocimacro : Default library not found.
16:03:53.406 [Test worker] DEBUG org.apache.velocity - Velocimacro : allowInline = true : VMs can be defined inline in templates
16:03:53.406 [Test worker] DEBUG org.apache.velocity - Velocimacro : allowInlineToOverride = false : VMs defined inline may NOT replace previous VM definitions
16:03:53.406 [Test worker] DEBUG org.apache.velocity - Velocimacro : allowInlineLocal = false : VMs defined inline will be global in scope if allowed.
16:03:53.406 [Test worker] DEBUG org.apache.velocity - Velocimacro : autoload off : VM system will not automatically reload global library macros
16:03:53.406 [Test worker] DEBUG org.apache.velocity - CommonsLogLogChute name is 'org.apache.velocity'
16:03:53.406 [Test worker] DEBUG org.apache.velocity - Initializing Velocity, Calling init()...
16:03:53.406 [Test worker] DEBUG org.apache.velocity - Starting Apache Velocity v1.7 (compiled: 2010-11-19 12:14:37)
16:03:53.406 [Test worker] DEBUG org.apache.velocity - Default Properties File: org\apache\velocity\runtime\defaults\velocity.properties
16:03:53.406 [Test worker] DEBUG org.apache.velocity - Trying to use logger class org.apache.velocity.runtime.log.AvalonLogChute
16:03:53.406 [Test worker] DEBUG org.apache.velocity - Target log system for org.apache.velocity.runtime.log.AvalonLogChute is not available (java.lang.NoClassDefFoundError: org/apache/log/format/Formatter).  Falling back to next log system...
16:03:53.406 [Test worker] DEBUG org.apache.velocity - Trying to use logger class org.apache.velocity.runtime.log.Log4JLogChute
16:03:53.406 [Test worker] DEBUG org.apache.velocity - Target log system for org.apache.velocity.runtime.log.Log4JLogChute is not available (java.lang.NoClassDefFoundError: org/apache/log4j/Layout).  Falling back to next log system...
16:03:53.406 [Test worker] DEBUG org.apache.velocity - Trying to use logger class org.apache.velocity.runtime.log.CommonsLogLogChute
16:03:53.406 [Test worker] DEBUG org.apache.velocity - Using logger class org.apache.velocity.runtime.log.CommonsLogLogChute
16:03:53.406 [Test worker] DEBUG org.apache.velocity - ResourceLoader instantiated: org.apache.velocity.runtime.resource.loader.ClasspathResourceLoader
16:03:53.406 [Test worker] DEBUG org.apache.velocity - ResourceCache: initialized (class org.apache.velocity.runtime.resource.ResourceCacheImpl) with class java.util.Collections$SynchronizedMap cache map.
16:03:53.406 [Test worker] DEBUG org.apache.velocity - Loaded System Directive: org.apache.velocity.runtime.directive.Stop
16:03:53.406 [Test worker] DEBUG org.apache.velocity - Loaded System Directive: org.apache.velocity.runtime.directive.Define
16:03:53.406 [Test worker] DEBUG org.apache.velocity - Loaded System Directive: org.apache.velocity.runtime.directive.Break
16:03:53.406 [Test worker] DEBUG org.apache.velocity - Loaded System Directive: org.apache.velocity.runtime.directive.Evaluate
16:03:53.406 [Test worker] DEBUG org.apache.velocity - Loaded System Directive: org.apache.velocity.runtime.directive.Literal
16:03:53.406 [Test worker] DEBUG org.apache.velocity - Loaded System Directive: org.apache.velocity.runtime.directive.Macro
16:03:53.406 [Test worker] DEBUG org.apache.velocity - Loaded System Directive: org.apache.velocity.runtime.directive.Parse
16:03:53.406 [Test worker] DEBUG org.apache.velocity - Loaded System Directive: org.apache.velocity.runtime.directive.Include
16:03:53.406 [Test worker] DEBUG org.apache.velocity - Loaded System Directive: org.apache.velocity.runtime.directive.Foreach
16:03:53.406 [Test worker] DEBUG org.apache.velocity - Created '20' parsers.
16:03:53.406 [Test worker] DEBUG org.apache.velocity - Velocimacro : "velocimacro.library" is not set.  Trying default library: VM_global_library.vm
16:03:53.406 [Test worker] DEBUG org.apache.velocity - Could not load resource 'VM_global_library.vm' from ResourceLoader org.apache.velocity.runtime.resource.loader.ClasspathResourceLoader: ClasspathResourceLoader Error: cannot find resource VM_global_library.vm
16:03:53.406 [Test worker] DEBUG org.apache.velocity - Velocimacro : Default library not found.
16:03:53.406 [Test worker] DEBUG org.apache.velocity - Velocimacro : allowInline = true : VMs can be defined inline in templates
16:03:53.406 [Test worker] DEBUG org.apache.velocity - Velocimacro : allowInlineToOverride = false : VMs defined inline may NOT replace previous VM definitions
16:03:53.406 [Test worker] DEBUG org.apache.velocity - Velocimacro : allowInlineLocal = false : VMs defined inline will be global in scope if allowed.
16:03:53.406 [Test worker] DEBUG org.apache.velocity - Velocimacro : autoload off : VM system will not automatically reload global library macros
16:03:53.406 [Test worker] DEBUG org.apache.velocity - CommonsLogLogChute name is 'org.apache.velocity'
16:03:53.406 [Test worker] DEBUG org.apache.velocity - Initializing Velocity, Calling init()...
16:03:53.406 [Test worker] DEBUG org.apache.velocity - Starting Apache Velocity v1.7 (compiled: 2010-11-19 12:14:37)
16:03:53.406 [Test worker] DEBUG org.apache.velocity - Default Properties File: org\apache\velocity\runtime\defaults\velocity.properties
16:03:53.406 [Test worker] DEBUG org.apache.velocity - Trying to use logger class org.apache.velocity.runtime.log.AvalonLogChute
16:03:53.406 [Test worker] DEBUG org.apache.velocity - Target log system for org.apache.velocity.runtime.log.AvalonLogChute is not available (java.lang.NoClassDefFoundError: org/apache/log/format/Formatter).  Falling back to next log system...
16:03:53.406 [Test worker] DEBUG org.apache.velocity - Trying to use logger class org.apache.velocity.runtime.log.Log4JLogChute
16:03:53.406 [Test worker] DEBUG org.apache.velocity - Target log system for org.apache.velocity.runtime.log.Log4JLogChute is not available (java.lang.NoClassDefFoundError: org/apache/log4j/Layout).  Falling back to next log system...
16:03:53.406 [Test worker] DEBUG org.apache.velocity - Trying to use logger class org.apache.velocity.runtime.log.CommonsLogLogChute
16:03:53.406 [Test worker] DEBUG org.apache.velocity - Using logger class org.apache.velocity.runtime.log.CommonsLogLogChute
16:03:53.406 [Test worker] DEBUG org.apache.velocity - ResourceLoader instantiated: org.apache.velocity.runtime.resource.loader.ClasspathResourceLoader
16:03:53.406 [Test worker] DEBUG org.apache.velocity - ResourceCache: initialized (class org.apache.velocity.runtime.resource.ResourceCacheImpl) with class java.util.Collections$SynchronizedMap cache map.
16:03:53.406 [Test worker] DEBUG org.apache.velocity - Loaded System Directive: org.apache.velocity.runtime.directive.Stop
16:03:53.406 [Test worker] DEBUG org.apache.velocity - Loaded System Directive: org.apache.velocity.runtime.directive.Define
16:03:53.406 [Test worker] DEBUG org.apache.velocity - Loaded System Directive: org.apache.velocity.runtime.directive.Break
16:03:53.406 [Test worker] DEBUG org.apache.velocity - Loaded System Directive: org.apache.velocity.runtime.directive.Evaluate
16:03:53.406 [Test worker] DEBUG org.apache.velocity - Loaded System Directive: org.apache.velocity.runtime.directive.Literal
16:03:53.406 [Test worker] DEBUG org.apache.velocity - Loaded System Directive: org.apache.velocity.runtime.directive.Macro
16:03:53.406 [Test worker] DEBUG org.apache.velocity - Loaded System Directive: org.apache.velocity.runtime.directive.Parse
16:03:53.406 [Test worker] DEBUG org.apache.velocity - Loaded System Directive: org.apache.velocity.runtime.directive.Include
16:03:53.406 [Test worker] DEBUG org.apache.velocity - Loaded System Directive: org.apache.velocity.runtime.directive.Foreach
16:03:53.406 [Test worker] DEBUG org.apache.velocity - Created '20' parsers.
16:03:53.406 [Test worker] DEBUG org.apache.velocity - Velocimacro : "velocimacro.library" is not set.  Trying default library: VM_global_library.vm
16:03:53.406 [Test worker] DEBUG org.apache.velocity - Could not load resource 'VM_global_library.vm' from ResourceLoader org.apache.velocity.runtime.resource.loader.ClasspathResourceLoader: ClasspathResourceLoader Error: cannot find resource VM_global_library.vm
16:03:53.406 [Test worker] DEBUG org.apache.velocity - Velocimacro : Default library not found.
16:03:53.406 [Test worker] DEBUG org.apache.velocity - Velocimacro : allowInline = true : VMs can be defined inline in templates
16:03:53.406 [Test worker] DEBUG org.apache.velocity - Velocimacro : allowInlineToOverride = false : VMs defined inline may NOT replace previous VM definitions
16:03:53.406 [Test worker] DEBUG org.apache.velocity - Velocimacro : allowInlineLocal = false : VMs defined inline will be global in scope if allowed.
16:03:53.406 [Test worker] DEBUG org.apache.velocity - Velocimacro : autoload off : VM system will not automatically reload global library macros
16:03:53.406 [Test worker] DEBUG org.apache.velocity - CommonsLogLogChute name is 'org.apache.velocity'
16:03:53.406 [Test worker] DEBUG org.apache.velocity - Initializing Velocity, Calling init()...
16:03:53.406 [Test worker] DEBUG org.apache.velocity - Starting Apache Velocity v1.7 (compiled: 2010-11-19 12:14:37)
16:03:53.406 [Test worker] DEBUG org.apache.velocity - Default Properties File: org\apache\velocity\runtime\defaults\velocity.properties
16:03:53.406 [Test worker] DEBUG org.apache.velocity - Trying to use logger class org.apache.velocity.runtime.log.AvalonLogChute
16:03:53.406 [Test worker] DEBUG org.apache.velocity - Target log system for org.apache.velocity.runtime.log.AvalonLogChute is not available (java.lang.NoClassDefFoundError: org/apache/log/format/Formatter).  Falling back to next log system...
16:03:53.406 [Test worker] DEBUG org.apache.velocity - Trying to use logger class org.apache.velocity.runtime.log.Log4JLogChute
16:03:53.406 [Test worker] DEBUG org.apache.velocity - Target log system for org.apache.velocity.runtime.log.Log4JLogChute is not available (java.lang.NoClassDefFoundError: org/apache/log4j/Layout).  Falling back to next log system...
16:03:53.406 [Test worker] DEBUG org.apache.velocity - Trying to use logger class org.apache.velocity.runtime.log.CommonsLogLogChute
16:03:53.406 [Test worker] DEBUG org.apache.velocity - Using logger class org.apache.velocity.runtime.log.CommonsLogLogChute
16:03:53.406 [Test worker] DEBUG org.apache.velocity - ResourceLoader instantiated: org.apache.velocity.runtime.resource.loader.ClasspathResourceLoader
16:03:53.406 [Test worker] DEBUG org.apache.velocity - ResourceCache: initialized (class org.apache.velocity.runtime.resource.ResourceCacheImpl) with class java.util.Collections$SynchronizedMap cache map.
16:03:53.406 [Test worker] DEBUG org.apache.velocity - Loaded System Directive: org.apache.velocity.runtime.directive.Stop
16:03:53.406 [Test worker] DEBUG org.apache.velocity - Loaded System Directive: org.apache.velocity.runtime.directive.Define
16:03:53.406 [Test worker] DEBUG org.apache.velocity - Loaded System Directive: org.apache.velocity.runtime.directive.Break
16:03:53.406 [Test worker] DEBUG org.apache.velocity - Loaded System Directive: org.apache.velocity.runtime.directive.Evaluate
16:03:53.406 [Test worker] DEBUG org.apache.velocity - Loaded System Directive: org.apache.velocity.runtime.directive.Literal
16:03:53.406 [Test worker] DEBUG org.apache.velocity - Loaded System Directive: org.apache.velocity.runtime.directive.Macro
16:03:53.406 [Test worker] DEBUG org.apache.velocity - Loaded System Directive: org.apache.velocity.runtime.directive.Parse
16:03:53.406 [Test worker] DEBUG org.apache.velocity - Loaded System Directive: org.apache.velocity.runtime.directive.Include
16:03:53.406 [Test worker] DEBUG org.apache.velocity - Loaded System Directive: org.apache.velocity.runtime.directive.Foreach
16:03:53.406 [Test worker] DEBUG org.apache.velocity - Created '20' parsers.
16:03:53.406 [Test worker] DEBUG org.apache.velocity - Velocimacro : "velocimacro.library" is not set.  Trying default library: VM_global_library.vm
16:03:53.406 [Test worker] DEBUG org.apache.velocity - Could not load resource 'VM_global_library.vm' from ResourceLoader org.apache.velocity.runtime.resource.loader.ClasspathResourceLoader: ClasspathResourceLoader Error: cannot find resource VM_global_library.vm
16:03:53.406 [Test worker] DEBUG org.apache.velocity - Velocimacro : Default library not found.
16:03:53.406 [Test worker] DEBUG org.apache.velocity - Velocimacro : allowInline = true : VMs can be defined inline in templates
16:03:53.406 [Test worker] DEBUG org.apache.velocity - Velocimacro : allowInlineToOverride = false : VMs defined inline may NOT replace previous VM definitions
16:03:53.406 [Test worker] DEBUG org.apache.velocity - Velocimacro : allowInlineLocal = false : VMs defined inline will be global in scope if allowed.
16:03:53.406 [Test worker] DEBUG org.apache.velocity - Velocimacro : autoload off : VM system will not automatically reload global library macros
16:03:53.406 [Test worker] DEBUG org.apache.velocity - CommonsLogLogChute name is 'org.apache.velocity'
16:03:53.406 [Test worker] DEBUG org.apache.velocity - Initializing Velocity, Calling init()...
16:03:53.406 [Test worker] DEBUG org.apache.velocity - Starting Apache Velocity v1.7 (compiled: 2010-11-19 12:14:37)
16:03:53.406 [Test worker] DEBUG org.apache.velocity - Default Properties File: org\apache\velocity\runtime\defaults\velocity.properties
16:03:53.406 [Test worker] DEBUG org.apache.velocity - Trying to use logger class org.apache.velocity.runtime.log.AvalonLogChute
16:03:53.406 [Test worker] DEBUG org.apache.velocity - Target log system for org.apache.velocity.runtime.log.AvalonLogChute is not available (java.lang.NoClassDefFoundError: org/apache/log/format/Formatter).  Falling back to next log system...
16:03:53.406 [Test worker] DEBUG org.apache.velocity - Trying to use logger class org.apache.velocity.runtime.log.Log4JLogChute
16:03:53.406 [Test worker] DEBUG org.apache.velocity - Target log system for org.apache.velocity.runtime.log.Log4JLogChute is not available (java.lang.NoClassDefFoundError: org/apache/log4j/Layout).  Falling back to next log system...
16:03:53.406 [Test worker] DEBUG org.apache.velocity - Trying to use logger class org.apache.velocity.runtime.log.CommonsLogLogChute
16:03:53.406 [Test worker] DEBUG org.apache.velocity - Using logger class org.apache.velocity.runtime.log.CommonsLogLogChute
16:03:53.406 [Test worker] DEBUG org.apache.velocity - ResourceLoader instantiated: org.apache.velocity.runtime.resource.loader.ClasspathResourceLoader
16:03:53.406 [Test worker] DEBUG org.apache.velocity - ResourceCache: initialized (class org.apache.velocity.runtime.resource.ResourceCacheImpl) with class java.util.Collections$SynchronizedMap cache map.
16:03:53.406 [Test worker] DEBUG org.apache.velocity - Loaded System Directive: org.apache.velocity.runtime.directive.Stop
16:03:53.406 [Test worker] DEBUG org.apache.velocity - Loaded System Directive: org.apache.velocity.runtime.directive.Define
16:03:53.406 [Test worker] DEBUG org.apache.velocity - Loaded System Directive: org.apache.velocity.runtime.directive.Break
16:03:53.406 [Test worker] DEBUG org.apache.velocity - Loaded System Directive: org.apache.velocity.runtime.directive.Evaluate
16:03:53.406 [Test worker] DEBUG org.apache.velocity - Loaded System Directive: org.apache.velocity.runtime.directive.Literal
16:03:53.406 [Test worker] DEBUG org.apache.velocity - Loaded System Directive: org.apache.velocity.runtime.directive.Macro
16:03:53.406 [Test worker] DEBUG org.apache.velocity - Loaded System Directive: org.apache.velocity.runtime.directive.Parse
16:03:53.406 [Test worker] DEBUG org.apache.velocity - Loaded System Directive: org.apache.velocity.runtime.directive.Include
16:03:53.406 [Test worker] DEBUG org.apache.velocity - Loaded System Directive: org.apache.velocity.runtime.directive.Foreach
16:03:53.406 [Test worker] DEBUG org.apache.velocity - Created '20' parsers.
16:03:53.406 [Test worker] DEBUG org.apache.velocity - Velocimacro : "velocimacro.library" is not set.  Trying default library: VM_global_library.vm
16:03:53.406 [Test worker] DEBUG org.apache.velocity - Could not load resource 'VM_global_library.vm' from ResourceLoader org.apache.velocity.runtime.resource.loader.ClasspathResourceLoader: ClasspathResourceLoader Error: cannot find resource VM_global_library.vm
16:03:53.406 [Test worker] DEBUG org.apache.velocity - Velocimacro : Default library not found.
16:03:53.406 [Test worker] DEBUG org.apache.velocity - Velocimacro : allowInline = true : VMs can be defined inline in templates
16:03:53.406 [Test worker] DEBUG org.apache.velocity - Velocimacro : allowInlineToOverride = false : VMs defined inline may NOT replace previous VM definitions
16:03:53.406 [Test worker] DEBUG org.apache.velocity - Velocimacro : allowInlineLocal = false : VMs defined inline will be global in scope if allowed.
16:03:53.406 [Test worker] DEBUG org.apache.velocity - Velocimacro : autoload off : VM system will not automatically reload global library macros
16:03:53.421 [Test worker] DEBUG org.apache.velocity - CommonsLogLogChute name is 'org.apache.velocity'
16:03:53.421 [Test worker] DEBUG org.apache.velocity - Initializing Velocity, Calling init()...
16:03:53.421 [Test worker] DEBUG org.apache.velocity - Starting Apache Velocity v1.7 (compiled: 2010-11-19 12:14:37)
16:03:53.421 [Test worker] DEBUG org.apache.velocity - Default Properties File: org\apache\velocity\runtime\defaults\velocity.properties
16:03:53.421 [Test worker] DEBUG org.apache.velocity - Trying to use logger class org.apache.velocity.runtime.log.AvalonLogChute
16:03:53.421 [Test worker] DEBUG org.apache.velocity - Target log system for org.apache.velocity.runtime.log.AvalonLogChute is not available (java.lang.NoClassDefFoundError: org/apache/log/format/Formatter).  Falling back to next log system...
16:03:53.421 [Test worker] DEBUG org.apache.velocity - Trying to use logger class org.apache.velocity.runtime.log.Log4JLogChute
16:03:53.421 [Test worker] DEBUG org.apache.velocity - Target log system for org.apache.velocity.runtime.log.Log4JLogChute is not available (java.lang.NoClassDefFoundError: org/apache/log4j/Layout).  Falling back to next log system...
16:03:53.421 [Test worker] DEBUG org.apache.velocity - Trying to use logger class org.apache.velocity.runtime.log.CommonsLogLogChute
16:03:53.421 [Test worker] DEBUG org.apache.velocity - Using logger class org.apache.velocity.runtime.log.CommonsLogLogChute
16:03:53.421 [Test worker] DEBUG org.apache.velocity - ResourceLoader instantiated: org.apache.velocity.runtime.resource.loader.ClasspathResourceLoader
16:03:53.421 [Test worker] DEBUG org.apache.velocity - ResourceCache: initialized (class org.apache.velocity.runtime.resource.ResourceCacheImpl) with class java.util.Collections$SynchronizedMap cache map.
16:03:53.421 [Test worker] DEBUG org.apache.velocity - Loaded System Directive: org.apache.velocity.runtime.directive.Stop
16:03:53.421 [Test worker] DEBUG org.apache.velocity - Loaded System Directive: org.apache.velocity.runtime.directive.Define
16:03:53.421 [Test worker] DEBUG org.apache.velocity - Loaded System Directive: org.apache.velocity.runtime.directive.Break
16:03:53.421 [Test worker] DEBUG org.apache.velocity - Loaded System Directive: org.apache.velocity.runtime.directive.Evaluate
16:03:53.421 [Test worker] DEBUG org.apache.velocity - Loaded System Directive: org.apache.velocity.runtime.directive.Literal
16:03:53.421 [Test worker] DEBUG org.apache.velocity - Loaded System Directive: org.apache.velocity.runtime.directive.Macro
16:03:53.421 [Test worker] DEBUG org.apache.velocity - Loaded System Directive: org.apache.velocity.runtime.directive.Parse
16:03:53.421 [Test worker] DEBUG org.apache.velocity - Loaded System Directive: org.apache.velocity.runtime.directive.Include
16:03:53.421 [Test worker] DEBUG org.apache.velocity - Loaded System Directive: org.apache.velocity.runtime.directive.Foreach
16:03:53.421 [Test worker] DEBUG org.apache.velocity - Created '20' parsers.
16:03:53.421 [Test worker] DEBUG org.apache.velocity - Velocimacro : "velocimacro.library" is not set.  Trying default library: VM_global_library.vm
16:03:53.421 [Test worker] DEBUG org.apache.velocity - Could not load resource 'VM_global_library.vm' from ResourceLoader org.apache.velocity.runtime.resource.loader.ClasspathResourceLoader: ClasspathResourceLoader Error: cannot find resource VM_global_library.vm
16:03:53.421 [Test worker] DEBUG org.apache.velocity - Velocimacro : Default library not found.
16:03:53.421 [Test worker] DEBUG org.apache.velocity - Velocimacro : allowInline = true : VMs can be defined inline in templates
16:03:53.421 [Test worker] DEBUG org.apache.velocity - Velocimacro : allowInlineToOverride = false : VMs defined inline may NOT replace previous VM definitions
16:03:53.421 [Test worker] DEBUG org.apache.velocity - Velocimacro : allowInlineLocal = false : VMs defined inline will be global in scope if allowed.
16:03:53.421 [Test worker] DEBUG org.apache.velocity - Velocimacro : autoload off : VM system will not automatically reload global library macros
16:03:53.421 [Test worker] DEBUG org.apache.velocity - CommonsLogLogChute name is 'org.apache.velocity'
16:03:53.421 [Test worker] DEBUG org.apache.velocity - Initializing Velocity, Calling init()...
16:03:53.421 [Test worker] DEBUG org.apache.velocity - Starting Apache Velocity v1.7 (compiled: 2010-11-19 12:14:37)
16:03:53.421 [Test worker] DEBUG org.apache.velocity - Default Properties File: org\apache\velocity\runtime\defaults\velocity.properties
16:03:53.421 [Test worker] DEBUG org.apache.velocity - Trying to use logger class org.apache.velocity.runtime.log.AvalonLogChute
16:03:53.421 [Test worker] DEBUG org.apache.velocity - Target log system for org.apache.velocity.runtime.log.AvalonLogChute is not available (java.lang.NoClassDefFoundError: org/apache/log/format/Formatter).  Falling back to next log system...
16:03:53.421 [Test worker] DEBUG org.apache.velocity - Trying to use logger class org.apache.velocity.runtime.log.Log4JLogChute
16:03:53.421 [Test worker] DEBUG org.apache.velocity - Target log system for org.apache.velocity.runtime.log.Log4JLogChute is not available (java.lang.NoClassDefFoundError: org/apache/log4j/Layout).  Falling back to next log system...
16:03:53.421 [Test worker] DEBUG org.apache.velocity - Trying to use logger class org.apache.velocity.runtime.log.CommonsLogLogChute
16:03:53.421 [Test worker] DEBUG org.apache.velocity - Using logger class org.apache.velocity.runtime.log.CommonsLogLogChute
16:03:53.421 [Test worker] DEBUG org.apache.velocity - ResourceLoader instantiated: org.apache.velocity.runtime.resource.loader.ClasspathResourceLoader
16:03:53.421 [Test worker] DEBUG org.apache.velocity - ResourceCache: initialized (class org.apache.velocity.runtime.resource.ResourceCacheImpl) with class java.util.Collections$SynchronizedMap cache map.
16:03:53.421 [Test worker] DEBUG org.apache.velocity - Loaded System Directive: org.apache.velocity.runtime.directive.Stop
16:03:53.421 [Test worker] DEBUG org.apache.velocity - Loaded System Directive: org.apache.velocity.runtime.directive.Define
16:03:53.421 [Test worker] DEBUG org.apache.velocity - Loaded System Directive: org.apache.velocity.runtime.directive.Break
16:03:53.421 [Test worker] DEBUG org.apache.velocity - Loaded System Directive: org.apache.velocity.runtime.directive.Evaluate
16:03:53.421 [Test worker] DEBUG org.apache.velocity - Loaded System Directive: org.apache.velocity.runtime.directive.Literal
16:03:53.421 [Test worker] DEBUG org.apache.velocity - Loaded System Directive: org.apache.velocity.runtime.directive.Macro
16:03:53.421 [Test worker] DEBUG org.apache.velocity - Loaded System Directive: org.apache.velocity.runtime.directive.Parse
16:03:53.421 [Test worker] DEBUG org.apache.velocity - Loaded System Directive: org.apache.velocity.runtime.directive.Include
16:03:53.421 [Test worker] DEBUG org.apache.velocity - Loaded System Directive: org.apache.velocity.runtime.directive.Foreach
16:03:53.421 [Test worker] DEBUG org.apache.velocity - Created '20' parsers.
16:03:53.421 [Test worker] DEBUG org.apache.velocity - Velocimacro : "velocimacro.library" is not set.  Trying default library: VM_global_library.vm
16:03:53.421 [Test worker] DEBUG org.apache.velocity - Could not load resource 'VM_global_library.vm' from ResourceLoader org.apache.velocity.runtime.resource.loader.ClasspathResourceLoader: ClasspathResourceLoader Error: cannot find resource VM_global_library.vm
16:03:53.421 [Test worker] DEBUG org.apache.velocity - Velocimacro : Default library not found.
16:03:53.421 [Test worker] DEBUG org.apache.velocity - Velocimacro : allowInline = true : VMs can be defined inline in templates
16:03:53.421 [Test worker] DEBUG org.apache.velocity - Velocimacro : allowInlineToOverride = false : VMs defined inline may NOT replace previous VM definitions
16:03:53.421 [Test worker] DEBUG org.apache.velocity - Velocimacro : allowInlineLocal = false : VMs defined inline will be global in scope if allowed.
16:03:53.421 [Test worker] DEBUG org.apache.velocity - Velocimacro : autoload off : VM system will not automatically reload global library macros
16:03:53.421 [Test worker] DEBUG org.apache.velocity - CommonsLogLogChute name is 'org.apache.velocity'
16:03:53.421 [Test worker] DEBUG org.apache.velocity - Initializing Velocity, Calling init()...
16:03:53.421 [Test worker] DEBUG org.apache.velocity - Starting Apache Velocity v1.7 (compiled: 2010-11-19 12:14:37)
16:03:53.421 [Test worker] DEBUG org.apache.velocity - Default Properties File: org\apache\velocity\runtime\defaults\velocity.properties
16:03:53.421 [Test worker] DEBUG org.apache.velocity - Trying to use logger class org.apache.velocity.runtime.log.AvalonLogChute
16:03:53.421 [Test worker] DEBUG org.apache.velocity - Target log system for org.apache.velocity.runtime.log.AvalonLogChute is not available (java.lang.NoClassDefFoundError: org/apache/log/format/Formatter).  Falling back to next log system...
16:03:53.421 [Test worker] DEBUG org.apache.velocity - Trying to use logger class org.apache.velocity.runtime.log.Log4JLogChute
16:03:53.421 [Test worker] DEBUG org.apache.velocity - Target log system for org.apache.velocity.runtime.log.Log4JLogChute is not available (java.lang.NoClassDefFoundError: org/apache/log4j/Layout).  Falling back to next log system...
16:03:53.421 [Test worker] DEBUG org.apache.velocity - Trying to use logger class org.apache.velocity.runtime.log.CommonsLogLogChute
16:03:53.421 [Test worker] DEBUG org.apache.velocity - Using logger class org.apache.velocity.runtime.log.CommonsLogLogChute
16:03:53.421 [Test worker] DEBUG org.apache.velocity - ResourceLoader instantiated: org.apache.velocity.runtime.resource.loader.ClasspathResourceLoader
16:03:53.421 [Test worker] DEBUG org.apache.velocity - ResourceCache: initialized (class org.apache.velocity.runtime.resource.ResourceCacheImpl) with class java.util.Collections$SynchronizedMap cache map.
16:03:53.421 [Test worker] DEBUG org.apache.velocity - Loaded System Directive: org.apache.velocity.runtime.directive.Stop
16:03:53.421 [Test worker] DEBUG org.apache.velocity - Loaded System Directive: org.apache.velocity.runtime.directive.Define
16:03:53.421 [Test worker] DEBUG org.apache.velocity - Loaded System Directive: org.apache.velocity.runtime.directive.Break
16:03:53.421 [Test worker] DEBUG org.apache.velocity - Loaded System Directive: org.apache.velocity.runtime.directive.Evaluate
16:03:53.421 [Test worker] DEBUG org.apache.velocity - Loaded System Directive: org.apache.velocity.runtime.directive.Literal
16:03:53.421 [Test worker] DEBUG org.apache.velocity - Loaded System Directive: org.apache.velocity.runtime.directive.Macro
16:03:53.421 [Test worker] DEBUG org.apache.velocity - Loaded System Directive: org.apache.velocity.runtime.directive.Parse
16:03:53.421 [Test worker] DEBUG org.apache.velocity - Loaded System Directive: org.apache.velocity.runtime.directive.Include
16:03:53.421 [Test worker] DEBUG org.apache.velocity - Loaded System Directive: org.apache.velocity.runtime.directive.Foreach
16:03:53.421 [Test worker] DEBUG org.apache.velocity - Created '20' parsers.
16:03:53.421 [Test worker] DEBUG org.apache.velocity - Velocimacro : "velocimacro.library" is not set.  Trying default library: VM_global_library.vm
16:03:53.421 [Test worker] DEBUG org.apache.velocity - Could not load resource 'VM_global_library.vm' from ResourceLoader org.apache.velocity.runtime.resource.loader.ClasspathResourceLoader: ClasspathResourceLoader Error: cannot find resource VM_global_library.vm
16:03:53.421 [Test worker] DEBUG org.apache.velocity - Velocimacro : Default library not found.
16:03:53.421 [Test worker] DEBUG org.apache.velocity - Velocimacro : allowInline = true : VMs can be defined inline in templates
16:03:53.421 [Test worker] DEBUG org.apache.velocity - Velocimacro : allowInlineToOverride = false : VMs defined inline may NOT replace previous VM definitions
16:03:53.421 [Test worker] DEBUG org.apache.velocity - Velocimacro : allowInlineLocal = false : VMs defined inline will be global in scope if allowed.
16:03:53.421 [Test worker] DEBUG org.apache.velocity - Velocimacro : autoload off : VM system will not automatically reload global library macros
16:03:53.452 [Test worker] DEBUG org.apache.velocity - ResourceManager : found templates/generators/overviewFeatures.vm with loader org.apache.velocity.runtime.resource.loader.ClasspathResourceLoader
16:03:53.452 [Test worker] DEBUG org.apache.velocity - ResourceManager : found /templates/headers.vm with loader org.apache.velocity.runtime.resource.loader.ClasspathResourceLoader
16:03:53.452 [Test worker] DEBUG org.apache.velocity - ResourceManager : found /templates/head.vm with loader org.apache.velocity.runtime.resource.loader.ClasspathResourceLoader
16:03:53.452 [Test worker] DEBUG org.apache.velocity - Velocimacro : added VM stringArray: source=/templates/macros/array.js.vm
16:03:53.452 [Test worker] DEBUG org.apache.velocity - Velocimacro : added VM numberArray: source=/templates/macros/array.js.vm
16:03:53.452 [Test worker] DEBUG org.apache.velocity - ResourceManager : found /templates/macros/array.js.vm with loader org.apache.velocity.runtime.resource.loader.ClasspathResourceLoader
16:03:53.452 [Test worker] DEBUG org.apache.velocity - Velocimacro : added VM includeBuildInfo: source=/templates/macros/page/buildinfo.vm
16:03:53.452 [Test worker] DEBUG org.apache.velocity - ResourceManager : found /templates/macros/page/buildinfo.vm with loader org.apache.velocity.runtime.resource.loader.ClasspathResourceLoader
16:03:53.452 [Test worker] DEBUG org.apache.velocity - Velocimacro : added VM includeClassifications: source=/templates/macros/page/classifications.vm
16:03:53.452 [Test worker] DEBUG org.apache.velocity - ResourceManager : found /templates/macros/page/classifications.vm with loader org.apache.velocity.runtime.resource.loader.ClasspathResourceLoader
16:03:53.452 [Test worker] DEBUG org.apache.velocity - Velocimacro : added VM includeLead: source=/templates/macros/page/lead.vm
16:03:53.452 [Test worker] DEBUG org.apache.velocity - ResourceManager : found /templates/macros/page/lead.vm with loader org.apache.velocity.runtime.resource.loader.ClasspathResourceLoader
16:03:53.468 [Test worker] DEBUG org.apache.velocity - Velocimacro : added VM includeNavigation: source=/templates/macros/page/navigation.vm
16:03:53.468 [Test worker] DEBUG org.apache.velocity - ResourceManager : found /templates/macros/page/navigation.vm with loader org.apache.velocity.runtime.resource.loader.ClasspathResourceLoader
16:03:53.468 [Test worker] DEBUG org.apache.velocity - Velocimacro : added VM includeReportInfo: source=/templates/macros/page/reportInfo.vm
16:03:53.468 [Test worker] DEBUG org.apache.velocity - ResourceManager : found /templates/macros/page/reportInfo.vm with loader org.apache.velocity.runtime.resource.loader.ClasspathResourceLoader
16:03:53.468 [Test worker] DEBUG org.apache.velocity - Velocimacro : added VM includeTitle: source=/templates/macros/page/title.vm
16:03:53.468 [Test worker] DEBUG org.apache.velocity - ResourceManager : found /templates/macros/page/title.vm with loader org.apache.velocity.runtime.resource.loader.ClasspathResourceLoader
16:03:53.468 [Test worker] DEBUG org.apache.velocity - Velocimacro : added VM includeExpandingButtons: source=/templates/macros/report/expandAllButtons.vm
16:03:53.468 [Test worker] DEBUG org.apache.velocity - ResourceManager : found /templates/macros/report/expandAllButtons.vm with loader org.apache.velocity.runtime.resource.loader.ClasspathResourceLoader
16:03:53.468 [Test worker] DEBUG org.apache.velocity - Velocimacro : added VM includeReportTable: source=/templates/macros/report/reportTable.vm
16:03:53.468 [Test worker] DEBUG org.apache.velocity - ResourceManager : found /templates/macros/report/reportTable.vm with loader org.apache.velocity.runtime.resource.loader.ClasspathResourceLoader
16:03:53.468 [Test worker] DEBUG org.apache.velocity - Velocimacro : added VM includeReportHeader: source=/templates/macros/report/reportHeader.vm
16:03:53.468 [Test worker] DEBUG org.apache.velocity - ResourceManager : found /templates/macros/report/reportHeader.vm with loader org.apache.velocity.runtime.resource.loader.ClasspathResourceLoader
16:03:53.468 [Test worker] DEBUG org.apache.velocity - Velocimacro : added VM includeStatsTable: source=/templates/macros/report/statsTable.vm
16:03:53.468 [Test worker] DEBUG org.apache.velocity - ResourceManager : found /templates/macros/report/statsTable.vm with loader org.apache.velocity.runtime.resource.loader.ClasspathResourceLoader
16:03:53.468 [Test worker] DEBUG org.apache.velocity - Velocimacro : added VM includeBrief: source=/templates/macros/json/brief.vm
16:03:53.468 [Test worker] DEBUG org.apache.velocity - ResourceManager : found /templates/macros/json/brief.vm with loader org.apache.velocity.runtime.resource.loader.ClasspathResourceLoader
16:03:53.468 [Test worker] DEBUG org.apache.velocity - Velocimacro : added VM includeDocString: source=/templates/macros/json/docstring.vm
16:03:53.468 [Test worker] DEBUG org.apache.velocity - ResourceManager : found /templates/macros/json/docstring.vm with loader org.apache.velocity.runtime.resource.loader.ClasspathResourceLoader
16:03:53.468 [Test worker] DEBUG org.apache.velocity - Velocimacro : added VM includeDuration: source=/templates/macros/json/duration.vm
16:03:53.468 [Test worker] DEBUG org.apache.velocity - ResourceManager : found /templates/macros/json/duration.vm with loader org.apache.velocity.runtime.resource.loader.ClasspathResourceLoader
16:03:53.468 [Test worker] DEBUG org.apache.velocity - Velocimacro : added VM includeElement: source=/templates/macros/json/element.vm
16:03:53.468 [Test worker] DEBUG org.apache.velocity - ResourceManager : found /templates/macros/json/element.vm with loader org.apache.velocity.runtime.resource.loader.ClasspathResourceLoader
16:03:53.484 [Test worker] DEBUG org.apache.velocity - Velocimacro : added VM includeEmbeddings: source=/templates/macros/json/embeddings.vm
16:03:53.484 [Test worker] DEBUG org.apache.velocity - Velocimacro : added VM includeHtmlEmbedding: source=/templates/macros/json/embeddings.vm
16:03:53.484 [Test worker] DEBUG org.apache.velocity - Velocimacro : added VM includeImageEmbedding: source=/templates/macros/json/embeddings.vm
16:03:53.484 [Test worker] DEBUG org.apache.velocity - Velocimacro : added VM includeImageReferenceEmbedding: source=/templates/macros/json/embeddings.vm
16:03:53.484 [Test worker] DEBUG org.apache.velocity - Velocimacro : added VM includeTextEmbedding: source=/templates/macros/json/embeddings.vm
16:03:53.484 [Test worker] DEBUG org.apache.velocity - Velocimacro : added VM includeUnknownEmbedding: source=/templates/macros/json/embeddings.vm
16:03:53.484 [Test worker] DEBUG org.apache.velocity - ResourceManager : found /templates/macros/json/embeddings.vm with loader org.apache.velocity.runtime.resource.loader.ClasspathResourceLoader
16:03:53.484 [Test worker] DEBUG org.apache.velocity - Velocimacro : added VM includeHooks: source=/templates/macros/json/hooks.vm
16:03:53.484 [Test worker] DEBUG org.apache.velocity - ResourceManager : found /templates/macros/json/hooks.vm with loader org.apache.velocity.runtime.resource.loader.ClasspathResourceLoader
16:03:53.484 [Test worker] DEBUG org.apache.velocity - Velocimacro : added VM includeOutput: source=/templates/macros/json/output.vm
16:03:53.484 [Test worker] DEBUG org.apache.velocity - ResourceManager : found /templates/macros/json/output.vm with loader org.apache.velocity.runtime.resource.loader.ClasspathResourceLoader
16:03:53.484 [Test worker] DEBUG org.apache.velocity - Velocimacro : added VM includeMessage: source=/templates/macros/json/message.vm
16:03:53.484 [Test worker] DEBUG org.apache.velocity - ResourceManager : found /templates/macros/json/message.vm with loader org.apache.velocity.runtime.resource.loader.ClasspathResourceLoader
16:03:53.484 [Test worker] DEBUG org.apache.velocity - Velocimacro : added VM includeSteps: source=/templates/macros/json/steps.vm
16:03:53.484 [Test worker] DEBUG org.apache.velocity - ResourceManager : found /templates/macros/json/steps.vm with loader org.apache.velocity.runtime.resource.loader.ClasspathResourceLoader
16:03:53.484 [Test worker] DEBUG org.apache.velocity - Velocimacro : added VM includeTags: source=/templates/macros/json/tags.vm
16:03:53.484 [Test worker] DEBUG org.apache.velocity - ResourceManager : found /templates/macros/json/tags.vm with loader org.apache.velocity.runtime.resource.loader.ClasspathResourceLoader
16:03:53.499 [Test worker] DEBUG org.apache.velocity - ResourceManager : found /templates/js/steps-chart.js.vm with loader org.apache.velocity.runtime.resource.loader.ClasspathResourceLoader
16:03:53.499 [Test worker] DEBUG org.apache.velocity - ResourceManager : found /templates/js/scenarios-chart.js.vm with loader org.apache.velocity.runtime.resource.loader.ClasspathResourceLoader
16:03:53.499 [Test worker] DEBUG org.apache.velocity - ResourceManager : found /templates/js/features-chart.js.vm with loader org.apache.velocity.runtime.resource.loader.ClasspathResourceLoader
16:03:53.499 [Test worker] DEBUG org.apache.velocity - VM #includeReportInfo: too many arguments to macro. Wanted 0 got 1
16:03:53.562 [Test worker] DEBUG org.apache.velocity - ResourceManager : found /templates/footer.vm with loader org.apache.velocity.runtime.resource.loader.ClasspathResourceLoader
16:03:53.562 [Test worker] DEBUG org.apache.velocity - ResourceManager : found templates/generators/reportFeature.vm with loader org.apache.velocity.runtime.resource.loader.ClasspathResourceLoader
16:03:53.562 [Test worker] DEBUG org.apache.velocity - ResourceManager : found /templates/headers.vm with loader org.apache.velocity.runtime.resource.loader.ClasspathResourceLoader
16:03:53.562 [Test worker] DEBUG org.apache.velocity - ResourceManager : found /templates/head.vm with loader org.apache.velocity.runtime.resource.loader.ClasspathResourceLoader
16:03:53.562 [Test worker] DEBUG org.apache.velocity - Velocimacro : added VM stringArray: source=/templates/macros/array.js.vm
16:03:53.562 [Test worker] DEBUG org.apache.velocity - Velocimacro : added VM numberArray: source=/templates/macros/array.js.vm
16:03:53.562 [Test worker] DEBUG org.apache.velocity - ResourceManager : found /templates/macros/array.js.vm with loader org.apache.velocity.runtime.resource.loader.ClasspathResourceLoader
16:03:53.562 [Test worker] DEBUG org.apache.velocity - Velocimacro : added VM includeBuildInfo: source=/templates/macros/page/buildinfo.vm
16:03:53.562 [Test worker] DEBUG org.apache.velocity - ResourceManager : found /templates/macros/page/buildinfo.vm with loader org.apache.velocity.runtime.resource.loader.ClasspathResourceLoader
16:03:53.562 [Test worker] DEBUG org.apache.velocity - Velocimacro : added VM includeClassifications: source=/templates/macros/page/classifications.vm
16:03:53.562 [Test worker] DEBUG org.apache.velocity - ResourceManager : found /templates/macros/page/classifications.vm with loader org.apache.velocity.runtime.resource.loader.ClasspathResourceLoader
16:03:53.562 [Test worker] DEBUG org.apache.velocity - Velocimacro : added VM includeLead: source=/templates/macros/page/lead.vm
16:03:53.562 [Test worker] DEBUG org.apache.velocity - ResourceManager : found /templates/macros/page/lead.vm with loader org.apache.velocity.runtime.resource.loader.ClasspathResourceLoader
16:03:53.562 [Test worker] DEBUG org.apache.velocity - Velocimacro : added VM includeNavigation: source=/templates/macros/page/navigation.vm
16:03:53.562 [Test worker] DEBUG org.apache.velocity - ResourceManager : found /templates/macros/page/navigation.vm with loader org.apache.velocity.runtime.resource.loader.ClasspathResourceLoader
16:03:53.562 [Test worker] DEBUG org.apache.velocity - Velocimacro : added VM includeReportInfo: source=/templates/macros/page/reportInfo.vm
16:03:53.562 [Test worker] DEBUG org.apache.velocity - ResourceManager : found /templates/macros/page/reportInfo.vm with loader org.apache.velocity.runtime.resource.loader.ClasspathResourceLoader
16:03:53.562 [Test worker] DEBUG org.apache.velocity - Velocimacro : added VM includeTitle: source=/templates/macros/page/title.vm
16:03:53.562 [Test worker] DEBUG org.apache.velocity - ResourceManager : found /templates/macros/page/title.vm with loader org.apache.velocity.runtime.resource.loader.ClasspathResourceLoader
16:03:53.562 [Test worker] DEBUG org.apache.velocity - Velocimacro : added VM includeExpandingButtons: source=/templates/macros/report/expandAllButtons.vm
16:03:53.562 [Test worker] DEBUG org.apache.velocity - ResourceManager : found /templates/macros/report/expandAllButtons.vm with loader org.apache.velocity.runtime.resource.loader.ClasspathResourceLoader
16:03:53.562 [Test worker] DEBUG org.apache.velocity - Velocimacro : added VM includeReportTable: source=/templates/macros/report/reportTable.vm
16:03:53.562 [Test worker] DEBUG org.apache.velocity - ResourceManager : found /templates/macros/report/reportTable.vm with loader org.apache.velocity.runtime.resource.loader.ClasspathResourceLoader
16:03:53.562 [Test worker] DEBUG org.apache.velocity - Velocimacro : added VM includeReportHeader: source=/templates/macros/report/reportHeader.vm
16:03:53.562 [Test worker] DEBUG org.apache.velocity - ResourceManager : found /templates/macros/report/reportHeader.vm with loader org.apache.velocity.runtime.resource.loader.ClasspathResourceLoader
16:03:53.578 [Test worker] DEBUG org.apache.velocity - Velocimacro : added VM includeStatsTable: source=/templates/macros/report/statsTable.vm
16:03:53.578 [Test worker] DEBUG org.apache.velocity - ResourceManager : found /templates/macros/report/statsTable.vm with loader org.apache.velocity.runtime.resource.loader.ClasspathResourceLoader
16:03:53.578 [Test worker] DEBUG org.apache.velocity - Velocimacro : added VM includeBrief: source=/templates/macros/json/brief.vm
16:03:53.578 [Test worker] DEBUG org.apache.velocity - ResourceManager : found /templates/macros/json/brief.vm with loader org.apache.velocity.runtime.resource.loader.ClasspathResourceLoader
16:03:53.578 [Test worker] DEBUG org.apache.velocity - Velocimacro : added VM includeDocString: source=/templates/macros/json/docstring.vm
16:03:53.578 [Test worker] DEBUG org.apache.velocity - ResourceManager : found /templates/macros/json/docstring.vm with loader org.apache.velocity.runtime.resource.loader.ClasspathResourceLoader
16:03:53.578 [Test worker] DEBUG org.apache.velocity - Velocimacro : added VM includeDuration: source=/templates/macros/json/duration.vm
16:03:53.578 [Test worker] DEBUG org.apache.velocity - ResourceManager : found /templates/macros/json/duration.vm with loader org.apache.velocity.runtime.resource.loader.ClasspathResourceLoader
16:03:53.578 [Test worker] DEBUG org.apache.velocity - Velocimacro : added VM includeElement: source=/templates/macros/json/element.vm
16:03:53.578 [Test worker] DEBUG org.apache.velocity - ResourceManager : found /templates/macros/json/element.vm with loader org.apache.velocity.runtime.resource.loader.ClasspathResourceLoader
16:03:53.578 [Test worker] DEBUG org.apache.velocity - Velocimacro : added VM includeEmbeddings: source=/templates/macros/json/embeddings.vm
16:03:53.578 [Test worker] DEBUG org.apache.velocity - Velocimacro : added VM includeHtmlEmbedding: source=/templates/macros/json/embeddings.vm
16:03:53.578 [Test worker] DEBUG org.apache.velocity - Velocimacro : added VM includeImageEmbedding: source=/templates/macros/json/embeddings.vm
16:03:53.578 [Test worker] DEBUG org.apache.velocity - Velocimacro : added VM includeImageReferenceEmbedding: source=/templates/macros/json/embeddings.vm
16:03:53.578 [Test worker] DEBUG org.apache.velocity - Velocimacro : added VM includeTextEmbedding: source=/templates/macros/json/embeddings.vm
16:03:53.578 [Test worker] DEBUG org.apache.velocity - Velocimacro : added VM includeUnknownEmbedding: source=/templates/macros/json/embeddings.vm
16:03:53.578 [Test worker] DEBUG org.apache.velocity - ResourceManager : found /templates/macros/json/embeddings.vm with loader org.apache.velocity.runtime.resource.loader.ClasspathResourceLoader
16:03:53.578 [Test worker] DEBUG org.apache.velocity - Velocimacro : added VM includeHooks: source=/templates/macros/json/hooks.vm
16:03:53.578 [Test worker] DEBUG org.apache.velocity - ResourceManager : found /templates/macros/json/hooks.vm with loader org.apache.velocity.runtime.resource.loader.ClasspathResourceLoader
16:03:53.578 [Test worker] DEBUG org.apache.velocity - Velocimacro : added VM includeOutput: source=/templates/macros/json/output.vm
16:03:53.578 [Test worker] DEBUG org.apache.velocity - ResourceManager : found /templates/macros/json/output.vm with loader org.apache.velocity.runtime.resource.loader.ClasspathResourceLoader
16:03:53.578 [Test worker] DEBUG org.apache.velocity - Velocimacro : added VM includeMessage: source=/templates/macros/json/message.vm
16:03:53.578 [Test worker] DEBUG org.apache.velocity - ResourceManager : found /templates/macros/json/message.vm with loader org.apache.velocity.runtime.resource.loader.ClasspathResourceLoader
16:03:53.578 [Test worker] DEBUG org.apache.velocity - Velocimacro : added VM includeSteps: source=/templates/macros/json/steps.vm
16:03:53.578 [Test worker] DEBUG org.apache.velocity - ResourceManager : found /templates/macros/json/steps.vm with loader org.apache.velocity.runtime.resource.loader.ClasspathResourceLoader
16:03:53.578 [Test worker] DEBUG org.apache.velocity - Velocimacro : added VM includeTags: source=/templates/macros/json/tags.vm
16:03:53.578 [Test worker] DEBUG org.apache.velocity - ResourceManager : found /templates/macros/json/tags.vm with loader org.apache.velocity.runtime.resource.loader.ClasspathResourceLoader
16:03:53.578 [Test worker] DEBUG org.apache.velocity - VM #includeNavigation: too few arguments to macro. Wanted 1 got 0
16:03:53.578 [Test worker] DEBUG org.apache.velocity - Left side ($active_tab) of '==' operation has null value. If it is a reference, it may not be in the context or its toString() returned null. /templates/macros/page/navigation.vm[line 14, column 51]
16:03:53.578 [Test worker] DEBUG org.apache.velocity - Left side ($active_tab) of '==' operation has null value. If it is a reference, it may not be in the context or its toString() returned null. /templates/macros/page/navigation.vm[line 15, column 51]
16:03:53.578 [Test worker] DEBUG org.apache.velocity - Left side ($active_tab) of '==' operation has null value. If it is a reference, it may not be in the context or its toString() returned null. /templates/macros/page/navigation.vm[line 16, column 51]
16:03:53.578 [Test worker] DEBUG org.apache.velocity - Left side ($active_tab) of '==' operation has null value. If it is a reference, it may not be in the context or its toString() returned null. /templates/macros/page/navigation.vm[line 20, column 51]
16:03:53.578 [Test worker] DEBUG org.apache.velocity - VM #includeLead: too few arguments to macro. Wanted 2 got 1
16:03:53.578 [Test worker] DEBUG org.apache.velocity - VM #includeBrief: too few arguments to macro. Wanted 5 got 3
16:03:53.578 [Test worker] DEBUG org.apache.velocity - VM #includeBrief: too few arguments to macro. Wanted 5 got 4
16:03:53.578 [Test worker] DEBUG org.apache.velocity - VM #includeBrief: too few arguments to macro. Wanted 5 got 4
16:03:53.593 [Test worker] DEBUG org.apache.velocity - ResourceManager : found /templates/footer.vm with loader org.apache.velocity.runtime.resource.loader.ClasspathResourceLoader
16:03:53.593 [Test worker] DEBUG org.apache.velocity - ResourceManager : found templates/generators/reportFeature.vm with loader org.apache.velocity.runtime.resource.loader.ClasspathResourceLoader
16:03:53.593 [Test worker] DEBUG org.apache.velocity - ResourceManager : found /templates/headers.vm with loader org.apache.velocity.runtime.resource.loader.ClasspathResourceLoader
16:03:53.593 [Test worker] DEBUG org.apache.velocity - ResourceManager : found /templates/head.vm with loader org.apache.velocity.runtime.resource.loader.ClasspathResourceLoader
16:03:53.593 [Test worker] DEBUG org.apache.velocity - Velocimacro : added VM stringArray: source=/templates/macros/array.js.vm
16:03:53.593 [Test worker] DEBUG org.apache.velocity - Velocimacro : added VM numberArray: source=/templates/macros/array.js.vm
16:03:53.593 [Test worker] DEBUG org.apache.velocity - ResourceManager : found /templates/macros/array.js.vm with loader org.apache.velocity.runtime.resource.loader.ClasspathResourceLoader
16:03:53.593 [Test worker] DEBUG org.apache.velocity - Velocimacro : added VM includeBuildInfo: source=/templates/macros/page/buildinfo.vm
16:03:53.593 [Test worker] DEBUG org.apache.velocity - ResourceManager : found /templates/macros/page/buildinfo.vm with loader org.apache.velocity.runtime.resource.loader.ClasspathResourceLoader
16:03:53.593 [Test worker] DEBUG org.apache.velocity - Velocimacro : added VM includeClassifications: source=/templates/macros/page/classifications.vm
16:03:53.593 [Test worker] DEBUG org.apache.velocity - ResourceManager : found /templates/macros/page/classifications.vm with loader org.apache.velocity.runtime.resource.loader.ClasspathResourceLoader
16:03:53.593 [Test worker] DEBUG org.apache.velocity - Velocimacro : added VM includeLead: source=/templates/macros/page/lead.vm
16:03:53.593 [Test worker] DEBUG org.apache.velocity - ResourceManager : found /templates/macros/page/lead.vm with loader org.apache.velocity.runtime.resource.loader.ClasspathResourceLoader
16:03:53.593 [Test worker] DEBUG org.apache.velocity - Velocimacro : added VM includeNavigation: source=/templates/macros/page/navigation.vm
16:03:53.593 [Test worker] DEBUG org.apache.velocity - ResourceManager : found /templates/macros/page/navigation.vm with loader org.apache.velocity.runtime.resource.loader.ClasspathResourceLoader
16:03:53.593 [Test worker] DEBUG org.apache.velocity - Velocimacro : added VM includeReportInfo: source=/templates/macros/page/reportInfo.vm
16:03:53.593 [Test worker] DEBUG org.apache.velocity - ResourceManager : found /templates/macros/page/reportInfo.vm with loader org.apache.velocity.runtime.resource.loader.ClasspathResourceLoader
16:03:53.593 [Test worker] DEBUG org.apache.velocity - Velocimacro : added VM includeTitle: source=/templates/macros/page/title.vm
16:03:53.593 [Test worker] DEBUG org.apache.velocity - ResourceManager : found /templates/macros/page/title.vm with loader org.apache.velocity.runtime.resource.loader.ClasspathResourceLoader
16:03:53.593 [Test worker] DEBUG org.apache.velocity - Velocimacro : added VM includeExpandingButtons: source=/templates/macros/report/expandAllButtons.vm
16:03:53.593 [Test worker] DEBUG org.apache.velocity - ResourceManager : found /templates/macros/report/expandAllButtons.vm with loader org.apache.velocity.runtime.resource.loader.ClasspathResourceLoader
16:03:53.609 [Test worker] DEBUG org.apache.velocity - Velocimacro : added VM includeReportTable: source=/templates/macros/report/reportTable.vm
16:03:53.609 [Test worker] DEBUG org.apache.velocity - ResourceManager : found /templates/macros/report/reportTable.vm with loader org.apache.velocity.runtime.resource.loader.ClasspathResourceLoader
16:03:53.609 [Test worker] DEBUG org.apache.velocity - Velocimacro : added VM includeReportHeader: source=/templates/macros/report/reportHeader.vm
16:03:53.609 [Test worker] DEBUG org.apache.velocity - ResourceManager : found /templates/macros/report/reportHeader.vm with loader org.apache.velocity.runtime.resource.loader.ClasspathResourceLoader
16:03:53.609 [Test worker] DEBUG org.apache.velocity - Velocimacro : added VM includeStatsTable: source=/templates/macros/report/statsTable.vm
16:03:53.609 [Test worker] DEBUG org.apache.velocity - ResourceManager : found /templates/macros/report/statsTable.vm with loader org.apache.velocity.runtime.resource.loader.ClasspathResourceLoader
16:03:53.609 [Test worker] DEBUG org.apache.velocity - Velocimacro : added VM includeBrief: source=/templates/macros/json/brief.vm
16:03:53.609 [Test worker] DEBUG org.apache.velocity - ResourceManager : found /templates/macros/json/brief.vm with loader org.apache.velocity.runtime.resource.loader.ClasspathResourceLoader
16:03:53.609 [Test worker] DEBUG org.apache.velocity - Velocimacro : added VM includeDocString: source=/templates/macros/json/docstring.vm
16:03:53.609 [Test worker] DEBUG org.apache.velocity - ResourceManager : found /templates/macros/json/docstring.vm with loader org.apache.velocity.runtime.resource.loader.ClasspathResourceLoader
16:03:53.609 [Test worker] DEBUG org.apache.velocity - Velocimacro : added VM includeDuration: source=/templates/macros/json/duration.vm
16:03:53.609 [Test worker] DEBUG org.apache.velocity - ResourceManager : found /templates/macros/json/duration.vm with loader org.apache.velocity.runtime.resource.loader.ClasspathResourceLoader
16:03:53.609 [Test worker] DEBUG org.apache.velocity - Velocimacro : added VM includeElement: source=/templates/macros/json/element.vm
16:03:53.609 [Test worker] DEBUG org.apache.velocity - ResourceManager : found /templates/macros/json/element.vm with loader org.apache.velocity.runtime.resource.loader.ClasspathResourceLoader
16:03:53.609 [Test worker] DEBUG org.apache.velocity - Velocimacro : added VM includeEmbeddings: source=/templates/macros/json/embeddings.vm
16:03:53.609 [Test worker] DEBUG org.apache.velocity - Velocimacro : added VM includeHtmlEmbedding: source=/templates/macros/json/embeddings.vm
16:03:53.609 [Test worker] DEBUG org.apache.velocity - Velocimacro : added VM includeImageEmbedding: source=/templates/macros/json/embeddings.vm
16:03:53.609 [Test worker] DEBUG org.apache.velocity - Velocimacro : added VM includeImageReferenceEmbedding: source=/templates/macros/json/embeddings.vm
16:03:53.609 [Test worker] DEBUG org.apache.velocity - Velocimacro : added VM includeTextEmbedding: source=/templates/macros/json/embeddings.vm
16:03:53.609 [Test worker] DEBUG org.apache.velocity - Velocimacro : added VM includeUnknownEmbedding: source=/templates/macros/json/embeddings.vm
16:03:53.609 [Test worker] DEBUG org.apache.velocity - ResourceManager : found /templates/macros/json/embeddings.vm with loader org.apache.velocity.runtime.resource.loader.ClasspathResourceLoader
16:03:53.609 [Test worker] DEBUG org.apache.velocity - Velocimacro : added VM includeHooks: source=/templates/macros/json/hooks.vm
16:03:53.609 [Test worker] DEBUG org.apache.velocity - ResourceManager : found /templates/macros/json/hooks.vm with loader org.apache.velocity.runtime.resource.loader.ClasspathResourceLoader
16:03:53.609 [Test worker] DEBUG org.apache.velocity - Velocimacro : added VM includeOutput: source=/templates/macros/json/output.vm
16:03:53.609 [Test worker] DEBUG org.apache.velocity - ResourceManager : found /templates/macros/json/output.vm with loader org.apache.velocity.runtime.resource.loader.ClasspathResourceLoader
16:03:53.609 [Test worker] DEBUG org.apache.velocity - Velocimacro : added VM includeMessage: source=/templates/macros/json/message.vm
16:03:53.609 [Test worker] DEBUG org.apache.velocity - ResourceManager : found /templates/macros/json/message.vm with loader org.apache.velocity.runtime.resource.loader.ClasspathResourceLoader
16:03:53.609 [Test worker] DEBUG org.apache.velocity - Velocimacro : added VM includeSteps: source=/templates/macros/json/steps.vm
16:03:53.609 [Test worker] DEBUG org.apache.velocity - ResourceManager : found /templates/macros/json/steps.vm with loader org.apache.velocity.runtime.resource.loader.ClasspathResourceLoader
16:03:53.609 [Test worker] DEBUG org.apache.velocity - Velocimacro : added VM includeTags: source=/templates/macros/json/tags.vm
16:03:53.609 [Test worker] DEBUG org.apache.velocity - ResourceManager : found /templates/macros/json/tags.vm with loader org.apache.velocity.runtime.resource.loader.ClasspathResourceLoader
16:03:53.609 [Test worker] DEBUG org.apache.velocity - VM #includeNavigation: too few arguments to macro. Wanted 1 got 0
16:03:53.609 [Test worker] DEBUG org.apache.velocity - Left side ($active_tab) of '==' operation has null value. If it is a reference, it may not be in the context or its toString() returned null. /templates/macros/page/navigation.vm[line 14, column 51]
16:03:53.609 [Test worker] DEBUG org.apache.velocity - Left side ($active_tab) of '==' operation has null value. If it is a reference, it may not be in the context or its toString() returned null. /templates/macros/page/navigation.vm[line 15, column 51]
16:03:53.609 [Test worker] DEBUG org.apache.velocity - Left side ($active_tab) of '==' operation has null value. If it is a reference, it may not be in the context or its toString() returned null. /templates/macros/page/navigation.vm[line 16, column 51]
16:03:53.609 [Test worker] DEBUG org.apache.velocity - Left side ($active_tab) of '==' operation has null value. If it is a reference, it may not be in the context or its toString() returned null. /templates/macros/page/navigation.vm[line 20, column 51]
16:03:53.609 [Test worker] DEBUG org.apache.velocity - VM #includeLead: too few arguments to macro. Wanted 2 got 1
16:03:53.609 [Test worker] DEBUG org.apache.velocity - VM #includeBrief: too few arguments to macro. Wanted 5 got 3
16:03:53.609 [Test worker] DEBUG org.apache.velocity - VM #includeBrief: too few arguments to macro. Wanted 5 got 4
16:03:53.609 [Test worker] DEBUG org.apache.velocity - VM #includeBrief: too few arguments to macro. Wanted 5 got 4
16:03:53.625 [Test worker] DEBUG org.apache.velocity - ResourceManager : found /templates/footer.vm with loader org.apache.velocity.runtime.resource.loader.ClasspathResourceLoader
16:03:53.625 [Test worker] DEBUG org.apache.velocity - ResourceManager : found templates/generators/reportFeature.vm with loader org.apache.velocity.runtime.resource.loader.ClasspathResourceLoader
16:03:53.625 [Test worker] DEBUG org.apache.velocity - ResourceManager : found /templates/headers.vm with loader org.apache.velocity.runtime.resource.loader.ClasspathResourceLoader
16:03:53.625 [Test worker] DEBUG org.apache.velocity - ResourceManager : found /templates/head.vm with loader org.apache.velocity.runtime.resource.loader.ClasspathResourceLoader
16:03:53.625 [Test worker] DEBUG org.apache.velocity - Velocimacro : added VM stringArray: source=/templates/macros/array.js.vm
16:03:53.625 [Test worker] DEBUG org.apache.velocity - Velocimacro : added VM numberArray: source=/templates/macros/array.js.vm
16:03:53.625 [Test worker] DEBUG org.apache.velocity - ResourceManager : found /templates/macros/array.js.vm with loader org.apache.velocity.runtime.resource.loader.ClasspathResourceLoader
16:03:53.625 [Test worker] DEBUG org.apache.velocity - Velocimacro : added VM includeBuildInfo: source=/templates/macros/page/buildinfo.vm
16:03:53.625 [Test worker] DEBUG org.apache.velocity - ResourceManager : found /templates/macros/page/buildinfo.vm with loader org.apache.velocity.runtime.resource.loader.ClasspathResourceLoader
16:03:53.625 [Test worker] DEBUG org.apache.velocity - Velocimacro : added VM includeClassifications: source=/templates/macros/page/classifications.vm
16:03:53.625 [Test worker] DEBUG org.apache.velocity - ResourceManager : found /templates/macros/page/classifications.vm with loader org.apache.velocity.runtime.resource.loader.ClasspathResourceLoader
16:03:53.625 [Test worker] DEBUG org.apache.velocity - Velocimacro : added VM includeLead: source=/templates/macros/page/lead.vm
16:03:53.625 [Test worker] DEBUG org.apache.velocity - ResourceManager : found /templates/macros/page/lead.vm with loader org.apache.velocity.runtime.resource.loader.ClasspathResourceLoader
16:03:53.625 [Test worker] DEBUG org.apache.velocity - Velocimacro : added VM includeNavigation: source=/templates/macros/page/navigation.vm
16:03:53.625 [Test worker] DEBUG org.apache.velocity - ResourceManager : found /templates/macros/page/navigation.vm with loader org.apache.velocity.runtime.resource.loader.ClasspathResourceLoader
16:03:53.625 [Test worker] DEBUG org.apache.velocity - Velocimacro : added VM includeReportInfo: source=/templates/macros/page/reportInfo.vm
16:03:53.625 [Test worker] DEBUG org.apache.velocity - ResourceManager : found /templates/macros/page/reportInfo.vm with loader org.apache.velocity.runtime.resource.loader.ClasspathResourceLoader
16:03:53.625 [Test worker] DEBUG org.apache.velocity - Velocimacro : added VM includeTitle: source=/templates/macros/page/title.vm
16:03:53.625 [Test worker] DEBUG org.apache.velocity - ResourceManager : found /templates/macros/page/title.vm with loader org.apache.velocity.runtime.resource.loader.ClasspathResourceLoader
16:03:53.625 [Test worker] DEBUG org.apache.velocity - Velocimacro : added VM includeExpandingButtons: source=/templates/macros/report/expandAllButtons.vm
16:03:53.625 [Test worker] DEBUG org.apache.velocity - ResourceManager : found /templates/macros/report/expandAllButtons.vm with loader org.apache.velocity.runtime.resource.loader.ClasspathResourceLoader
16:03:53.625 [Test worker] DEBUG org.apache.velocity - Velocimacro : added VM includeReportTable: source=/templates/macros/report/reportTable.vm
16:03:53.625 [Test worker] DEBUG org.apache.velocity - ResourceManager : found /templates/macros/report/reportTable.vm with loader org.apache.velocity.runtime.resource.loader.ClasspathResourceLoader
16:03:53.625 [Test worker] DEBUG org.apache.velocity - Velocimacro : added VM includeReportHeader: source=/templates/macros/report/reportHeader.vm
16:03:53.625 [Test worker] DEBUG org.apache.velocity - ResourceManager : found /templates/macros/report/reportHeader.vm with loader org.apache.velocity.runtime.resource.loader.ClasspathResourceLoader
16:03:53.640 [Test worker] DEBUG org.apache.velocity - Velocimacro : added VM includeStatsTable: source=/templates/macros/report/statsTable.vm
16:03:53.640 [Test worker] DEBUG org.apache.velocity - ResourceManager : found /templates/macros/report/statsTable.vm with loader org.apache.velocity.runtime.resource.loader.ClasspathResourceLoader
16:03:53.640 [Test worker] DEBUG org.apache.velocity - Velocimacro : added VM includeBrief: source=/templates/macros/json/brief.vm
16:03:53.640 [Test worker] DEBUG org.apache.velocity - ResourceManager : found /templates/macros/json/brief.vm with loader org.apache.velocity.runtime.resource.loader.ClasspathResourceLoader
16:03:53.640 [Test worker] DEBUG org.apache.velocity - Velocimacro : added VM includeDocString: source=/templates/macros/json/docstring.vm
16:03:53.640 [Test worker] DEBUG org.apache.velocity - ResourceManager : found /templates/macros/json/docstring.vm with loader org.apache.velocity.runtime.resource.loader.ClasspathResourceLoader
16:03:53.640 [Test worker] DEBUG org.apache.velocity - Velocimacro : added VM includeDuration: source=/templates/macros/json/duration.vm
16:03:53.640 [Test worker] DEBUG org.apache.velocity - ResourceManager : found /templates/macros/json/duration.vm with loader org.apache.velocity.runtime.resource.loader.ClasspathResourceLoader
16:03:53.640 [Test worker] DEBUG org.apache.velocity - Velocimacro : added VM includeElement: source=/templates/macros/json/element.vm
16:03:53.640 [Test worker] DEBUG org.apache.velocity - ResourceManager : found /templates/macros/json/element.vm with loader org.apache.velocity.runtime.resource.loader.ClasspathResourceLoader
16:03:53.640 [Test worker] DEBUG org.apache.velocity - Velocimacro : added VM includeEmbeddings: source=/templates/macros/json/embeddings.vm
16:03:53.640 [Test worker] DEBUG org.apache.velocity - Velocimacro : added VM includeHtmlEmbedding: source=/templates/macros/json/embeddings.vm
16:03:53.640 [Test worker] DEBUG org.apache.velocity - Velocimacro : added VM includeImageEmbedding: source=/templates/macros/json/embeddings.vm
16:03:53.640 [Test worker] DEBUG org.apache.velocity - Velocimacro : added VM includeImageReferenceEmbedding: source=/templates/macros/json/embeddings.vm
16:03:53.640 [Test worker] DEBUG org.apache.velocity - Velocimacro : added VM includeTextEmbedding: source=/templates/macros/json/embeddings.vm
16:03:53.640 [Test worker] DEBUG org.apache.velocity - Velocimacro : added VM includeUnknownEmbedding: source=/templates/macros/json/embeddings.vm
16:03:53.640 [Test worker] DEBUG org.apache.velocity - ResourceManager : found /templates/macros/json/embeddings.vm with loader org.apache.velocity.runtime.resource.loader.ClasspathResourceLoader
16:03:53.640 [Test worker] DEBUG org.apache.velocity - Velocimacro : added VM includeHooks: source=/templates/macros/json/hooks.vm
16:03:53.640 [Test worker] DEBUG org.apache.velocity - ResourceManager : found /templates/macros/json/hooks.vm with loader org.apache.velocity.runtime.resource.loader.ClasspathResourceLoader
16:03:53.656 [Test worker] DEBUG org.apache.velocity - Velocimacro : added VM includeOutput: source=/templates/macros/json/output.vm
16:03:53.656 [Test worker] DEBUG org.apache.velocity - ResourceManager : found /templates/macros/json/output.vm with loader org.apache.velocity.runtime.resource.loader.ClasspathResourceLoader
16:03:53.656 [Test worker] DEBUG org.apache.velocity - Velocimacro : added VM includeMessage: source=/templates/macros/json/message.vm
16:03:53.656 [Test worker] DEBUG org.apache.velocity - ResourceManager : found /templates/macros/json/message.vm with loader org.apache.velocity.runtime.resource.loader.ClasspathResourceLoader
16:03:53.656 [Test worker] DEBUG org.apache.velocity - Velocimacro : added VM includeSteps: source=/templates/macros/json/steps.vm
16:03:53.656 [Test worker] DEBUG org.apache.velocity - ResourceManager : found /templates/macros/json/steps.vm with loader org.apache.velocity.runtime.resource.loader.ClasspathResourceLoader
16:03:53.656 [Test worker] DEBUG org.apache.velocity - Velocimacro : added VM includeTags: source=/templates/macros/json/tags.vm
16:03:53.656 [Test worker] DEBUG org.apache.velocity - ResourceManager : found /templates/macros/json/tags.vm with loader org.apache.velocity.runtime.resource.loader.ClasspathResourceLoader
16:03:53.656 [Test worker] DEBUG org.apache.velocity - VM #includeNavigation: too few arguments to macro. Wanted 1 got 0
16:03:53.656 [Test worker] DEBUG org.apache.velocity - Left side ($active_tab) of '==' operation has null value. If it is a reference, it may not be in the context or its toString() returned null. /templates/macros/page/navigation.vm[line 14, column 51]
16:03:53.656 [Test worker] DEBUG org.apache.velocity - Left side ($active_tab) of '==' operation has null value. If it is a reference, it may not be in the context or its toString() returned null. /templates/macros/page/navigation.vm[line 15, column 51]
16:03:53.656 [Test worker] DEBUG org.apache.velocity - Left side ($active_tab) of '==' operation has null value. If it is a reference, it may not be in the context or its toString() returned null. /templates/macros/page/navigation.vm[line 16, column 51]
16:03:53.656 [Test worker] DEBUG org.apache.velocity - Left side ($active_tab) of '==' operation has null value. If it is a reference, it may not be in the context or its toString() returned null. /templates/macros/page/navigation.vm[line 20, column 51]
16:03:53.656 [Test worker] DEBUG org.apache.velocity - VM #includeLead: too few arguments to macro. Wanted 2 got 1
16:03:53.656 [Test worker] DEBUG org.apache.velocity - VM #includeBrief: too few arguments to macro. Wanted 5 got 3
16:03:53.656 [Test worker] DEBUG org.apache.velocity - VM #includeBrief: too few arguments to macro. Wanted 5 got 4
16:03:53.656 [Test worker] DEBUG org.apache.velocity - VM #includeBrief: too few arguments to macro. Wanted 5 got 4
16:03:53.656 [Test worker] DEBUG org.apache.velocity - VM #includeBrief: too few arguments to macro. Wanted 5 got 4
16:03:53.656 [Test worker] DEBUG org.apache.velocity - VM #includeBrief: too few arguments to macro. Wanted 5 got 4
16:03:53.656 [Test worker] DEBUG org.apache.velocity - VM #includeBrief: too few arguments to macro. Wanted 5 got 4
16:03:53.656 [Test worker] DEBUG org.apache.velocity - VM #includeBrief: too few arguments to macro. Wanted 5 got 4
16:03:53.656 [Test worker] DEBUG org.apache.velocity - ResourceManager : found /templates/footer.vm with loader org.apache.velocity.runtime.resource.loader.ClasspathResourceLoader
16:03:53.672 [Test worker] DEBUG org.apache.velocity - ResourceManager : found templates/generators/reportFeature.vm with loader org.apache.velocity.runtime.resource.loader.ClasspathResourceLoader
16:03:53.672 [Test worker] DEBUG org.apache.velocity - ResourceManager : found /templates/headers.vm with loader org.apache.velocity.runtime.resource.loader.ClasspathResourceLoader
16:03:53.672 [Test worker] DEBUG org.apache.velocity - ResourceManager : found /templates/head.vm with loader org.apache.velocity.runtime.resource.loader.ClasspathResourceLoader
16:03:53.672 [Test worker] DEBUG org.apache.velocity - Velocimacro : added VM stringArray: source=/templates/macros/array.js.vm
16:03:53.672 [Test worker] DEBUG org.apache.velocity - Velocimacro : added VM numberArray: source=/templates/macros/array.js.vm
16:03:53.672 [Test worker] DEBUG org.apache.velocity - ResourceManager : found /templates/macros/array.js.vm with loader org.apache.velocity.runtime.resource.loader.ClasspathResourceLoader
16:03:53.672 [Test worker] DEBUG org.apache.velocity - Velocimacro : added VM includeBuildInfo: source=/templates/macros/page/buildinfo.vm
16:03:53.672 [Test worker] DEBUG org.apache.velocity - ResourceManager : found /templates/macros/page/buildinfo.vm with loader org.apache.velocity.runtime.resource.loader.ClasspathResourceLoader
16:03:53.672 [Test worker] DEBUG org.apache.velocity - Velocimacro : added VM includeClassifications: source=/templates/macros/page/classifications.vm
16:03:53.672 [Test worker] DEBUG org.apache.velocity - ResourceManager : found /templates/macros/page/classifications.vm with loader org.apache.velocity.runtime.resource.loader.ClasspathResourceLoader
16:03:53.672 [Test worker] DEBUG org.apache.velocity - Velocimacro : added VM includeLead: source=/templates/macros/page/lead.vm
16:03:53.672 [Test worker] DEBUG org.apache.velocity - ResourceManager : found /templates/macros/page/lead.vm with loader org.apache.velocity.runtime.resource.loader.ClasspathResourceLoader
16:03:53.672 [Test worker] DEBUG org.apache.velocity - Velocimacro : added VM includeNavigation: source=/templates/macros/page/navigation.vm
16:03:53.672 [Test worker] DEBUG org.apache.velocity - ResourceManager : found /templates/macros/page/navigation.vm with loader org.apache.velocity.runtime.resource.loader.ClasspathResourceLoader
16:03:53.672 [Test worker] DEBUG org.apache.velocity - Velocimacro : added VM includeReportInfo: source=/templates/macros/page/reportInfo.vm
16:03:53.672 [Test worker] DEBUG org.apache.velocity - ResourceManager : found /templates/macros/page/reportInfo.vm with loader org.apache.velocity.runtime.resource.loader.ClasspathResourceLoader
16:03:53.672 [Test worker] DEBUG org.apache.velocity - Velocimacro : added VM includeTitle: source=/templates/macros/page/title.vm
16:03:53.672 [Test worker] DEBUG org.apache.velocity - ResourceManager : found /templates/macros/page/title.vm with loader org.apache.velocity.runtime.resource.loader.ClasspathResourceLoader
16:03:53.672 [Test worker] DEBUG org.apache.velocity - Velocimacro : added VM includeExpandingButtons: source=/templates/macros/report/expandAllButtons.vm
16:03:53.672 [Test worker] DEBUG org.apache.velocity - ResourceManager : found /templates/macros/report/expandAllButtons.vm with loader org.apache.velocity.runtime.resource.loader.ClasspathResourceLoader
16:03:53.672 [Test worker] DEBUG org.apache.velocity - Velocimacro : added VM includeReportTable: source=/templates/macros/report/reportTable.vm
16:03:53.672 [Test worker] DEBUG org.apache.velocity - ResourceManager : found /templates/macros/report/reportTable.vm with loader org.apache.velocity.runtime.resource.loader.ClasspathResourceLoader
16:03:53.672 [Test worker] DEBUG org.apache.velocity - Velocimacro : added VM includeReportHeader: source=/templates/macros/report/reportHeader.vm
16:03:53.672 [Test worker] DEBUG org.apache.velocity - ResourceManager : found /templates/macros/report/reportHeader.vm with loader org.apache.velocity.runtime.resource.loader.ClasspathResourceLoader
16:03:53.672 [Test worker] DEBUG org.apache.velocity - Velocimacro : added VM includeStatsTable: source=/templates/macros/report/statsTable.vm
16:03:53.672 [Test worker] DEBUG org.apache.velocity - ResourceManager : found /templates/macros/report/statsTable.vm with loader org.apache.velocity.runtime.resource.loader.ClasspathResourceLoader
16:03:53.672 [Test worker] DEBUG org.apache.velocity - Velocimacro : added VM includeBrief: source=/templates/macros/json/brief.vm
16:03:53.672 [Test worker] DEBUG org.apache.velocity - ResourceManager : found /templates/macros/json/brief.vm with loader org.apache.velocity.runtime.resource.loader.ClasspathResourceLoader
16:03:53.672 [Test worker] DEBUG org.apache.velocity - Velocimacro : added VM includeDocString: source=/templates/macros/json/docstring.vm
16:03:53.672 [Test worker] DEBUG org.apache.velocity - ResourceManager : found /templates/macros/json/docstring.vm with loader org.apache.velocity.runtime.resource.loader.ClasspathResourceLoader
16:03:53.672 [Test worker] DEBUG org.apache.velocity - Velocimacro : added VM includeDuration: source=/templates/macros/json/duration.vm
16:03:53.672 [Test worker] DEBUG org.apache.velocity - ResourceManager : found /templates/macros/json/duration.vm with loader org.apache.velocity.runtime.resource.loader.ClasspathResourceLoader
16:03:53.672 [Test worker] DEBUG org.apache.velocity - Velocimacro : added VM includeElement: source=/templates/macros/json/element.vm
16:03:53.672 [Test worker] DEBUG org.apache.velocity - ResourceManager : found /templates/macros/json/element.vm with loader org.apache.velocity.runtime.resource.loader.ClasspathResourceLoader
16:03:53.672 [Test worker] DEBUG org.apache.velocity - Velocimacro : added VM includeEmbeddings: source=/templates/macros/json/embeddings.vm
16:03:53.672 [Test worker] DEBUG org.apache.velocity - Velocimacro : added VM includeHtmlEmbedding: source=/templates/macros/json/embeddings.vm
16:03:53.672 [Test worker] DEBUG org.apache.velocity - Velocimacro : added VM includeImageEmbedding: source=/templates/macros/json/embeddings.vm
16:03:53.672 [Test worker] DEBUG org.apache.velocity - Velocimacro : added VM includeImageReferenceEmbedding: source=/templates/macros/json/embeddings.vm
16:03:53.672 [Test worker] DEBUG org.apache.velocity - Velocimacro : added VM includeTextEmbedding: source=/templates/macros/json/embeddings.vm
16:03:53.672 [Test worker] DEBUG org.apache.velocity - Velocimacro : added VM includeUnknownEmbedding: source=/templates/macros/json/embeddings.vm
16:03:53.672 [Test worker] DEBUG org.apache.velocity - ResourceManager : found /templates/macros/json/embeddings.vm with loader org.apache.velocity.runtime.resource.loader.ClasspathResourceLoader
16:03:53.672 [Test worker] DEBUG org.apache.velocity - Velocimacro : added VM includeHooks: source=/templates/macros/json/hooks.vm
16:03:53.672 [Test worker] DEBUG org.apache.velocity - ResourceManager : found /templates/macros/json/hooks.vm with loader org.apache.velocity.runtime.resource.loader.ClasspathResourceLoader
16:03:53.672 [Test worker] DEBUG org.apache.velocity - Velocimacro : added VM includeOutput: source=/templates/macros/json/output.vm
16:03:53.672 [Test worker] DEBUG org.apache.velocity - ResourceManager : found /templates/macros/json/output.vm with loader org.apache.velocity.runtime.resource.loader.ClasspathResourceLoader
16:03:53.672 [Test worker] DEBUG org.apache.velocity - Velocimacro : added VM includeMessage: source=/templates/macros/json/message.vm
16:03:53.672 [Test worker] DEBUG org.apache.velocity - ResourceManager : found /templates/macros/json/message.vm with loader org.apache.velocity.runtime.resource.loader.ClasspathResourceLoader
16:03:53.672 [Test worker] DEBUG org.apache.velocity - Velocimacro : added VM includeSteps: source=/templates/macros/json/steps.vm
16:03:53.672 [Test worker] DEBUG org.apache.velocity - ResourceManager : found /templates/macros/json/steps.vm with loader org.apache.velocity.runtime.resource.loader.ClasspathResourceLoader
16:03:53.672 [Test worker] DEBUG org.apache.velocity - Velocimacro : added VM includeTags: source=/templates/macros/json/tags.vm
16:03:53.672 [Test worker] DEBUG org.apache.velocity - ResourceManager : found /templates/macros/json/tags.vm with loader org.apache.velocity.runtime.resource.loader.ClasspathResourceLoader
16:03:53.672 [Test worker] DEBUG org.apache.velocity - VM #includeNavigation: too few arguments to macro. Wanted 1 got 0
16:03:53.672 [Test worker] DEBUG org.apache.velocity - Left side ($active_tab) of '==' operation has null value. If it is a reference, it may not be in the context or its toString() returned null. /templates/macros/page/navigation.vm[line 14, column 51]
16:03:53.672 [Test worker] DEBUG org.apache.velocity - Left side ($active_tab) of '==' operation has null value. If it is a reference, it may not be in the context or its toString() returned null. /templates/macros/page/navigation.vm[line 15, column 51]
16:03:53.672 [Test worker] DEBUG org.apache.velocity - Left side ($active_tab) of '==' operation has null value. If it is a reference, it may not be in the context or its toString() returned null. /templates/macros/page/navigation.vm[line 16, column 51]
16:03:53.672 [Test worker] DEBUG org.apache.velocity - Left side ($active_tab) of '==' operation has null value. If it is a reference, it may not be in the context or its toString() returned null. /templates/macros/page/navigation.vm[line 20, column 51]
16:03:53.672 [Test worker] DEBUG org.apache.velocity - VM #includeLead: too few arguments to macro. Wanted 2 got 1
16:03:53.672 [Test worker] DEBUG org.apache.velocity - VM #includeBrief: too few arguments to macro. Wanted 5 got 3
16:03:53.672 [Test worker] DEBUG org.apache.velocity - VM #includeBrief: too few arguments to macro. Wanted 5 got 4
16:03:53.672 [Test worker] DEBUG org.apache.velocity - VM #includeBrief: too few arguments to macro. Wanted 5 got 4
16:03:53.672 [Test worker] DEBUG org.apache.velocity - VM #includeBrief: too few arguments to macro. Wanted 5 got 4
16:03:53.672 [Test worker] DEBUG org.apache.velocity - VM #includeBrief: too few arguments to macro. Wanted 5 got 4
16:03:53.687 [Test worker] DEBUG org.apache.velocity - VM #includeBrief: too few arguments to macro. Wanted 5 got 4
16:03:53.687 [Test worker] DEBUG org.apache.velocity - VM #includeBrief: too few arguments to macro. Wanted 5 got 4
16:03:53.687 [Test worker] DEBUG org.apache.velocity - VM #includeBrief: too few arguments to macro. Wanted 5 got 4
16:03:53.687 [Test worker] DEBUG org.apache.velocity - VM #includeBrief: too few arguments to macro. Wanted 5 got 4
16:03:53.687 [Test worker] DEBUG org.apache.velocity - VM #includeBrief: too few arguments to macro. Wanted 5 got 4
16:03:53.687 [Test worker] DEBUG org.apache.velocity - VM #includeBrief: too few arguments to macro. Wanted 5 got 4
16:03:53.687 [Test worker] DEBUG org.apache.velocity - ResourceManager : found /templates/footer.vm with loader org.apache.velocity.runtime.resource.loader.ClasspathResourceLoader
16:03:53.687 [Test worker] DEBUG org.apache.velocity - ResourceManager : found templates/generators/reportFeature.vm with loader org.apache.velocity.runtime.resource.loader.ClasspathResourceLoader
16:03:53.687 [Test worker] DEBUG org.apache.velocity - ResourceManager : found /templates/headers.vm with loader org.apache.velocity.runtime.resource.loader.ClasspathResourceLoader
16:03:53.687 [Test worker] DEBUG org.apache.velocity - ResourceManager : found /templates/head.vm with loader org.apache.velocity.runtime.resource.loader.ClasspathResourceLoader
16:03:53.687 [Test worker] DEBUG org.apache.velocity - Velocimacro : added VM stringArray: source=/templates/macros/array.js.vm
16:03:53.687 [Test worker] DEBUG org.apache.velocity - Velocimacro : added VM numberArray: source=/templates/macros/array.js.vm
16:03:53.687 [Test worker] DEBUG org.apache.velocity - ResourceManager : found /templates/macros/array.js.vm with loader org.apache.velocity.runtime.resource.loader.ClasspathResourceLoader
16:03:53.687 [Test worker] DEBUG org.apache.velocity - Velocimacro : added VM includeBuildInfo: source=/templates/macros/page/buildinfo.vm
16:03:53.687 [Test worker] DEBUG org.apache.velocity - ResourceManager : found /templates/macros/page/buildinfo.vm with loader org.apache.velocity.runtime.resource.loader.ClasspathResourceLoader
16:03:53.687 [Test worker] DEBUG org.apache.velocity - Velocimacro : added VM includeClassifications: source=/templates/macros/page/classifications.vm
16:03:53.687 [Test worker] DEBUG org.apache.velocity - ResourceManager : found /templates/macros/page/classifications.vm with loader org.apache.velocity.runtime.resource.loader.ClasspathResourceLoader
16:03:53.687 [Test worker] DEBUG org.apache.velocity - Velocimacro : added VM includeLead: source=/templates/macros/page/lead.vm
16:03:53.687 [Test worker] DEBUG org.apache.velocity - ResourceManager : found /templates/macros/page/lead.vm with loader org.apache.velocity.runtime.resource.loader.ClasspathResourceLoader
16:03:53.687 [Test worker] DEBUG org.apache.velocity - Velocimacro : added VM includeNavigation: source=/templates/macros/page/navigation.vm
16:03:53.687 [Test worker] DEBUG org.apache.velocity - ResourceManager : found /templates/macros/page/navigation.vm with loader org.apache.velocity.runtime.resource.loader.ClasspathResourceLoader
16:03:53.687 [Test worker] DEBUG org.apache.velocity - Velocimacro : added VM includeReportInfo: source=/templates/macros/page/reportInfo.vm
16:03:53.687 [Test worker] DEBUG org.apache.velocity - ResourceManager : found /templates/macros/page/reportInfo.vm with loader org.apache.velocity.runtime.resource.loader.ClasspathResourceLoader
16:03:53.687 [Test worker] DEBUG org.apache.velocity - Velocimacro : added VM includeTitle: source=/templates/macros/page/title.vm
16:03:53.687 [Test worker] DEBUG org.apache.velocity - ResourceManager : found /templates/macros/page/title.vm with loader org.apache.velocity.runtime.resource.loader.ClasspathResourceLoader
16:03:53.687 [Test worker] DEBUG org.apache.velocity - Velocimacro : added VM includeExpandingButtons: source=/templates/macros/report/expandAllButtons.vm
16:03:53.687 [Test worker] DEBUG org.apache.velocity - ResourceManager : found /templates/macros/report/expandAllButtons.vm with loader org.apache.velocity.runtime.resource.loader.ClasspathResourceLoader
16:03:53.687 [Test worker] DEBUG org.apache.velocity - Velocimacro : added VM includeReportTable: source=/templates/macros/report/reportTable.vm
16:03:53.687 [Test worker] DEBUG org.apache.velocity - ResourceManager : found /templates/macros/report/reportTable.vm with loader org.apache.velocity.runtime.resource.loader.ClasspathResourceLoader
16:03:53.703 [Test worker] DEBUG org.apache.velocity - Velocimacro : added VM includeReportHeader: source=/templates/macros/report/reportHeader.vm
16:03:53.703 [Test worker] DEBUG org.apache.velocity - ResourceManager : found /templates/macros/report/reportHeader.vm with loader org.apache.velocity.runtime.resource.loader.ClasspathResourceLoader
16:03:53.703 [Test worker] DEBUG org.apache.velocity - Velocimacro : added VM includeStatsTable: source=/templates/macros/report/statsTable.vm
16:03:53.703 [Test worker] DEBUG org.apache.velocity - ResourceManager : found /templates/macros/report/statsTable.vm with loader org.apache.velocity.runtime.resource.loader.ClasspathResourceLoader
16:03:53.703 [Test worker] DEBUG org.apache.velocity - Velocimacro : added VM includeBrief: source=/templates/macros/json/brief.vm
16:03:53.703 [Test worker] DEBUG org.apache.velocity - ResourceManager : found /templates/macros/json/brief.vm with loader org.apache.velocity.runtime.resource.loader.ClasspathResourceLoader
16:03:53.703 [Test worker] DEBUG org.apache.velocity - Velocimacro : added VM includeDocString: source=/templates/macros/json/docstring.vm
16:03:53.703 [Test worker] DEBUG org.apache.velocity - ResourceManager : found /templates/macros/json/docstring.vm with loader org.apache.velocity.runtime.resource.loader.ClasspathResourceLoader
16:03:53.703 [Test worker] DEBUG org.apache.velocity - Velocimacro : added VM includeDuration: source=/templates/macros/json/duration.vm
16:03:53.703 [Test worker] DEBUG org.apache.velocity - ResourceManager : found /templates/macros/json/duration.vm with loader org.apache.velocity.runtime.resource.loader.ClasspathResourceLoader
16:03:53.703 [Test worker] DEBUG org.apache.velocity - Velocimacro : added VM includeElement: source=/templates/macros/json/element.vm
16:03:53.703 [Test worker] DEBUG org.apache.velocity - ResourceManager : found /templates/macros/json/element.vm with loader org.apache.velocity.runtime.resource.loader.ClasspathResourceLoader
16:03:53.703 [Test worker] DEBUG org.apache.velocity - Velocimacro : added VM includeEmbeddings: source=/templates/macros/json/embeddings.vm
16:03:53.703 [Test worker] DEBUG org.apache.velocity - Velocimacro : added VM includeHtmlEmbedding: source=/templates/macros/json/embeddings.vm
16:03:53.703 [Test worker] DEBUG org.apache.velocity - Velocimacro : added VM includeImageEmbedding: source=/templates/macros/json/embeddings.vm
16:03:53.703 [Test worker] DEBUG org.apache.velocity - Velocimacro : added VM includeImageReferenceEmbedding: source=/templates/macros/json/embeddings.vm
16:03:53.703 [Test worker] DEBUG org.apache.velocity - Velocimacro : added VM includeTextEmbedding: source=/templates/macros/json/embeddings.vm
16:03:53.703 [Test worker] DEBUG org.apache.velocity - Velocimacro : added VM includeUnknownEmbedding: source=/templates/macros/json/embeddings.vm
16:03:53.703 [Test worker] DEBUG org.apache.velocity - ResourceManager : found /templates/macros/json/embeddings.vm with loader org.apache.velocity.runtime.resource.loader.ClasspathResourceLoader
16:03:53.703 [Test worker] DEBUG org.apache.velocity - Velocimacro : added VM includeHooks: source=/templates/macros/json/hooks.vm
16:03:53.703 [Test worker] DEBUG org.apache.velocity - ResourceManager : found /templates/macros/json/hooks.vm with loader org.apache.velocity.runtime.resource.loader.ClasspathResourceLoader
16:03:53.703 [Test worker] DEBUG org.apache.velocity - Velocimacro : added VM includeOutput: source=/templates/macros/json/output.vm
16:03:53.703 [Test worker] DEBUG org.apache.velocity - ResourceManager : found /templates/macros/json/output.vm with loader org.apache.velocity.runtime.resource.loader.ClasspathResourceLoader
16:03:53.703 [Test worker] DEBUG org.apache.velocity - Velocimacro : added VM includeMessage: source=/templates/macros/json/message.vm
16:03:53.703 [Test worker] DEBUG org.apache.velocity - ResourceManager : found /templates/macros/json/message.vm with loader org.apache.velocity.runtime.resource.loader.ClasspathResourceLoader
16:03:53.703 [Test worker] DEBUG org.apache.velocity - Velocimacro : added VM includeSteps: source=/templates/macros/json/steps.vm
16:03:53.703 [Test worker] DEBUG org.apache.velocity - ResourceManager : found /templates/macros/json/steps.vm with loader org.apache.velocity.runtime.resource.loader.ClasspathResourceLoader
16:03:53.703 [Test worker] DEBUG org.apache.velocity - Velocimacro : added VM includeTags: source=/templates/macros/json/tags.vm
16:03:53.703 [Test worker] DEBUG org.apache.velocity - ResourceManager : found /templates/macros/json/tags.vm with loader org.apache.velocity.runtime.resource.loader.ClasspathResourceLoader
16:03:53.703 [Test worker] DEBUG org.apache.velocity - VM #includeNavigation: too few arguments to macro. Wanted 1 got 0
16:03:53.703 [Test worker] DEBUG org.apache.velocity - Left side ($active_tab) of '==' operation has null value. If it is a reference, it may not be in the context or its toString() returned null. /templates/macros/page/navigation.vm[line 14, column 51]
16:03:53.703 [Test worker] DEBUG org.apache.velocity - Left side ($active_tab) of '==' operation has null value. If it is a reference, it may not be in the context or its toString() returned null. /templates/macros/page/navigation.vm[line 15, column 51]
16:03:53.703 [Test worker] DEBUG org.apache.velocity - Left side ($active_tab) of '==' operation has null value. If it is a reference, it may not be in the context or its toString() returned null. /templates/macros/page/navigation.vm[line 16, column 51]
16:03:53.703 [Test worker] DEBUG org.apache.velocity - Left side ($active_tab) of '==' operation has null value. If it is a reference, it may not be in the context or its toString() returned null. /templates/macros/page/navigation.vm[line 20, column 51]
16:03:53.703 [Test worker] DEBUG org.apache.velocity - VM #includeLead: too few arguments to macro. Wanted 2 got 1
16:03:53.703 [Test worker] DEBUG org.apache.velocity - VM #includeBrief: too few arguments to macro. Wanted 5 got 3
16:03:53.703 [Test worker] DEBUG org.apache.velocity - VM #includeBrief: too few arguments to macro. Wanted 5 got 4
16:03:53.703 [Test worker] DEBUG org.apache.velocity - VM #includeBrief: too few arguments to macro. Wanted 5 got 4
16:03:53.718 [Test worker] DEBUG org.apache.velocity - VM #includeBrief: too few arguments to macro. Wanted 5 got 4
16:03:53.718 [Test worker] DEBUG org.apache.velocity - VM #includeBrief: too few arguments to macro. Wanted 5 got 4
16:03:53.718 [Test worker] DEBUG org.apache.velocity - VM #includeBrief: too few arguments to macro. Wanted 5 got 4
16:03:53.718 [Test worker] DEBUG org.apache.velocity - VM #includeBrief: too few arguments to macro. Wanted 5 got 4
16:03:53.718 [Test worker] DEBUG org.apache.velocity - VM #includeBrief: too few arguments to macro. Wanted 5 got 4
16:03:53.718 [Test worker] DEBUG org.apache.velocity - VM #includeBrief: too few arguments to macro. Wanted 5 got 4
16:03:53.718 [Test worker] DEBUG org.apache.velocity - VM #includeBrief: too few arguments to macro. Wanted 5 got 4
16:03:53.718 [Test worker] DEBUG org.apache.velocity - VM #includeBrief: too few arguments to macro. Wanted 5 got 4
16:03:53.718 [Test worker] DEBUG org.apache.velocity - VM #includeBrief: too few arguments to macro. Wanted 5 got 4
16:03:53.718 [Test worker] DEBUG org.apache.velocity - VM #includeBrief: too few arguments to macro. Wanted 5 got 4
16:03:53.718 [Test worker] DEBUG org.apache.velocity - VM #includeBrief: too few arguments to macro. Wanted 5 got 4
16:03:53.718 [Test worker] DEBUG org.apache.velocity - VM #includeBrief: too few arguments to macro. Wanted 5 got 4
16:03:53.718 [Test worker] DEBUG org.apache.velocity - ResourceManager : found /templates/footer.vm with loader org.apache.velocity.runtime.resource.loader.ClasspathResourceLoader
16:03:53.718 [Test worker] DEBUG org.apache.velocity - ResourceManager : found templates/generators/reportFeature.vm with loader org.apache.velocity.runtime.resource.loader.ClasspathResourceLoader
16:03:53.718 [Test worker] DEBUG org.apache.velocity - ResourceManager : found /templates/headers.vm with loader org.apache.velocity.runtime.resource.loader.ClasspathResourceLoader
16:03:53.718 [Test worker] DEBUG org.apache.velocity - ResourceManager : found /templates/head.vm with loader org.apache.velocity.runtime.resource.loader.ClasspathResourceLoader
16:03:53.718 [Test worker] DEBUG org.apache.velocity - Velocimacro : added VM stringArray: source=/templates/macros/array.js.vm
16:03:53.718 [Test worker] DEBUG org.apache.velocity - Velocimacro : added VM numberArray: source=/templates/macros/array.js.vm
16:03:53.718 [Test worker] DEBUG org.apache.velocity - ResourceManager : found /templates/macros/array.js.vm with loader org.apache.velocity.runtime.resource.loader.ClasspathResourceLoader
16:03:53.718 [Test worker] DEBUG org.apache.velocity - Velocimacro : added VM includeBuildInfo: source=/templates/macros/page/buildinfo.vm
16:03:53.718 [Test worker] DEBUG org.apache.velocity - ResourceManager : found /templates/macros/page/buildinfo.vm with loader org.apache.velocity.runtime.resource.loader.ClasspathResourceLoader
16:03:53.718 [Test worker] DEBUG org.apache.velocity - Velocimacro : added VM includeClassifications: source=/templates/macros/page/classifications.vm
16:03:53.718 [Test worker] DEBUG org.apache.velocity - ResourceManager : found /templates/macros/page/classifications.vm with loader org.apache.velocity.runtime.resource.loader.ClasspathResourceLoader
16:03:53.718 [Test worker] DEBUG org.apache.velocity - Velocimacro : added VM includeLead: source=/templates/macros/page/lead.vm
16:03:53.718 [Test worker] DEBUG org.apache.velocity - ResourceManager : found /templates/macros/page/lead.vm with loader org.apache.velocity.runtime.resource.loader.ClasspathResourceLoader
16:03:53.718 [Test worker] DEBUG org.apache.velocity - Velocimacro : added VM includeNavigation: source=/templates/macros/page/navigation.vm
16:03:53.718 [Test worker] DEBUG org.apache.velocity - ResourceManager : found /templates/macros/page/navigation.vm with loader org.apache.velocity.runtime.resource.loader.ClasspathResourceLoader
16:03:53.718 [Test worker] DEBUG org.apache.velocity - Velocimacro : added VM includeReportInfo: source=/templates/macros/page/reportInfo.vm
16:03:53.718 [Test worker] DEBUG org.apache.velocity - ResourceManager : found /templates/macros/page/reportInfo.vm with loader org.apache.velocity.runtime.resource.loader.ClasspathResourceLoader
16:03:53.718 [Test worker] DEBUG org.apache.velocity - Velocimacro : added VM includeTitle: source=/templates/macros/page/title.vm
16:03:53.718 [Test worker] DEBUG org.apache.velocity - ResourceManager : found /templates/macros/page/title.vm with loader org.apache.velocity.runtime.resource.loader.ClasspathResourceLoader
16:03:53.718 [Test worker] DEBUG org.apache.velocity - Velocimacro : added VM includeExpandingButtons: source=/templates/macros/report/expandAllButtons.vm
16:03:53.718 [Test worker] DEBUG org.apache.velocity - ResourceManager : found /templates/macros/report/expandAllButtons.vm with loader org.apache.velocity.runtime.resource.loader.ClasspathResourceLoader
16:03:53.718 [Test worker] DEBUG org.apache.velocity - Velocimacro : added VM includeReportTable: source=/templates/macros/report/reportTable.vm
16:03:53.718 [Test worker] DEBUG org.apache.velocity - ResourceManager : found /templates/macros/report/reportTable.vm with loader org.apache.velocity.runtime.resource.loader.ClasspathResourceLoader
16:03:53.718 [Test worker] DEBUG org.apache.velocity - Velocimacro : added VM includeReportHeader: source=/templates/macros/report/reportHeader.vm
16:03:53.718 [Test worker] DEBUG org.apache.velocity - ResourceManager : found /templates/macros/report/reportHeader.vm with loader org.apache.velocity.runtime.resource.loader.ClasspathResourceLoader
16:03:53.718 [Test worker] DEBUG org.apache.velocity - Velocimacro : added VM includeStatsTable: source=/templates/macros/report/statsTable.vm
16:03:53.718 [Test worker] DEBUG org.apache.velocity - ResourceManager : found /templates/macros/report/statsTable.vm with loader org.apache.velocity.runtime.resource.loader.ClasspathResourceLoader
16:03:53.718 [Test worker] DEBUG org.apache.velocity - Velocimacro : added VM includeBrief: source=/templates/macros/json/brief.vm
16:03:53.718 [Test worker] DEBUG org.apache.velocity - ResourceManager : found /templates/macros/json/brief.vm with loader org.apache.velocity.runtime.resource.loader.ClasspathResourceLoader
16:03:53.718 [Test worker] DEBUG org.apache.velocity - Velocimacro : added VM includeDocString: source=/templates/macros/json/docstring.vm
16:03:53.718 [Test worker] DEBUG org.apache.velocity - ResourceManager : found /templates/macros/json/docstring.vm with loader org.apache.velocity.runtime.resource.loader.ClasspathResourceLoader
16:03:53.718 [Test worker] DEBUG org.apache.velocity - Velocimacro : added VM includeDuration: source=/templates/macros/json/duration.vm
16:03:53.718 [Test worker] DEBUG org.apache.velocity - ResourceManager : found /templates/macros/json/duration.vm with loader org.apache.velocity.runtime.resource.loader.ClasspathResourceLoader
16:03:53.718 [Test worker] DEBUG org.apache.velocity - Velocimacro : added VM includeElement: source=/templates/macros/json/element.vm
16:03:53.718 [Test worker] DEBUG org.apache.velocity - ResourceManager : found /templates/macros/json/element.vm with loader org.apache.velocity.runtime.resource.loader.ClasspathResourceLoader
16:03:53.718 [Test worker] DEBUG org.apache.velocity - Velocimacro : added VM includeEmbeddings: source=/templates/macros/json/embeddings.vm
16:03:53.718 [Test worker] DEBUG org.apache.velocity - Velocimacro : added VM includeHtmlEmbedding: source=/templates/macros/json/embeddings.vm
16:03:53.718 [Test worker] DEBUG org.apache.velocity - Velocimacro : added VM includeImageEmbedding: source=/templates/macros/json/embeddings.vm
16:03:53.718 [Test worker] DEBUG org.apache.velocity - Velocimacro : added VM includeImageReferenceEmbedding: source=/templates/macros/json/embeddings.vm
16:03:53.718 [Test worker] DEBUG org.apache.velocity - Velocimacro : added VM includeTextEmbedding: source=/templates/macros/json/embeddings.vm
16:03:53.718 [Test worker] DEBUG org.apache.velocity - Velocimacro : added VM includeUnknownEmbedding: source=/templates/macros/json/embeddings.vm
16:03:53.718 [Test worker] DEBUG org.apache.velocity - ResourceManager : found /templates/macros/json/embeddings.vm with loader org.apache.velocity.runtime.resource.loader.ClasspathResourceLoader
16:03:53.718 [Test worker] DEBUG org.apache.velocity - Velocimacro : added VM includeHooks: source=/templates/macros/json/hooks.vm
16:03:53.718 [Test worker] DEBUG org.apache.velocity - ResourceManager : found /templates/macros/json/hooks.vm with loader org.apache.velocity.runtime.resource.loader.ClasspathResourceLoader
16:03:53.718 [Test worker] DEBUG org.apache.velocity - Velocimacro : added VM includeOutput: source=/templates/macros/json/output.vm
16:03:53.718 [Test worker] DEBUG org.apache.velocity - ResourceManager : found /templates/macros/json/output.vm with loader org.apache.velocity.runtime.resource.loader.ClasspathResourceLoader
16:03:53.718 [Test worker] DEBUG org.apache.velocity - Velocimacro : added VM includeMessage: source=/templates/macros/json/message.vm
16:03:53.718 [Test worker] DEBUG org.apache.velocity - ResourceManager : found /templates/macros/json/message.vm with loader org.apache.velocity.runtime.resource.loader.ClasspathResourceLoader
16:03:53.718 [Test worker] DEBUG org.apache.velocity - Velocimacro : added VM includeSteps: source=/templates/macros/json/steps.vm
16:03:53.718 [Test worker] DEBUG org.apache.velocity - ResourceManager : found /templates/macros/json/steps.vm with loader org.apache.velocity.runtime.resource.loader.ClasspathResourceLoader
16:03:53.734 [Test worker] DEBUG org.apache.velocity - Velocimacro : added VM includeTags: source=/templates/macros/json/tags.vm
16:03:53.734 [Test worker] DEBUG org.apache.velocity - ResourceManager : found /templates/macros/json/tags.vm with loader org.apache.velocity.runtime.resource.loader.ClasspathResourceLoader
16:03:53.734 [Test worker] DEBUG org.apache.velocity - VM #includeNavigation: too few arguments to macro. Wanted 1 got 0
16:03:53.734 [Test worker] DEBUG org.apache.velocity - Left side ($active_tab) of '==' operation has null value. If it is a reference, it may not be in the context or its toString() returned null. /templates/macros/page/navigation.vm[line 14, column 51]
16:03:53.734 [Test worker] DEBUG org.apache.velocity - Left side ($active_tab) of '==' operation has null value. If it is a reference, it may not be in the context or its toString() returned null. /templates/macros/page/navigation.vm[line 15, column 51]
16:03:53.734 [Test worker] DEBUG org.apache.velocity - Left side ($active_tab) of '==' operation has null value. If it is a reference, it may not be in the context or its toString() returned null. /templates/macros/page/navigation.vm[line 16, column 51]
16:03:53.734 [Test worker] DEBUG org.apache.velocity - Left side ($active_tab) of '==' operation has null value. If it is a reference, it may not be in the context or its toString() returned null. /templates/macros/page/navigation.vm[line 20, column 51]
16:03:53.734 [Test worker] DEBUG org.apache.velocity - VM #includeLead: too few arguments to macro. Wanted 2 got 1
16:03:53.734 [Test worker] DEBUG org.apache.velocity - VM #includeBrief: too few arguments to macro. Wanted 5 got 3
16:03:53.734 [Test worker] DEBUG org.apache.velocity - VM #includeBrief: too few arguments to macro. Wanted 5 got 4
16:03:53.734 [Test worker] DEBUG org.apache.velocity - VM #includeBrief: too few arguments to macro. Wanted 5 got 4
16:03:53.734 [Test worker] DEBUG org.apache.velocity - VM #includeBrief: too few arguments to macro. Wanted 5 got 4
16:03:53.734 [Test worker] DEBUG org.apache.velocity - VM #includeBrief: too few arguments to macro. Wanted 5 got 4
16:03:53.734 [Test worker] DEBUG org.apache.velocity - ResourceManager : found /templates/footer.vm with loader org.apache.velocity.runtime.resource.loader.ClasspathResourceLoader
16:03:53.734 [Test worker] DEBUG org.apache.velocity - ResourceManager : found templates/generators/reportFeature.vm with loader org.apache.velocity.runtime.resource.loader.ClasspathResourceLoader
16:03:53.734 [Test worker] DEBUG org.apache.velocity - ResourceManager : found /templates/headers.vm with loader org.apache.velocity.runtime.resource.loader.ClasspathResourceLoader
16:03:53.734 [Test worker] DEBUG org.apache.velocity - ResourceManager : found /templates/head.vm with loader org.apache.velocity.runtime.resource.loader.ClasspathResourceLoader
16:03:53.734 [Test worker] DEBUG org.apache.velocity - Velocimacro : added VM stringArray: source=/templates/macros/array.js.vm
16:03:53.734 [Test worker] DEBUG org.apache.velocity - Velocimacro : added VM numberArray: source=/templates/macros/array.js.vm
16:03:53.734 [Test worker] DEBUG org.apache.velocity - ResourceManager : found /templates/macros/array.js.vm with loader org.apache.velocity.runtime.resource.loader.ClasspathResourceLoader
16:03:53.734 [Test worker] DEBUG org.apache.velocity - Velocimacro : added VM includeBuildInfo: source=/templates/macros/page/buildinfo.vm
16:03:53.734 [Test worker] DEBUG org.apache.velocity - ResourceManager : found /templates/macros/page/buildinfo.vm with loader org.apache.velocity.runtime.resource.loader.ClasspathResourceLoader
16:03:53.734 [Test worker] DEBUG org.apache.velocity - Velocimacro : added VM includeClassifications: source=/templates/macros/page/classifications.vm
16:03:53.734 [Test worker] DEBUG org.apache.velocity - ResourceManager : found /templates/macros/page/classifications.vm with loader org.apache.velocity.runtime.resource.loader.ClasspathResourceLoader
16:03:53.734 [Test worker] DEBUG org.apache.velocity - Velocimacro : added VM includeLead: source=/templates/macros/page/lead.vm
16:03:53.734 [Test worker] DEBUG org.apache.velocity - ResourceManager : found /templates/macros/page/lead.vm with loader org.apache.velocity.runtime.resource.loader.ClasspathResourceLoader
16:03:53.734 [Test worker] DEBUG org.apache.velocity - Velocimacro : added VM includeNavigation: source=/templates/macros/page/navigation.vm
16:03:53.734 [Test worker] DEBUG org.apache.velocity - ResourceManager : found /templates/macros/page/navigation.vm with loader org.apache.velocity.runtime.resource.loader.ClasspathResourceLoader
16:03:53.734 [Test worker] DEBUG org.apache.velocity - Velocimacro : added VM includeReportInfo: source=/templates/macros/page/reportInfo.vm
16:03:53.734 [Test worker] DEBUG org.apache.velocity - ResourceManager : found /templates/macros/page/reportInfo.vm with loader org.apache.velocity.runtime.resource.loader.ClasspathResourceLoader
16:03:53.734 [Test worker] DEBUG org.apache.velocity - Velocimacro : added VM includeTitle: source=/templates/macros/page/title.vm
16:03:53.734 [Test worker] DEBUG org.apache.velocity - ResourceManager : found /templates/macros/page/title.vm with loader org.apache.velocity.runtime.resource.loader.ClasspathResourceLoader
16:03:53.734 [Test worker] DEBUG org.apache.velocity - Velocimacro : added VM includeExpandingButtons: source=/templates/macros/report/expandAllButtons.vm
16:03:53.734 [Test worker] DEBUG org.apache.velocity - ResourceManager : found /templates/macros/report/expandAllButtons.vm with loader org.apache.velocity.runtime.resource.loader.ClasspathResourceLoader
16:03:53.734 [Test worker] DEBUG org.apache.velocity - Velocimacro : added VM includeReportTable: source=/templates/macros/report/reportTable.vm
16:03:53.734 [Test worker] DEBUG org.apache.velocity - ResourceManager : found /templates/macros/report/reportTable.vm with loader org.apache.velocity.runtime.resource.loader.ClasspathResourceLoader
16:03:53.734 [Test worker] DEBUG org.apache.velocity - Velocimacro : added VM includeReportHeader: source=/templates/macros/report/reportHeader.vm
16:03:53.734 [Test worker] DEBUG org.apache.velocity - ResourceManager : found /templates/macros/report/reportHeader.vm with loader org.apache.velocity.runtime.resource.loader.ClasspathResourceLoader
16:03:53.750 [Test worker] DEBUG org.apache.velocity - Velocimacro : added VM includeStatsTable: source=/templates/macros/report/statsTable.vm
16:03:53.750 [Test worker] DEBUG org.apache.velocity - ResourceManager : found /templates/macros/report/statsTable.vm with loader org.apache.velocity.runtime.resource.loader.ClasspathResourceLoader
16:03:53.750 [Test worker] DEBUG org.apache.velocity - Velocimacro : added VM includeBrief: source=/templates/macros/json/brief.vm
16:03:53.750 [Test worker] DEBUG org.apache.velocity - ResourceManager : found /templates/macros/json/brief.vm with loader org.apache.velocity.runtime.resource.loader.ClasspathResourceLoader
16:03:53.750 [Test worker] DEBUG org.apache.velocity - Velocimacro : added VM includeDocString: source=/templates/macros/json/docstring.vm
16:03:53.750 [Test worker] DEBUG org.apache.velocity - ResourceManager : found /templates/macros/json/docstring.vm with loader org.apache.velocity.runtime.resource.loader.ClasspathResourceLoader
16:03:53.750 [Test worker] DEBUG org.apache.velocity - Velocimacro : added VM includeDuration: source=/templates/macros/json/duration.vm
16:03:53.750 [Test worker] DEBUG org.apache.velocity - ResourceManager : found /templates/macros/json/duration.vm with loader org.apache.velocity.runtime.resource.loader.ClasspathResourceLoader
16:03:53.750 [Test worker] DEBUG org.apache.velocity - Velocimacro : added VM includeElement: source=/templates/macros/json/element.vm
16:03:53.750 [Test worker] DEBUG org.apache.velocity - ResourceManager : found /templates/macros/json/element.vm with loader org.apache.velocity.runtime.resource.loader.ClasspathResourceLoader
16:03:53.750 [Test worker] DEBUG org.apache.velocity - Velocimacro : added VM includeEmbeddings: source=/templates/macros/json/embeddings.vm
16:03:53.750 [Test worker] DEBUG org.apache.velocity - Velocimacro : added VM includeHtmlEmbedding: source=/templates/macros/json/embeddings.vm
16:03:53.750 [Test worker] DEBUG org.apache.velocity - Velocimacro : added VM includeImageEmbedding: source=/templates/macros/json/embeddings.vm
16:03:53.750 [Test worker] DEBUG org.apache.velocity - Velocimacro : added VM includeImageReferenceEmbedding: source=/templates/macros/json/embeddings.vm
16:03:53.750 [Test worker] DEBUG org.apache.velocity - Velocimacro : added VM includeTextEmbedding: source=/templates/macros/json/embeddings.vm
16:03:53.750 [Test worker] DEBUG org.apache.velocity - Velocimacro : added VM includeUnknownEmbedding: source=/templates/macros/json/embeddings.vm
16:03:53.750 [Test worker] DEBUG org.apache.velocity - ResourceManager : found /templates/macros/json/embeddings.vm with loader org.apache.velocity.runtime.resource.loader.ClasspathResourceLoader
16:03:53.750 [Test worker] DEBUG org.apache.velocity - Velocimacro : added VM includeHooks: source=/templates/macros/json/hooks.vm
16:03:53.750 [Test worker] DEBUG org.apache.velocity - ResourceManager : found /templates/macros/json/hooks.vm with loader org.apache.velocity.runtime.resource.loader.ClasspathResourceLoader
16:03:53.750 [Test worker] DEBUG org.apache.velocity - Velocimacro : added VM includeOutput: source=/templates/macros/json/output.vm
16:03:53.750 [Test worker] DEBUG org.apache.velocity - ResourceManager : found /templates/macros/json/output.vm with loader org.apache.velocity.runtime.resource.loader.ClasspathResourceLoader
16:03:53.750 [Test worker] DEBUG org.apache.velocity - Velocimacro : added VM includeMessage: source=/templates/macros/json/message.vm
16:03:53.750 [Test worker] DEBUG org.apache.velocity - ResourceManager : found /templates/macros/json/message.vm with loader org.apache.velocity.runtime.resource.loader.ClasspathResourceLoader
16:03:53.750 [Test worker] DEBUG org.apache.velocity - Velocimacro : added VM includeSteps: source=/templates/macros/json/steps.vm
16:03:53.750 [Test worker] DEBUG org.apache.velocity - ResourceManager : found /templates/macros/json/steps.vm with loader org.apache.velocity.runtime.resource.loader.ClasspathResourceLoader
16:03:53.750 [Test worker] DEBUG org.apache.velocity - Velocimacro : added VM includeTags: source=/templates/macros/json/tags.vm
16:03:53.750 [Test worker] DEBUG org.apache.velocity - ResourceManager : found /templates/macros/json/tags.vm with loader org.apache.velocity.runtime.resource.loader.ClasspathResourceLoader
16:03:53.750 [Test worker] DEBUG org.apache.velocity - VM #includeNavigation: too few arguments to macro. Wanted 1 got 0
16:03:53.750 [Test worker] DEBUG org.apache.velocity - Left side ($active_tab) of '==' operation has null value. If it is a reference, it may not be in the context or its toString() returned null. /templates/macros/page/navigation.vm[line 14, column 51]
16:03:53.750 [Test worker] DEBUG org.apache.velocity - Left side ($active_tab) of '==' operation has null value. If it is a reference, it may not be in the context or its toString() returned null. /templates/macros/page/navigation.vm[line 15, column 51]
16:03:53.750 [Test worker] DEBUG org.apache.velocity - Left side ($active_tab) of '==' operation has null value. If it is a reference, it may not be in the context or its toString() returned null. /templates/macros/page/navigation.vm[line 16, column 51]
16:03:53.750 [Test worker] DEBUG org.apache.velocity - Left side ($active_tab) of '==' operation has null value. If it is a reference, it may not be in the context or its toString() returned null. /templates/macros/page/navigation.vm[line 20, column 51]
16:03:53.750 [Test worker] DEBUG org.apache.velocity - VM #includeLead: too few arguments to macro. Wanted 2 got 1
16:03:53.750 [Test worker] DEBUG org.apache.velocity - VM #includeBrief: too few arguments to macro. Wanted 5 got 3
16:03:53.750 [Test worker] DEBUG org.apache.velocity - VM #includeBrief: too few arguments to macro. Wanted 5 got 4
16:03:53.750 [Test worker] DEBUG org.apache.velocity - VM #includeBrief: too few arguments to macro. Wanted 5 got 4
16:03:53.750 [Test worker] DEBUG org.apache.velocity - ResourceManager : found /templates/footer.vm with loader org.apache.velocity.runtime.resource.loader.ClasspathResourceLoader
16:03:53.750 [Test worker] DEBUG org.apache.velocity - ResourceManager : found templates/generators/reportFeature.vm with loader org.apache.velocity.runtime.resource.loader.ClasspathResourceLoader
16:03:53.750 [Test worker] DEBUG org.apache.velocity - ResourceManager : found /templates/headers.vm with loader org.apache.velocity.runtime.resource.loader.ClasspathResourceLoader
16:03:53.750 [Test worker] DEBUG org.apache.velocity - ResourceManager : found /templates/head.vm with loader org.apache.velocity.runtime.resource.loader.ClasspathResourceLoader
16:03:53.750 [Test worker] DEBUG org.apache.velocity - Velocimacro : added VM stringArray: source=/templates/macros/array.js.vm
16:03:53.750 [Test worker] DEBUG org.apache.velocity - Velocimacro : added VM numberArray: source=/templates/macros/array.js.vm
16:03:53.750 [Test worker] DEBUG org.apache.velocity - ResourceManager : found /templates/macros/array.js.vm with loader org.apache.velocity.runtime.resource.loader.ClasspathResourceLoader
16:03:53.750 [Test worker] DEBUG org.apache.velocity - Velocimacro : added VM includeBuildInfo: source=/templates/macros/page/buildinfo.vm
16:03:53.750 [Test worker] DEBUG org.apache.velocity - ResourceManager : found /templates/macros/page/buildinfo.vm with loader org.apache.velocity.runtime.resource.loader.ClasspathResourceLoader
16:03:53.750 [Test worker] DEBUG org.apache.velocity - Velocimacro : added VM includeClassifications: source=/templates/macros/page/classifications.vm
16:03:53.750 [Test worker] DEBUG org.apache.velocity - ResourceManager : found /templates/macros/page/classifications.vm with loader org.apache.velocity.runtime.resource.loader.ClasspathResourceLoader
16:03:53.750 [Test worker] DEBUG org.apache.velocity - Velocimacro : added VM includeLead: source=/templates/macros/page/lead.vm
16:03:53.750 [Test worker] DEBUG org.apache.velocity - ResourceManager : found /templates/macros/page/lead.vm with loader org.apache.velocity.runtime.resource.loader.ClasspathResourceLoader
16:03:53.750 [Test worker] DEBUG org.apache.velocity - Velocimacro : added VM includeNavigation: source=/templates/macros/page/navigation.vm
16:03:53.750 [Test worker] DEBUG org.apache.velocity - ResourceManager : found /templates/macros/page/navigation.vm with loader org.apache.velocity.runtime.resource.loader.ClasspathResourceLoader
16:03:53.750 [Test worker] DEBUG org.apache.velocity - Velocimacro : added VM includeReportInfo: source=/templates/macros/page/reportInfo.vm
16:03:53.750 [Test worker] DEBUG org.apache.velocity - ResourceManager : found /templates/macros/page/reportInfo.vm with loader org.apache.velocity.runtime.resource.loader.ClasspathResourceLoader
16:03:53.750 [Test worker] DEBUG org.apache.velocity - Velocimacro : added VM includeTitle: source=/templates/macros/page/title.vm
16:03:53.750 [Test worker] DEBUG org.apache.velocity - ResourceManager : found /templates/macros/page/title.vm with loader org.apache.velocity.runtime.resource.loader.ClasspathResourceLoader
16:03:53.765 [Test worker] DEBUG org.apache.velocity - Velocimacro : added VM includeExpandingButtons: source=/templates/macros/report/expandAllButtons.vm
16:03:53.765 [Test worker] DEBUG org.apache.velocity - ResourceManager : found /templates/macros/report/expandAllButtons.vm with loader org.apache.velocity.runtime.resource.loader.ClasspathResourceLoader
16:03:53.765 [Test worker] DEBUG org.apache.velocity - Velocimacro : added VM includeReportTable: source=/templates/macros/report/reportTable.vm
16:03:53.765 [Test worker] DEBUG org.apache.velocity - ResourceManager : found /templates/macros/report/reportTable.vm with loader org.apache.velocity.runtime.resource.loader.ClasspathResourceLoader
16:03:53.765 [Test worker] DEBUG org.apache.velocity - Velocimacro : added VM includeReportHeader: source=/templates/macros/report/reportHeader.vm
16:03:53.765 [Test worker] DEBUG org.apache.velocity - ResourceManager : found /templates/macros/report/reportHeader.vm with loader org.apache.velocity.runtime.resource.loader.ClasspathResourceLoader
16:03:53.765 [Test worker] DEBUG org.apache.velocity - Velocimacro : added VM includeStatsTable: source=/templates/macros/report/statsTable.vm
16:03:53.765 [Test worker] DEBUG org.apache.velocity - ResourceManager : found /templates/macros/report/statsTable.vm with loader org.apache.velocity.runtime.resource.loader.ClasspathResourceLoader
16:03:53.765 [Test worker] DEBUG org.apache.velocity - Velocimacro : added VM includeBrief: source=/templates/macros/json/brief.vm
16:03:53.765 [Test worker] DEBUG org.apache.velocity - ResourceManager : found /templates/macros/json/brief.vm with loader org.apache.velocity.runtime.resource.loader.ClasspathResourceLoader
16:03:53.765 [Test worker] DEBUG org.apache.velocity - Velocimacro : added VM includeDocString: source=/templates/macros/json/docstring.vm
16:03:53.765 [Test worker] DEBUG org.apache.velocity - ResourceManager : found /templates/macros/json/docstring.vm with loader org.apache.velocity.runtime.resource.loader.ClasspathResourceLoader
16:03:53.765 [Test worker] DEBUG org.apache.velocity - Velocimacro : added VM includeDuration: source=/templates/macros/json/duration.vm
16:03:53.765 [Test worker] DEBUG org.apache.velocity - ResourceManager : found /templates/macros/json/duration.vm with loader org.apache.velocity.runtime.resource.loader.ClasspathResourceLoader
16:03:53.765 [Test worker] DEBUG org.apache.velocity - Velocimacro : added VM includeElement: source=/templates/macros/json/element.vm
16:03:53.765 [Test worker] DEBUG org.apache.velocity - ResourceManager : found /templates/macros/json/element.vm with loader org.apache.velocity.runtime.resource.loader.ClasspathResourceLoader
16:03:53.765 [Test worker] DEBUG org.apache.velocity - Velocimacro : added VM includeEmbeddings: source=/templates/macros/json/embeddings.vm
16:03:53.765 [Test worker] DEBUG org.apache.velocity - Velocimacro : added VM includeHtmlEmbedding: source=/templates/macros/json/embeddings.vm
16:03:53.765 [Test worker] DEBUG org.apache.velocity - Velocimacro : added VM includeImageEmbedding: source=/templates/macros/json/embeddings.vm
16:03:53.765 [Test worker] DEBUG org.apache.velocity - Velocimacro : added VM includeImageReferenceEmbedding: source=/templates/macros/json/embeddings.vm
16:03:53.765 [Test worker] DEBUG org.apache.velocity - Velocimacro : added VM includeTextEmbedding: source=/templates/macros/json/embeddings.vm
16:03:53.765 [Test worker] DEBUG org.apache.velocity - Velocimacro : added VM includeUnknownEmbedding: source=/templates/macros/json/embeddings.vm
16:03:53.765 [Test worker] DEBUG org.apache.velocity - ResourceManager : found /templates/macros/json/embeddings.vm with loader org.apache.velocity.runtime.resource.loader.ClasspathResourceLoader
16:03:53.765 [Test worker] DEBUG org.apache.velocity - Velocimacro : added VM includeHooks: source=/templates/macros/json/hooks.vm
16:03:53.765 [Test worker] DEBUG org.apache.velocity - ResourceManager : found /templates/macros/json/hooks.vm with loader org.apache.velocity.runtime.resource.loader.ClasspathResourceLoader
16:03:53.765 [Test worker] DEBUG org.apache.velocity - Velocimacro : added VM includeOutput: source=/templates/macros/json/output.vm
16:03:53.765 [Test worker] DEBUG org.apache.velocity - ResourceManager : found /templates/macros/json/output.vm with loader org.apache.velocity.runtime.resource.loader.ClasspathResourceLoader
16:03:53.765 [Test worker] DEBUG org.apache.velocity - Velocimacro : added VM includeMessage: source=/templates/macros/json/message.vm
16:03:53.765 [Test worker] DEBUG org.apache.velocity - ResourceManager : found /templates/macros/json/message.vm with loader org.apache.velocity.runtime.resource.loader.ClasspathResourceLoader
16:03:53.765 [Test worker] DEBUG org.apache.velocity - Velocimacro : added VM includeSteps: source=/templates/macros/json/steps.vm
16:03:53.765 [Test worker] DEBUG org.apache.velocity - ResourceManager : found /templates/macros/json/steps.vm with loader org.apache.velocity.runtime.resource.loader.ClasspathResourceLoader
16:03:53.765 [Test worker] DEBUG org.apache.velocity - Velocimacro : added VM includeTags: source=/templates/macros/json/tags.vm
16:03:53.765 [Test worker] DEBUG org.apache.velocity - ResourceManager : found /templates/macros/json/tags.vm with loader org.apache.velocity.runtime.resource.loader.ClasspathResourceLoader
16:03:53.765 [Test worker] DEBUG org.apache.velocity - VM #includeNavigation: too few arguments to macro. Wanted 1 got 0
16:03:53.765 [Test worker] DEBUG org.apache.velocity - Left side ($active_tab) of '==' operation has null value. If it is a reference, it may not be in the context or its toString() returned null. /templates/macros/page/navigation.vm[line 14, column 51]
16:03:53.765 [Test worker] DEBUG org.apache.velocity - Left side ($active_tab) of '==' operation has null value. If it is a reference, it may not be in the context or its toString() returned null. /templates/macros/page/navigation.vm[line 15, column 51]
16:03:53.765 [Test worker] DEBUG org.apache.velocity - Left side ($active_tab) of '==' operation has null value. If it is a reference, it may not be in the context or its toString() returned null. /templates/macros/page/navigation.vm[line 16, column 51]
16:03:53.765 [Test worker] DEBUG org.apache.velocity - Left side ($active_tab) of '==' operation has null value. If it is a reference, it may not be in the context or its toString() returned null. /templates/macros/page/navigation.vm[line 20, column 51]
16:03:53.765 [Test worker] DEBUG org.apache.velocity - VM #includeLead: too few arguments to macro. Wanted 2 got 1
16:03:53.765 [Test worker] DEBUG org.apache.velocity - VM #includeBrief: too few arguments to macro. Wanted 5 got 3
16:03:53.765 [Test worker] DEBUG org.apache.velocity - VM #includeBrief: too few arguments to macro. Wanted 5 got 4
16:03:53.765 [Test worker] DEBUG org.apache.velocity - VM #includeBrief: too few arguments to macro. Wanted 5 got 4
16:03:53.765 [Test worker] DEBUG org.apache.velocity - ResourceManager : found /templates/footer.vm with loader org.apache.velocity.runtime.resource.loader.ClasspathResourceLoader
16:03:53.765 [Test worker] DEBUG org.apache.velocity - ResourceManager : found templates/generators/reportFeature.vm with loader org.apache.velocity.runtime.resource.loader.ClasspathResourceLoader
16:03:53.765 [Test worker] DEBUG org.apache.velocity - ResourceManager : found /templates/headers.vm with loader org.apache.velocity.runtime.resource.loader.ClasspathResourceLoader
16:03:53.765 [Test worker] DEBUG org.apache.velocity - ResourceManager : found /templates/head.vm with loader org.apache.velocity.runtime.resource.loader.ClasspathResourceLoader
16:03:53.765 [Test worker] DEBUG org.apache.velocity - Velocimacro : added VM stringArray: source=/templates/macros/array.js.vm
16:03:53.765 [Test worker] DEBUG org.apache.velocity - Velocimacro : added VM numberArray: source=/templates/macros/array.js.vm
16:03:53.765 [Test worker] DEBUG org.apache.velocity - ResourceManager : found /templates/macros/array.js.vm with loader org.apache.velocity.runtime.resource.loader.ClasspathResourceLoader
16:03:53.765 [Test worker] DEBUG org.apache.velocity - Velocimacro : added VM includeBuildInfo: source=/templates/macros/page/buildinfo.vm
16:03:53.765 [Test worker] DEBUG org.apache.velocity - ResourceManager : found /templates/macros/page/buildinfo.vm with loader org.apache.velocity.runtime.resource.loader.ClasspathResourceLoader
16:03:53.781 [Test worker] DEBUG org.apache.velocity - Velocimacro : added VM includeClassifications: source=/templates/macros/page/classifications.vm
16:03:53.781 [Test worker] DEBUG org.apache.velocity - ResourceManager : found /templates/macros/page/classifications.vm with loader org.apache.velocity.runtime.resource.loader.ClasspathResourceLoader
16:03:53.781 [Test worker] DEBUG org.apache.velocity - Velocimacro : added VM includeLead: source=/templates/macros/page/lead.vm
16:03:53.781 [Test worker] DEBUG org.apache.velocity - ResourceManager : found /templates/macros/page/lead.vm with loader org.apache.velocity.runtime.resource.loader.ClasspathResourceLoader
16:03:53.781 [Test worker] DEBUG org.apache.velocity - Velocimacro : added VM includeNavigation: source=/templates/macros/page/navigation.vm
16:03:53.781 [Test worker] DEBUG org.apache.velocity - ResourceManager : found /templates/macros/page/navigation.vm with loader org.apache.velocity.runtime.resource.loader.ClasspathResourceLoader
16:03:53.781 [Test worker] DEBUG org.apache.velocity - Velocimacro : added VM includeReportInfo: source=/templates/macros/page/reportInfo.vm
16:03:53.781 [Test worker] DEBUG org.apache.velocity - ResourceManager : found /templates/macros/page/reportInfo.vm with loader org.apache.velocity.runtime.resource.loader.ClasspathResourceLoader
16:03:53.781 [Test worker] DEBUG org.apache.velocity - Velocimacro : added VM includeTitle: source=/templates/macros/page/title.vm
16:03:53.781 [Test worker] DEBUG org.apache.velocity - ResourceManager : found /templates/macros/page/title.vm with loader org.apache.velocity.runtime.resource.loader.ClasspathResourceLoader
16:03:53.781 [Test worker] DEBUG org.apache.velocity - Velocimacro : added VM includeExpandingButtons: source=/templates/macros/report/expandAllButtons.vm
16:03:53.781 [Test worker] DEBUG org.apache.velocity - ResourceManager : found /templates/macros/report/expandAllButtons.vm with loader org.apache.velocity.runtime.resource.loader.ClasspathResourceLoader
16:03:53.781 [Test worker] DEBUG org.apache.velocity - Velocimacro : added VM includeReportTable: source=/templates/macros/report/reportTable.vm
16:03:53.781 [Test worker] DEBUG org.apache.velocity - ResourceManager : found /templates/macros/report/reportTable.vm with loader org.apache.velocity.runtime.resource.loader.ClasspathResourceLoader
16:03:53.781 [Test worker] DEBUG org.apache.velocity - Velocimacro : added VM includeReportHeader: source=/templates/macros/report/reportHeader.vm
16:03:53.781 [Test worker] DEBUG org.apache.velocity - ResourceManager : found /templates/macros/report/reportHeader.vm with loader org.apache.velocity.runtime.resource.loader.ClasspathResourceLoader
16:03:53.781 [Test worker] DEBUG org.apache.velocity - Velocimacro : added VM includeStatsTable: source=/templates/macros/report/statsTable.vm
16:03:53.781 [Test worker] DEBUG org.apache.velocity - ResourceManager : found /templates/macros/report/statsTable.vm with loader org.apache.velocity.runtime.resource.loader.ClasspathResourceLoader
16:03:53.781 [Test worker] DEBUG org.apache.velocity - Velocimacro : added VM includeBrief: source=/templates/macros/json/brief.vm
16:03:53.781 [Test worker] DEBUG org.apache.velocity - ResourceManager : found /templates/macros/json/brief.vm with loader org.apache.velocity.runtime.resource.loader.ClasspathResourceLoader
16:03:53.781 [Test worker] DEBUG org.apache.velocity - Velocimacro : added VM includeDocString: source=/templates/macros/json/docstring.vm
16:03:53.781 [Test worker] DEBUG org.apache.velocity - ResourceManager : found /templates/macros/json/docstring.vm with loader org.apache.velocity.runtime.resource.loader.ClasspathResourceLoader
16:03:53.781 [Test worker] DEBUG org.apache.velocity - Velocimacro : added VM includeDuration: source=/templates/macros/json/duration.vm
16:03:53.781 [Test worker] DEBUG org.apache.velocity - ResourceManager : found /templates/macros/json/duration.vm with loader org.apache.velocity.runtime.resource.loader.ClasspathResourceLoader
16:03:53.781 [Test worker] DEBUG org.apache.velocity - Velocimacro : added VM includeElement: source=/templates/macros/json/element.vm
16:03:53.781 [Test worker] DEBUG org.apache.velocity - ResourceManager : found /templates/macros/json/element.vm with loader org.apache.velocity.runtime.resource.loader.ClasspathResourceLoader
16:03:53.781 [Test worker] DEBUG org.apache.velocity - Velocimacro : added VM includeEmbeddings: source=/templates/macros/json/embeddings.vm
16:03:53.781 [Test worker] DEBUG org.apache.velocity - Velocimacro : added VM includeHtmlEmbedding: source=/templates/macros/json/embeddings.vm
16:03:53.781 [Test worker] DEBUG org.apache.velocity - Velocimacro : added VM includeImageEmbedding: source=/templates/macros/json/embeddings.vm
16:03:53.781 [Test worker] DEBUG org.apache.velocity - Velocimacro : added VM includeImageReferenceEmbedding: source=/templates/macros/json/embeddings.vm
16:03:53.781 [Test worker] DEBUG org.apache.velocity - Velocimacro : added VM includeTextEmbedding: source=/templates/macros/json/embeddings.vm
16:03:53.781 [Test worker] DEBUG org.apache.velocity - Velocimacro : added VM includeUnknownEmbedding: source=/templates/macros/json/embeddings.vm
16:03:53.781 [Test worker] DEBUG org.apache.velocity - ResourceManager : found /templates/macros/json/embeddings.vm with loader org.apache.velocity.runtime.resource.loader.ClasspathResourceLoader
16:03:53.781 [Test worker] DEBUG org.apache.velocity - Velocimacro : added VM includeHooks: source=/templates/macros/json/hooks.vm
16:03:53.781 [Test worker] DEBUG org.apache.velocity - ResourceManager : found /templates/macros/json/hooks.vm with loader org.apache.velocity.runtime.resource.loader.ClasspathResourceLoader
16:03:53.781 [Test worker] DEBUG org.apache.velocity - Velocimacro : added VM includeOutput: source=/templates/macros/json/output.vm
16:03:53.781 [Test worker] DEBUG org.apache.velocity - ResourceManager : found /templates/macros/json/output.vm with loader org.apache.velocity.runtime.resource.loader.ClasspathResourceLoader
16:03:53.781 [Test worker] DEBUG org.apache.velocity - Velocimacro : added VM includeMessage: source=/templates/macros/json/message.vm
16:03:53.781 [Test worker] DEBUG org.apache.velocity - ResourceManager : found /templates/macros/json/message.vm with loader org.apache.velocity.runtime.resource.loader.ClasspathResourceLoader
16:03:53.781 [Test worker] DEBUG org.apache.velocity - Velocimacro : added VM includeSteps: source=/templates/macros/json/steps.vm
16:03:53.781 [Test worker] DEBUG org.apache.velocity - ResourceManager : found /templates/macros/json/steps.vm with loader org.apache.velocity.runtime.resource.loader.ClasspathResourceLoader
16:03:53.781 [Test worker] DEBUG org.apache.velocity - Velocimacro : added VM includeTags: source=/templates/macros/json/tags.vm
16:03:53.781 [Test worker] DEBUG org.apache.velocity - ResourceManager : found /templates/macros/json/tags.vm with loader org.apache.velocity.runtime.resource.loader.ClasspathResourceLoader
16:03:53.781 [Test worker] DEBUG org.apache.velocity - VM #includeNavigation: too few arguments to macro. Wanted 1 got 0
16:03:53.781 [Test worker] DEBUG org.apache.velocity - Left side ($active_tab) of '==' operation has null value. If it is a reference, it may not be in the context or its toString() returned null. /templates/macros/page/navigation.vm[line 14, column 51]
16:03:53.781 [Test worker] DEBUG org.apache.velocity - Left side ($active_tab) of '==' operation has null value. If it is a reference, it may not be in the context or its toString() returned null. /templates/macros/page/navigation.vm[line 15, column 51]
16:03:53.781 [Test worker] DEBUG org.apache.velocity - Left side ($active_tab) of '==' operation has null value. If it is a reference, it may not be in the context or its toString() returned null. /templates/macros/page/navigation.vm[line 16, column 51]
16:03:53.781 [Test worker] DEBUG org.apache.velocity - Left side ($active_tab) of '==' operation has null value. If it is a reference, it may not be in the context or its toString() returned null. /templates/macros/page/navigation.vm[line 20, column 51]
16:03:53.781 [Test worker] DEBUG org.apache.velocity - VM #includeLead: too few arguments to macro. Wanted 2 got 1
16:03:53.781 [Test worker] DEBUG org.apache.velocity - VM #includeBrief: too few arguments to macro. Wanted 5 got 3
16:03:53.781 [Test worker] DEBUG org.apache.velocity - VM #includeBrief: too few arguments to macro. Wanted 5 got 4
16:03:53.781 [Test worker] DEBUG org.apache.velocity - VM #includeBrief: too few arguments to macro. Wanted 5 got 4
16:03:53.796 [Test worker] DEBUG org.apache.velocity - ResourceManager : found /templates/footer.vm with loader org.apache.velocity.runtime.resource.loader.ClasspathResourceLoader
16:03:53.796 [Test worker] DEBUG org.apache.velocity - ResourceManager : found templates/generators/reportFeature.vm with loader org.apache.velocity.runtime.resource.loader.ClasspathResourceLoader
16:03:53.796 [Test worker] DEBUG org.apache.velocity - ResourceManager : found /templates/headers.vm with loader org.apache.velocity.runtime.resource.loader.ClasspathResourceLoader
16:03:53.796 [Test worker] DEBUG org.apache.velocity - ResourceManager : found /templates/head.vm with loader org.apache.velocity.runtime.resource.loader.ClasspathResourceLoader
16:03:53.796 [Test worker] DEBUG org.apache.velocity - Velocimacro : added VM stringArray: source=/templates/macros/array.js.vm
16:03:53.796 [Test worker] DEBUG org.apache.velocity - Velocimacro : added VM numberArray: source=/templates/macros/array.js.vm
16:03:53.796 [Test worker] DEBUG org.apache.velocity - ResourceManager : found /templates/macros/array.js.vm with loader org.apache.velocity.runtime.resource.loader.ClasspathResourceLoader
16:03:53.796 [Test worker] DEBUG org.apache.velocity - Velocimacro : added VM includeBuildInfo: source=/templates/macros/page/buildinfo.vm
16:03:53.796 [Test worker] DEBUG org.apache.velocity - ResourceManager : found /templates/macros/page/buildinfo.vm with loader org.apache.velocity.runtime.resource.loader.ClasspathResourceLoader
16:03:53.796 [Test worker] DEBUG org.apache.velocity - Velocimacro : added VM includeClassifications: source=/templates/macros/page/classifications.vm
16:03:53.796 [Test worker] DEBUG org.apache.velocity - ResourceManager : found /templates/macros/page/classifications.vm with loader org.apache.velocity.runtime.resource.loader.ClasspathResourceLoader
16:03:53.796 [Test worker] DEBUG org.apache.velocity - Velocimacro : added VM includeLead: source=/templates/macros/page/lead.vm
16:03:53.796 [Test worker] DEBUG org.apache.velocity - ResourceManager : found /templates/macros/page/lead.vm with loader org.apache.velocity.runtime.resource.loader.ClasspathResourceLoader
16:03:53.796 [Test worker] DEBUG org.apache.velocity - Velocimacro : added VM includeNavigation: source=/templates/macros/page/navigation.vm
16:03:53.796 [Test worker] DEBUG org.apache.velocity - ResourceManager : found /templates/macros/page/navigation.vm with loader org.apache.velocity.runtime.resource.loader.ClasspathResourceLoader
16:03:53.796 [Test worker] DEBUG org.apache.velocity - Velocimacro : added VM includeReportInfo: source=/templates/macros/page/reportInfo.vm
16:03:53.796 [Test worker] DEBUG org.apache.velocity - ResourceManager : found /templates/macros/page/reportInfo.vm with loader org.apache.velocity.runtime.resource.loader.ClasspathResourceLoader
16:03:53.796 [Test worker] DEBUG org.apache.velocity - Velocimacro : added VM includeTitle: source=/templates/macros/page/title.vm
16:03:53.796 [Test worker] DEBUG org.apache.velocity - ResourceManager : found /templates/macros/page/title.vm with loader org.apache.velocity.runtime.resource.loader.ClasspathResourceLoader
16:03:53.796 [Test worker] DEBUG org.apache.velocity - Velocimacro : added VM includeExpandingButtons: source=/templates/macros/report/expandAllButtons.vm
16:03:53.796 [Test worker] DEBUG org.apache.velocity - ResourceManager : found /templates/macros/report/expandAllButtons.vm with loader org.apache.velocity.runtime.resource.loader.ClasspathResourceLoader
16:03:53.796 [Test worker] DEBUG org.apache.velocity - Velocimacro : added VM includeReportTable: source=/templates/macros/report/reportTable.vm
16:03:53.796 [Test worker] DEBUG org.apache.velocity - ResourceManager : found /templates/macros/report/reportTable.vm with loader org.apache.velocity.runtime.resource.loader.ClasspathResourceLoader
16:03:53.796 [Test worker] DEBUG org.apache.velocity - Velocimacro : added VM includeReportHeader: source=/templates/macros/report/reportHeader.vm
16:03:53.796 [Test worker] DEBUG org.apache.velocity - ResourceManager : found /templates/macros/report/reportHeader.vm with loader org.apache.velocity.runtime.resource.loader.ClasspathResourceLoader
16:03:53.796 [Test worker] DEBUG org.apache.velocity - Velocimacro : added VM includeStatsTable: source=/templates/macros/report/statsTable.vm
16:03:53.796 [Test worker] DEBUG org.apache.velocity - ResourceManager : found /templates/macros/report/statsTable.vm with loader org.apache.velocity.runtime.resource.loader.ClasspathResourceLoader
16:03:53.796 [Test worker] DEBUG org.apache.velocity - Velocimacro : added VM includeBrief: source=/templates/macros/json/brief.vm
16:03:53.796 [Test worker] DEBUG org.apache.velocity - ResourceManager : found /templates/macros/json/brief.vm with loader org.apache.velocity.runtime.resource.loader.ClasspathResourceLoader
16:03:53.796 [Test worker] DEBUG org.apache.velocity - Velocimacro : added VM includeDocString: source=/templates/macros/json/docstring.vm
16:03:53.796 [Test worker] DEBUG org.apache.velocity - ResourceManager : found /templates/macros/json/docstring.vm with loader org.apache.velocity.runtime.resource.loader.ClasspathResourceLoader
16:03:53.796 [Test worker] DEBUG org.apache.velocity - Velocimacro : added VM includeDuration: source=/templates/macros/json/duration.vm
16:03:53.796 [Test worker] DEBUG org.apache.velocity - ResourceManager : found /templates/macros/json/duration.vm with loader org.apache.velocity.runtime.resource.loader.ClasspathResourceLoader
16:03:53.796 [Test worker] DEBUG org.apache.velocity - Velocimacro : added VM includeElement: source=/templates/macros/json/element.vm
16:03:53.796 [Test worker] DEBUG org.apache.velocity - ResourceManager : found /templates/macros/json/element.vm with loader org.apache.velocity.runtime.resource.loader.ClasspathResourceLoader
16:03:53.796 [Test worker] DEBUG org.apache.velocity - Velocimacro : added VM includeEmbeddings: source=/templates/macros/json/embeddings.vm
16:03:53.796 [Test worker] DEBUG org.apache.velocity - Velocimacro : added VM includeHtmlEmbedding: source=/templates/macros/json/embeddings.vm
16:03:53.796 [Test worker] DEBUG org.apache.velocity - Velocimacro : added VM includeImageEmbedding: source=/templates/macros/json/embeddings.vm
16:03:53.796 [Test worker] DEBUG org.apache.velocity - Velocimacro : added VM includeImageReferenceEmbedding: source=/templates/macros/json/embeddings.vm
16:03:53.796 [Test worker] DEBUG org.apache.velocity - Velocimacro : added VM includeTextEmbedding: source=/templates/macros/json/embeddings.vm
16:03:53.796 [Test worker] DEBUG org.apache.velocity - Velocimacro : added VM includeUnknownEmbedding: source=/templates/macros/json/embeddings.vm
16:03:53.796 [Test worker] DEBUG org.apache.velocity - ResourceManager : found /templates/macros/json/embeddings.vm with loader org.apache.velocity.runtime.resource.loader.ClasspathResourceLoader
16:03:53.796 [Test worker] DEBUG org.apache.velocity - Velocimacro : added VM includeHooks: source=/templates/macros/json/hooks.vm
16:03:53.796 [Test worker] DEBUG org.apache.velocity - ResourceManager : found /templates/macros/json/hooks.vm with loader org.apache.velocity.runtime.resource.loader.ClasspathResourceLoader
16:03:53.796 [Test worker] DEBUG org.apache.velocity - Velocimacro : added VM includeOutput: source=/templates/macros/json/output.vm
16:03:53.796 [Test worker] DEBUG org.apache.velocity - ResourceManager : found /templates/macros/json/output.vm with loader org.apache.velocity.runtime.resource.loader.ClasspathResourceLoader
16:03:53.796 [Test worker] DEBUG org.apache.velocity - Velocimacro : added VM includeMessage: source=/templates/macros/json/message.vm
16:03:53.796 [Test worker] DEBUG org.apache.velocity - ResourceManager : found /templates/macros/json/message.vm with loader org.apache.velocity.runtime.resource.loader.ClasspathResourceLoader
16:03:53.796 [Test worker] DEBUG org.apache.velocity - Velocimacro : added VM includeSteps: source=/templates/macros/json/steps.vm
16:03:53.796 [Test worker] DEBUG org.apache.velocity - ResourceManager : found /templates/macros/json/steps.vm with loader org.apache.velocity.runtime.resource.loader.ClasspathResourceLoader
16:03:53.812 [Test worker] DEBUG org.apache.velocity - Velocimacro : added VM includeTags: source=/templates/macros/json/tags.vm
16:03:53.812 [Test worker] DEBUG org.apache.velocity - ResourceManager : found /templates/macros/json/tags.vm with loader org.apache.velocity.runtime.resource.loader.ClasspathResourceLoader
16:03:53.812 [Test worker] DEBUG org.apache.velocity - VM #includeNavigation: too few arguments to macro. Wanted 1 got 0
16:03:53.812 [Test worker] DEBUG org.apache.velocity - Left side ($active_tab) of '==' operation has null value. If it is a reference, it may not be in the context or its toString() returned null. /templates/macros/page/navigation.vm[line 14, column 51]
16:03:53.812 [Test worker] DEBUG org.apache.velocity - Left side ($active_tab) of '==' operation has null value. If it is a reference, it may not be in the context or its toString() returned null. /templates/macros/page/navigation.vm[line 15, column 51]
16:03:53.812 [Test worker] DEBUG org.apache.velocity - Left side ($active_tab) of '==' operation has null value. If it is a reference, it may not be in the context or its toString() returned null. /templates/macros/page/navigation.vm[line 16, column 51]
16:03:53.812 [Test worker] DEBUG org.apache.velocity - Left side ($active_tab) of '==' operation has null value. If it is a reference, it may not be in the context or its toString() returned null. /templates/macros/page/navigation.vm[line 20, column 51]
16:03:53.812 [Test worker] DEBUG org.apache.velocity - VM #includeLead: too few arguments to macro. Wanted 2 got 1
16:03:53.812 [Test worker] DEBUG org.apache.velocity - VM #includeBrief: too few arguments to macro. Wanted 5 got 3
16:03:53.812 [Test worker] DEBUG org.apache.velocity - VM #includeBrief: too few arguments to macro. Wanted 5 got 4
16:03:53.812 [Test worker] DEBUG org.apache.velocity - VM #includeBrief: too few arguments to macro. Wanted 5 got 4
16:03:53.812 [Test worker] DEBUG org.apache.velocity - ResourceManager : found /templates/footer.vm with loader org.apache.velocity.runtime.resource.loader.ClasspathResourceLoader
16:03:53.812 [Test worker] DEBUG org.apache.velocity - ResourceManager : found templates/generators/reportFeature.vm with loader org.apache.velocity.runtime.resource.loader.ClasspathResourceLoader
16:03:53.812 [Test worker] DEBUG org.apache.velocity - ResourceManager : found /templates/headers.vm with loader org.apache.velocity.runtime.resource.loader.ClasspathResourceLoader
16:03:53.812 [Test worker] DEBUG org.apache.velocity - ResourceManager : found /templates/head.vm with loader org.apache.velocity.runtime.resource.loader.ClasspathResourceLoader
16:03:53.812 [Test worker] DEBUG org.apache.velocity - Velocimacro : added VM stringArray: source=/templates/macros/array.js.vm
16:03:53.812 [Test worker] DEBUG org.apache.velocity - Velocimacro : added VM numberArray: source=/templates/macros/array.js.vm
16:03:53.812 [Test worker] DEBUG org.apache.velocity - ResourceManager : found /templates/macros/array.js.vm with loader org.apache.velocity.runtime.resource.loader.ClasspathResourceLoader
16:03:53.812 [Test worker] DEBUG org.apache.velocity - Velocimacro : added VM includeBuildInfo: source=/templates/macros/page/buildinfo.vm
16:03:53.812 [Test worker] DEBUG org.apache.velocity - ResourceManager : found /templates/macros/page/buildinfo.vm with loader org.apache.velocity.runtime.resource.loader.ClasspathResourceLoader
16:03:53.812 [Test worker] DEBUG org.apache.velocity - Velocimacro : added VM includeClassifications: source=/templates/macros/page/classifications.vm
16:03:53.812 [Test worker] DEBUG org.apache.velocity - ResourceManager : found /templates/macros/page/classifications.vm with loader org.apache.velocity.runtime.resource.loader.ClasspathResourceLoader
16:03:53.812 [Test worker] DEBUG org.apache.velocity - Velocimacro : added VM includeLead: source=/templates/macros/page/lead.vm
16:03:53.812 [Test worker] DEBUG org.apache.velocity - ResourceManager : found /templates/macros/page/lead.vm with loader org.apache.velocity.runtime.resource.loader.ClasspathResourceLoader
16:03:53.812 [Test worker] DEBUG org.apache.velocity - Velocimacro : added VM includeNavigation: source=/templates/macros/page/navigation.vm
16:03:53.812 [Test worker] DEBUG org.apache.velocity - ResourceManager : found /templates/macros/page/navigation.vm with loader org.apache.velocity.runtime.resource.loader.ClasspathResourceLoader
16:03:53.812 [Test worker] DEBUG org.apache.velocity - Velocimacro : added VM includeReportInfo: source=/templates/macros/page/reportInfo.vm
16:03:53.812 [Test worker] DEBUG org.apache.velocity - ResourceManager : found /templates/macros/page/reportInfo.vm with loader org.apache.velocity.runtime.resource.loader.ClasspathResourceLoader
16:03:53.812 [Test worker] DEBUG org.apache.velocity - Velocimacro : added VM includeTitle: source=/templates/macros/page/title.vm
16:03:53.812 [Test worker] DEBUG org.apache.velocity - ResourceManager : found /templates/macros/page/title.vm with loader org.apache.velocity.runtime.resource.loader.ClasspathResourceLoader
16:03:53.812 [Test worker] DEBUG org.apache.velocity - Velocimacro : added VM includeExpandingButtons: source=/templates/macros/report/expandAllButtons.vm
16:03:53.812 [Test worker] DEBUG org.apache.velocity - ResourceManager : found /templates/macros/report/expandAllButtons.vm with loader org.apache.velocity.runtime.resource.loader.ClasspathResourceLoader
16:03:53.812 [Test worker] DEBUG org.apache.velocity - Velocimacro : added VM includeReportTable: source=/templates/macros/report/reportTable.vm
16:03:53.812 [Test worker] DEBUG org.apache.velocity - ResourceManager : found /templates/macros/report/reportTable.vm with loader org.apache.velocity.runtime.resource.loader.ClasspathResourceLoader
16:03:53.812 [Test worker] DEBUG org.apache.velocity - Velocimacro : added VM includeReportHeader: source=/templates/macros/report/reportHeader.vm
16:03:53.812 [Test worker] DEBUG org.apache.velocity - ResourceManager : found /templates/macros/report/reportHeader.vm with loader org.apache.velocity.runtime.resource.loader.ClasspathResourceLoader
16:03:53.812 [Test worker] DEBUG org.apache.velocity - Velocimacro : added VM includeStatsTable: source=/templates/macros/report/statsTable.vm
16:03:53.812 [Test worker] DEBUG org.apache.velocity - ResourceManager : found /templates/macros/report/statsTable.vm with loader org.apache.velocity.runtime.resource.loader.ClasspathResourceLoader
16:03:53.812 [Test worker] DEBUG org.apache.velocity - Velocimacro : added VM includeBrief: source=/templates/macros/json/brief.vm
16:03:53.812 [Test worker] DEBUG org.apache.velocity - ResourceManager : found /templates/macros/json/brief.vm with loader org.apache.velocity.runtime.resource.loader.ClasspathResourceLoader
16:03:53.812 [Test worker] DEBUG org.apache.velocity - Velocimacro : added VM includeDocString: source=/templates/macros/json/docstring.vm
16:03:53.812 [Test worker] DEBUG org.apache.velocity - ResourceManager : found /templates/macros/json/docstring.vm with loader org.apache.velocity.runtime.resource.loader.ClasspathResourceLoader
16:03:53.812 [Test worker] DEBUG org.apache.velocity - Velocimacro : added VM includeDuration: source=/templates/macros/json/duration.vm
16:03:53.812 [Test worker] DEBUG org.apache.velocity - ResourceManager : found /templates/macros/json/duration.vm with loader org.apache.velocity.runtime.resource.loader.ClasspathResourceLoader
16:03:53.828 [Test worker] DEBUG org.apache.velocity - Velocimacro : added VM includeElement: source=/templates/macros/json/element.vm
16:03:53.828 [Test worker] DEBUG org.apache.velocity - ResourceManager : found /templates/macros/json/element.vm with loader org.apache.velocity.runtime.resource.loader.ClasspathResourceLoader
16:03:53.828 [Test worker] DEBUG org.apache.velocity - Velocimacro : added VM includeEmbeddings: source=/templates/macros/json/embeddings.vm
16:03:53.828 [Test worker] DEBUG org.apache.velocity - Velocimacro : added VM includeHtmlEmbedding: source=/templates/macros/json/embeddings.vm
16:03:53.828 [Test worker] DEBUG org.apache.velocity - Velocimacro : added VM includeImageEmbedding: source=/templates/macros/json/embeddings.vm
16:03:53.828 [Test worker] DEBUG org.apache.velocity - Velocimacro : added VM includeImageReferenceEmbedding: source=/templates/macros/json/embeddings.vm
16:03:53.828 [Test worker] DEBUG org.apache.velocity - Velocimacro : added VM includeTextEmbedding: source=/templates/macros/json/embeddings.vm
16:03:53.828 [Test worker] DEBUG org.apache.velocity - Velocimacro : added VM includeUnknownEmbedding: source=/templates/macros/json/embeddings.vm
16:03:53.828 [Test worker] DEBUG org.apache.velocity - ResourceManager : found /templates/macros/json/embeddings.vm with loader org.apache.velocity.runtime.resource.loader.ClasspathResourceLoader
16:03:53.828 [Test worker] DEBUG org.apache.velocity - Velocimacro : added VM includeHooks: source=/templates/macros/json/hooks.vm
16:03:53.828 [Test worker] DEBUG org.apache.velocity - ResourceManager : found /templates/macros/json/hooks.vm with loader org.apache.velocity.runtime.resource.loader.ClasspathResourceLoader
16:03:53.828 [Test worker] DEBUG org.apache.velocity - Velocimacro : added VM includeOutput: source=/templates/macros/json/output.vm
16:03:53.828 [Test worker] DEBUG org.apache.velocity - ResourceManager : found /templates/macros/json/output.vm with loader org.apache.velocity.runtime.resource.loader.ClasspathResourceLoader
16:03:53.828 [Test worker] DEBUG org.apache.velocity - Velocimacro : added VM includeMessage: source=/templates/macros/json/message.vm
16:03:53.828 [Test worker] DEBUG org.apache.velocity - ResourceManager : found /templates/macros/json/message.vm with loader org.apache.velocity.runtime.resource.loader.ClasspathResourceLoader
16:03:53.828 [Test worker] DEBUG org.apache.velocity - Velocimacro : added VM includeSteps: source=/templates/macros/json/steps.vm
16:03:53.828 [Test worker] DEBUG org.apache.velocity - ResourceManager : found /templates/macros/json/steps.vm with loader org.apache.velocity.runtime.resource.loader.ClasspathResourceLoader
16:03:53.828 [Test worker] DEBUG org.apache.velocity - Velocimacro : added VM includeTags: source=/templates/macros/json/tags.vm
16:03:53.828 [Test worker] DEBUG org.apache.velocity - ResourceManager : found /templates/macros/json/tags.vm with loader org.apache.velocity.runtime.resource.loader.ClasspathResourceLoader
16:03:53.828 [Test worker] DEBUG org.apache.velocity - VM #includeNavigation: too few arguments to macro. Wanted 1 got 0
16:03:53.828 [Test worker] DEBUG org.apache.velocity - Left side ($active_tab) of '==' operation has null value. If it is a reference, it may not be in the context or its toString() returned null. /templates/macros/page/navigation.vm[line 14, column 51]
16:03:53.828 [Test worker] DEBUG org.apache.velocity - Left side ($active_tab) of '==' operation has null value. If it is a reference, it may not be in the context or its toString() returned null. /templates/macros/page/navigation.vm[line 15, column 51]
16:03:53.828 [Test worker] DEBUG org.apache.velocity - Left side ($active_tab) of '==' operation has null value. If it is a reference, it may not be in the context or its toString() returned null. /templates/macros/page/navigation.vm[line 16, column 51]
16:03:53.828 [Test worker] DEBUG org.apache.velocity - Left side ($active_tab) of '==' operation has null value. If it is a reference, it may not be in the context or its toString() returned null. /templates/macros/page/navigation.vm[line 20, column 51]
16:03:53.828 [Test worker] DEBUG org.apache.velocity - VM #includeLead: too few arguments to macro. Wanted 2 got 1
16:03:53.828 [Test worker] DEBUG org.apache.velocity - VM #includeBrief: too few arguments to macro. Wanted 5 got 3
16:03:53.828 [Test worker] DEBUG org.apache.velocity - VM #includeBrief: too few arguments to macro. Wanted 5 got 4
16:03:53.828 [Test worker] DEBUG org.apache.velocity - VM #includeBrief: too few arguments to macro. Wanted 5 got 4
16:03:53.828 [Test worker] DEBUG org.apache.velocity - ResourceManager : found /templates/footer.vm with loader org.apache.velocity.runtime.resource.loader.ClasspathResourceLoader
16:03:53.828 [Test worker] DEBUG org.apache.velocity - ResourceManager : found templates/generators/reportFeature.vm with loader org.apache.velocity.runtime.resource.loader.ClasspathResourceLoader
16:03:53.828 [Test worker] DEBUG org.apache.velocity - ResourceManager : found /templates/headers.vm with loader org.apache.velocity.runtime.resource.loader.ClasspathResourceLoader
16:03:53.828 [Test worker] DEBUG org.apache.velocity - ResourceManager : found /templates/head.vm with loader org.apache.velocity.runtime.resource.loader.ClasspathResourceLoader
16:03:53.828 [Test worker] DEBUG org.apache.velocity - Velocimacro : added VM stringArray: source=/templates/macros/array.js.vm
16:03:53.828 [Test worker] DEBUG org.apache.velocity - Velocimacro : added VM numberArray: source=/templates/macros/array.js.vm
16:03:53.828 [Test worker] DEBUG org.apache.velocity - ResourceManager : found /templates/macros/array.js.vm with loader org.apache.velocity.runtime.resource.loader.ClasspathResourceLoader
16:03:53.828 [Test worker] DEBUG org.apache.velocity - Velocimacro : added VM includeBuildInfo: source=/templates/macros/page/buildinfo.vm
16:03:53.828 [Test worker] DEBUG org.apache.velocity - ResourceManager : found /templates/macros/page/buildinfo.vm with loader org.apache.velocity.runtime.resource.loader.ClasspathResourceLoader
16:03:53.828 [Test worker] DEBUG org.apache.velocity - Velocimacro : added VM includeClassifications: source=/templates/macros/page/classifications.vm
16:03:53.828 [Test worker] DEBUG org.apache.velocity - ResourceManager : found /templates/macros/page/classifications.vm with loader org.apache.velocity.runtime.resource.loader.ClasspathResourceLoader
16:03:53.828 [Test worker] DEBUG org.apache.velocity - Velocimacro : added VM includeLead: source=/templates/macros/page/lead.vm
16:03:53.828 [Test worker] DEBUG org.apache.velocity - ResourceManager : found /templates/macros/page/lead.vm with loader org.apache.velocity.runtime.resource.loader.ClasspathResourceLoader
16:03:53.843 [Test worker] DEBUG org.apache.velocity - Velocimacro : added VM includeNavigation: source=/templates/macros/page/navigation.vm
16:03:53.843 [Test worker] DEBUG org.apache.velocity - ResourceManager : found /templates/macros/page/navigation.vm with loader org.apache.velocity.runtime.resource.loader.ClasspathResourceLoader
16:03:53.843 [Test worker] DEBUG org.apache.velocity - Velocimacro : added VM includeReportInfo: source=/templates/macros/page/reportInfo.vm
16:03:53.843 [Test worker] DEBUG org.apache.velocity - ResourceManager : found /templates/macros/page/reportInfo.vm with loader org.apache.velocity.runtime.resource.loader.ClasspathResourceLoader
16:03:53.843 [Test worker] DEBUG org.apache.velocity - Velocimacro : added VM includeTitle: source=/templates/macros/page/title.vm
16:03:53.843 [Test worker] DEBUG org.apache.velocity - ResourceManager : found /templates/macros/page/title.vm with loader org.apache.velocity.runtime.resource.loader.ClasspathResourceLoader
16:03:53.843 [Test worker] DEBUG org.apache.velocity - Velocimacro : added VM includeExpandingButtons: source=/templates/macros/report/expandAllButtons.vm
16:03:53.843 [Test worker] DEBUG org.apache.velocity - ResourceManager : found /templates/macros/report/expandAllButtons.vm with loader org.apache.velocity.runtime.resource.loader.ClasspathResourceLoader
16:03:53.843 [Test worker] DEBUG org.apache.velocity - Velocimacro : added VM includeReportTable: source=/templates/macros/report/reportTable.vm
16:03:53.843 [Test worker] DEBUG org.apache.velocity - ResourceManager : found /templates/macros/report/reportTable.vm with loader org.apache.velocity.runtime.resource.loader.ClasspathResourceLoader
16:03:53.843 [Test worker] DEBUG org.apache.velocity - Velocimacro : added VM includeReportHeader: source=/templates/macros/report/reportHeader.vm
16:03:53.843 [Test worker] DEBUG org.apache.velocity - ResourceManager : found /templates/macros/report/reportHeader.vm with loader org.apache.velocity.runtime.resource.loader.ClasspathResourceLoader
16:03:53.843 [Test worker] DEBUG org.apache.velocity - Velocimacro : added VM includeStatsTable: source=/templates/macros/report/statsTable.vm
16:03:53.843 [Test worker] DEBUG org.apache.velocity - ResourceManager : found /templates/macros/report/statsTable.vm with loader org.apache.velocity.runtime.resource.loader.ClasspathResourceLoader
16:03:53.859 [Test worker] DEBUG org.apache.velocity - Velocimacro : added VM includeBrief: source=/templates/macros/json/brief.vm
16:03:53.859 [Test worker] DEBUG org.apache.velocity - ResourceManager : found /templates/macros/json/brief.vm with loader org.apache.velocity.runtime.resource.loader.ClasspathResourceLoader
16:03:53.859 [Test worker] DEBUG org.apache.velocity - Velocimacro : added VM includeDocString: source=/templates/macros/json/docstring.vm
16:03:53.859 [Test worker] DEBUG org.apache.velocity - ResourceManager : found /templates/macros/json/docstring.vm with loader org.apache.velocity.runtime.resource.loader.ClasspathResourceLoader
16:03:53.859 [Test worker] DEBUG org.apache.velocity - Velocimacro : added VM includeDuration: source=/templates/macros/json/duration.vm
16:03:53.859 [Test worker] DEBUG org.apache.velocity - ResourceManager : found /templates/macros/json/duration.vm with loader org.apache.velocity.runtime.resource.loader.ClasspathResourceLoader
16:03:53.859 [Test worker] DEBUG org.apache.velocity - Velocimacro : added VM includeElement: source=/templates/macros/json/element.vm
16:03:53.859 [Test worker] DEBUG org.apache.velocity - ResourceManager : found /templates/macros/json/element.vm with loader org.apache.velocity.runtime.resource.loader.ClasspathResourceLoader
16:03:53.859 [Test worker] DEBUG org.apache.velocity - Velocimacro : added VM includeEmbeddings: source=/templates/macros/json/embeddings.vm
16:03:53.859 [Test worker] DEBUG org.apache.velocity - Velocimacro : added VM includeHtmlEmbedding: source=/templates/macros/json/embeddings.vm
16:03:53.859 [Test worker] DEBUG org.apache.velocity - Velocimacro : added VM includeImageEmbedding: source=/templates/macros/json/embeddings.vm
16:03:53.859 [Test worker] DEBUG org.apache.velocity - Velocimacro : added VM includeImageReferenceEmbedding: source=/templates/macros/json/embeddings.vm
16:03:53.859 [Test worker] DEBUG org.apache.velocity - Velocimacro : added VM includeTextEmbedding: source=/templates/macros/json/embeddings.vm
16:03:53.859 [Test worker] DEBUG org.apache.velocity - Velocimacro : added VM includeUnknownEmbedding: source=/templates/macros/json/embeddings.vm
16:03:53.859 [Test worker] DEBUG org.apache.velocity - ResourceManager : found /templates/macros/json/embeddings.vm with loader org.apache.velocity.runtime.resource.loader.ClasspathResourceLoader
16:03:53.859 [Test worker] DEBUG org.apache.velocity - Velocimacro : added VM includeHooks: source=/templates/macros/json/hooks.vm
16:03:53.859 [Test worker] DEBUG org.apache.velocity - ResourceManager : found /templates/macros/json/hooks.vm with loader org.apache.velocity.runtime.resource.loader.ClasspathResourceLoader
16:03:53.859 [Test worker] DEBUG org.apache.velocity - Velocimacro : added VM includeOutput: source=/templates/macros/json/output.vm
16:03:53.859 [Test worker] DEBUG org.apache.velocity - ResourceManager : found /templates/macros/json/output.vm with loader org.apache.velocity.runtime.resource.loader.ClasspathResourceLoader
16:03:53.859 [Test worker] DEBUG org.apache.velocity - Velocimacro : added VM includeMessage: source=/templates/macros/json/message.vm
16:03:53.859 [Test worker] DEBUG org.apache.velocity - ResourceManager : found /templates/macros/json/message.vm with loader org.apache.velocity.runtime.resource.loader.ClasspathResourceLoader
16:03:53.859 [Test worker] DEBUG org.apache.velocity - Velocimacro : added VM includeSteps: source=/templates/macros/json/steps.vm
16:03:53.859 [Test worker] DEBUG org.apache.velocity - ResourceManager : found /templates/macros/json/steps.vm with loader org.apache.velocity.runtime.resource.loader.ClasspathResourceLoader
16:03:53.859 [Test worker] DEBUG org.apache.velocity - Velocimacro : added VM includeTags: source=/templates/macros/json/tags.vm
16:03:53.859 [Test worker] DEBUG org.apache.velocity - ResourceManager : found /templates/macros/json/tags.vm with loader org.apache.velocity.runtime.resource.loader.ClasspathResourceLoader
16:03:53.859 [Test worker] DEBUG org.apache.velocity - VM #includeNavigation: too few arguments to macro. Wanted 1 got 0
16:03:53.859 [Test worker] DEBUG org.apache.velocity - Left side ($active_tab) of '==' operation has null value. If it is a reference, it may not be in the context or its toString() returned null. /templates/macros/page/navigation.vm[line 14, column 51]
16:03:53.859 [Test worker] DEBUG org.apache.velocity - Left side ($active_tab) of '==' operation has null value. If it is a reference, it may not be in the context or its toString() returned null. /templates/macros/page/navigation.vm[line 15, column 51]
16:03:53.859 [Test worker] DEBUG org.apache.velocity - Left side ($active_tab) of '==' operation has null value. If it is a reference, it may not be in the context or its toString() returned null. /templates/macros/page/navigation.vm[line 16, column 51]
16:03:53.859 [Test worker] DEBUG org.apache.velocity - Left side ($active_tab) of '==' operation has null value. If it is a reference, it may not be in the context or its toString() returned null. /templates/macros/page/navigation.vm[line 20, column 51]
16:03:53.859 [Test worker] DEBUG org.apache.velocity - VM #includeLead: too few arguments to macro. Wanted 2 got 1
16:03:53.859 [Test worker] DEBUG org.apache.velocity - VM #includeBrief: too few arguments to macro. Wanted 5 got 3
16:03:53.859 [Test worker] DEBUG org.apache.velocity - VM #includeBrief: too few arguments to macro. Wanted 5 got 4
16:03:53.859 [Test worker] DEBUG org.apache.velocity - VM #includeBrief: too few arguments to macro. Wanted 5 got 4
16:03:53.859 [Test worker] DEBUG org.apache.velocity - VM #includeBrief: too few arguments to macro. Wanted 5 got 4
16:03:53.859 [Test worker] DEBUG org.apache.velocity - VM #includeBrief: too few arguments to macro. Wanted 5 got 4
16:03:53.874 [Test worker] DEBUG org.apache.velocity - ResourceManager : found /templates/footer.vm with loader org.apache.velocity.runtime.resource.loader.ClasspathResourceLoader
16:03:53.874 [Test worker] DEBUG org.apache.velocity - ResourceManager : found templates/generators/reportFeature.vm with loader org.apache.velocity.runtime.resource.loader.ClasspathResourceLoader
16:03:53.874 [Test worker] DEBUG org.apache.velocity - ResourceManager : found /templates/headers.vm with loader org.apache.velocity.runtime.resource.loader.ClasspathResourceLoader
16:03:53.874 [Test worker] DEBUG org.apache.velocity - ResourceManager : found /templates/head.vm with loader org.apache.velocity.runtime.resource.loader.ClasspathResourceLoader
16:03:53.874 [Test worker] DEBUG org.apache.velocity - Velocimacro : added VM stringArray: source=/templates/macros/array.js.vm
16:03:53.874 [Test worker] DEBUG org.apache.velocity - Velocimacro : added VM numberArray: source=/templates/macros/array.js.vm
16:03:53.874 [Test worker] DEBUG org.apache.velocity - ResourceManager : found /templates/macros/array.js.vm with loader org.apache.velocity.runtime.resource.loader.ClasspathResourceLoader
16:03:53.874 [Test worker] DEBUG org.apache.velocity - Velocimacro : added VM includeBuildInfo: source=/templates/macros/page/buildinfo.vm
16:03:53.874 [Test worker] DEBUG org.apache.velocity - ResourceManager : found /templates/macros/page/buildinfo.vm with loader org.apache.velocity.runtime.resource.loader.ClasspathResourceLoader
16:03:53.874 [Test worker] DEBUG org.apache.velocity - Velocimacro : added VM includeClassifications: source=/templates/macros/page/classifications.vm
16:03:53.874 [Test worker] DEBUG org.apache.velocity - ResourceManager : found /templates/macros/page/classifications.vm with loader org.apache.velocity.runtime.resource.loader.ClasspathResourceLoader
16:03:53.874 [Test worker] DEBUG org.apache.velocity - Velocimacro : added VM includeLead: source=/templates/macros/page/lead.vm
16:03:53.874 [Test worker] DEBUG org.apache.velocity - ResourceManager : found /templates/macros/page/lead.vm with loader org.apache.velocity.runtime.resource.loader.ClasspathResourceLoader
16:03:53.874 [Test worker] DEBUG org.apache.velocity - Velocimacro : added VM includeNavigation: source=/templates/macros/page/navigation.vm
16:03:53.874 [Test worker] DEBUG org.apache.velocity - ResourceManager : found /templates/macros/page/navigation.vm with loader org.apache.velocity.runtime.resource.loader.ClasspathResourceLoader
16:03:53.874 [Test worker] DEBUG org.apache.velocity - Velocimacro : added VM includeReportInfo: source=/templates/macros/page/reportInfo.vm
16:03:53.874 [Test worker] DEBUG org.apache.velocity - ResourceManager : found /templates/macros/page/reportInfo.vm with loader org.apache.velocity.runtime.resource.loader.ClasspathResourceLoader
16:03:53.874 [Test worker] DEBUG org.apache.velocity - Velocimacro : added VM includeTitle: source=/templates/macros/page/title.vm
16:03:53.874 [Test worker] DEBUG org.apache.velocity - ResourceManager : found /templates/macros/page/title.vm with loader org.apache.velocity.runtime.resource.loader.ClasspathResourceLoader
16:03:53.874 [Test worker] DEBUG org.apache.velocity - Velocimacro : added VM includeExpandingButtons: source=/templates/macros/report/expandAllButtons.vm
16:03:53.874 [Test worker] DEBUG org.apache.velocity - ResourceManager : found /templates/macros/report/expandAllButtons.vm with loader org.apache.velocity.runtime.resource.loader.ClasspathResourceLoader
16:03:53.874 [Test worker] DEBUG org.apache.velocity - Velocimacro : added VM includeReportTable: source=/templates/macros/report/reportTable.vm
16:03:53.874 [Test worker] DEBUG org.apache.velocity - ResourceManager : found /templates/macros/report/reportTable.vm with loader org.apache.velocity.runtime.resource.loader.ClasspathResourceLoader
16:03:53.874 [Test worker] DEBUG org.apache.velocity - Velocimacro : added VM includeReportHeader: source=/templates/macros/report/reportHeader.vm
16:03:53.874 [Test worker] DEBUG org.apache.velocity - ResourceManager : found /templates/macros/report/reportHeader.vm with loader org.apache.velocity.runtime.resource.loader.ClasspathResourceLoader
16:03:53.874 [Test worker] DEBUG org.apache.velocity - Velocimacro : added VM includeStatsTable: source=/templates/macros/report/statsTable.vm
16:03:53.874 [Test worker] DEBUG org.apache.velocity - ResourceManager : found /templates/macros/report/statsTable.vm with loader org.apache.velocity.runtime.resource.loader.ClasspathResourceLoader
16:03:53.874 [Test worker] DEBUG org.apache.velocity - Velocimacro : added VM includeBrief: source=/templates/macros/json/brief.vm
16:03:53.874 [Test worker] DEBUG org.apache.velocity - ResourceManager : found /templates/macros/json/brief.vm with loader org.apache.velocity.runtime.resource.loader.ClasspathResourceLoader
16:03:53.874 [Test worker] DEBUG org.apache.velocity - Velocimacro : added VM includeDocString: source=/templates/macros/json/docstring.vm
16:03:53.874 [Test worker] DEBUG org.apache.velocity - ResourceManager : found /templates/macros/json/docstring.vm with loader org.apache.velocity.runtime.resource.loader.ClasspathResourceLoader
16:03:53.874 [Test worker] DEBUG org.apache.velocity - Velocimacro : added VM includeDuration: source=/templates/macros/json/duration.vm
16:03:53.874 [Test worker] DEBUG org.apache.velocity - ResourceManager : found /templates/macros/json/duration.vm with loader org.apache.velocity.runtime.resource.loader.ClasspathResourceLoader
16:03:53.874 [Test worker] DEBUG org.apache.velocity - Velocimacro : added VM includeElement: source=/templates/macros/json/element.vm
16:03:53.874 [Test worker] DEBUG org.apache.velocity - ResourceManager : found /templates/macros/json/element.vm with loader org.apache.velocity.runtime.resource.loader.ClasspathResourceLoader
16:03:53.874 [Test worker] DEBUG org.apache.velocity - Velocimacro : added VM includeEmbeddings: source=/templates/macros/json/embeddings.vm
16:03:53.874 [Test worker] DEBUG org.apache.velocity - Velocimacro : added VM includeHtmlEmbedding: source=/templates/macros/json/embeddings.vm
16:03:53.874 [Test worker] DEBUG org.apache.velocity - Velocimacro : added VM includeImageEmbedding: source=/templates/macros/json/embeddings.vm
16:03:53.874 [Test worker] DEBUG org.apache.velocity - Velocimacro : added VM includeImageReferenceEmbedding: source=/templates/macros/json/embeddings.vm
16:03:53.874 [Test worker] DEBUG org.apache.velocity - Velocimacro : added VM includeTextEmbedding: source=/templates/macros/json/embeddings.vm
16:03:53.874 [Test worker] DEBUG org.apache.velocity - Velocimacro : added VM includeUnknownEmbedding: source=/templates/macros/json/embeddings.vm
16:03:53.874 [Test worker] DEBUG org.apache.velocity - ResourceManager : found /templates/macros/json/embeddings.vm with loader org.apache.velocity.runtime.resource.loader.ClasspathResourceLoader
16:03:53.874 [Test worker] DEBUG org.apache.velocity - Velocimacro : added VM includeHooks: source=/templates/macros/json/hooks.vm
16:03:53.874 [Test worker] DEBUG org.apache.velocity - ResourceManager : found /templates/macros/json/hooks.vm with loader org.apache.velocity.runtime.resource.loader.ClasspathResourceLoader
16:03:53.874 [Test worker] DEBUG org.apache.velocity - Velocimacro : added VM includeOutput: source=/templates/macros/json/output.vm
16:03:53.874 [Test worker] DEBUG org.apache.velocity - ResourceManager : found /templates/macros/json/output.vm with loader org.apache.velocity.runtime.resource.loader.ClasspathResourceLoader
16:03:53.874 [Test worker] DEBUG org.apache.velocity - Velocimacro : added VM includeMessage: source=/templates/macros/json/message.vm
16:03:53.874 [Test worker] DEBUG org.apache.velocity - ResourceManager : found /templates/macros/json/message.vm with loader org.apache.velocity.runtime.resource.loader.ClasspathResourceLoader
16:03:53.890 [Test worker] DEBUG org.apache.velocity - Velocimacro : added VM includeSteps: source=/templates/macros/json/steps.vm
16:03:53.890 [Test worker] DEBUG org.apache.velocity - ResourceManager : found /templates/macros/json/steps.vm with loader org.apache.velocity.runtime.resource.loader.ClasspathResourceLoader
16:03:53.890 [Test worker] DEBUG org.apache.velocity - Velocimacro : added VM includeTags: source=/templates/macros/json/tags.vm
16:03:53.890 [Test worker] DEBUG org.apache.velocity - ResourceManager : found /templates/macros/json/tags.vm with loader org.apache.velocity.runtime.resource.loader.ClasspathResourceLoader
16:03:53.890 [Test worker] DEBUG org.apache.velocity - VM #includeNavigation: too few arguments to macro. Wanted 1 got 0
16:03:53.890 [Test worker] DEBUG org.apache.velocity - Left side ($active_tab) of '==' operation has null value. If it is a reference, it may not be in the context or its toString() returned null. /templates/macros/page/navigation.vm[line 14, column 51]
16:03:53.890 [Test worker] DEBUG org.apache.velocity - Left side ($active_tab) of '==' operation has null value. If it is a reference, it may not be in the context or its toString() returned null. /templates/macros/page/navigation.vm[line 15, column 51]
16:03:53.890 [Test worker] DEBUG org.apache.velocity - Left side ($active_tab) of '==' operation has null value. If it is a reference, it may not be in the context or its toString() returned null. /templates/macros/page/navigation.vm[line 16, column 51]
16:03:53.890 [Test worker] DEBUG org.apache.velocity - Left side ($active_tab) of '==' operation has null value. If it is a reference, it may not be in the context or its toString() returned null. /templates/macros/page/navigation.vm[line 20, column 51]
16:03:53.890 [Test worker] DEBUG org.apache.velocity - VM #includeLead: too few arguments to macro. Wanted 2 got 1
16:03:53.890 [Test worker] DEBUG org.apache.velocity - VM #includeBrief: too few arguments to macro. Wanted 5 got 3
16:03:53.890 [Test worker] DEBUG org.apache.velocity - VM #includeBrief: too few arguments to macro. Wanted 5 got 4
16:03:53.890 [Test worker] DEBUG org.apache.velocity - VM #includeBrief: too few arguments to macro. Wanted 5 got 4
16:03:53.890 [Test worker] DEBUG org.apache.velocity - ResourceManager : found /templates/footer.vm with loader org.apache.velocity.runtime.resource.loader.ClasspathResourceLoader
16:03:53.890 [Test worker] DEBUG org.apache.velocity - ResourceManager : found templates/generators/reportFeature.vm with loader org.apache.velocity.runtime.resource.loader.ClasspathResourceLoader
16:03:53.890 [Test worker] DEBUG org.apache.velocity - ResourceManager : found /templates/headers.vm with loader org.apache.velocity.runtime.resource.loader.ClasspathResourceLoader
16:03:53.890 [Test worker] DEBUG org.apache.velocity - ResourceManager : found /templates/head.vm with loader org.apache.velocity.runtime.resource.loader.ClasspathResourceLoader
16:03:53.890 [Test worker] DEBUG org.apache.velocity - Velocimacro : added VM stringArray: source=/templates/macros/array.js.vm
16:03:53.890 [Test worker] DEBUG org.apache.velocity - Velocimacro : added VM numberArray: source=/templates/macros/array.js.vm
16:03:53.890 [Test worker] DEBUG org.apache.velocity - ResourceManager : found /templates/macros/array.js.vm with loader org.apache.velocity.runtime.resource.loader.ClasspathResourceLoader
16:03:53.890 [Test worker] DEBUG org.apache.velocity - Velocimacro : added VM includeBuildInfo: source=/templates/macros/page/buildinfo.vm
16:03:53.890 [Test worker] DEBUG org.apache.velocity - ResourceManager : found /templates/macros/page/buildinfo.vm with loader org.apache.velocity.runtime.resource.loader.ClasspathResourceLoader
16:03:53.890 [Test worker] DEBUG org.apache.velocity - Velocimacro : added VM includeClassifications: source=/templates/macros/page/classifications.vm
16:03:53.890 [Test worker] DEBUG org.apache.velocity - ResourceManager : found /templates/macros/page/classifications.vm with loader org.apache.velocity.runtime.resource.loader.ClasspathResourceLoader
16:03:53.890 [Test worker] DEBUG org.apache.velocity - Velocimacro : added VM includeLead: source=/templates/macros/page/lead.vm
16:03:53.890 [Test worker] DEBUG org.apache.velocity - ResourceManager : found /templates/macros/page/lead.vm with loader org.apache.velocity.runtime.resource.loader.ClasspathResourceLoader
16:03:53.890 [Test worker] DEBUG org.apache.velocity - Velocimacro : added VM includeNavigation: source=/templates/macros/page/navigation.vm
16:03:53.890 [Test worker] DEBUG org.apache.velocity - ResourceManager : found /templates/macros/page/navigation.vm with loader org.apache.velocity.runtime.resource.loader.ClasspathResourceLoader
16:03:53.890 [Test worker] DEBUG org.apache.velocity - Velocimacro : added VM includeReportInfo: source=/templates/macros/page/reportInfo.vm
16:03:53.890 [Test worker] DEBUG org.apache.velocity - ResourceManager : found /templates/macros/page/reportInfo.vm with loader org.apache.velocity.runtime.resource.loader.ClasspathResourceLoader
16:03:53.890 [Test worker] DEBUG org.apache.velocity - Velocimacro : added VM includeTitle: source=/templates/macros/page/title.vm
16:03:53.890 [Test worker] DEBUG org.apache.velocity - ResourceManager : found /templates/macros/page/title.vm with loader org.apache.velocity.runtime.resource.loader.ClasspathResourceLoader
16:03:53.890 [Test worker] DEBUG org.apache.velocity - Velocimacro : added VM includeExpandingButtons: source=/templates/macros/report/expandAllButtons.vm
16:03:53.890 [Test worker] DEBUG org.apache.velocity - ResourceManager : found /templates/macros/report/expandAllButtons.vm with loader org.apache.velocity.runtime.resource.loader.ClasspathResourceLoader
16:03:53.890 [Test worker] DEBUG org.apache.velocity - Velocimacro : added VM includeReportTable: source=/templates/macros/report/reportTable.vm
16:03:53.890 [Test worker] DEBUG org.apache.velocity - ResourceManager : found /templates/macros/report/reportTable.vm with loader org.apache.velocity.runtime.resource.loader.ClasspathResourceLoader
16:03:53.890 [Test worker] DEBUG org.apache.velocity - Velocimacro : added VM includeReportHeader: source=/templates/macros/report/reportHeader.vm
16:03:53.890 [Test worker] DEBUG org.apache.velocity - ResourceManager : found /templates/macros/report/reportHeader.vm with loader org.apache.velocity.runtime.resource.loader.ClasspathResourceLoader
16:03:53.890 [Test worker] DEBUG org.apache.velocity - Velocimacro : added VM includeStatsTable: source=/templates/macros/report/statsTable.vm
16:03:53.890 [Test worker] DEBUG org.apache.velocity - ResourceManager : found /templates/macros/report/statsTable.vm with loader org.apache.velocity.runtime.resource.loader.ClasspathResourceLoader
16:03:53.890 [Test worker] DEBUG org.apache.velocity - Velocimacro : added VM includeBrief: source=/templates/macros/json/brief.vm
16:03:53.890 [Test worker] DEBUG org.apache.velocity - ResourceManager : found /templates/macros/json/brief.vm with loader org.apache.velocity.runtime.resource.loader.ClasspathResourceLoader
16:03:53.890 [Test worker] DEBUG org.apache.velocity - Velocimacro : added VM includeDocString: source=/templates/macros/json/docstring.vm
16:03:53.890 [Test worker] DEBUG org.apache.velocity - ResourceManager : found /templates/macros/json/docstring.vm with loader org.apache.velocity.runtime.resource.loader.ClasspathResourceLoader
16:03:53.890 [Test worker] DEBUG org.apache.velocity - Velocimacro : added VM includeDuration: source=/templates/macros/json/duration.vm
16:03:53.890 [Test worker] DEBUG org.apache.velocity - ResourceManager : found /templates/macros/json/duration.vm with loader org.apache.velocity.runtime.resource.loader.ClasspathResourceLoader
16:03:53.906 [Test worker] DEBUG org.apache.velocity - Velocimacro : added VM includeElement: source=/templates/macros/json/element.vm
16:03:53.906 [Test worker] DEBUG org.apache.velocity - ResourceManager : found /templates/macros/json/element.vm with loader org.apache.velocity.runtime.resource.loader.ClasspathResourceLoader
16:03:53.906 [Test worker] DEBUG org.apache.velocity - Velocimacro : added VM includeEmbeddings: source=/templates/macros/json/embeddings.vm
16:03:53.906 [Test worker] DEBUG org.apache.velocity - Velocimacro : added VM includeHtmlEmbedding: source=/templates/macros/json/embeddings.vm
16:03:53.906 [Test worker] DEBUG org.apache.velocity - Velocimacro : added VM includeImageEmbedding: source=/templates/macros/json/embeddings.vm
16:03:53.906 [Test worker] DEBUG org.apache.velocity - Velocimacro : added VM includeImageReferenceEmbedding: source=/templates/macros/json/embeddings.vm
16:03:53.906 [Test worker] DEBUG org.apache.velocity - Velocimacro : added VM includeTextEmbedding: source=/templates/macros/json/embeddings.vm
16:03:53.906 [Test worker] DEBUG org.apache.velocity - Velocimacro : added VM includeUnknownEmbedding: source=/templates/macros/json/embeddings.vm
16:03:53.906 [Test worker] DEBUG org.apache.velocity - ResourceManager : found /templates/macros/json/embeddings.vm with loader org.apache.velocity.runtime.resource.loader.ClasspathResourceLoader
16:03:53.906 [Test worker] DEBUG org.apache.velocity - Velocimacro : added VM includeHooks: source=/templates/macros/json/hooks.vm
16:03:53.906 [Test worker] DEBUG org.apache.velocity - ResourceManager : found /templates/macros/json/hooks.vm with loader org.apache.velocity.runtime.resource.loader.ClasspathResourceLoader
16:03:53.906 [Test worker] DEBUG org.apache.velocity - Velocimacro : added VM includeOutput: source=/templates/macros/json/output.vm
16:03:53.906 [Test worker] DEBUG org.apache.velocity - ResourceManager : found /templates/macros/json/output.vm with loader org.apache.velocity.runtime.resource.loader.ClasspathResourceLoader
16:03:53.906 [Test worker] DEBUG org.apache.velocity - Velocimacro : added VM includeMessage: source=/templates/macros/json/message.vm
16:03:53.906 [Test worker] DEBUG org.apache.velocity - ResourceManager : found /templates/macros/json/message.vm with loader org.apache.velocity.runtime.resource.loader.ClasspathResourceLoader
16:03:53.906 [Test worker] DEBUG org.apache.velocity - Velocimacro : added VM includeSteps: source=/templates/macros/json/steps.vm
16:03:53.906 [Test worker] DEBUG org.apache.velocity - ResourceManager : found /templates/macros/json/steps.vm with loader org.apache.velocity.runtime.resource.loader.ClasspathResourceLoader
16:03:53.906 [Test worker] DEBUG org.apache.velocity - Velocimacro : added VM includeTags: source=/templates/macros/json/tags.vm
16:03:53.906 [Test worker] DEBUG org.apache.velocity - ResourceManager : found /templates/macros/json/tags.vm with loader org.apache.velocity.runtime.resource.loader.ClasspathResourceLoader
16:03:53.906 [Test worker] DEBUG org.apache.velocity - VM #includeNavigation: too few arguments to macro. Wanted 1 got 0
16:03:53.906 [Test worker] DEBUG org.apache.velocity - Left side ($active_tab) of '==' operation has null value. If it is a reference, it may not be in the context or its toString() returned null. /templates/macros/page/navigation.vm[line 14, column 51]
16:03:53.906 [Test worker] DEBUG org.apache.velocity - Left side ($active_tab) of '==' operation has null value. If it is a reference, it may not be in the context or its toString() returned null. /templates/macros/page/navigation.vm[line 15, column 51]
16:03:53.906 [Test worker] DEBUG org.apache.velocity - Left side ($active_tab) of '==' operation has null value. If it is a reference, it may not be in the context or its toString() returned null. /templates/macros/page/navigation.vm[line 16, column 51]
16:03:53.906 [Test worker] DEBUG org.apache.velocity - Left side ($active_tab) of '==' operation has null value. If it is a reference, it may not be in the context or its toString() returned null. /templates/macros/page/navigation.vm[line 20, column 51]
16:03:53.906 [Test worker] DEBUG org.apache.velocity - VM #includeLead: too few arguments to macro. Wanted 2 got 1
16:03:53.906 [Test worker] DEBUG org.apache.velocity - VM #includeBrief: too few arguments to macro. Wanted 5 got 3
16:03:53.906 [Test worker] DEBUG org.apache.velocity - VM #includeBrief: too few arguments to macro. Wanted 5 got 4
16:03:53.906 [Test worker] DEBUG org.apache.velocity - VM #includeBrief: too few arguments to macro. Wanted 5 got 4
16:03:53.906 [Test worker] DEBUG org.apache.velocity - VM #includeBrief: too few arguments to macro. Wanted 5 got 4
16:03:53.906 [Test worker] DEBUG org.apache.velocity - VM #includeBrief: too few arguments to macro. Wanted 5 got 4
16:03:53.906 [Test worker] DEBUG org.apache.velocity - VM #includeBrief: too few arguments to macro. Wanted 5 got 4
16:03:53.906 [Test worker] DEBUG org.apache.velocity - VM #includeBrief: too few arguments to macro. Wanted 5 got 4
16:03:53.906 [Test worker] DEBUG org.apache.velocity - VM #includeBrief: too few arguments to macro. Wanted 5 got 4
16:03:53.906 [Test worker] DEBUG org.apache.velocity - VM #includeBrief: too few arguments to macro. Wanted 5 got 4
16:03:53.906 [Test worker] DEBUG org.apache.velocity - ResourceManager : found /templates/footer.vm with loader org.apache.velocity.runtime.resource.loader.ClasspathResourceLoader
16:03:53.906 [Test worker] DEBUG org.apache.velocity - ResourceManager : found templates/generators/reportFeature.vm with loader org.apache.velocity.runtime.resource.loader.ClasspathResourceLoader
16:03:53.906 [Test worker] DEBUG org.apache.velocity - ResourceManager : found /templates/headers.vm with loader org.apache.velocity.runtime.resource.loader.ClasspathResourceLoader
16:03:53.906 [Test worker] DEBUG org.apache.velocity - ResourceManager : found /templates/head.vm with loader org.apache.velocity.runtime.resource.loader.ClasspathResourceLoader
16:03:53.906 [Test worker] DEBUG org.apache.velocity - Velocimacro : added VM stringArray: source=/templates/macros/array.js.vm
16:03:53.906 [Test worker] DEBUG org.apache.velocity - Velocimacro : added VM numberArray: source=/templates/macros/array.js.vm
16:03:53.906 [Test worker] DEBUG org.apache.velocity - ResourceManager : found /templates/macros/array.js.vm with loader org.apache.velocity.runtime.resource.loader.ClasspathResourceLoader
16:03:53.906 [Test worker] DEBUG org.apache.velocity - Velocimacro : added VM includeBuildInfo: source=/templates/macros/page/buildinfo.vm
16:03:53.906 [Test worker] DEBUG org.apache.velocity - ResourceManager : found /templates/macros/page/buildinfo.vm with loader org.apache.velocity.runtime.resource.loader.ClasspathResourceLoader
16:03:53.906 [Test worker] DEBUG org.apache.velocity - Velocimacro : added VM includeClassifications: source=/templates/macros/page/classifications.vm
16:03:53.906 [Test worker] DEBUG org.apache.velocity - ResourceManager : found /templates/macros/page/classifications.vm with loader org.apache.velocity.runtime.resource.loader.ClasspathResourceLoader
16:03:53.921 [Test worker] DEBUG org.apache.velocity - Velocimacro : added VM includeLead: source=/templates/macros/page/lead.vm
16:03:53.921 [Test worker] DEBUG org.apache.velocity - ResourceManager : found /templates/macros/page/lead.vm with loader org.apache.velocity.runtime.resource.loader.ClasspathResourceLoader
16:03:53.921 [Test worker] DEBUG org.apache.velocity - Velocimacro : added VM includeNavigation: source=/templates/macros/page/navigation.vm
16:03:53.921 [Test worker] DEBUG org.apache.velocity - ResourceManager : found /templates/macros/page/navigation.vm with loader org.apache.velocity.runtime.resource.loader.ClasspathResourceLoader
16:03:53.921 [Test worker] DEBUG org.apache.velocity - Velocimacro : added VM includeReportInfo: source=/templates/macros/page/reportInfo.vm
16:03:53.921 [Test worker] DEBUG org.apache.velocity - ResourceManager : found /templates/macros/page/reportInfo.vm with loader org.apache.velocity.runtime.resource.loader.ClasspathResourceLoader
16:03:53.921 [Test worker] DEBUG org.apache.velocity - Velocimacro : added VM includeTitle: source=/templates/macros/page/title.vm
16:03:53.921 [Test worker] DEBUG org.apache.velocity - ResourceManager : found /templates/macros/page/title.vm with loader org.apache.velocity.runtime.resource.loader.ClasspathResourceLoader
16:03:53.921 [Test worker] DEBUG org.apache.velocity - Velocimacro : added VM includeExpandingButtons: source=/templates/macros/report/expandAllButtons.vm
16:03:53.921 [Test worker] DEBUG org.apache.velocity - ResourceManager : found /templates/macros/report/expandAllButtons.vm with loader org.apache.velocity.runtime.resource.loader.ClasspathResourceLoader
16:03:53.921 [Test worker] DEBUG org.apache.velocity - Velocimacro : added VM includeReportTable: source=/templates/macros/report/reportTable.vm
16:03:53.921 [Test worker] DEBUG org.apache.velocity - ResourceManager : found /templates/macros/report/reportTable.vm with loader org.apache.velocity.runtime.resource.loader.ClasspathResourceLoader
16:03:53.921 [Test worker] DEBUG org.apache.velocity - Velocimacro : added VM includeReportHeader: source=/templates/macros/report/reportHeader.vm
16:03:53.921 [Test worker] DEBUG org.apache.velocity - ResourceManager : found /templates/macros/report/reportHeader.vm with loader org.apache.velocity.runtime.resource.loader.ClasspathResourceLoader
16:03:53.921 [Test worker] DEBUG org.apache.velocity - Velocimacro : added VM includeStatsTable: source=/templates/macros/report/statsTable.vm
16:03:53.921 [Test worker] DEBUG org.apache.velocity - ResourceManager : found /templates/macros/report/statsTable.vm with loader org.apache.velocity.runtime.resource.loader.ClasspathResourceLoader
16:03:53.921 [Test worker] DEBUG org.apache.velocity - Velocimacro : added VM includeBrief: source=/templates/macros/json/brief.vm
16:03:53.921 [Test worker] DEBUG org.apache.velocity - ResourceManager : found /templates/macros/json/brief.vm with loader org.apache.velocity.runtime.resource.loader.ClasspathResourceLoader
16:03:53.921 [Test worker] DEBUG org.apache.velocity - Velocimacro : added VM includeDocString: source=/templates/macros/json/docstring.vm
16:03:53.921 [Test worker] DEBUG org.apache.velocity - ResourceManager : found /templates/macros/json/docstring.vm with loader org.apache.velocity.runtime.resource.loader.ClasspathResourceLoader
16:03:53.921 [Test worker] DEBUG org.apache.velocity - Velocimacro : added VM includeDuration: source=/templates/macros/json/duration.vm
16:03:53.921 [Test worker] DEBUG org.apache.velocity - ResourceManager : found /templates/macros/json/duration.vm with loader org.apache.velocity.runtime.resource.loader.ClasspathResourceLoader
16:03:53.921 [Test worker] DEBUG org.apache.velocity - Velocimacro : added VM includeElement: source=/templates/macros/json/element.vm
16:03:53.921 [Test worker] DEBUG org.apache.velocity - ResourceManager : found /templates/macros/json/element.vm with loader org.apache.velocity.runtime.resource.loader.ClasspathResourceLoader
16:03:53.921 [Test worker] DEBUG org.apache.velocity - Velocimacro : added VM includeEmbeddings: source=/templates/macros/json/embeddings.vm
16:03:53.921 [Test worker] DEBUG org.apache.velocity - Velocimacro : added VM includeHtmlEmbedding: source=/templates/macros/json/embeddings.vm
16:03:53.921 [Test worker] DEBUG org.apache.velocity - Velocimacro : added VM includeImageEmbedding: source=/templates/macros/json/embeddings.vm
16:03:53.921 [Test worker] DEBUG org.apache.velocity - Velocimacro : added VM includeImageReferenceEmbedding: source=/templates/macros/json/embeddings.vm
16:03:53.921 [Test worker] DEBUG org.apache.velocity - Velocimacro : added VM includeTextEmbedding: source=/templates/macros/json/embeddings.vm
16:03:53.921 [Test worker] DEBUG org.apache.velocity - Velocimacro : added VM includeUnknownEmbedding: source=/templates/macros/json/embeddings.vm
16:03:53.921 [Test worker] DEBUG org.apache.velocity - ResourceManager : found /templates/macros/json/embeddings.vm with loader org.apache.velocity.runtime.resource.loader.ClasspathResourceLoader
16:03:53.921 [Test worker] DEBUG org.apache.velocity - Velocimacro : added VM includeHooks: source=/templates/macros/json/hooks.vm
16:03:53.921 [Test worker] DEBUG org.apache.velocity - ResourceManager : found /templates/macros/json/hooks.vm with loader org.apache.velocity.runtime.resource.loader.ClasspathResourceLoader
16:03:53.921 [Test worker] DEBUG org.apache.velocity - Velocimacro : added VM includeOutput: source=/templates/macros/json/output.vm
16:03:53.921 [Test worker] DEBUG org.apache.velocity - ResourceManager : found /templates/macros/json/output.vm with loader org.apache.velocity.runtime.resource.loader.ClasspathResourceLoader
16:03:53.921 [Test worker] DEBUG org.apache.velocity - Velocimacro : added VM includeMessage: source=/templates/macros/json/message.vm
16:03:53.921 [Test worker] DEBUG org.apache.velocity - ResourceManager : found /templates/macros/json/message.vm with loader org.apache.velocity.runtime.resource.loader.ClasspathResourceLoader
16:03:53.921 [Test worker] DEBUG org.apache.velocity - Velocimacro : added VM includeSteps: source=/templates/macros/json/steps.vm
16:03:53.921 [Test worker] DEBUG org.apache.velocity - ResourceManager : found /templates/macros/json/steps.vm with loader org.apache.velocity.runtime.resource.loader.ClasspathResourceLoader
16:03:53.921 [Test worker] DEBUG org.apache.velocity - Velocimacro : added VM includeTags: source=/templates/macros/json/tags.vm
16:03:53.921 [Test worker] DEBUG org.apache.velocity - ResourceManager : found /templates/macros/json/tags.vm with loader org.apache.velocity.runtime.resource.loader.ClasspathResourceLoader
16:03:53.921 [Test worker] DEBUG org.apache.velocity - VM #includeNavigation: too few arguments to macro. Wanted 1 got 0
16:03:53.921 [Test worker] DEBUG org.apache.velocity - Left side ($active_tab) of '==' operation has null value. If it is a reference, it may not be in the context or its toString() returned null. /templates/macros/page/navigation.vm[line 14, column 51]
16:03:53.921 [Test worker] DEBUG org.apache.velocity - Left side ($active_tab) of '==' operation has null value. If it is a reference, it may not be in the context or its toString() returned null. /templates/macros/page/navigation.vm[line 15, column 51]
16:03:53.921 [Test worker] DEBUG org.apache.velocity - Left side ($active_tab) of '==' operation has null value. If it is a reference, it may not be in the context or its toString() returned null. /templates/macros/page/navigation.vm[line 16, column 51]
16:03:53.921 [Test worker] DEBUG org.apache.velocity - Left side ($active_tab) of '==' operation has null value. If it is a reference, it may not be in the context or its toString() returned null. /templates/macros/page/navigation.vm[line 20, column 51]
16:03:53.921 [Test worker] DEBUG org.apache.velocity - VM #includeLead: too few arguments to macro. Wanted 2 got 1
16:03:53.921 [Test worker] DEBUG org.apache.velocity - VM #includeBrief: too few arguments to macro. Wanted 5 got 3
16:03:53.921 [Test worker] DEBUG org.apache.velocity - VM #includeBrief: too few arguments to macro. Wanted 5 got 4
16:03:53.921 [Test worker] DEBUG org.apache.velocity - VM #includeBrief: too few arguments to macro. Wanted 5 got 4
16:03:53.921 [Test worker] DEBUG org.apache.velocity - ResourceManager : found /templates/footer.vm with loader org.apache.velocity.runtime.resource.loader.ClasspathResourceLoader
16:03:53.921 [Test worker] DEBUG org.apache.velocity - ResourceManager : found templates/generators/reportFeature.vm with loader org.apache.velocity.runtime.resource.loader.ClasspathResourceLoader
16:03:53.937 [Test worker] DEBUG org.apache.velocity - ResourceManager : found /templates/headers.vm with loader org.apache.velocity.runtime.resource.loader.ClasspathResourceLoader
16:03:53.937 [Test worker] DEBUG org.apache.velocity - ResourceManager : found /templates/head.vm with loader org.apache.velocity.runtime.resource.loader.ClasspathResourceLoader
16:03:53.937 [Test worker] DEBUG org.apache.velocity - Velocimacro : added VM stringArray: source=/templates/macros/array.js.vm
16:03:53.937 [Test worker] DEBUG org.apache.velocity - Velocimacro : added VM numberArray: source=/templates/macros/array.js.vm
16:03:53.937 [Test worker] DEBUG org.apache.velocity - ResourceManager : found /templates/macros/array.js.vm with loader org.apache.velocity.runtime.resource.loader.ClasspathResourceLoader
16:03:53.937 [Test worker] DEBUG org.apache.velocity - Velocimacro : added VM includeBuildInfo: source=/templates/macros/page/buildinfo.vm
16:03:53.937 [Test worker] DEBUG org.apache.velocity - ResourceManager : found /templates/macros/page/buildinfo.vm with loader org.apache.velocity.runtime.resource.loader.ClasspathResourceLoader
16:03:53.937 [Test worker] DEBUG org.apache.velocity - Velocimacro : added VM includeClassifications: source=/templates/macros/page/classifications.vm
16:03:53.937 [Test worker] DEBUG org.apache.velocity - ResourceManager : found /templates/macros/page/classifications.vm with loader org.apache.velocity.runtime.resource.loader.ClasspathResourceLoader
16:03:53.937 [Test worker] DEBUG org.apache.velocity - Velocimacro : added VM includeLead: source=/templates/macros/page/lead.vm
16:03:53.937 [Test worker] DEBUG org.apache.velocity - ResourceManager : found /templates/macros/page/lead.vm with loader org.apache.velocity.runtime.resource.loader.ClasspathResourceLoader
16:03:53.937 [Test worker] DEBUG org.apache.velocity - Velocimacro : added VM includeNavigation: source=/templates/macros/page/navigation.vm
16:03:53.937 [Test worker] DEBUG org.apache.velocity - ResourceManager : found /templates/macros/page/navigation.vm with loader org.apache.velocity.runtime.resource.loader.ClasspathResourceLoader
16:03:53.937 [Test worker] DEBUG org.apache.velocity - Velocimacro : added VM includeReportInfo: source=/templates/macros/page/reportInfo.vm
16:03:53.937 [Test worker] DEBUG org.apache.velocity - ResourceManager : found /templates/macros/page/reportInfo.vm with loader org.apache.velocity.runtime.resource.loader.ClasspathResourceLoader
16:03:53.937 [Test worker] DEBUG org.apache.velocity - Velocimacro : added VM includeTitle: source=/templates/macros/page/title.vm
16:03:53.937 [Test worker] DEBUG org.apache.velocity - ResourceManager : found /templates/macros/page/title.vm with loader org.apache.velocity.runtime.resource.loader.ClasspathResourceLoader
16:03:53.937 [Test worker] DEBUG org.apache.velocity - Velocimacro : added VM includeExpandingButtons: source=/templates/macros/report/expandAllButtons.vm
16:03:53.937 [Test worker] DEBUG org.apache.velocity - ResourceManager : found /templates/macros/report/expandAllButtons.vm with loader org.apache.velocity.runtime.resource.loader.ClasspathResourceLoader
16:03:53.937 [Test worker] DEBUG org.apache.velocity - Velocimacro : added VM includeReportTable: source=/templates/macros/report/reportTable.vm
16:03:53.937 [Test worker] DEBUG org.apache.velocity - ResourceManager : found /templates/macros/report/reportTable.vm with loader org.apache.velocity.runtime.resource.loader.ClasspathResourceLoader
16:03:53.937 [Test worker] DEBUG org.apache.velocity - Velocimacro : added VM includeReportHeader: source=/templates/macros/report/reportHeader.vm
16:03:53.937 [Test worker] DEBUG org.apache.velocity - ResourceManager : found /templates/macros/report/reportHeader.vm with loader org.apache.velocity.runtime.resource.loader.ClasspathResourceLoader
16:03:53.937 [Test worker] DEBUG org.apache.velocity - Velocimacro : added VM includeStatsTable: source=/templates/macros/report/statsTable.vm
16:03:53.937 [Test worker] DEBUG org.apache.velocity - ResourceManager : found /templates/macros/report/statsTable.vm with loader org.apache.velocity.runtime.resource.loader.ClasspathResourceLoader
16:03:53.937 [Test worker] DEBUG org.apache.velocity - Velocimacro : added VM includeBrief: source=/templates/macros/json/brief.vm
16:03:53.937 [Test worker] DEBUG org.apache.velocity - ResourceManager : found /templates/macros/json/brief.vm with loader org.apache.velocity.runtime.resource.loader.ClasspathResourceLoader
16:03:53.937 [Test worker] DEBUG org.apache.velocity - Velocimacro : added VM includeDocString: source=/templates/macros/json/docstring.vm
16:03:53.937 [Test worker] DEBUG org.apache.velocity - ResourceManager : found /templates/macros/json/docstring.vm with loader org.apache.velocity.runtime.resource.loader.ClasspathResourceLoader
16:03:53.937 [Test worker] DEBUG org.apache.velocity - Velocimacro : added VM includeDuration: source=/templates/macros/json/duration.vm
16:03:53.937 [Test worker] DEBUG org.apache.velocity - ResourceManager : found /templates/macros/json/duration.vm with loader org.apache.velocity.runtime.resource.loader.ClasspathResourceLoader
16:03:53.937 [Test worker] DEBUG org.apache.velocity - Velocimacro : added VM includeElement: source=/templates/macros/json/element.vm
16:03:53.937 [Test worker] DEBUG org.apache.velocity - ResourceManager : found /templates/macros/json/element.vm with loader org.apache.velocity.runtime.resource.loader.ClasspathResourceLoader
16:03:53.937 [Test worker] DEBUG org.apache.velocity - Velocimacro : added VM includeEmbeddings: source=/templates/macros/json/embeddings.vm
16:03:53.937 [Test worker] DEBUG org.apache.velocity - Velocimacro : added VM includeHtmlEmbedding: source=/templates/macros/json/embeddings.vm
16:03:53.937 [Test worker] DEBUG org.apache.velocity - Velocimacro : added VM includeImageEmbedding: source=/templates/macros/json/embeddings.vm
16:03:53.937 [Test worker] DEBUG org.apache.velocity - Velocimacro : added VM includeImageReferenceEmbedding: source=/templates/macros/json/embeddings.vm
16:03:53.937 [Test worker] DEBUG org.apache.velocity - Velocimacro : added VM includeTextEmbedding: source=/templates/macros/json/embeddings.vm
16:03:53.937 [Test worker] DEBUG org.apache.velocity - Velocimacro : added VM includeUnknownEmbedding: source=/templates/macros/json/embeddings.vm
16:03:53.937 [Test worker] DEBUG org.apache.velocity - ResourceManager : found /templates/macros/json/embeddings.vm with loader org.apache.velocity.runtime.resource.loader.ClasspathResourceLoader
16:03:53.937 [Test worker] DEBUG org.apache.velocity - Velocimacro : added VM includeHooks: source=/templates/macros/json/hooks.vm
16:03:53.937 [Test worker] DEBUG org.apache.velocity - ResourceManager : found /templates/macros/json/hooks.vm with loader org.apache.velocity.runtime.resource.loader.ClasspathResourceLoader
16:03:53.937 [Test worker] DEBUG org.apache.velocity - Velocimacro : added VM includeOutput: source=/templates/macros/json/output.vm
16:03:53.937 [Test worker] DEBUG org.apache.velocity - ResourceManager : found /templates/macros/json/output.vm with loader org.apache.velocity.runtime.resource.loader.ClasspathResourceLoader
16:03:53.937 [Test worker] DEBUG org.apache.velocity - Velocimacro : added VM includeMessage: source=/templates/macros/json/message.vm
16:03:53.937 [Test worker] DEBUG org.apache.velocity - ResourceManager : found /templates/macros/json/message.vm with loader org.apache.velocity.runtime.resource.loader.ClasspathResourceLoader
16:03:53.937 [Test worker] DEBUG org.apache.velocity - Velocimacro : added VM includeSteps: source=/templates/macros/json/steps.vm
16:03:53.937 [Test worker] DEBUG org.apache.velocity - ResourceManager : found /templates/macros/json/steps.vm with loader org.apache.velocity.runtime.resource.loader.ClasspathResourceLoader
16:03:53.937 [Test worker] DEBUG org.apache.velocity - Velocimacro : added VM includeTags: source=/templates/macros/json/tags.vm
16:03:53.937 [Test worker] DEBUG org.apache.velocity - ResourceManager : found /templates/macros/json/tags.vm with loader org.apache.velocity.runtime.resource.loader.ClasspathResourceLoader
16:03:53.937 [Test worker] DEBUG org.apache.velocity - VM #includeNavigation: too few arguments to macro. Wanted 1 got 0
16:03:53.937 [Test worker] DEBUG org.apache.velocity - Left side ($active_tab) of '==' operation has null value. If it is a reference, it may not be in the context or its toString() returned null. /templates/macros/page/navigation.vm[line 14, column 51]
16:03:53.937 [Test worker] DEBUG org.apache.velocity - Left side ($active_tab) of '==' operation has null value. If it is a reference, it may not be in the context or its toString() returned null. /templates/macros/page/navigation.vm[line 15, column 51]
16:03:53.953 [Test worker] DEBUG org.apache.velocity - Left side ($active_tab) of '==' operation has null value. If it is a reference, it may not be in the context or its toString() returned null. /templates/macros/page/navigation.vm[line 16, column 51]
16:03:53.953 [Test worker] DEBUG org.apache.velocity - Left side ($active_tab) of '==' operation has null value. If it is a reference, it may not be in the context or its toString() returned null. /templates/macros/page/navigation.vm[line 20, column 51]
16:03:53.953 [Test worker] DEBUG org.apache.velocity - VM #includeLead: too few arguments to macro. Wanted 2 got 1
16:03:53.953 [Test worker] DEBUG org.apache.velocity - VM #includeBrief: too few arguments to macro. Wanted 5 got 3
16:03:53.953 [Test worker] DEBUG org.apache.velocity - VM #includeBrief: too few arguments to macro. Wanted 5 got 4
16:03:53.953 [Test worker] DEBUG org.apache.velocity - VM #includeBrief: too few arguments to macro. Wanted 5 got 4
16:03:53.953 [Test worker] DEBUG org.apache.velocity - VM #includeBrief: too few arguments to macro. Wanted 5 got 4
16:03:53.953 [Test worker] DEBUG org.apache.velocity - VM #includeBrief: too few arguments to macro. Wanted 5 got 4
16:03:53.953 [Test worker] DEBUG org.apache.velocity - ResourceManager : found /templates/footer.vm with loader org.apache.velocity.runtime.resource.loader.ClasspathResourceLoader
16:03:53.953 [Test worker] DEBUG org.apache.velocity - ResourceManager : found templates/generators/reportFeature.vm with loader org.apache.velocity.runtime.resource.loader.ClasspathResourceLoader
16:03:53.953 [Test worker] DEBUG org.apache.velocity - ResourceManager : found /templates/headers.vm with loader org.apache.velocity.runtime.resource.loader.ClasspathResourceLoader
16:03:53.953 [Test worker] DEBUG org.apache.velocity - ResourceManager : found /templates/head.vm with loader org.apache.velocity.runtime.resource.loader.ClasspathResourceLoader
16:03:53.953 [Test worker] DEBUG org.apache.velocity - Velocimacro : added VM stringArray: source=/templates/macros/array.js.vm
16:03:53.953 [Test worker] DEBUG org.apache.velocity - Velocimacro : added VM numberArray: source=/templates/macros/array.js.vm
16:03:53.953 [Test worker] DEBUG org.apache.velocity - ResourceManager : found /templates/macros/array.js.vm with loader org.apache.velocity.runtime.resource.loader.ClasspathResourceLoader
16:03:53.953 [Test worker] DEBUG org.apache.velocity - Velocimacro : added VM includeBuildInfo: source=/templates/macros/page/buildinfo.vm
16:03:53.953 [Test worker] DEBUG org.apache.velocity - ResourceManager : found /templates/macros/page/buildinfo.vm with loader org.apache.velocity.runtime.resource.loader.ClasspathResourceLoader
16:03:53.953 [Test worker] DEBUG org.apache.velocity - Velocimacro : added VM includeClassifications: source=/templates/macros/page/classifications.vm
16:03:53.953 [Test worker] DEBUG org.apache.velocity - ResourceManager : found /templates/macros/page/classifications.vm with loader org.apache.velocity.runtime.resource.loader.ClasspathResourceLoader
16:03:53.953 [Test worker] DEBUG org.apache.velocity - Velocimacro : added VM includeLead: source=/templates/macros/page/lead.vm
16:03:53.953 [Test worker] DEBUG org.apache.velocity - ResourceManager : found /templates/macros/page/lead.vm with loader org.apache.velocity.runtime.resource.loader.ClasspathResourceLoader
16:03:53.953 [Test worker] DEBUG org.apache.velocity - Velocimacro : added VM includeNavigation: source=/templates/macros/page/navigation.vm
16:03:53.953 [Test worker] DEBUG org.apache.velocity - ResourceManager : found /templates/macros/page/navigation.vm with loader org.apache.velocity.runtime.resource.loader.ClasspathResourceLoader
16:03:53.953 [Test worker] DEBUG org.apache.velocity - Velocimacro : added VM includeReportInfo: source=/templates/macros/page/reportInfo.vm
16:03:53.953 [Test worker] DEBUG org.apache.velocity - ResourceManager : found /templates/macros/page/reportInfo.vm with loader org.apache.velocity.runtime.resource.loader.ClasspathResourceLoader
16:03:53.953 [Test worker] DEBUG org.apache.velocity - Velocimacro : added VM includeTitle: source=/templates/macros/page/title.vm
16:03:53.953 [Test worker] DEBUG org.apache.velocity - ResourceManager : found /templates/macros/page/title.vm with loader org.apache.velocity.runtime.resource.loader.ClasspathResourceLoader
16:03:53.953 [Test worker] DEBUG org.apache.velocity - Velocimacro : added VM includeExpandingButtons: source=/templates/macros/report/expandAllButtons.vm
16:03:53.953 [Test worker] DEBUG org.apache.velocity - ResourceManager : found /templates/macros/report/expandAllButtons.vm with loader org.apache.velocity.runtime.resource.loader.ClasspathResourceLoader
16:03:53.953 [Test worker] DEBUG org.apache.velocity - Velocimacro : added VM includeReportTable: source=/templates/macros/report/reportTable.vm
16:03:53.953 [Test worker] DEBUG org.apache.velocity - ResourceManager : found /templates/macros/report/reportTable.vm with loader org.apache.velocity.runtime.resource.loader.ClasspathResourceLoader
16:03:53.953 [Test worker] DEBUG org.apache.velocity - Velocimacro : added VM includeReportHeader: source=/templates/macros/report/reportHeader.vm
16:03:53.953 [Test worker] DEBUG org.apache.velocity - ResourceManager : found /templates/macros/report/reportHeader.vm with loader org.apache.velocity.runtime.resource.loader.ClasspathResourceLoader
16:03:53.953 [Test worker] DEBUG org.apache.velocity - Velocimacro : added VM includeStatsTable: source=/templates/macros/report/statsTable.vm
16:03:53.953 [Test worker] DEBUG org.apache.velocity - ResourceManager : found /templates/macros/report/statsTable.vm with loader org.apache.velocity.runtime.resource.loader.ClasspathResourceLoader
16:03:53.953 [Test worker] DEBUG org.apache.velocity - Velocimacro : added VM includeBrief: source=/templates/macros/json/brief.vm
16:03:53.953 [Test worker] DEBUG org.apache.velocity - ResourceManager : found /templates/macros/json/brief.vm with loader org.apache.velocity.runtime.resource.loader.ClasspathResourceLoader
16:03:53.953 [Test worker] DEBUG org.apache.velocity - Velocimacro : added VM includeDocString: source=/templates/macros/json/docstring.vm
16:03:53.953 [Test worker] DEBUG org.apache.velocity - ResourceManager : found /templates/macros/json/docstring.vm with loader org.apache.velocity.runtime.resource.loader.ClasspathResourceLoader
16:03:53.953 [Test worker] DEBUG org.apache.velocity - Velocimacro : added VM includeDuration: source=/templates/macros/json/duration.vm
16:03:53.953 [Test worker] DEBUG org.apache.velocity - ResourceManager : found /templates/macros/json/duration.vm with loader org.apache.velocity.runtime.resource.loader.ClasspathResourceLoader
16:03:53.953 [Test worker] DEBUG org.apache.velocity - Velocimacro : added VM includeElement: source=/templates/macros/json/element.vm
16:03:53.953 [Test worker] DEBUG org.apache.velocity - ResourceManager : found /templates/macros/json/element.vm with loader org.apache.velocity.runtime.resource.loader.ClasspathResourceLoader
16:03:53.953 [Test worker] DEBUG org.apache.velocity - Velocimacro : added VM includeEmbeddings: source=/templates/macros/json/embeddings.vm
16:03:53.953 [Test worker] DEBUG org.apache.velocity - Velocimacro : added VM includeHtmlEmbedding: source=/templates/macros/json/embeddings.vm
16:03:53.953 [Test worker] DEBUG org.apache.velocity - Velocimacro : added VM includeImageEmbedding: source=/templates/macros/json/embeddings.vm
16:03:53.953 [Test worker] DEBUG org.apache.velocity - Velocimacro : added VM includeImageReferenceEmbedding: source=/templates/macros/json/embeddings.vm
16:03:53.953 [Test worker] DEBUG org.apache.velocity - Velocimacro : added VM includeTextEmbedding: source=/templates/macros/json/embeddings.vm
16:03:53.953 [Test worker] DEBUG org.apache.velocity - Velocimacro : added VM includeUnknownEmbedding: source=/templates/macros/json/embeddings.vm
16:03:53.953 [Test worker] DEBUG org.apache.velocity - ResourceManager : found /templates/macros/json/embeddings.vm with loader org.apache.velocity.runtime.resource.loader.ClasspathResourceLoader
16:03:53.953 [Test worker] DEBUG org.apache.velocity - Velocimacro : added VM includeHooks: source=/templates/macros/json/hooks.vm
16:03:53.953 [Test worker] DEBUG org.apache.velocity - ResourceManager : found /templates/macros/json/hooks.vm with loader org.apache.velocity.runtime.resource.loader.ClasspathResourceLoader
16:03:53.953 [Test worker] DEBUG org.apache.velocity - Velocimacro : added VM includeOutput: source=/templates/macros/json/output.vm
16:03:53.953 [Test worker] DEBUG org.apache.velocity - ResourceManager : found /templates/macros/json/output.vm with loader org.apache.velocity.runtime.resource.loader.ClasspathResourceLoader
16:03:53.953 [Test worker] DEBUG org.apache.velocity - Velocimacro : added VM includeMessage: source=/templates/macros/json/message.vm
16:03:53.953 [Test worker] DEBUG org.apache.velocity - ResourceManager : found /templates/macros/json/message.vm with loader org.apache.velocity.runtime.resource.loader.ClasspathResourceLoader
16:03:53.968 [Test worker] DEBUG org.apache.velocity - Velocimacro : added VM includeSteps: source=/templates/macros/json/steps.vm
16:03:53.968 [Test worker] DEBUG org.apache.velocity - ResourceManager : found /templates/macros/json/steps.vm with loader org.apache.velocity.runtime.resource.loader.ClasspathResourceLoader
16:03:53.968 [Test worker] DEBUG org.apache.velocity - Velocimacro : added VM includeTags: source=/templates/macros/json/tags.vm
16:03:53.968 [Test worker] DEBUG org.apache.velocity - ResourceManager : found /templates/macros/json/tags.vm with loader org.apache.velocity.runtime.resource.loader.ClasspathResourceLoader
16:03:53.968 [Test worker] DEBUG org.apache.velocity - VM #includeNavigation: too few arguments to macro. Wanted 1 got 0
16:03:53.968 [Test worker] DEBUG org.apache.velocity - Left side ($active_tab) of '==' operation has null value. If it is a reference, it may not be in the context or its toString() returned null. /templates/macros/page/navigation.vm[line 14, column 51]
16:03:53.968 [Test worker] DEBUG org.apache.velocity - Left side ($active_tab) of '==' operation has null value. If it is a reference, it may not be in the context or its toString() returned null. /templates/macros/page/navigation.vm[line 15, column 51]
16:03:53.968 [Test worker] DEBUG org.apache.velocity - Left side ($active_tab) of '==' operation has null value. If it is a reference, it may not be in the context or its toString() returned null. /templates/macros/page/navigation.vm[line 16, column 51]
16:03:53.968 [Test worker] DEBUG org.apache.velocity - Left side ($active_tab) of '==' operation has null value. If it is a reference, it may not be in the context or its toString() returned null. /templates/macros/page/navigation.vm[line 20, column 51]
16:03:53.968 [Test worker] DEBUG org.apache.velocity - VM #includeLead: too few arguments to macro. Wanted 2 got 1
16:03:53.968 [Test worker] DEBUG org.apache.velocity - VM #includeBrief: too few arguments to macro. Wanted 5 got 3
16:03:53.968 [Test worker] DEBUG org.apache.velocity - VM #includeBrief: too few arguments to macro. Wanted 5 got 4
16:03:53.968 [Test worker] DEBUG org.apache.velocity - VM #includeBrief: too few arguments to macro. Wanted 5 got 4
16:03:53.968 [Test worker] DEBUG org.apache.velocity - VM #includeBrief: too few arguments to macro. Wanted 5 got 4
16:03:53.968 [Test worker] DEBUG org.apache.velocity - VM #includeBrief: too few arguments to macro. Wanted 5 got 4
16:03:53.968 [Test worker] DEBUG org.apache.velocity - VM #includeBrief: too few arguments to macro. Wanted 5 got 4
16:03:53.968 [Test worker] DEBUG org.apache.velocity - VM #includeBrief: too few arguments to macro. Wanted 5 got 4
16:03:53.968 [Test worker] DEBUG org.apache.velocity - VM #includeBrief: too few arguments to macro. Wanted 5 got 4
16:03:53.968 [Test worker] DEBUG org.apache.velocity - VM #includeBrief: too few arguments to macro. Wanted 5 got 4
16:03:53.968 [Test worker] DEBUG org.apache.velocity - VM #includeBrief: too few arguments to macro. Wanted 5 got 4
16:03:53.968 [Test worker] DEBUG org.apache.velocity - VM #includeBrief: too few arguments to macro. Wanted 5 got 4
16:03:53.968 [Test worker] DEBUG org.apache.velocity - VM #includeBrief: too few arguments to macro. Wanted 5 got 4
16:03:53.968 [Test worker] DEBUG org.apache.velocity - VM #includeBrief: too few arguments to macro. Wanted 5 got 4
16:03:53.968 [Test worker] DEBUG org.apache.velocity - VM #includeBrief: too few arguments to macro. Wanted 5 got 4
16:03:53.968 [Test worker] DEBUG org.apache.velocity - VM #includeBrief: too few arguments to macro. Wanted 5 got 4
16:03:53.968 [Test worker] DEBUG org.apache.velocity - VM #includeBrief: too few arguments to macro. Wanted 5 got 4
16:03:53.968 [Test worker] DEBUG org.apache.velocity - VM #includeBrief: too few arguments to macro. Wanted 5 got 4
16:03:53.968 [Test worker] DEBUG org.apache.velocity - ResourceManager : found /templates/footer.vm with loader org.apache.velocity.runtime.resource.loader.ClasspathResourceLoader
16:03:53.968 [Test worker] DEBUG org.apache.velocity - ResourceManager : found templates/generators/reportFeature.vm with loader org.apache.velocity.runtime.resource.loader.ClasspathResourceLoader
16:03:53.968 [Test worker] DEBUG org.apache.velocity - ResourceManager : found /templates/headers.vm with loader org.apache.velocity.runtime.resource.loader.ClasspathResourceLoader
16:03:53.968 [Test worker] DEBUG org.apache.velocity - ResourceManager : found /templates/head.vm with loader org.apache.velocity.runtime.resource.loader.ClasspathResourceLoader
16:03:53.968 [Test worker] DEBUG org.apache.velocity - Velocimacro : added VM stringArray: source=/templates/macros/array.js.vm
16:03:53.968 [Test worker] DEBUG org.apache.velocity - Velocimacro : added VM numberArray: source=/templates/macros/array.js.vm
16:03:53.968 [Test worker] DEBUG org.apache.velocity - ResourceManager : found /templates/macros/array.js.vm with loader org.apache.velocity.runtime.resource.loader.ClasspathResourceLoader
16:03:53.968 [Test worker] DEBUG org.apache.velocity - Velocimacro : added VM includeBuildInfo: source=/templates/macros/page/buildinfo.vm
16:03:53.968 [Test worker] DEBUG org.apache.velocity - ResourceManager : found /templates/macros/page/buildinfo.vm with loader org.apache.velocity.runtime.resource.loader.ClasspathResourceLoader
16:03:53.968 [Test worker] DEBUG org.apache.velocity - Velocimacro : added VM includeClassifications: source=/templates/macros/page/classifications.vm
16:03:53.968 [Test worker] DEBUG org.apache.velocity - ResourceManager : found /templates/macros/page/classifications.vm with loader org.apache.velocity.runtime.resource.loader.ClasspathResourceLoader
16:03:53.968 [Test worker] DEBUG org.apache.velocity - Velocimacro : added VM includeLead: source=/templates/macros/page/lead.vm
16:03:53.968 [Test worker] DEBUG org.apache.velocity - ResourceManager : found /templates/macros/page/lead.vm with loader org.apache.velocity.runtime.resource.loader.ClasspathResourceLoader
16:03:53.968 [Test worker] DEBUG org.apache.velocity - Velocimacro : added VM includeNavigation: source=/templates/macros/page/navigation.vm
16:03:53.968 [Test worker] DEBUG org.apache.velocity - ResourceManager : found /templates/macros/page/navigation.vm with loader org.apache.velocity.runtime.resource.loader.ClasspathResourceLoader
16:03:53.968 [Test worker] DEBUG org.apache.velocity - Velocimacro : added VM includeReportInfo: source=/templates/macros/page/reportInfo.vm
16:03:53.968 [Test worker] DEBUG org.apache.velocity - ResourceManager : found /templates/macros/page/reportInfo.vm with loader org.apache.velocity.runtime.resource.loader.ClasspathResourceLoader
16:03:53.968 [Test worker] DEBUG org.apache.velocity - Velocimacro : added VM includeTitle: source=/templates/macros/page/title.vm
16:03:53.968 [Test worker] DEBUG org.apache.velocity - ResourceManager : found /templates/macros/page/title.vm with loader org.apache.velocity.runtime.resource.loader.ClasspathResourceLoader
16:03:53.968 [Test worker] DEBUG org.apache.velocity - Velocimacro : added VM includeExpandingButtons: source=/templates/macros/report/expandAllButtons.vm
16:03:53.968 [Test worker] DEBUG org.apache.velocity - ResourceManager : found /templates/macros/report/expandAllButtons.vm with loader org.apache.velocity.runtime.resource.loader.ClasspathResourceLoader
16:03:53.968 [Test worker] DEBUG org.apache.velocity - Velocimacro : added VM includeReportTable: source=/templates/macros/report/reportTable.vm
16:03:53.968 [Test worker] DEBUG org.apache.velocity - ResourceManager : found /templates/macros/report/reportTable.vm with loader org.apache.velocity.runtime.resource.loader.ClasspathResourceLoader
16:03:53.968 [Test worker] DEBUG org.apache.velocity - Velocimacro : added VM includeReportHeader: source=/templates/macros/report/reportHeader.vm
16:03:53.968 [Test worker] DEBUG org.apache.velocity - ResourceManager : found /templates/macros/report/reportHeader.vm with loader org.apache.velocity.runtime.resource.loader.ClasspathResourceLoader
16:03:53.968 [Test worker] DEBUG org.apache.velocity - Velocimacro : added VM includeStatsTable: source=/templates/macros/report/statsTable.vm
16:03:53.968 [Test worker] DEBUG org.apache.velocity - ResourceManager : found /templates/macros/report/statsTable.vm with loader org.apache.velocity.runtime.resource.loader.ClasspathResourceLoader
16:03:53.968 [Test worker] DEBUG org.apache.velocity - Velocimacro : added VM includeBrief: source=/templates/macros/json/brief.vm
16:03:53.968 [Test worker] DEBUG org.apache.velocity - ResourceManager : found /templates/macros/json/brief.vm with loader org.apache.velocity.runtime.resource.loader.ClasspathResourceLoader
16:03:53.984 [Test worker] DEBUG org.apache.velocity - Velocimacro : added VM includeDocString: source=/templates/macros/json/docstring.vm
16:03:53.984 [Test worker] DEBUG org.apache.velocity - ResourceManager : found /templates/macros/json/docstring.vm with loader org.apache.velocity.runtime.resource.loader.ClasspathResourceLoader
16:03:53.984 [Test worker] DEBUG org.apache.velocity - Velocimacro : added VM includeDuration: source=/templates/macros/json/duration.vm
16:03:53.984 [Test worker] DEBUG org.apache.velocity - ResourceManager : found /templates/macros/json/duration.vm with loader org.apache.velocity.runtime.resource.loader.ClasspathResourceLoader
16:03:53.984 [Test worker] DEBUG org.apache.velocity - Velocimacro : added VM includeElement: source=/templates/macros/json/element.vm
16:03:53.984 [Test worker] DEBUG org.apache.velocity - ResourceManager : found /templates/macros/json/element.vm with loader org.apache.velocity.runtime.resource.loader.ClasspathResourceLoader
16:03:53.984 [Test worker] DEBUG org.apache.velocity - Velocimacro : added VM includeEmbeddings: source=/templates/macros/json/embeddings.vm
16:03:53.984 [Test worker] DEBUG org.apache.velocity - Velocimacro : added VM includeHtmlEmbedding: source=/templates/macros/json/embeddings.vm
16:03:53.984 [Test worker] DEBUG org.apache.velocity - Velocimacro : added VM includeImageEmbedding: source=/templates/macros/json/embeddings.vm
16:03:53.984 [Test worker] DEBUG org.apache.velocity - Velocimacro : added VM includeImageReferenceEmbedding: source=/templates/macros/json/embeddings.vm
16:03:53.984 [Test worker] DEBUG org.apache.velocity - Velocimacro : added VM includeTextEmbedding: source=/templates/macros/json/embeddings.vm
16:03:53.984 [Test worker] DEBUG org.apache.velocity - Velocimacro : added VM includeUnknownEmbedding: source=/templates/macros/json/embeddings.vm
16:03:53.984 [Test worker] DEBUG org.apache.velocity - ResourceManager : found /templates/macros/json/embeddings.vm with loader org.apache.velocity.runtime.resource.loader.ClasspathResourceLoader
16:03:53.984 [Test worker] DEBUG org.apache.velocity - Velocimacro : added VM includeHooks: source=/templates/macros/json/hooks.vm
16:03:53.984 [Test worker] DEBUG org.apache.velocity - ResourceManager : found /templates/macros/json/hooks.vm with loader org.apache.velocity.runtime.resource.loader.ClasspathResourceLoader
16:03:53.984 [Test worker] DEBUG org.apache.velocity - Velocimacro : added VM includeOutput: source=/templates/macros/json/output.vm
16:03:53.984 [Test worker] DEBUG org.apache.velocity - ResourceManager : found /templates/macros/json/output.vm with loader org.apache.velocity.runtime.resource.loader.ClasspathResourceLoader
16:03:53.984 [Test worker] DEBUG org.apache.velocity - Velocimacro : added VM includeMessage: source=/templates/macros/json/message.vm
16:03:53.984 [Test worker] DEBUG org.apache.velocity - ResourceManager : found /templates/macros/json/message.vm with loader org.apache.velocity.runtime.resource.loader.ClasspathResourceLoader
16:03:53.984 [Test worker] DEBUG org.apache.velocity - Velocimacro : added VM includeSteps: source=/templates/macros/json/steps.vm
16:03:53.984 [Test worker] DEBUG org.apache.velocity - ResourceManager : found /templates/macros/json/steps.vm with loader org.apache.velocity.runtime.resource.loader.ClasspathResourceLoader
16:03:53.984 [Test worker] DEBUG org.apache.velocity - Velocimacro : added VM includeTags: source=/templates/macros/json/tags.vm
16:03:53.984 [Test worker] DEBUG org.apache.velocity - ResourceManager : found /templates/macros/json/tags.vm with loader org.apache.velocity.runtime.resource.loader.ClasspathResourceLoader
16:03:53.984 [Test worker] DEBUG org.apache.velocity - VM #includeNavigation: too few arguments to macro. Wanted 1 got 0
16:03:53.984 [Test worker] DEBUG org.apache.velocity - Left side ($active_tab) of '==' operation has null value. If it is a reference, it may not be in the context or its toString() returned null. /templates/macros/page/navigation.vm[line 14, column 51]
16:03:53.984 [Test worker] DEBUG org.apache.velocity - Left side ($active_tab) of '==' operation has null value. If it is a reference, it may not be in the context or its toString() returned null. /templates/macros/page/navigation.vm[line 15, column 51]
16:03:53.984 [Test worker] DEBUG org.apache.velocity - Left side ($active_tab) of '==' operation has null value. If it is a reference, it may not be in the context or its toString() returned null. /templates/macros/page/navigation.vm[line 16, column 51]
16:03:53.984 [Test worker] DEBUG org.apache.velocity - Left side ($active_tab) of '==' operation has null value. If it is a reference, it may not be in the context or its toString() returned null. /templates/macros/page/navigation.vm[line 20, column 51]
16:03:53.984 [Test worker] DEBUG org.apache.velocity - VM #includeLead: too few arguments to macro. Wanted 2 got 1
16:03:53.984 [Test worker] DEBUG org.apache.velocity - VM #includeBrief: too few arguments to macro. Wanted 5 got 3
16:03:53.984 [Test worker] DEBUG org.apache.velocity - VM #includeBrief: too few arguments to macro. Wanted 5 got 4
16:03:53.984 [Test worker] DEBUG org.apache.velocity - VM #includeBrief: too few arguments to macro. Wanted 5 got 4
16:03:53.984 [Test worker] DEBUG org.apache.velocity - VM #includeBrief: too few arguments to macro. Wanted 5 got 4
16:03:53.984 [Test worker] DEBUG org.apache.velocity - VM #includeBrief: too few arguments to macro. Wanted 5 got 4
16:03:53.984 [Test worker] DEBUG org.apache.velocity - ResourceManager : found /templates/footer.vm with loader org.apache.velocity.runtime.resource.loader.ClasspathResourceLoader
16:03:53.984 [Test worker] DEBUG org.apache.velocity - ResourceManager : found templates/generators/reportFeature.vm with loader org.apache.velocity.runtime.resource.loader.ClasspathResourceLoader
16:03:53.984 [Test worker] DEBUG org.apache.velocity - ResourceManager : found /templates/headers.vm with loader org.apache.velocity.runtime.resource.loader.ClasspathResourceLoader
16:03:53.984 [Test worker] DEBUG org.apache.velocity - ResourceManager : found /templates/head.vm with loader org.apache.velocity.runtime.resource.loader.ClasspathResourceLoader
16:03:53.984 [Test worker] DEBUG org.apache.velocity - Velocimacro : added VM stringArray: source=/templates/macros/array.js.vm
16:03:53.984 [Test worker] DEBUG org.apache.velocity - Velocimacro : added VM numberArray: source=/templates/macros/array.js.vm
16:03:53.984 [Test worker] DEBUG org.apache.velocity - ResourceManager : found /templates/macros/array.js.vm with loader org.apache.velocity.runtime.resource.loader.ClasspathResourceLoader
16:03:53.984 [Test worker] DEBUG org.apache.velocity - Velocimacro : added VM includeBuildInfo: source=/templates/macros/page/buildinfo.vm
16:03:53.984 [Test worker] DEBUG org.apache.velocity - ResourceManager : found /templates/macros/page/buildinfo.vm with loader org.apache.velocity.runtime.resource.loader.ClasspathResourceLoader
16:03:53.984 [Test worker] DEBUG org.apache.velocity - Velocimacro : added VM includeClassifications: source=/templates/macros/page/classifications.vm
16:03:53.984 [Test worker] DEBUG org.apache.velocity - ResourceManager : found /templates/macros/page/classifications.vm with loader org.apache.velocity.runtime.resource.loader.ClasspathResourceLoader
16:03:53.984 [Test worker] DEBUG org.apache.velocity - Velocimacro : added VM includeLead: source=/templates/macros/page/lead.vm
16:03:53.984 [Test worker] DEBUG org.apache.velocity - ResourceManager : found /templates/macros/page/lead.vm with loader org.apache.velocity.runtime.resource.loader.ClasspathResourceLoader
16:03:53.984 [Test worker] DEBUG org.apache.velocity - Velocimacro : added VM includeNavigation: source=/templates/macros/page/navigation.vm
16:03:53.984 [Test worker] DEBUG org.apache.velocity - ResourceManager : found /templates/macros/page/navigation.vm with loader org.apache.velocity.runtime.resource.loader.ClasspathResourceLoader
16:03:53.984 [Test worker] DEBUG org.apache.velocity - Velocimacro : added VM includeReportInfo: source=/templates/macros/page/reportInfo.vm
16:03:53.984 [Test worker] DEBUG org.apache.velocity - ResourceManager : found /templates/macros/page/reportInfo.vm with loader org.apache.velocity.runtime.resource.loader.ClasspathResourceLoader
16:03:53.984 [Test worker] DEBUG org.apache.velocity - Velocimacro : added VM includeTitle: source=/templates/macros/page/title.vm
16:03:53.984 [Test worker] DEBUG org.apache.velocity - ResourceManager : found /templates/macros/page/title.vm with loader org.apache.velocity.runtime.resource.loader.ClasspathResourceLoader
16:03:53.984 [Test worker] DEBUG org.apache.velocity - Velocimacro : added VM includeExpandingButtons: source=/templates/macros/report/expandAllButtons.vm
16:03:53.984 [Test worker] DEBUG org.apache.velocity - ResourceManager : found /templates/macros/report/expandAllButtons.vm with loader org.apache.velocity.runtime.resource.loader.ClasspathResourceLoader
16:03:53.984 [Test worker] DEBUG org.apache.velocity - Velocimacro : added VM includeReportTable: source=/templates/macros/report/reportTable.vm
16:03:53.984 [Test worker] DEBUG org.apache.velocity - ResourceManager : found /templates/macros/report/reportTable.vm with loader org.apache.velocity.runtime.resource.loader.ClasspathResourceLoader
16:03:53.999 [Test worker] DEBUG org.apache.velocity - Velocimacro : added VM includeReportHeader: source=/templates/macros/report/reportHeader.vm
16:03:53.999 [Test worker] DEBUG org.apache.velocity - ResourceManager : found /templates/macros/report/reportHeader.vm with loader org.apache.velocity.runtime.resource.loader.ClasspathResourceLoader
16:03:53.999 [Test worker] DEBUG org.apache.velocity - Velocimacro : added VM includeStatsTable: source=/templates/macros/report/statsTable.vm
16:03:53.999 [Test worker] DEBUG org.apache.velocity - ResourceManager : found /templates/macros/report/statsTable.vm with loader org.apache.velocity.runtime.resource.loader.ClasspathResourceLoader
16:03:53.999 [Test worker] DEBUG org.apache.velocity - Velocimacro : added VM includeBrief: source=/templates/macros/json/brief.vm
16:03:53.999 [Test worker] DEBUG org.apache.velocity - ResourceManager : found /templates/macros/json/brief.vm with loader org.apache.velocity.runtime.resource.loader.ClasspathResourceLoader
16:03:53.999 [Test worker] DEBUG org.apache.velocity - Velocimacro : added VM includeDocString: source=/templates/macros/json/docstring.vm
16:03:53.999 [Test worker] DEBUG org.apache.velocity - ResourceManager : found /templates/macros/json/docstring.vm with loader org.apache.velocity.runtime.resource.loader.ClasspathResourceLoader
16:03:53.999 [Test worker] DEBUG org.apache.velocity - Velocimacro : added VM includeDuration: source=/templates/macros/json/duration.vm
16:03:53.999 [Test worker] DEBUG org.apache.velocity - ResourceManager : found /templates/macros/json/duration.vm with loader org.apache.velocity.runtime.resource.loader.ClasspathResourceLoader
16:03:53.999 [Test worker] DEBUG org.apache.velocity - Velocimacro : added VM includeElement: source=/templates/macros/json/element.vm
16:03:53.999 [Test worker] DEBUG org.apache.velocity - ResourceManager : found /templates/macros/json/element.vm with loader org.apache.velocity.runtime.resource.loader.ClasspathResourceLoader
16:03:53.999 [Test worker] DEBUG org.apache.velocity - Velocimacro : added VM includeEmbeddings: source=/templates/macros/json/embeddings.vm
16:03:53.999 [Test worker] DEBUG org.apache.velocity - Velocimacro : added VM includeHtmlEmbedding: source=/templates/macros/json/embeddings.vm
16:03:53.999 [Test worker] DEBUG org.apache.velocity - Velocimacro : added VM includeImageEmbedding: source=/templates/macros/json/embeddings.vm
16:03:53.999 [Test worker] DEBUG org.apache.velocity - Velocimacro : added VM includeImageReferenceEmbedding: source=/templates/macros/json/embeddings.vm
16:03:53.999 [Test worker] DEBUG org.apache.velocity - Velocimacro : added VM includeTextEmbedding: source=/templates/macros/json/embeddings.vm
16:03:53.999 [Test worker] DEBUG org.apache.velocity - Velocimacro : added VM includeUnknownEmbedding: source=/templates/macros/json/embeddings.vm
16:03:53.999 [Test worker] DEBUG org.apache.velocity - ResourceManager : found /templates/macros/json/embeddings.vm with loader org.apache.velocity.runtime.resource.loader.ClasspathResourceLoader
16:03:53.999 [Test worker] DEBUG org.apache.velocity - Velocimacro : added VM includeHooks: source=/templates/macros/json/hooks.vm
16:03:53.999 [Test worker] DEBUG org.apache.velocity - ResourceManager : found /templates/macros/json/hooks.vm with loader org.apache.velocity.runtime.resource.loader.ClasspathResourceLoader
16:03:53.999 [Test worker] DEBUG org.apache.velocity - Velocimacro : added VM includeOutput: source=/templates/macros/json/output.vm
16:03:53.999 [Test worker] DEBUG org.apache.velocity - ResourceManager : found /templates/macros/json/output.vm with loader org.apache.velocity.runtime.resource.loader.ClasspathResourceLoader
16:03:53.999 [Test worker] DEBUG org.apache.velocity - Velocimacro : added VM includeMessage: source=/templates/macros/json/message.vm
16:03:53.999 [Test worker] DEBUG org.apache.velocity - ResourceManager : found /templates/macros/json/message.vm with loader org.apache.velocity.runtime.resource.loader.ClasspathResourceLoader
16:03:53.999 [Test worker] DEBUG org.apache.velocity - Velocimacro : added VM includeSteps: source=/templates/macros/json/steps.vm
16:03:53.999 [Test worker] DEBUG org.apache.velocity - ResourceManager : found /templates/macros/json/steps.vm with loader org.apache.velocity.runtime.resource.loader.ClasspathResourceLoader
16:03:53.999 [Test worker] DEBUG org.apache.velocity - Velocimacro : added VM includeTags: source=/templates/macros/json/tags.vm
16:03:53.999 [Test worker] DEBUG org.apache.velocity - ResourceManager : found /templates/macros/json/tags.vm with loader org.apache.velocity.runtime.resource.loader.ClasspathResourceLoader
16:03:53.999 [Test worker] DEBUG org.apache.velocity - VM #includeNavigation: too few arguments to macro. Wanted 1 got 0
16:03:53.999 [Test worker] DEBUG org.apache.velocity - Left side ($active_tab) of '==' operation has null value. If it is a reference, it may not be in the context or its toString() returned null. /templates/macros/page/navigation.vm[line 14, column 51]
16:03:53.999 [Test worker] DEBUG org.apache.velocity - Left side ($active_tab) of '==' operation has null value. If it is a reference, it may not be in the context or its toString() returned null. /templates/macros/page/navigation.vm[line 15, column 51]
16:03:53.999 [Test worker] DEBUG org.apache.velocity - Left side ($active_tab) of '==' operation has null value. If it is a reference, it may not be in the context or its toString() returned null. /templates/macros/page/navigation.vm[line 16, column 51]
16:03:53.999 [Test worker] DEBUG org.apache.velocity - Left side ($active_tab) of '==' operation has null value. If it is a reference, it may not be in the context or its toString() returned null. /templates/macros/page/navigation.vm[line 20, column 51]
16:03:53.999 [Test worker] DEBUG org.apache.velocity - VM #includeLead: too few arguments to macro. Wanted 2 got 1
16:03:53.999 [Test worker] DEBUG org.apache.velocity - VM #includeBrief: too few arguments to macro. Wanted 5 got 3
16:03:53.999 [Test worker] DEBUG org.apache.velocity - VM #includeBrief: too few arguments to macro. Wanted 5 got 4
16:03:53.999 [Test worker] DEBUG org.apache.velocity - VM #includeBrief: too few arguments to macro. Wanted 5 got 4
16:03:53.999 [Test worker] DEBUG org.apache.velocity - VM #includeBrief: too few arguments to macro. Wanted 5 got 4
16:03:53.999 [Test worker] DEBUG org.apache.velocity - VM #includeBrief: too few arguments to macro. Wanted 5 got 4
16:03:53.999 [Test worker] DEBUG org.apache.velocity - VM #includeBrief: too few arguments to macro. Wanted 5 got 4
16:03:53.999 [Test worker] DEBUG org.apache.velocity - VM #includeBrief: too few arguments to macro. Wanted 5 got 4
16:03:53.999 [Test worker] DEBUG org.apache.velocity - VM #includeBrief: too few arguments to macro. Wanted 5 got 4
16:03:53.999 [Test worker] DEBUG org.apache.velocity - VM #includeBrief: too few arguments to macro. Wanted 5 got 4
16:03:53.999 [Test worker] DEBUG org.apache.velocity - ResourceManager : found /templates/footer.vm with loader org.apache.velocity.runtime.resource.loader.ClasspathResourceLoader
16:03:53.999 [Test worker] DEBUG org.apache.velocity - ResourceManager : found templates/generators/reportFeature.vm with loader org.apache.velocity.runtime.resource.loader.ClasspathResourceLoader
16:03:53.999 [Test worker] DEBUG org.apache.velocity - ResourceManager : found /templates/headers.vm with loader org.apache.velocity.runtime.resource.loader.ClasspathResourceLoader
16:03:53.999 [Test worker] DEBUG org.apache.velocity - ResourceManager : found /templates/head.vm with loader org.apache.velocity.runtime.resource.loader.ClasspathResourceLoader
16:03:53.999 [Test worker] DEBUG org.apache.velocity - Velocimacro : added VM stringArray: source=/templates/macros/array.js.vm
16:03:53.999 [Test worker] DEBUG org.apache.velocity - Velocimacro : added VM numberArray: source=/templates/macros/array.js.vm
16:03:53.999 [Test worker] DEBUG org.apache.velocity - ResourceManager : found /templates/macros/array.js.vm with loader org.apache.velocity.runtime.resource.loader.ClasspathResourceLoader
16:03:53.999 [Test worker] DEBUG org.apache.velocity - Velocimacro : added VM includeBuildInfo: source=/templates/macros/page/buildinfo.vm
16:03:53.999 [Test worker] DEBUG org.apache.velocity - ResourceManager : found /templates/macros/page/buildinfo.vm with loader org.apache.velocity.runtime.resource.loader.ClasspathResourceLoader
16:03:53.999 [Test worker] DEBUG org.apache.velocity - Velocimacro : added VM includeClassifications: source=/templates/macros/page/classifications.vm
16:03:53.999 [Test worker] DEBUG org.apache.velocity - ResourceManager : found /templates/macros/page/classifications.vm with loader org.apache.velocity.runtime.resource.loader.ClasspathResourceLoader
16:03:53.999 [Test worker] DEBUG org.apache.velocity - Velocimacro : added VM includeLead: source=/templates/macros/page/lead.vm
16:03:53.999 [Test worker] DEBUG org.apache.velocity - ResourceManager : found /templates/macros/page/lead.vm with loader org.apache.velocity.runtime.resource.loader.ClasspathResourceLoader
16:03:53.999 [Test worker] DEBUG org.apache.velocity - Velocimacro : added VM includeNavigation: source=/templates/macros/page/navigation.vm
16:03:53.999 [Test worker] DEBUG org.apache.velocity - ResourceManager : found /templates/macros/page/navigation.vm with loader org.apache.velocity.runtime.resource.loader.ClasspathResourceLoader
16:03:54.015 [Test worker] DEBUG org.apache.velocity - Velocimacro : added VM includeReportInfo: source=/templates/macros/page/reportInfo.vm
16:03:54.015 [Test worker] DEBUG org.apache.velocity - ResourceManager : found /templates/macros/page/reportInfo.vm with loader org.apache.velocity.runtime.resource.loader.ClasspathResourceLoader
16:03:54.015 [Test worker] DEBUG org.apache.velocity - Velocimacro : added VM includeTitle: source=/templates/macros/page/title.vm
16:03:54.015 [Test worker] DEBUG org.apache.velocity - ResourceManager : found /templates/macros/page/title.vm with loader org.apache.velocity.runtime.resource.loader.ClasspathResourceLoader
16:03:54.015 [Test worker] DEBUG org.apache.velocity - Velocimacro : added VM includeExpandingButtons: source=/templates/macros/report/expandAllButtons.vm
16:03:54.015 [Test worker] DEBUG org.apache.velocity - ResourceManager : found /templates/macros/report/expandAllButtons.vm with loader org.apache.velocity.runtime.resource.loader.ClasspathResourceLoader
16:03:54.015 [Test worker] DEBUG org.apache.velocity - Velocimacro : added VM includeReportTable: source=/templates/macros/report/reportTable.vm
16:03:54.015 [Test worker] DEBUG org.apache.velocity - ResourceManager : found /templates/macros/report/reportTable.vm with loader org.apache.velocity.runtime.resource.loader.ClasspathResourceLoader
16:03:54.015 [Test worker] DEBUG org.apache.velocity - Velocimacro : added VM includeReportHeader: source=/templates/macros/report/reportHeader.vm
16:03:54.015 [Test worker] DEBUG org.apache.velocity - ResourceManager : found /templates/macros/report/reportHeader.vm with loader org.apache.velocity.runtime.resource.loader.ClasspathResourceLoader
16:03:54.015 [Test worker] DEBUG org.apache.velocity - Velocimacro : added VM includeStatsTable: source=/templates/macros/report/statsTable.vm
16:03:54.015 [Test worker] DEBUG org.apache.velocity - ResourceManager : found /templates/macros/report/statsTable.vm with loader org.apache.velocity.runtime.resource.loader.ClasspathResourceLoader
16:03:54.015 [Test worker] DEBUG org.apache.velocity - Velocimacro : added VM includeBrief: source=/templates/macros/json/brief.vm
16:03:54.015 [Test worker] DEBUG org.apache.velocity - ResourceManager : found /templates/macros/json/brief.vm with loader org.apache.velocity.runtime.resource.loader.ClasspathResourceLoader
16:03:54.015 [Test worker] DEBUG org.apache.velocity - Velocimacro : added VM includeDocString: source=/templates/macros/json/docstring.vm
16:03:54.015 [Test worker] DEBUG org.apache.velocity - ResourceManager : found /templates/macros/json/docstring.vm with loader org.apache.velocity.runtime.resource.loader.ClasspathResourceLoader
16:03:54.015 [Test worker] DEBUG org.apache.velocity - Velocimacro : added VM includeDuration: source=/templates/macros/json/duration.vm
16:03:54.015 [Test worker] DEBUG org.apache.velocity - ResourceManager : found /templates/macros/json/duration.vm with loader org.apache.velocity.runtime.resource.loader.ClasspathResourceLoader
16:03:54.015 [Test worker] DEBUG org.apache.velocity - Velocimacro : added VM includeElement: source=/templates/macros/json/element.vm
16:03:54.015 [Test worker] DEBUG org.apache.velocity - ResourceManager : found /templates/macros/json/element.vm with loader org.apache.velocity.runtime.resource.loader.ClasspathResourceLoader
16:03:54.015 [Test worker] DEBUG org.apache.velocity - Velocimacro : added VM includeEmbeddings: source=/templates/macros/json/embeddings.vm
16:03:54.015 [Test worker] DEBUG org.apache.velocity - Velocimacro : added VM includeHtmlEmbedding: source=/templates/macros/json/embeddings.vm
16:03:54.015 [Test worker] DEBUG org.apache.velocity - Velocimacro : added VM includeImageEmbedding: source=/templates/macros/json/embeddings.vm
16:03:54.015 [Test worker] DEBUG org.apache.velocity - Velocimacro : added VM includeImageReferenceEmbedding: source=/templates/macros/json/embeddings.vm
16:03:54.015 [Test worker] DEBUG org.apache.velocity - Velocimacro : added VM includeTextEmbedding: source=/templates/macros/json/embeddings.vm
16:03:54.015 [Test worker] DEBUG org.apache.velocity - Velocimacro : added VM includeUnknownEmbedding: source=/templates/macros/json/embeddings.vm
16:03:54.015 [Test worker] DEBUG org.apache.velocity - ResourceManager : found /templates/macros/json/embeddings.vm with loader org.apache.velocity.runtime.resource.loader.ClasspathResourceLoader
16:03:54.015 [Test worker] DEBUG org.apache.velocity - Velocimacro : added VM includeHooks: source=/templates/macros/json/hooks.vm
16:03:54.015 [Test worker] DEBUG org.apache.velocity - ResourceManager : found /templates/macros/json/hooks.vm with loader org.apache.velocity.runtime.resource.loader.ClasspathResourceLoader
16:03:54.015 [Test worker] DEBUG org.apache.velocity - Velocimacro : added VM includeOutput: source=/templates/macros/json/output.vm
16:03:54.015 [Test worker] DEBUG org.apache.velocity - ResourceManager : found /templates/macros/json/output.vm with loader org.apache.velocity.runtime.resource.loader.ClasspathResourceLoader
16:03:54.015 [Test worker] DEBUG org.apache.velocity - Velocimacro : added VM includeMessage: source=/templates/macros/json/message.vm
16:03:54.015 [Test worker] DEBUG org.apache.velocity - ResourceManager : found /templates/macros/json/message.vm with loader org.apache.velocity.runtime.resource.loader.ClasspathResourceLoader
16:03:54.015 [Test worker] DEBUG org.apache.velocity - Velocimacro : added VM includeSteps: source=/templates/macros/json/steps.vm
16:03:54.015 [Test worker] DEBUG org.apache.velocity - ResourceManager : found /templates/macros/json/steps.vm with loader org.apache.velocity.runtime.resource.loader.ClasspathResourceLoader
16:03:54.015 [Test worker] DEBUG org.apache.velocity - Velocimacro : added VM includeTags: source=/templates/macros/json/tags.vm
16:03:54.015 [Test worker] DEBUG org.apache.velocity - ResourceManager : found /templates/macros/json/tags.vm with loader org.apache.velocity.runtime.resource.loader.ClasspathResourceLoader
16:03:54.015 [Test worker] DEBUG org.apache.velocity - VM #includeNavigation: too few arguments to macro. Wanted 1 got 0
16:03:54.015 [Test worker] DEBUG org.apache.velocity - Left side ($active_tab) of '==' operation has null value. If it is a reference, it may not be in the context or its toString() returned null. /templates/macros/page/navigation.vm[line 14, column 51]
16:03:54.015 [Test worker] DEBUG org.apache.velocity - Left side ($active_tab) of '==' operation has null value. If it is a reference, it may not be in the context or its toString() returned null. /templates/macros/page/navigation.vm[line 15, column 51]
16:03:54.015 [Test worker] DEBUG org.apache.velocity - Left side ($active_tab) of '==' operation has null value. If it is a reference, it may not be in the context or its toString() returned null. /templates/macros/page/navigation.vm[line 16, column 51]
16:03:54.015 [Test worker] DEBUG org.apache.velocity - Left side ($active_tab) of '==' operation has null value. If it is a reference, it may not be in the context or its toString() returned null. /templates/macros/page/navigation.vm[line 20, column 51]
16:03:54.015 [Test worker] DEBUG org.apache.velocity - VM #includeLead: too few arguments to macro. Wanted 2 got 1
16:03:54.015 [Test worker] DEBUG org.apache.velocity - VM #includeBrief: too few arguments to macro. Wanted 5 got 3
16:03:54.015 [Test worker] DEBUG org.apache.velocity - VM #includeBrief: too few arguments to macro. Wanted 5 got 4
16:03:54.015 [Test worker] DEBUG org.apache.velocity - VM #includeBrief: too few arguments to macro. Wanted 5 got 4
16:03:54.015 [Test worker] DEBUG org.apache.velocity - VM #includeBrief: too few arguments to macro. Wanted 5 got 4
16:03:54.015 [Test worker] DEBUG org.apache.velocity - VM #includeBrief: too few arguments to macro. Wanted 5 got 4
16:03:54.015 [Test worker] DEBUG org.apache.velocity - ResourceManager : found /templates/footer.vm with loader org.apache.velocity.runtime.resource.loader.ClasspathResourceLoader
16:03:54.015 [Test worker] DEBUG org.apache.velocity - ResourceManager : found templates/generators/reportFeature.vm with loader org.apache.velocity.runtime.resource.loader.ClasspathResourceLoader
16:03:54.015 [Test worker] DEBUG org.apache.velocity - ResourceManager : found /templates/headers.vm with loader org.apache.velocity.runtime.resource.loader.ClasspathResourceLoader
16:03:54.015 [Test worker] DEBUG org.apache.velocity - ResourceManager : found /templates/head.vm with loader org.apache.velocity.runtime.resource.loader.ClasspathResourceLoader
16:03:54.015 [Test worker] DEBUG org.apache.velocity - Velocimacro : added VM stringArray: source=/templates/macros/array.js.vm
16:03:54.015 [Test worker] DEBUG org.apache.velocity - Velocimacro : added VM numberArray: source=/templates/macros/array.js.vm
16:03:54.015 [Test worker] DEBUG org.apache.velocity - ResourceManager : found /templates/macros/array.js.vm with loader org.apache.velocity.runtime.resource.loader.ClasspathResourceLoader
16:03:54.015 [Test worker] DEBUG org.apache.velocity - Velocimacro : added VM includeBuildInfo: source=/templates/macros/page/buildinfo.vm
16:03:54.015 [Test worker] DEBUG org.apache.velocity - ResourceManager : found /templates/macros/page/buildinfo.vm with loader org.apache.velocity.runtime.resource.loader.ClasspathResourceLoader
16:03:54.015 [Test worker] DEBUG org.apache.velocity - Velocimacro : added VM includeClassifications: source=/templates/macros/page/classifications.vm
16:03:54.015 [Test worker] DEBUG org.apache.velocity - ResourceManager : found /templates/macros/page/classifications.vm with loader org.apache.velocity.runtime.resource.loader.ClasspathResourceLoader
16:03:54.015 [Test worker] DEBUG org.apache.velocity - Velocimacro : added VM includeLead: source=/templates/macros/page/lead.vm
16:03:54.015 [Test worker] DEBUG org.apache.velocity - ResourceManager : found /templates/macros/page/lead.vm with loader org.apache.velocity.runtime.resource.loader.ClasspathResourceLoader
16:03:54.015 [Test worker] DEBUG org.apache.velocity - Velocimacro : added VM includeNavigation: source=/templates/macros/page/navigation.vm
16:03:54.015 [Test worker] DEBUG org.apache.velocity - ResourceManager : found /templates/macros/page/navigation.vm with loader org.apache.velocity.runtime.resource.loader.ClasspathResourceLoader
16:03:54.015 [Test worker] DEBUG org.apache.velocity - Velocimacro : added VM includeReportInfo: source=/templates/macros/page/reportInfo.vm
16:03:54.015 [Test worker] DEBUG org.apache.velocity - ResourceManager : found /templates/macros/page/reportInfo.vm with loader org.apache.velocity.runtime.resource.loader.ClasspathResourceLoader
16:03:54.015 [Test worker] DEBUG org.apache.velocity - Velocimacro : added VM includeTitle: source=/templates/macros/page/title.vm
16:03:54.015 [Test worker] DEBUG org.apache.velocity - ResourceManager : found /templates/macros/page/title.vm with loader org.apache.velocity.runtime.resource.loader.ClasspathResourceLoader
16:03:54.015 [Test worker] DEBUG org.apache.velocity - Velocimacro : added VM includeExpandingButtons: source=/templates/macros/report/expandAllButtons.vm
16:03:54.015 [Test worker] DEBUG org.apache.velocity - ResourceManager : found /templates/macros/report/expandAllButtons.vm with loader org.apache.velocity.runtime.resource.loader.ClasspathResourceLoader
16:03:54.015 [Test worker] DEBUG org.apache.velocity - Velocimacro : added VM includeReportTable: source=/templates/macros/report/reportTable.vm
16:03:54.015 [Test worker] DEBUG org.apache.velocity - ResourceManager : found /templates/macros/report/reportTable.vm with loader org.apache.velocity.runtime.resource.loader.ClasspathResourceLoader
16:03:54.015 [Test worker] DEBUG org.apache.velocity - Velocimacro : added VM includeReportHeader: source=/templates/macros/report/reportHeader.vm
16:03:54.015 [Test worker] DEBUG org.apache.velocity - ResourceManager : found /templates/macros/report/reportHeader.vm with loader org.apache.velocity.runtime.resource.loader.ClasspathResourceLoader
16:03:54.015 [Test worker] DEBUG org.apache.velocity - Velocimacro : added VM includeStatsTable: source=/templates/macros/report/statsTable.vm
16:03:54.015 [Test worker] DEBUG org.apache.velocity - ResourceManager : found /templates/macros/report/statsTable.vm with loader org.apache.velocity.runtime.resource.loader.ClasspathResourceLoader
16:03:54.015 [Test worker] DEBUG org.apache.velocity - Velocimacro : added VM includeBrief: source=/templates/macros/json/brief.vm
16:03:54.015 [Test worker] DEBUG org.apache.velocity - ResourceManager : found /templates/macros/json/brief.vm with loader org.apache.velocity.runtime.resource.loader.ClasspathResourceLoader
16:03:54.015 [Test worker] DEBUG org.apache.velocity - Velocimacro : added VM includeDocString: source=/templates/macros/json/docstring.vm
16:03:54.015 [Test worker] DEBUG org.apache.velocity - ResourceManager : found /templates/macros/json/docstring.vm with loader org.apache.velocity.runtime.resource.loader.ClasspathResourceLoader
16:03:54.015 [Test worker] DEBUG org.apache.velocity - Velocimacro : added VM includeDuration: source=/templates/macros/json/duration.vm
16:03:54.015 [Test worker] DEBUG org.apache.velocity - ResourceManager : found /templates/macros/json/duration.vm with loader org.apache.velocity.runtime.resource.loader.ClasspathResourceLoader
16:03:54.015 [Test worker] DEBUG org.apache.velocity - Velocimacro : added VM includeElement: source=/templates/macros/json/element.vm
16:03:54.015 [Test worker] DEBUG org.apache.velocity - ResourceManager : found /templates/macros/json/element.vm with loader org.apache.velocity.runtime.resource.loader.ClasspathResourceLoader
16:03:54.015 [Test worker] DEBUG org.apache.velocity - Velocimacro : added VM includeEmbeddings: source=/templates/macros/json/embeddings.vm
16:03:54.015 [Test worker] DEBUG org.apache.velocity - Velocimacro : added VM includeHtmlEmbedding: source=/templates/macros/json/embeddings.vm
16:03:54.015 [Test worker] DEBUG org.apache.velocity - Velocimacro : added VM includeImageEmbedding: source=/templates/macros/json/embeddings.vm
16:03:54.015 [Test worker] DEBUG org.apache.velocity - Velocimacro : added VM includeImageReferenceEmbedding: source=/templates/macros/json/embeddings.vm
16:03:54.015 [Test worker] DEBUG org.apache.velocity - Velocimacro : added VM includeTextEmbedding: source=/templates/macros/json/embeddings.vm
16:03:54.015 [Test worker] DEBUG org.apache.velocity - Velocimacro : added VM includeUnknownEmbedding: source=/templates/macros/json/embeddings.vm
16:03:54.015 [Test worker] DEBUG org.apache.velocity - ResourceManager : found /templates/macros/json/embeddings.vm with loader org.apache.velocity.runtime.resource.loader.ClasspathResourceLoader
16:03:54.015 [Test worker] DEBUG org.apache.velocity - Velocimacro : added VM includeHooks: source=/templates/macros/json/hooks.vm
16:03:54.015 [Test worker] DEBUG org.apache.velocity - ResourceManager : found /templates/macros/json/hooks.vm with loader org.apache.velocity.runtime.resource.loader.ClasspathResourceLoader
16:03:54.015 [Test worker] DEBUG org.apache.velocity - Velocimacro : added VM includeOutput: source=/templates/macros/json/output.vm
16:03:54.015 [Test worker] DEBUG org.apache.velocity - ResourceManager : found /templates/macros/json/output.vm with loader org.apache.velocity.runtime.resource.loader.ClasspathResourceLoader
16:03:54.031 [Test worker] DEBUG org.apache.velocity - Velocimacro : added VM includeMessage: source=/templates/macros/json/message.vm
16:03:54.031 [Test worker] DEBUG org.apache.velocity - ResourceManager : found /templates/macros/json/message.vm with loader org.apache.velocity.runtime.resource.loader.ClasspathResourceLoader
16:03:54.031 [Test worker] DEBUG org.apache.velocity - Velocimacro : added VM includeSteps: source=/templates/macros/json/steps.vm
16:03:54.031 [Test worker] DEBUG org.apache.velocity - ResourceManager : found /templates/macros/json/steps.vm with loader org.apache.velocity.runtime.resource.loader.ClasspathResourceLoader
16:03:54.031 [Test worker] DEBUG org.apache.velocity - Velocimacro : added VM includeTags: source=/templates/macros/json/tags.vm
16:03:54.031 [Test worker] DEBUG org.apache.velocity - ResourceManager : found /templates/macros/json/tags.vm with loader org.apache.velocity.runtime.resource.loader.ClasspathResourceLoader
16:03:54.031 [Test worker] DEBUG org.apache.velocity - VM #includeNavigation: too few arguments to macro. Wanted 1 got 0
16:03:54.031 [Test worker] DEBUG org.apache.velocity - Left side ($active_tab) of '==' operation has null value. If it is a reference, it may not be in the context or its toString() returned null. /templates/macros/page/navigation.vm[line 14, column 51]
16:03:54.031 [Test worker] DEBUG org.apache.velocity - Left side ($active_tab) of '==' operation has null value. If it is a reference, it may not be in the context or its toString() returned null. /templates/macros/page/navigation.vm[line 15, column 51]
16:03:54.031 [Test worker] DEBUG org.apache.velocity - Left side ($active_tab) of '==' operation has null value. If it is a reference, it may not be in the context or its toString() returned null. /templates/macros/page/navigation.vm[line 16, column 51]
16:03:54.031 [Test worker] DEBUG org.apache.velocity - Left side ($active_tab) of '==' operation has null value. If it is a reference, it may not be in the context or its toString() returned null. /templates/macros/page/navigation.vm[line 20, column 51]
16:03:54.031 [Test worker] DEBUG org.apache.velocity - VM #includeLead: too few arguments to macro. Wanted 2 got 1
16:03:54.031 [Test worker] DEBUG org.apache.velocity - VM #includeBrief: too few arguments to macro. Wanted 5 got 3
16:03:54.031 [Test worker] DEBUG org.apache.velocity - VM #includeBrief: too few arguments to macro. Wanted 5 got 4
16:03:54.031 [Test worker] DEBUG org.apache.velocity - VM #includeBrief: too few arguments to macro. Wanted 5 got 4
16:03:54.031 [Test worker] DEBUG org.apache.velocity - VM #includeBrief: too few arguments to macro. Wanted 5 got 4
16:03:54.031 [Test worker] DEBUG org.apache.velocity - VM #includeBrief: too few arguments to macro. Wanted 5 got 4
16:03:54.031 [Test worker] DEBUG org.apache.velocity - ResourceManager : found /templates/footer.vm with loader org.apache.velocity.runtime.resource.loader.ClasspathResourceLoader
16:03:54.031 [Test worker] DEBUG org.apache.velocity - ResourceManager : found templates/generators/reportFeature.vm with loader org.apache.velocity.runtime.resource.loader.ClasspathResourceLoader
16:03:54.031 [Test worker] DEBUG org.apache.velocity - ResourceManager : found /templates/headers.vm with loader org.apache.velocity.runtime.resource.loader.ClasspathResourceLoader
16:03:54.031 [Test worker] DEBUG org.apache.velocity - ResourceManager : found /templates/head.vm with loader org.apache.velocity.runtime.resource.loader.ClasspathResourceLoader
16:03:54.031 [Test worker] DEBUG org.apache.velocity - Velocimacro : added VM stringArray: source=/templates/macros/array.js.vm
16:03:54.031 [Test worker] DEBUG org.apache.velocity - Velocimacro : added VM numberArray: source=/templates/macros/array.js.vm
16:03:54.031 [Test worker] DEBUG org.apache.velocity - ResourceManager : found /templates/macros/array.js.vm with loader org.apache.velocity.runtime.resource.loader.ClasspathResourceLoader
16:03:54.031 [Test worker] DEBUG org.apache.velocity - Velocimacro : added VM includeBuildInfo: source=/templates/macros/page/buildinfo.vm
16:03:54.031 [Test worker] DEBUG org.apache.velocity - ResourceManager : found /templates/macros/page/buildinfo.vm with loader org.apache.velocity.runtime.resource.loader.ClasspathResourceLoader
16:03:54.031 [Test worker] DEBUG org.apache.velocity - Velocimacro : added VM includeClassifications: source=/templates/macros/page/classifications.vm
16:03:54.031 [Test worker] DEBUG org.apache.velocity - ResourceManager : found /templates/macros/page/classifications.vm with loader org.apache.velocity.runtime.resource.loader.ClasspathResourceLoader
16:03:54.031 [Test worker] DEBUG org.apache.velocity - Velocimacro : added VM includeLead: source=/templates/macros/page/lead.vm
16:03:54.031 [Test worker] DEBUG org.apache.velocity - ResourceManager : found /templates/macros/page/lead.vm with loader org.apache.velocity.runtime.resource.loader.ClasspathResourceLoader
16:03:54.031 [Test worker] DEBUG org.apache.velocity - Velocimacro : added VM includeNavigation: source=/templates/macros/page/navigation.vm
16:03:54.031 [Test worker] DEBUG org.apache.velocity - ResourceManager : found /templates/macros/page/navigation.vm with loader org.apache.velocity.runtime.resource.loader.ClasspathResourceLoader
16:03:54.031 [Test worker] DEBUG org.apache.velocity - Velocimacro : added VM includeReportInfo: source=/templates/macros/page/reportInfo.vm
16:03:54.031 [Test worker] DEBUG org.apache.velocity - ResourceManager : found /templates/macros/page/reportInfo.vm with loader org.apache.velocity.runtime.resource.loader.ClasspathResourceLoader
16:03:54.031 [Test worker] DEBUG org.apache.velocity - Velocimacro : added VM includeTitle: source=/templates/macros/page/title.vm
16:03:54.031 [Test worker] DEBUG org.apache.velocity - ResourceManager : found /templates/macros/page/title.vm with loader org.apache.velocity.runtime.resource.loader.ClasspathResourceLoader
16:03:54.031 [Test worker] DEBUG org.apache.velocity - Velocimacro : added VM includeExpandingButtons: source=/templates/macros/report/expandAllButtons.vm
16:03:54.031 [Test worker] DEBUG org.apache.velocity - ResourceManager : found /templates/macros/report/expandAllButtons.vm with loader org.apache.velocity.runtime.resource.loader.ClasspathResourceLoader
16:03:54.031 [Test worker] DEBUG org.apache.velocity - Velocimacro : added VM includeReportTable: source=/templates/macros/report/reportTable.vm
16:03:54.031 [Test worker] DEBUG org.apache.velocity - ResourceManager : found /templates/macros/report/reportTable.vm with loader org.apache.velocity.runtime.resource.loader.ClasspathResourceLoader
16:03:54.031 [Test worker] DEBUG org.apache.velocity - Velocimacro : added VM includeReportHeader: source=/templates/macros/report/reportHeader.vm
16:03:54.031 [Test worker] DEBUG org.apache.velocity - ResourceManager : found /templates/macros/report/reportHeader.vm with loader org.apache.velocity.runtime.resource.loader.ClasspathResourceLoader
16:03:54.031 [Test worker] DEBUG org.apache.velocity - Velocimacro : added VM includeStatsTable: source=/templates/macros/report/statsTable.vm
16:03:54.031 [Test worker] DEBUG org.apache.velocity - ResourceManager : found /templates/macros/report/statsTable.vm with loader org.apache.velocity.runtime.resource.loader.ClasspathResourceLoader
16:03:54.031 [Test worker] DEBUG org.apache.velocity - Velocimacro : added VM includeBrief: source=/templates/macros/json/brief.vm
16:03:54.031 [Test worker] DEBUG org.apache.velocity - ResourceManager : found /templates/macros/json/brief.vm with loader org.apache.velocity.runtime.resource.loader.ClasspathResourceLoader
16:03:54.031 [Test worker] DEBUG org.apache.velocity - Velocimacro : added VM includeDocString: source=/templates/macros/json/docstring.vm
16:03:54.031 [Test worker] DEBUG org.apache.velocity - ResourceManager : found /templates/macros/json/docstring.vm with loader org.apache.velocity.runtime.resource.loader.ClasspathResourceLoader
16:03:54.031 [Test worker] DEBUG org.apache.velocity - Velocimacro : added VM includeDuration: source=/templates/macros/json/duration.vm
16:03:54.031 [Test worker] DEBUG org.apache.velocity - ResourceManager : found /templates/macros/json/duration.vm with loader org.apache.velocity.runtime.resource.loader.ClasspathResourceLoader
16:03:54.031 [Test worker] DEBUG org.apache.velocity - Velocimacro : added VM includeElement: source=/templates/macros/json/element.vm
16:03:54.031 [Test worker] DEBUG org.apache.velocity - ResourceManager : found /templates/macros/json/element.vm with loader org.apache.velocity.runtime.resource.loader.ClasspathResourceLoader
16:03:54.031 [Test worker] DEBUG org.apache.velocity - Velocimacro : added VM includeEmbeddings: source=/templates/macros/json/embeddings.vm
16:03:54.031 [Test worker] DEBUG org.apache.velocity - Velocimacro : added VM includeHtmlEmbedding: source=/templates/macros/json/embeddings.vm
16:03:54.031 [Test worker] DEBUG org.apache.velocity - Velocimacro : added VM includeImageEmbedding: source=/templates/macros/json/embeddings.vm
16:03:54.031 [Test worker] DEBUG org.apache.velocity - Velocimacro : added VM includeImageReferenceEmbedding: source=/templates/macros/json/embeddings.vm
16:03:54.031 [Test worker] DEBUG org.apache.velocity - Velocimacro : added VM includeTextEmbedding: source=/templates/macros/json/embeddings.vm
16:03:54.031 [Test worker] DEBUG org.apache.velocity - Velocimacro : added VM includeUnknownEmbedding: source=/templates/macros/json/embeddings.vm
16:03:54.031 [Test worker] DEBUG org.apache.velocity - ResourceManager : found /templates/macros/json/embeddings.vm with loader org.apache.velocity.runtime.resource.loader.ClasspathResourceLoader
16:03:54.031 [Test worker] DEBUG org.apache.velocity - Velocimacro : added VM includeHooks: source=/templates/macros/json/hooks.vm
16:03:54.031 [Test worker] DEBUG org.apache.velocity - ResourceManager : found /templates/macros/json/hooks.vm with loader org.apache.velocity.runtime.resource.loader.ClasspathResourceLoader
16:03:54.031 [Test worker] DEBUG org.apache.velocity - Velocimacro : added VM includeOutput: source=/templates/macros/json/output.vm
16:03:54.031 [Test worker] DEBUG org.apache.velocity - ResourceManager : found /templates/macros/json/output.vm with loader org.apache.velocity.runtime.resource.loader.ClasspathResourceLoader
16:03:54.031 [Test worker] DEBUG org.apache.velocity - Velocimacro : added VM includeMessage: source=/templates/macros/json/message.vm
16:03:54.031 [Test worker] DEBUG org.apache.velocity - ResourceManager : found /templates/macros/json/message.vm with loader org.apache.velocity.runtime.resource.loader.ClasspathResourceLoader
16:03:54.031 [Test worker] DEBUG org.apache.velocity - Velocimacro : added VM includeSteps: source=/templates/macros/json/steps.vm
16:03:54.046 [Test worker] DEBUG org.apache.velocity - ResourceManager : found /templates/macros/json/steps.vm with loader org.apache.velocity.runtime.resource.loader.ClasspathResourceLoader
16:03:54.046 [Test worker] DEBUG org.apache.velocity - Velocimacro : added VM includeTags: source=/templates/macros/json/tags.vm
16:03:54.046 [Test worker] DEBUG org.apache.velocity - ResourceManager : found /templates/macros/json/tags.vm with loader org.apache.velocity.runtime.resource.loader.ClasspathResourceLoader
16:03:54.046 [Test worker] DEBUG org.apache.velocity - VM #includeNavigation: too few arguments to macro. Wanted 1 got 0
16:03:54.046 [Test worker] DEBUG org.apache.velocity - Left side ($active_tab) of '==' operation has null value. If it is a reference, it may not be in the context or its toString() returned null. /templates/macros/page/navigation.vm[line 14, column 51]
16:03:54.046 [Test worker] DEBUG org.apache.velocity - Left side ($active_tab) of '==' operation has null value. If it is a reference, it may not be in the context or its toString() returned null. /templates/macros/page/navigation.vm[line 15, column 51]
16:03:54.046 [Test worker] DEBUG org.apache.velocity - Left side ($active_tab) of '==' operation has null value. If it is a reference, it may not be in the context or its toString() returned null. /templates/macros/page/navigation.vm[line 16, column 51]
16:03:54.046 [Test worker] DEBUG org.apache.velocity - Left side ($active_tab) of '==' operation has null value. If it is a reference, it may not be in the context or its toString() returned null. /templates/macros/page/navigation.vm[line 20, column 51]
16:03:54.046 [Test worker] DEBUG org.apache.velocity - VM #includeLead: too few arguments to macro. Wanted 2 got 1
16:03:54.046 [Test worker] DEBUG org.apache.velocity - VM #includeBrief: too few arguments to macro. Wanted 5 got 3
16:03:54.046 [Test worker] DEBUG org.apache.velocity - VM #includeBrief: too few arguments to macro. Wanted 5 got 4
16:03:54.046 [Test worker] DEBUG org.apache.velocity - VM #includeBrief: too few arguments to macro. Wanted 5 got 4
16:03:54.046 [Test worker] DEBUG org.apache.velocity - VM #includeBrief: too few arguments to macro. Wanted 5 got 4
16:03:54.046 [Test worker] DEBUG org.apache.velocity - VM #includeBrief: too few arguments to macro. Wanted 5 got 4
16:03:54.046 [Test worker] DEBUG org.apache.velocity - VM #includeBrief: too few arguments to macro. Wanted 5 got 4
16:03:54.046 [Test worker] DEBUG org.apache.velocity - VM #includeBrief: too few arguments to macro. Wanted 5 got 4
16:03:54.046 [Test worker] DEBUG org.apache.velocity - VM #includeBrief: too few arguments to macro. Wanted 5 got 4
16:03:54.046 [Test worker] DEBUG org.apache.velocity - VM #includeBrief: too few arguments to macro. Wanted 5 got 4
16:03:54.046 [Test worker] DEBUG org.apache.velocity - ResourceManager : found /templates/footer.vm with loader org.apache.velocity.runtime.resource.loader.ClasspathResourceLoader
16:03:54.046 [Test worker] DEBUG org.apache.velocity - ResourceManager : found templates/generators/reportFeature.vm with loader org.apache.velocity.runtime.resource.loader.ClasspathResourceLoader
16:03:54.062 [Test worker] DEBUG org.apache.velocity - ResourceManager : found /templates/headers.vm with loader org.apache.velocity.runtime.resource.loader.ClasspathResourceLoader
16:03:54.062 [Test worker] DEBUG org.apache.velocity - ResourceManager : found /templates/head.vm with loader org.apache.velocity.runtime.resource.loader.ClasspathResourceLoader
16:03:54.062 [Test worker] DEBUG org.apache.velocity - Velocimacro : added VM stringArray: source=/templates/macros/array.js.vm
16:03:54.062 [Test worker] DEBUG org.apache.velocity - Velocimacro : added VM numberArray: source=/templates/macros/array.js.vm
16:03:54.062 [Test worker] DEBUG org.apache.velocity - ResourceManager : found /templates/macros/array.js.vm with loader org.apache.velocity.runtime.resource.loader.ClasspathResourceLoader
16:03:54.062 [Test worker] DEBUG org.apache.velocity - Velocimacro : added VM includeBuildInfo: source=/templates/macros/page/buildinfo.vm
16:03:54.062 [Test worker] DEBUG org.apache.velocity - ResourceManager : found /templates/macros/page/buildinfo.vm with loader org.apache.velocity.runtime.resource.loader.ClasspathResourceLoader
16:03:54.062 [Test worker] DEBUG org.apache.velocity - Velocimacro : added VM includeClassifications: source=/templates/macros/page/classifications.vm
16:03:54.062 [Test worker] DEBUG org.apache.velocity - ResourceManager : found /templates/macros/page/classifications.vm with loader org.apache.velocity.runtime.resource.loader.ClasspathResourceLoader
16:03:54.062 [Test worker] DEBUG org.apache.velocity - Velocimacro : added VM includeLead: source=/templates/macros/page/lead.vm
16:03:54.062 [Test worker] DEBUG org.apache.velocity - ResourceManager : found /templates/macros/page/lead.vm with loader org.apache.velocity.runtime.resource.loader.ClasspathResourceLoader
16:03:54.062 [Test worker] DEBUG org.apache.velocity - Velocimacro : added VM includeNavigation: source=/templates/macros/page/navigation.vm
16:03:54.062 [Test worker] DEBUG org.apache.velocity - ResourceManager : found /templates/macros/page/navigation.vm with loader org.apache.velocity.runtime.resource.loader.ClasspathResourceLoader
16:03:54.062 [Test worker] DEBUG org.apache.velocity - Velocimacro : added VM includeReportInfo: source=/templates/macros/page/reportInfo.vm
16:03:54.062 [Test worker] DEBUG org.apache.velocity - ResourceManager : found /templates/macros/page/reportInfo.vm with loader org.apache.velocity.runtime.resource.loader.ClasspathResourceLoader
16:03:54.062 [Test worker] DEBUG org.apache.velocity - Velocimacro : added VM includeTitle: source=/templates/macros/page/title.vm
16:03:54.062 [Test worker] DEBUG org.apache.velocity - ResourceManager : found /templates/macros/page/title.vm with loader org.apache.velocity.runtime.resource.loader.ClasspathResourceLoader
16:03:54.062 [Test worker] DEBUG org.apache.velocity - Velocimacro : added VM includeExpandingButtons: source=/templates/macros/report/expandAllButtons.vm
16:03:54.062 [Test worker] DEBUG org.apache.velocity - ResourceManager : found /templates/macros/report/expandAllButtons.vm with loader org.apache.velocity.runtime.resource.loader.ClasspathResourceLoader
16:03:54.062 [Test worker] DEBUG org.apache.velocity - Velocimacro : added VM includeReportTable: source=/templates/macros/report/reportTable.vm
16:03:54.062 [Test worker] DEBUG org.apache.velocity - ResourceManager : found /templates/macros/report/reportTable.vm with loader org.apache.velocity.runtime.resource.loader.ClasspathResourceLoader
16:03:54.062 [Test worker] DEBUG org.apache.velocity - Velocimacro : added VM includeReportHeader: source=/templates/macros/report/reportHeader.vm
16:03:54.062 [Test worker] DEBUG org.apache.velocity - ResourceManager : found /templates/macros/report/reportHeader.vm with loader org.apache.velocity.runtime.resource.loader.ClasspathResourceLoader
16:03:54.062 [Test worker] DEBUG org.apache.velocity - Velocimacro : added VM includeStatsTable: source=/templates/macros/report/statsTable.vm
16:03:54.062 [Test worker] DEBUG org.apache.velocity - ResourceManager : found /templates/macros/report/statsTable.vm with loader org.apache.velocity.runtime.resource.loader.ClasspathResourceLoader
16:03:54.062 [Test worker] DEBUG org.apache.velocity - Velocimacro : added VM includeBrief: source=/templates/macros/json/brief.vm
16:03:54.062 [Test worker] DEBUG org.apache.velocity - ResourceManager : found /templates/macros/json/brief.vm with loader org.apache.velocity.runtime.resource.loader.ClasspathResourceLoader
16:03:54.062 [Test worker] DEBUG org.apache.velocity - Velocimacro : added VM includeDocString: source=/templates/macros/json/docstring.vm
16:03:54.062 [Test worker] DEBUG org.apache.velocity - ResourceManager : found /templates/macros/json/docstring.vm with loader org.apache.velocity.runtime.resource.loader.ClasspathResourceLoader
16:03:54.062 [Test worker] DEBUG org.apache.velocity - Velocimacro : added VM includeDuration: source=/templates/macros/json/duration.vm
16:03:54.062 [Test worker] DEBUG org.apache.velocity - ResourceManager : found /templates/macros/json/duration.vm with loader org.apache.velocity.runtime.resource.loader.ClasspathResourceLoader
16:03:54.062 [Test worker] DEBUG org.apache.velocity - Velocimacro : added VM includeElement: source=/templates/macros/json/element.vm
16:03:54.062 [Test worker] DEBUG org.apache.velocity - ResourceManager : found /templates/macros/json/element.vm with loader org.apache.velocity.runtime.resource.loader.ClasspathResourceLoader
16:03:54.062 [Test worker] DEBUG org.apache.velocity - Velocimacro : added VM includeEmbeddings: source=/templates/macros/json/embeddings.vm
16:03:54.062 [Test worker] DEBUG org.apache.velocity - Velocimacro : added VM includeHtmlEmbedding: source=/templates/macros/json/embeddings.vm
16:03:54.062 [Test worker] DEBUG org.apache.velocity - Velocimacro : added VM includeImageEmbedding: source=/templates/macros/json/embeddings.vm
16:03:54.062 [Test worker] DEBUG org.apache.velocity - Velocimacro : added VM includeImageReferenceEmbedding: source=/templates/macros/json/embeddings.vm
16:03:54.077 [Test worker] DEBUG org.apache.velocity - Velocimacro : added VM includeTextEmbedding: source=/templates/macros/json/embeddings.vm
16:03:54.077 [Test worker] DEBUG org.apache.velocity - Velocimacro : added VM includeUnknownEmbedding: source=/templates/macros/json/embeddings.vm
16:03:54.077 [Test worker] DEBUG org.apache.velocity - ResourceManager : found /templates/macros/json/embeddings.vm with loader org.apache.velocity.runtime.resource.loader.ClasspathResourceLoader
16:03:54.077 [Test worker] DEBUG org.apache.velocity - Velocimacro : added VM includeHooks: source=/templates/macros/json/hooks.vm
16:03:54.077 [Test worker] DEBUG org.apache.velocity - ResourceManager : found /templates/macros/json/hooks.vm with loader org.apache.velocity.runtime.resource.loader.ClasspathResourceLoader
16:03:54.077 [Test worker] DEBUG org.apache.velocity - Velocimacro : added VM includeOutput: source=/templates/macros/json/output.vm
16:03:54.077 [Test worker] DEBUG org.apache.velocity - ResourceManager : found /templates/macros/json/output.vm with loader org.apache.velocity.runtime.resource.loader.ClasspathResourceLoader
16:03:54.077 [Test worker] DEBUG org.apache.velocity - Velocimacro : added VM includeMessage: source=/templates/macros/json/message.vm
16:03:54.077 [Test worker] DEBUG org.apache.velocity - ResourceManager : found /templates/macros/json/message.vm with loader org.apache.velocity.runtime.resource.loader.ClasspathResourceLoader
16:03:54.077 [Test worker] DEBUG org.apache.velocity - Velocimacro : added VM includeSteps: source=/templates/macros/json/steps.vm
16:03:54.077 [Test worker] DEBUG org.apache.velocity - ResourceManager : found /templates/macros/json/steps.vm with loader org.apache.velocity.runtime.resource.loader.ClasspathResourceLoader
16:03:54.077 [Test worker] DEBUG org.apache.velocity - Velocimacro : added VM includeTags: source=/templates/macros/json/tags.vm
16:03:54.077 [Test worker] DEBUG org.apache.velocity - ResourceManager : found /templates/macros/json/tags.vm with loader org.apache.velocity.runtime.resource.loader.ClasspathResourceLoader
16:03:54.077 [Test worker] DEBUG org.apache.velocity - VM #includeNavigation: too few arguments to macro. Wanted 1 got 0
16:03:54.077 [Test worker] DEBUG org.apache.velocity - Left side ($active_tab) of '==' operation has null value. If it is a reference, it may not be in the context or its toString() returned null. /templates/macros/page/navigation.vm[line 14, column 51]
16:03:54.077 [Test worker] DEBUG org.apache.velocity - Left side ($active_tab) of '==' operation has null value. If it is a reference, it may not be in the context or its toString() returned null. /templates/macros/page/navigation.vm[line 15, column 51]
16:03:54.077 [Test worker] DEBUG org.apache.velocity - Left side ($active_tab) of '==' operation has null value. If it is a reference, it may not be in the context or its toString() returned null. /templates/macros/page/navigation.vm[line 16, column 51]
16:03:54.077 [Test worker] DEBUG org.apache.velocity - Left side ($active_tab) of '==' operation has null value. If it is a reference, it may not be in the context or its toString() returned null. /templates/macros/page/navigation.vm[line 20, column 51]
16:03:54.077 [Test worker] DEBUG org.apache.velocity - VM #includeLead: too few arguments to macro. Wanted 2 got 1
16:03:54.077 [Test worker] DEBUG org.apache.velocity - VM #includeBrief: too few arguments to macro. Wanted 5 got 3
16:03:54.077 [Test worker] DEBUG org.apache.velocity - VM #includeBrief: too few arguments to macro. Wanted 5 got 4
16:03:54.077 [Test worker] DEBUG org.apache.velocity - VM #includeBrief: too few arguments to macro. Wanted 5 got 4
16:03:54.109 [Test worker] DEBUG org.apache.velocity - VM #includeBrief: too few arguments to macro. Wanted 5 got 4
16:03:54.109 [Test worker] DEBUG org.apache.velocity - VM #includeBrief: too few arguments to macro. Wanted 5 got 4
16:03:54.109 [Test worker] DEBUG org.apache.velocity - ResourceManager : found /templates/footer.vm with loader org.apache.velocity.runtime.resource.loader.ClasspathResourceLoader
16:03:54.109 [Test worker] DEBUG org.apache.velocity - ResourceManager : found templates/generators/reportFeature.vm with loader org.apache.velocity.runtime.resource.loader.ClasspathResourceLoader
16:03:54.109 [Test worker] DEBUG org.apache.velocity - ResourceManager : found /templates/headers.vm with loader org.apache.velocity.runtime.resource.loader.ClasspathResourceLoader
16:03:54.109 [Test worker] DEBUG org.apache.velocity - ResourceManager : found /templates/head.vm with loader org.apache.velocity.runtime.resource.loader.ClasspathResourceLoader
16:03:54.109 [Test worker] DEBUG org.apache.velocity - Velocimacro : added VM stringArray: source=/templates/macros/array.js.vm
16:03:54.109 [Test worker] DEBUG org.apache.velocity - Velocimacro : added VM numberArray: source=/templates/macros/array.js.vm
16:03:54.109 [Test worker] DEBUG org.apache.velocity - ResourceManager : found /templates/macros/array.js.vm with loader org.apache.velocity.runtime.resource.loader.ClasspathResourceLoader
16:03:54.109 [Test worker] DEBUG org.apache.velocity - Velocimacro : added VM includeBuildInfo: source=/templates/macros/page/buildinfo.vm
16:03:54.109 [Test worker] DEBUG org.apache.velocity - ResourceManager : found /templates/macros/page/buildinfo.vm with loader org.apache.velocity.runtime.resource.loader.ClasspathResourceLoader
16:03:54.109 [Test worker] DEBUG org.apache.velocity - Velocimacro : added VM includeClassifications: source=/templates/macros/page/classifications.vm
16:03:54.109 [Test worker] DEBUG org.apache.velocity - ResourceManager : found /templates/macros/page/classifications.vm with loader org.apache.velocity.runtime.resource.loader.ClasspathResourceLoader
16:03:54.109 [Test worker] DEBUG org.apache.velocity - Velocimacro : added VM includeLead: source=/templates/macros/page/lead.vm
16:03:54.109 [Test worker] DEBUG org.apache.velocity - ResourceManager : found /templates/macros/page/lead.vm with loader org.apache.velocity.runtime.resource.loader.ClasspathResourceLoader
16:03:54.109 [Test worker] DEBUG org.apache.velocity - Velocimacro : added VM includeNavigation: source=/templates/macros/page/navigation.vm
16:03:54.109 [Test worker] DEBUG org.apache.velocity - ResourceManager : found /templates/macros/page/navigation.vm with loader org.apache.velocity.runtime.resource.loader.ClasspathResourceLoader
16:03:54.109 [Test worker] DEBUG org.apache.velocity - Velocimacro : added VM includeReportInfo: source=/templates/macros/page/reportInfo.vm
16:03:54.109 [Test worker] DEBUG org.apache.velocity - ResourceManager : found /templates/macros/page/reportInfo.vm with loader org.apache.velocity.runtime.resource.loader.ClasspathResourceLoader
16:03:54.109 [Test worker] DEBUG org.apache.velocity - Velocimacro : added VM includeTitle: source=/templates/macros/page/title.vm
16:03:54.109 [Test worker] DEBUG org.apache.velocity - ResourceManager : found /templates/macros/page/title.vm with loader org.apache.velocity.runtime.resource.loader.ClasspathResourceLoader
16:03:54.124 [Test worker] DEBUG org.apache.velocity - Velocimacro : added VM includeExpandingButtons: source=/templates/macros/report/expandAllButtons.vm
16:03:54.124 [Test worker] DEBUG org.apache.velocity - ResourceManager : found /templates/macros/report/expandAllButtons.vm with loader org.apache.velocity.runtime.resource.loader.ClasspathResourceLoader
16:03:54.124 [Test worker] DEBUG org.apache.velocity - Velocimacro : added VM includeReportTable: source=/templates/macros/report/reportTable.vm
16:03:54.124 [Test worker] DEBUG org.apache.velocity - ResourceManager : found /templates/macros/report/reportTable.vm with loader org.apache.velocity.runtime.resource.loader.ClasspathResourceLoader
16:03:54.124 [Test worker] DEBUG org.apache.velocity - Velocimacro : added VM includeReportHeader: source=/templates/macros/report/reportHeader.vm
16:03:54.124 [Test worker] DEBUG org.apache.velocity - ResourceManager : found /templates/macros/report/reportHeader.vm with loader org.apache.velocity.runtime.resource.loader.ClasspathResourceLoader
16:03:54.124 [Test worker] DEBUG org.apache.velocity - Velocimacro : added VM includeStatsTable: source=/templates/macros/report/statsTable.vm
16:03:54.124 [Test worker] DEBUG org.apache.velocity - ResourceManager : found /templates/macros/report/statsTable.vm with loader org.apache.velocity.runtime.resource.loader.ClasspathResourceLoader
16:03:54.124 [Test worker] DEBUG org.apache.velocity - Velocimacro : added VM includeBrief: source=/templates/macros/json/brief.vm
16:03:54.124 [Test worker] DEBUG org.apache.velocity - ResourceManager : found /templates/macros/json/brief.vm with loader org.apache.velocity.runtime.resource.loader.ClasspathResourceLoader
16:03:54.124 [Test worker] DEBUG org.apache.velocity - Velocimacro : added VM includeDocString: source=/templates/macros/json/docstring.vm
16:03:54.124 [Test worker] DEBUG org.apache.velocity - ResourceManager : found /templates/macros/json/docstring.vm with loader org.apache.velocity.runtime.resource.loader.ClasspathResourceLoader
16:03:54.124 [Test worker] DEBUG org.apache.velocity - Velocimacro : added VM includeDuration: source=/templates/macros/json/duration.vm
16:03:54.124 [Test worker] DEBUG org.apache.velocity - ResourceManager : found /templates/macros/json/duration.vm with loader org.apache.velocity.runtime.resource.loader.ClasspathResourceLoader
16:03:54.124 [Test worker] DEBUG org.apache.velocity - Velocimacro : added VM includeElement: source=/templates/macros/json/element.vm
16:03:54.124 [Test worker] DEBUG org.apache.velocity - ResourceManager : found /templates/macros/json/element.vm with loader org.apache.velocity.runtime.resource.loader.ClasspathResourceLoader
16:03:54.124 [Test worker] DEBUG org.apache.velocity - Velocimacro : added VM includeEmbeddings: source=/templates/macros/json/embeddings.vm
16:03:54.124 [Test worker] DEBUG org.apache.velocity - Velocimacro : added VM includeHtmlEmbedding: source=/templates/macros/json/embeddings.vm
16:03:54.124 [Test worker] DEBUG org.apache.velocity - Velocimacro : added VM includeImageEmbedding: source=/templates/macros/json/embeddings.vm
16:03:54.124 [Test worker] DEBUG org.apache.velocity - Velocimacro : added VM includeImageReferenceEmbedding: source=/templates/macros/json/embeddings.vm
16:03:54.124 [Test worker] DEBUG org.apache.velocity - Velocimacro : added VM includeTextEmbedding: source=/templates/macros/json/embeddings.vm
16:03:54.124 [Test worker] DEBUG org.apache.velocity - Velocimacro : added VM includeUnknownEmbedding: source=/templates/macros/json/embeddings.vm
16:03:54.124 [Test worker] DEBUG org.apache.velocity - ResourceManager : found /templates/macros/json/embeddings.vm with loader org.apache.velocity.runtime.resource.loader.ClasspathResourceLoader
16:03:54.124 [Test worker] DEBUG org.apache.velocity - Velocimacro : added VM includeHooks: source=/templates/macros/json/hooks.vm
16:03:54.124 [Test worker] DEBUG org.apache.velocity - ResourceManager : found /templates/macros/json/hooks.vm with loader org.apache.velocity.runtime.resource.loader.ClasspathResourceLoader
16:03:54.124 [Test worker] DEBUG org.apache.velocity - Velocimacro : added VM includeOutput: source=/templates/macros/json/output.vm
16:03:54.124 [Test worker] DEBUG org.apache.velocity - ResourceManager : found /templates/macros/json/output.vm with loader org.apache.velocity.runtime.resource.loader.ClasspathResourceLoader
16:03:54.124 [Test worker] DEBUG org.apache.velocity - Velocimacro : added VM includeMessage: source=/templates/macros/json/message.vm
16:03:54.124 [Test worker] DEBUG org.apache.velocity - ResourceManager : found /templates/macros/json/message.vm with loader org.apache.velocity.runtime.resource.loader.ClasspathResourceLoader
16:03:54.124 [Test worker] DEBUG org.apache.velocity - Velocimacro : added VM includeSteps: source=/templates/macros/json/steps.vm
16:03:54.124 [Test worker] DEBUG org.apache.velocity - ResourceManager : found /templates/macros/json/steps.vm with loader org.apache.velocity.runtime.resource.loader.ClasspathResourceLoader
16:03:54.124 [Test worker] DEBUG org.apache.velocity - Velocimacro : added VM includeTags: source=/templates/macros/json/tags.vm
16:03:54.124 [Test worker] DEBUG org.apache.velocity - ResourceManager : found /templates/macros/json/tags.vm with loader org.apache.velocity.runtime.resource.loader.ClasspathResourceLoader
16:03:54.124 [Test worker] DEBUG org.apache.velocity - VM #includeNavigation: too few arguments to macro. Wanted 1 got 0
16:03:54.124 [Test worker] DEBUG org.apache.velocity - Left side ($active_tab) of '==' operation has null value. If it is a reference, it may not be in the context or its toString() returned null. /templates/macros/page/navigation.vm[line 14, column 51]
16:03:54.124 [Test worker] DEBUG org.apache.velocity - Left side ($active_tab) of '==' operation has null value. If it is a reference, it may not be in the context or its toString() returned null. /templates/macros/page/navigation.vm[line 15, column 51]
16:03:54.124 [Test worker] DEBUG org.apache.velocity - Left side ($active_tab) of '==' operation has null value. If it is a reference, it may not be in the context or its toString() returned null. /templates/macros/page/navigation.vm[line 16, column 51]
16:03:54.124 [Test worker] DEBUG org.apache.velocity - Left side ($active_tab) of '==' operation has null value. If it is a reference, it may not be in the context or its toString() returned null. /templates/macros/page/navigation.vm[line 20, column 51]
16:03:54.124 [Test worker] DEBUG org.apache.velocity - VM #includeLead: too few arguments to macro. Wanted 2 got 1
16:03:54.124 [Test worker] DEBUG org.apache.velocity - VM #includeBrief: too few arguments to macro. Wanted 5 got 3
16:03:54.124 [Test worker] DEBUG org.apache.velocity - VM #includeBrief: too few arguments to macro. Wanted 5 got 4
16:03:54.124 [Test worker] DEBUG org.apache.velocity - VM #includeBrief: too few arguments to macro. Wanted 5 got 4
16:03:54.124 [Test worker] DEBUG org.apache.velocity - VM #includeBrief: too few arguments to macro. Wanted 5 got 4
16:03:54.124 [Test worker] DEBUG org.apache.velocity - VM #includeBrief: too few arguments to macro. Wanted 5 got 4
16:03:54.124 [Test worker] DEBUG org.apache.velocity - VM #includeBrief: too few arguments to macro. Wanted 5 got 4
16:03:54.124 [Test worker] DEBUG org.apache.velocity - VM #includeBrief: too few arguments to macro. Wanted 5 got 4
16:03:54.124 [Test worker] DEBUG org.apache.velocity - VM #includeBrief: too few arguments to macro. Wanted 5 got 4
16:03:54.124 [Test worker] DEBUG org.apache.velocity - VM #includeBrief: too few arguments to macro. Wanted 5 got 4
16:03:54.124 [Test worker] DEBUG org.apache.velocity - VM #includeBrief: too few arguments to macro. Wanted 5 got 4
16:03:54.124 [Test worker] DEBUG org.apache.velocity - VM #includeBrief: too few arguments to macro. Wanted 5 got 4
16:03:54.124 [Test worker] DEBUG org.apache.velocity - VM #includeBrief: too few arguments to macro. Wanted 5 got 4
16:03:54.124 [Test worker] DEBUG org.apache.velocity - VM #includeBrief: too few arguments to macro. Wanted 5 got 4
16:03:54.124 [Test worker] DEBUG org.apache.velocity - VM #includeBrief: too few arguments to macro. Wanted 5 got 4
16:03:54.124 [Test worker] DEBUG org.apache.velocity - VM #includeBrief: too few arguments to macro. Wanted 5 got 4
16:03:54.124 [Test worker] DEBUG org.apache.velocity - VM #includeBrief: too few arguments to macro. Wanted 5 got 4
16:03:54.124 [Test worker] DEBUG org.apache.velocity - VM #includeBrief: too few arguments to macro. Wanted 5 got 4
16:03:54.124 [Test worker] DEBUG org.apache.velocity - VM #includeBrief: too few arguments to macro. Wanted 5 got 4
16:03:54.124 [Test worker] DEBUG org.apache.velocity - VM #includeBrief: too few arguments to macro. Wanted 5 got 4
16:03:54.124 [Test worker] DEBUG org.apache.velocity - VM #includeBrief: too few arguments to macro. Wanted 5 got 4
16:03:54.124 [Test worker] DEBUG org.apache.velocity - VM #includeBrief: too few arguments to macro. Wanted 5 got 4
16:03:54.124 [Test worker] DEBUG org.apache.velocity - VM #includeBrief: too few arguments to macro. Wanted 5 got 4
16:03:54.124 [Test worker] DEBUG org.apache.velocity - VM #includeBrief: too few arguments to macro. Wanted 5 got 4
16:03:54.124 [Test worker] DEBUG org.apache.velocity - VM #includeBrief: too few arguments to macro. Wanted 5 got 4
16:03:54.124 [Test worker] DEBUG org.apache.velocity - VM #includeBrief: too few arguments to macro. Wanted 5 got 4
16:03:54.124 [Test worker] DEBUG org.apache.velocity - VM #includeBrief: too few arguments to macro. Wanted 5 got 4
16:03:54.124 [Test worker] DEBUG org.apache.velocity - VM #includeBrief: too few arguments to macro. Wanted 5 got 4
16:03:54.124 [Test worker] DEBUG org.apache.velocity - VM #includeBrief: too few arguments to macro. Wanted 5 got 4
16:03:54.124 [Test worker] DEBUG org.apache.velocity - VM #includeBrief: too few arguments to macro. Wanted 5 got 4
16:03:54.124 [Test worker] DEBUG org.apache.velocity - VM #includeBrief: too few arguments to macro. Wanted 5 got 4
16:03:54.124 [Test worker] DEBUG org.apache.velocity - VM #includeBrief: too few arguments to macro. Wanted 5 got 4
16:03:54.124 [Test worker] DEBUG org.apache.velocity - VM #includeBrief: too few arguments to macro. Wanted 5 got 4
16:03:54.124 [Test worker] DEBUG org.apache.velocity - VM #includeBrief: too few arguments to macro. Wanted 5 got 4
16:03:54.124 [Test worker] DEBUG org.apache.velocity - ResourceManager : found /templates/footer.vm with loader org.apache.velocity.runtime.resource.loader.ClasspathResourceLoader
16:03:54.124 [Test worker] DEBUG org.apache.velocity - ResourceManager : found templates/generators/reportFeature.vm with loader org.apache.velocity.runtime.resource.loader.ClasspathResourceLoader
16:03:54.140 [Test worker] DEBUG org.apache.velocity - ResourceManager : found /templates/headers.vm with loader org.apache.velocity.runtime.resource.loader.ClasspathResourceLoader
16:03:54.140 [Test worker] DEBUG org.apache.velocity - ResourceManager : found /templates/head.vm with loader org.apache.velocity.runtime.resource.loader.ClasspathResourceLoader
16:03:54.140 [Test worker] DEBUG org.apache.velocity - Velocimacro : added VM stringArray: source=/templates/macros/array.js.vm
16:03:54.140 [Test worker] DEBUG org.apache.velocity - Velocimacro : added VM numberArray: source=/templates/macros/array.js.vm
16:03:54.140 [Test worker] DEBUG org.apache.velocity - ResourceManager : found /templates/macros/array.js.vm with loader org.apache.velocity.runtime.resource.loader.ClasspathResourceLoader
16:03:54.140 [Test worker] DEBUG org.apache.velocity - Velocimacro : added VM includeBuildInfo: source=/templates/macros/page/buildinfo.vm
16:03:54.140 [Test worker] DEBUG org.apache.velocity - ResourceManager : found /templates/macros/page/buildinfo.vm with loader org.apache.velocity.runtime.resource.loader.ClasspathResourceLoader
16:03:54.140 [Test worker] DEBUG org.apache.velocity - Velocimacro : added VM includeClassifications: source=/templates/macros/page/classifications.vm
16:03:54.140 [Test worker] DEBUG org.apache.velocity - ResourceManager : found /templates/macros/page/classifications.vm with loader org.apache.velocity.runtime.resource.loader.ClasspathResourceLoader
16:03:54.140 [Test worker] DEBUG org.apache.velocity - Velocimacro : added VM includeLead: source=/templates/macros/page/lead.vm
16:03:54.140 [Test worker] DEBUG org.apache.velocity - ResourceManager : found /templates/macros/page/lead.vm with loader org.apache.velocity.runtime.resource.loader.ClasspathResourceLoader
16:03:54.140 [Test worker] DEBUG org.apache.velocity - Velocimacro : added VM includeNavigation: source=/templates/macros/page/navigation.vm
16:03:54.140 [Test worker] DEBUG org.apache.velocity - ResourceManager : found /templates/macros/page/navigation.vm with loader org.apache.velocity.runtime.resource.loader.ClasspathResourceLoader
16:03:54.140 [Test worker] DEBUG org.apache.velocity - Velocimacro : added VM includeReportInfo: source=/templates/macros/page/reportInfo.vm
16:03:54.140 [Test worker] DEBUG org.apache.velocity - ResourceManager : found /templates/macros/page/reportInfo.vm with loader org.apache.velocity.runtime.resource.loader.ClasspathResourceLoader
16:03:54.140 [Test worker] DEBUG org.apache.velocity - Velocimacro : added VM includeTitle: source=/templates/macros/page/title.vm
16:03:54.140 [Test worker] DEBUG org.apache.velocity - ResourceManager : found /templates/macros/page/title.vm with loader org.apache.velocity.runtime.resource.loader.ClasspathResourceLoader
16:03:54.140 [Test worker] DEBUG org.apache.velocity - Velocimacro : added VM includeExpandingButtons: source=/templates/macros/report/expandAllButtons.vm
16:03:54.140 [Test worker] DEBUG org.apache.velocity - ResourceManager : found /templates/macros/report/expandAllButtons.vm with loader org.apache.velocity.runtime.resource.loader.ClasspathResourceLoader
16:03:54.140 [Test worker] DEBUG org.apache.velocity - Velocimacro : added VM includeReportTable: source=/templates/macros/report/reportTable.vm
16:03:54.140 [Test worker] DEBUG org.apache.velocity - ResourceManager : found /templates/macros/report/reportTable.vm with loader org.apache.velocity.runtime.resource.loader.ClasspathResourceLoader
16:03:54.140 [Test worker] DEBUG org.apache.velocity - Velocimacro : added VM includeReportHeader: source=/templates/macros/report/reportHeader.vm
16:03:54.140 [Test worker] DEBUG org.apache.velocity - ResourceManager : found /templates/macros/report/reportHeader.vm with loader org.apache.velocity.runtime.resource.loader.ClasspathResourceLoader
16:03:54.140 [Test worker] DEBUG org.apache.velocity - Velocimacro : added VM includeStatsTable: source=/templates/macros/report/statsTable.vm
16:03:54.140 [Test worker] DEBUG org.apache.velocity - ResourceManager : found /templates/macros/report/statsTable.vm with loader org.apache.velocity.runtime.resource.loader.ClasspathResourceLoader
16:03:54.140 [Test worker] DEBUG org.apache.velocity - Velocimacro : added VM includeBrief: source=/templates/macros/json/brief.vm
16:03:54.140 [Test worker] DEBUG org.apache.velocity - ResourceManager : found /templates/macros/json/brief.vm with loader org.apache.velocity.runtime.resource.loader.ClasspathResourceLoader
16:03:54.140 [Test worker] DEBUG org.apache.velocity - Velocimacro : added VM includeDocString: source=/templates/macros/json/docstring.vm
16:03:54.140 [Test worker] DEBUG org.apache.velocity - ResourceManager : found /templates/macros/json/docstring.vm with loader org.apache.velocity.runtime.resource.loader.ClasspathResourceLoader
16:03:54.140 [Test worker] DEBUG org.apache.velocity - Velocimacro : added VM includeDuration: source=/templates/macros/json/duration.vm
16:03:54.140 [Test worker] DEBUG org.apache.velocity - ResourceManager : found /templates/macros/json/duration.vm with loader org.apache.velocity.runtime.resource.loader.ClasspathResourceLoader
16:03:54.140 [Test worker] DEBUG org.apache.velocity - Velocimacro : added VM includeElement: source=/templates/macros/json/element.vm
16:03:54.140 [Test worker] DEBUG org.apache.velocity - ResourceManager : found /templates/macros/json/element.vm with loader org.apache.velocity.runtime.resource.loader.ClasspathResourceLoader
16:03:54.140 [Test worker] DEBUG org.apache.velocity - Velocimacro : added VM includeEmbeddings: source=/templates/macros/json/embeddings.vm
16:03:54.140 [Test worker] DEBUG org.apache.velocity - Velocimacro : added VM includeHtmlEmbedding: source=/templates/macros/json/embeddings.vm
16:03:54.140 [Test worker] DEBUG org.apache.velocity - Velocimacro : added VM includeImageEmbedding: source=/templates/macros/json/embeddings.vm
16:03:54.140 [Test worker] DEBUG org.apache.velocity - Velocimacro : added VM includeImageReferenceEmbedding: source=/templates/macros/json/embeddings.vm
16:03:54.140 [Test worker] DEBUG org.apache.velocity - Velocimacro : added VM includeTextEmbedding: source=/templates/macros/json/embeddings.vm
16:03:54.140 [Test worker] DEBUG org.apache.velocity - Velocimacro : added VM includeUnknownEmbedding: source=/templates/macros/json/embeddings.vm
16:03:54.140 [Test worker] DEBUG org.apache.velocity - ResourceManager : found /templates/macros/json/embeddings.vm with loader org.apache.velocity.runtime.resource.loader.ClasspathResourceLoader
16:03:54.140 [Test worker] DEBUG org.apache.velocity - Velocimacro : added VM includeHooks: source=/templates/macros/json/hooks.vm
16:03:54.140 [Test worker] DEBUG org.apache.velocity - ResourceManager : found /templates/macros/json/hooks.vm with loader org.apache.velocity.runtime.resource.loader.ClasspathResourceLoader
16:03:54.140 [Test worker] DEBUG org.apache.velocity - Velocimacro : added VM includeOutput: source=/templates/macros/json/output.vm
16:03:54.140 [Test worker] DEBUG org.apache.velocity - ResourceManager : found /templates/macros/json/output.vm with loader org.apache.velocity.runtime.resource.loader.ClasspathResourceLoader
16:03:54.140 [Test worker] DEBUG org.apache.velocity - Velocimacro : added VM includeMessage: source=/templates/macros/json/message.vm
16:03:54.140 [Test worker] DEBUG org.apache.velocity - ResourceManager : found /templates/macros/json/message.vm with loader org.apache.velocity.runtime.resource.loader.ClasspathResourceLoader
16:03:54.140 [Test worker] DEBUG org.apache.velocity - Velocimacro : added VM includeSteps: source=/templates/macros/json/steps.vm
16:03:54.140 [Test worker] DEBUG org.apache.velocity - ResourceManager : found /templates/macros/json/steps.vm with loader org.apache.velocity.runtime.resource.loader.ClasspathResourceLoader
16:03:54.140 [Test worker] DEBUG org.apache.velocity - Velocimacro : added VM includeTags: source=/templates/macros/json/tags.vm
16:03:54.140 [Test worker] DEBUG org.apache.velocity - ResourceManager : found /templates/macros/json/tags.vm with loader org.apache.velocity.runtime.resource.loader.ClasspathResourceLoader
16:03:54.140 [Test worker] DEBUG org.apache.velocity - VM #includeNavigation: too few arguments to macro. Wanted 1 got 0
16:03:54.140 [Test worker] DEBUG org.apache.velocity - Left side ($active_tab) of '==' operation has null value. If it is a reference, it may not be in the context or its toString() returned null. /templates/macros/page/navigation.vm[line 14, column 51]
16:03:54.140 [Test worker] DEBUG org.apache.velocity - Left side ($active_tab) of '==' operation has null value. If it is a reference, it may not be in the context or its toString() returned null. /templates/macros/page/navigation.vm[line 15, column 51]
16:03:54.140 [Test worker] DEBUG org.apache.velocity - Left side ($active_tab) of '==' operation has null value. If it is a reference, it may not be in the context or its toString() returned null. /templates/macros/page/navigation.vm[line 16, column 51]
16:03:54.140 [Test worker] DEBUG org.apache.velocity - Left side ($active_tab) of '==' operation has null value. If it is a reference, it may not be in the context or its toString() returned null. /templates/macros/page/navigation.vm[line 20, column 51]
16:03:54.140 [Test worker] DEBUG org.apache.velocity - VM #includeLead: too few arguments to macro. Wanted 2 got 1
16:03:54.140 [Test worker] DEBUG org.apache.velocity - VM #includeBrief: too few arguments to macro. Wanted 5 got 3
16:03:54.140 [Test worker] DEBUG org.apache.velocity - VM #includeBrief: too few arguments to macro. Wanted 5 got 4
16:03:54.140 [Test worker] DEBUG org.apache.velocity - VM #includeBrief: too few arguments to macro. Wanted 5 got 4
16:03:54.140 [Test worker] DEBUG org.apache.velocity - ResourceManager : found /templates/footer.vm with loader org.apache.velocity.runtime.resource.loader.ClasspathResourceLoader
16:03:54.156 [Test worker] DEBUG org.apache.velocity - ResourceManager : found templates/generators/reportFeature.vm with loader org.apache.velocity.runtime.resource.loader.ClasspathResourceLoader
16:03:54.156 [Test worker] DEBUG org.apache.velocity - ResourceManager : found /templates/headers.vm with loader org.apache.velocity.runtime.resource.loader.ClasspathResourceLoader
16:03:54.156 [Test worker] DEBUG org.apache.velocity - ResourceManager : found /templates/head.vm with loader org.apache.velocity.runtime.resource.loader.ClasspathResourceLoader
16:03:54.156 [Test worker] DEBUG org.apache.velocity - Velocimacro : added VM stringArray: source=/templates/macros/array.js.vm
16:03:54.156 [Test worker] DEBUG org.apache.velocity - Velocimacro : added VM numberArray: source=/templates/macros/array.js.vm
16:03:54.156 [Test worker] DEBUG org.apache.velocity - ResourceManager : found /templates/macros/array.js.vm with loader org.apache.velocity.runtime.resource.loader.ClasspathResourceLoader
16:03:54.156 [Test worker] DEBUG org.apache.velocity - Velocimacro : added VM includeBuildInfo: source=/templates/macros/page/buildinfo.vm
16:03:54.156 [Test worker] DEBUG org.apache.velocity - ResourceManager : found /templates/macros/page/buildinfo.vm with loader org.apache.velocity.runtime.resource.loader.ClasspathResourceLoader
16:03:54.156 [Test worker] DEBUG org.apache.velocity - Velocimacro : added VM includeClassifications: source=/templates/macros/page/classifications.vm
16:03:54.156 [Test worker] DEBUG org.apache.velocity - ResourceManager : found /templates/macros/page/classifications.vm with loader org.apache.velocity.runtime.resource.loader.ClasspathResourceLoader
16:03:54.156 [Test worker] DEBUG org.apache.velocity - Velocimacro : added VM includeLead: source=/templates/macros/page/lead.vm
16:03:54.156 [Test worker] DEBUG org.apache.velocity - ResourceManager : found /templates/macros/page/lead.vm with loader org.apache.velocity.runtime.resource.loader.ClasspathResourceLoader
16:03:54.156 [Test worker] DEBUG org.apache.velocity - Velocimacro : added VM includeNavigation: source=/templates/macros/page/navigation.vm
16:03:54.156 [Test worker] DEBUG org.apache.velocity - ResourceManager : found /templates/macros/page/navigation.vm with loader org.apache.velocity.runtime.resource.loader.ClasspathResourceLoader
16:03:54.156 [Test worker] DEBUG org.apache.velocity - Velocimacro : added VM includeReportInfo: source=/templates/macros/page/reportInfo.vm
16:03:54.156 [Test worker] DEBUG org.apache.velocity - ResourceManager : found /templates/macros/page/reportInfo.vm with loader org.apache.velocity.runtime.resource.loader.ClasspathResourceLoader
16:03:54.156 [Test worker] DEBUG org.apache.velocity - Velocimacro : added VM includeTitle: source=/templates/macros/page/title.vm
16:03:54.156 [Test worker] DEBUG org.apache.velocity - ResourceManager : found /templates/macros/page/title.vm with loader org.apache.velocity.runtime.resource.loader.ClasspathResourceLoader
16:03:54.156 [Test worker] DEBUG org.apache.velocity - Velocimacro : added VM includeExpandingButtons: source=/templates/macros/report/expandAllButtons.vm
16:03:54.156 [Test worker] DEBUG org.apache.velocity - ResourceManager : found /templates/macros/report/expandAllButtons.vm with loader org.apache.velocity.runtime.resource.loader.ClasspathResourceLoader
16:03:54.156 [Test worker] DEBUG org.apache.velocity - Velocimacro : added VM includeReportTable: source=/templates/macros/report/reportTable.vm
16:03:54.156 [Test worker] DEBUG org.apache.velocity - ResourceManager : found /templates/macros/report/reportTable.vm with loader org.apache.velocity.runtime.resource.loader.ClasspathResourceLoader
16:03:54.156 [Test worker] DEBUG org.apache.velocity - Velocimacro : added VM includeReportHeader: source=/templates/macros/report/reportHeader.vm
16:03:54.156 [Test worker] DEBUG org.apache.velocity - ResourceManager : found /templates/macros/report/reportHeader.vm with loader org.apache.velocity.runtime.resource.loader.ClasspathResourceLoader
16:03:54.156 [Test worker] DEBUG org.apache.velocity - Velocimacro : added VM includeStatsTable: source=/templates/macros/report/statsTable.vm
16:03:54.156 [Test worker] DEBUG org.apache.velocity - ResourceManager : found /templates/macros/report/statsTable.vm with loader org.apache.velocity.runtime.resource.loader.ClasspathResourceLoader
16:03:54.156 [Test worker] DEBUG org.apache.velocity - Velocimacro : added VM includeBrief: source=/templates/macros/json/brief.vm
16:03:54.156 [Test worker] DEBUG org.apache.velocity - ResourceManager : found /templates/macros/json/brief.vm with loader org.apache.velocity.runtime.resource.loader.ClasspathResourceLoader
16:03:54.156 [Test worker] DEBUG org.apache.velocity - Velocimacro : added VM includeDocString: source=/templates/macros/json/docstring.vm
16:03:54.156 [Test worker] DEBUG org.apache.velocity - ResourceManager : found /templates/macros/json/docstring.vm with loader org.apache.velocity.runtime.resource.loader.ClasspathResourceLoader
16:03:54.156 [Test worker] DEBUG org.apache.velocity - Velocimacro : added VM includeDuration: source=/templates/macros/json/duration.vm
16:03:54.156 [Test worker] DEBUG org.apache.velocity - ResourceManager : found /templates/macros/json/duration.vm with loader org.apache.velocity.runtime.resource.loader.ClasspathResourceLoader
16:03:54.156 [Test worker] DEBUG org.apache.velocity - Velocimacro : added VM includeElement: source=/templates/macros/json/element.vm
16:03:54.156 [Test worker] DEBUG org.apache.velocity - ResourceManager : found /templates/macros/json/element.vm with loader org.apache.velocity.runtime.resource.loader.ClasspathResourceLoader
16:03:54.156 [Test worker] DEBUG org.apache.velocity - Velocimacro : added VM includeEmbeddings: source=/templates/macros/json/embeddings.vm
16:03:54.156 [Test worker] DEBUG org.apache.velocity - Velocimacro : added VM includeHtmlEmbedding: source=/templates/macros/json/embeddings.vm
16:03:54.156 [Test worker] DEBUG org.apache.velocity - Velocimacro : added VM includeImageEmbedding: source=/templates/macros/json/embeddings.vm
16:03:54.156 [Test worker] DEBUG org.apache.velocity - Velocimacro : added VM includeImageReferenceEmbedding: source=/templates/macros/json/embeddings.vm
16:03:54.156 [Test worker] DEBUG org.apache.velocity - Velocimacro : added VM includeTextEmbedding: source=/templates/macros/json/embeddings.vm
16:03:54.156 [Test worker] DEBUG org.apache.velocity - Velocimacro : added VM includeUnknownEmbedding: source=/templates/macros/json/embeddings.vm
16:03:54.156 [Test worker] DEBUG org.apache.velocity - ResourceManager : found /templates/macros/json/embeddings.vm with loader org.apache.velocity.runtime.resource.loader.ClasspathResourceLoader
16:03:54.156 [Test worker] DEBUG org.apache.velocity - Velocimacro : added VM includeHooks: source=/templates/macros/json/hooks.vm
16:03:54.156 [Test worker] DEBUG org.apache.velocity - ResourceManager : found /templates/macros/json/hooks.vm with loader org.apache.velocity.runtime.resource.loader.ClasspathResourceLoader
16:03:54.156 [Test worker] DEBUG org.apache.velocity - Velocimacro : added VM includeOutput: source=/templates/macros/json/output.vm
16:03:54.156 [Test worker] DEBUG org.apache.velocity - ResourceManager : found /templates/macros/json/output.vm with loader org.apache.velocity.runtime.resource.loader.ClasspathResourceLoader
16:03:54.156 [Test worker] DEBUG org.apache.velocity - Velocimacro : added VM includeMessage: source=/templates/macros/json/message.vm
16:03:54.156 [Test worker] DEBUG org.apache.velocity - ResourceManager : found /templates/macros/json/message.vm with loader org.apache.velocity.runtime.resource.loader.ClasspathResourceLoader
16:03:54.156 [Test worker] DEBUG org.apache.velocity - Velocimacro : added VM includeSteps: source=/templates/macros/json/steps.vm
16:03:54.156 [Test worker] DEBUG org.apache.velocity - ResourceManager : found /templates/macros/json/steps.vm with loader org.apache.velocity.runtime.resource.loader.ClasspathResourceLoader
16:03:54.156 [Test worker] DEBUG org.apache.velocity - Velocimacro : added VM includeTags: source=/templates/macros/json/tags.vm
16:03:54.156 [Test worker] DEBUG org.apache.velocity - ResourceManager : found /templates/macros/json/tags.vm with loader org.apache.velocity.runtime.resource.loader.ClasspathResourceLoader
16:03:54.156 [Test worker] DEBUG org.apache.velocity - VM #includeNavigation: too few arguments to macro. Wanted 1 got 0
16:03:54.156 [Test worker] DEBUG org.apache.velocity - Left side ($active_tab) of '==' operation has null value. If it is a reference, it may not be in the context or its toString() returned null. /templates/macros/page/navigation.vm[line 14, column 51]
16:03:54.156 [Test worker] DEBUG org.apache.velocity - Left side ($active_tab) of '==' operation has null value. If it is a reference, it may not be in the context or its toString() returned null. /templates/macros/page/navigation.vm[line 15, column 51]
16:03:54.156 [Test worker] DEBUG org.apache.velocity - Left side ($active_tab) of '==' operation has null value. If it is a reference, it may not be in the context or its toString() returned null. /templates/macros/page/navigation.vm[line 16, column 51]
16:03:54.156 [Test worker] DEBUG org.apache.velocity - Left side ($active_tab) of '==' operation has null value. If it is a reference, it may not be in the context or its toString() returned null. /templates/macros/page/navigation.vm[line 20, column 51]
16:03:54.156 [Test worker] DEBUG org.apache.velocity - VM #includeLead: too few arguments to macro. Wanted 2 got 1
16:03:54.156 [Test worker] DEBUG org.apache.velocity - VM #includeBrief: too few arguments to macro. Wanted 5 got 3
16:03:54.156 [Test worker] DEBUG org.apache.velocity - VM #includeBrief: too few arguments to macro. Wanted 5 got 4
16:03:54.156 [Test worker] DEBUG org.apache.velocity - VM #includeBrief: too few arguments to macro. Wanted 5 got 4
16:03:54.156 [Test worker] DEBUG org.apache.velocity - VM #includeBrief: too few arguments to macro. Wanted 5 got 4
16:03:54.156 [Test worker] DEBUG org.apache.velocity - VM #includeBrief: too few arguments to macro. Wanted 5 got 4
16:03:54.156 [Test worker] DEBUG org.apache.velocity - ResourceManager : found /templates/footer.vm with loader org.apache.velocity.runtime.resource.loader.ClasspathResourceLoader
16:03:54.156 [Test worker] DEBUG org.apache.velocity - ResourceManager : found templates/generators/overviewTags.vm with loader org.apache.velocity.runtime.resource.loader.ClasspathResourceLoader
16:03:54.156 [Test worker] DEBUG org.apache.velocity - ResourceManager : found /templates/headers.vm with loader org.apache.velocity.runtime.resource.loader.ClasspathResourceLoader
16:03:54.156 [Test worker] DEBUG org.apache.velocity - ResourceManager : found /templates/head.vm with loader org.apache.velocity.runtime.resource.loader.ClasspathResourceLoader
16:03:54.156 [Test worker] DEBUG org.apache.velocity - Velocimacro : added VM stringArray: source=/templates/macros/array.js.vm
16:03:54.156 [Test worker] DEBUG org.apache.velocity - Velocimacro : added VM numberArray: source=/templates/macros/array.js.vm
16:03:54.156 [Test worker] DEBUG org.apache.velocity - ResourceManager : found /templates/macros/array.js.vm with loader org.apache.velocity.runtime.resource.loader.ClasspathResourceLoader
16:03:54.156 [Test worker] DEBUG org.apache.velocity - Velocimacro : added VM includeBuildInfo: source=/templates/macros/page/buildinfo.vm
16:03:54.156 [Test worker] DEBUG org.apache.velocity - ResourceManager : found /templates/macros/page/buildinfo.vm with loader org.apache.velocity.runtime.resource.loader.ClasspathResourceLoader
16:03:54.156 [Test worker] DEBUG org.apache.velocity - Velocimacro : added VM includeClassifications: source=/templates/macros/page/classifications.vm
16:03:54.156 [Test worker] DEBUG org.apache.velocity - ResourceManager : found /templates/macros/page/classifications.vm with loader org.apache.velocity.runtime.resource.loader.ClasspathResourceLoader
16:03:54.156 [Test worker] DEBUG org.apache.velocity - Velocimacro : added VM includeLead: source=/templates/macros/page/lead.vm
16:03:54.156 [Test worker] DEBUG org.apache.velocity - ResourceManager : found /templates/macros/page/lead.vm with loader org.apache.velocity.runtime.resource.loader.ClasspathResourceLoader
16:03:54.156 [Test worker] DEBUG org.apache.velocity - Velocimacro : added VM includeNavigation: source=/templates/macros/page/navigation.vm
16:03:54.156 [Test worker] DEBUG org.apache.velocity - ResourceManager : found /templates/macros/page/navigation.vm with loader org.apache.velocity.runtime.resource.loader.ClasspathResourceLoader
16:03:54.156 [Test worker] DEBUG org.apache.velocity - Velocimacro : added VM includeReportInfo: source=/templates/macros/page/reportInfo.vm
16:03:54.156 [Test worker] DEBUG org.apache.velocity - ResourceManager : found /templates/macros/page/reportInfo.vm with loader org.apache.velocity.runtime.resource.loader.ClasspathResourceLoader
16:03:54.156 [Test worker] DEBUG org.apache.velocity - Velocimacro : added VM includeTitle: source=/templates/macros/page/title.vm
16:03:54.156 [Test worker] DEBUG org.apache.velocity - ResourceManager : found /templates/macros/page/title.vm with loader org.apache.velocity.runtime.resource.loader.ClasspathResourceLoader
16:03:54.156 [Test worker] DEBUG org.apache.velocity - Velocimacro : added VM includeExpandingButtons: source=/templates/macros/report/expandAllButtons.vm
16:03:54.156 [Test worker] DEBUG org.apache.velocity - ResourceManager : found /templates/macros/report/expandAllButtons.vm with loader org.apache.velocity.runtime.resource.loader.ClasspathResourceLoader
16:03:54.156 [Test worker] DEBUG org.apache.velocity - Velocimacro : added VM includeReportTable: source=/templates/macros/report/reportTable.vm
16:03:54.156 [Test worker] DEBUG org.apache.velocity - ResourceManager : found /templates/macros/report/reportTable.vm with loader org.apache.velocity.runtime.resource.loader.ClasspathResourceLoader
16:03:54.156 [Test worker] DEBUG org.apache.velocity - Velocimacro : added VM includeReportHeader: source=/templates/macros/report/reportHeader.vm
16:03:54.156 [Test worker] DEBUG org.apache.velocity - ResourceManager : found /templates/macros/report/reportHeader.vm with loader org.apache.velocity.runtime.resource.loader.ClasspathResourceLoader
16:03:54.171 [Test worker] DEBUG org.apache.velocity - Velocimacro : added VM includeStatsTable: source=/templates/macros/report/statsTable.vm
16:03:54.171 [Test worker] DEBUG org.apache.velocity - ResourceManager : found /templates/macros/report/statsTable.vm with loader org.apache.velocity.runtime.resource.loader.ClasspathResourceLoader
16:03:54.171 [Test worker] DEBUG org.apache.velocity - Velocimacro : added VM includeBrief: source=/templates/macros/json/brief.vm
16:03:54.171 [Test worker] DEBUG org.apache.velocity - ResourceManager : found /templates/macros/json/brief.vm with loader org.apache.velocity.runtime.resource.loader.ClasspathResourceLoader
16:03:54.171 [Test worker] DEBUG org.apache.velocity - Velocimacro : added VM includeDocString: source=/templates/macros/json/docstring.vm
16:03:54.171 [Test worker] DEBUG org.apache.velocity - ResourceManager : found /templates/macros/json/docstring.vm with loader org.apache.velocity.runtime.resource.loader.ClasspathResourceLoader
16:03:54.171 [Test worker] DEBUG org.apache.velocity - Velocimacro : added VM includeDuration: source=/templates/macros/json/duration.vm
16:03:54.171 [Test worker] DEBUG org.apache.velocity - ResourceManager : found /templates/macros/json/duration.vm with loader org.apache.velocity.runtime.resource.loader.ClasspathResourceLoader
16:03:54.171 [Test worker] DEBUG org.apache.velocity - Velocimacro : added VM includeElement: source=/templates/macros/json/element.vm
16:03:54.171 [Test worker] DEBUG org.apache.velocity - ResourceManager : found /templates/macros/json/element.vm with loader org.apache.velocity.runtime.resource.loader.ClasspathResourceLoader
16:03:54.171 [Test worker] DEBUG org.apache.velocity - Velocimacro : added VM includeEmbeddings: source=/templates/macros/json/embeddings.vm
16:03:54.171 [Test worker] DEBUG org.apache.velocity - Velocimacro : added VM includeHtmlEmbedding: source=/templates/macros/json/embeddings.vm
16:03:54.171 [Test worker] DEBUG org.apache.velocity - Velocimacro : added VM includeImageEmbedding: source=/templates/macros/json/embeddings.vm
16:03:54.171 [Test worker] DEBUG org.apache.velocity - Velocimacro : added VM includeImageReferenceEmbedding: source=/templates/macros/json/embeddings.vm
16:03:54.171 [Test worker] DEBUG org.apache.velocity - Velocimacro : added VM includeTextEmbedding: source=/templates/macros/json/embeddings.vm
16:03:54.171 [Test worker] DEBUG org.apache.velocity - Velocimacro : added VM includeUnknownEmbedding: source=/templates/macros/json/embeddings.vm
16:03:54.171 [Test worker] DEBUG org.apache.velocity - ResourceManager : found /templates/macros/json/embeddings.vm with loader org.apache.velocity.runtime.resource.loader.ClasspathResourceLoader
16:03:54.171 [Test worker] DEBUG org.apache.velocity - Velocimacro : added VM includeHooks: source=/templates/macros/json/hooks.vm
16:03:54.171 [Test worker] DEBUG org.apache.velocity - ResourceManager : found /templates/macros/json/hooks.vm with loader org.apache.velocity.runtime.resource.loader.ClasspathResourceLoader
16:03:54.171 [Test worker] DEBUG org.apache.velocity - Velocimacro : added VM includeOutput: source=/templates/macros/json/output.vm
16:03:54.171 [Test worker] DEBUG org.apache.velocity - ResourceManager : found /templates/macros/json/output.vm with loader org.apache.velocity.runtime.resource.loader.ClasspathResourceLoader
16:03:54.171 [Test worker] DEBUG org.apache.velocity - Velocimacro : added VM includeMessage: source=/templates/macros/json/message.vm
16:03:54.171 [Test worker] DEBUG org.apache.velocity - ResourceManager : found /templates/macros/json/message.vm with loader org.apache.velocity.runtime.resource.loader.ClasspathResourceLoader
16:03:54.171 [Test worker] DEBUG org.apache.velocity - Velocimacro : added VM includeSteps: source=/templates/macros/json/steps.vm
16:03:54.171 [Test worker] DEBUG org.apache.velocity - ResourceManager : found /templates/macros/json/steps.vm with loader org.apache.velocity.runtime.resource.loader.ClasspathResourceLoader
16:03:54.171 [Test worker] DEBUG org.apache.velocity - Velocimacro : added VM includeTags: source=/templates/macros/json/tags.vm
16:03:54.171 [Test worker] DEBUG org.apache.velocity - ResourceManager : found /templates/macros/json/tags.vm with loader org.apache.velocity.runtime.resource.loader.ClasspathResourceLoader
16:03:54.171 [Test worker] DEBUG org.apache.velocity - ResourceManager : found /templates/js/tags-chart.js.vm with loader org.apache.velocity.runtime.resource.loader.ClasspathResourceLoader
16:03:54.171 [Test worker] DEBUG org.apache.velocity - ResourceManager : found /templates/footer.vm with loader org.apache.velocity.runtime.resource.loader.ClasspathResourceLoader
16:03:54.171 [Test worker] DEBUG org.apache.velocity - ResourceManager : found templates/generators/reportTag.vm with loader org.apache.velocity.runtime.resource.loader.ClasspathResourceLoader
16:03:54.171 [Test worker] DEBUG org.apache.velocity - ResourceManager : found /templates/headers.vm with loader org.apache.velocity.runtime.resource.loader.ClasspathResourceLoader
16:03:54.171 [Test worker] DEBUG org.apache.velocity - ResourceManager : found /templates/head.vm with loader org.apache.velocity.runtime.resource.loader.ClasspathResourceLoader
16:03:54.171 [Test worker] DEBUG org.apache.velocity - Velocimacro : added VM stringArray: source=/templates/macros/array.js.vm
16:03:54.171 [Test worker] DEBUG org.apache.velocity - Velocimacro : added VM numberArray: source=/templates/macros/array.js.vm
16:03:54.171 [Test worker] DEBUG org.apache.velocity - ResourceManager : found /templates/macros/array.js.vm with loader org.apache.velocity.runtime.resource.loader.ClasspathResourceLoader
16:03:54.171 [Test worker] DEBUG org.apache.velocity - Velocimacro : added VM includeBuildInfo: source=/templates/macros/page/buildinfo.vm
16:03:54.171 [Test worker] DEBUG org.apache.velocity - ResourceManager : found /templates/macros/page/buildinfo.vm with loader org.apache.velocity.runtime.resource.loader.ClasspathResourceLoader
16:03:54.171 [Test worker] DEBUG org.apache.velocity - Velocimacro : added VM includeClassifications: source=/templates/macros/page/classifications.vm
16:03:54.171 [Test worker] DEBUG org.apache.velocity - ResourceManager : found /templates/macros/page/classifications.vm with loader org.apache.velocity.runtime.resource.loader.ClasspathResourceLoader
16:03:54.171 [Test worker] DEBUG org.apache.velocity - Velocimacro : added VM includeLead: source=/templates/macros/page/lead.vm
16:03:54.171 [Test worker] DEBUG org.apache.velocity - ResourceManager : found /templates/macros/page/lead.vm with loader org.apache.velocity.runtime.resource.loader.ClasspathResourceLoader
16:03:54.171 [Test worker] DEBUG org.apache.velocity - Velocimacro : added VM includeNavigation: source=/templates/macros/page/navigation.vm
16:03:54.171 [Test worker] DEBUG org.apache.velocity - ResourceManager : found /templates/macros/page/navigation.vm with loader org.apache.velocity.runtime.resource.loader.ClasspathResourceLoader
16:03:54.171 [Test worker] DEBUG org.apache.velocity - Velocimacro : added VM includeReportInfo: source=/templates/macros/page/reportInfo.vm
16:03:54.171 [Test worker] DEBUG org.apache.velocity - ResourceManager : found /templates/macros/page/reportInfo.vm with loader org.apache.velocity.runtime.resource.loader.ClasspathResourceLoader
16:03:54.187 [Test worker] DEBUG org.apache.velocity - Velocimacro : added VM includeTitle: source=/templates/macros/page/title.vm
16:03:54.187 [Test worker] DEBUG org.apache.velocity - ResourceManager : found /templates/macros/page/title.vm with loader org.apache.velocity.runtime.resource.loader.ClasspathResourceLoader
16:03:54.187 [Test worker] DEBUG org.apache.velocity - Velocimacro : added VM includeExpandingButtons: source=/templates/macros/report/expandAllButtons.vm
16:03:54.187 [Test worker] DEBUG org.apache.velocity - ResourceManager : found /templates/macros/report/expandAllButtons.vm with loader org.apache.velocity.runtime.resource.loader.ClasspathResourceLoader
16:03:54.187 [Test worker] DEBUG org.apache.velocity - Velocimacro : added VM includeReportTable: source=/templates/macros/report/reportTable.vm
16:03:54.187 [Test worker] DEBUG org.apache.velocity - ResourceManager : found /templates/macros/report/reportTable.vm with loader org.apache.velocity.runtime.resource.loader.ClasspathResourceLoader
16:03:54.187 [Test worker] DEBUG org.apache.velocity - Velocimacro : added VM includeReportHeader: source=/templates/macros/report/reportHeader.vm
16:03:54.187 [Test worker] DEBUG org.apache.velocity - ResourceManager : found /templates/macros/report/reportHeader.vm with loader org.apache.velocity.runtime.resource.loader.ClasspathResourceLoader
16:03:54.187 [Test worker] DEBUG org.apache.velocity - Velocimacro : added VM includeStatsTable: source=/templates/macros/report/statsTable.vm
16:03:54.187 [Test worker] DEBUG org.apache.velocity - ResourceManager : found /templates/macros/report/statsTable.vm with loader org.apache.velocity.runtime.resource.loader.ClasspathResourceLoader
16:03:54.187 [Test worker] DEBUG org.apache.velocity - Velocimacro : added VM includeBrief: source=/templates/macros/json/brief.vm
16:03:54.187 [Test worker] DEBUG org.apache.velocity - ResourceManager : found /templates/macros/json/brief.vm with loader org.apache.velocity.runtime.resource.loader.ClasspathResourceLoader
16:03:54.187 [Test worker] DEBUG org.apache.velocity - Velocimacro : added VM includeDocString: source=/templates/macros/json/docstring.vm
16:03:54.187 [Test worker] DEBUG org.apache.velocity - ResourceManager : found /templates/macros/json/docstring.vm with loader org.apache.velocity.runtime.resource.loader.ClasspathResourceLoader
16:03:54.187 [Test worker] DEBUG org.apache.velocity - Velocimacro : added VM includeDuration: source=/templates/macros/json/duration.vm
16:03:54.187 [Test worker] DEBUG org.apache.velocity - ResourceManager : found /templates/macros/json/duration.vm with loader org.apache.velocity.runtime.resource.loader.ClasspathResourceLoader
16:03:54.187 [Test worker] DEBUG org.apache.velocity - Velocimacro : added VM includeElement: source=/templates/macros/json/element.vm
16:03:54.187 [Test worker] DEBUG org.apache.velocity - ResourceManager : found /templates/macros/json/element.vm with loader org.apache.velocity.runtime.resource.loader.ClasspathResourceLoader
16:03:54.187 [Test worker] DEBUG org.apache.velocity - Velocimacro : added VM includeEmbeddings: source=/templates/macros/json/embeddings.vm
16:03:54.187 [Test worker] DEBUG org.apache.velocity - Velocimacro : added VM includeHtmlEmbedding: source=/templates/macros/json/embeddings.vm
16:03:54.187 [Test worker] DEBUG org.apache.velocity - Velocimacro : added VM includeImageEmbedding: source=/templates/macros/json/embeddings.vm
16:03:54.187 [Test worker] DEBUG org.apache.velocity - Velocimacro : added VM includeImageReferenceEmbedding: source=/templates/macros/json/embeddings.vm
16:03:54.187 [Test worker] DEBUG org.apache.velocity - Velocimacro : added VM includeTextEmbedding: source=/templates/macros/json/embeddings.vm
16:03:54.187 [Test worker] DEBUG org.apache.velocity - Velocimacro : added VM includeUnknownEmbedding: source=/templates/macros/json/embeddings.vm
16:03:54.187 [Test worker] DEBUG org.apache.velocity - ResourceManager : found /templates/macros/json/embeddings.vm with loader org.apache.velocity.runtime.resource.loader.ClasspathResourceLoader
16:03:54.187 [Test worker] DEBUG org.apache.velocity - Velocimacro : added VM includeHooks: source=/templates/macros/json/hooks.vm
16:03:54.187 [Test worker] DEBUG org.apache.velocity - ResourceManager : found /templates/macros/json/hooks.vm with loader org.apache.velocity.runtime.resource.loader.ClasspathResourceLoader
16:03:54.187 [Test worker] DEBUG org.apache.velocity - Velocimacro : added VM includeOutput: source=/templates/macros/json/output.vm
16:03:54.187 [Test worker] DEBUG org.apache.velocity - ResourceManager : found /templates/macros/json/output.vm with loader org.apache.velocity.runtime.resource.loader.ClasspathResourceLoader
16:03:54.187 [Test worker] DEBUG org.apache.velocity - Velocimacro : added VM includeMessage: source=/templates/macros/json/message.vm
16:03:54.187 [Test worker] DEBUG org.apache.velocity - ResourceManager : found /templates/macros/json/message.vm with loader org.apache.velocity.runtime.resource.loader.ClasspathResourceLoader
16:03:54.187 [Test worker] DEBUG org.apache.velocity - Velocimacro : added VM includeSteps: source=/templates/macros/json/steps.vm
16:03:54.187 [Test worker] DEBUG org.apache.velocity - ResourceManager : found /templates/macros/json/steps.vm with loader org.apache.velocity.runtime.resource.loader.ClasspathResourceLoader
16:03:54.187 [Test worker] DEBUG org.apache.velocity - Velocimacro : added VM includeTags: source=/templates/macros/json/tags.vm
16:03:54.187 [Test worker] DEBUG org.apache.velocity - ResourceManager : found /templates/macros/json/tags.vm with loader org.apache.velocity.runtime.resource.loader.ClasspathResourceLoader
16:03:54.187 [Test worker] DEBUG org.apache.velocity - VM #includeNavigation: too few arguments to macro. Wanted 1 got 0
16:03:54.187 [Test worker] DEBUG org.apache.velocity - Left side ($active_tab) of '==' operation has null value. If it is a reference, it may not be in the context or its toString() returned null. /templates/macros/page/navigation.vm[line 14, column 51]
16:03:54.187 [Test worker] DEBUG org.apache.velocity - Left side ($active_tab) of '==' operation has null value. If it is a reference, it may not be in the context or its toString() returned null. /templates/macros/page/navigation.vm[line 15, column 51]
16:03:54.187 [Test worker] DEBUG org.apache.velocity - Left side ($active_tab) of '==' operation has null value. If it is a reference, it may not be in the context or its toString() returned null. /templates/macros/page/navigation.vm[line 16, column 51]
16:03:54.187 [Test worker] DEBUG org.apache.velocity - Left side ($active_tab) of '==' operation has null value. If it is a reference, it may not be in the context or its toString() returned null. /templates/macros/page/navigation.vm[line 20, column 51]
16:03:54.187 [Test worker] DEBUG org.apache.velocity - VM #includeLead: too few arguments to macro. Wanted 2 got 1
16:03:54.187 [Test worker] DEBUG org.apache.velocity - VM #includeBrief: too few arguments to macro. Wanted 5 got 4
16:03:54.187 [Test worker] DEBUG org.apache.velocity - VM #includeBrief: too few arguments to macro. Wanted 5 got 4
16:03:54.187 [Test worker] DEBUG org.apache.velocity - VM #includeBrief: too few arguments to macro. Wanted 5 got 4
16:03:54.187 [Test worker] DEBUG org.apache.velocity - VM #includeBrief: too few arguments to macro. Wanted 5 got 4
16:03:54.187 [Test worker] DEBUG org.apache.velocity - VM #includeBrief: too few arguments to macro. Wanted 5 got 4
16:03:54.187 [Test worker] DEBUG org.apache.velocity - VM #includeBrief: too few arguments to macro. Wanted 5 got 4
16:03:54.187 [Test worker] DEBUG org.apache.velocity - VM #includeBrief: too few arguments to macro. Wanted 5 got 4
16:03:54.187 [Test worker] DEBUG org.apache.velocity - VM #includeBrief: too few arguments to macro. Wanted 5 got 4
16:03:54.187 [Test worker] DEBUG org.apache.velocity - ResourceManager : found /templates/footer.vm with loader org.apache.velocity.runtime.resource.loader.ClasspathResourceLoader
16:03:54.187 [Test worker] DEBUG org.apache.velocity - ResourceManager : found templates/generators/reportTag.vm with loader org.apache.velocity.runtime.resource.loader.ClasspathResourceLoader
16:03:54.202 [Test worker] DEBUG org.apache.velocity - ResourceManager : found /templates/headers.vm with loader org.apache.velocity.runtime.resource.loader.ClasspathResourceLoader
16:03:54.202 [Test worker] DEBUG org.apache.velocity - ResourceManager : found /templates/head.vm with loader org.apache.velocity.runtime.resource.loader.ClasspathResourceLoader
16:03:54.202 [Test worker] DEBUG org.apache.velocity - Velocimacro : added VM stringArray: source=/templates/macros/array.js.vm
16:03:54.202 [Test worker] DEBUG org.apache.velocity - Velocimacro : added VM numberArray: source=/templates/macros/array.js.vm
16:03:54.202 [Test worker] DEBUG org.apache.velocity - ResourceManager : found /templates/macros/array.js.vm with loader org.apache.velocity.runtime.resource.loader.ClasspathResourceLoader
16:03:54.202 [Test worker] DEBUG org.apache.velocity - Velocimacro : added VM includeBuildInfo: source=/templates/macros/page/buildinfo.vm
16:03:54.202 [Test worker] DEBUG org.apache.velocity - ResourceManager : found /templates/macros/page/buildinfo.vm with loader org.apache.velocity.runtime.resource.loader.ClasspathResourceLoader
16:03:54.202 [Test worker] DEBUG org.apache.velocity - Velocimacro : added VM includeClassifications: source=/templates/macros/page/classifications.vm
16:03:54.202 [Test worker] DEBUG org.apache.velocity - ResourceManager : found /templates/macros/page/classifications.vm with loader org.apache.velocity.runtime.resource.loader.ClasspathResourceLoader
16:03:54.202 [Test worker] DEBUG org.apache.velocity - Velocimacro : added VM includeLead: source=/templates/macros/page/lead.vm
16:03:54.202 [Test worker] DEBUG org.apache.velocity - ResourceManager : found /templates/macros/page/lead.vm with loader org.apache.velocity.runtime.resource.loader.ClasspathResourceLoader
16:03:54.202 [Test worker] DEBUG org.apache.velocity - Velocimacro : added VM includeNavigation: source=/templates/macros/page/navigation.vm
16:03:54.202 [Test worker] DEBUG org.apache.velocity - ResourceManager : found /templates/macros/page/navigation.vm with loader org.apache.velocity.runtime.resource.loader.ClasspathResourceLoader
16:03:54.202 [Test worker] DEBUG org.apache.velocity - Velocimacro : added VM includeReportInfo: source=/templates/macros/page/reportInfo.vm
16:03:54.202 [Test worker] DEBUG org.apache.velocity - ResourceManager : found /templates/macros/page/reportInfo.vm with loader org.apache.velocity.runtime.resource.loader.ClasspathResourceLoader
16:03:54.202 [Test worker] DEBUG org.apache.velocity - Velocimacro : added VM includeTitle: source=/templates/macros/page/title.vm
16:03:54.202 [Test worker] DEBUG org.apache.velocity - ResourceManager : found /templates/macros/page/title.vm with loader org.apache.velocity.runtime.resource.loader.ClasspathResourceLoader
16:03:54.202 [Test worker] DEBUG org.apache.velocity - Velocimacro : added VM includeExpandingButtons: source=/templates/macros/report/expandAllButtons.vm
16:03:54.202 [Test worker] DEBUG org.apache.velocity - ResourceManager : found /templates/macros/report/expandAllButtons.vm with loader org.apache.velocity.runtime.resource.loader.ClasspathResourceLoader
16:03:54.202 [Test worker] DEBUG org.apache.velocity - Velocimacro : added VM includeReportTable: source=/templates/macros/report/reportTable.vm
16:03:54.202 [Test worker] DEBUG org.apache.velocity - ResourceManager : found /templates/macros/report/reportTable.vm with loader org.apache.velocity.runtime.resource.loader.ClasspathResourceLoader
16:03:54.202 [Test worker] DEBUG org.apache.velocity - Velocimacro : added VM includeReportHeader: source=/templates/macros/report/reportHeader.vm
16:03:54.202 [Test worker] DEBUG org.apache.velocity - ResourceManager : found /templates/macros/report/reportHeader.vm with loader org.apache.velocity.runtime.resource.loader.ClasspathResourceLoader
16:03:54.202 [Test worker] DEBUG org.apache.velocity - Velocimacro : added VM includeStatsTable: source=/templates/macros/report/statsTable.vm
16:03:54.202 [Test worker] DEBUG org.apache.velocity - ResourceManager : found /templates/macros/report/statsTable.vm with loader org.apache.velocity.runtime.resource.loader.ClasspathResourceLoader
16:03:54.202 [Test worker] DEBUG org.apache.velocity - Velocimacro : added VM includeBrief: source=/templates/macros/json/brief.vm
16:03:54.202 [Test worker] DEBUG org.apache.velocity - ResourceManager : found /templates/macros/json/brief.vm with loader org.apache.velocity.runtime.resource.loader.ClasspathResourceLoader
16:03:54.202 [Test worker] DEBUG org.apache.velocity - Velocimacro : added VM includeDocString: source=/templates/macros/json/docstring.vm
16:03:54.202 [Test worker] DEBUG org.apache.velocity - ResourceManager : found /templates/macros/json/docstring.vm with loader org.apache.velocity.runtime.resource.loader.ClasspathResourceLoader
16:03:54.202 [Test worker] DEBUG org.apache.velocity - Velocimacro : added VM includeDuration: source=/templates/macros/json/duration.vm
16:03:54.202 [Test worker] DEBUG org.apache.velocity - ResourceManager : found /templates/macros/json/duration.vm with loader org.apache.velocity.runtime.resource.loader.ClasspathResourceLoader
16:03:54.202 [Test worker] DEBUG org.apache.velocity - Velocimacro : added VM includeElement: source=/templates/macros/json/element.vm
16:03:54.202 [Test worker] DEBUG org.apache.velocity - ResourceManager : found /templates/macros/json/element.vm with loader org.apache.velocity.runtime.resource.loader.ClasspathResourceLoader
16:03:54.202 [Test worker] DEBUG org.apache.velocity - Velocimacro : added VM includeEmbeddings: source=/templates/macros/json/embeddings.vm
16:03:54.202 [Test worker] DEBUG org.apache.velocity - Velocimacro : added VM includeHtmlEmbedding: source=/templates/macros/json/embeddings.vm
16:03:54.202 [Test worker] DEBUG org.apache.velocity - Velocimacro : added VM includeImageEmbedding: source=/templates/macros/json/embeddings.vm
16:03:54.202 [Test worker] DEBUG org.apache.velocity - Velocimacro : added VM includeImageReferenceEmbedding: source=/templates/macros/json/embeddings.vm
16:03:54.202 [Test worker] DEBUG org.apache.velocity - Velocimacro : added VM includeTextEmbedding: source=/templates/macros/json/embeddings.vm
16:03:54.202 [Test worker] DEBUG org.apache.velocity - Velocimacro : added VM includeUnknownEmbedding: source=/templates/macros/json/embeddings.vm
16:03:54.202 [Test worker] DEBUG org.apache.velocity - ResourceManager : found /templates/macros/json/embeddings.vm with loader org.apache.velocity.runtime.resource.loader.ClasspathResourceLoader
16:03:54.202 [Test worker] DEBUG org.apache.velocity - Velocimacro : added VM includeHooks: source=/templates/macros/json/hooks.vm
16:03:54.202 [Test worker] DEBUG org.apache.velocity - ResourceManager : found /templates/macros/json/hooks.vm with loader org.apache.velocity.runtime.resource.loader.ClasspathResourceLoader
16:03:54.202 [Test worker] DEBUG org.apache.velocity - Velocimacro : added VM includeOutput: source=/templates/macros/json/output.vm
16:03:54.202 [Test worker] DEBUG org.apache.velocity - ResourceManager : found /templates/macros/json/output.vm with loader org.apache.velocity.runtime.resource.loader.ClasspathResourceLoader
16:03:54.202 [Test worker] DEBUG org.apache.velocity - Velocimacro : added VM includeMessage: source=/templates/macros/json/message.vm
16:03:54.202 [Test worker] DEBUG org.apache.velocity - ResourceManager : found /templates/macros/json/message.vm with loader org.apache.velocity.runtime.resource.loader.ClasspathResourceLoader
16:03:54.202 [Test worker] DEBUG org.apache.velocity - Velocimacro : added VM includeSteps: source=/templates/macros/json/steps.vm
16:03:54.202 [Test worker] DEBUG org.apache.velocity - ResourceManager : found /templates/macros/json/steps.vm with loader org.apache.velocity.runtime.resource.loader.ClasspathResourceLoader
16:03:54.202 [Test worker] DEBUG org.apache.velocity - Velocimacro : added VM includeTags: source=/templates/macros/json/tags.vm
16:03:54.202 [Test worker] DEBUG org.apache.velocity - ResourceManager : found /templates/macros/json/tags.vm with loader org.apache.velocity.runtime.resource.loader.ClasspathResourceLoader
16:03:54.202 [Test worker] DEBUG org.apache.velocity - VM #includeNavigation: too few arguments to macro. Wanted 1 got 0
16:03:54.202 [Test worker] DEBUG org.apache.velocity - Left side ($active_tab) of '==' operation has null value. If it is a reference, it may not be in the context or its toString() returned null. /templates/macros/page/navigation.vm[line 14, column 51]
16:03:54.202 [Test worker] DEBUG org.apache.velocity - Left side ($active_tab) of '==' operation has null value. If it is a reference, it may not be in the context or its toString() returned null. /templates/macros/page/navigation.vm[line 15, column 51]
16:03:54.202 [Test worker] DEBUG org.apache.velocity - Left side ($active_tab) of '==' operation has null value. If it is a reference, it may not be in the context or its toString() returned null. /templates/macros/page/navigation.vm[line 16, column 51]
16:03:54.202 [Test worker] DEBUG org.apache.velocity - Left side ($active_tab) of '==' operation has null value. If it is a reference, it may not be in the context or its toString() returned null. /templates/macros/page/navigation.vm[line 20, column 51]
16:03:54.202 [Test worker] DEBUG org.apache.velocity - VM #includeLead: too few arguments to macro. Wanted 2 got 1
16:03:54.202 [Test worker] DEBUG org.apache.velocity - VM #includeBrief: too few arguments to macro. Wanted 5 got 4
16:03:54.202 [Test worker] DEBUG org.apache.velocity - VM #includeBrief: too few arguments to macro. Wanted 5 got 4
16:03:54.202 [Test worker] DEBUG org.apache.velocity - ResourceManager : found /templates/footer.vm with loader org.apache.velocity.runtime.resource.loader.ClasspathResourceLoader
16:03:54.202 [Test worker] DEBUG org.apache.velocity - ResourceManager : found templates/generators/reportTag.vm with loader org.apache.velocity.runtime.resource.loader.ClasspathResourceLoader
16:03:54.202 [Test worker] DEBUG org.apache.velocity - ResourceManager : found /templates/headers.vm with loader org.apache.velocity.runtime.resource.loader.ClasspathResourceLoader
16:03:54.202 [Test worker] DEBUG org.apache.velocity - ResourceManager : found /templates/head.vm with loader org.apache.velocity.runtime.resource.loader.ClasspathResourceLoader
16:03:54.202 [Test worker] DEBUG org.apache.velocity - Velocimacro : added VM stringArray: source=/templates/macros/array.js.vm
16:03:54.202 [Test worker] DEBUG org.apache.velocity - Velocimacro : added VM numberArray: source=/templates/macros/array.js.vm
16:03:54.202 [Test worker] DEBUG org.apache.velocity - ResourceManager : found /templates/macros/array.js.vm with loader org.apache.velocity.runtime.resource.loader.ClasspathResourceLoader
16:03:54.218 [Test worker] DEBUG org.apache.velocity - Velocimacro : added VM includeBuildInfo: source=/templates/macros/page/buildinfo.vm
16:03:54.218 [Test worker] DEBUG org.apache.velocity - ResourceManager : found /templates/macros/page/buildinfo.vm with loader org.apache.velocity.runtime.resource.loader.ClasspathResourceLoader
16:03:54.218 [Test worker] DEBUG org.apache.velocity - Velocimacro : added VM includeClassifications: source=/templates/macros/page/classifications.vm
16:03:54.218 [Test worker] DEBUG org.apache.velocity - ResourceManager : found /templates/macros/page/classifications.vm with loader org.apache.velocity.runtime.resource.loader.ClasspathResourceLoader
16:03:54.218 [Test worker] DEBUG org.apache.velocity - Velocimacro : added VM includeLead: source=/templates/macros/page/lead.vm
16:03:54.218 [Test worker] DEBUG org.apache.velocity - ResourceManager : found /templates/macros/page/lead.vm with loader org.apache.velocity.runtime.resource.loader.ClasspathResourceLoader
16:03:54.218 [Test worker] DEBUG org.apache.velocity - Velocimacro : added VM includeNavigation: source=/templates/macros/page/navigation.vm
16:03:54.218 [Test worker] DEBUG org.apache.velocity - ResourceManager : found /templates/macros/page/navigation.vm with loader org.apache.velocity.runtime.resource.loader.ClasspathResourceLoader
16:03:54.218 [Test worker] DEBUG org.apache.velocity - Velocimacro : added VM includeReportInfo: source=/templates/macros/page/reportInfo.vm
16:03:54.218 [Test worker] DEBUG org.apache.velocity - ResourceManager : found /templates/macros/page/reportInfo.vm with loader org.apache.velocity.runtime.resource.loader.ClasspathResourceLoader
16:03:54.218 [Test worker] DEBUG org.apache.velocity - Velocimacro : added VM includeTitle: source=/templates/macros/page/title.vm
16:03:54.218 [Test worker] DEBUG org.apache.velocity - ResourceManager : found /templates/macros/page/title.vm with loader org.apache.velocity.runtime.resource.loader.ClasspathResourceLoader
16:03:54.218 [Test worker] DEBUG org.apache.velocity - Velocimacro : added VM includeExpandingButtons: source=/templates/macros/report/expandAllButtons.vm
16:03:54.218 [Test worker] DEBUG org.apache.velocity - ResourceManager : found /templates/macros/report/expandAllButtons.vm with loader org.apache.velocity.runtime.resource.loader.ClasspathResourceLoader
16:03:54.218 [Test worker] DEBUG org.apache.velocity - Velocimacro : added VM includeReportTable: source=/templates/macros/report/reportTable.vm
16:03:54.218 [Test worker] DEBUG org.apache.velocity - ResourceManager : found /templates/macros/report/reportTable.vm with loader org.apache.velocity.runtime.resource.loader.ClasspathResourceLoader
16:03:54.218 [Test worker] DEBUG org.apache.velocity - Velocimacro : added VM includeReportHeader: source=/templates/macros/report/reportHeader.vm
16:03:54.218 [Test worker] DEBUG org.apache.velocity - ResourceManager : found /templates/macros/report/reportHeader.vm with loader org.apache.velocity.runtime.resource.loader.ClasspathResourceLoader
16:03:54.218 [Test worker] DEBUG org.apache.velocity - Velocimacro : added VM includeStatsTable: source=/templates/macros/report/statsTable.vm
16:03:54.218 [Test worker] DEBUG org.apache.velocity - ResourceManager : found /templates/macros/report/statsTable.vm with loader org.apache.velocity.runtime.resource.loader.ClasspathResourceLoader
16:03:54.218 [Test worker] DEBUG org.apache.velocity - Velocimacro : added VM includeBrief: source=/templates/macros/json/brief.vm
16:03:54.218 [Test worker] DEBUG org.apache.velocity - ResourceManager : found /templates/macros/json/brief.vm with loader org.apache.velocity.runtime.resource.loader.ClasspathResourceLoader
16:03:54.218 [Test worker] DEBUG org.apache.velocity - Velocimacro : added VM includeDocString: source=/templates/macros/json/docstring.vm
16:03:54.218 [Test worker] DEBUG org.apache.velocity - ResourceManager : found /templates/macros/json/docstring.vm with loader org.apache.velocity.runtime.resource.loader.ClasspathResourceLoader
16:03:54.218 [Test worker] DEBUG org.apache.velocity - Velocimacro : added VM includeDuration: source=/templates/macros/json/duration.vm
16:03:54.218 [Test worker] DEBUG org.apache.velocity - ResourceManager : found /templates/macros/json/duration.vm with loader org.apache.velocity.runtime.resource.loader.ClasspathResourceLoader
16:03:54.218 [Test worker] DEBUG org.apache.velocity - Velocimacro : added VM includeElement: source=/templates/macros/json/element.vm
16:03:54.218 [Test worker] DEBUG org.apache.velocity - ResourceManager : found /templates/macros/json/element.vm with loader org.apache.velocity.runtime.resource.loader.ClasspathResourceLoader
16:03:54.218 [Test worker] DEBUG org.apache.velocity - Velocimacro : added VM includeEmbeddings: source=/templates/macros/json/embeddings.vm
16:03:54.218 [Test worker] DEBUG org.apache.velocity - Velocimacro : added VM includeHtmlEmbedding: source=/templates/macros/json/embeddings.vm
16:03:54.218 [Test worker] DEBUG org.apache.velocity - Velocimacro : added VM includeImageEmbedding: source=/templates/macros/json/embeddings.vm
16:03:54.218 [Test worker] DEBUG org.apache.velocity - Velocimacro : added VM includeImageReferenceEmbedding: source=/templates/macros/json/embeddings.vm
16:03:54.218 [Test worker] DEBUG org.apache.velocity - Velocimacro : added VM includeTextEmbedding: source=/templates/macros/json/embeddings.vm
16:03:54.218 [Test worker] DEBUG org.apache.velocity - Velocimacro : added VM includeUnknownEmbedding: source=/templates/macros/json/embeddings.vm
16:03:54.218 [Test worker] DEBUG org.apache.velocity - ResourceManager : found /templates/macros/json/embeddings.vm with loader org.apache.velocity.runtime.resource.loader.ClasspathResourceLoader
16:03:54.218 [Test worker] DEBUG org.apache.velocity - Velocimacro : added VM includeHooks: source=/templates/macros/json/hooks.vm
16:03:54.218 [Test worker] DEBUG org.apache.velocity - ResourceManager : found /templates/macros/json/hooks.vm with loader org.apache.velocity.runtime.resource.loader.ClasspathResourceLoader
16:03:54.218 [Test worker] DEBUG org.apache.velocity - Velocimacro : added VM includeOutput: source=/templates/macros/json/output.vm
16:03:54.218 [Test worker] DEBUG org.apache.velocity - ResourceManager : found /templates/macros/json/output.vm with loader org.apache.velocity.runtime.resource.loader.ClasspathResourceLoader
16:03:54.218 [Test worker] DEBUG org.apache.velocity - Velocimacro : added VM includeMessage: source=/templates/macros/json/message.vm
16:03:54.218 [Test worker] DEBUG org.apache.velocity - ResourceManager : found /templates/macros/json/message.vm with loader org.apache.velocity.runtime.resource.loader.ClasspathResourceLoader
16:03:54.218 [Test worker] DEBUG org.apache.velocity - Velocimacro : added VM includeSteps: source=/templates/macros/json/steps.vm
16:03:54.218 [Test worker] DEBUG org.apache.velocity - ResourceManager : found /templates/macros/json/steps.vm with loader org.apache.velocity.runtime.resource.loader.ClasspathResourceLoader
16:03:54.218 [Test worker] DEBUG org.apache.velocity - Velocimacro : added VM includeTags: source=/templates/macros/json/tags.vm
16:03:54.218 [Test worker] DEBUG org.apache.velocity - ResourceManager : found /templates/macros/json/tags.vm with loader org.apache.velocity.runtime.resource.loader.ClasspathResourceLoader
16:03:54.218 [Test worker] DEBUG org.apache.velocity - VM #includeNavigation: too few arguments to macro. Wanted 1 got 0
16:03:54.218 [Test worker] DEBUG org.apache.velocity - Left side ($active_tab) of '==' operation has null value. If it is a reference, it may not be in the context or its toString() returned null. /templates/macros/page/navigation.vm[line 14, column 51]
16:03:54.218 [Test worker] DEBUG org.apache.velocity - Left side ($active_tab) of '==' operation has null value. If it is a reference, it may not be in the context or its toString() returned null. /templates/macros/page/navigation.vm[line 15, column 51]
16:03:54.218 [Test worker] DEBUG org.apache.velocity - Left side ($active_tab) of '==' operation has null value. If it is a reference, it may not be in the context or its toString() returned null. /templates/macros/page/navigation.vm[line 16, column 51]
16:03:54.218 [Test worker] DEBUG org.apache.velocity - Left side ($active_tab) of '==' operation has null value. If it is a reference, it may not be in the context or its toString() returned null. /templates/macros/page/navigation.vm[line 20, column 51]
16:03:54.218 [Test worker] DEBUG org.apache.velocity - VM #includeLead: too few arguments to macro. Wanted 2 got 1
16:03:54.218 [Test worker] DEBUG org.apache.velocity - VM #includeBrief: too few arguments to macro. Wanted 5 got 4
16:03:54.218 [Test worker] DEBUG org.apache.velocity - VM #includeBrief: too few arguments to macro. Wanted 5 got 4
16:03:54.234 [Test worker] DEBUG org.apache.velocity - VM #includeBrief: too few arguments to macro. Wanted 5 got 4
16:03:54.234 [Test worker] DEBUG org.apache.velocity - VM #includeBrief: too few arguments to macro. Wanted 5 got 4
16:03:54.234 [Test worker] DEBUG org.apache.velocity - VM #includeBrief: too few arguments to macro. Wanted 5 got 4
16:03:54.234 [Test worker] DEBUG org.apache.velocity - VM #includeBrief: too few arguments to macro. Wanted 5 got 4
16:03:54.234 [Test worker] DEBUG org.apache.velocity - VM #includeBrief: too few arguments to macro. Wanted 5 got 4
16:03:54.234 [Test worker] DEBUG org.apache.velocity - VM #includeBrief: too few arguments to macro. Wanted 5 got 4
16:03:54.234 [Test worker] DEBUG org.apache.velocity - VM #includeBrief: too few arguments to macro. Wanted 5 got 4
16:03:54.234 [Test worker] DEBUG org.apache.velocity - VM #includeBrief: too few arguments to macro. Wanted 5 got 4
16:03:54.234 [Test worker] DEBUG org.apache.velocity - VM #includeBrief: too few arguments to macro. Wanted 5 got 4
16:03:54.234 [Test worker] DEBUG org.apache.velocity - VM #includeBrief: too few arguments to macro. Wanted 5 got 4
16:03:54.250 [Test worker] DEBUG org.apache.velocity - ResourceManager : found /templates/footer.vm with loader org.apache.velocity.runtime.resource.loader.ClasspathResourceLoader
16:03:54.250 [Test worker] DEBUG org.apache.velocity - ResourceManager : found templates/generators/reportTag.vm with loader org.apache.velocity.runtime.resource.loader.ClasspathResourceLoader
16:03:54.250 [Test worker] DEBUG org.apache.velocity - ResourceManager : found /templates/headers.vm with loader org.apache.velocity.runtime.resource.loader.ClasspathResourceLoader
16:03:54.250 [Test worker] DEBUG org.apache.velocity - ResourceManager : found /templates/head.vm with loader org.apache.velocity.runtime.resource.loader.ClasspathResourceLoader
16:03:54.250 [Test worker] DEBUG org.apache.velocity - Velocimacro : added VM stringArray: source=/templates/macros/array.js.vm
16:03:54.250 [Test worker] DEBUG org.apache.velocity - Velocimacro : added VM numberArray: source=/templates/macros/array.js.vm
16:03:54.250 [Test worker] DEBUG org.apache.velocity - ResourceManager : found /templates/macros/array.js.vm with loader org.apache.velocity.runtime.resource.loader.ClasspathResourceLoader
16:03:54.250 [Test worker] DEBUG org.apache.velocity - Velocimacro : added VM includeBuildInfo: source=/templates/macros/page/buildinfo.vm
16:03:54.250 [Test worker] DEBUG org.apache.velocity - ResourceManager : found /templates/macros/page/buildinfo.vm with loader org.apache.velocity.runtime.resource.loader.ClasspathResourceLoader
16:03:54.250 [Test worker] DEBUG org.apache.velocity - Velocimacro : added VM includeClassifications: source=/templates/macros/page/classifications.vm
16:03:54.250 [Test worker] DEBUG org.apache.velocity - ResourceManager : found /templates/macros/page/classifications.vm with loader org.apache.velocity.runtime.resource.loader.ClasspathResourceLoader
16:03:54.250 [Test worker] DEBUG org.apache.velocity - Velocimacro : added VM includeLead: source=/templates/macros/page/lead.vm
16:03:54.250 [Test worker] DEBUG org.apache.velocity - ResourceManager : found /templates/macros/page/lead.vm with loader org.apache.velocity.runtime.resource.loader.ClasspathResourceLoader
16:03:54.250 [Test worker] DEBUG org.apache.velocity - Velocimacro : added VM includeNavigation: source=/templates/macros/page/navigation.vm
16:03:54.250 [Test worker] DEBUG org.apache.velocity - ResourceManager : found /templates/macros/page/navigation.vm with loader org.apache.velocity.runtime.resource.loader.ClasspathResourceLoader
16:03:54.250 [Test worker] DEBUG org.apache.velocity - Velocimacro : added VM includeReportInfo: source=/templates/macros/page/reportInfo.vm
16:03:54.250 [Test worker] DEBUG org.apache.velocity - ResourceManager : found /templates/macros/page/reportInfo.vm with loader org.apache.velocity.runtime.resource.loader.ClasspathResourceLoader
16:03:54.250 [Test worker] DEBUG org.apache.velocity - Velocimacro : added VM includeTitle: source=/templates/macros/page/title.vm
16:03:54.250 [Test worker] DEBUG org.apache.velocity - ResourceManager : found /templates/macros/page/title.vm with loader org.apache.velocity.runtime.resource.loader.ClasspathResourceLoader
16:03:54.250 [Test worker] DEBUG org.apache.velocity - Velocimacro : added VM includeExpandingButtons: source=/templates/macros/report/expandAllButtons.vm
16:03:54.250 [Test worker] DEBUG org.apache.velocity - ResourceManager : found /templates/macros/report/expandAllButtons.vm with loader org.apache.velocity.runtime.resource.loader.ClasspathResourceLoader
16:03:54.250 [Test worker] DEBUG org.apache.velocity - Velocimacro : added VM includeReportTable: source=/templates/macros/report/reportTable.vm
16:03:54.250 [Test worker] DEBUG org.apache.velocity - ResourceManager : found /templates/macros/report/reportTable.vm with loader org.apache.velocity.runtime.resource.loader.ClasspathResourceLoader
16:03:54.250 [Test worker] DEBUG org.apache.velocity - Velocimacro : added VM includeReportHeader: source=/templates/macros/report/reportHeader.vm
16:03:54.265 [Test worker] DEBUG org.apache.velocity - ResourceManager : found /templates/macros/report/reportHeader.vm with loader org.apache.velocity.runtime.resource.loader.ClasspathResourceLoader
16:03:54.265 [Test worker] DEBUG org.apache.velocity - Velocimacro : added VM includeStatsTable: source=/templates/macros/report/statsTable.vm
16:03:54.265 [Test worker] DEBUG org.apache.velocity - ResourceManager : found /templates/macros/report/statsTable.vm with loader org.apache.velocity.runtime.resource.loader.ClasspathResourceLoader
16:03:54.265 [Test worker] DEBUG org.apache.velocity - Velocimacro : added VM includeBrief: source=/templates/macros/json/brief.vm
16:03:54.265 [Test worker] DEBUG org.apache.velocity - ResourceManager : found /templates/macros/json/brief.vm with loader org.apache.velocity.runtime.resource.loader.ClasspathResourceLoader
16:03:54.265 [Test worker] DEBUG org.apache.velocity - Velocimacro : added VM includeDocString: source=/templates/macros/json/docstring.vm
16:03:54.265 [Test worker] DEBUG org.apache.velocity - ResourceManager : found /templates/macros/json/docstring.vm with loader org.apache.velocity.runtime.resource.loader.ClasspathResourceLoader
16:03:54.265 [Test worker] DEBUG org.apache.velocity - Velocimacro : added VM includeDuration: source=/templates/macros/json/duration.vm
16:03:54.265 [Test worker] DEBUG org.apache.velocity - ResourceManager : found /templates/macros/json/duration.vm with loader org.apache.velocity.runtime.resource.loader.ClasspathResourceLoader
16:03:54.265 [Test worker] DEBUG org.apache.velocity - Velocimacro : added VM includeElement: source=/templates/macros/json/element.vm
16:03:54.265 [Test worker] DEBUG org.apache.velocity - ResourceManager : found /templates/macros/json/element.vm with loader org.apache.velocity.runtime.resource.loader.ClasspathResourceLoader
16:03:54.265 [Test worker] DEBUG org.apache.velocity - Velocimacro : added VM includeEmbeddings: source=/templates/macros/json/embeddings.vm
16:03:54.265 [Test worker] DEBUG org.apache.velocity - Velocimacro : added VM includeHtmlEmbedding: source=/templates/macros/json/embeddings.vm
16:03:54.265 [Test worker] DEBUG org.apache.velocity - Velocimacro : added VM includeImageEmbedding: source=/templates/macros/json/embeddings.vm
16:03:54.265 [Test worker] DEBUG org.apache.velocity - Velocimacro : added VM includeImageReferenceEmbedding: source=/templates/macros/json/embeddings.vm
16:03:54.265 [Test worker] DEBUG org.apache.velocity - Velocimacro : added VM includeTextEmbedding: source=/templates/macros/json/embeddings.vm
16:03:54.265 [Test worker] DEBUG org.apache.velocity - Velocimacro : added VM includeUnknownEmbedding: source=/templates/macros/json/embeddings.vm
16:03:54.265 [Test worker] DEBUG org.apache.velocity - ResourceManager : found /templates/macros/json/embeddings.vm with loader org.apache.velocity.runtime.resource.loader.ClasspathResourceLoader
16:03:54.265 [Test worker] DEBUG org.apache.velocity - Velocimacro : added VM includeHooks: source=/templates/macros/json/hooks.vm
16:03:54.265 [Test worker] DEBUG org.apache.velocity - ResourceManager : found /templates/macros/json/hooks.vm with loader org.apache.velocity.runtime.resource.loader.ClasspathResourceLoader
16:03:54.265 [Test worker] DEBUG org.apache.velocity - Velocimacro : added VM includeOutput: source=/templates/macros/json/output.vm
16:03:54.265 [Test worker] DEBUG org.apache.velocity - ResourceManager : found /templates/macros/json/output.vm with loader org.apache.velocity.runtime.resource.loader.ClasspathResourceLoader
16:03:54.281 [Test worker] DEBUG org.apache.velocity - Velocimacro : added VM includeMessage: source=/templates/macros/json/message.vm
16:03:54.281 [Test worker] DEBUG org.apache.velocity - ResourceManager : found /templates/macros/json/message.vm with loader org.apache.velocity.runtime.resource.loader.ClasspathResourceLoader
16:03:54.281 [Test worker] DEBUG org.apache.velocity - Velocimacro : added VM includeSteps: source=/templates/macros/json/steps.vm
16:03:54.281 [Test worker] DEBUG org.apache.velocity - ResourceManager : found /templates/macros/json/steps.vm with loader org.apache.velocity.runtime.resource.loader.ClasspathResourceLoader
16:03:54.281 [Test worker] DEBUG org.apache.velocity - Velocimacro : added VM includeTags: source=/templates/macros/json/tags.vm
16:03:54.281 [Test worker] DEBUG org.apache.velocity - ResourceManager : found /templates/macros/json/tags.vm with loader org.apache.velocity.runtime.resource.loader.ClasspathResourceLoader
16:03:54.281 [Test worker] DEBUG org.apache.velocity - VM #includeNavigation: too few arguments to macro. Wanted 1 got 0
16:03:54.281 [Test worker] DEBUG org.apache.velocity - Left side ($active_tab) of '==' operation has null value. If it is a reference, it may not be in the context or its toString() returned null. /templates/macros/page/navigation.vm[line 14, column 51]
16:03:54.281 [Test worker] DEBUG org.apache.velocity - Left side ($active_tab) of '==' operation has null value. If it is a reference, it may not be in the context or its toString() returned null. /templates/macros/page/navigation.vm[line 15, column 51]
16:03:54.281 [Test worker] DEBUG org.apache.velocity - Left side ($active_tab) of '==' operation has null value. If it is a reference, it may not be in the context or its toString() returned null. /templates/macros/page/navigation.vm[line 16, column 51]
16:03:54.281 [Test worker] DEBUG org.apache.velocity - Left side ($active_tab) of '==' operation has null value. If it is a reference, it may not be in the context or its toString() returned null. /templates/macros/page/navigation.vm[line 20, column 51]
16:03:54.281 [Test worker] DEBUG org.apache.velocity - VM #includeLead: too few arguments to macro. Wanted 2 got 1
16:03:54.281 [Test worker] DEBUG org.apache.velocity - VM #includeBrief: too few arguments to macro. Wanted 5 got 4
16:03:54.281 [Test worker] DEBUG org.apache.velocity - VM #includeBrief: too few arguments to macro. Wanted 5 got 4
16:03:54.281 [Test worker] DEBUG org.apache.velocity - ResourceManager : found /templates/footer.vm with loader org.apache.velocity.runtime.resource.loader.ClasspathResourceLoader
16:03:54.281 [Test worker] DEBUG org.apache.velocity - ResourceManager : found templates/generators/reportTag.vm with loader org.apache.velocity.runtime.resource.loader.ClasspathResourceLoader
16:03:54.281 [Test worker] DEBUG org.apache.velocity - ResourceManager : found /templates/headers.vm with loader org.apache.velocity.runtime.resource.loader.ClasspathResourceLoader
16:03:54.281 [Test worker] DEBUG org.apache.velocity - ResourceManager : found /templates/head.vm with loader org.apache.velocity.runtime.resource.loader.ClasspathResourceLoader
16:03:54.281 [Test worker] DEBUG org.apache.velocity - Velocimacro : added VM stringArray: source=/templates/macros/array.js.vm
16:03:54.281 [Test worker] DEBUG org.apache.velocity - Velocimacro : added VM numberArray: source=/templates/macros/array.js.vm
16:03:54.281 [Test worker] DEBUG org.apache.velocity - ResourceManager : found /templates/macros/array.js.vm with loader org.apache.velocity.runtime.resource.loader.ClasspathResourceLoader
16:03:54.281 [Test worker] DEBUG org.apache.velocity - Velocimacro : added VM includeBuildInfo: source=/templates/macros/page/buildinfo.vm
16:03:54.281 [Test worker] DEBUG org.apache.velocity - ResourceManager : found /templates/macros/page/buildinfo.vm with loader org.apache.velocity.runtime.resource.loader.ClasspathResourceLoader
16:03:54.281 [Test worker] DEBUG org.apache.velocity - Velocimacro : added VM includeClassifications: source=/templates/macros/page/classifications.vm
16:03:54.281 [Test worker] DEBUG org.apache.velocity - ResourceManager : found /templates/macros/page/classifications.vm with loader org.apache.velocity.runtime.resource.loader.ClasspathResourceLoader
16:03:54.281 [Test worker] DEBUG org.apache.velocity - Velocimacro : added VM includeLead: source=/templates/macros/page/lead.vm
16:03:54.281 [Test worker] DEBUG org.apache.velocity - ResourceManager : found /templates/macros/page/lead.vm with loader org.apache.velocity.runtime.resource.loader.ClasspathResourceLoader
16:03:54.281 [Test worker] DEBUG org.apache.velocity - Velocimacro : added VM includeNavigation: source=/templates/macros/page/navigation.vm
16:03:54.281 [Test worker] DEBUG org.apache.velocity - ResourceManager : found /templates/macros/page/navigation.vm with loader org.apache.velocity.runtime.resource.loader.ClasspathResourceLoader
16:03:54.281 [Test worker] DEBUG org.apache.velocity - Velocimacro : added VM includeReportInfo: source=/templates/macros/page/reportInfo.vm
16:03:54.281 [Test worker] DEBUG org.apache.velocity - ResourceManager : found /templates/macros/page/reportInfo.vm with loader org.apache.velocity.runtime.resource.loader.ClasspathResourceLoader
16:03:54.281 [Test worker] DEBUG org.apache.velocity - Velocimacro : added VM includeTitle: source=/templates/macros/page/title.vm
16:03:54.281 [Test worker] DEBUG org.apache.velocity - ResourceManager : found /templates/macros/page/title.vm with loader org.apache.velocity.runtime.resource.loader.ClasspathResourceLoader
16:03:54.296 [Test worker] DEBUG org.apache.velocity - Velocimacro : added VM includeExpandingButtons: source=/templates/macros/report/expandAllButtons.vm
16:03:54.296 [Test worker] DEBUG org.apache.velocity - ResourceManager : found /templates/macros/report/expandAllButtons.vm with loader org.apache.velocity.runtime.resource.loader.ClasspathResourceLoader
16:03:54.296 [Test worker] DEBUG org.apache.velocity - Velocimacro : added VM includeReportTable: source=/templates/macros/report/reportTable.vm
16:03:54.296 [Test worker] DEBUG org.apache.velocity - ResourceManager : found /templates/macros/report/reportTable.vm with loader org.apache.velocity.runtime.resource.loader.ClasspathResourceLoader
16:03:54.296 [Test worker] DEBUG org.apache.velocity - Velocimacro : added VM includeReportHeader: source=/templates/macros/report/reportHeader.vm
16:03:54.296 [Test worker] DEBUG org.apache.velocity - ResourceManager : found /templates/macros/report/reportHeader.vm with loader org.apache.velocity.runtime.resource.loader.ClasspathResourceLoader
16:03:54.296 [Test worker] DEBUG org.apache.velocity - Velocimacro : added VM includeStatsTable: source=/templates/macros/report/statsTable.vm
16:03:54.296 [Test worker] DEBUG org.apache.velocity - ResourceManager : found /templates/macros/report/statsTable.vm with loader org.apache.velocity.runtime.resource.loader.ClasspathResourceLoader
16:03:54.296 [Test worker] DEBUG org.apache.velocity - Velocimacro : added VM includeBrief: source=/templates/macros/json/brief.vm
16:03:54.296 [Test worker] DEBUG org.apache.velocity - ResourceManager : found /templates/macros/json/brief.vm with loader org.apache.velocity.runtime.resource.loader.ClasspathResourceLoader
16:03:54.296 [Test worker] DEBUG org.apache.velocity - Velocimacro : added VM includeDocString: source=/templates/macros/json/docstring.vm
16:03:54.296 [Test worker] DEBUG org.apache.velocity - ResourceManager : found /templates/macros/json/docstring.vm with loader org.apache.velocity.runtime.resource.loader.ClasspathResourceLoader
16:03:54.296 [Test worker] DEBUG org.apache.velocity - Velocimacro : added VM includeDuration: source=/templates/macros/json/duration.vm
16:03:54.296 [Test worker] DEBUG org.apache.velocity - ResourceManager : found /templates/macros/json/duration.vm with loader org.apache.velocity.runtime.resource.loader.ClasspathResourceLoader
16:03:54.296 [Test worker] DEBUG org.apache.velocity - Velocimacro : added VM includeElement: source=/templates/macros/json/element.vm
16:03:54.296 [Test worker] DEBUG org.apache.velocity - ResourceManager : found /templates/macros/json/element.vm with loader org.apache.velocity.runtime.resource.loader.ClasspathResourceLoader
16:03:54.296 [Test worker] DEBUG org.apache.velocity - Velocimacro : added VM includeEmbeddings: source=/templates/macros/json/embeddings.vm
16:03:54.296 [Test worker] DEBUG org.apache.velocity - Velocimacro : added VM includeHtmlEmbedding: source=/templates/macros/json/embeddings.vm
16:03:54.296 [Test worker] DEBUG org.apache.velocity - Velocimacro : added VM includeImageEmbedding: source=/templates/macros/json/embeddings.vm
16:03:54.296 [Test worker] DEBUG org.apache.velocity - Velocimacro : added VM includeImageReferenceEmbedding: source=/templates/macros/json/embeddings.vm
16:03:54.296 [Test worker] DEBUG org.apache.velocity - Velocimacro : added VM includeTextEmbedding: source=/templates/macros/json/embeddings.vm
16:03:54.296 [Test worker] DEBUG org.apache.velocity - Velocimacro : added VM includeUnknownEmbedding: source=/templates/macros/json/embeddings.vm
16:03:54.296 [Test worker] DEBUG org.apache.velocity - ResourceManager : found /templates/macros/json/embeddings.vm with loader org.apache.velocity.runtime.resource.loader.ClasspathResourceLoader
16:03:54.296 [Test worker] DEBUG org.apache.velocity - Velocimacro : added VM includeHooks: source=/templates/macros/json/hooks.vm
16:03:54.296 [Test worker] DEBUG org.apache.velocity - ResourceManager : found /templates/macros/json/hooks.vm with loader org.apache.velocity.runtime.resource.loader.ClasspathResourceLoader
16:03:54.296 [Test worker] DEBUG org.apache.velocity - Velocimacro : added VM includeOutput: source=/templates/macros/json/output.vm
16:03:54.296 [Test worker] DEBUG org.apache.velocity - ResourceManager : found /templates/macros/json/output.vm with loader org.apache.velocity.runtime.resource.loader.ClasspathResourceLoader
16:03:54.296 [Test worker] DEBUG org.apache.velocity - Velocimacro : added VM includeMessage: source=/templates/macros/json/message.vm
16:03:54.296 [Test worker] DEBUG org.apache.velocity - ResourceManager : found /templates/macros/json/message.vm with loader org.apache.velocity.runtime.resource.loader.ClasspathResourceLoader
16:03:54.296 [Test worker] DEBUG org.apache.velocity - Velocimacro : added VM includeSteps: source=/templates/macros/json/steps.vm
16:03:54.296 [Test worker] DEBUG org.apache.velocity - ResourceManager : found /templates/macros/json/steps.vm with loader org.apache.velocity.runtime.resource.loader.ClasspathResourceLoader
16:03:54.296 [Test worker] DEBUG org.apache.velocity - Velocimacro : added VM includeTags: source=/templates/macros/json/tags.vm
16:03:54.296 [Test worker] DEBUG org.apache.velocity - ResourceManager : found /templates/macros/json/tags.vm with loader org.apache.velocity.runtime.resource.loader.ClasspathResourceLoader
16:03:54.296 [Test worker] DEBUG org.apache.velocity - VM #includeNavigation: too few arguments to macro. Wanted 1 got 0
16:03:54.296 [Test worker] DEBUG org.apache.velocity - Left side ($active_tab) of '==' operation has null value. If it is a reference, it may not be in the context or its toString() returned null. /templates/macros/page/navigation.vm[line 14, column 51]
16:03:54.296 [Test worker] DEBUG org.apache.velocity - Left side ($active_tab) of '==' operation has null value. If it is a reference, it may not be in the context or its toString() returned null. /templates/macros/page/navigation.vm[line 15, column 51]
16:03:54.296 [Test worker] DEBUG org.apache.velocity - Left side ($active_tab) of '==' operation has null value. If it is a reference, it may not be in the context or its toString() returned null. /templates/macros/page/navigation.vm[line 16, column 51]
16:03:54.296 [Test worker] DEBUG org.apache.velocity - Left side ($active_tab) of '==' operation has null value. If it is a reference, it may not be in the context or its toString() returned null. /templates/macros/page/navigation.vm[line 20, column 51]
16:03:54.296 [Test worker] DEBUG org.apache.velocity - VM #includeLead: too few arguments to macro. Wanted 2 got 1
16:03:54.296 [Test worker] DEBUG org.apache.velocity - VM #includeBrief: too few arguments to macro. Wanted 5 got 4
16:03:54.296 [Test worker] DEBUG org.apache.velocity - VM #includeBrief: too few arguments to macro. Wanted 5 got 4
16:03:54.296 [Test worker] DEBUG org.apache.velocity - VM #includeBrief: too few arguments to macro. Wanted 5 got 4
16:03:54.296 [Test worker] DEBUG org.apache.velocity - VM #includeBrief: too few arguments to macro. Wanted 5 got 4
16:03:54.296 [Test worker] DEBUG org.apache.velocity - VM #includeBrief: too few arguments to macro. Wanted 5 got 4
16:03:54.296 [Test worker] DEBUG org.apache.velocity - VM #includeBrief: too few arguments to macro. Wanted 5 got 4
16:03:54.296 [Test worker] DEBUG org.apache.velocity - ResourceManager : found /templates/footer.vm with loader org.apache.velocity.runtime.resource.loader.ClasspathResourceLoader
16:03:54.296 [Test worker] DEBUG org.apache.velocity - ResourceManager : found templates/generators/reportTag.vm with loader org.apache.velocity.runtime.resource.loader.ClasspathResourceLoader
16:03:54.296 [Test worker] DEBUG org.apache.velocity - ResourceManager : found /templates/headers.vm with loader org.apache.velocity.runtime.resource.loader.ClasspathResourceLoader
16:03:54.296 [Test worker] DEBUG org.apache.velocity - ResourceManager : found /templates/head.vm with loader org.apache.velocity.runtime.resource.loader.ClasspathResourceLoader
16:03:54.296 [Test worker] DEBUG org.apache.velocity - Velocimacro : added VM stringArray: source=/templates/macros/array.js.vm
16:03:54.296 [Test worker] DEBUG org.apache.velocity - Velocimacro : added VM numberArray: source=/templates/macros/array.js.vm
16:03:54.296 [Test worker] DEBUG org.apache.velocity - ResourceManager : found /templates/macros/array.js.vm with loader org.apache.velocity.runtime.resource.loader.ClasspathResourceLoader
16:03:54.296 [Test worker] DEBUG org.apache.velocity - Velocimacro : added VM includeBuildInfo: source=/templates/macros/page/buildinfo.vm
16:03:54.296 [Test worker] DEBUG org.apache.velocity - ResourceManager : found /templates/macros/page/buildinfo.vm with loader org.apache.velocity.runtime.resource.loader.ClasspathResourceLoader
16:03:54.296 [Test worker] DEBUG org.apache.velocity - Velocimacro : added VM includeClassifications: source=/templates/macros/page/classifications.vm
16:03:54.296 [Test worker] DEBUG org.apache.velocity - ResourceManager : found /templates/macros/page/classifications.vm with loader org.apache.velocity.runtime.resource.loader.ClasspathResourceLoader
16:03:54.312 [Test worker] DEBUG org.apache.velocity - Velocimacro : added VM includeLead: source=/templates/macros/page/lead.vm
16:03:54.312 [Test worker] DEBUG org.apache.velocity - ResourceManager : found /templates/macros/page/lead.vm with loader org.apache.velocity.runtime.resource.loader.ClasspathResourceLoader
16:03:54.312 [Test worker] DEBUG org.apache.velocity - Velocimacro : added VM includeNavigation: source=/templates/macros/page/navigation.vm
16:03:54.312 [Test worker] DEBUG org.apache.velocity - ResourceManager : found /templates/macros/page/navigation.vm with loader org.apache.velocity.runtime.resource.loader.ClasspathResourceLoader
16:03:54.312 [Test worker] DEBUG org.apache.velocity - Velocimacro : added VM includeReportInfo: source=/templates/macros/page/reportInfo.vm
16:03:54.312 [Test worker] DEBUG org.apache.velocity - ResourceManager : found /templates/macros/page/reportInfo.vm with loader org.apache.velocity.runtime.resource.loader.ClasspathResourceLoader
16:03:54.312 [Test worker] DEBUG org.apache.velocity - Velocimacro : added VM includeTitle: source=/templates/macros/page/title.vm
16:03:54.312 [Test worker] DEBUG org.apache.velocity - ResourceManager : found /templates/macros/page/title.vm with loader org.apache.velocity.runtime.resource.loader.ClasspathResourceLoader
16:03:54.312 [Test worker] DEBUG org.apache.velocity - Velocimacro : added VM includeExpandingButtons: source=/templates/macros/report/expandAllButtons.vm
16:03:54.312 [Test worker] DEBUG org.apache.velocity - ResourceManager : found /templates/macros/report/expandAllButtons.vm with loader org.apache.velocity.runtime.resource.loader.ClasspathResourceLoader
16:03:54.312 [Test worker] DEBUG org.apache.velocity - Velocimacro : added VM includeReportTable: source=/templates/macros/report/reportTable.vm
16:03:54.312 [Test worker] DEBUG org.apache.velocity - ResourceManager : found /templates/macros/report/reportTable.vm with loader org.apache.velocity.runtime.resource.loader.ClasspathResourceLoader
16:03:54.312 [Test worker] DEBUG org.apache.velocity - Velocimacro : added VM includeReportHeader: source=/templates/macros/report/reportHeader.vm
16:03:54.312 [Test worker] DEBUG org.apache.velocity - ResourceManager : found /templates/macros/report/reportHeader.vm with loader org.apache.velocity.runtime.resource.loader.ClasspathResourceLoader
16:03:54.312 [Test worker] DEBUG org.apache.velocity - Velocimacro : added VM includeStatsTable: source=/templates/macros/report/statsTable.vm
16:03:54.312 [Test worker] DEBUG org.apache.velocity - ResourceManager : found /templates/macros/report/statsTable.vm with loader org.apache.velocity.runtime.resource.loader.ClasspathResourceLoader
16:03:54.312 [Test worker] DEBUG org.apache.velocity - Velocimacro : added VM includeBrief: source=/templates/macros/json/brief.vm
16:03:54.312 [Test worker] DEBUG org.apache.velocity - ResourceManager : found /templates/macros/json/brief.vm with loader org.apache.velocity.runtime.resource.loader.ClasspathResourceLoader
16:03:54.312 [Test worker] DEBUG org.apache.velocity - Velocimacro : added VM includeDocString: source=/templates/macros/json/docstring.vm
16:03:54.312 [Test worker] DEBUG org.apache.velocity - ResourceManager : found /templates/macros/json/docstring.vm with loader org.apache.velocity.runtime.resource.loader.ClasspathResourceLoader
16:03:54.312 [Test worker] DEBUG org.apache.velocity - Velocimacro : added VM includeDuration: source=/templates/macros/json/duration.vm
16:03:54.312 [Test worker] DEBUG org.apache.velocity - ResourceManager : found /templates/macros/json/duration.vm with loader org.apache.velocity.runtime.resource.loader.ClasspathResourceLoader
16:03:54.312 [Test worker] DEBUG org.apache.velocity - Velocimacro : added VM includeElement: source=/templates/macros/json/element.vm
16:03:54.312 [Test worker] DEBUG org.apache.velocity - ResourceManager : found /templates/macros/json/element.vm with loader org.apache.velocity.runtime.resource.loader.ClasspathResourceLoader
16:03:54.312 [Test worker] DEBUG org.apache.velocity - Velocimacro : added VM includeEmbeddings: source=/templates/macros/json/embeddings.vm
16:03:54.312 [Test worker] DEBUG org.apache.velocity - Velocimacro : added VM includeHtmlEmbedding: source=/templates/macros/json/embeddings.vm
16:03:54.312 [Test worker] DEBUG org.apache.velocity - Velocimacro : added VM includeImageEmbedding: source=/templates/macros/json/embeddings.vm
16:03:54.312 [Test worker] DEBUG org.apache.velocity - Velocimacro : added VM includeImageReferenceEmbedding: source=/templates/macros/json/embeddings.vm
16:03:54.312 [Test worker] DEBUG org.apache.velocity - Velocimacro : added VM includeTextEmbedding: source=/templates/macros/json/embeddings.vm
16:03:54.312 [Test worker] DEBUG org.apache.velocity - Velocimacro : added VM includeUnknownEmbedding: source=/templates/macros/json/embeddings.vm
16:03:54.312 [Test worker] DEBUG org.apache.velocity - ResourceManager : found /templates/macros/json/embeddings.vm with loader org.apache.velocity.runtime.resource.loader.ClasspathResourceLoader
16:03:54.312 [Test worker] DEBUG org.apache.velocity - Velocimacro : added VM includeHooks: source=/templates/macros/json/hooks.vm
16:03:54.312 [Test worker] DEBUG org.apache.velocity - ResourceManager : found /templates/macros/json/hooks.vm with loader org.apache.velocity.runtime.resource.loader.ClasspathResourceLoader
16:03:54.312 [Test worker] DEBUG org.apache.velocity - Velocimacro : added VM includeOutput: source=/templates/macros/json/output.vm
16:03:54.312 [Test worker] DEBUG org.apache.velocity - ResourceManager : found /templates/macros/json/output.vm with loader org.apache.velocity.runtime.resource.loader.ClasspathResourceLoader
16:03:54.312 [Test worker] DEBUG org.apache.velocity - Velocimacro : added VM includeMessage: source=/templates/macros/json/message.vm
16:03:54.312 [Test worker] DEBUG org.apache.velocity - ResourceManager : found /templates/macros/json/message.vm with loader org.apache.velocity.runtime.resource.loader.ClasspathResourceLoader
16:03:54.312 [Test worker] DEBUG org.apache.velocity - Velocimacro : added VM includeSteps: source=/templates/macros/json/steps.vm
16:03:54.312 [Test worker] DEBUG org.apache.velocity - ResourceManager : found /templates/macros/json/steps.vm with loader org.apache.velocity.runtime.resource.loader.ClasspathResourceLoader
16:03:54.312 [Test worker] DEBUG org.apache.velocity - Velocimacro : added VM includeTags: source=/templates/macros/json/tags.vm
16:03:54.312 [Test worker] DEBUG org.apache.velocity - ResourceManager : found /templates/macros/json/tags.vm with loader org.apache.velocity.runtime.resource.loader.ClasspathResourceLoader
16:03:54.312 [Test worker] DEBUG org.apache.velocity - VM #includeNavigation: too few arguments to macro. Wanted 1 got 0
16:03:54.312 [Test worker] DEBUG org.apache.velocity - Left side ($active_tab) of '==' operation has null value. If it is a reference, it may not be in the context or its toString() returned null. /templates/macros/page/navigation.vm[line 14, column 51]
16:03:54.312 [Test worker] DEBUG org.apache.velocity - Left side ($active_tab) of '==' operation has null value. If it is a reference, it may not be in the context or its toString() returned null. /templates/macros/page/navigation.vm[line 15, column 51]
16:03:54.312 [Test worker] DEBUG org.apache.velocity - Left side ($active_tab) of '==' operation has null value. If it is a reference, it may not be in the context or its toString() returned null. /templates/macros/page/navigation.vm[line 16, column 51]
16:03:54.312 [Test worker] DEBUG org.apache.velocity - Left side ($active_tab) of '==' operation has null value. If it is a reference, it may not be in the context or its toString() returned null. /templates/macros/page/navigation.vm[line 20, column 51]
16:03:54.312 [Test worker] DEBUG org.apache.velocity - VM #includeLead: too few arguments to macro. Wanted 2 got 1
16:03:54.312 [Test worker] DEBUG org.apache.velocity - VM #includeBrief: too few arguments to macro. Wanted 5 got 4
16:03:54.312 [Test worker] DEBUG org.apache.velocity - VM #includeBrief: too few arguments to macro. Wanted 5 got 4
16:03:54.312 [Test worker] DEBUG org.apache.velocity - ResourceManager : found /templates/footer.vm with loader org.apache.velocity.runtime.resource.loader.ClasspathResourceLoader
16:03:54.312 [Test worker] DEBUG org.apache.velocity - ResourceManager : found templates/generators/overviewSteps.vm with loader org.apache.velocity.runtime.resource.loader.ClasspathResourceLoader
16:03:54.312 [Test worker] DEBUG org.apache.velocity - ResourceManager : found /templates/headers.vm with loader org.apache.velocity.runtime.resource.loader.ClasspathResourceLoader
16:03:54.312 [Test worker] DEBUG org.apache.velocity - ResourceManager : found /templates/head.vm with loader org.apache.velocity.runtime.resource.loader.ClasspathResourceLoader
16:03:54.312 [Test worker] DEBUG org.apache.velocity - Velocimacro : added VM stringArray: source=/templates/macros/array.js.vm
16:03:54.312 [Test worker] DEBUG org.apache.velocity - Velocimacro : added VM numberArray: source=/templates/macros/array.js.vm
16:03:54.312 [Test worker] DEBUG org.apache.velocity - ResourceManager : found /templates/macros/array.js.vm with loader org.apache.velocity.runtime.resource.loader.ClasspathResourceLoader
16:03:54.312 [Test worker] DEBUG org.apache.velocity - Velocimacro : added VM includeBuildInfo: source=/templates/macros/page/buildinfo.vm
16:03:54.312 [Test worker] DEBUG org.apache.velocity - ResourceManager : found /templates/macros/page/buildinfo.vm with loader org.apache.velocity.runtime.resource.loader.ClasspathResourceLoader
16:03:54.312 [Test worker] DEBUG org.apache.velocity - Velocimacro : added VM includeClassifications: source=/templates/macros/page/classifications.vm
16:03:54.312 [Test worker] DEBUG org.apache.velocity - ResourceManager : found /templates/macros/page/classifications.vm with loader org.apache.velocity.runtime.resource.loader.ClasspathResourceLoader
16:03:54.312 [Test worker] DEBUG org.apache.velocity - Velocimacro : added VM includeLead: source=/templates/macros/page/lead.vm
16:03:54.312 [Test worker] DEBUG org.apache.velocity - ResourceManager : found /templates/macros/page/lead.vm with loader org.apache.velocity.runtime.resource.loader.ClasspathResourceLoader
16:03:54.312 [Test worker] DEBUG org.apache.velocity - Velocimacro : added VM includeNavigation: source=/templates/macros/page/navigation.vm
16:03:54.312 [Test worker] DEBUG org.apache.velocity - ResourceManager : found /templates/macros/page/navigation.vm with loader org.apache.velocity.runtime.resource.loader.ClasspathResourceLoader
16:03:54.312 [Test worker] DEBUG org.apache.velocity - Velocimacro : added VM includeReportInfo: source=/templates/macros/page/reportInfo.vm
16:03:54.312 [Test worker] DEBUG org.apache.velocity - ResourceManager : found /templates/macros/page/reportInfo.vm with loader org.apache.velocity.runtime.resource.loader.ClasspathResourceLoader
16:03:54.312 [Test worker] DEBUG org.apache.velocity - Velocimacro : added VM includeTitle: source=/templates/macros/page/title.vm
16:03:54.312 [Test worker] DEBUG org.apache.velocity - ResourceManager : found /templates/macros/page/title.vm with loader org.apache.velocity.runtime.resource.loader.ClasspathResourceLoader
16:03:54.328 [Test worker] DEBUG org.apache.velocity - Velocimacro : added VM includeExpandingButtons: source=/templates/macros/report/expandAllButtons.vm
16:03:54.328 [Test worker] DEBUG org.apache.velocity - ResourceManager : found /templates/macros/report/expandAllButtons.vm with loader org.apache.velocity.runtime.resource.loader.ClasspathResourceLoader
16:03:54.328 [Test worker] DEBUG org.apache.velocity - Velocimacro : added VM includeReportTable: source=/templates/macros/report/reportTable.vm
16:03:54.328 [Test worker] DEBUG org.apache.velocity - ResourceManager : found /templates/macros/report/reportTable.vm with loader org.apache.velocity.runtime.resource.loader.ClasspathResourceLoader
16:03:54.328 [Test worker] DEBUG org.apache.velocity - Velocimacro : added VM includeReportHeader: source=/templates/macros/report/reportHeader.vm
16:03:54.328 [Test worker] DEBUG org.apache.velocity - ResourceManager : found /templates/macros/report/reportHeader.vm with loader org.apache.velocity.runtime.resource.loader.ClasspathResourceLoader
16:03:54.328 [Test worker] DEBUG org.apache.velocity - Velocimacro : added VM includeStatsTable: source=/templates/macros/report/statsTable.vm
16:03:54.328 [Test worker] DEBUG org.apache.velocity - ResourceManager : found /templates/macros/report/statsTable.vm with loader org.apache.velocity.runtime.resource.loader.ClasspathResourceLoader
16:03:54.328 [Test worker] DEBUG org.apache.velocity - Velocimacro : added VM includeBrief: source=/templates/macros/json/brief.vm
16:03:54.328 [Test worker] DEBUG org.apache.velocity - ResourceManager : found /templates/macros/json/brief.vm with loader org.apache.velocity.runtime.resource.loader.ClasspathResourceLoader
16:03:54.328 [Test worker] DEBUG org.apache.velocity - Velocimacro : added VM includeDocString: source=/templates/macros/json/docstring.vm
16:03:54.328 [Test worker] DEBUG org.apache.velocity - ResourceManager : found /templates/macros/json/docstring.vm with loader org.apache.velocity.runtime.resource.loader.ClasspathResourceLoader
16:03:54.328 [Test worker] DEBUG org.apache.velocity - Velocimacro : added VM includeDuration: source=/templates/macros/json/duration.vm
16:03:54.328 [Test worker] DEBUG org.apache.velocity - ResourceManager : found /templates/macros/json/duration.vm with loader org.apache.velocity.runtime.resource.loader.ClasspathResourceLoader
16:03:54.328 [Test worker] DEBUG org.apache.velocity - Velocimacro : added VM includeElement: source=/templates/macros/json/element.vm
16:03:54.328 [Test worker] DEBUG org.apache.velocity - ResourceManager : found /templates/macros/json/element.vm with loader org.apache.velocity.runtime.resource.loader.ClasspathResourceLoader
16:03:54.328 [Test worker] DEBUG org.apache.velocity - Velocimacro : added VM includeEmbeddings: source=/templates/macros/json/embeddings.vm
16:03:54.328 [Test worker] DEBUG org.apache.velocity - Velocimacro : added VM includeHtmlEmbedding: source=/templates/macros/json/embeddings.vm
16:03:54.328 [Test worker] DEBUG org.apache.velocity - Velocimacro : added VM includeImageEmbedding: source=/templates/macros/json/embeddings.vm
16:03:54.328 [Test worker] DEBUG org.apache.velocity - Velocimacro : added VM includeImageReferenceEmbedding: source=/templates/macros/json/embeddings.vm
16:03:54.328 [Test worker] DEBUG org.apache.velocity - Velocimacro : added VM includeTextEmbedding: source=/templates/macros/json/embeddings.vm
16:03:54.328 [Test worker] DEBUG org.apache.velocity - Velocimacro : added VM includeUnknownEmbedding: source=/templates/macros/json/embeddings.vm
16:03:54.328 [Test worker] DEBUG org.apache.velocity - ResourceManager : found /templates/macros/json/embeddings.vm with loader org.apache.velocity.runtime.resource.loader.ClasspathResourceLoader
16:03:54.328 [Test worker] DEBUG org.apache.velocity - Velocimacro : added VM includeHooks: source=/templates/macros/json/hooks.vm
16:03:54.328 [Test worker] DEBUG org.apache.velocity - ResourceManager : found /templates/macros/json/hooks.vm with loader org.apache.velocity.runtime.resource.loader.ClasspathResourceLoader
16:03:54.328 [Test worker] DEBUG org.apache.velocity - Velocimacro : added VM includeOutput: source=/templates/macros/json/output.vm
16:03:54.328 [Test worker] DEBUG org.apache.velocity - ResourceManager : found /templates/macros/json/output.vm with loader org.apache.velocity.runtime.resource.loader.ClasspathResourceLoader
16:03:54.328 [Test worker] DEBUG org.apache.velocity - Velocimacro : added VM includeMessage: source=/templates/macros/json/message.vm
16:03:54.328 [Test worker] DEBUG org.apache.velocity - ResourceManager : found /templates/macros/json/message.vm with loader org.apache.velocity.runtime.resource.loader.ClasspathResourceLoader
16:03:54.328 [Test worker] DEBUG org.apache.velocity - Velocimacro : added VM includeSteps: source=/templates/macros/json/steps.vm
16:03:54.328 [Test worker] DEBUG org.apache.velocity - ResourceManager : found /templates/macros/json/steps.vm with loader org.apache.velocity.runtime.resource.loader.ClasspathResourceLoader
16:03:54.328 [Test worker] DEBUG org.apache.velocity - Velocimacro : added VM includeTags: source=/templates/macros/json/tags.vm
16:03:54.328 [Test worker] DEBUG org.apache.velocity - ResourceManager : found /templates/macros/json/tags.vm with loader org.apache.velocity.runtime.resource.loader.ClasspathResourceLoader
16:03:54.328 [Test worker] DEBUG org.apache.velocity - ResourceManager : found /templates/footer.vm with loader org.apache.velocity.runtime.resource.loader.ClasspathResourceLoader
16:03:54.328 [Test worker] DEBUG org.apache.velocity - ResourceManager : found templates/generators/overviewFailures.vm with loader org.apache.velocity.runtime.resource.loader.ClasspathResourceLoader
16:03:54.328 [Test worker] DEBUG org.apache.velocity - ResourceManager : found /templates/headers.vm with loader org.apache.velocity.runtime.resource.loader.ClasspathResourceLoader
16:03:54.328 [Test worker] DEBUG org.apache.velocity - ResourceManager : found /templates/head.vm with loader org.apache.velocity.runtime.resource.loader.ClasspathResourceLoader
16:03:54.328 [Test worker] DEBUG org.apache.velocity - Velocimacro : added VM stringArray: source=/templates/macros/array.js.vm
16:03:54.328 [Test worker] DEBUG org.apache.velocity - Velocimacro : added VM numberArray: source=/templates/macros/array.js.vm
16:03:54.328 [Test worker] DEBUG org.apache.velocity - ResourceManager : found /templates/macros/array.js.vm with loader org.apache.velocity.runtime.resource.loader.ClasspathResourceLoader
16:03:54.328 [Test worker] DEBUG org.apache.velocity - Velocimacro : added VM includeBuildInfo: source=/templates/macros/page/buildinfo.vm
16:03:54.328 [Test worker] DEBUG org.apache.velocity - ResourceManager : found /templates/macros/page/buildinfo.vm with loader org.apache.velocity.runtime.resource.loader.ClasspathResourceLoader
16:03:54.328 [Test worker] DEBUG org.apache.velocity - Velocimacro : added VM includeClassifications: source=/templates/macros/page/classifications.vm
16:03:54.328 [Test worker] DEBUG org.apache.velocity - ResourceManager : found /templates/macros/page/classifications.vm with loader org.apache.velocity.runtime.resource.loader.ClasspathResourceLoader
16:03:54.328 [Test worker] DEBUG org.apache.velocity - Velocimacro : added VM includeLead: source=/templates/macros/page/lead.vm
16:03:54.328 [Test worker] DEBUG org.apache.velocity - ResourceManager : found /templates/macros/page/lead.vm with loader org.apache.velocity.runtime.resource.loader.ClasspathResourceLoader
16:03:54.328 [Test worker] DEBUG org.apache.velocity - Velocimacro : added VM includeNavigation: source=/templates/macros/page/navigation.vm
16:03:54.328 [Test worker] DEBUG org.apache.velocity - ResourceManager : found /templates/macros/page/navigation.vm with loader org.apache.velocity.runtime.resource.loader.ClasspathResourceLoader
16:03:54.328 [Test worker] DEBUG org.apache.velocity - Velocimacro : added VM includeReportInfo: source=/templates/macros/page/reportInfo.vm
16:03:54.328 [Test worker] DEBUG org.apache.velocity - ResourceManager : found /templates/macros/page/reportInfo.vm with loader org.apache.velocity.runtime.resource.loader.ClasspathResourceLoader
16:03:54.328 [Test worker] DEBUG org.apache.velocity - Velocimacro : added VM includeTitle: source=/templates/macros/page/title.vm
16:03:54.328 [Test worker] DEBUG org.apache.velocity - ResourceManager : found /templates/macros/page/title.vm with loader org.apache.velocity.runtime.resource.loader.ClasspathResourceLoader
16:03:54.328 [Test worker] DEBUG org.apache.velocity - Velocimacro : added VM includeExpandingButtons: source=/templates/macros/report/expandAllButtons.vm
16:03:54.328 [Test worker] DEBUG org.apache.velocity - ResourceManager : found /templates/macros/report/expandAllButtons.vm with loader org.apache.velocity.runtime.resource.loader.ClasspathResourceLoader
16:03:54.328 [Test worker] DEBUG org.apache.velocity - Velocimacro : added VM includeReportTable: source=/templates/macros/report/reportTable.vm
16:03:54.328 [Test worker] DEBUG org.apache.velocity - ResourceManager : found /templates/macros/report/reportTable.vm with loader org.apache.velocity.runtime.resource.loader.ClasspathResourceLoader
16:03:54.328 [Test worker] DEBUG org.apache.velocity - Velocimacro : added VM includeReportHeader: source=/templates/macros/report/reportHeader.vm
16:03:54.328 [Test worker] DEBUG org.apache.velocity - ResourceManager : found /templates/macros/report/reportHeader.vm with loader org.apache.velocity.runtime.resource.loader.ClasspathResourceLoader
16:03:54.328 [Test worker] DEBUG org.apache.velocity - Velocimacro : added VM includeStatsTable: source=/templates/macros/report/statsTable.vm
16:03:54.328 [Test worker] DEBUG org.apache.velocity - ResourceManager : found /templates/macros/report/statsTable.vm with loader org.apache.velocity.runtime.resource.loader.ClasspathResourceLoader
16:03:54.343 [Test worker] DEBUG org.apache.velocity - Velocimacro : added VM includeBrief: source=/templates/macros/json/brief.vm
16:03:54.343 [Test worker] DEBUG org.apache.velocity - ResourceManager : found /templates/macros/json/brief.vm with loader org.apache.velocity.runtime.resource.loader.ClasspathResourceLoader
16:03:54.343 [Test worker] DEBUG org.apache.velocity - Velocimacro : added VM includeDocString: source=/templates/macros/json/docstring.vm
16:03:54.343 [Test worker] DEBUG org.apache.velocity - ResourceManager : found /templates/macros/json/docstring.vm with loader org.apache.velocity.runtime.resource.loader.ClasspathResourceLoader
16:03:54.343 [Test worker] DEBUG org.apache.velocity - Velocimacro : added VM includeDuration: source=/templates/macros/json/duration.vm
16:03:54.343 [Test worker] DEBUG org.apache.velocity - ResourceManager : found /templates/macros/json/duration.vm with loader org.apache.velocity.runtime.resource.loader.ClasspathResourceLoader
16:03:54.343 [Test worker] DEBUG org.apache.velocity - Velocimacro : added VM includeElement: source=/templates/macros/json/element.vm
16:03:54.343 [Test worker] DEBUG org.apache.velocity - ResourceManager : found /templates/macros/json/element.vm with loader org.apache.velocity.runtime.resource.loader.ClasspathResourceLoader
16:03:54.343 [Test worker] DEBUG org.apache.velocity - Velocimacro : added VM includeEmbeddings: source=/templates/macros/json/embeddings.vm
16:03:54.343 [Test worker] DEBUG org.apache.velocity - Velocimacro : added VM includeHtmlEmbedding: source=/templates/macros/json/embeddings.vm
16:03:54.343 [Test worker] DEBUG org.apache.velocity - Velocimacro : added VM includeImageEmbedding: source=/templates/macros/json/embeddings.vm
16:03:54.343 [Test worker] DEBUG org.apache.velocity - Velocimacro : added VM includeImageReferenceEmbedding: source=/templates/macros/json/embeddings.vm
16:03:54.343 [Test worker] DEBUG org.apache.velocity - Velocimacro : added VM includeTextEmbedding: source=/templates/macros/json/embeddings.vm
16:03:54.343 [Test worker] DEBUG org.apache.velocity - Velocimacro : added VM includeUnknownEmbedding: source=/templates/macros/json/embeddings.vm
16:03:54.343 [Test worker] DEBUG org.apache.velocity - ResourceManager : found /templates/macros/json/embeddings.vm with loader org.apache.velocity.runtime.resource.loader.ClasspathResourceLoader
16:03:54.343 [Test worker] DEBUG org.apache.velocity - Velocimacro : added VM includeHooks: source=/templates/macros/json/hooks.vm
16:03:54.343 [Test worker] DEBUG org.apache.velocity - ResourceManager : found /templates/macros/json/hooks.vm with loader org.apache.velocity.runtime.resource.loader.ClasspathResourceLoader
16:03:54.343 [Test worker] DEBUG org.apache.velocity - Velocimacro : added VM includeOutput: source=/templates/macros/json/output.vm
16:03:54.343 [Test worker] DEBUG org.apache.velocity - ResourceManager : found /templates/macros/json/output.vm with loader org.apache.velocity.runtime.resource.loader.ClasspathResourceLoader
16:03:54.343 [Test worker] DEBUG org.apache.velocity - Velocimacro : added VM includeMessage: source=/templates/macros/json/message.vm
16:03:54.343 [Test worker] DEBUG org.apache.velocity - ResourceManager : found /templates/macros/json/message.vm with loader org.apache.velocity.runtime.resource.loader.ClasspathResourceLoader
16:03:54.343 [Test worker] DEBUG org.apache.velocity - Velocimacro : added VM includeSteps: source=/templates/macros/json/steps.vm
16:03:54.343 [Test worker] DEBUG org.apache.velocity - ResourceManager : found /templates/macros/json/steps.vm with loader org.apache.velocity.runtime.resource.loader.ClasspathResourceLoader
16:03:54.343 [Test worker] DEBUG org.apache.velocity - Velocimacro : added VM includeTags: source=/templates/macros/json/tags.vm
16:03:54.343 [Test worker] DEBUG org.apache.velocity - ResourceManager : found /templates/macros/json/tags.vm with loader org.apache.velocity.runtime.resource.loader.ClasspathResourceLoader
16:03:54.343 [Test worker] DEBUG org.apache.velocity - VM #includeBrief: too few arguments to macro. Wanted 5 got 4
16:03:54.343 [Test worker] DEBUG org.apache.velocity - VM #includeBrief: too few arguments to macro. Wanted 5 got 4
16:03:54.343 [Test worker] DEBUG org.apache.velocity - VM #includeBrief: too few arguments to macro. Wanted 5 got 4
16:03:54.343 [Test worker] DEBUG org.apache.velocity - VM #includeBrief: too few arguments to macro. Wanted 5 got 4
16:03:54.343 [Test worker] DEBUG org.apache.velocity - VM #includeBrief: too few arguments to macro. Wanted 5 got 4
16:03:54.343 [Test worker] DEBUG org.apache.velocity - VM #includeBrief: too few arguments to macro. Wanted 5 got 4
16:03:54.343 [Test worker] DEBUG org.apache.velocity - VM #includeBrief: too few arguments to macro. Wanted 5 got 4
16:03:54.343 [Test worker] DEBUG org.apache.velocity - VM #includeBrief: too few arguments to macro. Wanted 5 got 4
16:03:54.343 [Test worker] DEBUG org.apache.velocity - VM #includeBrief: too few arguments to macro. Wanted 5 got 4
16:03:54.343 [Test worker] DEBUG org.apache.velocity - VM #includeBrief: too few arguments to macro. Wanted 5 got 4
16:03:54.359 [Test worker] DEBUG org.apache.velocity - ResourceManager : found /templates/footer.vm with loader org.apache.velocity.runtime.resource.loader.ClasspathResourceLoader
]]></system-out>
  <system-err><![CDATA[[Fatal Error] :4:74: Attribute name "data-pagespeed-no-defer" associated with an element type "script" must be followed by the ' = ' character.
[Fatal Error] :4:74: Attribute name "data-pagespeed-no-defer" associated with an element type "script" must be followed by the ' = ' character.
ERROR StatusLogger No log4j2 configuration file found. Using default configuration: logging only errors to the console.
]]></system-err>
</testsuite>
